723
9629 17
76914 33547 63036 87028 69054 51633 13258 29531 18160 50041 56195 88717 60819 1721 30591 37812 8705 
1420 16
76512 26410 18028 72371 28783 88102 74425 89894 11526 24206 24401 46426 39276 82035 1597 84686 
6899 12
95073 51050 94621 10095 83721 85338 7382 66671 56318 85529 36977 66595 
1037 16
91667 36246 59078 46511 43317 11076 89697 59650 90410 17608 67113 97148 90382 23309 61415 86998 
2316 16
66413 17859 70233 57368 11329 86564 72006 65992 85623 80495 31389 12222 37282 79380 47355 4131 
5889 15
52847 67023 24905 60145 46453 50516 53887 41564 25503 53753 52052 196 92496 21957 56880 
3852 16
77060 38591 83839 58777 48069 187 72242 77869 53683 15380 60599 40172 78232 30191 74830 9965 
3979 15
23630 94197 93216 10049 26728 20470 45508 530 96016 64361 92409 9043 74542 60135 12753 
868 18
24532 71352 20414 52243 47902 44131 17941 98580 50525 50252 89428 42156 55200 38056 4267 19436 48775 4022 
2837 13
35309 91512 94003 67662 93926 70238 60348 50938 43769 50798 57761 99704 42141 
3788 18
20309 54384 94356 98751 89413 67305 54710 91594 18810 99265 20704 45294 89924 4613 26619 94641 79613 35027 
1268 17
47798 98037 46618 17914 42468 30239 12045 85192 73816 97669 17540 21854 6648 2779 5787 37784 68325 
4286 17
73082 66223 8873 36066 24471 98587 97766 59139 68748 39682 25702 74607 37881 30247 19737 36134 94078 
349 17
83215 64201 92378 45706 10212 55168 56492 71808 87536 18167 97265 39545 93253 59352 73350 99807 34171 
8330 16
75340 35579 80067 19806 17885 30160 55804 35551 48779 27438 58250 62001 45963 59117 91846 86200 
8677 17
59762 61954 69066 36527 63444 84362 27075 87787 86212 5765 75934 11813 57476 65537 70719 55736 54100 
6464 17
78557 73781 58880 71231 73743 49221 42483 37271 70117 7568 66338 51166 88610 42093 7421 8972 19163 
4646 19
64540 30050 57217 74853 8376 78733 87555 47445 36223 73883 61007 99991 61592 21572 89107 37218 89958 94651 52237 
6377 16
59581 9703 5993 51511 8518 38727 27763 67396 27433 79352 9806 87756 53190 56798 19430 66152 
6314 18
69453 93868 85291 94703 6555 90467 11219 75 89015 59288 51302 80367 83103 54430 55216 24415 28450 62765 
8982 16
59681 66278 22153 5325 61247 20310 47826 76643 64244 86490 87726 39197 79323 80064 89082 60915 
1881 17
16636 94354 83172 75419 83101 16820 47256 96438 34215 9162 64080 78926 47075 4079 82864 80149 78220 
5847 11
64299 22096 72568 9141 22601 17810 42790 75122 21172 7677 13962 
458 15
48823 30142 15900 31129 56783 52949 43977 80536 16259 11323 50016 28423 128 45076 62355 
5558 17
81428 23092 84504 85980 52752 80896 57283 98107 43492 55631 73892 25135 79856 489 13453 69716 8906 
9314 18
54327 65037 54400 44861 63971 57195 50171 61394 73912 82974 80693 72816 76742 85817 30048 96133 30524 56072 
8397 18
31210 9817 5590 49023 94061 59089 51866 1354 44684 1579 61890 11572 97489 72996 60563 31618 65404 11403 
1394 18
2359 1096 11683 81438 88850 66090 54932 77041 94512 15018 15424 31292 5295 39712 62801 15102 24054 63950 
7966 17
75659 9878 78202 41134 13122 64564 24211 16955 42956 23469 94502 79914 26860 61359 81350 7252 53645 
7445 10
54006 15917 34472 19351 80365 80625 85554 84320 15716 33977 
2468 17
67246 15132 59586 22455 50910 55111 6745 76499 71515 58641 82367 92160 64188 4270 97638 75860 84408 
2323 15
833 82571 12313 44528 94089 39191 71303 41545 43771 65569 99945 54945 25979 31271 75074 
9255 14
80757 17705 54473 12490 14871 40739 1875 29485 19731 33025 69499 87929 10121 82545 
1316 17
2024 8399 54062 40854 47191 91966 42573 31724 11195 53426 67807 9602 16101 27652 88579 39821 16199 
6821 19
34765 13254 40424 1631 64475 6120 40734 65710 47392 99232 53296 74059 38721 85849 36401 82842 30421 2614 93884 
4529 14
17249 51341 63230 76036 14557 74981 7438 35372 70870 84852 56710 15801 95577 98945 
2737 17
35484 13839 78710 64827 77444 89450 43703 40330 3905 46156 33748 31512 9560 3325 25708 87118 78758 
5169 17
77688 12931 31372 49902 9265 81107 56605 7598 29783 96286 32860 66741 60266 84648 55356 26720 79585 
6341 16
47705 63048 31193 16889 30680 99801 45482 11775 76234 41087 33842 88964 65179 13191 99253 50354 
5444 18
10256 61132 20854 3652 18930 47063 84560 98166 48021 6503 49271 18787 2622 53417 33361 65462 17988 48914 
5397 17
53613 46379 25888 53554 78555 3816 98963 53189 54150 71639 27789 5699 77282 94475 90129 15078 73351 
1550 16
68279 46278 27391 39689 95024 9830 53781 32205 76247 33528 55633 96794 40400 94711 18735 3571 
2252 18
94128 20491 48674 68416 43402 5275 98399 61904 98116 45813 45591 37181 66032 14864 12246 28909 54837 75086 
6235 18
54675 98310 2510 89751 51514 33564 21213 14188 27975 20599 23126 10813 67868 16201 74048 85956 44347 43368 
6370 19
33734 46583 427 32239 37690 34253 18097 91160 32566 93870 93433 94898 3501 84683 48312 43840 60385 40362 25601 
9239 17
78515 97260 73807 24764 6754 65093 12123 35547 75646 55016 34855 86429 6812 93009 52478 56230 25718 
4317 17
77947 36099 83510 35306 63654 78053 57025 82251 16708 14472 9492 25723 98941 53074 14658 18274 97703 
4473 19
42415 4317 53865 73746 26005 6122 50259 71325 49167 23389 95684 43064 18569 91984 51623 80782 50710 62394 77021 
9051 16
59432 78181 28675 36707 13561 1436 94431 78732 81217 62255 90296 5714 29362 20347 13356 49720 
8679 17
59905 24578 22541 53446 4751 72105 11756 72708 31354 8456 80923 84389 95335 9977 91990 69152 80286 
248 17
84520 45880 42673 9102 63932 7283 42868 33656 4364 21590 71460 10590 14983 41047 41711 31765 99836 
945 16
70182 59483 64662 61938 33554 99617 54232 15560 17173 33302 62066 79334 73256 19221 46515 92601 
2497 15
65230 17597 10644 81091 80191 90565 30941 41298 89009 2357 95546 66535 33888 86828 11387 
5426 16
72585 5925 19950 48107 28081 75702 89167 80817 72459 51907 8856 68419 55517 80783 45328 94840 
1559 13
48838 83093 90715 51878 52328 13735 44809 57844 91615 49428 21448 94008 32310 
111 13
1692 38153 55457 20320 15253 61427 1559 40466 79430 45472 8792 78382 97759 
7143 13
45165 61091 34953 71568 81037 20580 33208 90787 82181 55892 4712 46194 35678 
2329 12
40712 29778 41841 26570 63990 19110 22363 61537 66853 32615 39794 15360 
6076 15
18577 66935 8076 73316 90393 12702 50101 10124 20059 98737 19881 88709 20161 16963 31939 
9992 17
65697 18310 63811 12834 19245 84675 24118 50037 21906 60898 2448 65970 94642 54487 28487 97315 11896 
7786 18
17896 28405 35502 53760 15505 38905 39415 79747 49193 95619 54098 25158 1248 58615 76788 98713 41312 30416 
6984 14
62488 80484 36779 96671 38064 51604 4356 21336 44630 3119 71430 11186 17785 40224 
2269 18
13151 68373 36013 83406 7341 54550 37632 27432 25367 24443 96431 16400 77337 54049 48995 21349 79711 60244 
6550 18
94970 97138 10051 31067 49892 65313 11530 97857 7958 93066 63103 12759 33058 80912 57286 85050 57527 16395 
2265 15
88338 46964 19445 2187 84763 21588 40925 61153 81633 79075 91725 67068 26519 79060 70665 
7344 16
77416 66432 12714 8712 77088 22816 26817 10626 61206 3380 91488 48724 46076 36586 81481 65945 
220 16
80199 58268 37332 69313 53737 42679 16920 19587 51537 17440 92984 90127 48577 79410 27476 33342 
7124 16
50099 54052 84187 80820 33815 95164 78852 15534 15911 72194 63152 43774 47497 66112 76659 11559 
2976 11
91557 57087 71809 78019 67248 96358 90825 69552 74210 92701 38303 
2647 18
69026 6350 15990 66202 10555 32367 25695 72225 21153 40357 19044 76322 21792 699 75654 80710 64626 68666 
4535 18
77091 28322 69520 66425 25667 36600 7516 58582 4879 96236 81877 60973 23752 57008 17603 59703 30949 28816 
1226 14
77342 44775 86281 44968 233 62617 22973 94276 96907 8998 64032 95939 46361 75758 
322 14
37233 86071 41345 22915 26229 52127 65870 72500 6746 11553 24630 98762 96607 47789 
6679 16
65843 32194 80781 31872 78144 67448 27102 29223 65611 82681 47119 35817 83887 72151 36508 55721 
3277 16
23432 19826 67204 68496 60395 39549 39314 30216 18635 96648 94314 4816 13431 18984 15674 29145 
9617 18
78591 76928 51202 83837 79797 81298 88672 17738 54999 55634 38229 95900 93438 38041 38317 27436 5589 39780 
7191 14
5609 45325 55252 33140 35312 19977 60405 86154 39828 84098 12118 20961 55622 97099 
9692 16
991 12574 90107 94674 59362 89000 4046 17138 53196 6893 38246 70740 10196 45235 44492 95232 
5873 19
51111 71845 52916 49162 80581 64148 25664 54746 72106 10884 31494 34432 30683 68214 76811 97334 11228 45383 26816 
5789 17
54566 87405 50132 13429 62416 347 78124 30447 69491 15119 16737 31614 89758 61402 34964 5401 97026 
5339 17
74857 8649 63380 97317 93773 61805 72427 57668 56296 11166 58639 40789 57166 68007 42866 21895 58878 
7841 17
53855 51679 13603 47100 18316 24318 59880 91832 29602 38953 73346 48987 34294 32406 72893 40280 92195 
1195 13
9331 14934 67451 34 58034 12925 16525 81708 60713 65784 61163 99673 79555 
2867 10
27941 39822 59948 57575 22326 98640 44376 76808 12572 56321 
2119 16
95209 45675 12283 84550 27592 88212 23288 47154 40627 39745 4940 76818 93238 34485 10162 59456 
1137 15
94733 49198 52467 23843 73122 32799 15617 53183 49964 181 41013 38498 89486 75813 86110 
5917 19
95004 27465 26981 22198 49539 40222 65539 61491 62847 67427 44745 61071 43678 84627 80670 78933 27251 75324 8769 
5989 17
57364 68220 69041 1030 40063 97000 24230 99033 12405 44621 94712 39514 80697 3142 9030 62547 35174 
661 18
48941 87312 32402 77606 50977 25973 15297 26557 49350 31489 55860 41272 44823 15973 86001 9112 5110 66405 
9097 16
9902 9544 68480 96626 79677 98423 66826 95707 3683 69480 3785 94747 16676 70185 19818 85560 
6933 12
18814 33853 83938 51673 76646 73745 36460 66002 9482 29134 89810 24262 
2802 19
50397 23499 96771 9668 8801 45811 22263 24226 16711 84309 99840 82962 35866 99134 36731 50305 12886 72496 25769 
2137 18
37854 56949 23621 64790 4572 14704 44632 36726 75376 26245 93795 56775 24477 75016 88626 23019 70737 16397 
4072 14
49199 82737 24964 82192 45975 79313 66899 20136 40813 72640 79547 20232 68899 27998 
427 11
40282 97772 44066 77837 50193 75089 99282 92463 98000 77656 43303 
1864 14
30623 34568 78112 35086 80808 46864 18625 94551 54703 96511 52248 22717 43957 33943 
1280 14
95291 40927 24561 21828 74915 69702 6302 30701 11998 28497 49583 11181 16211 12905 
3169 20
81404 68833 21488 88523 47381 91815 27517 50325 39686 21040 45464 14258 55535 32833 61712 27591 28600 83548 51699 97013 
261 15
49696 41354 62110 38464 84366 51040 7398 20113 76325 91248 12756 3755 36955 81281 17272 
1189 16
18505 83259 27803 92432 97821 79407 87032 24042 45900 15220 4207 96492 42713 95218 18054 822 
1241 17
29536 35438 31753 25953 30381 22364 6017 32832 86125 58465 64170 38480 99029 90313 34500 47856 33262 
811 19
94207 7006 87847 13093 66814 43056 25691 33777 60123 32257 58470 87977 36628 18871 84120 50881 19254 11148 68738 
7470 11
84931 30834 25892 47689 89688 60595 58776 24953 99819 97382 14340 
7045 14
67035 70445 17983 79991 43027 15855 53886 50528 46945 40769 30104 48410 20267 64734 
1557 16
3194 23157 2858 11168 5566 64895 5543 85028 49134 8127 13668 60485 657 24504 69284 23294 
472 16
6114 25230 72355 30619 9276 31706 94093 80323 30478 4297 32042 85636 16126 12303 57381 38885 
1283 17
78912 89194 18163 45905 65797 99157 21454 30634 38825 18667 43971 61184 34956 96458 87663 50561 9751 
3737 16
43158 47737 85327 59688 21489 49181 88312 12565 21407 70424 43515 34756 68991 84845 12217 59149 
7120 13
92811 52987 81466 78578 55580 49243 86758 84236 98211 19466 32987 58277 46518 
2567 15
36475 71812 96810 20741 47761 8448 15997 18612 17752 63381 48742 72348 30691 72801 96368 
3763 13
18288 21645 81288 45120 51982 98395 85858 82151 2063 93854 32707 99477 51093 
5931 15
49252 96836 71799 99511 9728 40080 44063 27522 96216 25042 49678 65322 45909 33896 17093 
6338 18
99700 12190 60792 87196 95615 90076 14542 24605 84191 50679 68607 73241 28228 45550 97460 85867 3993 87956 
2276 14
16594 88880 49600 40974 39529 60061 28198 83080 75298 80809 50057 59168 43859 22235 
2495 20
66336 26985 27764 47549 14896 65060 1722 45994 76494 4707 22049 68844 98988 36009 48434 86643 75157 92082 65423 86359 
9916 15
75779 19396 95010 88744 1394 89381 80348 58820 1929 93644 92092 22530 77432 86729 96141 
5219 16
22188 22397 30980 48243 90846 11650 65749 94762 15058 27426 2318 89641 50308 4727 86054 68110 
1658 17
76039 60520 82205 41702 45556 44846 27417 46336 82603 77913 28445 41362 53409 90179 61092 46412 54505 
1618 18
59773 98289 41190 34808 30245 87687 19733 97250 2216 37148 89628 52505 39408 59552 27330 43601 36 16210 
3884 11
48650 12359 67465 48563 79821 16854 29028 63567 13120 33648 35026 
1752 20
34219 14251 226 97137 83265 63175 32922 3970 30714 50923 66285 6294 67044 88425 14089 78980 40002 3907 56345 70743 
414 20
58203 57632 134 4391 35170 30257 13209 3857 11876 12491 43849 47195 82540 55000 67594 72431 98692 78367 75477 61099 
4194 13
40861 16943 13128 73906 53815 56177 77193 66263 54420 21300 23520 7184 19288 
7075 17
26973 99835 92121 86304 80133 37195 2387 66289 27107 91201 29624 88983 17920 52111 92755 69741 753 
2830 18
73779 43765 27169 2816 85802 24754 93477 11521 52506 81508 66058 69904 17347 2023 22923 62515 74125 65030 
9934 14
62769 40644 26078 85896 76048 33290 31611 48939 61475 13865 42785 12599 50954 74498 
1308 17
42684 98811 33440 99755 45173 63857 49382 5425 69792 42318 96708 47574 24003 18345 78234 94006 98799 
820 16
52153 81969 83119 30251 60338 8452 54419 97361 27479 82097 26664 9376 44633 86250 44370 66360 
9676 13
93929 92518 68280 43234 70745 14601 24519 24654 14940 52718 16635 94138 96170 
8363 17
86460 75160 8218 22066 24495 10067 58215 52197 4338 95698 79757 77027 21268 21457 17958 421 13267 
7010 13
3374 50049 76342 73618 32844 36326 84419 76992 6527 88013 33506 7866 9494 
9486 17
77993 25214 29781 88324 29916 88042 144 96171 85828 42294 1142 3667 13021 47863 25217 50136 81616 
3220 16
8620 19603 27113 94160 90438 54555 20613 82464 64952 24106 47995 37185 54061 80587 57394 50392 
2485 20
32708 1214 13658 95201 6699 3982 90283 28186 24975 51964 27166 62951 19073 41352 44567 30175 6009 69899 25501 21546 
8958 15
35279 63505 37144 60861 406 59386 19992 60567 55120 12006 9150 37090 56082 68824 55618 
1723 14
78751 34302 40419 93635 73071 78358 74243 8285 12887 87936 33651 33745 95946 70344 
5523 17
74547 82572 37009 89131 33580 80571 36834 48363 44354 65454 67081 31078 64293 17531 95018 31675 18711 
389 16
62520 3777 2817 46437 60813 80513 98125 89658 35872 85213 57105 91243 56458 31056 16355 60971 
2610 17
1382 65479 61304 49113 77032 48043 39325 89240 66708 4174 7820 74761 53356 30494 52297 10458 71113 
1661 16
85544 148 38934 31834 63329 54200 78657 11558 99581 61243 51298 24792 35534 41620 75322 86486 
1601 15
99629 1408 8350 24960 48156 44328 7951 80302 86336 97871 77556 40625 21338 39225 98568 
2863 10
58684 99870 11046 70638 855 51663 30562 95997 19056 72313 
2426 15
62386 46011 29891 79815 47956 20121 83455 80268 32695 26876 57164 41980 15831 51424 6297 
9316 14
5807 70147 99852 47309 82906 37623 47249 75727 83085 33100 78016 42636 19434 23358 
7026 18
23830 89158 71221 40458 34018 75105 6916 7860 21756 45019 33688 20501 36760 47326 28224 59233 33196 2780 
2664 16
52093 54995 84514 69525 70202 65434 57718 47150 73448 47589 80596 57976 73485 60287 30059 39531 
7795 16
48028 24045 88793 29411 11089 68584 72925 45435 62218 72844 18398 49230 26897 65994 75754 65132 
4810 17
53927 38517 73053 22933 10910 50133 74749 72468 6652 26100 4283 97418 63219 6539 7430 97043 98001 
2816 14
10524 22929 45160 73720 28229 14992 98923 81484 55708 1099 89434 48063 89651 38634 
8964 19
35362 76338 96959 31142 17605 15675 97490 83880 80136 43860 80145 58163 4600 75538 88448 9849 9673 53561 64755 
2006 12
94498 96323 16873 36998 3964 20664 88446 79411 27157 96719 75657 42447 
2927 17
71280 62681 65530 94310 98032 42570 80071 83230 60064 40730 26408 82609 77347 91104 36067 65053 60633 
2392 17
5874 45798 19690 61950 20247 49985 24706 62322 50451 49173 27503 13110 61279 42608 48016 60584 95757 
2191 13
45367 76497 50642 13736 26962 49275 87489 71934 13908 89507 77632 66092 84043 
6762 16
61263 83892 85493 52564 97390 3826 92529 88289 72542 78347 79629 47758 93998 66677 184 9580 
7044 19
68706 5434 32077 19378 7181 1137 3822 35737 95244 31924 97215 80696 74382 90484 31676 2768 40101 47887 28427 
8738 17
34438 20614 68221 1081 46844 42857 89237 2052 92795 33701 88550 485 69069 47390 10840 36519 41936 
202 17
12111 81782 23863 57482 82870 1949 27531 80022 25208 8535 79375 49870 8733 43366 29389 19987 32242 
3729 11
2650 91787 95081 15581 83971 25485 92769 62809 52186 11564 45274 
7624 12
36908 74820 49741 45974 48802 40917 27731 67049 6321 90492 660 83452 
3622 19
17987 75569 4741 17060 24612 1945 95080 22725 73330 90636 57909 44900 89331 42567 76681 66237 80674 11707 12239 
4975 17
15294 46795 82202 50453 59131 4055 34111 44093 67501 17712 31660 9209 95820 8832 480 77534 27153 
8696 20
35619 45104 44776 86267 17085 89554 3876 87902 38304 24855 77630 82092 78115 2284 82577 94634 66416 42488 5076 65791 
5666 16
99373 64346 99441 57402 15219 98253 35070 43426 7042 59019 57680 51504 99779 61210 78212 16932 
6760 18
58782 39307 18940 55649 84077 77028 92406 62767 98616 10514 85057 950 1126 76560 44692 65570 55458 52244 
8931 18
44975 73422 46470 5681 56908 19568 95780 30542 85129 9389 14462 48430 99045 14270 73278 51296 64479 79669 
4320 19
22018 18150 77437 64836 72292 33109 38599 830 69719 23979 62707 6675 89483 1680 61953 42132 17619 48582 15289 
417 18
1989 6910 94957 53611 54617 275 15324 96586 66048 10368 24763 99685 93582 47041 23860 42052 67351 95889 
9101 17
64819 86821 19066 58552 77147 50232 82354 48757 81259 29575 21606 68857 10730 75021 45693 53852 72384 
6644 18
89990 62465 5281 47332 52990 87633 79918 60249 35676 34217 91504 2164 32722 59710 43182 39066 67532 73905 
6916 12
11809 72127 99970 50484 73880 52775 69602 41285 30454 70456 28824 1234 
6940 17
13098 69993 27468 24199 57710 73925 39870 85883 79244 42102 9446 6553 26739 58983 59466 39164 60078 
850 15
52844 60545 96689 65378 20230 6212 38094 3319 40513 30099 46428 96192 22255 82656 66780 
8415 18
49937 64311 95206 35542 22281 12713 60657 84351 58378 67938 91987 49044 33500 75736 39777 30125 99057 76527 
8521 18
64176 83416 49863 86004 5922 3523 9525 52981 14317 66555 55003 92700 98065 53094 75115 6293 94592 72412 
1556 15
27036 94060 19297 39198 6231 10303 26954 70486 67871 40897 99500 30508 82565 18307 74855 
2346 11
90784 3616 22001 38852 62638 23022 5214 75265 33916 90132 2355 
8513 17
27196 78999 80326 9355 8451 70395 57138 63122 58511 80430 23203 92868 18214 90384 88078 31214 23562 
3932 14
35609 76902 56522 59960 50601 80363 64017 70752 82149 49927 29211 2929 77422 40438 
9698 15
92291 9822 77378 45340 33685 83381 59490 65985 8623 1781 51196 67096 71931 71194 49355 
3333 16
13790 60774 67485 8836 62736 70240 85361 80553 50040 82607 15281 80563 82161 46745 3656 11737 
8873 19
92255 48072 74413 79786 95808 68268 93445 39483 16774 41699 12952 28930 10726 20192 14974 13408 39456 12894 95587 
3334 19
70502 52459 66019 8390 3390 74193 78535 78792 25209 1165 72123 87949 95596 9662 86180 28291 67012 49268 18424 
5853 17
45690 74745 69503 15189 86337 95766 35992 74376 46472 40237 98161 7334 52055 26098 78738 71022 51319 
2457 11
73007 58821 8334 74588 24780 36205 77001 23508 55480 91283 36987 
787 15
93804 28454 97031 28770 56648 68117 26830 58404 22951 18196 14260 87547 65673 28862 44816 
702 15
87431 99195 48944 71536 3032 9467 54266 96676 37819 48953 4699 36016 17159 53665 6752 
5957 19
12683 93648 73285 16118 9519 14059 69655 16538 92937 4178 30236 45400 7362 38263 56863 41798 15857 11601 69754 
2021 17
1843 27794 71286 37252 78156 81421 71534 35269 23418 32198 37960 74288 59167 51017 78468 12950 64069 
2297 17
32352 98491 19238 67018 61759 74118 54343 20451 72402 48161 5511 6718 42504 70960 26037 34902 44219 
3597 18
30212 95110 43268 15572 44464 11413 10118 37962 76133 90138 43181 26650 84345 90342 12667 73670 55285 59146 
5272 17
37152 6228 26000 54677 14946 18631 83652 52185 49264 37339 38740 37519 79790 44610 8396 50995 82744 
9007 20
81262 60182 80618 14445 4163 59658 12347 43561 14134 20795 44806 20561 29593 80807 92554 35901 95500 83338 84699 5882 
6913 17
77077 83790 14559 46107 90774 16714 87433 64705 53882 15183 36458 28372 46861 47134 39853 7138 5856 
9748 15
60608 84258 99689 60313 4737 27627 44145 99759 42285 43852 31566 22155 38506 16366 66583 
3612 10
12164 75570 74097 94125 16598 22854 26970 15834 60652 25134 
2121 10
57567 90130 70619 66663 82022 95662 59729 69010 9257 79764 
8587 18
67325 62910 76951 56007 61696 64378 35465 37892 89433 96446 44756 2274 32612 61852 47251 79082 75555 39498 
6023 13
92097 27053 7563 61444 94561 82460 33275 99298 21768 60407 64872 65630 90994 
4871 19
920 12492 79041 29616 52743 42134 10014 2030 11543 55914 58146 68337 17652 50357 83073 18945 98377 66996 72701 
7259 16
28997 72463 70983 5724 14752 76191 32807 65832 25195 44513 28395 76989 40686 14943 40291 28376 
5123 18
68230 22311 31182 94583 73875 87725 4620 19589 44 33095 44326 87570 18712 47057 32289 35623 26371 60536 
9110 11
99103 78629 8444 67737 54757 93603 90052 34898 4345 84142 27498 
3854 19
2245 69562 45850 55034 6534 36681 23466 80787 84046 23882 76913 94929 20817 92790 32246 28893 28622 27739 34562 
8648 17
33752 10856 80463 5890 5663 61228 70053 31855 85459 81295 22446 92903 41666 55376 40446 25704 15391 
6253 17
51545 43682 10342 66108 98355 77863 34810 71436 51490 83025 25956 9713 56995 98882 51496 1822 96307 
7078 16
33797 18627 83541 64421 29359 26141 51012 73397 74044 43578 94088 37913 13571 61642 64525 65959 
5990 15
24991 72817 55817 8844 46525 30267 27051 70341 27750 71709 57778 17515 24689 35951 63765 
1307 17
46815 23465 40496 72959 33850 60016 52535 77218 75297 48817 37105 24787 54991 76167 82495 30185 86902 
1500 15
65605 28932 42562 91043 14209 43054 82465 8147 19342 14421 68817 88956 9293 40574 75446 
5724 16
83428 63547 72830 21401 8025 43701 12844 16663 89956 53478 4331 91251 9003 93722 19536 64761 
436 17
41981 73634 30423 15140 94503 96497 6930 20540 86715 11589 80284 65951 48725 58907 78386 57743 6619 
9963 19
54749 66242 13534 51392 11101 74257 13159 43895 55717 32448 23537 34741 1914 27003 99824 3471 35723 9928 47722 
9591 18
43839 37744 14294 33083 40885 17236 49227 25044 30186 95630 98317 88000 54621 7387 50510 20689 67101 36136 
301 11
80619 32502 27535 43797 59599 79443 97823 97084 12478 51829 61545 
1967 15
43927 40905 58156 8369 33135 86026 92869 11981 43534 5236 44470 26335 73638 40595 82135 
1147 14
69938 45329 17399 65427 5415 93125 78191 51658 64382 91386 61399 15800 5677 4463 
3607 14
35202 29078 33124 44785 57568 56818 3480 26689 71238 91775 83853 53176 76851 27064 
3025 15
89152 795 16177 78860 23992 75910 39219 13068 78581 12837 25569 2813 33754 62511 14804 
627 19
74570 49106 41993 94802 39432 20137 76493 13907 46427 61874 92874 60226 60962 18989 17668 47618 75802 52170 38799 
337 13
42781 44595 21105 60311 90248 2378 60537 92183 14332 22544 36601 92029 54872 
1949 19
24096 18968 71256 82966 98832 52845 2883 63589 5658 7767 96757 99572 99686 75188 21318 29512 46254 41367 1416 
5811 15
85320 74557 35642 45346 50897 17872 73954 99537 13126 74209 1668 30850 72936 97719 72787 
360 10
51762 9390 19893 26241 80824 80851 30215 77074 31367 18869 
3591 18
74472 78294 24699 36412 43479 82769 97822 69047 27866 58816 83310 35134 47889 41652 85637 7495 75978 31468 
2632 16
58992 58005 63572 45380 33741 84222 55553 15425 69919 83070 41421 70290 32822 41768 33928 19336 
2100 16
35894 83379 59515 79502 53743 76171 8045 35427 46250 81719 71192 5865 23256 97726 54967 94917 
1244 16
69323 4661 65878 2194 9198 75652 73099 60745 60374 15399 98458 71236 8718 40847 30477 88658 
5912 16
58401 15943 77245 7871 88435 63121 99381 14229 56772 17694 36075 35156 13665 55233 96622 4145 
3742 19
22010 98741 34927 57230 19787 93305 38617 40542 24138 39609 38515 12235 70768 90056 27890 10046 45008 53473 43408 
3106 16
17309 13613 16389 89025 7253 37423 25813 75670 59218 72297 5240 26903 51010 23331 25446 84282 
2126 18
91307 15433 24695 2994 83515 39045 37437 39158 5152 33272 46775 80042 18221 79908 75921 92653 6266 16653 
7914 13
57089 74671 81934 97637 1456 96940 44292 66882 49133 46977 16138 59744 21151 
4231 17
22830 93013 28 33514 81509 37715 26108 83453 7049 6070 21764 96225 17548 68464 48429 52359 24035 
8198 15
26204 51113 58483 66286 59495 88933 41823 79594 48942 20928 12267 3079 10738 96298 92622 
5804 17
94485 99751 90819 91571 51893 4467 68128 41712 8105 22763 48473 62136 8102 62289 5917 30618 34521 
1549 11
52239 47431 78457 39536 92602 36648 5245 52007 61854 98461 25013 
2434 16
92955 87770 82765 93848 29508 73924 32513 42422 66377 26434 88569 20481 33774 73658 43721 38988 
4439 18
6785 40174 54368 72389 91600 10386 75771 75100 20796 39744 13903 11204 24579 65954 42593 99588 30114 9881 
2493 17
33551 79579 4729 43399 39918 33432 63953 32355 74389 48818 42085 15829 40108 95617 8519 57871 83473 
628 17
42971 45245 46097 58733 71262 76976 33164 78452 16679 64407 80800 89868 45334 19376 87939 61628 17547 
8895 15
35858 78725 76840 18660 14632 902 8810 70260 87744 16896 6344 89374 17425 69648 92615 
177 17
56212 95196 74013 79625 32108 58466 68856 24856 38787 859 58838 63728 41033 86060 56541 45612 722 
2075 18
24782 49072 84055 68423 92693 1448 18433 18122 39879 70852 86288 50393 41424 99139 69430 39111 4859 38228 
8795 14
47816 89427 30617 31898 51607 7588 75616 7515 35653 81608 24629 34827 20115 19282 
5857 16
6504 40680 22716 72811 85184 94779 99699 7444 67607 86694 44471 65193 25390 58643 76320 32808 
4859 14
72169 59151 16224 16957 41671 27090 33235 18766 71993 28797 86388 97398 3792 33989 
1846 14
18047 88545 45443 1576 46687 96310 90456 68503 48915 96807 33501 71831 76664 59613 
2380 12
11146 42369 37395 29106 12664 65802 90457 11550 83028 6118 96137 75099 
3254 17
16018 67333 7625 31863 73943 31947 37406 9197 91770 36659 31018 34267 73371 39232 2431 57953 83955 
7729 18
24647 28235 31058 43920 4197 6685 15638 80885 25440 16001 86053 5343 54159 31033 72099 89627 15641 74182 
4193 12
82470 16068 8596 51587 29869 52011 58278 97482 99564 34675 49397 24403 
9985 17
86708 18118 352 81477 35989 4521 95315 81469 46976 43277 39791 57997 13262 94829 27065 44342 71651 
2590 18
59603 58315 54953 97615 34053 70859 83513 78111 45635 37688 5742 48875 24522 45069 66541 90452 42927 81087 
9423 13
36085 22882 45286 49658 90895 87100 54992 5340 29518 73513 36838 23440 12736 
7967 17
87274 43138 30594 96830 20191 59764 76043 71696 70732 85309 40555 81258 81907 82680 3249 58473 48520 
2919 17
66105 92778 54171 36953 45296 26334 37464 81202 22402 832 36354 22673 86866 41339 35907 43217 43173 
9053 17
40703 71014 5886 1638 87880 16455 62941 99762 85879 60614 5280 47051 76721 89802 21702 55265 22199 
744 18
44928 82185 85983 89879 89986 94161 98329 49069 26319 58535 15353 1518 27823 87698 31502 25780 46198 48801 
3320 19
29761 29547 74031 34399 89313 48480 43708 2011 70630 90812 11026 91490 30588 20553 7118 91773 41739 1967 22832 
9469 17
31650 99494 62718 43010 35641 11627 78113 31485 30660 4172 39753 90241 47485 8036 81909 24870 38285 
3246 16
85337 56250 92785 65762 60922 65952 17430 89760 16692 78963 47320 87941 57524 76156 64095 29981 
3794 11
61049 77809 73939 2033 59590 20429 67482 64506 75484 90603 9590 
6772 12
19919 86445 24112 75938 62509 23500 45113 88834 90050 95512 46842 68161 
4430 17
44228 62452 52219 68883 36836 55012 1557 92534 11400 12679 37523 3216 58755 80658 73238 80369 93730 
6588 19
60125 88210 19537 75995 48982 50826 49067 50809 7618 42352 66794 98341 1988 82960 38766 2159 47631 37636 36766 
1596 15
79620 43430 75356 60540 25014 30880 29111 76098 99733 15116 66979 11141 5745 19531 2125 
4717 17
56201 65413 2654 36568 51880 86264 68665 67252 43891 61195 61563 81351 28190 26828 49956 12998 79767 
8388 15
7524 92996 60592 57484 65980 47698 73436 5630 93683 25618 55489 40309 693 70556 97776 
8050 17
68239 93694 18693 42059 37194 39647 50751 70363 63540 12728 813 24179 36105 88971 63265 3975 78373 
6897 18
56907 95402 83304 28038 71074 14860 3932 87937 54263 6564 43423 14925 48793 75602 16476 73295 54084 37550 
5460 17
5789 80838 68798 8816 18760 37802 44348 27625 74362 32059 70349 8234 7083 21064 5330 97984 41157 
5635 18
71504 43377 86870 54205 94606 61221 25642 60210 72732 32143 57236 21248 13394 85062 37473 76916 50090 23086 
438 18
66969 35391 83889 35054 32649 42082 15813 80223 11330 66175 69232 60434 89610 38629 79345 26861 63712 27092 
2882 12
16292 6626 34082 78934 24478 34255 48828 54090 7897 83698 130 65860 
138 17
38349 90963 26228 46999 17819 71658 96122 32701 82677 19494 1245 19752 89306 9876 3257 59784 89877 
9221 19
76388 57012 19985 67088 26344 74554 24514 70487 25306 52725 29873 90500 83297 88825 86722 93774 8245 88738 84026 
5269 19
27223 38405 26048 5257 7929 39365 86823 9236 50139 24854 55893 61193 66959 41417 32970 34903 79595 84148 63780 
8976 18
99108 935 11277 65931 89239 74851 53060 12849 78872 73120 10516 7834 3108 64180 33228 82073 43847 6077 
9392 15
41583 92031 60152 16853 14097 93839 50804 17618 15826 4218 94867 61886 35946 95834 12125 
5357 15
30926 28226 86311 61566 49688 23666 69433 2897 29070 41159 14299 88026 41964 15395 86499 
2766 15
63970 67435 29003 83218 98781 64813 8959 87284 25862 75043 49417 362 95311 84355 17508 
1584 15
80641 55911 51502 39082 13976 20516 67789 21771 11055 35610 92745 95584 91937 41634 30631 
650 14
88226 4701 26135 68353 59551 78483 50898 68345 60100 18275 44740 61008 33694 78383 
6994 13
83743 44973 22087 68834 12043 97023 28872 38396 96372 61296 65385 96668 9219 
500 16
57125 91652 66310 83347 58655 98148 78037 25274 65414 99206 71608 23993 53816 94222 22226 22260 
8222 14
40631 74797 56920 89187 98195 45179 96763 82830 4986 80975 52797 63316 5394 32921 
4284 15
20698 72299 79590 23103 74488 33387 94524 79501 99442 4492 84059 91306 76024 95026 40266 
6115 19
63877 83165 74708 46716 63246 1292 68866 8724 77082 28690 31377 25374 87223 30659 20120 15175 37543 61183 7852 
3520 16
17340 84153 15055 15549 93530 6933 54409 58047 64111 77097 8184 15673 42699 98266 51922 82462 
2147 15
14417 21848 23635 69647 58874 70931 87523 88703 69524 79979 39926 94883 66472 46721 70177 
7497 16
69808 99083 90886 9135 57043 50765 74228 27131 62274 92768 53105 22867 71391 14803 7073 36818 
7976 17
86662 54728 29507 94433 9001 7861 57388 91371 61796 81447 24809 12030 38002 4164 17156 41006 98225 
6745 16
62429 60746 88542 47585 69744 35824 42366 780 52664 52174 44584 61366 85155 49435 26657 69730 
4149 17
70515 83190 32801 27816 18220 21724 7599 91343 52101 38224 87792 1008 66456 76588 57497 69457 85027 
456 16
55689 71859 18385 65439 18127 7165 66596 41921 94108 60387 37620 87689 53796 44679 9380 59989 
1989 13
61260 79182 39893 85142 89037 24761 80644 60870 97175 51836 64154 53033 70849 
7442 13
43972 88066 83475 51910 88608 2411 75666 7033 95694 18588 31144 60742 84007 
3318 13
76786 43084 69979 1598 61006 58059 15194 32281 94732 86023 45513 22250 80271 
7107 18
92792 3106 21113 91134 31035 55079 52873 78077 36800 5810 14179 75126 99389 3172 1787 86807 34814 7865 
6485 16
76283 21521 11795 11652 97158 49367 26082 99457 32274 85135 67793 86061 81129 95339 11608 67371 
2394 19
47576 34607 94214 40639 96142 36757 83514 1998 63799 25967 43263 95029 73569 6758 20575 12871 36193 9796 29201 
8749 14
2101 96812 48870 7714 10037 17543 24714 53059 301 61553 65518 13284 62911 12262 
1497 15
72508 69302 66792 27689 7947 47872 99669 12836 86723 31598 37682 42187 41685 35165 50078 
7038 16
61179 99644 64379 87874 80352 22970 34793 74706 3068 11272 45102 70019 1508 43484 16268 19777 
2721 10
7218 91923 85313 76938 20963 6677 62891 34744 58561 51831 
1668 15
80410 44718 9362 36335 24030 55783 58743 67446 45921 40392 71723 97548 21420 77215 54122 
3730 10
53438 71144 68549 12766 87049 77932 40837 86078 69943 54628 
7368 10
56298 83691 14375 91433 40763 15296 10925 11093 18208 67270 
8756 16
17999 44764 15971 15188 53389 93872 45601 84328 19581 83632 70083 48639 95195 23174 1955 58903 
255 17
39570 82915 46524 5944 79059 79133 94892 61948 28377 34142 18475 53204 60046 1534 48077 94936 65354 
9291 19
61965 90997 18754 49163 67203 31620 98661 55315 21108 85620 77294 70367 28135 26874 18872 43178 28222 6043 66701 
4474 18
8893 83084 60352 14861 18280 74781 68201 55416 35074 68386 85556 43219 86983 97113 27083 17164 84418 96342 
5579 17
44408 74115 3020 1892 85074 9556 58014 76798 64763 98206 52770 23804 46826 18323 77903 14541 44611 
7908 17
44321 44520 30794 34104 76460 49429 25304 34323 59497 44876 98041 50020 27706 60343 28502 51800 97239 
92 10
73669 87154 33545 20672 9131 37274 57354 42710 23932 76538 
102 15
52354 35003 98603 99980 19046 53568 19152 79514 98585 8585 53312 14504 7711 35456 11885 
9002 17
62316 12124 37414 13716 74681 58943 39863 99659 57226 2591 14234 49905 77985 31122 42901 16782 34020 
1499 13
87742 48559 43493 49634 4927 68796 21391 61651 42547 62500 8360 25111 47232 
7201 19
75421 1870 46664 33173 97303 98275 95419 7886 71207 2668 71365 81726 17893 5891 54759 23777 22662 76802 38846 
180 20
22770 56086 52970 71005 98128 862 79716 3243 20863 72660 75870 84541 97815 53633 57753 65750 31588 87213 35394 54866 
8092 14
58090 11455 61992 46028 51726 55335 36132 77723 43953 27702 58423 25584 55186 54982 
8728 18
71936 35203 33260 69082 65433 50050 87702 32405 56671 10134 74374 73194 74978 35881 72584 18116 81479 15654 
9751 18
30671 97787 77396 94983 86798 88494 40731 68269 36902 6374 78043 81153 15698 12414 92385 68977 67431 16176 
6727 18
3037 68367 169 46683 20419 27475 71129 89031 9678 62815 33423 99493 35650 9975 53500 751 89985 99419 
3342 11
72979 65979 39507 52081 84123 4931 49654 44990 9122 9498 96178 
2953 18
16549 22626 5542 1125 33749 65556 86686 59967 52164 90514 90341 32942 39674 16562 31856 40676 26084 15777 
107 14
79550 48205 321 13672 92509 52031 18315 11429 82899 33607 2626 50847 61850 11806 
1737 18
11483 75184 75599 7055 24216 38352 41108 1912 35667 75169 18610 63090 10209 39513 96574 74518 28258 7610 
3407 18
13860 10902 62572 69065 1747 8722 83592 15630 49376 32395 56627 44095 60096 85147 98202 52696 79535 48469 
2162 17
93034 31645 49668 54504 17961 42376 81610 63614 84861 54449 34879 81932 66269 35593 33165 44531 54155 
5810 13
78145 7993 28584 21603 78493 86804 63360 61998 92677 51085 74309 74884 81225 
9368 15
67656 25003 52306 6710 31484 84092 198 96881 52200 65338 50940 73662 1751 26343 35333 
1109 10
29735 70282 78813 65141 25962 74628 83089 14698 61713 38329 
1624 17
2938 63294 30109 68449 32535 26050 29729 76794 89859 5241 86113 63994 32927 32871 84538 743 4301 
6355 15
97645 41965 33872 70258 20133 65387 94618 50907 17030 62766 56480 31177 44783 10185 91485 
1165 16
25160 12614 54567 5485 32632 64918 73617 84316 88261 58805 87044 89011 2725 43187 81819 41432 
465 17
32334 36875 4418 11588 22169 666 54490 30843 39961 82793 1139 5493 48125 43640 57715 27856 31246 
6779 16
96152 42236 97360 81514 80698 23458 26920 17379 28854 55496 41851 47812 2282 47364 64426 24773 
2173 17
32546 71167 51897 33439 12607 32753 82221 65624 93331 23723 16757 23658 73730 22842 61124 31904 76018 
6185 16
43886 10957 64503 26521 88182 94908 13777 85140 39140 75533 1550 81670 53631 4259 92901 49168 
3281 12
74446 25349 57830 72335 34566 61555 87524 32534 62089 31111 51293 64347 
5065 17
32542 28614 9950 71471 311 6870 20130 3096 75917 99038 63892 77520 71880 28703 62380 89812 99758 
6239 17
81944 59596 50373 26885 57560 635 27871 94511 77607 16312 31844 72953 50310 79224 40704 45378 10636 
5187 12
58399 11230 27444 19920 97698 59038 47628 70961 72432 37357 64840 80334 
5503 17
95677 24958 55199 40308 18873 13043 39743 4506 56070 17089 23775 64130 84016 75005 39006 2403 17310 
9910 15
27326 32944 43973 29210 63854 93810 46506 66884 30943 59231 76814 32962 65676 36877 77649 
1830 16
36419 38070 23345 20012 67032 5094 11193 19379 99555 87850 49157 84167 35453 11233 36071 26905 
4563 15
4685 90525 60440 77153 89260 9803 34839 77888 72835 57610 13028 33076 98262 23443 50753 
8285 13
57228 15191 77979 45320 34260 72167 80043 3807 13554 21592 93030 96181 51240 
2552 11
58300 8695 56745 52282 682 53016 8988 93487 6884 33606 85285 
2595 16
68600 24051 65394 6211 53077 47277 7402 43589 89403 37988 99774 85163 21527 32210 58789 56102 
3290 17
23482 82662 90740 18661 76 33484 84907 81172 43961 93512 17413 10959 14447 91742 28385 3676 79759 
29 17
93750 80532 77682 66311 12708 33042 69361 80009 55674 33336 68691 77350 99675 97733 50056 23600 69534 
3764 17
51167 85103 69583 56429 71135 95518 6181 86064 75741 60695 26712 89748 84960 69806 33508 6290 4642 
8226 18
55921 97687 63151 39877 1389 80110 32452 91670 94548 39729 67199 23282 89734 64000 62583 32778 42020 1636 
8057 16
62039 73845 27834 52202 58594 49102 71225 48790 29431 70917 85934 64264 35020 23347 68241 57367 
4506 14
46480 38358 68459 32001 63107 98349 69560 48250 39993 93152 7121 5368 88297 9268 
1565 16
60497 21345 94823 61342 97056 85015 96150 29635 71487 32549 91398 82383 19907 52008 72597 5130 
6017 17
47062 81823 80407 27909 24947 23138 908 13927 76080 90235 97607 96869 90217 99079 44017 36596 99549 
7594 13
70307 10648 29280 72978 75342 74153 37384 18157 84674 48297 66250 89472 68793 
3731 16
11752 93284 95452 42765 37336 53788 70974 75582 59457 62527 94814 36417 14429 45520 87672 28041 
2824 13
55254 97295 55607 72587 97960 52131 7772 46614 14508 10632 59793 87607 91273 
1785 18
75745 13637 71438 25081 83641 89629 20710 28923 72860 2644 8805 70753 65211 35779 23543 4612 67301 26014 
7369 18
44936 67034 88158 35014 50362 74529 98638 42820 71883 18242 67722 69786 66775 55735 84582 36646 72573 5443 
3720 16
39381 46806 19264 60814 32015 63846 94835 35343 11291 84943 31747 47043 85826 48745 73304 41114 
215 14
57345 89190 66100 66489 99274 57002 75230 94955 58909 80511 91887 73349 85451 53445 
2991 17
80187 71546 18985 82300 90602 69656 35481 465 85266 37044 60312 11897 37961 44075 3424 5604 11800 
9582 16
79771 71517 18295 65333 72460 62732 76051 38096 57117 15781 75325 82593 26027 72058 68781 25539 
1349 17
28366 22375 94002 11511 19353 74174 82237 75381 17539 42110 32056 50069 8164 86640 63894 44508 75694 
9833 11
74638 74124 14706 60218 13060 63306 4580 29207 69354 33929 42595 
555 15
28172 79265 57518 22635 29340 29929 67932 35007 11256 81758 83947 13054 26049 52206 52560 
3364 18
9061 29613 63077 26865 263 12337 75871 22334 40354 12458 43230 65692 89773 57623 18219 16241 4523 14553 
5202 18
18250 60356 31782 86155 19273 21096 65496 84690 58369 62898 97824 34541 24818 87187 84619 58381 70761 15311 
3938 12
83826 75092 43547 68684 20791 92820 70893 38662 16110 59885 37595 12180 
1265 15
43649 23903 16146 68475 74434 86827 6345 12384 40536 15495 63830 72999 24675 19613 62157 
6845 17
46919 12929 84053 12793 91369 55542 91562 15734 22266 17241 17954 8574 82083 70964 77494 17609 44944 
2754 16
98693 4700 71756 52108 65435 63882 64367 86571 60594 64036 51675 69218 81834 65303 35310 47424 
7043 18
46152 88365 33162 71566 75671 81624 98556 72034 53013 27507 39966 43947 24775 48884 15875 25777 61378 9879 
2942 14
98932 81564 73004 90045 69898 19722 39100 23015 82493 25245 86813 6497 54930 5417 
8124 17
24203 92010 17381 91445 60124 43674 16017 73964 63901 96909 47515 64953 77569 74777 9262 69653 93906 
9508 17
24235 75059 85823 14879 67267 98168 34392 11493 97151 76912 40741 5450 97289 7592 92230 12510 78213 
6478 16
84522 398 61517 10545 51347 73002 55864 78836 2731 58053 78667 54687 64471 12639 49415 67167 
7261 11
80930 42784 11531 9894 56593 65000 44155 88509 78525 1049 69987 
8101 17
85863 77330 7489 18975 19326 44892 25853 27883 9825 4386 69595 87425 46390 8586 96290 69837 87912 
2557 13
64183 57927 36464 41614 88848 88147 37269 82808 11910 12946 36888 71911 72443 
6386 10
11094 19711 2109 49757 67054 59511 71764 17594 22813 9874 
854 18
41186 99670 68050 46127 41059 92231 24645 70000 20317 81781 38894 59807 59064 78498 30572 5310 95779 59377 
8492 19
17683 50772 97644 559 1799 16249 51312 68276 55838 80257 52401 17689 23108 42043 9358 95341 55423 35518 48367 
7327 17
97546 91198 10089 2444 91892 66385 50738 80916 62968 5377 72011 85856 7209 89861 69788 23059 56397 
5064 16
58186 904 23729 76181 45071 36767 31266 55912 84578 92927 43448 51920 14305 57941 56560 65751 
7534 17
6159 57846 42500 65621 62332 57589 63250 96584 75223 47444 46911 12910 62273 70731 15974 60646 23357 
1274 17
54462 78981 673 66288 23872 83511 48214 60824 93789 61181 82843 41491 43074 4021 27435 71581 65240 
5870 16
23925 77553 66296 74712 70725 45822 67306 33472 48712 52754 35000 32609 92783 92892 66016 23234 
5604 20
88745 9206 98615 83808 9978 26363 26512 42354 3229 21085 83291 89538 19539 63689 63423 74267 60539 98019 95456 75707 
783 17
41389 49971 593 99401 50900 32306 89896 63943 68715 92020 99706 2958 18165 14838 55062 85759 42106 
2732 14
98643 96872 34513 60437 17453 48868 58308 55683 61549 12612 45352 30026 16158 32601 
9829 17
56041 83501 86822 88487 64120 77453 75869 3990 47730 97558 32779 67231 1070 11205 47315 51779 70861 
2760 13
78645 36859 27297 57304 64077 93269 30126 89490 78331 64610 16929 26113 85851 
4433 18
64294 46541 94976 51203 51197 53097 68362 10802 54230 12864 84020 43036 23365 63561 29276 38711 66206 66372 
733 15
79180 92724 39705 86454 49094 67770 65928 10133 76251 80266 83833 95415 66261 27665 5837 
3307 14
60928 23112 62701 3028 29291 80457 25869 53292 74641 43229 91693 19159 68951 24765 
242 17
20744 36153 189 19002 23468 395 70018 45438 43269 89742 48235 10942 17280 86949 78106 10820 98978 
6134 19
88845 8314 20223 59575 28511 15130 15983 16441 14464 46847 72197 54442 58272 21341 84770 53746 3 93362 17304 
1453 18
17714 25123 54983 15385 56190 28208 24651 38811 66733 39332 49749 1339 59341 61255 12015 70749 68226 51412 
9489 14
45503 18137 69838 38547 19784 30649 91694 45883 92402 1669 4490 88497 29598 56940 
8085 16
4954 97376 81805 55989 19725 92916 58823 21077 75703 75493 24745 98690 87050 79086 66731 31991 
6054 10
4824 58795 69265 4114 19734 63110 15284 56202 52082 61539 
4645 12
23371 14428 95329 63969 87740 35526 98861 8274 43472 4785 81895 29448 
350 12
63551 16689 4757 28363 2565 10810 43238 77936 8204 39345 55647 34408 
4355 18
55999 62148 73320 57430 45052 87950 1478 7753 56024 81916 51294 98644 28851 13807 62132 26051 47254 60822 
401 18
76985 17057 5896 76566 13170 58449 2236 4749 45239 13769 26745 61483 75380 48257 37875 88244 86633 20960 
2631 17
28844 95646 53154 41551 48846 91910 46628 98470 51443 72913 92325 86463 39248 49839 63405 11334 30747 
4083 12
52309 50999 1959 71983 16089 20469 17715 23437 67135 43990 92141 3262 
1045 19
17105 25087 20595 95978 77344 63622 90560 21886 41485 54028 20566 44114 43439 56316 91949 29992 39892 38313 49560 
156 11
13469 15885 65197 1251 54977 73296 20438 46885 42859 47307 36043 
1996 11
30382 63868 73587 26562 15683 69113 24317 33775 67027 40074 83088 
5268 19
72659 86087 76207 39324 38777 76981 6354 82841 27271 18226 86878 35742 67509 43629 44171 9693 92722 36824 80163 
8178 10
9401 81080 40436 45833 4923 53621 40020 50605 50677 96730 
3679 15
43919 30290 53944 77953 73279 33897 32628 49586 15648 91484 54193 20209 39446 23169 73820 
2701 18
58852 20053 46258 96024 99187 12255 71792 11694 86873 14226 99502 26007 94087 30546 18748 53122 86529 54900 
1705 18
69544 50406 45330 54074 27480 55585 26647 22932 60703 28747 29573 10868 85721 41700 76267 5702 26430 20589 
4504 15
45655 79202 50743 83713 47374 70027 8590 50705 79064 66356 93345 87630 3035 35121 60758 
6000 15
56524 85899 98509 54620 59037 35369 808 19791 12973 186 62716 52963 71827 76075 11441 
4246 17
79660 9858 23821 21451 8708 4405 84822 32000 66005 44035 53527 42037 38259 59780 67222 81796 64689 
2761 18
63322 51499 76196 23168 66730 35400 17870 43486 75348 51639 99504 41063 47506 87746 13609 24111 94016 32886 
2943 18
89074 42824 10040 34734 14627 36728 35038 19155 56395 38998 44522 11954 4916 61497 68429 56722 8051 90985 
1800 11
62554 51532 24025 29997 39404 31341 97417 88329 62440 37546 81760 
4250 17
64845 25688 12544 98758 8999 4060 8404 20049 59754 25963 22377 71909 95498 66035 6612 89315 16418 
5193 15
57071 69331 45002 31968 60938 74255 32326 84756 55715 28848 89721 78377 21798 78706 36532 
3258 16
30095 45434 57657 88380 54329 95274 99284 71469 63097 12543 48024 4559 32506 29180 77319 40100 
8033 17
2919 8024 38348 44501 88568 29245 46948 55854 41502 99271 73056 64948 85106 26887 68909 86261 87991 
6665 15
94640 35658 78328 60207 88816 50515 21582 31325 96148 67942 14148 49364 20270 15422 90309 
2751 19
77763 78785 69810 56546 64018 8216 89382 75564 41195 47387 30553 57073 8193 14078 14360 17685 68699 8336 23706 
7889 13
42688 60155 62823 6949 59941 57142 38700 29117 63813 38798 63094 59696 93459 
2651 16
87520 7277 69343 6709 84919 33345 15485 51735 90615 34930 303 66504 87639 35995 98402 89695 
7974 13
59320 26314 27448 26355 45484 36882 71379 76647 20571 74034 46166 46572 88310 
2200 12
65165 88829 99833 71186 15714 85916 48075 57766 20587 46567 9436 98647 
9095 13
75822 3621 72812 18313 86290 12473 93109 49484 14246 17192 86613 92928 20395 
6517 14
94997 68098 54157 30237 48405 15326 21435 96553 69713 56846 99325 82125 47637 77181 
6739 10
78605 49017 32314 60521 54695 56487 32677 22177 12013 50698 
3583 16
53798 90911 68581 4863 47975 88876 3620 70855 70646 75039 4142 10296 84632 25809 26736 66245 
6152 14
28053 5991 71306 14160 6747 94538 6315 3713 75597 71362 23049 16806 24180 33034 
2250 15
38008 10297 87671 68845 14779 46943 19243 87037 52198 54812 3417 3737 95542 84817 70257 
7177 12
92866 37924 5660 3402 79707 28825 2230 7818 98723 41812 41307 91994 
9070 20
1833 95623 26864 50741 79699 34749 28391 18933 48849 34078 41616 95459 18941 78692 78830 22344 46400 78622 12507 12301 
2339 17
95783 84827 69216 65811 86162 55998 93801 48621 82212 88562 13989 73062 5851 98479 16402 31604 676 
6977 17
66128 32183 70449 71114 50143 34286 75975 32393 26326 17293 1942 99975 97203 16614 48057 70124 99006 
6669 17
59832 96915 92111 3242 85781 83505 23109 99363 42918 38592 85615 13095 35314 77258 1918 1889 1901 
7281 17
4425 53518 35664 83800 8971 20628 33026 12771 64213 88047 87511 27077 15340 74003 3009 92440 26693 
9855 20
60258 74200 83257 45533 55738 34698 84226 89198 14014 94033 64392 21342 79077 31629 2999 56073 18568 51479 24583 69233 
1588 16
51817 62772 12455 73895 27446 6186 64328 38411 81941 98187 13277 48737 24869 28684 31691 59422 
7308 14
10896 21713 75913 48460 67249 11678 56598 78871 24598 24479 38808 29482 31752 40867 
9927 12
15046 62049 62499 74206 79480 25242 30544 6861 6495 87095 75180 79254 
6805 18
8175 5852 63182 87313 12103 12320 4740 83178 49444 72651 83935 6252 7080 96088 51279 85071 20240 59020 
2548 17
32726 86711 28728 32195 13294 47803 86674 55805 45656 74100 75343 94111 84796 4499 79523 27691 52917 
1379 19
40691 18061 99303 94194 50974 6759 79392 50975 29568 70157 13597 5584 98744 30402 54450 35731 91675 33885 26558 
4437 17
80624 51678 39214 93000 87815 21619 40073 9398 69434 68618 59281 47173 58316 13497 3701 87657 30799 
8333 17
45499 14071 21547 7009 16354 26207 83079 70283 39055 71629 10462 48976 65108 91432 98635 79174 61673 
596 16
92762 4486 72410 5803 19381 29978 93847 90416 46476 86698 34563 21094 78750 45189 73424 62933 
599 17
65840 77874 84613 56373 86730 12746 11155 89722 2772 70241 78333 95277 91700 23800 25834 87674 87928 
4631 17
80045 80217 49982 43970 9577 98260 49649 66446 52408 56132 40434 85608 80023 74390 6866 12505 63708 
4251 12
46481 95377 16994 80130 15036 61616 80598 7613 49793 41937 60970 93029 
7358 18
8226 6016 41726 46729 65508 65619 36550 63957 45114 59605 34271 81543 47834 46203 67570 34122 51487 88944 
679 18
8937 76598 98826 5008 10728 38913 39950 5442 85535 63537 90947 91702 38440 56499 66304 28064 42288 93904 
2044 19
29958 39554 69029 71861 27066 89068 25945 63471 64546 92294 79761 7230 69976 59429 34336 2766 73699 63723 84863 
587 12
95174 14665 73207 55872 43069 53810 56129 5159 79343 80208 89899 9451 
5530 17
59366 81846 95967 94165 8809 70492 6221 3036 51062 71384 15173 78721 36305 76723 81028 19170 38569 
2115 17
57393 631 52372 56731 70698 30329 67550 40196 44940 50089 82299 3811 72783 62652 36470 99988 28285 
7874 17
59671 80391 45742 30154 29032 88927 88206 4589 66548 20886 24224 70627 95943 7841 77996 43227 96421 
7995 14
76518 7514 78404 25285 19974 95027 30852 72285 47295 5768 64041 55364 74621 96627 
1154 17
76263 89411 4517 21593 94666 38244 68390 33886 87964 22384 93107 44725 45281 78403 13341 10939 36558 
5114 11
51753 19101 39537 10816 64125 84008 21348 85069 11071 17830 83395 
7406 17
77211 94326 63009 34578 27132 9443 2389 93620 42846 45511 97593 5441 2262 48852 94609 47760 17657 
3406 17
39556 22649 28551 67680 2525 55139 82917 53507 3749 86556 77535 82683 84299 66604 2838 36740 91345 
2161 12
85231 60933 8541 77726 35535 42313 79403 33316 54735 11177 27813 29731 
7634 15
30016 19427 2837 97306 14300 98006 30971 87371 73185 79794 7308 84565 79671 62194 43729 
8969 17
69672 4302 46138 81901 77044 66073 17998 32241 81980 92297 35926 88480 11054 34427 25072 75262 92425 
7312 17
50617 49967 44421 62565 24747 61924 94242 12197 88202 28791 58254 39265 61897 33892 27440 23031 18369 
1071 18
32627 63642 6887 6476 40591 24067 16958 95131 95444 51129 54740 72878 71649 69803 18563 37300 93264 15724 
4795 17
66064 89577 30557 54140 56737 94369 26094 37797 48450 72596 80107 79907 61996 27265 25693 60097 1740 
383 15
4838 88866 94394 94186 69734 91316 32051 92070 54707 23838 928 82241 20909 67988 4887 
7984 17
44930 27980 57104 6981 7690 57279 40900 55615 78896 88120 97991 96995 83098 98660 59248 60574 56008 
416 16
27052 96196 71411 80870 58698 61397 57140 78548 10280 82929 19674 84065 97542 348 34561 85782 
7533 16
22825 49380 50358 12511 37097 52756 46742 54296 52024 95154 70435 43745 69426 43403 87845 45926 
2058 13
32764 85397 9370 20315 58545 36073 80998 19708 37058 96608 89966 65925 51763 
7881 12
30489 8436 94115 69356 47235 30549 40758 27882 50018 12040 95013 29647 
205 16
48013 59987 38482 17610 89409 35266 36301 64997 5036 28752 22789 15899 54398 81965 8895 85922 
2211 10
66300 58293 9819 56856 50477 67190 2843 61999 85137 82406 
4463 18
28195 7858 47964 39388 25685 87340 25398 53413 49953 83013 45282 829 32644 79233 90453 93378 33779 47407 
2959 19
10966 79181 53266 21030 24428 59342 78222 95288 7950 45449 90280 52491 34390 37926 52099 87495 47127 93502 50771 
9182 18
58359 90879 30453 93808 70878 31401 74689 85098 37440 70696 53019 95891 83200 90723 69375 22630 52385 58196 
2354 18
83836 34592 13855 85588 98489 40503 36553 88758 95568 44082 64925 17389 84102 94728 10055 18980 43350 48364 
1229 14
79616 90096 42863 89893 69387 11794 11142 52749 50904 8896 76472 60936 79141 63469 
9587 17
70379 24878 98807 64121 52171 63923 82942 11040 56026 42978 84442 10874 68673 35837 1564 24357 36979 
3347 15
67037 27081 63909 73956 39798 79488 46296 42963 86885 58386 88907 73455 63417 56624 24924 
4395 17
66605 93942 77725 91034 90725 91851 84928 93784 48010 80554 14023 68609 78663 12772 69050 97933 19596 
7840 16
24511 87247 11583 57703 74561 93026 33102 3376 88009 34314 67471 34356 90298 44957 59713 44441 
8628 14
10086 58598 90841 31738 19720 47784 78777 44180 72673 70325 25297 63623 15373 34688 
6423 18
16915 6832 18339 40246 95350 95909 60935 7116 51462 64766 77451 10228 83681 23991 28524 9657 92164 29438 
2138 12
5474 20154 37049 4045 49068 59919 59528 76670 1663 43595 15015 25805 
1553 18
21370 69645 1360 342 30234 60459 2859 96651 19105 54830 68934 66173 40468 14183 422 50422 93628 30699 
1161 11
41509 24904 17614 57095 31630 50715 45754 83258 35684 47289 6615 
6603 16
97381 72164 55519 4878 52475 78897 14793 33966 32980 33322 63190 91856 29803 8443 59514 61709 
5687 16
57895 80350 56915 24711 77519 93903 11163 99532 26971 1309 71188 20019 40386 82885 17174 64527 
5849 16
1608 97553 99523 49834 44926 79817 15196 89578 13806 75944 11766 80951 45652 45671 15950 80858 
8654 16
8283 73803 11386 87588 95879 83828 59438 93649 28178 5419 43786 79317 86537 45237 95915 1226 
5094 16
31735 82605 66827 68166 73576 49277 45437 35863 35148 67580 88548 80524 4146 24566 34413 64846 
4510 18
12865 71227 61234 41060 85602 32447 90678 24387 1316 78869 11919 84263 8918 69317 93953 46784 44519 51588 
7123 15
47465 76394 87999 74271 55105 47314 19489 11158 19726 96111 92478 54767 57584 23095 43848 
3940 16
86701 97083 95469 46368 21728 93821 58153 81194 49524 31355 99161 82599 37621 30845 13590 94706 
5513 15
92024 56844 71501 87634 44137 68500 31381 87175 49374 65210 4574 3443 85906 53280 39013 
752 17
30917 12133 28446 16350 55619 93744 18064 61302 70551 31700 72792 39254 94303 81483 26416 43031 91548 
7666 17
57985 59732 10829 83744 71368 43543 72848 62577 23158 64442 4587 74893 67198 35764 12676 6528 7657 
5760 15
36200 35401 58642 25516 31579 69294 28307 10971 46752 56581 3841 44614 32273 1536 63832 
9080 15
62283 62624 88381 36678 10837 22636 82772 71727 61045 50566 65491 25423 34134 95328 27874 
3766 11
97610 53710 23121 41609 98159 72504 89793 24788 22781 52837 96098 
1397 18
17529 14265 45733 50055 83582 56640 1422 62582 13136 29597 11232 73566 80506 18788 92248 95221 66665 36689 
1721 16
96680 1328 66601 92021 12941 12706 26762 75648 9681 13436 1271 29998 6368 979 46182 49144 
2429 18
19201 68148 80317 14201 49180 50104 11679 8951 57579 14625 87863 11092 16390 65499 2292 14546 85520 79520 
4330 11
96715 71274 72368 96206 60050 2290 80442 97836 87042 6287 52496 
1760 10
5901 39132 49620 14830 22422 40929 58487 82880 46805 28953 
6702 17
32460 89309 25794 18442 19296 36390 25065 65657 46273 22817 75983 76843 41999 8808 81785 93166 63639 
136 19
59229 89139 44802 13761 40032 91654 56992 80739 30890 59705 77442 58009 96918 71630 26421 98607 43787 13762 82340 
3921 16
46074 76490 60181 45079 1420 43480 61771 15053 14659 63852 89556 89729 54401 86890 85820 74507 
6953 16
4460 44169 71259 13413 40597 2391 45821 54548 6931 67642 46259 29728 66523 84887 52169 46501 
1129 18
52060 6439 30442 72190 85699 99305 42788 80633 97345 41598 90120 99732 43757 33649 48935 92967 49311 51561 
1438 17
68407 23290 2534 81831 71586 70205 12833 1026 57769 42181 28131 2235 8610 93989 78128 10044 65681 
6418 15
14997 22844 79744 82879 91998 57577 75744 3708 4176 71901 55251 7124 81382 36770 55802 
3026 19
33065 5173 77824 54088 6166 91727 28839 96927 2743 26360 9895 34292 55319 59567 59129 77345 95553 95428 46120 
4742 15
56443 71519 93082 96223 13207 10573 19146 1743 40125 71030 79458 31916 8825 22189 87984 
217 14
59223 36514 61774 48188 30982 30737 70281 12165 62843 48249 35495 58261 75360 13804 
9801 15
77843 58702 46555 76761 88513 18877 53337 90046 88690 11011 64667 93741 94760 40287 41669 
339 16
55575 72357 17915 46187 86688 37593 13498 34201 19998 42160 43697 69372 88088 79228 27942 77635 
8613 16
50683 34227 89288 51849 93189 54571 34023 40149 9037 90998 1713 69355 84969 63359 36244 46159 
5171 18
16578 35832 10543 49129 52278 83485 98516 58294 59834 71222 31258 22050 72825 72316 8111 32968 57161 30835 
5281 15
85487 29553 10224 60825 86086 53940 33046 92374 22276 85547 14677 30916 5775 99717 3255 
1855 17
62318 68164 60793 73051 15651 59700 73047 98138 95525 29595 99613 9069 34946 97531 58574 42300 96407 
972 16
67802 27474 16153 41005 15185 22442 90445 60423 23737 42783 67061 2497 71103 55508 54586 35199 
165 17
70232 77458 56855 28355 37089 6338 82111 76135 81958 57068 71402 78531 77356 91426 33518 29967 88798 
8279 11
63029 11213 73237 96414 98543 32039 43322 79437 63624 82502 24737 
5427 14
25335 48764 78939 92912 33340 16191 60495 95337 75811 28677 37203 70834 13678 96387 
1004 12
87426 7509 2399 71234 62479 24346 19231 71759 40950 77426 99535 70011 
9647 16
6639 93830 20992 36874 22523 36307 29392 69201 25354 15121 14951 3723 46419 25514 24037 47109 
1488 13
24347 5672 94462 22695 39288 94939 1762 80258 33891 32887 97224 14619 37975 
9421 18
46482 45779 99889 9220 63456 86837 58262 91362 83448 2690 92428 33654 24786 56960 38279 33784 50109 50353 
1899 15
23284 60303 1716 62989 58204 27669 57857 20237 18414 54589 9339 32672 93748 42150 25893 
2743 12
26435 5732 89395 5936 36887 8141 21263 57184 31334 23235 27303 61905 
1878 12
28574 48646 44655 84076 11468 55740 18070 98695 95668 54475 39007 33312 
8917 14
32911 3456 38007 42526 18745 65614 10177 14901 40941 61097 22365 60134 39083 6604 
293 15
89089 32085 1378 30919 15322 88008 35161 19233 74344 52805 66807 21757 87656 46410 23028 
4316 19
13342 77513 87587 71294 78639 27151 14926 35146 5208 69061 37870 24007 33788 99961 59990 26179 66447 4950 18902 
197 19
63467 38155 28875 59236 15815 44601 90359 27485 80152 55961 66394 97230 91460 38453 60766 47884 10421 24851 66822 
6673 10
73418 34572 76296 23796 50888 30070 65766 51168 42973 54187 
2013 17
92691 53835 31217 23008 25257 71968 64823 44499 51428 16225 51244 95549 58155 22440 9792 64668 41015 
1963 20
36219 41579 22925 47421 21730 53039 77314 41118 27447 85379 41602 65636 60410 41207 70641 6107 95370 61203 33341 36653 
3919 11
90734 1184 21917 40245 66590 94347 4461 89941 15819 56056 69802 
4817 14
73641 94199 42036 89661 86077 69823 15645 30252 54216 71596 88560 48229 11129 38858 
4705 16
37941 9691 19051 51664 92431 71928 26982 33664 24661 95102 66365 29112 15961 28939 58350 46654 
5510 14
66083 80974 15448 35068 45455 23029 61620 49426 63147 67104 69642 78494 77436 64469 
4170 16
24690 78045 62164 13380 21707 9654 8546 56800 84045 22287 52006 39584 83717 62841 80354 61321 
2007 18
81808 41736 90276 15539 71235 34283 38015 9537 8237 86760 31316 65964 12360 97125 25632 35018 61414 33004 
54 15
84312 25896 13920 66803 72890 42403 52778 1443 50638 97254 81349 16396 49211 24468 30585 
8450 18
48365 65968 28509 74610 52759 25301 24474 12668 42454 60389 44254 28983 48071 18541 14602 46318 96231 40969 
9060 18
17460 91847 85768 78524 15588 58438 32288 49125 82115 73534 30539 2832 39421 51498 28418 47744 3631 21954 
4001 16
13030 21650 77141 90042 65591 79390 31140 8528 97667 51954 19280 81051 13888 89416 29890 45852 
2510 13
36151 20151 88952 51299 410 90510 94567 68356 58544 39652 58393 19813 70989 
8008 16
71377 50829 23597 61943 33914 35381 78600 3839 38386 93520 86370 765 69382 47538 78634 69813 
7096 13
14081 74848 51471 3912 7263 56709 98137 59961 70558 21657 37822 74167 11788 
6063 19
54575 67622 67848 78200 9552 95598 41516 96428 79788 1266 85987 48962 36058 66962 28199 5828 91877 9218 50947 
2140 18
68277 11014 61889 51199 34067 21656 96257 32349 74569 92186 1216 48255 44281 16729 31007 99635 53975 33375 
700 17
46696 63109 26138 59674 42168 36847 93756 63296 54636 7868 37842 60993 39180 9865 67210 66592 24597 
8821 14
19272 18327 13529 20679 29246 73000 39946 73360 41558 81453 36554 40983 61562 51076 
5569 13
64850 34230 84254 59384 3796 62797 42224 9565 17805 83966 1429 54440 49204 
7479 17
70357 14401 18725 65444 99231 35496 2043 23819 84395 40981 73378 37020 48569 72613 87337 23657 85975 
2541 18
23352 96147 57554 79040 25662 73929 12444 32094 41831 12038 54239 98796 43459 29965 19302 59039 14967 5197 
694 12
58055 95671 57748 50489 56320 42094 55401 49859 62376 44731 76704 2487 
5956 17
61150 73217 1566 33959 51647 57377 66314 65480 81811 92215 93419 7784 62969 34372 23111 18497 89882 
9775 17
77110 63160 77427 96993 79094 63112 74620 61448 40064 94834 58834 4152 7553 65172 75873 51106 10071 
4828 18
19797 80928 94398 54907 45350 18825 91838 30359 66981 28147 51609 80393 32776 41459 24202 44288 11114 21408 
969 14
16352 11375 3560 94144 29407 6800 51351 77890 64681 38137 24281 90538 7644 4938 
2998 16
16572 31009 41318 13822 95424 71448 88364 26160 12141 94677 54540 42006 59790 14986 26729 87616 
1432 16
44014 43667 71266 696 74840 39239 92158 63003 84417 35888 4996 39998 26297 87873 67751 1554 
5006 19
54408 54828 50106 68314 21514 30427 91079 53649 6050 25614 12938 18289 57867 64415 76702 46101 95257 35815 39830 
4803 15
38697 93237 88996 73946 10540 25838 42472 64724 82890 31486 10665 4008 88501 81947 54173 
8586 14
9338 57052 91898 62142 23871 21071 99515 34679 72714 48353 95205 97068 72661 10523 
6715 16
35878 70288 49510 96008 69349 94724 95314 3598 68116 34769 98111 26822 67956 75926 92033 1147 
2928 16
97630 84448 67282 16309 16159 18109 12157 57257 31414 82132 50115 47749 63149 77931 83392 63521 
8328 17
86907 92596 3549 46690 17414 8882 9753 74458 76330 45149 70422 22131 63526 42852 86436 45518 1788 
2268 16
16134 82754 38861 16826 53492 46685 17071 99746 45035 35862 78188 49584 7877 46809 37530 18519 
7349 13
59041 85279 26091 79362 33490 16892 31597 32445 80668 74246 84314 79401 17422 
3726 14
25619 60925 84645 55052 4363 64035 32226 36631 28561 19778 28990 85115 64529 98339 
1204 19
691 88684 78355 62670 97140 58673 11271 6582 12557 64777 79823 86720 50420 54349 27545 29562 11677 31487 85773 
5532 16
77124 9624 58431 75618 36759 45150 76154 64219 20449 84803 81458 4594 70554 56444 8841 99553 
2260 16
93385 53854 49470 43072 1867 42714 97427 40058 21737 95866 87116 65117 32797 69575 31416 29339 
9418 18
91655 20980 69177 26456 78381 62226 43477 73199 92734 67217 39933 74813 38012 90469 23166 6337 94844 31984 
3580 17
54485 15914 26308 74033 43312 88651 94672 33000 7837 12403 58325 29107 47553 93285 84211 24670 22381 
4024 18
85138 7872 61395 25713 67415 62073 56000 97843 74750 47185 88984 40333 56147 96867 71537 67597 74278 70994 
9847 19
40102 53569 49572 25360 83320 76930 96190 11764 81346 83562 98774 67470 90236 51583 34886 42249 31148 37905 85170 
5420 16
70074 8032 81301 61732 46153 60166 87071 55451 59936 29580 49151 61901 9063 58036 91044 30188 
1642 12
60376 28992 27676 39035 40340 3529 44640 60189 90029 33251 32091 80174 
1120 17
23815 56255 97012 46760 40692 88529 2804 95433 41930 71055 32711 19989 77685 16512 76503 89004 25925 
2608 18
17701 94767 70583 49034 37863 80164 11918 79658 63594 86940 54742 36745 34119 56123 99212 54180 46504 54120 
4924 18
92541 59614 93078 48782 56151 13354 87012 66749 44645 21951 44115 66609 99110 59889 33792 71417 66797 6532 
4277 17
1840 87780 43436 34590 5683 50526 21120 59812 76239 41002 93834 43504 46843 76576 99806 88908 15890 
7588 14
13340 69406 85330 21726 92177 99026 99210 91954 86414 76625 12516 31641 96929 77317 
3340 16
89643 82696 96673 54815 23964 77225 8177 76201 37866 7453 66710 34884 45755 46621 33191 1489 
8742 17
44510 90936 27737 12325 37428 16767 96935 93126 85229 47105 21131 85369 17861 54066 78502 67862 1795 
1970 11
30317 80411 49785 13325 60718 92429 35806 71777 60864 22341 17137 
3554 17
48778 80035 27403 65033 56799 51857 36893 46872 54720 8696 32272 10731 43252 24023 90655 75586 3002 
4418 18
8449 66886 80276 74273 23067 19468 13175 76399 22534 86946 86187 60606 19681 39182 67755 33205 29282 57803 
8839 17
73517 13780 93992 81713 62467 17418 25692 80409 4964 15830 66404 30601 79479 48420 24954 25978 76776 
9028 15
33839 1506 85016 37017 90292 70946 18377 69008 75877 27682 83450 51723 71195 9170 151 
6212 13
62838 10024 84445 15924 35388 35386 29498 14766 52625 28692 96981 11374 5696 
5194 16
72849 74765 23063 12776 2889 75220 37746 39900 39995 48164 52841 73398 44834 80453 65781 32863 
3907 11
14146 45631 92245 99279 42943 25060 34950 58981 27219 33825 39237 
462 16
11995 88288 65678 36094 36722 92412 96865 12322 82077 31505 72407 29109 84319 76817 73681 45164 
9447 18
38493 70663 38593 76262 89681 38320 34612 76725 33653 90735 98621 61857 42871 20351 83518 38150 14339 63821 
2375 17
29920 68368 37447 20658 59676 34782 15912 50227 93719 7137 72883 10711 66067 7000 23324 81737 72134 
6763 16
75245 31959 41581 36512 91995 77733 47378 91707 40343 34547 84762 79299 33409 65348 39160 50338 
1561 16
30326 71237 38789 92091 18027 58267 92126 9880 16710 37006 87458 53032 16984 5669 37612 27889 
930 19
15374 77709 50122 98123 69882 32075 60154 30940 68671 24536 24066 64593 64149 69252 62830 8878 55988 31670 68975 
3147 17
95666 38394 44216 53785 68113 10737 33718 58389 16008 95372 65986 86080 19203 86918 49251 66151 13856 
8181 18
82963 39996 15098 76450 45999 80560 83126 49564 56979 34337 7259 23141 74272 59532 29408 37489 56597 40430 
5561 18
78902 86943 89336 22333 83556 56036 45745 16694 95691 22956 46088 19769 60024 62957 63862 77839 88233 66602 
72 18
78903 86298 89314 46450 48253 91093 11162 4881 4102 54942 91784 59615 12452 17698 60433 38635 16099 52737 
2331 12
99421 67429 47495 77431 7728 99841 78051 95845 35191 82730 79548 86018 
5948 13
80915 42117 4378 62993 57115 37934 28857 21026 33742 84791 50950 94212 73319 
7839 19
53652 80364 56161 24635 33866 99122 60653 74508 26812 94038 16484 25222 33645 66130 4628 13704 25682 99997 67734 
7039 17
67834 77918 35573 42126 42519 36815 27978 83474 50114 77076 85555 72967 70713 76407 20064 27899 71440 
6470 16
52430 20950 95501 50052 35795 18006 97803 64147 52709 81962 1076 22269 90831 1969 97384 28558 
8490 14
12447 70466 48919 72199 50163 75442 52199 82276 6067 6575 74268 5462 1738 11887 
960 16
4926 72642 26015 68638 81617 84332 76569 79697 10369 87879 69955 98653 96800 5744 46488 99227 
8409 16
82810 70955 19868 16772 56398 10599 64630 30021 69191 38887 98392 38604 65606 59291 86197 66290 
1640 16
18860 91380 10173 17916 7256 57479 21242 61934 82408 230 5558 45617 97768 46517 33249 28535 
6060 10
96346 93867 58658 33014 38156 82043 44028 9960 86675 2388 
7042 17
60582 42074 72464 37687 64879 38712 77640 24343 10231 94727 18110 79123 87349 18938 1911 92896 27467 
9266 11
36294 41799 23035 21046 56308 35622 48502 34632 60879 79672 43016 
2786 14
37310 15562 29626 88803 99560 10714 7537 53376 38790 72419 55427 25368 27246 34993 
4682 17
69794 40742 84998 72909 4104 64376 37495 40842 77498 86148 78245 78576 11640 27390 29682 48382 81271 
8314 12
56962 8642 63791 26183 3608 2974 49592 15104 41770 68776 41045 13404 
5200 16
739 17045 73487 16919 38119 46191 66843 3784 60888 98368 90506 28276 60617 58521 59035 60677 
7338 16
53832 84415 35371 4659 41679 32836 22529 44353 60799 67426 26694 44533 42876 95318 33146 20506 
4367 15
17724 83811 27337 8973 83027 16329 55056 17410 44992 69318 72896 65627 92503 87161 62775 
8582 14
95124 26310 31680 60342 49047 36499 73331 83989 41460 90971 78272 56004 91550 36362 
3817 16
84587 27449 37798 84939 20117 12370 88142 35154 1970 76056 23889 99112 88456 99407 554 99990 
4431 19
55114 28784 60032 63847 41381 17664 91132 86464 5799 74076 27275 18859 41337 55444 45797 79125 57498 38796 14772 
4713 18
7840 20958 42024 4500 47016 6256 15110 97498 15233 2430 70362 79089 18798 344 86903 55232 20393 76521 
314 14
63165 1523 44995 50012 59963 60167 22302 10109 84531 64337 88138 70539 92456 64334 
1826 18
83330 21922 66497 18765 64048 26070 38060 79766 20399 17481 62632 83776 21512 5968 83483 9471 55687 90765 
4252 18
73224 19213 86957 72729 62340 26067 73659 92372 73169 87121 48475 58654 6511 28200 41155 69466 51077 34069 
9151 18
49325 39121 87691 29763 59721 4598 49083 83569 33175 82145 2175 4327 64454 87444 69350 30530 79959 52753 
3483 17
90279 42098 11010 87119 51336 82304 94901 909 87024 94004 30642 18848 91934 88637 38455 69536 1098 
410 15
86274 75795 16982 88539 51626 62165 2155 47334 80829 65641 58919 41174 36890 78865 97393 
124 17
24621 61355 24050 73992 27245 14060 85089 95809 42217 1761 15639 50535 14797 15396 72008 98554 59965 
2047 17
31450 16869 65400 85450 16253 81296 28650 75276 7932 37522 956 5708 80520 44463 19298 94556 29083 
561 17
96955 95256 53763 74585 62468 97761 8806 97800 8987 99897 85188 81332 72772 51002 51720 25871 58923 
184 18
33542 80850 64993 69535 30330 41179 66491 29786 33259 31799 56326 71043 34924 21874 87278 98043 19888 40236 
5765 12
68457 4691 88576 21176 65957 54227 37791 66855 89199 15756 6430 86956 
9911 16
98925 53222 31495 72497 22964 35153 16947 21567 1380 80577 23834 4393 244 9623 30592 10230 
9906 14
23455 11028 28601 484 77875 51599 10290 94805 45726 80751 42280 21823 59724 39590 
8056 13
31110 63827 35890 3561 75487 45770 24457 19817 87430 34361 17128 96476 28167 
8683 15
94313 22774 76224 70123 94739 58644 87996 54414 15613 5972 16759 17992 44385 60422 25176 
1906 17
10481 49715 26068 28221 57508 33200 12108 56452 71320 94019 64520 14576 39267 41627 12547 47343 75392 
132 16
56716 56677 92316 48109 92607 10227 18058 92123 31805 74613 28635 93114 45033 18120 79832 29668 
1478 16
29736 81910 56764 95287 59763 21990 16091 11030 70272 40915 94114 99281 44076 3165 88154 16541 
1448 14
89811 53233 91418 45379 95566 14370 97191 46160 88725 92889 88507 45990 61385 52876 
6783 13
79679 38845 16383 95095 33737 2324 57165 44717 67583 48392 16770 51427 82698 
3525 17
60690 22992 53202 39839 33222 88124 26248 28338 9648 72796 5122 89782 54655 97816 80204 11729 99793 
4498 17
7132 64072 93709 55528 68430 39968 68350 54017 55725 61790 69116 94147 49324 9013 56630 97018 29571 
9139 14
64792 72003 42268 33621 9723 95334 92274 10873 14898 58246 23623 87919 84966 93889 
5830 18
60649 78489 23539 13259 72476 72903 38494 66515 78890 31295 24291 6634 69900 66499 72095 48468 88894 19095 
3134 17
34939 78031 85767 57795 66699 51206 85527 76660 34373 24736 76719 79014 48041 56152 55714 49408 57609 
891 19
5752 87948 33768 39858 68095 74930 64491 67375 77788 69921 44791 76477 88916 2533 10855 6322 25101 61413 79752 
4380 16
20565 20263 82752 43103 66833 52213 38621 93492 44273 11324 61185 18963 5229 46072 45042 21474 
6995 17
65061 28301 95925 7997 82356 31004 79584 44045 59001 88527 91388 64793 19352 36061 59224 31952 10252 
8624 10
81897 16149 95528 43169 3347 93028 13968 68596 61292 26914 
5568 13
11989 65855 66563 40116 15721 70548 22644 11333 86322 83113 17432 45053 67294 
8701 15
75890 32468 22983 68291 87327 33887 70145 82586 17641 90433 5863 7804 10655 22625 39610 
7424 16
80275 96478 99679 21074 79582 32507 99761 32975 35913 93336 68365 40705 37115 66877 58581 31399 
2440 12
36019 32503 17250 95621 29022 52280 48961 273 51054 38466 44569 95859 
6367 19
8507 89772 95063 18716 68008 74113 41361 7512 51554 12701 4513 55679 51998 59315 55688 4138 46085 85339 53725 
5374 15
33074 40168 84393 50546 61236 86331 3151 82644 73312 10324 91279 75704 27044 68019 91574 
6241 18
36531 40462 42960 25240 54471 21600 74814 40351 66575 48146 12416 61451 13562 66639 98014 31889 86442 88617 
5624 14
16523 35700 19209 18406 34798 44821 60144 1647 44704 75480 82425 29703 39624 56038 
1653 17
37098 38343 23427 57035 29400 96842 94978 91818 93600 28095 28629 53375 28621 32573 13447 98634 85842 
3953 18
5704 78057 66720 51407 54495 88667 95826 11603 32155 95955 64015 64680 38261 15550 80813 28280 19290 8169 
8122 10
93479 98957 6121 22757 55650 93036 99042 62802 53274 70857 
61 14
26401 83635 10448 17897 30734 22628 26630 270 91850 91434 4280 81777 99911 38128 
3740 19
81339 77835 63558 58495 96736 46351 16097 27039 89604 66815 58097 54151 40681 68795 37086 28429 70126 74579 70845 
2384 15
83871 89392 92352 74373 32593 75040 15032 65527 72828 34763 40514 6258 40138 47168 52570 
6979 18
89839 41474 32591 40294 57859 71246 93347 41412 21211 30325 25493 15498 8991 43631 3425 18600 22906 76206 
542 14
98025 90563 22135 98687 53334 56865 77058 77627 88830 12927 45750 85408 60895 35954 
9143 17
49178 60772 25932 45158 48011 85265 88929 91287 57260 52799 66006 96999 88337 40948 67560 69322 42356 
5481 18
92815 22218 91840 6010 99293 32190 91537 11602 27096 73486 77802 35425 26150 32556 64489 76109 60798 63430 
9836 18
15151 78858 64956 86374 32683 72558 92220 84746 85288 65991 46523 10156 37094 34747 49563 32046 63244 93608 
667 14
6535 49708 28636 42870 65505 84084 1529 37390 6330 92353 6328 4430 42355 85898 
8853 15
6932 3225 98054 5587 65419 45280 41409 91871 96705 52322 45558 363 51409 32161 65909 
6924 17
71058 52515 21608 74778 914 26289 11872 72342 79063 85194 99091 17326 72444 35243 79444 74130 437 
8758 16
13373 66675 45583 57507 17985 77120 18403 74958 51760 95727 5445 60299 49244 24925 68057 36492 
2359 15
9508 55889 14067 60259 78319 30503 98686 63497 83803 19053 20678 28632 12451 52615 85810 
7366 17
21410 8121 71278 37221 97508 63615 43530 70600 99933 83223 19856 50284 36123 17681 31079 62596 74171 
1590 18
91546 42873 23648 2134 10382 74549 9828 80717 90864 22519 2770 83061 8255 27041 67334 16264 75650 39080 
4977 15
63297 11224 11548 49185 24860 67647 37896 76211 65947 16293 90518 29970 67010 28157 36862 
6636 15
42641 997 71874 5454 54092 97223 34089 1816 60066 95361 75695 47875 47982 88953 32592 
1201 18
78818 16196 58677 48464 28933 91106 33588 99331 63192 4850 8851 93111 6471 84256 26759 66837 33482 99899 
8390 18
32568 42303 48266 60519 49743 87760 90866 56049 52167 83316 17788 27709 65036 18962 9561 93150 90497 44742 
1602 17
2106 87254 5143 76023 2607 56743 51860 27394 81360 54635 17549 16624 97744 29549 68467 22399 70015 
703 16
86055 73064 49338 23091 66951 89033 36614 70286 79756 49317 45427 10282 39014 97238 73048 75982 
713 16
76825 61069 40408 3566 91155 28713 45387 49475 28565 82198 32643 96448 89016 8217 52742 74248 
2079 16
81842 82091 87837 87813 10174 9323 47464 49627 13037 60294 65350 96654 24382 58472 49369 22275 
9323 13
56664 64935 32041 94495 74911 89145 48421 83574 59722 75862 56860 91919 96985 
4457 15
89928 29127 89588 48851 72070 90672 43625 29944 10762 39188 52833 87383 13166 72866 74825 
5345 19
860 89116 97852 15602 94530 98257 32964 24450 62392 72349 11138 17624 31374 36536 95436 90912 13629 30131 56301 
198 13
36870 79943 3333 11316 19029 46140 9872 42091 40934 37953 86139 64023 38878 
20 16
79689 88220 54544 82710 37314 92494 60514 83263 6642 46404 70902 21904 54112 68344 99671 56269 
2065 18
97799 32432 82327 27879 97684 91884 96522 72615 86063 20447 93607 57532 55547 75472 56967 43614 75920 68313 
88 16
92257 9925 64710 83567 2478 13921 16584 30039 28074 15842 42841 8235 85299 83687 16004 96717 
5348 17
2519 30289 22038 37958 21795 43951 16521 30371 60666 44592 63951 6144 42335 75228 92159 70428 9820 
1671 15
1780 9741 90169 88014 63207 69330 19287 69239 16696 21087 79097 57973 3125 26508 60089 
7658 13
8891 20970 40645 25826 48988 6353 16453 55638 62112 25900 47815 31242 82620 
8543 11
418 8552 26499 76542 22740 24849 40890 8755 48140 8409 71101 
5723 16
71578 12861 63477 30312 68205 92131 94210 24408 38371 38632 62640 99295 59787 10708 43470 64924 
