106
3574 5
12414 63726 16313 6497 42773 
1420 5
87570 68431 40685 7483 11677 
50 9
16660 24689 41033 38065 5461 71747 6361 50322 79419 
4414 5
82936 76419 80857 50200 13819 
5648 9
73218 45761 59777 18894 28120 10677 18952 43485 98493 
3794 8
71137 45419 44207 32076 3569 65014 17844 1748 
867 5
59128 21515 78466 58539 66069 
3089 4
91926 79931 23531 25533 
6290 7
22724 5878 55014 96462 60089 41721 73734 
7599 6
18084 79661 47683 36599 77100 18637 
205 5
36355 76377 38604 33259 35757 
3235 6
77938 71399 57099 43549 36343 8578 
88 4
4642 41551 95454 397 
589 6
94172 17986 90332 88814 90592 91946 
6003 5
92041 58610 21906 27112 34123 
1043 5
55552 51604 96390 96149 65751 
1709 5
97079 5708 70401 46010 34954 
4197 6
85353 90497 66217 43603 24339 2510 
3828 8
26374 38443 10155 62329 34004 75874 86097 69594 
2440 5
64647 35559 70806 53386 45362 
3642 4
61806 75359 60680 9729 
2328 5
44509 52774 94024 9502 52456 
1980 5
87502 93016 4602 15678 53201 
783 5
15228 42297 99485 84766 27906 
1071 8
39073 40964 68746 1094 68913 94539 91470 1096 
1023 5
43329 81790 14053 13364 12078 
1469 5
97814 85849 71913 58717 94824 
4294 6
20255 33653 64671 34017 7844 1635 
7173 6
62346 71670 8781 99274 8146 40302 
3209 4
97640 99450 57093 18162 
5017 5
68235 80557 96335 85942 52223 
8543 4
82667 16504 66728 55490 
7659 5
92373 55194 5849 40857 72648 
3230 4
41034 16137 77162 97278 
622 5
26097 64823 85002 10241 41064 
8722 5
22978 56759 11685 15568 34839 
6995 6
98349 1282 42585 6222 15464 4156 
1646 5
42667 18350 6215 1472 15629 
351 5
12378 44855 13735 38253 85624 
6295 5
53971 99747 5863 33221 78797 
3772 6
9783 12944 2838 78638 8201 78771 
4543 8
16136 90519 50169 21042 43241 59612 10057 64797 
9160 7
62746 43052 42861 4406 32917 35403 26948 
2779 4
27559 76349 43953 91245 
3795 5
92746 25656 32424 49098 73665 
5281 8
75577 70296 18838 1196 63817 8043 39859 69873 
7081 7
45771 2116 76791 12845 68186 54816 51638 
7322 9
11323 67848 24508 50145 90971 2250 37357 87793 86439 
9304 4
26961 43437 31232 13348 
3887 9
80744 3136 86646 25953 4614 78226 27447 21591 1871 
2930 5
4715 71437 88834 41992 71603 
1127 4
80932 34582 61054 30900 
3377 8
72713 26332 74779 69433 33220 64490 71505 31753 
1455 4
5190 74776 65262 60515 
757 6
6987 35485 68545 88435 1807 91869 
766 8
8812 61514 9821 64675 14396 34224 74959 3870 
4400 5
68114 94610 51675 26664 30917 
3698 4
6565 95610 6110 96665 
1465 6
50086 6443 48233 61464 51788 68508 
4045 5
47726 24983 17469 8842 97634 
5970 6
60764 51805 42963 6675 26421 56734 
8437 6
39889 86883 73972 55147 2688 60308 
1815 5
97112 77921 4468 30321 95912 
3033 7
94053 38588 97230 50084 84924 12089 50009 
5978 5
61937 72776 5783 20931 44159 
2670 6
14849 21565 98082 34603 45325 20212 
4613 8
28338 56126 42944 9651 17654 63923 59 75825 
3970 5
92934 59322 60445 43597 20259 
9194 5
80548 11154 94921 18472 36686 
3279 7
40719 87189 46464 90051 91878 8726 97233 
614 4
53651 48493 54450 160 
5184 5
94683 20744 28158 69476 99186 
4393 7
41503 51380 96824 698 98653 58918 67345 
879 4
29327 50440 54507 65370 
7225 5
503 27743 40923 81190 96017 
3979 5
73694 67852 72755 57742 48078 
1888 4
55936 274 10620 98347 
1739 6
93517 46650 93445 1324 91759 42104 
2625 5
39171 8376 81872 5943 13902 
3152 5
53918 46000 62282 73554 32887 
5181 4
37378 99877 53885 63019 
2512 7
35501 34797 33363 92756 71405 81549 43104 
3220 6
85451 11068 5165 84051 76294 75385 
7840 6
29481 91773 89874 92870 79118 20146 
2368 5
24908 58675 99311 45647 54793 
4054 9
45719 84522 83965 73454 15341 22977 8550 88339 89065 
9074 6
23040 1923 70516 73590 17886 75749 
9328 7
91267 57895 71096 48750 76642 21909 14608 
3231 4
20252 40170 33109 78292 
4156 7
88859 83237 95358 72423 28909 13318 59019 
3714 6
29482 16948 36470 80933 55806 47837 
4804 5
77116 71782 95842 98207 87897 
2771 4
49889 23625 17767 26840 
6704 5
72585 3941 82695 54675 277 
1102 4
85354 54489 70993 25199 
4882 6
79976 243 94305 53786 56069 67028 
3583 4
20260 96660 30403 80806 
1343 4
35968 19426 72795 30106 
3862 6
61969 46677 93165 27144 95228 8189 
4267 7
36351 15937 55160 55405 81090 24867 94352 
3871 6
36258 93519 42847 81169 11281 86391 
2785 5
23857 2376 1589 35829 10707 
2455 4
61328 29169 5897 55168 
3023 4
54575 42473 85000 55064 
2279 6
96002 81387 52434 31345 80654 65290 
3901 5
62121 7497 20350 35159 69101 
