91
6123 9
63560 23599 24833 25054 27154 79660 79888 91903 94040 
2214 8
87507 47828 26633 786 17210 19713 58502 99882 
3278 9
68192 32127 59169 3468 36467 3481 74862 32491 34351 
371 7
89694 64822 77867 83253 68373 59189 38433 
2170 8
57393 3238 88951 89301 80818 64774 65002 95982 
1465 7
82019 77315 19848 41109 27885 38216 7304 
173 9
21833 66807 66478 46262 95305 53047 3579 33015 46023 
223 8
32912 79964 48045 35782 46256 68296 28792 59458 
6019 9
82463 585 81992 46379 25922 86905 49051 5803 71536 
5028 10
80032 33318 87764 60137 5247 97281 16174 99016 87211 86293 
7348 8
13895 91742 43580 93461 62546 30149 80077 18109 
6319 8
51943 84513 44471 94753 27306 84715 25508 58186 
1109 8
61041 83092 86457 53554 85526 14770 86674 6388 
583 9
20875 22321 4279 59161 15004 24730 4724 67972 58213 
5808 9
93347 15995 89564 50198 23831 35486 99125 59902 68046 
4566 8
82977 41532 69306 67806 97582 139 38613 47242 
1955 9
13914 54518 56288 73717 74168 99995 67221 7580 89203 
4242 9
73362 78165 97950 62795 59330 91615 61718 43841 60614 
2183 10
92568 97897 22007 10328 32198 67411 30508 70312 79189 71667 
2218 9
83745 12827 32841 54829 49968 87787 98079 28211 66245 
2554 10
95520 33948 9872 53403 79741 89316 65778 49673 67989 60627 
6420 10
38954 68051 23110 24016 90411 1827 36320 11724 96593 13002 
2499 10
69162 75743 6878 81239 38701 60617 47087 55188 42911 36507 
5873 8
39407 23184 63868 59160 98119 62096 17416 68702 
6617 7
3765 47148 37816 41410 28844 87002 91447 
129 8
2433 78268 70067 44598 15291 5825 33608 45662 
5814 8
59086 65639 65923 54618 14078 80351 62670 28356 
1274 7
5987 73496 91694 1244 26506 47767 21404 
1068 8
33995 34378 9163 38848 90963 4575 52976 24835 
2457 7
31158 414 50091 55800 63717 34530 21912 
965 7
80378 19654 99652 64223 42216 99421 74771 
536 8
22267 64937 16129 62842 45980 76336 11640 2583 
1449 9
48719 90049 34590 36680 42455 57756 78817 19680 76266 
1384 7
21716 67420 66799 70407 48046 24962 68492 
2321 8
38707 52119 66836 11291 91247 95809 37424 99169 
1682 8
79951 99987 32399 59738 97903 30670 19216 80721 
7142 10
57594 96750 8148 91833 94035 85139 73446 9023 1015 13824 
1828 7
21187 71734 59346 88373 14211 91932 75520 
554 8
77052 56920 3226 35779 55028 65685 31493 62212 
1487 7
29707 86755 86893 10398 2243 59811 92649 
5952 9
39240 12242 13282 29002 73287 25609 3780 84917 12022 
7629 8
31237 4956 19104 83284 39829 94802 18958 5863 
6672 11
58191 10593 36298 20774 29468 95300 86717 80485 82089 17090 98288 
3330 8
98027 14300 21911 44732 10781 72013 86512 17687 
2257 7
4793 10898 84509 78772 33815 79127 58418 
2745 8
31673 54684 49803 45936 27284 52019 40017 88740 
3036 8
30875 73035 83642 62359 59255 6889 89804 59374 
6137 8
77263 36406 98678 79231 90882 58302 39470 14059 
4771 10
37063 85094 17635 59298 29267 12191 53086 19564 75907 24001 
1502 7
72156 29217 98498 80330 11076 93915 84023 
5216 7
16871 76149 76177 21291 29771 33025 3315 
4436 9
95394 72188 49768 5048 7042 16102 91103 31393 10303 
5555 9
64643 45457 91215 23160 76984 99184 86474 20521 30507 
4909 8
98859 44004 60833 88444 58384 88997 96740 93393 
5820 9
14013 86715 32174 32536 68597 70349 2691 65110 73872 
2684 10
9681 9196 17671 689 17027 73854 81387 41683 1326 52232 
1510 8
37601 73989 86895 84075 78513 48669 62048 91567 
1340 8
67714 14624 81603 7847 33918 49425 33169 66231 
2707 10
60440 50850 48317 71982 23086 45024 73312 28677 90069 16633 
3575 8
89420 67617 35535 51893 28456 90413 62532 11219 
415 8
43655 79364 40022 33594 2494 92995 18682 81324 
1625 7
43325 70343 8510 5620 53380 74953 66480 
45 8
33339 59827 70357 75999 75192 81158 20434 4873 
2167 8
26457 2151 79463 19376 1220 98750 50856 45763 
2753 10
98996 64109 36324 79457 11231 86817 85780 53202 47484 23025 
6636 9
27614 55310 60870 6343 59526 29445 34648 37389 66271 
1254 8
25194 77210 49823 53142 39438 83968 82597 80420 
1869 8
91974 81765 11563 70446 28899 53892 4684 45055 
7744 11
75203 11835 11989 37223 42895 5737 76334 72541 27934 59572 521 
515 9
18621 54756 49953 61635 78897 57279 48712 19794 63532 
1330 7
40249 42887 80265 38201 48058 9486 11792 
1619 8
36759 5626 59248 91245 9452 19090 99657 71951 
911 8
62116 36383 36246 7716 63199 69458 76008 16087 
3880 11
8190 58151 826 87105 22516 20534 35860 6687 12590 27859 17895 
3307 9
22640 352 45370 63752 22134 65451 73460 16105 66108 
2004 9
91849 22137 51124 43168 96793 68964 49703 98834 17946 
3308 9
44585 24095 2705 38992 28957 75132 63780 20884 91039 
194 8
80940 28210 45166 78595 5112 45152 47517 41700 
18 7
4258 64126 18049 21251 12562 70140 69442 
6301 9
77427 6248 62429 30148 95389 63660 77969 33054 69204 
512 7
68365 5012 37789 1608 31113 35879 16898 
5313 8
16451 53677 21082 31652 77362 47658 17950 27609 
734 8
65376 57959 36279 53861 23864 25632 58790 34834 
7790 11
12241 88730 5695 3569 57952 68858 91726 86531 21463 56056 25090 
6839 8
74091 56780 49031 5169 36348 15332 2586 9899 
6618 9
73203 99496 32668 86644 11243 24963 10990 67293 94616 
591 7
96927 78530 63444 60041 16660 84055 49858 
3463 7
7888 21471 39410 64392 41583 78234 20070 
2498 8
49135 4742 35042 41437 4820 11409 67679 44957 
7059 7
17772 12619 14548 2246 9306 41631 7146 
7064 7
62963 39999 88611 89327 57079 12282 99948 
