48
2989 13
54426 21413 42143 43623 93999 18770 13478 16263 11040 25285 54936 15859 56398 
526 13
49726 22353 5380 58982 78405 39041 89763 99927 51292 36456 43534 11726 3283 
2761 12
86151 36450 41351 17003 27103 14161 61126 87270 51623 38579 82443 8804 
2090 14
58498 23955 89988 25460 11400 61528 99803 74230 80283 99581 97662 39537 39752 94378 
1588 12
71727 80822 66723 12871 97833 28041 13055 55640 66008 37175 59242 14728 
6252 13
89462 77695 71581 94064 41529 82540 90972 81066 59541 30683 65486 24352 70923 
1535 13
81000 43227 27752 70856 10509 53686 47841 75933 27553 24355 3956 35062 63381 
4290 13
77912 75247 53805 61338 34264 25420 13321 41133 77865 55731 12543 26594 41682 
3416 17
75104 71617 91088 37603 40843 56379 89503 36519 52478 4041 7562 8994 59974 94942 6587 50312 7473 
4735 16
73029 88750 88533 18878 32045 74088 98329 3643 83526 87205 94114 54779 15355 38560 6239 33141 
3258 15
40280 62471 63402 70748 32745 32937 55062 84082 81286 93165 19781 38781 68078 97217 79300 
634 14
68880 10974 99550 73480 57342 37002 31456 51317 16546 7125 4232 64874 18349 54279 
1908 15
47335 649 12277 7502 20725 88162 52777 46189 30281 75251 77197 89097 77781 19109 74854 
2726 13
83337 62518 75724 58456 40494 52444 22510 93603 19994 33664 95588 8158 29509 
4652 14
7492 77059 39970 69827 76873 58796 34185 957 65892 98263 88054 26727 46480 44016 
4766 14
79518 39631 628 13470 53440 50219 11074 57882 99019 20419 48164 98587 23233 6225 
484 14
93132 25254 1569 4466 91447 58036 10488 94219 78683 81558 9588 53678 91354 58896 
3475 16
35601 2370 56668 49087 90734 51175 41860 98403 6984 67280 10981 61823 9213 80518 30622 3406 
1214 17
56855 92133 92217 83884 18007 21986 36639 32694 37762 87581 70377 56994 74482 79714 64571 87845 55502 
284 12
59336 37964 44801 37390 18567 54569 99056 60734 79817 68753 71636 71804 
6620 15
29772 70908 48400 48540 41530 51497 42638 90232 14986 92250 81455 39649 24945 54232 10464 
1430 13
12562 94261 48244 89931 98206 60860 72112 73275 26112 35361 88929 76421 93335 
4816 15
5083 55458 19970 5087 23723 80403 84642 80674 86928 20835 22058 25575 26431 11699 49925 
957 12
2809 65694 77317 61237 58543 69470 56861 70233 50013 48255 78852 75334 
3389 15
69779 23608 98571 96495 81147 27886 4796 9001 64438 45893 3289 64043 51054 4825 22447 
2286 14
55423 41223 97448 92278 59150 64205 99872 6383 48973 72887 86416 40691 96108 22210 
6696 15
36109 89629 1036 72956 48157 7440 10866 4666 61085 32177 22808 75735 12645 70360 15198 
4309 16
86293 6324 61699 1733 8071 10683 88207 91898 50459 55901 80511 89450 22480 99026 28 90757 
4755 13
27265 95149 83936 84425 96828 26564 80466 95993 53912 72863 5461 19738 84338 
5362 14
65194 13498 1691 35165 66488 7555 82424 24270 93966 65970 65644 71625 71074 22478 
5142 13
37604 94496 16000 72575 73390 40611 13122 26094 26030 88174 16088 64469 37479 
933 13
77333 38208 71882 25776 67006 33462 87461 1260 85071 14279 12659 98432 46503 
4791 15
13435 83586 23159 83493 48367 13583 6326 84617 7573 47283 46504 93254 46115 80755 67970 
3295 14
5631 41436 95081 80292 44839 84302 55841 75946 50868 10264 67015 17226 57953 96932 
3175 13
15247 35494 34581 56760 6664 99578 93465 93858 65603 91784 84782 69139 76848 
3247 13
86818 71969 32458 32128 78850 4142 47404 82194 2873 65731 97805 76164 44757 
6373 14
45353 34255 91153 22300 41190 96084 67617 51427 49213 53232 86154 79188 50115 76747 
3279 16
36122 18296 23584 83587 44773 86891 91111 82372 42664 44153 76087 7822 53302 99457 85461 14086 
3391 14
92944 89737 15978 13873 95768 53289 57526 45217 85986 97127 3376 22533 2849 46586 
1167 13
95071 86056 74507 1513 53896 23614 39842 10819 47629 53691 62817 96609 77089 
4681 13
96259 25244 77745 35700 34527 36308 59794 99851 17719 71602 32028 98275 29801 
1019 14
10652 52679 9566 65017 52640 86100 44746 46909 97110 9867 44428 11089 17423 82673 
6575 13
85280 99259 86654 59295 16831 57784 76985 55555 52823 46607 28081 30736 63276 
3565 15
18631 94574 68115 9537 16970 98824 62926 94820 15092 65253 57498 59296 9458 14800 27804 
745 12
70634 16845 81486 87363 89273 63208 12340 73382 78557 55659 31503 38592 
6096 13
93773 91330 30198 72744 8963 24845 18831 19931 87021 25187 46288 52175 70162 
5428 13
73821 29450 20814 78015 45686 13127 12957 61394 45790 91008 99184 23710 66487 
33 12
21826 84816 75633 35811 45412 11357 11626 18013 53313 93300 39212 68044 
