123
1467 2
53429 46408 
5598 4
24464 45940 53459 41612 
7027 5
12011 65882 57377 88255 53915 
4711 2
23038 77407 
3627 1
43676 
4042 7
26472 10015 20363 38440 28765 16886 40744 
904 6
7302 76046 43910 3181 64774 18375 
3246 5
55091 69988 48258 41664 36420 
1133 3
838 50159 56546 
1646 3
39585 62428 48126 
651 2
41616 52978 
1752 3
10084 45388 49779 
2347 1
25051 
2825 3
74120 70614 16426 
1141 1
27344 
2423 3
6524 39560 9408 
1830 3
24893 58655 31128 
3096 3
64293 65655 132 
4310 2
55982 86636 
2923 5
71159 2174 62107 47896 8625 
5198 2
6749 52785 
1202 3
50850 24847 67589 
1494 1
28394 
3007 6
30636 43780 64309 38709 74471 84743 
3463 2
25072 77784 
1675 3
77607 23563 86948 
4338 1
85111 
4743 3
6727 86361 75185 
2404 3
54498 61736 5025 
2155 1
19079 
1117 1
31589 
1283 1
16488 
3043 2
65065 16181 
2863 1
12561 
3467 1
20185 
1369 1
49458 
1169 2
35657 6008 
5974 4
48847 41693 60500 82069 
1055 4
5854 26235 42825 60847 
2752 2
57551 5224 
1590 1
47135 
413 3
26666 44851 76380 
5294 2
70524 47106 
1569 5
14118 31090 72447 5090 19260 
2370 4
40250 4560 74219 702 
2953 2
30869 32392 
1961 5
78301 45889 7219 31441 43709 
1686 1
67795 
1228 1
3270 
1720 1
22339 
1994 1
41126 
2212 2
83965 57453 
4296 1
59113 
3468 1
4424 
3539 2
69999 39059 
3621 2
36132 20122 
6591 2
63668 44081 
6931 3
72437 55938 32297 
2654 1
34377 
3189 5
1992 41446 46423 55191 40560 
1247 2
35426 30008 
1524 2
80496 49309 
1069 3
37331 82314 57040 
1337 1
6409 
985 1
62141 
1754 1
74409 
4018 3
64350 27271 39565 
3070 1
48737 
2706 2
36721 265 
4963 1
16278 
424 1
33150 
2173 3
52582 14840 84811 
2257 4
15451 83616 14567 57460 
394 1
39580 
2983 5
187 88003 58649 36267 58389 
2140 2
36620 42254 
6966 4
33363 66333 66473 28333 
3325 5
80301 50877 80785 71035 23979 
5200 2
36645 63550 
2829 1
77950 
1039 1
40985 
6107 3
82670 20498 18021 
3942 2
85477 44927 
4278 3
53365 69118 20552 
609 4
86854 52560 55211 37968 
2333 2
23868 49302 
491 2
25000 66683 
3200 1
38032 
200 2
63966 18982 
6147 4
17347 82839 14004 50884 
3809 2
56752 55254 
2081 1
29572 
2987 2
26347 18231 
1941 1
65798 
965 2
5635 87514 
5707 1
2050 
2804 1
39534 
1550 2
82120 25564 
735 1
79196 
5208 1
31332 
217 1
34738 
3413 1
37886 
6979 2
74762 23775 
885 1
68003 
5521 2
30910 19521 
6021 5
16308 32412 74190 23948 46224 
1210 3
18007 22358 68107 
3105 2
46296 19773 
2396 1
67155 
1567 3
15936 18774 36555 
3654 3
23080 60939 31048 
1091 1
34684 
2995 4
4064 28794 24441 8951 
34 1
68779 
1525 2
26249 16081 
2445 6
77771 34455 23644 72304 54451 13987 
3376 4
45770 57995 53733 48528 
5227 2
61077 42897 
2055 2
3098 71491 
1465 2
17677 67474 
2697 1
29232 
1612 2
27082 23484 
6746 5
57297 62722 15445 46070 54355 
