110
4915 1
14803 
2982 1
96512 
833 1
78929 
4206 3
78291 65118 88391 
517 3
3889 77577 13440 
5523 1
5086 
4388 3
48363 33389 21672 
1747 1
75663 
2500 3
52036 36897 19820 
4285 3
64266 62857 65703 
4781 4
17732 78486 87672 59044 
4387 4
99346 18293 86712 56786 
4960 1
53914 
337 2
67474 72952 
3940 1
36074 
7118 1
10475 
2331 1
17075 
5769 2
59923 73676 
3259 1
332 
6848 4
33505 84242 83397 86342 
1125 3
19683 64940 82336 
6182 3
69577 22423 9433 
2071 1
80547 
1329 1
28297 
3500 1
34503 
3853 5
3211 29427 18017 53755 64242 
1847 2
42273 88350 
3082 3
22408 747 74131 
940 2
57692 62072 
4711 1
66909 
5683 4
97090 68004 64028 80434 
364 1
10489 
3174 1
34775 
3091 2
81159 48485 
6225 3
29987 96988 74122 
3065 1
46441 
3356 1
86890 
114 1
33627 
2082 1
9612 
3715 2
31698 85806 
1853 3
56247 67495 86211 
5416 3
84519 32157 91364 
578 1
51264 
5547 5
52101 41765 16010 36071 89286 
276 3
94752 48334 73570 
3142 4
7216 74513 79962 45446 
2356 3
83168 74671 68066 
7245 3
11506 69551 42975 
3640 2
68211 81252 
7166 1
95665 
816 2
35529 95051 
7200 3
80518 25158 52790 
1502 2
64774 1283 
620 1
94124 
5213 8
48828 98486 17912 64250 84948 27341 21081 52559 
2910 1
70332 
4177 1
87508 
3095 3
25210 59931 31736 
5731 6
70741 75103 80174 68343 45118 20295 
1148 2
78204 98013 
3857 2
36727 27242 
2197 1
45340 
7081 2
41969 67729 
1357 1
52509 
6655 4
59957 80777 74487 97846 
4430 2
47214 79901 
2882 2
77979 20551 
1422 1
66047 
4596 3
60083 74284 87916 
2490 1
57698 
1873 1
26318 
5286 4
55817 25747 68923 39118 
3487 1
59728 
4373 2
54576 70170 
2669 1
58933 
3325 1
85990 
1602 1
82016 
1175 1
93822 
3760 2
79935 34536 
4053 1
29824 
2241 3
73962 59448 79277 
488 2
11697 69894 
2949 1
11018 
4506 3
12174 29802 290 
5607 2
82464 72105 
3809 5
78363 53778 5727 38458 93528 
4150 2
93970 10742 
2012 2
79147 93531 
1878 1
37066 
5345 4
85311 11244 70156 71844 
5670 1
60789 
4782 1
45898 
3849 3
77339 57760 35814 
1232 2
65541 38581 
3899 5
38516 71553 14981 61002 28173 
2621 1
45519 
511 2
30294 24582 
6376 2
9457 69188 
4411 2
25581 31488 
3973 3
74044 92246 33442 
4838 2
190 72627 
3563 1
77713 
5167 2
8064 87221 
1091 2
38442 74788 
4335 1
61715 
2807 4
31041 63434 20607 6204 
4550 1
86024 
1795 2
15869 36270 
3613 1
83484 
5217 1
6103 
