185
1345 1
85879 
3196 2
19096 41011 
5343 5
11211 75995 94082 51984 48218 
4979 6
20544 31426 94076 69536 98350 81519 
3780 4
27524 93123 17940 24668 
5909 4
95531 87504 70865 38020 
868 1
57856 
3062 4
13329 89706 82564 63339 
561 1
18880 
4267 2
50168 46244 
1782 2
72510 4398 
4918 1
46670 
3807 3
40157 94871 45601 
4149 1
76617 
706 2
46537 63027 
2375 2
9764 33702 
5693 8
37066 35944 72241 1401 3505 16404 82379 26981 
4427 2
7000 2498 
1251 2
68740 50731 
2187 3
52564 76198 14571 
4401 2
5061 7039 
3737 1
22699 
4128 5
56303 91223 90620 32788 81038 
4124 2
662 65742 
3487 6
63717 35980 23027 91958 19241 43339 
2206 1
83702 
2252 2
54544 99191 
3206 2
61052 14975 
5769 7
7963 84311 67618 96102 26288 75323 93297 
292 3
35300 15954 80826 
3243 4
96437 972 29920 68975 
224 1
28456 
1148 1
59121 
3 1
59434 
4655 3
82591 45155 42918 
2200 2
57632 69446 
4371 1
52524 
2779 1
13713 
4197 3
19886 22282 70646 
5581 4
20926 43621 82534 60534 
4821 2
39987 97443 
1296 1
47512 
1860 2
95546 46401 
1469 2
71402 15740 
2406 3
71093 44930 95297 
2708 1
32510 
3979 2
63225 80861 
4770 8
1985 5496 95748 83652 94403 94601 12953 82704 
3531 5
26257 78744 31497 81766 43904 
4955 3
38781 80593 84676 
3044 2
74547 59900 
2464 1
91975 
3223 1
40542 
687 1
60312 
2137 2
5910 80836 
1040 2
85354 23669 
2006 2
37800 77105 
2951 2
95899 8916 
5832 3
20810 34728 2760 
751 1
715 
4111 1
93747 
1489 2
91779 27627 
218 4
13855 27015 98626 37635 
481 1
31253 
3136 5
71300 87776 50037 62562 47786 
3492 3
79566 54071 79670 
2508 2
14878 74846 
2744 2
66030 49870 
2073 3
92424 84263 37947 
3556 1
37116 
258 3
86565 3773 86000 
2900 1
8489 
4321 9
20877 55764 59314 78880 27256 19354 87432 58666 17879 
4789 2
60177 25846 
3703 1
28492 
3507 6
23988 39861 86423 38868 42851 88268 
3615 4
78818 48009 91812 83089 
4132 1
96315 
3869 2
51195 34499 
4631 1
58670 
5013 3
84411 10564 56936 
5859 4
83682 85645 68666 44476 
4681 5
25514 52915 43031 48609 31015 
3252 2
97243 6090 
265 1
73332 
1887 3
54014 60439 59346 
3574 2
98920 87605 
1474 4
51251 73170 86972 77964 
2170 2
14733 41267 
3648 4
5670 6446 67094 42171 
1003 1
78139 
654 3
35339 73822 77858 
4035 2
58128 31804 
5395 4
32149 81438 97826 318 
4201 3
72593 78717 61998 
4376 2
11431 84805 
813 3
96607 8095 83799 
1082 1
15205 
2491 1
18937 
1529 2
49956 8356 
1401 4
25410 616 85237 76947 
158 2
23836 67182 
1002 1
24996 
5150 4
99002 51014 16216 20049 
12 4
90071 96063 96365 18456 
3398 1
13424 
1926 4
77204 32496 63762 19441 
518 2
46972 14906 
5286 5
36681 49612 26823 19263 87615 
4983 1
82057 
64 4
47097 77133 77756 80421 
383 1
84072 
4488 5
71049 8223 49879 22562 20043 
2351 1
37146 
700 3
87144 49547 42172 
862 2
4774 84657 
5684 3
85683 79870 50294 
2767 2
46558 76665 
2874 2
23630 3674 
1530 3
78224 49725 23940 
4083 1
23446 
1408 1
46795 
4587 1
23375 
4330 4
32502 3566 15121 87043 
4114 1
91334 
4864 5
52339 15967 91078 16141 18552 
2366 1
59441 
4997 1
34078 
5947 6
9727 20045 47386 84322 71520 15132 
3272 7
19104 71223 28488 58780 96355 96176 53706 
2047 3
65224 41107 85019 
177 1
29105 
4205 2
43681 78473 
505 1
24175 
828 2
86170 45744 
3559 4
99215 64012 93284 36956 
964 6
19967 75029 52052 64207 43276 92411 
816 5
58935 43869 14090 46103 91814 
3148 1
68064 
3058 3
56152 84827 68760 
40 5
40764 54764 44041 43044 54770 
1277 2
59844 20125 
3676 2
8597 37327 
3435 3
13750 98545 47985 
1407 3
64190 12690 13577 
4336 1
1493 
3238 2
11316 94492 
3644 1
90791 
2005 3
22056 99447 20339 
608 3
18700 33509 92832 
4490 1
23854 
4560 3
32541 93542 72662 
3362 3
56773 30432 18259 
2593 1
92080 
4100 2
12602 27839 
3563 1
4018 
5527 10
84418 77011 76509 10286 29010 73925 94676 33303 35677 14429 
5742 1
18044 
804 2
54349 50134 
4471 2
9986 42875 
3578 1
78249 
4506 1
49266 
5622 2
23891 70557 
463 1
68255 
5051 3
33133 1235 42676 
1424 2
34897 10466 
1303 2
25372 83140 
3427 1
89772 
3749 2
14803 88570 
4593 2
97004 96313 
2507 2
19212 9391 
5014 2
31791 99249 
552 7
96491 88230 54094 10616 46687 19156 25829 
1388 3
51986 12611 91365 
3645 3
41736 29971 31707 
1867 1
17331 
3625 4
73951 91553 21170 82850 
5258 2
10770 20265 
250 1
16265 
5079 2
30674 55707 
2471 2
75884 97865 
4775 3
60866 99482 90875 
3528 1
45027 
4636 4
85377 95121 49816 6073 
111 2
67487 11736 
