14
336 15
46799 83503 99328 1014 39373 93074 93878 29398 18202 33494 73760 33358 16179 79186 51056 
740 14
14333 75156 6266 20108 52671 24257 24016 78673 16421 14364 88573 86383 57263 87665 
223 14
29756 15057 66261 20315 92699 30939 64487 46437 84052 61792 61444 83287 83806 95024 
4306 15
59141 46521 10882 36191 84755 1079 84950 38850 41275 44266 20769 99817 49052 8203 86296 
4026 16
21026 56251 13549 30190 75270 56610 79025 50807 3236 81408 31513 71872 1530 4556 73692 80201 
469 14
45991 81293 8618 78398 70971 24005 62974 82976 9084 55838 49120 88872 83746 95763 
450 16
34641 68859 8878 20760 93633 92108 67298 15228 73122 34361 18351 79949 67082 67201 93824 51102 
4619 16
62281 90328 50879 45162 30890 18450 14634 5312 92866 31527 26502 30822 41476 52311 9382 69898 
711 15
99024 52185 36983 87598 89321 2012 9340 17142 10864 6340 29183 19137 912 45654 14379 
705 14
72569 60895 85612 38878 33620 15918 3439 73786 20026 52785 41358 16787 58876 34330 
25 14
54513 68309 32594 31695 48429 74603 58573 18042 75836 17612 5995 19880 93798 26005 
1399 15
83126 1788 7756 19362 79582 16200 84133 36885 27202 85313 56586 37225 9551 92260 27395 
3138 16
31991 55852 33157 95929 49845 16618 64428 39625 22932 7499 47189 5655 60872 41660 1831 52197 
863 14
99603 35580 1036 69581 63318 61960 44919 39579 42881 66393 67991 21933 21792 53911 
