194
3929 5
87403 75720 26880 6914 18604 
1599 2
47662 33423 
3322 7
72769 14775 67909 68942 86333 47574 76723 
1146 2
12 33728 
4586 1
95267 
2293 4
7459 803 20334 27438 
4657 3
4615 4394 39417 
4815 3
26566 39301 287 
4456 5
20446 61182 71466 68319 23286 
1666 1
36464 
296 2
64654 52737 
3034 1
60097 
2559 2
13336 62406 
4115 11
459 25756 36720 92319 43193 12713 61574 79493 43808 41046 21482 
1038 6
81321 87960 88671 1273 18839 23169 
3317 3
33722 37123 39887 
1186 1
65506 
2742 1
31876 
1536 4
34753 22606 38638 86743 
1981 7
90002 41534 41967 67368 98338 96251 98187 
88 6
58869 34108 51791 84048 49636 60424 
4652 4
33717 83355 72124 35286 
2719 1
57155 
2189 1
95095 
3328 3
23468 68828 1886 
1758 3
73526 73852 90461 
288 3
10159 21945 26501 
103 4
86450 20312 50704 60423 
4070 6
53054 98298 45999 94397 41145 89161 
488 2
87857 9020 
2481 1
30574 
3232 4
81302 98237 95004 82858 
4258 4
47232 46132 2235 88503 
2502 4
86662 5064 92005 38967 
3642 3
70481 41487 15302 
1712 4
88062 74931 25902 91536 
2382 4
59999 93528 6307 77391 
863 2
87985 40182 
4514 2
35412 63022 
2880 6
61822 25895 28091 74602 46916 94647 
2769 4
15039 35148 62075 29929 
626 1
42848 
1287 1
44498 
1767 2
22216 75861 
2910 5
63110 74606 36153 18394 43229 
3841 1
22341 
3615 5
52813 4231 25634 14746 35264 
972 1
39853 
2435 3
28629 99897 71854 
808 5
14060 47931 89497 33917 22535 
865 5
68512 80346 8980 38074 22019 
860 4
91937 1454 36788 72209 
2798 1
74992 
3882 1
14386 
936 5
9869 17506 21170 86601 96709 
1616 4
739 86307 47390 30185 
600 3
37527 13075 32774 
4117 4
68404 27871 82543 43499 
2853 2
82770 65984 
4643 4
55993 45279 7532 70000 
2414 4
18458 70081 951 91512 
101 6
18734 22466 59437 30204 50624 76926 
2901 1
48987 
2917 2
51122 46860 
2290 1
41239 
4739 3
94558 57343 12918 
213 12
53248 12187 33517 75075 29841 39110 13550 55777 59544 65139 47240 32336 
3559 3
55783 30992 13724 
771 1
12023 
2302 3
40999 81381 45940 
2538 5
9615 9451 53353 4561 65579 
1600 2
5384 9739 
3217 4
30798 10532 14922 19057 
1059 1
53552 
4073 3
71150 52652 42208 
2551 3
28048 82098 20878 
3766 2
50674 60929 
2616 1
1340 
1039 2
83321 72136 
2164 1
51883 
1090 9
26432 94526 63320 77992 32247 96886 75280 85703 75597 
200 1
80679 
3184 2
76543 85003 
1420 4
90179 54088 14123 46776 
4692 5
25101 11866 19227 20688 69550 
3004 8
43020 4160 94297 86103 21244 51938 82446 64701 
4214 2
82278 3551 
1973 5
3120 11690 65426 76748 52402 
2167 2
44320 17413 
3538 1
74445 
654 3
80290 85088 84425 
1041 1
77800 
4110 3
36944 76265 75429 
39 3
70896 93995 61516 
3941 3
14418 87207 61223 
440 5
85731 55300 83677 93867 42326 
3579 2
81811 38118 
4199 5
16799 92403 24823 6640 72932 
1499 2
96495 10819 
1127 4
88289 92268 81387 59502 
3970 4
97248 72601 82111 87935 
2729 1
99506 
2746 1
40521 
1914 2
20085 38920 
152 5
56284 37430 30976 71462 60003 
2936 1
77026 
1832 1
80671 
1100 1
35108 
1432 6
7941 39209 3163 9607 20760 54263 
3429 3
42303 80285 24775 
363 4
20690 28090 96781 56346 
1581 1
24718 
4155 4
89301 64055 49808 36810 
2378 2
32074 48723 
2516 1
78662 
3524 3
48639 44070 7124 
4875 2
97826 46314 
2748 3
55464 91559 63021 
2567 2
34677 98296 
1928 2
97023 68674 
2222 6
88607 89626 77966 19248 45951 13697 
2271 7
28472 76995 57149 12659 20634 13609 47115 
4245 3
79476 94960 89580 
1677 3
87426 62297 82302 
2857 1
24258 
2136 1
84079 
1942 1
33869 
1020 1
19834 
4092 5
68870 64833 72193 43219 27617 
1782 8
33623 75739 93073 50128 9745 99892 13055 65522 
552 5
98785 47090 37400 49446 33799 
2151 4
35841 44364 476 54650 
4074 2
99915 2311 
4432 1
5229 
658 4
53315 26633 21384 50471 
3576 1
90733 
2654 4
38670 93525 89806 76340 
1525 2
88589 90210 
404 6
24558 32682 90280 67285 48996 75278 
2277 1
8253 
620 3
41012 79823 8891 
187 1
49048 
3834 2
69096 78035 
2491 2
29877 30892 
2766 2
28580 90242 
413 3
19332 9915 16 
2976 3
94365 97951 95037 
4975 4
55185 5809 25898 72668 
4205 4
88629 46600 34205 66834 
408 3
33442 85026 21149 
1177 4
53061 23494 85971 76895 
1383 3
93587 44048 48962 
329 1
25107 
3105 3
48501 81398 97618 
514 2
14907 6111 
1368 1
98930 
1612 1
48957 
2336 6
3457 95446 98516 33466 86 31691 
1735 1
63594 
597 3
11186 29164 85755 
4727 3
89464 31261 88762 
3674 4
47761 73499 3321 2231 
1961 5
30902 11510 84464 54024 50354 
2431 2
81620 54554 
4251 4
66012 7860 98496 50278 
4295 2
80776 11974 
1926 1
89409 
1556 2
51039 74045 
2958 3
69010 57556 32638 
3659 2
5967 88638 
1603 1
11152 
3326 2
57576 11840 
2714 5
71507 41453 61308 92460 69307 
4010 5
52971 82029 40129 56582 4450 
1500 2
494 71233 
2264 5
9528 81551 57479 66320 79112 
2795 7
21290 23282 89247 67637 76971 22233 57039 
4466 1
86642 
3468 6
88236 12087 39129 62106 64984 51765 
2897 3
15203 35926 28381 
3418 5
9306 90862 95818 88841 27540 
1167 3
70183 88102 50995 
4419 5
4568 18282 5309 27321 22888 
3784 3
5599 99006 22841 
1708 5
78972 32476 65167 4438 72476 
598 2
92421 95493 
4654 2
5043 169 
3315 3
39991 76096 1467 
4213 3
21585 75060 20502 
1394 3
38284 23944 43217 
3708 3
29754 69956 12220 
2297 3
54553 4803 49338 
1674 1
28133 
1274 2
35749 79592 
