304
3035 5
5819 13003 22684 1265 995 
1250 5
8162 25560 22029 17168 15041 
302 5
279 20933 21744 7558 6060 
3262 5
6359 12732 8184 12488 6560 
1119 5
18101 11995 18005 12033 12233 
2837 5
5602 20304 2330 3519 5874 
2242 5
10250 18920 3155 16747 472 
469 5
4220 19635 11899 22339 712 
3841 6
5775 24814 12601 6578 23109 15821 
1398 5
18975 12954 198 24462 25832 
3762 6
4549 2346 18202 23619 22241 11855 
3872 6
19536 15778 15017 6115 4850 5901 
2958 5
25576 22862 13520 7382 394 
3501 6
6668 23045 16682 13765 1387 5357 
540 5
20371 4049 10177 10882 14243 
412 5
3633 21044 3224 20947 18093 
1328 5
1860 19776 10008 19405 24516 
835 5
5657 2068 18330 7037 9670 
291 5
22973 5252 24054 5341 17637 
1393 5
379 20148 9737 25619 17459 
5434 6
9708 9989 25454 12838 17573 17523 
3019 5
22314 17093 12881 24005 23700 
315 5
15756 17805 12184 14656 18706 
2229 5
23482 14751 25344 11225 25685 
2361 5
17115 13026 11773 3450 24892 
2715 5
7880 830 1316 14466 25005 
3420 6
18400 6741 7831 14059 10551 12729 
1013 5
6058 22639 20980 21519 4618 
1023 5
18517 8230 16808 20539 11361 
1010 5
2079 25690 17656 17524 16168 
1629 5
15253 18121 16248 17284 14341 
2858 5
12904 18416 2244 22277 23123 
1549 5
3331 23658 2469 7319 25140 
439 5
17274 12042 6691 25270 2366 
1903 5
10076 20624 24556 18140 7888 
97 5
1618 16390 382 17261 6736 
981 5
11398 4522 12065 25094 15265 
132 5
23191 9350 13599 14584 4571 
4100 6
8677 22059 10833 14481 11144 18953 
5805 6
14342 6543 25007 6065 1608 20194 
2021 5
24796 1653 10756 19041 7272 
2954 5
20280 3028 9483 24506 3433 
2063 5
13120 14534 16056 20585 10980 
2220 5
20383 8007 23524 5192 22222 
726 5
10043 3886 9713 24974 1577 
1047 5
1388 18819 978 8082 4819 
846 5
16481 19415 19170 15587 4673 
3531 6
7110 410 12197 23377 19146 8477 
4398 6
4331 14470 18105 1960 10037 12483 
4013 6
11060 12210 3531 12966 21881 22236 
1918 5
7498 7924 8667 3705 11195 
1562 5
6364 10788 18130 24735 5655 
3528 6
25384 1057 5568 17570 15028 23066 
3101 5
19829 22756 22089 14088 2991 
1325 5
18266 19395 1756 24836 24220 
172 5
7982 19949 9038 24154 16821 
2117 5
21401 15343 20965 20489 2883 
524 5
10891 22426 18909 20550 15399 
28 5
16317 5814 17112 20599 19172 
4029 6
863 23272 8509 23721 21335 21158 
3934 6
515 12451 24693 19241 12099 7512 
2089 5
10217 8605 13430 3548 15377 
872 5
11412 15499 10787 22464 21073 
2884 5
21484 15273 17124 11035 20296 
3288 5
18078 16054 11005 10308 15317 
1512 5
9239 11242 12308 18957 1044 
2633 5
6422 20257 17711 13408 18932 
997 5
17462 23527 13110 18621 20337 
2172 5
1886 9041 13501 15558 21464 
3457 6
19656 5651 22941 1266 466 21972 
1797 5
20471 1715 3493 5383 3019 
4125 6
23253 2947 25734 4344 22634 6934 
1867 5
23292 1768 10924 1778 7808 
1314 5
13910 7812 18854 22454 14299 
1291 5
21657 807 17476 23171 24598 
1779 5
24455 25165 1209 13886 18185 
206 5
3442 8792 3904 14 20026 
3525 6
17230 13534 24927 4611 6149 22640 
2934 5
12846 5076 16860 10227 14349 
3022 5
18153 14768 812 12461 9948 
2935 5
15013 25552 25710 248 13560 
2998 5
18681 3406 4767 2011 14221 
3466 6
24214 20857 23707 7844 8028 23785 
1424 5
10232 20602 3011 21890 16121 
2804 5
7078 2560 16120 22026 8113 
1644 5
5299 2254 16990 12798 7262 
3668 6
3603 11290 595 23743 614 5467 
2949 5
7526 24143 1739 20314 7187 
1070 5
6006 22715 16502 1229 18066 
2833 5
18108 18223 7317 755 18332 
574 5
25298 10429 18591 16503 12537 
1993 5
6306 9463 25131 15479 14390 
149 5
10414 8579 16349 8770 6633 
2714 5
6545 21197 9011 2033 12020 
3047 5
21057 8657 20782 24056 7338 
792 5
13291 4588 5435 14761 7988 
1414 5
10221 17770 2517 6325 19150 
180 5
3111 18205 12673 909 2783 
3577 6
7952 11261 17803 15409 3595 15133 
396 5
15565 11902 7195 5479 14245 
774 5
1530 8026 2962 14639 5910 
1653 5
23844 25789 19830 7143 23500 
637 5
14783 3839 13696 4901 14256 
213 5
5401 11590 10777 6408 23675 
3210 5
9534 1071 22659 25142 2921 
4042 6
8676 13693 22878 21434 7380 15734 
1464 5
19548 23654 25735 5316 1114 
561 5
23060 2180 2879 15996 23465 
3433 6
23251 44 20527 21290 11160 2591 
2401 5
8361 22070 2456 8492 2901 
741 5
4009 167 14028 6427 7958 
1657 5
18014 111 19872 5429 11352 
3117 5
9177 16032 24322 10303 311 
3468 6
14591 17118 12898 10112 24222 842 
247 5
9821 19661 7976 17128 10062 
1693 5
3193 6045 10299 25289 8145 
2460 5
3400 4177 5779 13573 5858 
3763 6
22921 25103 5117 5323 20095 17678 
3372 6
17569 23137 23550 2863 6077 12182 
2553 5
7756 16887 7508 9331 8861 
529 5
6965 25645 985 15040 17259 
4128 6
3166 13398 12649 10329 4218 23064 
2151 5
12248 9188 24639 24591 4633 
408 5
21809 7891 6298 23723 10884 
2418 5
18447 11495 19135 2274 10509 
219 5
6929 15121 7789 13242 14400 
64 5
23919 23373 5587 3479 2686 
4080 6
12004 1631 5103 6615 18725 23918 
2247 5
5673 6941 18824 579 7596 
1186 5
21754 14642 4689 22480 22582 
2354 5
8743 14855 8414 22205 23980 
1488 5
15308 8286 17097 24531 23727 
2848 5
16637 370 14058 3065 25067 
1012 5
2379 5708 24314 24885 17134 
3995 6
10327 21309 2621 2334 1031 14207 
2078 5
836 19233 12378 4814 17191 
534 5
20750 23098 6536 8893 16276 
2665 5
24922 18506 12922 10542 5833 
3082 5
23186 23537 24150 4241 9614 
2186 5
22822 24280 18328 1486 6200 
3056 5
8621 23215 3046 21200 22646 
1833 5
19785 15286 7632 2187 24009 
1913 5
22998 25179 7470 275 3266 
1037 5
16448 11473 19337 17626 22701 
1302 5
7810 10889 15152 14537 411 
1270 5
6217 3686 6037 23081 13734 
2333 5
3836 4133 6681 5998 7943 
3502 6
20082 2224 25522 10842 3812 9253 
3114 5
12203 9622 12157 16908 4361 
1540 5
17877 23691 24773 21161 11975 
3412 6
24349 6387 585 7615 15466 17325 
829 5
23628 20248 20794 14727 7863 
1771 5
4708 12556 5021 25281 12740 
1719 5
2663 19023 6695 2546 10736 
2295 5
25029 1108 12604 20362 8902 
2355 5
21684 3187 23748 6815 16898 
189 5
9665 6380 14352 10220 12000 
60 5
6836 9816 5396 18 9696 
3384 6
6491 5884 11898 7865 4434 22504 
968 5
1066 24939 7932 12520 6285 
1161 5
4905 17745 5035 7552 18874 
1280 5
7556 21733 7515 14303 12397 
2338 5
3084 20445 4127 6347 12290 
336 5
14483 9881 20741 18731 10821 
2747 5
20058 2475 25166 15553 23467 
1101 5
4196 16647 3770 5626 9158 
139 5
13133 18414 1605 24487 12155 
2659 5
3727 5275 17318 14084 9497 
156 5
5413 14850 13550 16300 25373 
2458 5
12231 3468 2983 6020 17764 
2231 5
21134 15930 20655 16377 196 
1207 5
17997 19376 1800 16495 17246 
3053 5
24820 19329 16889 16995 18760 
2555 5
1885 25224 6215 6834 20918 
1247 5
15123 5963 8836 12879 21856 
3236 5
8600 9183 8061 22048 7520 
3917 6
8527 11930 9991 2741 24118 445 
2202 5
23529 21020 8144 16432 10586 
4118 6
2245 23208 24343 9908 16409 17613 
3599 6
5000 19452 14291 8936 8382 20041 
1891 5
9000 15218 2483 22337 2484 
160 5
3593 24904 19816 13330 17585 
2623 5
19791 17508 20024 10011 9774 
2100 5
13186 2511 19481 8205 10491 
2084 5
9496 16268 10376 18476 22342 
1708 5
22056 3615 15723 17212 17589 
3387 6
21538 11417 19680 5691 5331 10806 
2910 5
21676 6535 21877 10640 6876 
1213 5
24022 13175 23665 22213 18323 
4035 6
16543 7295 6712 20111 22322 8583 
2273 5
22932 2077 17400 22177 24759 
3617 6
1741 10000 3230 19688 4131 12026 
1008 5
6188 6391 12116 682 3752 
1379 5
24081 11607 3343 5152 6320 
5297 6
22873 900 16140 17033 13557 22611 
73 5
25749 15096 505 25252 2882 
2760 5
19627 17514 2252 5289 23782 
533 5
19552 23590 23454 11800 4435 
2378 5
9313 3631 3746 22891 22700 
3842 6
21902 2342 8793 25234 24573 21028 
4482 6
16234 25462 12381 8380 483 6054 
109 5
22134 16699 22876 11497 19180 
3820 6
10013 15263 9657 15074 17645 15899 
3603 6
8285 456 14432 6258 7991 18753 
2386 5
18596 22841 15926 18057 12910 
2608 5
17719 2651 7185 6541 5067 
1363 5
2849 25251 20028 15990 20336 
814 5
188 15330 14144 25766 10923 
2737 5
23602 2403 23575 9017 4097 
1058 5
8612 18943 13202 8828 12780 
2420 5
13170 14416 13704 25839 18870 
1923 5
19280 15252 15626 13468 21341 
1801 5
22612 12137 15616 3055 9008 
3860 6
20723 10287 7640 21822 24258 17133 
2381 5
5591 7610 3932 16355 11029 
2577 5
24423 9680 2503 6106 5931 
3892 6
17812 24930 1814 8700 16770 24315 
221 5
14244 12390 1689 19532 22683 
2953 5
12281 18843 13153 3109 7684 
2160 5
21 3238 19733 8715 25138 
3075 5
13970 183 7245 3695 15410 
1957 5
19600 21685 17911 17132 13130 
3041 5
20993 8560 12573 8714 25492 
1579 5
12200 5675 21470 602 2290 
3769 6
14571 15309 11312 3220 8262 726 
2821 5
25458 24957 17386 10755 22128 
2405 5
14533 12663 24321 12806 206 
2593 5
10834 23169 20567 16080 5099 
2284 5
6591 8385 25376 12929 5201 
3152 5
7686 3105 8059 10096 23949 
2176 5
20956 17215 20135 11944 13367 
311 5
1972 11364 12321 12230 9963 
3898 6
2526 14455 15896 20241 15078 3317 
1054 5
11500 18231 1145 22914 10294 
1639 5
13569 25519 9396 15335 14694 
1440 5
7838 1556 20663 14970 20635 
3835 6
18500 23497 1004 10648 19910 17384 
1680 5
14757 9868 21340 5576 4521 
2741 5
10166 768 15777 15865 24583 
1212 5
4321 3956 19490 20882 1111 
3518 6
623 20695 9145 15529 917 20375 
2292 5
4013 5960 10435 1008 14106 
2480 5
19676 5381 21364 18034 20877 
2468 5
4084 6472 5637 16275 25485 
806 5
1544 10660 11459 1029 25745 
2383 5
21851 2168 18217 18484 24827 
3880 6
6023 24688 84 7066 9360 15637 
1902 5
2264 1579 10527 5897 10611 
2582 5
13817 23451 16524 2377 18959 
1731 5
267 15406 1378 9876 24139 
1388 5
19434 12678 13107 6947 24235 
1310 5
6611 13225 11315 12667 6864 
2327 5
19368 9838 14801 20710 19037 
2617 5
8016 24596 15114 10371 3518 
2965 5
13141 5004 8786 16362 437 
3740 6
8723 1373 15296 12221 18543 24432 
77 5
13903 13262 22096 7758 20964 
1818 5
17951 23179 608 24103 13396 
3023 5
1483 2331 6384 24890 22316 
1988 5
11546 8375 18426 22978 14496 
3742 6
20865 8055 6297 11331 493 25470 
1965 5
14498 12646 14732 19774 11169 
467 5
14064 13015 25733 7230 17641 
875 5
17956 24785 23304 12294 18855 
2258 5
14844 5298 18744 12792 18865 
2822 5
2629 11474 8294 22409 16947 
1938 5
22146 17327 10553 21429 18716 
664 5
12422 11896 7024 19342 24775 
1348 5
24579 4382 20165 20897 19568 
841 5
4387 4962 17490 9608 215 
410 5
3702 20096 5721 1232 9646 
2305 5
7454 5565 17884 7087 20911 
3693 6
7165 9799 25762 180 12411 24245 
8940 6
19508 21075 17967 5400 8328 5832 
3588 6
5696 19561 10687 3999 10181 8671 
2596 5
24694 13540 20712 1427 6915 
861 5
13455 10455 22476 4748 14276 
3865 6
5342 14560 22506 21961 6709 5203 
1747 5
1488 22256 19217 8845 8907 
188 5
7540 7866 23381 10659 19234 
419 5
12159 6105 669 19974 24013 
250 5
19523 9425 11009 9683 6811 
3574 6
2824 18647 4738 3529 21354 16044 
1362 5
11437 23167 23463 5938 5541 
1950 5
20972 22233 14742 19252 9598 
2541 5
19754 15493 22826 12102 17310 
657 5
21918 23663 12441 2090 15449 
1866 5
18364 10848 10405 12808 3576 
2453 5
25102 22829 12087 19098 18826 
4077 6
2478 18115 209 5336 23192 6352 
40 5
16105 16901 22114 9666 23934 
3601 6
13795 24407 4432 10525 6053 24111 
1845 5
10247 18614 407 18835 2144 
3094 5
15271 993 11273 23571 12486 
1357 5
7211 6146 18045 16087 8826 
1877 5
554 16604 9315 1568 2093 
6321 6
173 8550 13259 2857 9103 10849 
3316 5
18103 673 25650 8985 3092 
2972 5
14171 23082 22917 15983 5146 
3908 6
982 12032 20273 24400 12044 7613 
1590 5
6728 16950 24615 17270 18857 
1435 5
13101 6920 4187 21842 1660 
650 5
11147 2221 1005 25367 3917 
1421 5
1199 1202 21525 4523 7792 
