625
11816 2
57587 62252 
21425 2
32692 53780 
18153 2
79159 83475 
21551 2
60890 82966 
25867 2
57144 65094 
29269 2
85665 53345 
14052 1
43415 
19455 2
17803 10190 
26805 2
12040 2838 
28124 1
68974 
13853 1
48280 
16051 1
47101 
8679 2
1639 95583 
563 1
64393 
3841 1
25938 
23573 1
45984 
25621 3
56430 39697 19117 
10172 1
53850 
9297 1
88715 
2092 1
4567 
18951 2
21005 90658 
3403 1
22566 
28957 2
42950 35536 
6341 2
73205 28344 
312 1
57231 
17111 2
72780 66991 
9609 1
35470 
23826 2
78791 3537 
16147 1
74733 
13399 2
61256 57625 
17604 2
25419 35744 
18036 1
94908 
19447 2
51236 15193 
13867 1
12706 
716 2
1415 59190 
25273 3
41305 39497 29378 
1461 1
48327 
18223 2
45335 31663 
390 1
11019 
2973 2
40592 18696 
14364 2
37054 4760 
1314 1
85900 
6727 2
69301 55254 
14119 1
37602 
3457 1
42686 
21170 1
8689 
2556 1
42012 
408 1
65660 
9775 2
34419 30533 
24844 2
59336 8169 
4770 2
32648 68995 
17224 1
34546 
2484 1
42572 
19354 1
33569 
13714 1
47915 
8101 2
50042 21343 
15411 2
32577 36175 
25487 1
65 
22103 2
76956 32662 
29053 2
45433 21242 
17393 2
4673 11944 
29119 3
33365 70422 72610 
20450 3
81552 67789 90049 
1607 1
70989 
21538 2
42739 9713 
27545 1
63452 
3490 1
78121 
16746 2
54275 6974 
5456 1
16109 
16448 1
23407 
20756 2
52043 29105 
28278 2
85144 9681 
3903 2
88864 25262 
8748 2
17820 39468 
336 1
39689 
16975 1
41616 
26533 3
89784 52694 77378 
320 1
46496 
104 1
54261 
11567 2
24090 4658 
11614 3
78376 73374 70115 
15663 1
9060 
7144 1
40439 
18299 1
52265 
22279 1
25669 
20515 2
89053 69459 
23777 2
28260 26077 
5459 1
47247 
26485 1
47834 
17650 2
31441 95177 
21067 1
22079 
736 2
53560 51520 
5420 1
42008 
11370 1
60903 
2705 1
68540 
23499 1
94896 
5471 1
49002 
5963 1
74789 
26912 1
73735 
16175 1
6777 
2246 1
65644 
2420 1
85153 
12632 1
8734 
28024 2
65852 27983 
3366 1
66727 
6554 3
58286 88708 84866 
2812 2
36640 63318 
8579 1
51327 
27101 2
85566 41064 
7660 1
64216 
22456 2
56536 58158 
11546 1
42113 
6311 1
48022 
13962 2
44790 24370 
25734 1
41528 
6870 1
94957 
2016 1
63883 
3731 1
55543 
2452 1
78551 
24063 1
43062 
19195 1
63909 
12408 2
83031 52954 
13801 1
25624 
21763 1
87747 
2583 1
71989 
5181 1
83261 
16500 1
54958 
9642 1
56904 
1736 1
41340 
27797 2
68643 919 
10999 1
53316 
18131 2
73507 12587 
27242 2
19093 15145 
23764 2
30043 57414 
1123 1
42100 
16772 1
93128 
21890 2
94109 73155 
25271 3
29185 58970 37011 
21226 3
17972 42821 81034 
15545 2
36305 18899 
13281 2
2827 84850 
26252 1
46578 
136 1
32397 
1925 1
11183 
25057 3
42404 11639 61661 
3602 1
10150 
19547 3
21078 41524 18797 
1274 1
71154 
3303 1
84393 
6650 1
13140 
20554 3
2416 828 58486 
7045 1
58243 
2737 1
85405 
17310 1
68769 
206 1
28604 
7959 1
68466 
23198 2
5388 49877 
10760 2
95561 59314 
2949 1
45458 
4254 2
65202 73313 
7455 2
79080 30538 
4232 1
32429 
537 2
16141 89518 
8802 1
68866 
14458 1
89454 
27047 2
28388 27638 
19985 1
81285 
467 1
58608 
27786 2
69096 96552 
2877 2
48373 53990 
19496 1
80534 
24551 2
20703 70193 
17896 1
28226 
21633 2
30820 26557 
3813 2
54658 72486 
27239 1
42028 
26443 2
93918 39359 
20112 1
82970 
13627 2
68558 3484 
16310 1
53284 
28326 3
76479 89758 92778 
19818 2
89055 22146 
4951 1
88612 
14671 1
43175 
4376 1
18352 
18375 1
16310 
16192 1
48224 
5325 1
46928 
12681 1
81242 
28690 2
81031 92908 
28344 2
30482 92860 
16376 2
82387 20586 
27645 1
70980 
25146 1
12059 
18369 1
57511 
16450 1
42816 
2038 2
44752 49890 
20121 2
90295 56425 
8104 1
21794 
28271 2
78283 86566 
1246 1
15283 
11137 1
3793 
16092 1
45819 
26112 2
80452 61737 
12656 1
35439 
11317 2
38334 70118 
24736 2
32532 27146 
3745 1
80220 
892 1
90456 
9368 1
43504 
18282 2
69074 15752 
24594 1
77797 
14744 1
40869 
1795 1
65909 
2372 1
81832 
13724 1
37189 
2612 1
13105 
419 1
76311 
25179 1
86322 
25480 3
7393 16140 53716 
9033 1
25378 
16231 1
86099 
738 1
76177 
12827 2
11117 90493 
7925 1
48995 
1328 1
92121 
6893 2
29766 86466 
23610 2
95203 39132 
15299 2
70704 27378 
10655 1
47830 
17769 2
84560 56244 
73 1
91685 
3272 1
47003 
7151 1
88784 
26446 2
59120 57828 
1351 1
36884 
13919 2
15071 50815 
5898 1
41672 
14552 1
93076 
13146 1
11734 
984 1
6567 
28918 2
46128 4353 
7584 2
46185 89667 
26226 1
69597 
19812 1
45223 
27818 2
95793 18421 
28858 3
34404 5798 19646 
6912 1
24639 
8173 2
28231 82426 
11678 2
35448 11784 
8004 1
16104 
17251 3
42531 56099 37289 
15542 1
47975 
19309 1
56343 
2671 1
25873 
2247 1
69959 
28747 2
46632 39545 
14283 1
64029 
11129 1
43951 
18432 1
87460 
7577 2
77666 6109 
4140 2
43342 86666 
29252 2
44720 46136 
21711 1
43732 
11028 2
34703 16668 
770 1
23827 
4637 1
14622 
13544 1
72379 
17675 3
9746 7944 29471 
14575 2
40640 47242 
10135 2
21970 86304 
4004 1
67426 
25020 2
90506 84466 
2955 1
78754 
4427 1
63061 
27487 1
70175 
14870 2
53068 23152 
12576 1
90885 
10897 2
41740 22490 
17116 1
87357 
6673 1
77593 
11187 2
85611 11416 
28482 2
77018 20006 
26868 2
55933 82655 
3136 1
64607 
5065 1
18561 
16488 2
76180 81980 
26159 2
27639 95285 
7312 2
44646 86838 
11844 3
3844 40663 27870 
1354 1
54010 
6480 1
10274 
21300 2
6586 13515 
17759 1
4984 
26610 1
18248 
25239 2
3641 62163 
3411 1
65797 
12895 1
57209 
18730 1
53033 
7303 1
36824 
4961 1
70483 
17735 1
61768 
28618 2
33121 49765 
12000 2
88166 79719 
18521 2
11281 67701 
1973 1
55606 
1595 2
21405 59210 
12037 1
66186 
26391 2
73474 95358 
16748 2
7967 84437 
28613 1
77411 
26697 2
3251 72463 
7784 1
25910 
25259 2
89764 95759 
4701 1
5035 
2191 2
12203 68649 
27678 2
8385 12454 
22925 1
40659 
1327 1
89027 
18034 1
6932 
27187 2
19320 54739 
9045 1
54862 
661 1
2963 
6968 1
54599 
6456 2
41002 20031 
1061 1
71737 
248 1
78771 
21574 1
45468 
15091 1
36867 
616 1
25187 
12523 2
17250 15861 
6978 1
80798 
1616 1
48560 
27677 1
5962 
6295 1
22278 
16812 2
21053 31546 
19441 1
53315 
20661 2
5241 24065 
13121 1
65228 
24877 2
38974 18467 
20825 2
90419 41453 
20569 1
11233 
23495 1
11917 
3336 1
18638 
27827 2
19684 17256 
3533 1
72200 
18487 2
32354 51703 
22053 2
13255 29714 
10163 1
93235 
3538 1
10340 
1329 2
44414 65887 
8670 1
51019 
22171 1
52584 
349 1
81160 
10847 1
68342 
22113 1
15846 
908 1
1400 
25453 3
20476 94521 24263 
26924 1
44749 
18208 3
93290 49956 44234 
3362 1
32642 
25257 1
35377 
3577 1
57741 
4157 1
55891 
154 1
90958 
26133 1
94387 
425 1
38546 
10388 2
62000 642 
1657 1
42424 
2847 1
80600 
26842 2
50198 86974 
24624 2
44433 37299 
18367 1
16257 
19712 3
59239 49579 66057 
3194 2
17338 14974 
2506 1
32398 
15392 2
80823 74586 
2802 1
81223 
8964 2
66960 13703 
11619 1
7759 
5624 2
13157 45744 
6108 1
39602 
25173 3
25868 38720 86641 
16057 2
71838 63147 
28756 2
82448 49476 
1054 1
78100 
671 1
91069 
25064 2
65352 16988 
8235 1
32227 
28816 2
33727 54583 
28183 2
58775 49391 
18581 2
19739 61241 
6560 1
68371 
16433 1
2177 
4142 2
65795 7229 
3073 1
77679 
16821 1
24390 
2602 2
61793 32070 
893 1
93749 
842 1
72166 
25268 3
45630 62627 76649 
1014 1
48050 
700 1
41983 
1545 1
29454 
2096 1
48185 
19572 1
77446 
8514 1
46223 
1485 1
18401 
9920 2
19194 56097 
20815 1
52299 
3583 1
58710 
21503 2
33071 4398 
5611 2
18869 24904 
6757 1
56750 
5590 1
62359 
6634 1
92428 
20881 2
19443 60423 
8518 1
86030 
545 1
20844 
9921 1
40844 
13190 1
27019 
22425 2
25571 12531 
18339 2
95887 27616 
5509 1
65240 
22412 2
77880 78068 
7302 1
42431 
2077 1
35797 
12598 1
43052 
22759 2
1071 10901 
12115 1
19942 
3736 1
89841 
4629 1
78841 
11224 2
62370 53730 
20558 2
12736 93871 
27369 2
60389 48843 
9933 1
35777 
1469 2
9341 74905 
16378 1
29818 
23175 1
34578 
24543 1
51344 
2756 1
57631 
24416 1
52277 
5018 1
32319 
886 1
57478 
16738 1
58607 
27539 1
48081 
26707 3
24323 67708 9825 
6182 1
21918 
14524 1
16875 
3560 1
20633 
3329 1
58429 
767 1
42957 
754 1
37483 
4551 1
6729 
25282 1
79146 
23345 2
57786 64534 
12810 1
58037 
4432 1
68103 
16113 3
85735 10773 64683 
3829 1
14048 
2057 1
29063 
93 1
88949 
6583 1
68121 
17176 1
62604 
5226 1
39172 
7537 2
19460 90380 
28850 3
25684 84544 3480 
7751 1
37277 
22464 2
51553 96603 
9584 1
69383 
4593 1
90387 
1578 1
49591 
23890 2
72791 34094 
16549 3
43862 53509 83456 
5928 1
93011 
22158 3
3149 44162 65613 
23500 2
26164 94382 
13002 1
78808 
9726 1
37901 
24069 2
46889 79977 
6690 1
29348 
25454 1
33717 
5232 1
63042 
991 1
5867 
1180 1
34981 
10414 1
8637 
6053 1
19023 
13251 2
81590 17707 
9053 2
84577 18091 
24187 2
3610 54707 
5801 1
31792 
4850 1
68240 
1475 1
52789 
13500 1
65982 
4639 1
82773 
4824 1
12165 
8348 1
16966 
12857 1
11136 
11693 2
64650 87548 
14109 2
89511 84924 
27070 3
13272 55544 83924 
694 2
7367 62134 
5745 1
77960 
24992 1
12807 
21052 2
41881 9942 
11274 2
4142 77825 
19469 1
3011 
21975 2
59294 73578 
22211 1
57688 
25757 1
16440 
652 1
70959 
3314 2
71288 29467 
15733 1
64923 
3492 1
52751 
20120 2
12467 15962 
10947 1
75757 
290 1
52531 
2692 1
62977 
11735 1
53804 
2175 1
94996 
24137 2
78123 15229 
12624 1
5750 
16528 1
18026 
17497 2
66451 24245 
11915 1
96260 
4243 1
49659 
20136 2
64471 17961 
839 1
66736 
374 2
86396 17076 
21054 1
9708 
10485 1
80871 
19312 2
11704 87839 
21397 1
84819 
21653 2
5741 94224 
26253 1
13452 
14003 2
62091 89727 
1007 1
77576 
18795 2
79572 25334 
2695 1
3072 
14672 2
35441 7781 
23650 1
77400 
2137 1
89245 
12124 1
71906 
14529 2
92384 1192 
816 2
22672 263 
15059 1
74372 
8861 1
83776 
19248 1
65651 
18554 2
69825 26090 
3261 1
71071 
10875 2
73550 20509 
6080 2
45443 16360 
16078 1
60815 
5834 1
35677 
11822 1
47404 
13525 1
71620 
13192 2
95267 64633 
25426 1
67995 
15947 2
22330 88064 
2782 1
76142 
16360 2
9232 10206 
28654 4
51715 81057 31393 85816 
15212 1
53672 
12279 1
52900 
29085 2
28716 87144 
23319 1
56444 
29024 1
68379 
16644 1
16838 
22992 1
75001 
28381 1
19582 
23940 2
94250 48904 
23528 2
15171 91901 
27547 1
91906 
13844 2
39273 77282 
26964 1
54895 
7381 1
83352 
13746 1
45627 
23519 2
8034 53469 
12600 1
71190 
489 1
82041 
16780 1
76032 
3084 1
34680 
25767 1
11623 
6364 1
13154 
5223 2
49832 75384 
7778 1
39759 
3643 1
29341 
27301 2
9672 5584 
16799 1
84979 
620 1
92847 
25792 2
62186 1016 
28328 2
84030 42998 
27384 2
75164 63320 
18559 2
36992 95214 
556 1
16152 
2403 1
30738 
8837 1
92440 
25508 1
12327 
28209 2
32100 87951 
26173 2
93319 71502 
6839 1
15548 
3235 1
49407 
27147 2
2179 20278 
603 2
94060 86280 
26087 2
10414 94793 
6251 2
51873 84119 
1431 1
63741 
26047 3
25136 54366 87149 
26594 2
76275 89197 
19551 1
88249 
8594 1
54957 
3375 1
80880 
21343 1
41751 
22431 2
22477 91196 
21478 1
3419 
2971 2
5329 91265 
13640 1
78524 
24760 1
46820 
1618 1
23217 
9220 1
78708 
24550 2
82396 23629 
1834 2
62905 83060 
27218 2
21491 75426 
14170 2
37635 58862 
25852 2
6798 30789 
