37
3580 17
87205 91653 39446 78659 17311 37582 49342 70883 97943 55624 13355 72039 45430 73310 34374 26765 72120 
603 16
68921 54647 20420 79375 58712 51936 30814 9556 89267 63769 16361 70836 71279 83271 44198 21549 
1611 17
9499 60466 75928 24624 78273 42599 2563 34251 72983 92905 68766 79734 91804 39996 37583 45450 29459 
5152 17
57978 38481 94719 61776 70677 98533 11246 90768 24289 72279 37454 9885 95017 10832 18508 70609 69578 
3782 17
67749 57419 89331 62176 37070 85760 24907 67652 88609 91331 35891 60628 9329 48580 5629 70258 22961 
4108 19
82596 64038 4961 55220 80746 32005 91039 21430 96776 75466 34545 91025 27112 69582 63123 4319 74848 5039 54803 
1813 18
87364 93797 56014 7522 77501 18211 98134 12727 92632 7607 97910 19728 34817 40923 71928 34319 38829 19527 
2017 16
58323 29847 30127 99640 87871 61714 35672 74969 7542 76998 57600 84365 8340 60020 51765 54849 
549 17
74739 80901 64585 26423 73023 19233 62371 69451 7179 40354 47644 76709 97842 89680 74603 38585 44787 
5156 17
4634 81325 58966 59034 99239 76233 15913 14974 52012 53343 51835 98896 25887 55187 35438 86510 77878 
1533 17
79551 23509 28020 98830 71178 60468 85469 33990 73009 28620 24128 92942 67577 96036 11505 40312 31396 
2735 17
47928 56165 71868 65635 6731 38374 32559 34472 28477 37000 31040 53829 16961 11089 75803 75010 82201 
427 15
43667 72768 70938 58642 92934 64219 98150 32385 385 62247 63680 29305 56997 40250 73309 
6012 16
90470 95901 39772 78656 13514 7518 46703 71355 67337 14177 40605 28386 10165 12680 83800 66170 
4386 17
94898 28835 49388 78187 56654 94740 77758 32891 63012 49194 86894 37649 24711 94560 36762 97542 89748 
745 17
7258 75160 380 65318 56447 67597 3636 85138 94378 75114 43966 81843 40280 95342 30048 52206 59085 
4088 16
88294 13346 79178 84301 22361 30692 16753 21902 49339 34492 39938 16478 69552 57507 731 73317 
2665 16
2690 74121 35732 84013 97447 13449 85605 61691 38792 64324 41885 23460 52474 22145 39261 58579 
5312 18
44326 15339 14627 8050 67878 48961 9047 84912 54506 33737 17497 9388 33231 70317 12524 34741 97219 46532 
2061 19
34792 36402 37414 40406 13680 71401 31143 5661 65522 59283 29632 49758 70177 97363 71562 32750 4801 42634 54396 
4368 16
97397 8610 45887 73371 69608 41741 15309 62316 10129 33755 31491 72953 10513 76111 16565 82285 
3809 16
21212 47889 55772 46276 98913 87100 30431 21140 91019 74115 2975 76036 18060 3710 43941 69247 
351 15
93505 25313 26728 32460 7797 98298 97591 10947 66697 31745 12378 77197 81660 87736 92830 
832 17
45286 37600 89394 82242 95988 8716 13939 20529 16010 28183 15863 94384 50217 43890 76487 64041 12847 
1688 16
36693 40443 55191 90950 28708 86996 51229 65462 47482 34888 21036 17511 60048 24816 58429 46601 
5650 17
55743 43252 72843 72245 61545 26573 66687 12850 90282 17664 11513 10713 12843 26056 34185 97419 29795 
4070 17
89568 96690 15031 29685 61694 97022 39128 90413 50583 50315 73992 12932 11891 23024 21033 86608 84479 
3083 16
21904 37276 52129 34352 40287 30006 12888 64020 77261 95546 60542 76555 45713 37810 14616 72176 
362 17
4499 4233 98674 19886 84711 98868 75590 15858 91998 26672 22724 75163 31909 3519 76908 34720 12655 
5560 18
59733 74992 70806 41369 10560 28469 82680 79146 88621 42161 76286 35784 47551 16387 90002 65911 56791 80537 
2206 18
52701 21104 95653 95920 74159 39477 66382 19399 92714 25422 69018 36037 80695 63083 11380 48732 56464 98570 
5581 18
90541 46982 63716 78828 45058 19622 69832 49314 14695 89867 11289 15055 9134 97572 48792 28285 24071 94051 
2712 18
2655 97088 31081 47151 4430 7495 24035 65958 1730 46390 50967 37119 43341 55142 14718 29895 19242 5508 
2761 17
69650 99838 33884 28051 25966 40790 39219 13328 505 25820 7326 24807 29676 17536 52380 96499 62385 
4151 16
91756 30506 2126 18932 87127 57194 96187 42287 62520 99816 33009 28773 71209 70355 52587 38139 
5425 17
72093 56252 49651 41067 83548 20924 68739 93710 68417 19750 48839 44158 12546 8269 40732 61424 42746 
936 17
79009 59229 34871 35147 20939 65283 20952 40110 45168 53485 88227 55643 35450 80048 57612 36554 98536 
