335
12512 2
48839 26577 
20148 2
24780 21702 
22609 1
11036 
11934 2
89894 80743 
823 1
4266 
913 1
36017 
7763 1
41573 
13748 3
10816 76950 44341 
6423 2
36362 64307 
5430 2
39575 26912 
19377 2
26293 41193 
15400 2
7564 4761 
4053 2
47428 59640 
13135 3
53813 57993 4972 
16624 3
49736 42632 42335 
3241 2
33875 68962 
6018 2
7380 7156 
8465 1
18110 
14581 1
79899 
5435 4
73801 72572 92177 42428 
23662 1
25 
7475 1
81864 
691 1
47101 
12152 1
64315 
8977 2
32782 28179 
4920 2
88566 21559 
17983 2
83748 34996 
2314 1
14792 
997 1
34431 
20259 3
69697 4845 28283 
4876 1
49627 
2675 1
77071 
22759 2
35225 40964 
8318 1
20266 
2223 1
3381 
16407 2
48504 8581 
9085 2
78809 8182 
8971 2
473 48998 
4929 2
66433 49097 
14489 2
50007 37409 
22974 1
93383 
6332 2
53845 33628 
3586 1
83089 
5716 3
43407 26452 32137 
11619 1
32159 
23203 1
57506 
808 1
78476 
13206 1
54610 
15579 2
34754 8237 
12624 2
62491 64913 
259 1
17864 
15947 2
45827 44502 
3076 2
29956 44016 
776 1
18353 
550 1
29621 
20844 3
387 40959 13434 
22476 2
8497 7634 
5065 2
3366 21786 
4338 1
86358 
2778 2
74923 37913 
6242 1
66410 
12080 2
89414 72744 
13057 2
19587 53346 
248 2
27421 61867 
601 1
75910 
4839 2
30564 42301 
926 1
4398 
8980 2
57921 36041 
10085 3
83869 12345 28657 
13858 2
12678 57810 
11896 2
64920 13101 
16991 2
32443 32841 
1944 1
15271 
12595 2
53043 2812 
19340 3
5668 26982 89114 
19661 2
71300 51708 
1422 1
83756 
14201 2
64903 68291 
273 1
61479 
21414 3
33838 89759 73061 
11157 3
66527 38818 80666 
4850 1
13226 
15597 1
71833 
5753 3
38866 50210 57014 
11559 1
94081 
18547 2
28295 74502 
11374 2
13048 655 
4342 3
75813 26866 86001 
16450 2
85361 40731 
4786 1
44997 
6521 1
24043 
15435 2
19277 90009 
2067 2
17390 636 
19737 3
78945 60307 73629 
18795 2
68977 53125 
5095 2
940 11422 
23644 2
6552 36634 
4542 2
61860 55599 
8081 2
69477 43089 
1173 2
2068 92319 
7281 2
4222 7790 
4189 1
71397 
24238 1
76732 
24445 3
14224 36420 18918 
17769 2
37601 27923 
7660 1
73079 
4687 2
48731 30667 
10220 2
66819 8529 
165 1
48515 
5898 1
22235 
6432 2
22810 58513 
9995 1
88100 
2027 2
35593 73958 
13591 2
70701 5609 
24029 2
17270 83670 
18232 1
94260 
3650 2
64425 53518 
2462 2
12464 31938 
5207 2
44339 52682 
23398 1
54442 
12509 3
71755 68400 23494 
4482 2
43865 58575 
7765 2
49221 44692 
1179 1
69764 
7268 1
95171 
7224 2
92957 62070 
712 1
52287 
7121 2
78078 12726 
2375 1
20717 
15011 2
92106 7290 
21413 2
21042 78018 
303 1
42903 
5040 2
72550 93909 
4954 1
7989 
359 1
40336 
14857 2
86248 63291 
16676 2
22268 5156 
14267 2
17356 92482 
23509 3
6128 59689 55270 
3560 1
20747 
16017 3
36968 39444 78952 
3952 2
82606 59817 
10482 1
94002 
7058 2
72118 19149 
4155 1
3821 
9644 2
81424 53438 
13911 2
65823 26789 
796 1
43510 
2005 1
42547 
6123 2
71153 73994 
21385 3
26218 48216 4897 
7852 2
38049 26540 
13307 2
76456 67739 
10352 2
52423 61928 
23049 2
46624 3007 
1147 1
64582 
6983 1
63642 
20882 3
31500 41741 14979 
21140 2
86470 23119 
3232 1
79382 
2684 2
78177 23139 
12350 1
93685 
8347 1
89897 
21789 3
71835 65797 72768 
2116 1
25939 
835 2
27614 59230 
13549 4
24291 74402 5852 86431 
13083 2
90822 2799 
22100 2
23514 74107 
7209 3
87161 92486 92460 
5725 1
2611 
19810 2
27579 4001 
16762 2
44697 46243 
5037 2
89507 94062 
6735 1
52687 
22717 1
68431 
9544 2
69308 64261 
5869 2
13536 85692 
15001 2
50816 80435 
21388 2
34472 29827 
6637 1
53148 
7449 3
57248 35284 52259 
15568 2
52134 95158 
16424 2
28905 59647 
13497 2
26163 60787 
5604 1
41257 
14524 3
58069 15487 10817 
5634 2
17720 85865 
20580 2
601 91301 
7166 2
88820 87679 
855 1
42015 
23396 2
90969 49467 
1451 1
41555 
5601 2
33933 81250 
3032 1
12153 
10956 1
82625 
21492 3
20750 83936 95272 
11566 2
57106 23275 
23521 3
20849 38295 38405 
18888 2
87080 34022 
4052 2
50657 25006 
2156 1
69909 
7847 2
80333 15170 
12857 2
75380 48055 
3989 1
60112 
21038 2
31257 11333 
19384 2
8613 70454 
3706 1
47878 
2764 1
53004 
5171 1
37938 
700 1
69123 
4217 1
74208 
15439 2
4648 79338 
760 1
51252 
6908 3
2414 6315 5851 
24033 3
91533 17918 91282 
19411 2
2512 95221 
1200 3
26778 57996 6659 
5624 2
36821 46339 
906 1
59207 
17856 1
91536 
2339 1
44464 
22355 2
31244 23092 
6182 2
22881 88619 
5431 1
87884 
608 1
30279 
7878 2
4136 4154 
3411 1
91182 
4059 1
16141 
243 1
61608 
3106 2
82385 46101 
5933 1
45982 
143 1
8997 
8847 1
62978 
9123 1
64181 
5097 2
47873 51606 
14135 2
41171 36963 
216 2
339 91025 
24404 2
71849 10187 
7662 2
19448 60913 
827 1
20803 
23901 2
9585 59762 
6956 2
24737 86745 
566 1
34158 
19589 3
37268 86989 94049 
4100 1
48152 
18737 3
41737 79759 65890 
513 2
6695 78030 
2930 3
26257 89262 20357 
13935 4
14519 63332 64924 48810 
19924 2
30395 43158 
980 1
67965 
20141 2
23255 80278 
11332 1
19611 
2449 1
40955 
17398 2
84404 56887 
4232 1
18444 
11116 3
73640 42543 44065 
4517 1
81620 
694 1
68771 
3572 1
64447 
12827 1
12221 
1102 1
27684 
17277 2
57384 64437 
15726 2
12823 59780 
4357 1
43205 
9409 2
13521 2122 
19812 2
75841 4503 
5296 1
37178 
8308 1
90475 
944 1
21919 
15837 2
14532 88401 
14529 2
72320 93448 
24852 2
93782 28090 
4309 1
31791 
22605 2
57403 93411 
9039 1
36385 
12620 3
9340 21763 46262 
4871 2
62374 52492 
3173 1
86030 
722 1
53921 
12523 2
38731 92672 
2016 1
44602 
4978 1
13469 
22588 2
63200 58349 
5178 1
53513 
5005 1
21408 
15664 2
50461 63273 
1504 2
54391 5483 
24292 3
53178 50380 16488 
6170 1
56890 
4638 2
80046 84048 
4119 1
42040 
6856 1
68511 
20333 2
29653 89736 
11272 3
10612 34911 92620 
1075 1
30794 
362 2
70292 31988 
3848 1
66458 
2761 2
44965 36482 
16959 3
67276 43537 72848 
1252 2
59693 25242 
3584 1
71437 
15369 1
46088 
17426 2
89712 37293 
14639 2
25117 90744 
4374 1
47909 
10027 2
45776 19245 
706 1
1386 
20214 3
8432 34987 31113 
18212 2
77177 90439 
22607 3
19011 92763 78819 
22346 2
28017 72361 
16906 2
22214 54045 
1501 1
37329 
18375 2
90488 75132 
843 1
81251 
7381 1
89024 
4861 2
41902 8278 
18755 2
16751 26904 
621 2
29625 75853 
6114 2
70740 49734 
17679 3
83909 92600 66380 
20531 2
1495 91087 
19743 2
38465 14019 
4756 2
69487 58382 
6369 1
80955 
2633 2
42867 62890 
3464 2
41096 74423 
2716 2
74777 44475 
6359 1
39910 
11933 1
65052 
4137 1
37661 
22948 2
64763 90269 
5226 1
11028 
