119
7390 2
3226 2416 
408 2
35426 32559 
4403 1
24086 
6273 2
14232 45700 
4449 1
26742 
8046 2
28375 123 
5944 1
53328 
4992 2
21798 21422 
2411 1
43785 
35 1
38210 
6119 2
33949 40230 
757 1
41319 
2314 1
35740 
5040 1
15110 
3716 2
42325 30224 
995 1
6872 
3822 1
20827 
7300 2
39464 34566 
6106 1
26333 
8009 2
28654 53555 
1077 1
3138 
7925 2
17924 17213 
7960 5
10142 4395 35813 23073 33383 
5665 2
36067 39528 
1364 1
2795 
4468 2
14649 45505 
7491 1
29816 
4753 1
52339 
6973 1
5294 
3250 1
13018 
1385 1
46274 
6948 1
33292 
3942 1
50627 
4259 2
43018 16136 
6700 3
34176 10620 24956 
824 1
7733 
6713 1
28888 
6455 3
12802 46813 37608 
469 1
47287 
6718 1
2111 
5170 3
53792 41425 54642 
669 1
35076 
3391 1
41619 
1102 2
21577 1985 
1451 1
51316 
3764 4
48491 20815 36345 53636 
7523 1
29307 
6560 1
5538 
3136 1
24356 
1663 1
45163 
5675 1
30225 
4781 1
7163 
7608 3
8169 54448 12651 
6029 1
27982 
6961 1
40848 
2001 1
20254 
7873 1
26747 
4588 1
32331 
1870 2
34994 24343 
3606 3
42023 6044 47481 
4451 1
25808 
3297 1
24011 
5360 1
35035 
7912 3
33607 52546 33271 
5093 1
24300 
7616 1
27648 
8028 1
28121 
7781 1
29464 
4714 2
39527 27949 
6518 1
53237 
7951 1
13650 
6772 2
48304 54342 
2724 1
36946 
5490 1
14694 
6998 1
25008 
2470 1
21566 
7585 2
4358 8883 
4549 1
4355 
4629 1
15675 
1242 1
42300 
6754 2
8156 10144 
7142 3
29156 44791 55176 
1409 1
28581 
1973 1
52229 
1970 1
13029 
3231 2
1627 23531 
5879 2
26928 20232 
5586 2
41453 15375 
7332 1
30891 
1286 1
54115 
4120 1
52075 
6989 1
50131 
6934 1
18174 
7975 3
50920 6661 40815 
3462 1
54150 
2590 1
16585 
4219 1
12492 
1941 1
6095 
7709 1
19997 
998 1
22304 
1436 2
32846 20607 
4140 2
1022 21854 
7780 2
9814 22757 
5118 2
53833 17254 
3389 1
37755 
2461 1
13161 
7521 1
51259 
7229 1
8763 
5750 1
28481 
977 1
53285 
2379 1
12784 
6409 1
5699 
3648 3
36577 44717 21190 
2786 1
31576 
1978 1
48294 
6137 1
15958 
2446 2
8447 46565 
3485 1
16874 
6187 2
5999 52437 
