245
563 1
51074 
4841 2
16006 38396 
416 1
77156 
658 1
34947 
3276 1
80067 
5466 3
78426 41247 83900 
268 1
4684 
583 1
94916 
2168 1
45507 
2158 1
37752 
1328 1
24862 
1338 1
88396 
4777 1
56648 
1085 1
81574 
2883 2
89259 42515 
3206 1
65761 
3339 1
22431 
4270 1
6413 
6711 2
42500 22647 
234 1
88638 
587 2
82977 74585 
813 2
79697 74665 
6841 1
31403 
954 1
36740 
5385 2
8453 14323 
3085 1
8042 
34 1
12679 
1373 1
62086 
5783 1
86977 
1371 1
93390 
4089 2
70714 77221 
5302 1
61247 
6203 1
15566 
4939 1
33681 
1306 1
46667 
295 1
69876 
1238 1
55100 
5060 1
86424 
1885 2
19225 45739 
1197 1
55260 
14 1
57980 
1057 1
78173 
4108 2
91465 60216 
277 1
49981 
4204 1
59422 
557 1
32954 
350 1
74680 
4284 2
89637 67914 
1474 1
49222 
3092 2
82522 67275 
3304 1
2517 
1411 1
8297 
1380 1
52960 
6773 2
11198 39735 
158 1
68456 
5505 1
15211 
4821 2
80858 39641 
432 1
22334 
3334 1
72611 
3313 1
34208 
5377 1
9870 
534 1
8372 
1296 1
8658 
1198 1
72603 
1116 1
54424 
1294 1
1139 
5426 1
34492 
1298 1
23125 
2626 2
53537 38988 
5130 1
55716 
2059 1
16753 
3165 2
18891 73496 
6034 1
41895 
1288 1
4207 
4854 2
22914 60723 
1263 1
39847 
1367 1
35523 
4040 2
42562 65302 
4441 2
451 16884 
5904 2
49046 75602 
641 1
90657 
1984 1
8798 
1068 1
72720 
5509 2
74797 25785 
1313 1
14297 
356 1
79196 
4923 2
3886 51068 
1091 1
93483 
1304 1
1447 
1322 1
54782 
6323 3
58366 29464 52787 
6642 2
46444 297 
4696 1
92542 
4485 1
4804 
4520 1
62608 
3826 1
91004 
1475 1
8776 
472 1
15248 
5811 2
23175 93265 
5912 1
35405 
294 1
12570 
1118 1
65251 
1123 1
77261 
1179 1
60303 
6463 1
45787 
1421 2
32491 5068 
1368 1
32175 
5741 2
82319 28773 
6562 1
83969 
1122 2
13368 38834 
3728 1
21319 
2692 1
26182 
3156 1
14302 
5683 2
18872 57692 
1207 1
35915 
979 1
39131 
109 1
89433 
1194 1
59595 
3188 1
44291 
2080 2
12047 76614 
1364 1
70546 
245 1
86177 
220 1
27256 
2704 2
28084 54490 
909 1
52196 
1528 2
25432 94940 
72 1
91304 
4836 1
13964 
1232 1
41416 
435 1
84861 
1301 1
80471 
4525 1
18189 
5172 2
10741 50472 
4723 1
24840 
1875 1
70491 
6315 3
82639 53169 23328 
5848 2
77327 19611 
6473 2
31680 18635 
698 1
35584 
487 1
44767 
1305 1
43754 
2811 1
44672 
4912 1
74302 
1391 1
26379 
3239 1
82248 
5938 2
38104 29035 
6194 1
36465 
697 1
41805 
1075 1
83351 
2527 1
4826 
1619 1
39521 
1076 1
12848 
1163 1
65798 
672 1
78460 
6312 1
50898 
1379 1
68053 
5493 1
45007 
718 1
91429 
1390 1
15507 
1824 1
60780 
1942 2
31128 35559 
4369 2
53436 19990 
6030 2
34939 33385 
1097 1
14855 
1066 1
33777 
6108 1
80027 
5133 1
59620 
1278 1
46191 
6742 2
93458 24249 
1315 1
70809 
1204 1
26435 
436 1
72388 
2950 1
6617 
3683 1
21702 
1684 1
41349 
3133 1
93962 
2801 1
9542 
1135 1
67706 
6217 2
47465 21570 
4676 1
12431 
5456 1
55209 
313 1
29331 
3444 1
55703 
1361 1
24618 
3766 1
87685 
3210 1
69308 
2780 2
18057 48694 
655 1
87942 
3942 1
15485 
970 1
78576 
3294 2
378 62232 
5814 2
65780 9650 
4194 2
58391 12820 
1277 1
55911 
78 1
9969 
6005 1
24808 
6656 3
21154 33998 39859 
4796 2
63139 3590 
1317 1
65155 
3271 2
52634 83786 
839 1
22761 
517 1
83217 
3568 2
28805 43828 
5085 1
49659 
5298 1
76870 
4484 1
5582 
226 1
18336 
1031 1
80085 
925 1
63648 
3672 1
64232 
1242 1
49366 
1569 1
9176 
899 1
75215 
147 1
1122 
3969 2
152 17774 
6623 2
87108 48496 
1053 1
76924 
3044 2
51046 10575 
6402 1
64926 
1293 1
93331 
906 1
25611 
5004 2
38667 94315 
6460 2
67392 31281 
2760 1
26336 
3848 1
71929 
5324 1
74626 
502 1
54747 
200 1
23199 
1747 1
48448 
4985 2
94985 25149 
341 1
38484 
6128 2
15235 45344 
1200 1
48123 
6658 1
26549 
5189 2
73485 9716 
421 1
24169 
4824 2
68031 95141 
4141 1
26707 
1087 1
28835 
874 2
13113 63106 
1925 1
50856 
252 1
68006 
1120 1
4834 
1231 1
52238 
3189 1
19514 
