136
5048 4
67604 33459 26690 12697 
3640 3
69077 16934 57812 
1915 4
31840 43610 16789 67170 
1496 3
34758 44572 15095 
6758 3
19030 726 71210 
5515 5
27706 62831 36670 17576 68549 
17 2
71648 32444 
159 2
64565 59327 
1126 4
40604 50636 46735 29461 
380 3
51503 41489 67741 
6109 4
67557 28241 37831 44440 
5983 3
37194 10793 3499 
6809 4
51415 30424 49128 7288 
5366 3
28418 22174 7571 
6384 5
39528 34634 8346 2872 35053 
3695 3
69226 3512 49049 
209 2
34632 20230 
5217 3
40023 11584 15774 
5389 4
36618 32937 36579 4535 
5944 3
8008 42054 17983 
568 4
55923 59723 48767 65350 
4655 3
13747 54830 49170 
3971 3
33906 27279 61316 
349 2
33096 34676 
5848 3
35887 47108 45859 
243 3
39483 13885 40664 
4875 4
18119 53605 17050 45030 
7736 4
27534 23674 24521 24199 
6011 3
30922 62496 49539 
1781 4
51333 63542 41588 28375 
7436 4
41830 9044 58719 9792 
2163 4
57168 71973 59049 61153 
6031 4
67139 76814 39236 8663 
4559 4
18978 48025 26672 39672 
60 3
48118 10103 74874 
3549 3
63674 2712 25949 
5236 3
46761 62349 33582 
847 4
47733 50428 20115 34448 
6530 5
65395 61813 63733 38809 51148 
5934 4
26421 42276 17909 63767 
4229 5
15309 69762 29491 45154 13764 
425 3
68256 49291 16225 
500 3
13481 67627 71358 
7196 4
46194 59262 484 38894 
6332 4
60801 3351 57682 56894 
5176 5
64193 15742 2363 20050 34470 
4844 2
43472 14659 
6 3
2472 1670 61693 
7335 3
12553 77616 30799 
514 2
18920 29226 
2899 2
36293 54650 
7420 4
75606 58871 22472 22262 
2690 3
39510 58713 48070 
5872 3
25557 28356 1123 
4912 2
35291 64426 
4632 4
8024 73088 47537 14749 
5117 3
52928 5377 51208 
3419 3
41786 72858 58421 
1175 2
27956 46175 
3341 4
53131 47119 24304 72066 
450 3
3985 50702 65811 
1887 3
58134 28150 69897 
6625 5
46866 63914 33200 69140 29886 
7461 3
70328 16653 16948 
2973 3
2126 44237 71605 
6205 4
12059 64067 14297 20268 
1755 3
77317 64826 59381 
3558 4
56107 32657 44327 26351 
504 2
56067 69707 
602 3
53718 16233 60347 
1174 4
9988 48494 16555 74188 
3084 3
35993 19320 76998 
2445 3
559 25123 57964 
27 2
63292 21124 
4907 3
16865 10513 68668 
1614 3
38282 14338 1865 
2265 4
23915 58664 324 61934 
35 2
34399 64053 
3257 3
20072 56838 32968 
3776 3
8581 65245 22515 
4877 3
66126 47415 61108 
2981 3
64603 29388 53997 
120 3
44846 71249 19487 
3970 3
23169 71545 46863 
7417 4
5597 67521 21565 26941 
178 3
36880 14126 65891 
6890 4
50020 53484 37064 11704 
46 3
1619 28816 73163 
1121 3
25773 25864 76591 
438 2
57138 43342 
6578 4
6899 59199 54767 45180 
7611 5
75749 16170 71381 30406 64640 
6849 4
75877 23068 28806 39051 
6021 3
25102 76207 62401 
7693 4
36214 58497 69691 67129 
4432 3
39876 42001 22714 
6947 3
71649 78213 52681 
7876 3
12987 38399 30221 
670 3
6226 5875 35226 
7878 4
37268 43986 36306 48746 
3231 3
46602 73241 58552 
3322 2
13353 39156 
495 3
16148 45385 42535 
7276 4
40479 64803 78114 40952 
5734 3
31441 69479 53614 
1200 5
22399 66181 17145 51527 3480 
265 4
25162 68418 2268 32364 
6251 4
12938 53401 71916 1114 
569 3
55780 31374 49113 
6025 4
60786 66922 37843 30117 
467 2
70356 44462 
2004 3
65204 1474 73159 
852 3
35172 36636 25913 
6598 4
71904 58833 63908 44904 
6244 5
56302 57306 43018 77907 43456 
3710 3
9806 51591 3357 
6214 4
14877 22966 27467 4124 
4277 4
76134 6290 18498 20723 
454 3
54062 67949 17013 
3225 4
43351 47411 63937 18059 
421 3
9034 8338 20029 
7279 4
61751 46302 73000 28381 
1804 3
73530 67088 66035 
4101 4
3762 20614 26549 34154 
344 4
10665 54398 66193 20372 
440 3
66477 58276 31769 
419 3
23060 6425 775 
3550 7
52027 6801 47281 69890 23558 771 74048 
2048 4
13169 73091 76763 32080 
3691 3
1637 63577 49193 
7105 3
15425 10887 34421 
4183 3
53309 49474 34472 
251 3
57262 66634 44508 
5706 2
58191 8115 
4268 4
18132 59274 60136 43150 
1033 1
3039 
