326
2210 1
8778 
2467 1
21396 
3035 2
32645 93724 
3372 1
74577 
2213 1
40796 
875 1
55239 
1357 2
2577 590 
3378 1
27066 
1702 3
91220 8447 66381 
3718 3
1779 84480 3844 
2743 1
85726 
3852 6
33826 2581 56699 34773 14362 55349 
3127 2
65065 1423 
1598 1
43123 
3927 1
81453 
1577 1
32936 
1883 1
50859 
2524 2
93997 71024 
2993 3
2894 13202 99670 
2687 3
33099 23340 27238 
473 2
33114 28927 
4059 3
40454 29275 65199 
2525 1
86875 
137 3
86660 2762 77750 
4042 1
24914 
770 1
3911 
2977 1
95791 
1593 4
8436 46775 12325 20617 
1124 3
33278 77515 26398 
3057 2
92260 13662 
2268 1
27230 
2062 1
25584 
3361 2
21067 52456 
2918 1
75674 
3703 1
80462 
3185 1
97442 
880 4
33381 56417 8579 5880 
1541 2
86540 53604 
919 5
16371 46496 74421 59494 2669 
3671 1
3796 
1902 2
13473 82714 
1321 1
75826 
1401 1
82447 
2824 1
4100 
1813 4
83239 69330 15035 39403 
1980 1
97358 
3651 2
87051 44875 
869 2
1604 40743 
769 2
96319 36473 
2944 1
88090 
3993 1
74694 
2813 1
58054 
132 2
42846 92411 
3070 2
11480 16550 
1935 2
66905 97868 
3367 1
94573 
2661 3
8170 37474 65193 
891 5
13879 98207 48354 73973 69088 
3036 1
72120 
3880 3
1197 39602 32226 
3913 1
33453 
4070 1
76386 
2676 2
51392 92774 
1054 2
50375 76745 
2909 1
67995 
1944 1
1032 
2693 5
13844 46550 58324 69986 40857 
3403 7
15676 11917 55126 85520 17856 22931 59422 
2248 1
73132 
4010 1
9346 
1431 5
30072 27734 94941 84868 14422 
1701 3
60821 39461 28324 
3652 2
21789 25715 
3353 4
71725 10773 39670 70249 
3844 1
78662 
2175 2
52081 1130 
4040 1
63787 
495 1
7451 
1622 1
33605 
3496 4
46860 70052 27786 59634 
4046 2
51873 40476 
4055 2
1192 30577 
3914 3
63495 58637 98927 
1722 1
73565 
176 1
74385 
2215 1
97046 
3776 1
98605 
1932 5
32880 57530 70138 43866 51431 
3642 4
3543 2335 5074 16768 
2439 1
99628 
1784 2
24823 8963 
2327 1
30947 
1382 1
45909 
1560 1
128 
2597 1
53274 
536 5
13291 86324 14663 26808 80765 
625 2
49666 22598 
3553 1
91457 
1843 1
32191 
2621 1
58370 
816 4
85227 87907 50411 30821 
1982 1
54379 
1035 1
12861 
2848 1
78642 
607 2
75836 54526 
3737 1
70218 
949 1
87098 
1869 1
44557 
1013 1
71097 
3058 2
83543 48979 
2611 1
4633 
3871 2
87781 81587 
2636 1
9141 
2585 4
32222 57520 97327 63696 
1814 5
59978 92654 85994 52020 83316 
3107 2
59661 54222 
2420 2
85657 31211 
1998 1
52567 
2102 3
810 70679 45365 
349 1
24797 
2798 1
23869 
1474 3
56404 61832 72964 
2135 1
47877 
2169 1
68068 
3172 1
95106 
3768 1
94824 
1751 1
93694 
3370 2
54667 9002 
2984 1
68377 
2029 1
54646 
2709 2
76170 10026 
94 2
18517 23279 
645 1
80249 
3773 1
17986 
558 1
74371 
1602 4
72258 34894 83092 19868 
1957 1
15515 
3171 1
5657 
2758 1
69679 
3436 2
29948 49214 
945 1
88213 
3068 3
87248 46988 3836 
454 1
13465 
1767 1
16612 
2887 1
87185 
1292 1
69412 
1016 1
37108 
2584 1
91395 
377 4
77659 96499 26621 10639 
2669 3
92749 46467 944 
3048 1
71778 
1097 4
61913 51855 54932 86691 
4034 1
60503 
3342 2
79589 28997 
3091 1
4204 
1428 1
64689 
3720 2
54040 83387 
1753 1
79793 
1456 2
52191 49265 
1338 3
54142 4838 49840 
3522 8
59526 1842 42352 90526 59539 48296 22944 10396 
1684 3
68229 24799 78259 
3336 1
10743 
63 1
94140 
731 2
29293 85519 
3610 1
31443 
3244 1
16259 
3690 1
66319 
3961 4
49134 37014 40617 95125 
3452 4
6473 54410 72457 95947 
3506 3
51240 49662 42714 
2906 1
38323 
353 2
96809 99257 
3012 1
32209 
1735 3
91923 4643 10970 
1092 1
66336 
3700 2
59255 15014 
4012 1
3657 
3918 1
43559 
3802 3
45131 61108 62043 
2120 1
91934 
629 2
10329 98878 
3882 1
11511 
3427 1
59711 
627 1
52465 
446 2
82654 50152 
2366 6
8884 80603 11819 42497 33277 72443 
2403 1
3807 
3138 6
89359 17018 56517 44392 92520 97024 
2123 1
69019 
1080 3
2600 52520 56663 
3485 1
51309 
3881 2
42721 44132 
67 1
73813 
4014 3
21864 21377 93709 
256 1
33772 
576 1
87751 
2689 1
91254 
3910 3
45364 69910 25941 
3858 3
13472 535 1931 
2414 1
38727 
2127 1
650 
1989 4
21606 88377 60244 33818 
1226 1
30901 
2229 2
77940 31267 
3062 2
27764 80026 
2940 1
93983 
1208 2
85674 41 
3257 1
75549 
1727 3
26243 88061 72290 
3621 1
40692 
1548 1
26680 
3793 1
86460 
2616 2
86757 59480 
3864 2
26341 78244 
427 1
6051 
475 2
62981 65920 
3788 2
94727 57270 
1356 1
19670 
3256 1
67045 
1078 2
31486 17693 
3531 1
48178 
2463 2
97989 72286 
3709 2
11261 12489 
1811 1
47861 
179 2
63765 38167 
2220 1
11532 
2352 1
6184 
1726 2
7924 73079 
3909 5
31837 66973 18082 42273 91577 
69 1
52756 
1073 2
27046 56975 
3685 1
42198 
2599 1
92385 
2186 3
1142 21378 93008 
3630 1
14936 
1391 5
36393 21848 29633 22365 90858 
689 2
15850 66247 
3823 5
66498 21423 78557 52487 61348 
3373 1
42327 
2554 1
49815 
4049 2
88035 74450 
3946 1
68756 
4083 1
62762 
96 2
41118 40190 
2741 2
31908 85880 
918 1
62057 
404 1
7789 
3981 1
40434 
2170 1
24474 
3004 1
5647 
320 2
60224 23141 
3658 1
42109 
487 1
18293 
2901 2
97831 47002 
2766 1
10798 
1920 1
64008 
2430 2
8695 70892 
2922 1
3939 
2601 1
21916 
2972 2
64848 24179 
1347 1
57862 
2298 5
28654 44478 29187 32795 51075 
700 1
45764 
3974 1
41854 
1171 1
60646 
504 6
28845 6946 62481 25981 64452 57089 
703 1
88003 
1543 5
97352 28655 97968 35584 15703 
1845 2
39722 19839 
1508 4
74829 72486 37742 16535 
1293 1
37045 
2096 3
83788 49780 21798 
2885 2
11758 74761 
4073 2
44078 83512 
1859 2
5904 75165 
3108 2
18900 38945 
1670 1
38919 
2648 4
43303 97959 80430 97855 
3659 2
69394 30838 
2751 5
64599 39354 69058 49453 83945 
3568 1
47076 
2948 2
22323 43330 
2600 1
81829 
2974 2
756 16290 
3969 1
16939 
2789 3
22658 47838 1486 
3363 1
45064 
3801 1
63060 
2380 1
12891 
3001 2
10427 13396 
3305 1
73236 
4078 2
57245 17811 
3585 5
7126 84119 87687 12666 74464 
591 1
19185 
1747 1
31875 
1771 1
21655 
3588 1
87113 
3227 1
49377 
2612 1
6967 
1624 1
59800 
3934 7
36663 75915 66501 60610 70252 14599 71535 
3200 1
90156 
4063 1
17009 
3755 1
76711 
1533 1
46407 
413 3
14506 54458 24940 
1761 1
53515 
3467 7
71079 54579 24094 5534 31550 93776 49297 
1626 1
2155 
3972 1
12457 
194 1
93649 
549 3
56847 17712 71202 
260 1
92969 
1135 1
2970 
3583 1
18163 
501 1
33425 
518 3
87838 39245 49569 
526 1
96633 
3861 2
95040 709 
1555 3
83740 88096 34152 
2683 2
84876 54568 
2835 1
32304 
219 1
52534 
2771 1
93702 
2264 1
42586 
