148
658 30
43290 88671 6980 64196 30313 78324 74624 68777 45130 38452 81483 85059 83515 86769 43758 7355 6527 47382 19713 43954 84312 46002 87770 38067 64406 23589 43861 28031 82663 14332 
177 30
28338 5564 59165 10040 35099 40928 71481 37098 19407 33044 88375 39038 93872 98442 78763 24937 36340 21969 5733 81125 39383 56516 61880 53543 38874 74375 95785 21093 53246 9412 
568 30
60451 33616 49473 94290 56155 17671 54201 37239 48447 67059 19555 65463 41206 25054 74574 4757 99709 38262 50523 76426 71638 73714 88309 85458 27053 31190 99146 92485 56381 89403 
190 30
26669 15207 26083 73247 37859 22472 98940 98065 7677 48550 70876 56857 78943 65948 93542 97720 13393 45869 93898 96967 43299 47495 82544 37200 61556 17360 39711 68718 67117 34714 
1174 31
58756 99679 81530 47889 97324 46717 40650 76556 25229 63540 34856 8112 4463 83847 14783 17469 51064 25138 54249 74346 52833 28705 71284 94716 92746 3659 47050 13338 44160 90275 9318 
1461 31
70976 27397 8423 42935 70522 70933 12288 93611 54477 25791 23933 69382 83771 70459 17032 59900 5523 21872 35359 76083 38687 7035 96055 7535 98784 2527 68984 61933 89540 54584 46460 
973 31
8144 21048 49038 70721 12777 44353 33823 75836 39785 75434 85300 78784 34789 41832 25437 67936 97486 12469 14007 77814 16245 6054 6869 61408 21339 51965 19395 38323 23479 73790 46359 
1293 31
45285 68928 6731 26212 98417 99220 97453 8169 14431 57783 22912 50905 33424 3334 41669 92713 63444 93367 372 35570 71589 96512 94510 33039 7331 91111 88187 50752 63339 79401 97639 
639 30
9802 90760 84859 85984 54833 34747 5299 49062 44886 41181 3229 93539 46458 73385 33413 3691 70801 93841 97198 93756 78471 35426 73852 80555 78894 12075 2382 83087 51703 65768 
582 30
77651 65008 37101 90041 98377 71596 93737 79704 93007 72551 21345 81481 40960 91677 28873 32418 97182 44761 93939 46791 67330 57364 39837 39261 30353 57107 43761 36592 6123 75983 
1158 31
60379 14338 79955 65177 30710 87112 27636 75176 22281 6095 30732 16159 91005 62705 96986 36772 93371 52733 24645 62672 70554 68849 49537 66251 83399 54102 58925 20213 77636 72474 26120 
885 31
73766 67373 1819 15532 89836 24374 51732 36989 52099 43766 74222 99232 59191 80503 24360 57489 56960 41597 40216 12089 17520 13763 65314 27258 44282 51876 1885 49213 64335 66001 21402 
1224 31
82583 58097 57817 24283 41743 41886 28169 99113 30515 30088 29171 22728 92055 30112 6058 36588 69596 77223 69796 86412 16127 96443 69191 84899 55945 64668 74097 99731 53342 75426 86285 
926 31
30972 62135 85762 64970 17633 92289 56959 20293 68796 71061 90088 77641 368 22738 68667 79566 85460 49681 17916 72095 65821 40147 61303 69463 67631 78093 79114 42236 25532 30771 89399 
1009 31
30149 81839 47908 36832 51577 90049 28314 76400 99258 43426 66535 85654 46636 51583 34797 42948 70939 8015 29537 70145 10257 47867 1133 74636 90003 4487 11045 84322 44385 24851 61446 
1342 31
39448 35667 97887 11834 3614 86610 38796 6718 43508 33438 18396 15011 54635 21555 72969 49555 48926 53551 98825 51199 19123 26014 27499 82386 58960 75771 92855 13429 51559 64060 69642 
169 30
89413 46969 39891 59913 36383 96166 90785 30003 51059 66570 8796 36215 27046 53317 82018 21353 16022 84508 72097 53230 92293 93305 72365 81317 53265 95389 3113 91755 68081 42821 
1124 31
47922 33272 93350 69659 77017 12423 85907 57421 56811 30886 60969 63396 70247 431 47012 42458 60781 1119 68981 89253 61513 35538 7939 9939 54869 8797 650 49526 34944 54199 30745 
1591 31
99841 54569 16598 83960 22253 41474 47665 69328 77913 99278 60428 60336 38707 93242 59791 19380 38313 1022 43956 10657 76296 74379 26501 27506 98357 2004 37041 20487 33594 52438 78333 
322 30
17321 43121 21484 50902 27653 73888 12979 6613 96088 49837 76473 63621 53564 73700 36420 77896 43075 76908 55658 2836 57048 46573 40065 54350 63853 44294 22888 2470 41792 5126 
1682 31
52127 28553 89528 99462 41121 14155 28138 91406 84824 6267 66623 88314 11692 99850 93221 90025 43336 78300 54441 31605 72665 5139 36223 73080 79230 87472 30883 69054 25599 59086 43789 
856 31
30176 85353 27199 20670 47263 61205 2665 47549 60779 95855 33416 48921 54712 51471 91740 78929 89526 67559 14678 25251 47750 8563 26928 67791 68907 95632 1782 93033 85548 20723 90421 
534 30
46421 95556 81611 18664 83444 74698 52166 95432 37561 64928 49904 36836 99537 34408 25274 19471 94592 93356 86722 49036 91970 57098 71559 11639 59262 40411 1899 95073 5465 88573 
1515 31
20733 47943 38768 78424 6902 39534 33596 41591 90046 59580 12860 50124 49797 20029 33655 79237 59613 85579 99218 52574 71808 49481 16288 82083 40929 70601 2240 7632 37168 66528 81052 
442 30
26640 64695 27439 78042 22921 8328 14571 83730 33159 26683 9579 54463 45779 67552 64142 77598 51145 61929 73994 14395 18473 98413 87892 44355 35277 83277 88297 2331 26159 42017 
471 30
69147 45353 97200 37512 93715 37737 92863 58508 99413 24481 81235 74251 86141 64618 44442 22894 27354 36213 53247 15720 71710 83108 74871 79151 57958 80371 66322 4014 37059 66708 
67 30
51977 9824 4509 72696 31535 34003 54247 14115 60717 78123 35554 57402 11368 91139 79374 46849 83650 11874 42137 89384 76168 7623 69063 68186 92068 823 35583 43957 11084 49167 
1306 31
98721 60219 50176 89369 64347 1208 22620 8271 37606 85261 30824 86078 16982 78733 20720 85277 63325 6771 25836 71862 91096 66592 82854 34119 95053 84212 23433 72019 30395 32253 23723 
57 30
4637 53130 10188 65982 74304 90547 43934 3657 78558 84926 53610 97680 4786 82003 19640 13311 34147 75937 11723 14870 70670 25290 6954 10060 22883 42544 14114 82942 77525 73995 
340 30
82957 38774 84161 73453 11829 83139 43734 65993 40015 53507 9691 57936 85853 55211 96344 85483 23905 42534 919 14576 3862 52500 53716 62311 93030 30156 67062 6338 27156 85165 
965 31
68549 54921 54344 58742 96459 12506 69742 73155 66140 59131 14386 70400 33132 51044 53984 99726 29965 88560 22188 93267 19229 45999 81078 40890 6271 43025 65694 19241 83174 99136 81889 
254 30
71988 42354 68092 8091 90990 32693 8189 99616 4021 490 1817 92291 53918 69198 65468 73273 37257 79523 2305 8733 89242 66163 94354 82032 74664 12394 43240 56985 50864 18247 
721 30
66603 48381 21495 98850 47852 31057 82337 72370 35794 92092 17654 34484 70608 37222 5479 97187 30020 52296 45646 62488 76674 20902 72431 33444 16238 45455 33997 15320 43361 30108 
1557 31
71586 89285 67607 38281 76101 88873 11813 83385 83491 49084 37159 97205 89223 54375 31329 6856 2565 99952 49354 55238 87831 82743 94093 47683 79224 16967 30804 5258 40952 68427 33086 
1624 31
56482 28354 60159 60205 78264 46028 69671 50678 7779 52234 6488 31575 38164 51656 98056 92629 74507 1020 9630 75481 35597 81878 35662 21071 98793 73583 55891 76601 31475 29573 43372 
148 30
54482 87795 4246 95989 66864 57214 72056 4668 8988 90865 53975 33029 6423 90320 96732 39573 54236 32531 65943 42426 88627 93808 24500 85911 54310 66170 7048 13107 99144 91622 
1295 31
56645 76435 97468 72341 79023 48595 99559 25338 65773 40543 81749 27991 80046 21641 35919 11447 35516 86580 90127 12428 14267 66911 79472 40372 15619 34433 7480 56113 26446 70791 68175 
525 30
19697 50963 66859 13131 68847 67066 87069 30855 13933 36754 5015 6278 76881 7761 40204 89765 79410 23770 29417 25144 39114 51085 15309 93347 25474 31527 93456 64485 99282 42820 
1532 31
66872 13637 91428 348 24065 15335 64378 987 57187 39310 30334 61098 32405 52758 89690 29296 71632 54411 98924 67512 47577 16771 62567 24885 81968 35981 15303 55318 50205 8312 44772 
216 30
47530 8742 89126 7525 61877 46026 41554 71006 22575 67752 21052 84848 20478 41698 54926 87679 67098 71201 64553 91134 12612 48631 73113 12939 69541 8688 85164 3286 28559 88344 
763 31
78656 88843 33568 96703 82633 21064 84443 98961 85140 86197 32960 66409 22142 21831 834 54576 87534 86983 92543 27825 44809 48930 46074 87934 39988 34863 99478 97532 87600 92523 48935 
748 31
86835 64616 44191 75991 9090 92415 36509 54806 46965 68476 8054 68578 94851 77414 17051 19321 76316 4009 34232 33615 46516 96192 60491 89333 38116 90866 20414 66637 94811 65295 10648 
379 30
90079 69785 66400 5052 30888 32583 40041 90880 68804 79552 17238 41188 22810 20559 48388 58178 33142 59540 14928 43704 80763 79099 82037 79763 77820 43272 31387 86395 50446 29447 
440 30
86417 59694 11594 47094 91135 63462 31173 15055 94456 51966 57670 21503 79810 45713 3868 48697 38702 87676 3633 34733 5037 74022 6322 7010 40248 24391 71958 70624 59161 55461 
1369 31
16893 59838 93616 99333 66061 57608 31832 35344 93728 10267 782 73961 48116 58219 99228 69493 23157 62680 84328 95836 43783 79253 71936 24807 776 77999 2909 83509 37411 44771 52475 
388 30
99910 91339 90006 65645 4836 81856 92575 64770 51300 85167 71550 32102 82729 63039 19663 56949 66397 7527 41566 37166 27760 19079 85468 34264 91521 57394 77627 34254 14612 91390 
1355 31
76796 48913 96421 72059 73561 46587 53591 22603 11690 69245 22941 82829 47595 24491 27359 73135 59577 53162 88361 73781 10857 71731 15278 60561 72550 32657 27815 68962 67928 51443 44311 
102 30
8782 68904 52176 32799 14917 19215 73871 23725 45561 75431 88898 25987 41005 65994 17696 3495 67325 2280 70853 41263 76449 37652 8958 94262 43600 6482 39561 49598 18630 69560 
1157 31
23708 23014 8497 14112 9456 55564 73658 33664 96060 28870 10169 13815 15074 65927 13713 77133 51200 81628 69520 96025 39128 4038 11579 9885 27319 14747 80093 13801 81225 72835 19778 
375 30
41748 22067 47392 83720 81075 69826 29038 63923 47357 94534 23801 15097 28400 71911 70827 80482 92549 94431 65492 46124 78268 16026 64536 73290 40801 68733 20580 58472 85438 67827 
542 30
83587 15817 22915 8867 61082 23583 30788 68658 40676 85049 50250 68480 66569 29444 25001 616 95279 99013 25496 61525 96822 85134 30895 2323 50813 10138 62959 16459 51348 92984 
1167 31
33296 95905 99030 18968 71377 64506 82280 76119 42212 62355 13394 94161 519 30535 77710 96225 57413 97438 88719 35171 44079 80065 59979 53394 10193 84671 62882 28050 45986 60662 54256 
447 30
51002 11471 68298 31353 98755 88566 64669 63017 94046 45417 34316 68042 48841 39030 69026 83044 92809 66326 46714 49865 95918 57106 63518 50434 91616 465 90678 88772 21342 88746 
208 30
74220 60070 70708 56756 68131 68638 64542 71799 60550 4897 42071 47217 44182 59059 59117 42004 41739 68970 74965 68655 83740 65324 73153 61370 82125 1804 38119 87140 99428 42443 
295 30
35588 7990 13129 26539 4312 5414 43938 76057 93257 11034 19669 22815 72035 36233 46451 92563 42748 93519 9758 78639 25786 14763 86530 25265 55268 69479 97734 35572 53703 23376 
1638 31
58949 83074 7066 8254 97555 9675 82750 34828 98960 38411 46716 98158 9628 29745 71959 80914 39665 14776 29811 16562 78470 99281 5740 32432 42958 96169 71531 82791 51475 80980 54307 
1244 31
25404 19033 43017 85840 19473 615 82099 3954 36916 26567 94157 21751 15628 83624 94635 65126 46981 8718 83864 78588 59940 92645 37247 36396 14417 46287 77390 76290 36835 28467 3857 
111 30
31555 530 95572 80373 8192 42129 69811 39700 31915 1827 31455 45005 23468 36554 1980 22849 89738 41475 62516 79394 95601 94181 66243 36686 75218 38630 147 672 87101 67520 
1453 31
84632 20888 21265 42723 12012 93101 45374 11095 14646 67265 88028 5662 88141 82227 91668 34992 38778 22583 9308 49523 190 99411 56653 13065 37154 11292 2089 80018 81361 59837 98811 
1378 31
19996 86927 79636 8754 81094 96339 19477 93540 45156 92640 81384 24188 56070 32534 39348 52391 25215 61596 78851 88927 35473 63637 76949 95744 78503 51267 12059 97023 57760 93028 24603 
1683 31
84762 84391 56261 21343 23143 35139 61674 34089 89138 468 381 98040 75339 52561 1059 80514 95563 28382 39689 83622 12474 22206 79977 71836 68514 85561 48649 28302 35565 98993 65517 
207 30
35964 39229 91085 67395 1854 38992 31815 38118 70669 40942 25105 68254 67880 78386 26062 99247 26178 7701 88122 63619 47598 67226 65423 34761 96705 37002 55053 69738 76300 72473 
18 30
12064 58772 50551 81200 85828 15174 42270 51198 313 35513 88451 55753 69576 72311 4269 9974 46184 91319 3499 83586 56239 23443 5528 26530 29708 95055 65471 80259 45395 89545 
89 30
5391 28885 20239 3243 26025 48031 64792 38135 42774 35303 20735 14575 58118 79131 53109 56415 45522 95210 5270 85596 59461 80494 39980 64950 83443 52324 85498 7311 51329 29393 
879 31
5922 7192 7009 75033 72767 46062 69272 11966 39324 87508 84150 24431 22908 96152 59705 36327 15591 51628 27249 10574 46203 9823 98238 69574 83343 1581 73993 32481 43312 75405 90823 
382 30
95519 12043 75605 21210 5193 37957 80376 14513 50738 43390 64198 23380 21459 940 13378 15047 55702 21927 72295 70807 99638 87660 19309 3813 2737 32216 20999 42059 50109 48690 
200 30
12718 51253 22194 92822 84379 77281 20869 68771 71452 47793 54950 21132 64353 51521 50730 41957 32924 25814 8518 84200 77907 15471 81017 4478 37808 35579 3787 73940 7964 51203 
1248 31
14871 98659 42828 18637 89520 98332 23769 47489 56171 91671 19754 57872 40241 46045 66462 72335 34473 20200 77088 48129 56130 64471 2611 5566 92823 61078 1630 98780 54391 46228 19282 
1066 31
28826 17358 23506 39619 54702 24711 52965 68518 612 67606 63430 99110 78403 68072 55777 82326 90871 70671 43384 66297 50612 88279 73989 61766 95513 77469 21037 56913 36044 40173 53092 
595 30
38021 26107 63459 94179 9761 22172 75935 53340 90039 83014 94032 37673 70124 25770 61135 28380 76563 35336 27368 67096 66549 70182 32641 35446 66318 54723 68406 65715 94061 12881 
71 30
12051 54123 19105 95770 31841 32932 93243 83223 84984 31269 91462 95823 34624 23531 10891 5628 99197 91701 97895 92720 93143 62974 69175 57120 35517 11124 93904 98309 6455 75234 
1226 31
57225 90057 10656 93448 53519 74827 44138 82207 86545 34606 32069 92059 20832 22601 14672 4588 18564 85698 6243 28195 39124 43970 9648 57270 39588 4230 39918 1420 3667 44702 91108 
512 30
84028 64324 55768 22578 15485 24646 72217 80293 74206 88978 42552 85491 80523 12084 24623 11602 97969 60844 28964 64600 839 3196 88223 52793 3035 79079 29486 82021 62594 27089 
528 30
79075 12810 72971 99574 6521 63906 93659 68031 66362 2627 12014 23499 67138 79504 83935 69995 25956 97834 47515 19162 18590 46603 20511 82849 75201 53594 67297 1684 59779 86714 
947 31
75235 29540 29443 13643 1426 14168 63223 50084 56623 29210 49583 61452 31626 94365 24417 50118 28402 98414 43010 70194 42764 78529 16011 75308 82639 6026 79594 58105 743 13989 50052 
238 30
8067 42980 63781 63240 60136 51183 28679 92939 48274 15703 87945 54700 6500 88787 76336 47953 79200 85265 15824 59968 58836 30594 52812 7068 38776 84730 74443 45492 34664 62225 
807 31
78027 96687 48745 76352 52557 77439 34212 33322 56667 23081 6851 69199 78857 36882 79302 656 87633 18207 58410 83097 60328 1790 371 2141 78094 50860 12822 6769 87481 30987 7807 
895 31
76152 73987 31322 44496 73348 65555 65687 68489 13518 45661 28844 55816 26422 89600 51755 75849 72309 32318 56165 49941 398 71173 59429 1409 80626 45928 53831 62656 73901 23696 42815 
316 30
98735 54912 99484 63946 94875 65667 14484 67278 80597 95620 10595 25564 18741 90820 82922 66978 27950 32013 17858 18580 12402 43408 347 87759 21308 79218 64495 64761 91482 86885 
1067 31
84333 21261 39991 13907 71851 5214 2986 35015 9403 32437 57163 46706 31937 94438 93208 42805 23610 75544 69587 32267 26040 63465 89575 60892 43202 63406 91751 16792 6252 1094 85387 
371 30
24876 75007 54695 92913 80625 79781 81751 45606 40598 40205 87807 28535 42728 67893 9788 76061 22397 16601 53078 98092 64149 78428 8714 78674 81238 22189 90395 67543 16152 20509 
443 30
39358 77786 93351 58928 10871 41015 61007 5481 44440 25461 93044 3873 89393 30518 39380 18693 26682 62717 73729 95434 78954 81977 39465 6074 85039 30418 43980 77875 22163 80634 
1196 31
79308 51888 37476 55388 57335 95235 84086 12639 48551 74391 45127 87306 62206 45190 23532 78349 20794 7566 25291 8159 3801 82108 33703 9524 95567 47615 59854 50235 54821 67387 63634 
1187 31
99751 82640 49493 1403 51378 2016 83959 27916 89544 91978 77100 31187 35422 44272 32628 36298 68755 60441 64132 61392 82346 41870 94782 59355 6690 57271 16903 44293 99196 79271 5666 
686 30
80062 57078 47974 92450 82885 55904 77769 56203 40542 98481 63814 57257 64029 44679 11010 88257 50212 64711 40504 17804 44749 42065 21567 56406 78310 17129 47580 61220 88404 73698 
248 30
27042 56253 62943 65703 76068 40479 65140 11162 53522 92736 51387 64461 5448 44084 54445 43614 90498 95137 4107 72266 72471 48810 30309 38437 16774 13667 90064 47249 75284 22340 
92 30
90598 4303 75864 18429 51266 26796 86657 52097 11171 79175 24695 2821 98982 50307 16297 25245 19313 76873 81091 53764 57280 9753 86211 3825 4720 36058 8397 41600 64570 84310 
1148 31
34240 74408 69546 2764 29993 36672 568 17697 97496 39106 41972 4621 17008 50721 28410 73882 40131 5875 5883 6937 27546 80246 9850 26514 32337 20879 11858 37695 22316 45346 17813 
645 30
34625 92794 68025 92848 42501 82097 48376 31752 33737 74964 29791 2530 97636 69477 40826 99406 43161 1058 89177 65774 10220 68751 4778 75212 45106 12036 28997 32002 64135 421 
1396 31
23822 31692 84282 68878 22243 29958 47459 52502 64905 4044 68303 73097 45780 17178 71841 41968 5574 28928 65991 4220 10151 7366 48694 64090 29458 18734 93801 99316 29514 33871 5369 
490 30
25921 90537 73185 54299 99055 21491 10804 97383 78369 97718 94967 54962 94348 44843 31238 71910 19814 55523 99718 13453 7179 62138 67120 88668 81774 38436 89953 5078 32585 48395 
133 30
22212 24399 30955 44716 96196 68820 19009 80614 58375 50845 7305 94525 83337 58122 55484 85171 17355 72142 87927 13105 7773 51190 67925 78494 45355 19081 32638 56063 6585 82496 
1690 31
2074 14778 61360 62189 54435 88299 77058 41191 48667 90361 51303 8262 68577 79582 778 86600 19006 60586 25433 7016 83715 14992 37846 43270 67836 85106 84227 59802 30792 18328 19114 
1493 31
45398 97456 1202 90811 60998 90062 37469 1754 7815 13206 78609 18110 96941 14615 39524 66713 57577 74026 19999 64183 90752 11167 44211 10165 23885 40679 79556 44591 65103 76430 3237 
1170 31
85207 25255 85591 66879 42941 84442 3354 55126 31105 59122 33109 3784 35505 59893 40948 59020 54212 78357 98712 36134 71764 12491 7005 57679 94455 30957 63084 53218 24313 62337 30933 
318 30
18774 84544 40370 121 67576 87307 36434 41532 46667 55325 45778 23150 78970 73762 91850 85732 84233 12234 76175 96446 37046 94301 95598 69178 87885 82023 60916 35191 56771 92395 
1298 31
34130 74426 27606 86858 69083 14674 93537 89604 81670 89864 25600 43890 84481 55671 74882 3622 30642 89567 77818 6093 85688 57199 69959 65353 42108 76517 38888 46178 32709 90959 24168 
1538 31
1869 50695 48212 386 15970 49597 75996 76926 59959 90073 25346 39874 38129 86975 70304 3766 63858 53923 3744 43981 61244 10890 55589 8417 34524 91871 45776 22338 31398 49838 74878 
1208 31
15878 16185 276 51063 31979 25049 31796 61321 79963 39269 84829 50179 70988 31952 95144 59947 18402 86184 61235 52680 24001 80934 71115 77605 83684 72911 7247 90059 44189 31617 67089 
395 30
70611 14364 98292 48771 55836 19198 86276 72074 41646 81792 17841 8263 21020 49906 9299 45631 42491 48741 42393 79899 31077 98761 49356 27801 72926 55082 11346 74739 21586 55061 
376 30
95039 43337 88332 6502 49228 73243 59579 9133 16205 8139 19813 34833 23645 28034 40938 35829 37331 34086 68938 36997 3177 47626 18279 13822 86664 32215 20953 27938 98503 76805 
104 30
80028 83201 59520 14808 63546 22433 25501 94041 26397 86874 8264 21581 2466 10915 9857 78618 69973 3184 3647 17086 94367 50676 27702 64643 75455 28245 20674 74388 71689 85885 
614 30
78233 31432 81463 30122 71057 70326 66632 869 39033 78375 57010 45922 74744 81035 45429 11643 52194 87995 14043 10054 54955 93001 48342 42676 20409 69370 12318 91962 42338 74087 
1035 31
1297 96337 74414 96973 34865 93982 74451 19752 59591 34647 79511 76274 62625 18807 65035 71502 39172 3169 58374 16757 5770 92510 50134 4962 63653 88842 33984 93506 12346 52608 63141 
1312 31
83442 3999 84001 76655 58427 92652 8924 39082 38581 13903 45510 37570 30766 94945 26603 61661 96384 21840 80569 19998 33863 35754 67901 25309 98485 35431 32427 63596 83136 83287 78440 
19 30
48335 27978 48471 25976 79547 10866 6016 51312 63500 52804 61294 52935 16868 65130 36617 10839 59012 34434 55883 75129 83390 57868 78846 80550 10720 79016 23341 42696 73910 18261 
709 30
10932 75705 76373 94080 3901 82812 50423 62105 76739 18691 84175 40464 42215 10270 8631 86422 8340 67976 69833 60240 9046 34445 82575 78572 39385 74962 14250 8487 56319 21056 
74 30
70623 75624 9464 25209 50027 20712 70357 34644 94678 45482 10174 45468 20504 50331 41635 46293 35178 12524 75173 96309 85371 32421 44593 79399 68968 22848 43899 80801 29291 10731 
62 30
38481 8138 15991 93758 86639 87689 56817 3940 21601 39345 9463 81506 82736 137 85153 4694 55707 13606 9735 41510 76214 4309 83099 81876 78194 21106 90568 25861 16441 47044 
642 30
20564 52707 82600 79789 53471 79434 86980 92388 10387 9980 75894 83541 39939 18753 96213 53920 42621 30511 67831 8906 79917 50216 98029 61441 63454 20404 92637 4010 22464 56185 
188 30
58640 72877 63411 84476 62702 95824 48334 55959 74165 51714 71743 95697 19891 77052 12086 3578 26686 47643 75067 34078 82744 74933 14093 23874 26302 99448 72887 2867 91224 83594 
398 30
80282 87033 47558 13480 41120 22697 45704 60922 64850 57341 86361 30635 40392 47069 5766 74691 46336 63392 47623 63706 55190 71432 26786 14835 90699 54644 25374 88358 73725 75296 
1377 31
6504 11375 52238 78113 13273 38340 91817 65657 17910 31336 67276 35279 30581 91122 90713 97334 72559 43801 93275 85391 93771 84968 42123 64646 98473 20391 43476 44486 85595 17308 15432 
1116 31
75784 3601 98544 90862 35437 54502 94439 56495 36485 46132 48760 73712 41802 85093 16458 13583 70631 34519 40275 65258 37769 50975 63892 29315 70137 15464 64940 86843 84539 76553 10091 
963 31
76671 79801 37719 39517 84961 34375 88871 1863 39041 50150 50822 96502 80286 74229 72547 96613 92515 16453 50755 85068 84623 45663 57403 57333 66410 81779 28608 43847 28744 51981 16554 
765 31
7095 30865 17563 86228 30548 66694 41048 1768 30106 87706 6324 93085 53983 74485 61366 70560 97000 89267 26224 66758 73744 25489 80927 73895 85780 86957 61916 76329 41655 10913 8056 
571 30
44757 88908 25626 85613 36730 68609 9976 73248 96408 10180 80556 7978 77576 66807 68716 78922 99296 37938 3279 88388 16267 12513 80414 18433 88389 71508 98547 7255 57655 69595 
460 30
44488 69791 15493 88230 53582 95382 40630 15465 29224 97781 13828 69803 27388 21045 15880 40085 73911 95675 49438 76414 36069 95116 21556 79989 23923 43695 15393 32058 49144 39627 
1096 31
62811 39798 68917 27690 84420 1051 18165 40487 99608 52410 25067 90816 18036 89875 58298 36435 55733 92184 40566 86294 66995 91888 88441 82267 14183 72028 98232 77558 53163 23652 92030 
654 30
6992 2387 22153 11746 96877 33559 70683 78725 23505 60747 84786 40785 31283 67447 91298 23180 36118 45773 76639 73316 33291 13362 76670 77584 20807 29285 16805 32297 24251 52328 
81 30
22043 14675 44737 56889 56012 96534 73908 10016 78739 65871 39902 45745 45328 31784 15042 74441 77557 30698 72411 50016 13805 87383 41709 46975 5202 9119 47858 68377 65092 97003 
420 30
53466 67258 31632 89677 26017 20389 37665 51287 62890 19110 74392 29842 67371 22732 79671 43004 2397 94237 93214 65921 22624 36788 95904 11794 59423 6085 20028 13988 55087 33807 
1002 31
26659 6184 88244 69233 99259 1788 81967 85040 46291 5649 92585 14553 57431 91815 57066 1513 54273 4058 57417 22774 27083 98590 6774 2683 12575 32030 67864 40531 19044 76783 4197 
1008 31
98118 95883 95714 97906 97875 20872 48189 45793 98311 51214 97247 61695 66281 25727 37174 29878 43199 84788 92839 49536 76445 48732 72437 75794 90904 48854 47242 24952 57605 98439 59298 
1200 31
26237 29061 59692 11826 31348 68960 96872 93910 25787 5143 53726 59426 78279 10908 79569 49728 76644 93248 53222 6534 67499 34577 84318 74176 3109 80811 52223 31719 6506 42761 1437 
253 30
26030 33093 27712 49005 98626 56751 96790 92529 84300 76738 47095 57676 34142 46824 5088 36269 52775 2437 69038 3201 12305 35813 15871 90750 97643 37714 35679 53432 57189 88265 
473 30
13580 73074 49882 73978 26269 90401 12154 1081 34804 25206 58737 82510 66788 52924 70226 75610 15768 25879 93377 12701 89496 22364 93225 74078 31576 94265 90238 92236 15319 80109 
140 30
69812 58000 66503 66095 41276 44489 35601 48153 49771 60568 6599 49464 49243 20178 89321 90602 74184 68440 80576 88938 89173 58844 31622 14391 16182 80789 75140 82006 93881 45830 
552 30
38827 29781 41976 75773 16331 47386 17516 29584 61263 41272 35468 88920 52835 25166 74753 31000 47298 23351 55319 61828 16516 25037 83439 16091 37467 16850 4609 20502 27981 84944 
112 30
26183 17025 35328 51326 14276 7059 41977 96051 83485 99629 8954 11017 69689 83507 15827 5021 80005 66357 30449 88386 67755 47548 9682 80486 20183 20767 12333 75108 78591 66801 
1681 31
81975 44791 22416 50750 18476 17694 71570 93321 10333 81440 25382 56354 13506 21792 35757 58797 49323 95151 47142 31402 94212 23414 20605 99347 26399 78787 41821 99857 58748 4983 33888 
814 31
33908 84946 81619 47844 32696 84704 25593 68029 83584 26984 42503 35486 72336 8242 55125 18114 13764 83411 72845 64851 34584 4982 34702 19770 10785 59916 22467 1474 70873 27683 27201 
352 30
55637 48790 56863 10991 4682 83129 87186 97025 58573 22708 91876 4545 46145 54218 75718 34325 64864 55403 70674 40738 40936 72778 69192 70398 24814 22748 67734 41125 95586 94462 
1599 31
51193 10503 58948 18627 96170 33167 83025 42853 46449 23029 45029 49891 28566 8507 82244 38006 91708 84703 74126 70292 84691 78452 23722 82306 17009 77159 75770 19267 14305 55034 55365 
317 30
64622 67193 25232 105 48133 93376 44988 53357 17807 23596 61853 19757 46652 43485 38115 89718 7792 4805 99703 72356 27638 69223 41212 56315 84707 87117 20405 38762 68078 71935 
1470 31
39280 48068 75225 13380 37022 23974 46524 10296 61811 85763 68038 12638 59967 57696 88137 88206 29188 74938 5262 29008 4620 423 98304 75847 88629 49196 66122 62574 13673 59205 34656 
289 30
62419 49085 94155 31951 62349 32330 41966 10106 63460 55868 24779 62441 15998 37073 83488 59777 4073 71147 79971 68556 94050 58442 17177 14453 6463 39912 31727 97644 78371 97479 
323 30
1998 22080 48552 22786 31741 48539 58026 88119 90854 87787 94264 98191 225 89859 52142 34498 15719 27200 7554 76504 37578 32224 46843 92687 75853 23936 56569 17881 76528 18031 
1269 31
62910 1126 35326 32732 71504 41012 79468 23264 64906 43620 89268 80786 36378 93824 37973 90997 77498 42299 34717 98013 86750 84274 51975 28146 12022 81495 53706 5204 7678 86418 10630 
438 30
31498 87131 67713 42117 39659 65228 12364 27002 64349 39143 17949 11748 81752 29040 12544 16875 59786 35672 1002 57388 21292 79572 60807 99057 69358 65070 65362 43249 907 12973 
703 30
78792 81296 39451 3966 58601 94795 74288 39144 91321 55049 47327 3367 81612 37819 86953 49704 33285 19878 82323 36258 27707 94266 63982 3757 23719 65528 40262 69062 92941 71476 
813 31
32887 91665 84625 64590 76993 32408 10357 87949 78011 89900 59143 17543 54021 20668 70250 94627 75903 36398 64548 50081 41334 24613 35357 43167 31458 64331 30439 16739 53812 79982 42627 
106 30
88774 81280 87754 19941 68225 17653 64996 63789 32902 39599 21240 96259 95465 26225 46778 10875 89558 69878 21244 48271 71096 32809 95124 88415 11176 95393 12695 95778 66138 68818 
1430 31
98591 52243 44974 42061 90927 85522 2231 51864 18360 13760 53243 25924 40202 23285 1689 94039 36913 92005 25046 85308 18344 19577 19977 13592 41169 98059 4689 9466 10772 33674 30000 
665 30
54835 80632 74261 50954 97676 95023 43562 87743 97250 92824 11388 50543 7885 37150 60222 96763 5728 54101 97657 49394 17023 95038 84777 8375 43428 65931 85998 96648 55522 94083 
1689 31
11949 45530 79455 17246 21594 99546 8616 86482 72178 75652 51151 5800 92898 39240 41486 17076 74557 61230 1217 19227 46445 37730 22430 96061 27131 44292 4251 57269 56835 23641 2999 
1362 31
56805 77851 58965 7956 10709 6204 67377 8650 25223 69174 45588 24512 49652 71558 18919 52264 75148 89983 6947 60501 23160 57253 28204 86591 89145 19935 46454 51290 78076 55432 85345 
961 26
94845 98032 30441 22793 29953 84880 34705 7391 74541 46712 62386 60584 78276 59406 88392 77152 64723 93486 25623 24684 81098 74339 78450 31992 51442 23817 
