364
7949 1
65805 
10909 1
72622 
642 1
84805 
10156 2
31896 3846 
736 1
92449 
1382 1
70690 
2685 1
67233 
2761 1
73058 
5336 1
85389 
2592 1
21639 
10590 2
20491 32934 
272 2
75586 51182 
8787 2
28455 9779 
8326 2
53493 6233 
13733 1
44058 
1320 1
63210 
2654 1
546 
7561 1
5843 
1966 1
45273 
62 1
22986 
12016 2
38443 90478 
13141 1
35066 
7349 1
5705 
557 2
38444 84228 
3183 1
45767 
2326 1
15157 
2518 1
80392 
12018 3
5149 50632 67590 
1297 1
2388 
13418 2
28725 11334 
8500 1
79173 
2557 1
30542 
9283 1
47661 
2556 1
44560 
2575 1
57522 
9700 1
42397 
9701 1
34832 
5250 1
35010 
10309 2
57188 59055 
2708 2
53334 80405 
6989 2
81952 8441 
470 1
72317 
3135 1
48975 
14060 1
37331 
10102 2
86455 87441 
11693 2
42754 84158 
2743 1
80139 
1401 1
22368 
5128 2
85135 36519 
7926 2
30325 28393 
4258 1
30763 
3578 1
23486 
6912 1
1642 
9698 2
48578 66869 
7662 1
17304 
3341 1
70415 
7038 1
13850 
8415 1
14600 
5310 3
40321 45077 24873 
5532 1
27932 
11056 1
35946 
6983 1
29096 
14891 3
41991 30458 62876 
5957 1
51892 
3339 1
39471 
9824 1
68126 
4798 1
90836 
1799 1
8748 
3084 1
10587 
10769 2
26166 3681 
10237 2
80651 58381 
8636 3
42503 23715 1812 
5509 1
83213 
12269 2
24441 2405 
824 2
60881 46662 
7749 1
46789 
10986 2
8303 37657 
1817 1
62840 
8903 1
81383 
1925 2
27209 31995 
5356 2
88428 36756 
9240 1
54142 
275 1
42821 
4395 1
15952 
12445 2
25894 25638 
5178 1
73533 
1712 1
57553 
1820 1
80440 
4649 1
52456 
7978 1
42056 
10142 1
46237 
12068 2
16050 18243 
4535 1
18239 
7451 2
82289 33952 
11766 1
59875 
7250 1
34068 
8079 1
57059 
2815 1
70684 
1533 1
43659 
3952 1
92052 
9017 2
90208 26889 
8292 2
3713 79968 
14885 2
35915 82220 
8107 2
4398 17662 
9438 1
20444 
9823 2
52970 373 
16218 3
74858 70502 77787 
12794 2
40552 11247 
9411 2
35113 12028 
12827 2
46166 54350 
4746 1
21768 
8789 1
61902 
16949 3
25990 49708 3495 
482 2
66228 39085 
10464 1
68065 
2246 1
70279 
16892 1
52200 
5465 1
22152 
41 1
35492 
8938 1
43939 
178 1
67864 
9882 1
71077 
12156 3
6529 29743 80404 
560 1
87327 
5842 1
83580 
12098 2
16467 25443 
6931 2
57589 79041 
11724 2
41196 71069 
6493 1
70523 
12410 2
45601 86128 
5992 1
79401 
4156 1
89331 
4397 1
17581 
6478 1
37056 
10467 1
73695 
8036 1
58394 
3486 1
67879 
10493 1
68514 
2909 1
36064 
5667 1
14711 
11567 1
47258 
13269 2
21250 22570 
6368 3
87840 74654 63113 
6317 1
26858 
7520 1
3533 
8413 1
18713 
6512 1
31060 
7812 1
80087 
10633 2
91206 14496 
12267 2
52336 2870 
324 1
21574 
10482 1
12821 
11573 2
42497 70391 
2829 2
52929 71075 
2971 1
78781 
10518 2
54039 45776 
6960 2
80144 52357 
947 1
26966 
994 1
58986 
2899 1
24173 
463 1
16364 
9584 2
26398 93175 
9047 1
46027 
11214 3
77937 73971 41744 
133 1
66563 
17313 2
56788 5879 
8315 1
72893 
10949 1
34906 
5008 1
63594 
11743 2
80437 18780 
16286 2
51033 39855 
12387 2
53289 65303 
4361 1
20309 
13110 1
23279 
996 1
82242 
13796 3
65481 17077 77122 
12022 3
14009 32779 9507 
9798 1
28981 
9564 2
50491 56069 
3614 1
65649 
14209 2
29880 6857 
3127 1
45901 
5717 2
13848 89745 
10177 2
8130 11749 
9658 1
37850 
369 1
36713 
1875 1
33749 
3581 1
7539 
3482 2
78415 56909 
394 1
68788 
10957 2
64426 1155 
4043 1
28339 
8926 2
76491 72251 
2769 1
50407 
6455 1
89186 
14958 3
8357 86052 79262 
3744 2
36481 93119 
13160 2
37811 78366 
9105 2
11713 34712 
350 1
64886 
9982 2
44690 17436 
6418 2
56426 74708 
9212 3
38839 32852 14274 
6050 1
15119 
5353 1
76025 
9758 1
17708 
9638 1
79827 
7717 2
2172 13675 
7307 2
52128 70276 
12956 2
33626 90804 
8716 1
15865 
6608 1
50953 
5689 1
19285 
13628 1
60953 
1536 1
78994 
12257 1
52623 
9470 1
92187 
3685 1
69089 
8897 2
51558 21489 
8087 1
3423 
11406 1
60563 
3359 1
23853 
4132 1
33237 
3153 1
48425 
12604 3
87261 67294 35662 
2323 1
85145 
8748 1
55509 
9861 1
59375 
14271 3
56895 31507 11827 
2523 1
57750 
95 1
65583 
4385 1
33830 
3308 2
81904 23168 
10652 2
64473 58888 
10718 2
86353 52826 
6715 1
31409 
7500 2
29778 84482 
8865 2
19274 25903 
6292 1
4984 
10414 2
39149 21849 
14295 2
44086 61955 
5407 1
17139 
7418 1
73787 
5447 1
89510 
2133 1
3032 
3146 1
2362 
8664 1
34223 
7203 1
12433 
2961 2
67689 59172 
4029 1
69274 
7981 1
65406 
11787 1
7458 
11159 2
19545 64301 
4376 1
14481 
647 1
47153 
8715 1
74156 
9006 1
81778 
15792 3
11689 65905 22007 
6700 1
74287 
4928 1
85261 
8192 1
59407 
12124 2
29941 73136 
7594 1
71033 
8245 2
53001 52078 
9134 1
46278 
1682 1
84506 
8573 3
46293 5118 89826 
10595 2
51541 44392 
3115 1
63677 
2389 2
65214 92249 
8964 2
77770 65192 
7798 1
38138 
8907 1
1442 
7157 1
30521 
5615 1
75112 
7379 1
20012 
5459 1
8504 
11176 2
2999 12200 
7022 1
88410 
6361 3
88911 5919 26362 
9273 1
59122 
588 1
10130 
8572 1
59339 
17296 3
91261 79432 31501 
5431 1
43286 
9672 2
81185 47765 
5885 1
76216 
10557 1
3045 
3414 1
70459 
3608 1
51818 
9545 2
41654 84648 
722 2
5283 54342 
3955 1
24946 
3695 1
84532 
4994 1
78950 
4877 1
65863 
5602 1
45571 
595 1
48074 
5906 1
38862 
10778 1
64561 
8596 2
34887 6376 
1818 1
49057 
3666 1
43370 
6129 2
24638 83386 
8228 1
80716 
4323 1
42709 
5624 1
51812 
5190 1
86986 
9826 1
4419 
14469 2
57428 78660 
10250 1
79065 
2649 1
79751 
13844 3
76494 65705 11916 
16748 3
57981 89087 20528 
3096 1
54773 
10320 1
87592 
8944 1
60542 
8363 1
49790 
8775 1
1234 
13221 1
92009 
5006 1
60863 
7659 1
34532 
9058 2
32949 33234 
5392 1
21660 
12265 2
64992 28436 
11912 2
44439 74116 
17641 2
33993 70731 
12672 2
51938 25723 
14840 2
64720 80373 
854 1
2872 
4127 1
57303 
13055 3
47762 25085 55463 
14953 3
39892 16049 80700 
11831 2
73394 9679 
10190 1
85966 
2227 1
41993 
8856 1
66576 
7224 2
18024 29913 
10833 1
76445 
915 1
12270 
11171 2
69141 71950 
9979 1
42677 
866 1
68543 
5171 1
80018 
5940 1
27068 
4915 2
87997 77515 
661 1
81643 
17053 2
82615 18431 
692 2
67185 13961 
7664 1
29201 
9491 2
68195 77797 
4146 1
31289 
5590 1
57807 
4986 1
9339 
9278 1
14943 
4155 1
77951 
9100 2
748 68477 
2404 1
92995 
2193 2
47885 46345 
6833 1
67211 
10222 2
47536 85625 
1163 1
84689 
1791 1
87633 
8501 2
74189 23132 
