173
832 1
61106 
2196 1
35768 
2150 1
54945 
101 1
57906 
4417 2
42867 7917 
3442 1
11656 
6089 2
44225 2957 
1979 2
44655 34877 
4621 1
45514 
4518 1
22337 
6116 2
58486 33473 
2728 2
37409 17138 
1977 2
36167 6016 
5275 2
50776 6140 
3021 1
13570 
2317 1
41733 
4852 1
26082 
6118 3
22336 6191 4822 
1340 2
25849 17300 
4033 2
45578 33976 
1837 3
25531 37284 57256 
4695 2
1075 36177 
1987 1
27849 
6427 2
55017 36887 
5492 1
10967 
4407 1
1080 
2169 2
33958 583 
3417 1
14297 
4302 2
47269 42620 
1335 1
44459 
3461 2
23581 2739 
1959 3
22117 41096 36399 
2080 1
29013 
1619 1
19067 
477 2
7532 59242 
2873 2
53312 30159 
2763 1
52285 
1814 1
22010 
4215 2
3518 53591 
3835 2
55480 13265 
373 2
26296 20583 
260 2
42450 45575 
6545 3
58863 53802 52802 
5504 2
52080 23544 
1661 2
60289 21210 
5126 2
54750 14955 
3030 2
45260 48481 
6643 2
22109 42081 
5289 1
11071 
6154 3
13937 3178 57272 
4756 3
29440 12169 9826 
5830 1
48519 
4018 2
37663 1859 
739 1
28415 
1464 1
16523 
4060 2
46954 38880 
4926 1
46411 
251 1
61192 
1067 1
4050 
4857 1
21933 
6203 1
31039 
1767 1
43803 
6148 3
45090 25124 3631 
3699 1
60102 
3530 1
44206 
4034 1
30924 
23 1
5245 
2428 3
50375 5928 40855 
5290 2
22987 36144 
4959 2
279 49170 
2434 2
55654 19222 
1514 2
25979 32749 
915 1
59075 
2811 2
2880 32478 
989 1
3462 
865 1
23443 
1523 2
10990 10781 
2951 1
19464 
367 1
30386 
4794 2
53708 20480 
2522 2
14339 59468 
3640 2
3481 40271 
774 2
44553 28283 
3252 2
37407 13178 
4167 2
3498 21496 
3623 1
52141 
4306 3
38519 1309 15875 
3495 1
39597 
5393 2
37140 43992 
600 1
39219 
2902 1
28031 
4353 1
44930 
6016 1
13142 
1050 1
51414 
380 1
35669 
4284 2
28605 2660 
2314 2
50696 27523 
3765 1
37269 
4899 2
9729 21195 
3482 2
43242 42041 
3045 1
12995 
960 1
43015 
5376 2
55873 6099 
1061 1
30128 
1869 1
49102 
5255 1
55772 
4747 2
30168 58491 
5551 2
33831 15091 
4369 1
1379 
3661 3
202 25915 60752 
4476 3
5426 16391 25938 
745 2
13965 4737 
4635 1
20527 
677 1
37378 
4872 2
27978 44741 
2163 3
3814 29988 49387 
2311 1
49123 
2772 2
6883 2071 
5061 2
55389 57231 
2138 1
47143 
617 1
51568 
988 1
3212 
4944 1
12809 
45 1
45368 
1843 1
41723 
2085 1
60340 
136 1
12119 
1976 2
42561 7431 
1722 1
5033 
4243 2
25067 55823 
1583 1
38489 
3381 1
32450 
2755 1
36345 
898 1
15755 
829 1
32689 
5136 1
41954 
5636 2
21850 51463 
1955 1
36625 
1102 1
39715 
4180 3
23127 36541 15510 
2790 1
21436 
761 1
5692 
3602 1
23463 
3184 1
14243 
62 1
22544 
5056 2
48741 60596 
3328 2
28375 36737 
5479 2
33194 31515 
132 1
56324 
1908 1
5813 
3761 1
37132 
1451 2
35935 1318 
1123 2
20704 60858 
578 1
41316 
5624 2
49832 36779 
5730 2
51700 46643 
669 1
33918 
2229 3
53056 25250 30684 
944 1
6533 
3942 2
20844 15593 
5823 2
9296 28692 
1139 2
38242 18142 
5601 1
49577 
5300 1
41952 
3807 1
59658 
3563 1
27421 
4114 1
55943 
4962 2
2200 26674 
462 1
30317 
1558 1
51924 
1858 2
29336 2297 
5171 2
36989 29284 
2543 1
21167 
