462
17766 1
16592 
3754 1
46454 
4838 1
82212 
11522 1
24676 
17861 1
67310 
15960 1
82830 
9188 1
10997 
18422 1
66380 
18188 1
73979 
12493 1
23533 
17944 1
26840 
9010 2
77388 55182 
5729 1
25862 
13533 2
25559 83566 
6147 2
37928 67012 
8205 1
22595 
5649 2
25711 25092 
4015 1
1868 
1941 1
72185 
10595 1
71368 
12460 1
18462 
16676 1
50528 
7885 1
29835 
16536 1
26617 
12960 1
57393 
17085 1
82532 
15088 2
3059 52058 
16396 1
83756 
4509 1
7764 
18171 1
8217 
16372 1
46021 
13456 1
18353 
15698 1
62196 
7821 1
82556 
17568 1
37999 
13299 1
38115 
1870 1
26422 
7976 1
19849 
15577 1
21476 
17409 1
36120 
13399 1
48276 
8570 1
25552 
1246 1
67024 
3041 1
44520 
10797 1
78209 
12382 1
34779 
14953 2
43215 40603 
11088 1
19368 
16121 1
31240 
12017 1
30292 
9193 1
53398 
14682 1
35991 
17393 1
10201 
16262 1
50980 
12410 1
28408 
16524 1
64973 
17286 1
38871 
15739 1
56825 
18428 1
50171 
12827 2
69829 4174 
16253 2
23101 21405 
13853 1
25624 
16190 1
62270 
10034 2
40692 52864 
18642 1
63125 
18301 1
75639 
12079 1
52344 
18477 1
3246 
13980 1
52502 
13323 1
78725 
12206 3
42229 47577 19663 
12541 1
30323 
5253 1
48525 
18257 1
55988 
16410 1
52434 
12391 1
3689 
13659 1
71546 
16002 1
15763 
13103 1
70690 
13034 1
29554 
7962 1
854 
1341 1
73084 
8140 1
35630 
13527 1
58572 
17940 1
63289 
8554 1
25315 
15753 1
66923 
17377 1
12892 
12286 1
84776 
6554 1
80943 
6792 1
42638 
16691 1
77357 
12201 1
8563 
13201 1
17877 
16064 1
68549 
14241 1
68137 
14036 1
59716 
9990 1
54417 
18492 1
64405 
13445 3
81886 63276 21873 
16732 1
15921 
18344 2
52959 50438 
18205 2
2525 81443 
15166 1
69435 
15414 2
38023 15050 
16767 2
50063 55843 
12924 1
74523 
17139 1
77426 
10244 1
74646 
18109 1
29524 
13498 1
74835 
11370 1
52994 
17970 2
40074 6688 
16644 1
39886 
17907 1
61304 
18588 1
27980 
14776 1
2663 
16165 1
39907 
18577 1
84346 
11068 2
26382 83207 
14236 1
60835 
11203 1
37402 
13554 1
18176 
13653 1
42543 
16689 1
80914 
13245 1
57482 
6843 1
82264 
6764 1
68908 
17426 1
19833 
18339 1
79858 
18232 1
56359 
8057 1
5966 
12627 1
4963 
15411 1
22049 
15017 1
67714 
11164 1
36900 
16122 2
43890 36231 
18529 1
60993 
10639 1
58637 
7708 1
38183 
14435 1
24341 
17517 1
52396 
16858 1
81257 
14780 1
4408 
14293 1
79315 
13575 1
80337 
10480 1
41367 
11567 1
7862 
4403 1
16397 
15955 1
28642 
12070 1
50852 
12843 1
46108 
7928 1
84184 
18431 1
7981 
12833 1
32928 
13769 1
20760 
9609 2
9767 81238 
13761 1
40662 
15471 1
40163 
12373 1
54823 
16214 1
72523 
13920 2
57473 53730 
15085 2
39563 61043 
15724 1
79335 
17686 1
38814 
12747 1
53822 
18212 1
36745 
1797 1
9555 
1106 1
40331 
18686 1
31848 
6145 1
76969 
8723 1
61052 
1965 1
12274 
12585 1
31949 
16490 1
25341 
17276 1
7323 
15990 1
52901 
17239 1
82768 
16930 1
29703 
7411 1
33379 
14160 1
625 
645 1
49587 
11918 1
48921 
11489 1
30917 
16836 1
6122 
17411 1
15361 
11571 1
54841 
15272 1
39369 
8974 1
30551 
13286 1
68442 
13703 1
73639 
17610 1
62164 
17204 1
84621 
10827 1
42911 
723 1
81177 
5641 1
16695 
17641 1
65161 
8884 1
60713 
17759 1
56556 
7606 1
63341 
7519 1
79412 
15090 1
8232 
15541 1
26638 
14791 1
57710 
14418 1
57562 
8688 1
52646 
18519 1
42590 
12432 1
11760 
4909 1
65327 
8464 1
5037 
17694 1
80191 
17469 1
33113 
15587 1
32024 
17044 1
54407 
11195 1
39165 
18521 1
53660 
10702 1
59297 
18375 1
55965 
8537 1
33918 
15162 1
996 
16572 1
29583 
16790 1
61278 
16856 1
4805 
12572 1
74571 
12487 1
43242 
10288 1
56487 
16902 1
39568 
6063 1
78330 
5160 1
67280 
17577 1
61849 
8128 1
50641 
13671 1
55458 
5465 1
18514 
11909 1
9296 
1546 1
27465 
3312 1
67877 
9396 1
82674 
18158 1
23627 
11541 1
72264 
15200 1
27890 
12082 1
24245 
14427 1
82764 
15701 1
67645 
13023 1
78474 
11858 1
17075 
16378 1
29318 
15208 1
31041 
18582 1
26383 
14655 1
21138 
10948 1
79283 
10076 1
81173 
15887 2
11045 5907 
10398 1
33024 
16199 1
45342 
15810 1
7415 
17263 1
22778 
6797 1
50863 
15179 1
29026 
14532 2
54949 47675 
13429 3
34539 39650 427 
17695 1
80982 
11973 1
26592 
6660 1
16550 
14186 1
10843 
18077 1
77661 
9436 1
80053 
18667 1
53177 
12044 1
51391 
18195 1
8569 
10931 1
35156 
14029 1
67379 
12708 1
44641 
13919 1
18691 
13290 1
75540 
5923 1
2715 
16855 1
16417 
10522 1
13631 
13950 1
1905 
18063 1
48666 
5737 1
60848 
16850 1
16051 
16546 2
52369 790 
18593 1
57208 
5780 1
34614 
15091 1
36454 
17336 1
73138 
15323 1
830 
17983 1
74654 
14349 1
41137 
5855 1
6378 
12551 1
20924 
8404 1
20464 
7368 1
68981 
18568 1
48866 
15760 1
11067 
8926 2
71438 36876 
17464 1
4270 
17811 1
83655 
1697 1
72949 
3868 1
71817 
14227 1
10282 
14447 1
77580 
12132 1
22664 
12071 1
26850 
13086 1
65676 
13285 1
1291 
1624 1
39938 
9491 1
34632 
15026 2
28011 77784 
17098 1
75653 
11868 1
55001 
15001 1
74784 
12637 2
57475 763 
10616 1
76423 
15751 1
29729 
14989 1
41919 
17072 2
76807 11540 
12691 2
83833 37526 
11659 2
54894 35057 
17947 1
23827 
17156 1
8810 
14142 1
18334 
17650 1
80087 
15696 1
43617 
15713 1
57 
18547 1
84856 
16128 1
19243 
15483 1
64184 
16954 1
32004 
16369 1
8435 
10493 1
7800 
16147 1
48181 
1766 1
77722 
7797 1
24819 
5505 1
61329 
15524 1
78805 
3683 1
9110 
17365 1
23304 
4812 1
70404 
17135 2
41084 81489 
18466 1
2969 
12172 1
27797 
6164 1
5158 
16261 1
37689 
290 2
67892 3664 
14844 1
15592 
10123 1
74967 
7944 1
55274 
7387 1
62398 
16156 1
69889 
12187 1
59850 
11007 1
8175 
18432 1
62279 
12897 1
24393 
12857 1
32340 
9943 1
16999 
8593 1
75462 
10142 1
60444 
3934 1
37650 
15006 1
22770 
10269 2
81333 84418 
5381 1
73002 
13954 1
9222 
17001 1
75651 
13185 1
82325 
11299 1
56861 
13382 1
65115 
17735 1
30332 
16938 1
25549 
5535 1
80266 
9861 1
11211 
11443 1
34541 
18140 1
20016 
11751 1
65490 
13528 1
27811 
9740 1
15985 
16924 1
40301 
18465 1
46706 
1014 2
27672 50683 
10847 1
25834 
4121 2
46473 75705 
18559 1
48165 
73 1
37779 
18148 1
26736 
13210 1
27886 
12589 1
45366 
12049 2
366 58689 
10414 1
73568 
17878 1
77619 
14063 1
12718 
18554 1
51414 
17952 1
6188 
4494 1
84969 
17691 1
35137 
4320 1
10044 
10190 1
51252 
15205 1
52343 
17252 1
2811 
16654 1
41868 
5675 2
56799 8721 
18518 1
45220 
10745 1
58510 
2110 1
45030 
8706 1
81380 
17391 1
25366 
18019 1
8482 
15953 1
46309 
15792 1
56734 
7301 1
71225 
4839 1
68808 
9643 1
58132 
6530 1
25977 
11153 1
24448 
11496 2
5402 40501 
18065 1
11206 
9465 1
67594 
15156 1
56492 
5946 1
56092 
13914 1
46916 
2212 1
64450 
13492 1
47352 
17860 1
42940 
5129 1
78555 
18029 1
65376 
13746 1
34190 
18581 1
11484 
8388 1
55796 
14535 1
57751 
346 1
49896 
10107 1
71861 
14513 1
43642 
10950 1
63929 
18276 1
50071 
6047 1
55160 
16810 1
68801 
10534 1
74094 
17838 1
61167 
10089 1
78247 
17642 2
68197 15549 
11830 1
38087 
12486 1
32780 
716 1
30753 
13408 1
9713 
7325 1
32805 
2644 1
67537 
10188 1
53574 
17596 1
16828 
12853 1
77022 
6185 1
46218 
14864 1
46373 
13873 1
58137 
17066 1
59460 
18240 1
8881 
16509 1
18822 
17232 1
42670 
9421 1
77319 
13075 2
40978 38350 
14415 1
2648 
15635 1
601 
17509 1
53065 
16799 1
52202 
5532 1
1921 
