159
1174 1
43230 
1657 4
5616 21355 31805 23594 
3444 3
58039 57325 13879 
1668 1
72876 
1167 1
13366 
2120 1
35550 
2942 2
21631 8393 
3142 2
20382 57995 
797 3
43711 54310 50018 
3577 2
56870 27384 
845 2
42372 7456 
2432 1
60126 
2847 1
56212 
622 1
18859 
3742 6
41719 60974 27795 34299 27011 46762 
3180 1
14628 
1656 1
80415 
971 4
47364 9389 59911 73933 
1255 2
36603 77210 
3084 2
45967 52974 
1922 2
66841 33585 
1566 2
80221 40086 
3545 2
36688 68452 
3012 2
18396 27376 
721 1
37993 
995 1
35412 
3002 3
54543 67890 75799 
33 1
1466 
2779 2
35654 39453 
2952 4
2326 41067 23680 69207 
1284 1
53731 
1132 1
48248 
153 2
74413 34330 
1381 1
11215 
1278 1
81147 
888 1
70545 
1701 1
13974 
1716 1
71978 
2272 1
50489 
3731 3
64458 50815 19086 
1990 2
15221 19336 
2708 2
56591 21166 
1572 4
54106 70268 62937 30756 
2910 2
4551 76782 
143 1
31566 
2828 1
73713 
67 1
23467 
751 1
11629 
922 2
770 49400 
1712 2
40323 69515 
2592 2
16737 33878 
2956 2
76270 31420 
3432 3
17608 186 60552 
1920 2
10163 65613 
2751 1
44142 
1613 1
21753 
2659 2
17850 22799 
3392 4
67012 40539 16716 23984 
2563 1
7078 
692 1
40844 
2794 2
18030 14860 
2602 2
43047 4364 
739 2
62648 43402 
1545 2
80838 80039 
1118 1
2291 
335 3
68091 15873 76451 
2989 2
34963 17229 
1233 2
57206 36883 
1856 1
52572 
2370 1
65898 
1010 4
10640 25181 13018 77188 
2283 2
14829 28030 
2634 1
35102 
519 2
72896 48111 
3112 2
42397 38235 
880 1
23736 
1661 1
14121 
1785 3
67110 42522 53642 
2457 2
25532 81382 
559 3
45966 77082 62021 
1336 2
39134 899 
2243 1
47339 
2986 3
28812 62481 78197 
2824 1
66915 
3032 2
27611 26186 
2791 4
38538 6253 21156 9408 
3000 3
43518 71829 39387 
604 1
25894 
1989 1
35293 
3991 2
43162 11472 
2181 2
37363 64552 
355 1
494 
122 1
17584 
2765 1
7618 
1722 3
60008 42787 21084 
2707 1
52150 
1744 3
9135 34776 74320 
1224 3
50667 21443 1486 
1907 3
68673 12167 62011 
551 1
22632 
1047 2
35130 53027 
3978 2
72768 46374 
2044 2
53807 45977 
3596 3
32693 8473 44062 
1805 2
15114 62372 
2809 3
27167 44089 1686 
2890 2
31590 26643 
2552 1
14734 
1601 1
9141 
2210 2
33603 78664 
32 2
34421 42235 
2417 2
2674 73715 
2185 2
68747 34202 
3094 2
76903 54853 
1227 2
44658 5213 
714 1
16869 
2696 3
19416 38311 75884 
3035 1
59407 
2302 1
67895 
2769 1
26040 
1666 1
20666 
1739 1
47475 
134 2
67737 60911 
37 1
43912 
1422 1
77179 
1037 1
1825 
217 1
29003 
232 1
18646 
207 1
49645 
2288 3
8329 8354 41600 
2990 2
14426 64327 
2116 1
6974 
2349 1
28814 
2664 3
48353 1510 6464 
2863 1
902 
1637 1
80702 
1375 1
77591 
1277 2
34017 73276 
581 1
3887 
3153 2
19756 60832 
304 2
54126 17998 
389 4
64072 52447 67882 62504 
1706 1
13849 
1322 1
28663 
1280 1
56500 
1789 2
6300 26435 
3096 1
51803 
1316 2
72684 78130 
3058 1
24209 
2644 1
24140 
2021 1
51288 
3105 2
56577 78232 
994 2
39020 41179 
1372 1
24256 
2196 2
27212 29397 
1632 3
28379 57727 10349 
3840 3
80525 8186 76550 
3149 3
15209 51243 12499 
1072 1
3108 
