26
529 26
36063 6690 42050 34212 96288 14088 66434 26587 48806 38932 90444 29308 89773 22716 2367 50912 74195 18487 91856 39091 80898 56828 95076 38021 37520 31008 
611 28
47882 2601 37684 14850 30998 52740 25376 51221 69169 95452 88737 6325 18820 68439 46030 90416 64543 74003 41775 20924 58859 58144 84740 59083 33217 72091 33912 77639 
113 30
45753 27294 12635 37778 8913 61853 44071 66644 93322 43021 83812 86867 52054 57441 84320 80678 93600 21052 83915 87303 95358 91790 22144 60038 86038 58868 57581 97656 12485 55333 
1112 29
42480 75548 58056 31749 62217 53003 60747 79175 96606 6646 27026 29557 54569 76088 93328 77194 84239 6222 96091 23735 3038 54192 64054 20066 28498 40904 27499 82645 81190 
24 27
9283 69068 4666 55661 90147 65127 44981 59359 8729 52052 77317 65337 96013 70441 60769 61825 56996 20636 48272 28507 10480 49165 74490 99171 70492 17556 36017 
312 27
8759 99122 22802 9864 19729 66036 28484 36977 69760 35001 6714 42694 53756 62146 12549 41761 19824 11837 55189 52944 63005 3505 9433 69445 81624 33454 77555 
816 27
47979 2103 12594 12573 5189 86434 64599 39675 54609 82476 73408 90633 67154 93891 70649 51116 65563 2839 35095 15602 10046 31880 8787 10308 90641 54729 14586 
577 29
27176 41688 73794 37748 73505 3127 3817 72760 50410 23074 72209 50387 76219 1152 88557 93392 64531 16769 12431 66241 37423 57228 59278 81522 45064 45470 63747 6754 95217 
291 26
8068 12146 95588 83144 67772 74531 52345 76357 82779 90495 37212 53473 9441 12829 81198 3969 11809 7555 20138 4244 45928 77513 67155 55925 1428 53043 
1001 27
22271 67854 46101 48246 81325 90312 54913 58155 29499 50815 90472 92142 26909 97392 57234 89864 33631 54366 86512 39640 17962 37886 65182 50790 51482 30943 83530 
357 29
34433 40649 6254 85835 17444 19138 26487 17769 49055 23060 3763 44079 98928 91108 76272 54976 15339 69025 97072 98803 58757 42564 95187 69671 77065 12954 26378 18825 95440 
236 28
11693 30077 20362 86647 26759 20412 1141 63983 28288 22335 29932 33737 88979 38131 77524 20772 40130 89933 26135 57772 88640 48051 47489 10300 14665 76615 52651 32344 
671 27
62362 34376 65240 20082 10740 12297 73393 567 5380 35397 89048 22255 62281 680 82317 20417 65246 79450 43996 53285 68192 71990 32437 42730 52032 38396 94897 
1188 30
24240 64982 73798 67119 33853 22560 10158 15228 18017 57464 42005 70363 50344 78927 76401 42673 69608 33539 48227 50826 18158 36746 94490 63673 43615 36669 20477 49351 17574 86911 
95 28
80219 56839 23314 60680 335 63311 45138 26614 79129 81556 34905 98970 26328 36279 86320 70180 27394 68407 96401 24272 1699 39232 62726 65821 6781 27582 38998 82480 
66 30
39291 78645 5276 87350 28220 47650 5320 66133 90554 72161 63491 83864 52277 35601 10403 26509 7455 49688 56495 85324 18164 75485 17578 82646 62367 83180 41458 60102 39302 59345 
1053 28
91610 79589 36271 80013 28455 45512 88458 7894 82140 5289 67063 52321 26174 88051 65905 3560 31368 90467 88796 79574 77232 94764 58501 56604 54356 13807 93357 54017 
295 28
39372 76618 16217 26128 37054 47031 56435 98039 42227 37798 72130 35109 53624 78151 1406 22381 99013 58189 64620 48202 98575 21883 96111 9425 34713 80176 59529 56837 
1144 28
77565 82573 63875 84041 66279 83496 97946 42688 93494 15362 70552 66768 98670 36348 73896 6929 88981 98988 15872 80038 68804 63086 44081 31742 90338 85118 30335 2147 
795 27
61394 72328 7417 88576 90774 19082 21804 69053 66681 86779 48938 20819 10347 21226 95617 25618 75887 91971 45977 22763 81571 1247 98183 39747 27002 21932 22916 
1114 27
46930 128 41535 308 26733 89869 75812 36676 12376 83934 36517 35492 32155 43142 89738 89098 64442 1411 63199 38390 20912 53610 80433 4176 27665 59514 5206 
454 27
59709 73337 1940 77667 81532 17284 95966 67361 14323 74061 37857 68777 53543 21873 54510 15969 93209 28248 69024 88097 1159 8042 51704 9335 62593 27335 80725 
251 28
17112 76104 63498 2842 94180 94121 44412 40629 22638 56584 20546 6086 54036 83365 77764 92471 83501 65706 49683 15717 59670 26017 6757 75498 75036 86787 27295 22755 
707 28
91430 46860 23702 11422 82613 60692 13377 95017 92311 37207 45805 67567 40761 98974 73214 75084 27443 29870 84282 39693 7057 20651 78896 65589 35246 42740 92219 90795 
468 28
67875 82607 2187 3627 37947 19462 40896 22938 33985 96396 97567 90818 7231 27640 37425 57757 64492 99541 8292 19557 83684 40637 56667 18814 35862 62346 60713 9815 
1143 29
15022 58762 26522 74854 58100 78355 77818 38856 3776 85417 40148 71861 62475 27747 23053 30187 60553 33670 87095 22836 67256 61137 62728 64805 30107 93338 90172 16937 5662 
