23
1396 10
9753 6468 31509 48543 36337 822 49579 48823 52680 20612 
2444 10
20825 47490 33621 18333 45785 173 37205 55477 18007 45699 
2792 10
26832 6149 7977 22210 2249 13137 30387 15179 41510 29120 
2431 9
19375 21739 5753 16229 44317 7427 32113 10150 56563 
4616 11
17967 19879 37721 30126 13855 40395 249 19882 1023 29035 32250 
7057 10
39588 8389 56327 1408 26223 12512 41865 52183 39282 13493 
586 10
46205 55044 23885 33675 43763 43817 20876 4200 16277 53850 
7266 9
51945 24196 42031 12234 34365 47194 46201 41656 22595 
7081 10
14841 21659 52560 31120 7457 20145 52463 21723 5691 47530 
3309 8
38865 47205 55378 8262 14270 49156 6645 55716 
5100 11
25940 50855 13764 35215 40774 1123 48962 32434 47404 6623 39122 
3203 9
19446 16546 18219 43457 55114 6535 55411 55087 19174 
2705 9
41854 4582 43936 49686 52407 24812 42713 41480 27832 
835 9
29403 16580 31988 56931 3304 21384 25981 2557 30111 
4526 9
38760 33212 29764 18979 43476 24398 20047 44461 41860 
715 9
49997 29095 2820 18727 5040 17588 36311 55572 45001 
6398 9
52693 39445 26576 40322 11659 14300 41331 3793 35176 
2413 9
49623 22276 49097 7351 25172 11724 35620 42985 27146 
1926 10
4139 27242 19725 47871 9148 31742 14819 21445 20377 3250 
1137 10
41839 1337 30139 50950 35727 11862 26622 14810 29336 51382 
2051 8
20679 8570 17261 33583 18858 32205 3252 42658 
3877 9
15916 11106 42159 12371 52962 25538 14807 29946 43134 
1902 11
12997 36320 39897 54546 21660 44312 25738 55023 33053 49981 24989 
