40
2364 13
24136 95478 49863 79291 31552 93676 92318 70775 74118 12513 63281 82810 84770 
1151 13
23844 96390 325 45246 89064 28793 46667 66308 33088 41276 52028 56375 48583 
746 13
52979 78210 59141 1115 51990 49253 39581 69612 86499 51015 3786 92435 54662 
2399 14
29220 89438 80163 68082 39554 97773 56789 79984 50738 31893 99636 38693 57942 1621 
1391 14
88572 41250 22740 19203 51468 47319 46050 37167 18042 30827 56810 59542 85606 40870 
2326 15
13681 59350 1308 63445 46839 23461 79909 91398 89538 28828 80247 42412 79549 68383 54740 
39 13
9048 55653 62044 8640 71263 55983 41529 99916 57688 4640 70378 88513 50254 
4254 15
97611 24412 53300 36941 74586 33216 52986 43090 83206 34952 90834 68172 64346 16505 50898 
14 13
97035 58648 62939 74478 33844 9377 95540 75597 59460 67502 64891 84214 41034 
7864 17
55903 6690 13306 61874 64200 46745 30161 12520 69903 52596 97982 57760 8706 54448 5427 59633 14274 
5767 16
86627 71302 1924 78153 83400 89962 84001 74796 43024 94022 51905 93795 86501 73404 48593 50746 
1236 13
45276 67520 79315 38027 25305 25444 51536 98930 96042 74527 25115 4714 59893 
6925 14
87244 40932 59781 82167 44017 10881 38565 46863 51190 98920 96109 27330 85590 1880 
2871 14
42881 98907 67560 53393 64464 8375 69038 14924 95655 88360 81473 15953 50309 63653 
2382 14
28729 78560 51109 86232 82230 46463 83344 47991 31734 44823 1378 69211 68679 17294 
866 14
96399 55163 58309 18066 88203 25844 88428 95347 57727 2352 6643 54393 58828 64993 
3041 13
29347 85457 21190 65383 79296 26167 25930 7041 53324 31682 12089 96654 57019 
4217 12
81073 50285 1344 27799 74726 11880 84916 32539 93393 85512 41522 95507 
1373 13
55126 69960 82401 34945 70362 3700 35943 78915 28523 80506 38209 20766 30222 
6230 13
9528 11118 23162 73425 56591 22141 7292 19802 30782 62027 61061 72579 17838 
6684 16
81760 8458 5949 36989 32065 71583 66388 20287 44790 91865 5769 2150 48195 95368 33206 53273 
3281 15
58652 13243 35509 57124 50855 17260 57453 85679 45040 40200 81971 82412 55335 21105 39876 
7802 15
56147 82628 74979 91867 78373 39964 17610 72154 78315 2655 97421 86324 25993 51668 7958 
4205 13
16580 32062 53008 35542 51504 6339 55026 77069 31427 15506 86158 5423 59953 
2366 14
18850 38180 54456 37432 84264 40713 20254 96506 55062 1943 80775 30442 65274 57717 
6624 15
73693 54184 74721 51080 55879 7986 36351 31497 27745 72830 8425 77746 17732 97958 10299 
3649 17
65891 17774 24244 30130 96295 65565 77146 67259 10292 45034 61836 5099 71473 38969 48169 66382 26613 
2702 13
87537 82646 62366 35042 56600 366 66260 44133 4505 27715 77128 19587 46809 
7413 15
61903 49804 17725 16987 51404 36539 86912 25168 18887 70111 71943 63198 68289 89359 99179 
7845 16
48658 87070 77270 83432 76536 40360 70309 84684 14564 39882 54539 2202 68752 38117 37446 29771 
4495 13
32565 21136 42489 58978 19850 84890 41200 90743 16719 91703 75536 81080 88996 
6989 15
76537 7459 79083 97032 95619 98466 40552 49130 6135 45149 31620 96659 90580 33739 12277 
2179 13
28029 71322 91429 76456 95291 57997 46492 13127 73934 4918 92302 18694 48039 
923 13
10589 4809 66535 84262 67598 56657 56627 58681 50723 40207 72933 31292 54867 
639 12
21902 51928 43466 88098 59194 10612 17826 82391 72142 30869 53941 58783 
7840 15
3266 57333 82215 56167 65469 65769 54855 88965 87501 19741 9775 23087 58784 59600 14868 
5399 14
86651 75753 57501 27755 38852 26810 73791 68534 10073 29499 28265 38722 3565 92332 
7321 14
44360 2625 65898 5010 32490 29938 25472 26580 36653 72318 60393 54697 1071 24915 
7813 15
38156 48004 15642 73804 19730 59051 92434 79319 43257 36717 78813 22113 62634 53815 13310 
2583 14
17533 86530 50547 32831 89304 17195 17039 32447 9608 32629 46284 82665 95065 27248 
