120
6247 9
71753 43980 81020 79501 67714 56985 55028 70759 58483 
6098 7
12550 71836 76336 86852 31028 42149 53902 
4281 6
14702 73769 41135 2454 37220 23056 
5268 8
53100 89567 64702 72711 24934 99755 85018 3038 
713 5
64357 79431 12349 23408 34701 
6051 8
21228 44198 70395 87140 86473 50271 83232 72112 
5508 8
74464 53179 75890 61490 45954 93614 29404 82453 
3594 6
66624 58849 53065 25788 11597 85090 
3804 7
2743 95340 96884 71801 1407 4251 76486 
1897 5
63268 63893 5724 58726 77892 
1068 7
75675 2874 50938 55916 46548 24888 76312 
61 6
85070 12498 13175 190 59193 41335 
141 4
91175 86379 54821 24829 
4500 9
13852 38155 40521 14520 76314 48743 54438 86327 70206 
105 8
71078 64490 61025 23651 21975 79687 69851 8610 
6085 5
49392 76170 62004 18176 26760 
50 6
62736 48968 57849 83935 56240 60412 
1257 5
83841 61608 87584 22567 49523 
1795 6
12664 77295 17862 10759 98354 16680 
3647 13
63847 59882 9283 25727 51182 15976 85974 14305 20318 79927 87820 21966 97243 
3220 7
16446 89573 69788 19258 34737 30972 45736 
6107 9
84678 35687 84813 65947 67161 77975 25618 25829 9638 
6233 7
33951 71438 90711 4728 91687 89451 2673 
5922 6
20790 98655 26025 49913 35753 58162 
336 5
16242 53457 98725 64189 93699 
4878 6
21891 15378 17801 4697 63960 33418 
5973 8
49760 92074 25265 87359 63266 55428 53607 18107 
2305 5
13515 3835 32319 27527 66703 
46 3
62117 42601 32327 
3686 8
73987 7383 95473 57982 14299 69415 73552 59560 
4706 6
1109 51153 99539 44492 14916 46674 
2550 7
25717 16307 61842 43150 69317 10269 73553 
4894 6
17093 38821 23043 40069 97640 23768 
4701 6
61209 88433 47518 90277 38736 62969 
5648 7
66105 72719 73597 17927 8782 76135 38876 
2404 4
31871 44595 77028 73770 
5411 8
6751 93399 74846 34647 71757 63805 79043 57498 
2483 6
69997 16047 27399 20470 61508 21208 
1965 4
49322 63123 33064 60145 
2361 5
70324 44630 97840 22098 5079 
2591 6
71626 13353 50825 94843 92456 21135 
2262 7
24878 87658 15363 64982 46248 6803 44996 
531 6
1975 45308 56641 30963 38962 87501 
539 8
94158 40200 18812 9408 28739 6440 38533 36298 
559 6
25795 35344 36067 69076 81610 27686 
6054 8
19144 10952 10053 16613 52016 14965 43230 16023 
3113 5
51520 36736 62665 33337 91543 
738 4
47944 5496 30714 96771 
1225 9
71508 44460 79484 56666 90887 22875 38669 40882 2767 
893 7
73743 5898 45044 97891 18832 21085 53652 
4649 7
44975 86743 80442 71099 75320 68335 75902 
1790 6
96398 88504 79354 76736 16640 58010 
3915 8
96933 10923 7680 69850 79683 14406 63560 982 
3942 9
72126 84609 2267 96004 46981 6860 89659 99810 41640 
4345 8
42148 69541 4126 220 33644 36183 17395 18067 
844 6
37728 2937 35979 29808 76799 27514 
5742 6
97881 82931 9091 53299 66249 20044 
2790 7
73547 48776 57562 69355 62187 7832 188 
2373 4
31077 74229 26595 76269 
3045 5
53240 95610 98698 38769 17886 
5118 5
84110 30689 61976 90025 58019 
4892 8
60332 52691 61746 17776 20703 54929 23214 14714 
4737 7
54577 28469 22265 13098 64573 10476 28380 
6077 5
44651 38438 84634 24454 24179 
1416 6
91718 87461 12255 77095 48927 89782 
5098 8
83100 34303 36742 70521 43665 32520 92628 94849 
225 4
13266 20860 59111 21379 
5265 6
78261 29172 77465 10944 72356 86346 
4812 9
41515 52424 2479 38131 39071 23824 85946 87012 37992 
4922 9
9563 58943 39029 62863 94479 74055 87313 74904 38387 
5695 9
6400 66124 4224 9002 74919 5407 84168 44764 99758 
2184 5
54466 29806 94583 60848 31584 
2623 7
67705 22182 10463 9405 5742 55234 90155 
672 7
89726 30720 1266 63749 21897 32268 92530 
5047 9
15725 85202 32102 45337 1379 78670 19298 16655 47739 
5548 7
46080 98840 87210 38461 65453 41412 90090 
1478 5
50719 4117 75612 52590 34850 
1367 6
33881 69709 92018 80003 34540 96749 
5547 7
70290 35982 23526 84274 39300 20436 59994 
3905 6
27942 18506 19687 5433 3175 69685 
2950 4
61622 98018 2661 24675 
1640 7
59314 35732 66155 62052 37965 32486 65900 
3782 7
55579 29102 48437 9004 58151 75006 93815 
1006 5
15464 84148 67223 31213 734 
6086 10
81616 46420 46781 75771 69308 5460 57713 23487 47488 68627 
3223 7
95783 40124 20150 92444 20158 86696 97723 
1675 7
61286 89729 73079 66063 77831 59185 76523 
1744 5
24470 88772 39801 88541 28645 
3391 8
49208 1982 51124 1053 36277 53556 40910 55964 
500 5
35677 27676 46899 23779 52724 
4116 6
38918 287 74847 9061 76660 55632 
5405 5
39228 50852 21974 42802 99015 
1350 6
97844 657 31864 80614 22915 63660 
4889 8
94601 60714 21546 98114 8673 46766 73916 29331 
4571 8
18975 74245 48119 9593 2460 53073 81825 14712 
4785 7
63867 31140 48114 46181 56737 81516 33728 
741 7
38062 49564 83511 14682 33634 8965 75702 
2539 6
3214 89176 19000 77697 98585 20482 
5721 6
45707 28035 5787 60399 37181 76644 
1365 5
36939 81964 68781 91297 65721 
3083 9
70434 70131 73068 79767 49900 71187 95740 86002 92713 
317 5
95607 40867 25718 72544 45652 
342 6
8683 75551 72346 89609 42570 18231 
3407 5
89629 28561 17389 70817 28808 
1056 8
11226 63550 18180 68346 54862 8518 3217 17742 
820 5
62003 71446 61857 32990 41609 
724 5
53840 27411 86768 50761 49263 
4382 9
51670 93898 20848 4436 89975 74782 9512 52371 43133 
37 6
38067 8707 26288 50495 76934 68701 
5577 8
49117 96668 60413 39454 21756 97321 44547 43754 
3691 6
35805 50541 91541 10484 26261 23132 
5748 5
96900 67220 46443 59827 90104 
2376 12
75789 72013 7685 80875 97841 15108 67419 61390 46824 62137 68080 46972 
663 10
86235 85240 98085 41058 48594 18512 11626 16582 7945 84742 
2318 7
26035 64575 66215 30041 72671 31782 30066 
2038 6
15616 61756 22722 79722 37336 88581 
5483 7
20296 55864 38188 42467 13818 24908 2358 
3084 6
67737 92562 84323 82164 10003 59837 
299 13
38957 44145 49884 67641 44925 65670 46254 1255 8291 98292 36115 61895 49363 
3151 9
63892 45261 59370 11635 50231 95533 15926 90775 26909 
