324
56 5
64250 17038 50681 15450 30128 
242 1
50921 
2530 4
8476 42653 31700 6645 
3162 1
98552 
1053 1
78423 
2299 1
54984 
2902 2
67518 16908 
2177 3
5146 55376 95821 
2577 1
15962 
556 1
99902 
3277 1
17376 
1310 1
13812 
2211 4
16788 82018 66643 83036 
174 2
25137 95492 
351 2
52876 24516 
319 6
50143 94701 40349 78986 37449 30614 
2264 3
73858 13352 22831 
1355 1
51655 
1891 4
55609 33679 12943 26319 
1216 1
60235 
3332 1
5255 
2614 2
49757 49668 
2029 1
17352 
2789 9
37835 84995 13294 4851 82667 32297 31035 97389 71405 
2218 5
99507 48100 92763 95968 21711 
2548 1
50464 
2668 2
34423 978 
2122 1
38928 
3163 1
38849 
2084 8
24801 71230 14830 30820 71458 9171 47217 32056 
1539 4
51577 87437 87073 69781 
2706 3
56410 52952 22496 
1818 1
51854 
2164 4
29321 64508 740 99916 
2510 1
89567 
3334 1
45362 
3235 2
77349 62426 
3002 1
85847 
3150 1
21573 
1485 1
61584 
1956 1
48343 
1322 4
96947 42379 66605 44795 
2270 1
95583 
3012 1
1556 
2105 1
21562 
173 5
10271 31448 86030 78557 4477 
2783 2
34649 88917 
3086 1
97120 
2139 1
83726 
2133 1
81110 
1866 2
19865 74423 
2479 1
43220 
421 3
89791 69236 50519 
2353 5
21394 49979 40781 28065 45199 
510 1
28597 
3327 1
41657 
2617 1
45728 
2237 3
58181 85582 46269 
826 1
54661 
1667 4
48679 52040 3044 38408 
1113 1
62660 
2146 1
7931 
2850 1
43519 
3343 1
4215 
1852 1
8831 
156 2
18924 91914 
767 1
7215 
1727 2
86323 37786 
2920 1
48903 
2166 8
22232 30215 80717 62583 13387 30379 73608 36698 
1472 1
74550 
1145 1
31808 
290 11
45076 20328 2349 90939 50831 72050 11951 48328 96618 6495 89533 
629 1
70053 
2317 1
16737 
1453 2
6230 15405 
2645 3
71900 8861 5644 
1289 4
64778 243 64622 94790 
3270 1
72030 
3069 2
11529 39567 
1288 3
12537 51236 81733 
2476 1
37434 
447 2
86281 50515 
1127 1
65771 
2113 6
96478 44728 36340 87132 51517 84575 
2582 4
44290 13904 23718 29146 
3036 1
62971 
2131 3
5653 70112 79400 
1499 4
48818 80839 76719 32887 
1546 4
93142 95746 92001 39265 
339 1
5509 
1715 2
22536 77738 
1774 1
95006 
1793 3
25478 30425 45738 
2723 2
86452 31586 
1073 5
97522 89563 2953 11816 14410 
1702 3
9664 16653 98681 
807 1
69405 
1552 2
25524 4 
1780 2
33831 30016 
150 2
47967 48998 
3321 1
78786 
429 3
48871 39471 37741 
2415 1
16092 
1801 3
42425 76730 95551 
693 1
3260 
873 1
88627 
2641 3
18231 34368 32337 
2114 2
47861 49116 
127 1
62820 
345 4
58452 53331 20894 73440 
2566 3
73097 99425 668 
3306 1
2104 
3095 1
88989 
522 5
767 14831 88736 67487 70440 
1522 1
84693 
1068 1
24176 
26 1
21476 
83 4
97789 12656 65348 6389 
2912 3
45616 56991 92970 
2815 1
43986 
2440 6
98004 33381 80095 7350 1283 17762 
1497 3
4491 39076 48674 
2472 1
64638 
533 1
83734 
1689 1
43640 
1874 1
45525 
3253 6
25716 291 37240 46259 23249 33058 
1798 2
40412 93412 
486 1
65877 
2230 5
83280 61906 65743 68799 53278 
2798 2
23981 41297 
3220 1
5079 
1894 1
22827 
2459 4
18301 16253 38588 83841 
2287 1
99030 
2455 2
91955 14371 
251 7
20013 74033 69933 81204 80720 23428 51120 
713 3
99714 92538 71444 
2351 1
89176 
94 1
43939 
2752 1
85894 
1829 2
21975 16798 
2382 1
61452 
3047 1
83796 
1713 2
30304 32121 
2768 3
8300 90580 4586 
2848 3
54556 90791 30499 
2418 1
11548 
1633 5
72115 82213 40725 14768 87283 
1567 3
5390 67575 82815 
2506 2
1477 72337 
440 8
77171 30466 96586 13103 88249 57243 43674 51499 
2007 5
27869 78221 42574 39100 88744 
308 1
78444 
1274 9
16494 93224 62388 85274 10189 40048 78573 41853 61431 
2363 9
61875 91214 98438 76120 85677 22484 65478 50893 13175 
2897 1
39615 
1350 1
87593 
2159 3
27863 10599 27105 
152 2
5507 49019 
3202 2
1097 26490 
3252 2
72711 26782 
2045 1
87088 
2947 1
86825 
2944 1
43612 
207 1
54037 
1612 2
41785 12869 
371 1
71725 
1722 3
38614 72029 37901 
3245 1
36882 
2682 2
92874 82347 
2965 1
6846 
1358 2
85913 85478 
3279 5
9191 41668 75959 46171 15281 
2909 1
5384 
2234 1
16702 
2400 2
82669 56169 
2080 1
98412 
3337 2
56682 68432 
2863 1
84096 
1440 3
14350 51178 71197 
3104 4
84744 18600 65197 58983 
463 2
57131 90694 
1384 1
97666 
512 1
77933 
1316 3
44714 5477 70894 
2208 2
13539 78608 
3122 2
61586 1492 
137 1
44232 
2952 1
9325 
782 1
87999 
330 6
93423 28510 54610 40902 14981 81073 
480 1
83288 
3015 1
16762 
1428 3
24240 99903 11895 
3221 2
34323 50760 
1220 1
63440 
2460 1
7966 
783 1
9683 
1360 3
69763 57885 96898 
1989 3
76985 37829 40313 
2982 1
23632 
1915 3
64037 69752 26149 
2064 2
90245 61068 
3101 3
67231 29717 4988 
2672 4
35370 85765 25962 46370 
848 1
83569 
2073 2
99466 20621 
3106 4
24277 18729 10399 35382 
2350 2
77899 58727 
1272 2
56728 7451 
3186 1
28182 
3335 1
21788 
2758 1
38388 
3100 1
13821 
1912 1
93043 
2971 2
16170 20444 
1405 3
93860 47992 6056 
367 1
59691 
2249 3
57969 20365 69110 
2635 1
17823 
3033 1
65886 
3125 1
22136 
2276 9
19226 40310 88394 12679 54205 75545 77669 73377 45350 
484 1
85883 
657 4
71669 27082 57304 88689 
1525 1
26991 
1510 2
50551 26188 
2550 2
56400 49520 
1859 1
48082 
2509 2
83321 28194 
2779 1
11501 
2446 1
38574 
2800 8
65133 63992 88922 71766 32153 16195 88661 89369 
1238 3
43953 43184 26581 
566 2
16522 45918 
785 6
12641 93063 93570 16561 61515 71400 
279 1
77882 
3351 1
62290 
1208 1
59834 
1348 3
52442 27646 17494 
1011 1
82900 
2631 1
7781 
1110 2
91521 67247 
3350 1
87464 
3148 2
63229 59504 
1395 3
78735 68823 56722 
482 1
96797 
3347 1
69870 
3157 7
22949 51012 46628 14778 23689 32988 32477 
1482 1
77983 
2873 1
94001 
2716 1
17083 
3164 1
3424 
2009 2
34575 49039 
3344 2
62045 32471 
260 1
51175 
3288 4
14707 87225 26828 29595 
1660 4
63176 81158 17332 81785 
946 3
23948 32491 30932 
1835 5
97831 27264 43917 66971 54930 
1649 3
70558 29300 55448 
3227 3
90794 73428 76605 
1051 1
26585 
2469 7
31738 12664 47641 96205 40565 32844 10348 
2132 12
88399 93001 65895 9073 77 74923 49022 16254 95908 25674 75157 99184 
3161 7
55998 42180 87672 64589 84462 92684 49497 
2650 4
69706 52082 99860 77963 
1788 1
53952 
1114 1
92000 
3091 1
28119 
2180 2
383 38850 
2667 1
62504 
1492 1
93067 
1193 2
31273 84016 
2731 1
66313 
1963 12
68834 13635 2437 25724 60178 70357 13261 21034 30103 61771 80278 75408 
1974 5
8223 80870 16230 41553 4341 
2335 1
18072 
2383 2
99554 75431 
2202 2
26290 605 
1243 4
60224 58111 62001 94729 
2724 1
5995 
1919 2
99853 86198 
1765 7
24514 26352 39425 17242 44885 37368 58575 
1830 2
78489 55511 
2185 8
63964 12076 31776 13552 83016 9881 29871 83516 
1664 2
72523 80295 
2774 2
41892 34173 
3032 2
84251 37258 
1331 2
29611 78740 
2498 6
14163 98062 45782 70668 45753 84516 
2906 1
17273 
1102 1
55077 
2361 1
18418 
1748 2
62617 22791 
1252 1
51294 
2120 1
35482 
1461 3
32673 26540 84541 
1197 2
56011 16247 
1674 1
12394 
2206 2
79900 934 
1017 1
27958 
2816 4
65977 89433 71035 76776 
3231 2
60635 11720 
1691 1
41445 
2473 8
60227 49519 10162 25167 9514 64785 40576 77318 
1246 1
84917 
2900 2
76970 26744 
2374 2
48186 67986 
941 1
72228 
1268 1
9974 
2416 3
9714 75140 97908 
1841 5
82063 19334 31622 88211 67803 
616 5
54971 22088 79770 58451 30602 
2880 1
4286 
2512 1
82520 
3336 7
96842 10395 3906 71091 96612 40444 56774 
24 1
91528 
273 1
44145 
825 1
24012 
2636 1
8675 
3160 1
36388 
