101
898 69
3834 30886 6820 43743 17288 8870 28553 10825 21405 37480 7936 2155 37542 37726 33235 35579 5627 41017 43397 29886 2728 32136 26351 3912 26703 41213 6212 29958 27620 41105 18381 17277 41574 1909 30136 36808 42065 8439 1651 8112 21690 28787 31997 15240 30252 7713 17563 4784 9185 27899 17643 26040 24205 7494 38297 15381 19183 11178 17808 44312 13247 8195 39556 5991 37774 21900 27967 42930 44625 
643 69
40036 22262 35264 20127 35788 26215 3503 40544 17023 22254 41694 24982 38878 38857 11980 1324 13258 10921 13263 43515 17297 1874 39700 17451 38506 5421 20734 40484 19926 15788 17339 34077 15597 19897 9880 31399 3737 2361 29152 9829 38608 11865 23620 9133 6516 26847 18384 2948 44476 1024 19806 18811 26494 31568 41444 6359 19209 23660 29623 12194 12754 14436 30993 16341 4267 13027 25331 6926 27018 
2474 70
287 6216 14492 8799 33986 23646 26619 41020 8633 20102 35152 35988 39990 27677 11378 28221 6677 31224 44618 33598 38636 27724 4346 26054 27611 35756 20429 41163 28975 24154 3407 3580 10236 19235 17388 41338 20316 37058 2384 32822 38965 8512 13831 21888 38108 23914 2774 41196 8180 28313 19245 2484 893 908 12071 20641 302 10513 38094 38832 43035 18106 41197 5280 19032 31059 14830 17413 33848 34588 
2379 70
30711 30792 42402 38825 3552 13946 37721 32722 12267 19363 14627 20449 22667 15073 38769 31943 36965 29975 30234 27185 1991 33409 3749 38451 5581 8023 3363 12553 16489 42569 35725 10576 36538 32728 26778 10738 14203 24534 31419 3717 3933 39532 10680 44637 16424 19026 43208 35259 18441 29582 22598 4143 12442 1591 26175 25362 13034 39652 15263 40578 17257 40269 26536 19104 8730 26424 4480 14025 2179 36898 
4047 70
21496 31376 19328 16365 10726 7602 39927 10539 25958 20014 25708 38793 12435 9611 9081 17887 29991 17673 42414 3081 43947 42568 2688 2910 22441 22732 30366 29 5037 5818 21671 42334 10297 4044 1890 14759 13336 3403 44053 33288 11208 14744 2872 11834 18716 21047 15062 2695 28158 3292 21830 30323 12258 10462 15005 18957 17503 40309 36069 20683 13355 10736 39009 23587 21382 37175 2630 4454 15091 19660 
1908 70
16685 6982 6027 5055 26448 8271 22887 6904 24949 7331 18951 30207 7079 12165 13848 33159 21436 27538 7725 20351 24069 1237 40324 28639 27671 11522 35932 3941 21709 2438 16731 40294 34635 2535 20748 42963 4762 33264 36543 34905 20078 33797 5556 22534 41468 9400 28633 24743 42376 29654 33921 42683 3210 7302 13430 30488 19908 37150 20528 29295 36438 41733 18249 27956 37185 33886 1551 2914 7767 42246 
1929 70
22956 30286 16013 6761 36675 37266 17006 1876 26004 14812 31846 22410 2241 27470 41795 5891 37052 28240 20441 12724 41708 22366 37559 25478 27490 18968 7271 27685 24503 27067 15440 12032 20081 42780 31909 10637 42783 16386 16991 31507 40626 25679 42239 37711 14798 13630 24806 33501 298 11229 25730 24076 37560 42475 4849 37166 20278 17 40625 7456 24944 12422 21004 410 18612 18694 1421 18745 5210 4081 
1465 70
0 35316 32953 18210 34926 7949 22432 16708 39665 16201 34595 5507 23418 26902 39924 1884 43270 20243 15463 2498 18153 20890 35799 31543 18155 8260 7739 746 37706 14978 41400 27188 23369 6731 14100 30638 22203 39236 22676 20223 27935 3319 2725 26784 28083 33148 33321 41578 41556 12710 31748 31702 19210 22770 30900 4605 39316 17300 31246 4786 16131 2162 442 7004 6930 4600 14350 10916 24558 13116 
1955 69
17655 9004 28916 465 8852 13147 21168 35531 145 24717 33654 30336 23952 16148 23936 42198 12801 25395 19966 11919 2542 40116 18252 17014 32944 452 7284 10276 41173 10419 33282 20832 33074 39679 24648 11439 25243 4545 29420 14742 27309 25585 5198 38980 24584 25613 3714 32369 25515 1254 11991 12449 33843 28229 31283 23992 22872 3745 27851 30406 37211 21207 32148 20505 25909 23271 36421 7776 4827 
4428 71
22812 40257 10015 35858 22771 16223 18891 12043 27038 27532 23310 33904 30592 203 7468 11209 19415 22762 5592 29591 36283 691 24004 18178 28664 26210 36185 3383 27508 246 2924 37759 16193 18170 17065 6069 22491 22332 23033 9006 1687 4103 11886 17990 18142 36029 16175 3348 13870 5528 7350 8350 37698 38654 17132 5138 25261 9122 35197 19336 38390 9196 19066 6980 5444 27892 21579 33155 22225 1505 21603 
3254 71
43522 32772 2375 38590 15441 13670 20507 35301 28852 30198 35944 27023 22915 18866 28850 23354 37214 17757 27283 21875 15691 18074 25707 2410 14236 5165 17644 43697 19540 6052 42341 42471 965 5027 15996 32656 14890 24581 28700 41873 43471 1015 4975 7105 7374 39015 44336 19028 20620 4957 31548 37660 32256 41449 22600 31380 35297 2805 12525 33716 36001 25393 24166 4188 1250 20897 33395 3654 27467 44709 34103 
1460 70
42664 39490 12658 28924 40821 31430 30569 14126 28293 40935 20559 7822 12593 25982 27781 33068 34762 4251 2345 17054 20920 15135 20383 21753 34029 31131 9646 43849 68 23415 40495 10355 4353 19305 13441 24312 15550 11628 30954 11199 33788 32461 34470 25604 24047 19422 41118 41507 43299 16153 27531 30989 15937 8782 797 32168 1478 40142 3691 34364 14947 11082 37634 34188 29304 41867 14863 10045 33609 44341 
2985 70
2477 5924 18475 7144 28190 38685 43501 1769 32930 32790 23641 19985 20927 37450 32700 15254 9672 29293 42132 24381 21412 41524 13926 23579 8267 21793 18803 44644 28934 33462 24053 26125 38499 1146 7586 5179 16451 8362 20172 44581 2286 27580 12818 25254 2058 13820 16898 27232 21558 15600 42602 9405 32203 7988 21920 18538 19949 37602 15471 14902 29285 38466 26186 21288 39906 3169 8031 9908 11368 15161 
2602 70
13846 21332 2352 7848 36859 16068 34303 21938 36058 24791 42851 41752 15843 3024 18853 38435 20678 44657 25896 13974 27344 4976 11507 22561 36396 5725 29401 2610 24282 6944 24576 34025 28246 40694 6104 24299 27371 37371 9090 9469 19428 20500 11142 2579 19201 13063 2868 34894 4718 20859 21829 1733 26234 35092 2415 42150 29981 15510 17109 36540 19788 40472 23490 28928 6062 7696 17627 36845 16625 39766 
2254 70
13581 10970 25096 28498 7198 341 21787 21732 18588 31330 40968 23190 32214 21747 17976 44122 42938 23419 33062 6270 9683 28979 19346 37204 25152 26343 22184 9479 2046 11143 38295 44620 31980 2183 43551 22129 11728 12546 18993 39567 11995 34821 17067 8422 1571 44255 41048 10840 22569 24656 12405 34332 32262 21541 44693 31349 8298 36517 6277 35011 7671 28455 40152 6855 18759 36356 3597 20375 10154 12148 
2765 70
15590 11294 17671 21704 35310 27930 131 22221 37982 11993 38959 20012 28654 21094 30175 35229 11228 33172 586 1447 15959 11244 29999 30224 29330 24531 42308 40792 21271 23115 23753 13757 13675 40246 23763 10848 17882 19238 9418 23553 36166 15423 10894 33487 6849 8635 41161 9231 16315 11038 402 3729 6549 33792 14486 18516 17437 40087 32941 12787 27812 26261 33400 6859 9802 27850 18932 16163 14198 26951 
3729 70
29675 27431 35622 11302 6795 19268 4928 9115 39407 544 34353 13449 31746 18396 21828 26942 23043 3349 34342 27205 34002 7868 31756 23152 16659 25104 20509 18189 12591 42907 34463 31106 18472 20367 1541 22195 44643 3643 32809 886 29656 41710 17236 35952 13388 30474 13650 29616 13371 28564 40025 8543 30459 21531 36971 23139 7703 35753 27652 14255 13135 6230 1905 24695 7929 42904 25917 34977 35688 15886 
4653 70
5980 20309 44647 17348 40378 20406 28325 8985 1896 5661 15148 35324 41751 25079 4109 40499 18815 14869 14190 30873 5189 34549 39232 9309 40263 37744 32591 24712 9580 7952 6848 41717 19006 2500 34765 25430 14489 3584 10315 38019 33431 14901 999 4674 44175 27202 110 15447 35816 29101 20247 36614 34610 32742 14271 28115 3709 3609 7413 18338 8786 10413 30143 1232 9407 32175 25078 30982 31630 3809 
3761 69
33767 20454 31697 17332 8850 27898 29078 20150 39984 29411 16545 22348 11877 37936 22424 41182 18329 35751 43083 14261 4939 23569 38559 26537 41871 33158 8268 35099 41115 4733 1600 16944 8719 15336 1488 37347 35421 13760 27826 12266 31891 34632 42431 22897 15075 33680 9215 12286 41642 40193 12396 28472 29550 1784 19557 32951 22165 4863 3823 32047 16722 41697 11114 35698 15160 26719 25675 35985 15805 
999 69
19614 23372 12121 33901 21601 11436 35166 40422 44423 41036 6897 34500 27192 6851 30161 4706 37397 23505 35772 11542 16385 24165 13137 33272 18317 11418 43571 35374 23953 22606 8294 29516 32298 39314 36852 27139 3070 3821 10766 34839 22193 28835 10610 41218 20635 35074 40655 41371 34010 31047 7467 41920 35108 42515 35066 11129 31381 18579 32716 12320 20895 44283 17867 32540 31973 35818 4298 18662 32702 
3182 70
23575 14041 43457 23227 20010 2445 28612 33370 15797 4245 42820 29335 20485 30319 2003 23544 14392 30809 13909 10730 22800 14546 25258 26962 6000 39939 7992 17106 38843 32599 23528 32429 40556 6722 30162 43708 42323 35032 2736 41018 14453 37700 4158 17471 33696 10693 18653 20076 14629 42289 20341 21395 33099 16596 42552 39150 34693 32060 33555 34619 39558 43719 4942 30697 18140 40319 38186 29724 8235 16939 
4002 70
3786 25637 28369 44534 12999 42974 34521 34174 32018 19490 34918 1436 822 23983 9643 28497 40014 9789 10125 5242 43265 31364 29211 9056 23617 20378 41014 36960 17534 14117 13604 41952 22811 35373 14358 24703 18830 34023 28970 30941 19911 11180 24897 26070 14633 4533 10190 44051 41448 22712 36493 31422 25360 29672 27354 14465 10341 11266 15489 34503 11454 32843 38797 3142 13657 31801 3281 34851 37812 23132 
2734 70
38331 21296 19487 8114 33333 30636 21660 2734 17585 2846 10078 675 13651 19563 5830 15794 382 24607 12070 27549 14586 21243 7081 17385 3401 17220 3003 32738 43709 1002 31228 40399 39747 24255 15539 43221 16815 35485 34492 6151 9187 27094 38587 31311 25215 44481 33580 40721 15778 39931 13796 22541 19003 38695 2284 7800 34137 4912 26363 42792 37570 16325 10627 25038 11502 38136 13910 7531 37433 30907 
2097 70
28985 25186 37595 20710 3059 24023 24389 20741 27745 44564 8561 29377 7983 6694 9027 38293 22316 11712 22901 13528 21082 32718 2778 25518 33985 16525 31308 8405 27061 22416 18120 36631 14710 25112 32568 23938 36776 32332 11500 27513 35613 42303 10607 37187 24281 2573 31613 36982 42452 24293 13083 24460 5104 1069 38082 15653 24848 8940 7726 1432 22050 5064 43525 6942 16546 21277 29925 43451 34645 3529 
2112 70
24067 30964 9901 30338 8457 16494 37118 30682 15145 39177 30301 21752 5759 15272 41794 31267 17568 40446 27903 19934 34246 19150 30288 25388 36999 5081 26752 38315 4456 34616 32724 42949 16317 39954 13105 28077 9395 13716 1766 16899 7384 16447 18871 36298 37864 15543 39311 27104 36193 27129 31646 25579 18903 5629 16486 22909 31086 24009 1224 18215 22883 16064 25435 25230 23662 41969 38448 28123 6843 4258 
2531 70
24382 35232 40168 35298 22781 6631 3055 24518 36802 10313 27698 42461 30260 44124 234 26110 29998 31189 33554 2556 21567 4411 18916 27840 5751 43836 29240 24912 44460 28629 12033 1746 27791 8875 8651 32379 15361 20195 44366 41148 30604 18709 14840 39876 905 40061 8977 5433 1311 36215 15147 4481 26540 2427 19332 16351 37668 17027 5366 19831 20916 29485 31987 36637 21411 16652 13046 34075 37300 44015 
152 69
40456 44220 41572 17982 6040 14416 40400 18443 44412 10384 31673 34612 40488 1916 24331 28133 36394 6010 42718 27363 20586 43251 34056 39074 43853 30709 27453 6381 15531 30071 2426 26267 43296 30201 33102 41262 4730 30866 43570 35639 473 23624 4787 4621 21026 14621 29093 41424 7914 18960 29816 7813 42757 12889 3350 4900 4692 33250 10900 11401 20362 37693 16674 27031 11662 1383 24484 25642 15870 
1334 70
35178 36993 3344 28265 28765 30919 1727 10519 37064 40172 20015 15406 16384 16498 15470 256 18097 13345 36643 42205 11131 27450 17052 19999 834 6094 21904 27772 8418 25731 8347 33311 34789 28752 9369 2957 25631 15130 8585 35834 23424 29022 34799 894 13437 28453 11890 19597 39038 40814 38557 28445 28143 1182 36581 7924 7927 26740 3488 15928 17966 17613 15670 36890 17691 1878 43062 43695 42072 43638 
2226 70
26113 2202 13542 25693 43724 2337 16303 40692 5786 43345 40475 2087 22672 6004 27093 33393 22029 15083 25197 24615 35848 10939 35694 10305 30439 36696 17593 8424 5426 28394 33178 43437 14533 18794 24573 36655 4744 40181 40631 38449 843 1511 8751 10683 5313 20676 28082 41696 40161 23643 24470 4371 17750 17059 6835 38001 15071 7136 28972 3026 38840 1083 7638 11621 41946 16216 11202 21232 40451 7323 
531 69
7436 20232 325 18824 22942 17843 44471 18478 16841 43997 3467 3202 27345 27161 39290 28303 4035 10616 3071 16321 22117 44304 25266 36548 21952 42922 36253 43462 7316 12322 5715 35443 12759 38060 4578 28960 30257 1694 37316 23956 41949 34811 12439 36126 36903 14425 31556 493 34233 6758 25069 24605 18071 38276 28913 11074 41462 17615 37606 425 3491 135 17135 33224 26143 43941 33320 1998 12726 
2283 71
14562 16433 23700 19233 11309 22104 41322 44121 29575 37991 12614 9488 16741 3119 10634 31120 11341 2717 38215 11774 44125 41037 24434 29255 8879 6535 10768 36345 43441 2878 30589 41990 2351 20504 43586 37582 29062 13087 28007 18658 44141 25894 18322 10996 13370 31588 16414 33683 42083 40865 8550 11216 21290 12547 23063 37960 34380 2254 2102 19988 7357 16583 20005 40082 9338 17095 26952 26967 9554 12404 36010 
2362 69
20910 25676 40234 5470 42510 178 15706 4206 12620 31133 11837 43399 42534 24461 38428 22334 38987 7278 34036 21397 20084 34451 34224 22860 35094 6934 7973 10497 34642 36460 17273 38860 26895 7293 12303 21548 41186 4019 33386 28908 32473 44707 30829 30180 375 26116 36754 3614 27364 8214 31892 42893 41633 11758 7482 20789 34721 20712 10241 27478 44038 25647 451 15815 22974 23681 25461 2937 4700 
4426 71
30284 11477 16782 4758 7300 23119 2789 5503 38541 28567 37449 16723 13259 44207 4009 35511 33315 9176 39022 28381 21723 19679 16780 20423 6192 31502 3396 44418 25404 3671 15867 13161 40824 32796 18825 35391 18001 43056 7926 25955 26815 13212 13177 33371 42071 37961 43561 31218 30861 33385 22188 198 4300 19862 13743 9112 36804 22076 32672 32487 28014 31164 27007 1123 37036 25753 16076 28208 21099 25949 34576 
1204 69
8936 38375 14061 13959 38704 37453 35564 11386 24379 3497 13990 18499 9682 17275 2197 35040 5570 20079 6411 26697 7238 34793 43544 6168 19608 18548 42644 19592 24019 811 6116 38229 21429 17941 40174 29772 12485 6185 22879 10142 19849 5952 42318 26735 27621 42970 41822 11090 40672 94 38173 8311 15507 7182 27916 119 16145 32991 16234 12725 31444 24805 6796 24285 44050 43105 37189 12477 24125 
3841 70
14393 13446 40577 3637 41628 26026 42033 5947 22544 38812 40449 18054 29578 24465 36156 11714 38336 7873 13064 33073 24547 21913 29033 6514 8027 19325 33627 39255 32063 7921 41757 40956 18569 5705 477 38610 36047 13857 3452 1929 26583 26493 42636 13584 8349 34896 28899 41907 14549 30668 41388 28421 31995 182 30302 19295 44491 19313 23021 15855 32779 41670 36670 14087 32020 28479 12180 23031 18640 3903 
883 70
20038 44409 39153 8604 26996 19794 44370 41679 38411 43841 1564 35326 25068 28361 44168 42717 24345 28562 9941 21923 2993 35960 8125 17838 24671 6096 6249 25549 1397 15913 20352 6827 2651 13517 35276 23735 25214 30355 4379 40704 2988 14400 16120 13049 13811 38088 34691 29894 24372 40159 22565 29066 12875 43396 41431 25657 28188 22904 15698 24928 36476 34119 27296 38330 34228 3252 36183 36296 4862 30839 
4202 70
19100 33091 39578 40908 34120 22485 43752 41320 34161 39728 37210 61 37658 23014 13672 12514 14857 42342 36152 33581 20274 4146 5066 3115 11136 25845 38065 38413 22002 23434 11215 31863 31176 4165 36314 37195 8400 5022 35761 26386 44558 15307 30920 7730 30300 16910 1658 9401 9318 21926 14185 17411 20279 44666 17211 7363 41325 13010 17879 34729 1521 19383 5063 10380 13596 40735 1833 18037 10505 36125 
1406 70
25510 33987 14435 15976 15159 32583 29792 37986 6090 16528 15816 38249 10836 14042 11093 28820 17972 41199 28370 10031 12502 30079 26571 17657 25409 9549 11928 44361 31391 12479 39504 43041 16261 25098 33504 20047 34540 28911 20685 13732 6016 1090 16194 38470 30221 24802 30707 14423 10410 22548 9277 41147 35955 24441 41896 44617 35381 29323 32563 15601 5797 34320 44246 6214 15679 39951 20968 26776 37095 43793 
1664 70
11594 19898 9082 6804 3226 4675 15078 44047 38474 1661 40228 32163 41051 14370 42645 11509 17944 42547 16561 7574 8478 22804 24686 2940 29689 30264 1203 24629 26078 28109 35948 43336 34309 1814 34520 16537 7117 7912 23520 13111 24417 8551 41492 35986 32459 10207 14148 44070 15344 28402 6141 41798 29774 1310 4322 13501 34760 21425 11990 21370 36562 41589 9436 5145 29926 25300 20857 1536 36672 22109 
1574 70
9362 5384 28696 28160 41602 24261 23838 42175 4982 21681 11058 32885 27116 30911 37917 28252 17194 4592 34898 438 17381 33475 36778 36301 20814 41577 36307 16978 34007 17396 21046 17802 31841 24090 20526 42538 24556 15840 8261 4995 30542 26320 22180 21984 33689 33541 21912 44063 23272 14824 41883 22017 5691 17271 10323 3975 12155 29436 31361 5223 4385 17656 31796 21413 19010 13548 41844 14641 34398 2501 
1604 70
18558 2312 40183 41215 27961 35335 6271 12260 2397 32546 44081 1504 8158 35849 43370 3287 16205 1073 32032 40891 33303 42234 15380 20437 31517 1467 23798 35138 33963 33355 40781 44653 39017 6221 37009 25255 6379 26653 13888 13075 20786 27974 42618 39266 30947 36422 14811 18851 43534 17255 16295 32771 3947 44340 41616 30992 15302 3894 13382 41356 33114 38447 30372 13175 17089 30227 32560 43717 15545 19168 
2310 70
31326 33775 41943 42663 30369 11069 29333 3811 15579 2513 14335 16760 26305 40053 26655 4689 12627 39349 21629 36039 15528 43508 35054 2658 10490 29375 118 19265 31525 37281 22138 540 12068 831 17209 15299 8100 30749 7508 9477 13110 9664 4774 24676 24638 34967 43019 15410 5856 21609 30874 15230 13654 33751 33640 8768 35505 35844 38345 43664 25333 20771 1824 32302 19881 33291 32734 3787 35337 15802 
3972 70
12198 37884 39813 7546 5298 8196 7635 35195 4140 23302 28407 33665 2433 32424 20809 27255 7673 38224 37003 24863 41374 10378 25625 31857 15110 18460 5381 27720 15675 18584 27140 6165 8479 23276 29251 9652 12375 42985 37040 263 42283 18324 12414 18451 35377 14309 27065 30494 4430 25471 29200 4107 28126 10698 20148 35319 27660 29354 42592 19031 30883 20759 36743 27278 29519 11718 35023 20231 22112 30419 
3397 70
24202 25220 23668 12961 15453 15189 3816 19790 19522 40627 43095 25071 5244 16023 28658 18466 19785 24526 9651 14672 35306 1886 21523 31121 16310 4174 37520 38264 17127 21062 9899 27546 33857 39373 44163 13827 28610 6682 11310 29713 15383 39809 17409 34153 41402 40407 19261 35136 43822 23606 8876 26016 2462 29986 4113 34049 1369 8374 29722 7647 793 27383 43641 44043 8390 31051 32187 1662 29224 12836 
673 69
39614 39141 35256 16753 29165 15866 229 13329 34191 36978 5471 32343 40568 13413 42438 25269 1645 1138 23510 26530 5116 21992 41974 11110 28198 30739 42496 9757 7260 17892 3776 26227 514 14013 31625 15025 27052 8544 31111 22599 14567 24991 30308 14768 38560 11236 22474 26280 18726 33517 840 30184 22985 19071 34331 32155 24866 10589 41526 14670 12518 11322 9063 25316 17667 31683 24855 31959 23154 
2029 70
18218 44177 41233 14770 23990 7475 5161 37955 26835 17025 23777 28794 35763 37680 2084 21342 31962 23183 12779 16344 29263 17229 5996 10846 24228 2652 12599 7246 10734 11603 10950 37819 29424 11052 6679 10609 20330 28907 32749 15023 29532 42236 24322 42733 11746 5506 32932 30094 25950 42956 3501 29934 28448 22669 32072 41555 18958 159 8220 17188 32975 3097 11320 15072 4972 19530 28101 22065 42762 25097 
2549 70
12506 33398 8264 37957 33812 16839 20933 43127 32002 5411 9850 27495 22313 14196 43876 37033 39045 10352 17886 9038 16371 14468 28775 25439 705 44726 23748 40054 32199 33347 21449 30069 22636 4132 3337 21378 41185 31061 15402 17727 25624 41230 42008 34194 16112 21788 11305 22977 29807 34874 28877 2571 29048 1618 22298 39681 12780 7569 2127 25403 395 2006 17406 18377 3415 34159 12910 17097 27074 17240 
3488 70
18552 42145 17384 34668 12209 26659 39239 572 30471 9537 21618 7045 41390 6628 29185 35261 17407 6173 14730 18368 11331 20158 34739 38257 39569 22022 18643 43674 27565 22784 35383 43895 5285 7507 12943 28635 11174 30083 5656 39218 33958 16043 24809 23720 28355 31428 32750 26582 44484 7290 23162 8132 38851 16706 21031 14079 43931 9874 42103 22509 18987 27932 9324 30774 15677 14790 25852 8929 40157 44462 
1626 70
38642 27069 40198 44675 19583 38106 38895 27544 26552 15378 37132 23051 17129 10432 8244 11491 35402 22759 40737 3153 3413 14424 14632 36683 815 10480 17504 36454 33612 10249 34881 6858 20466 42237 32869 9535 33853 29964 5930 18525 42817 6984 32154 39524 26266 21703 14343 25359 5289 32427 34962 21483 43342 40076 16667 23766 28533 16744 32166 3708 5044 1653 13200 19510 35895 23315 9876 17969 24903 29129 
549 69
40514 22853 20956 18149 40778 17865 40713 11632 6847 16807 5525 15260 24565 40855 22036 2056 19598 17824 37417 42680 18768 17026 20985 16765 43469 34197 22400 14894 13215 39261 16400 4610 3353 32642 25232 17677 11645 20147 22813 11217 30215 14084 26292 37292 42261 35603 36354 30068 6895 674 13553 3447 1193 2557 6292 20881 1835 31651 11141 7387 40964 21594 327 43863 28603 38144 38973 35759 27173 
214 69
31302 496 38475 12904 38925 14252 29189 38741 31777 6383 31498 19335 31144 43913 12314 10632 38240 32819 17553 8059 34196 21266 1529 42516 37279 5681 11277 2195 26089 30505 7242 22720 25062 19902 22927 37047 4061 11475 27691 19447 40543 43184 34737 3087 34123 20816 1364 25999 34885 42373 25978 5374 16644 32259 20424 15295 35082 44565 15184 36992 15300 18771 7680 40604 5345 15443 18884 10714 35882 
2109 71
31384 30322 34684 22263 18931 23311 12052 10052 34661 3372 22247 43820 33479 10930 37516 18043 12085 22855 6032 42595 34581 22816 17430 42777 19725 11584 21744 10883 14326 25867 43994 28183 45 40937 40788 35934 36634 4049 41383 25286 29468 39327 26756 29561 32839 1953 15838 23050 22289 43904 37757 4051 16067 42490 2190 5316 32668 16207 1437 4611 15324 11336 34929 13324 1828 29127 8897 3961 26850 43655 27336 
1588 70
35330 42151 10577 5420 38534 42675 9427 39070 21971 35204 6987 24732 20185 7922 4232 16511 12663 7953 31852 565 34665 38114 16045 37104 25130 1326 31197 29541 27141 34034 44669 39363 44541 3238 11641 8872 21574 24933 15168 7450 35416 24486 35737 37424 13873 23246 33885 30820 7626 1196 41223 41893 16823 30934 15641 26742 141 34040 19249 37962 13104 26676 24290 28110 9192 32902 1725 35139 41085 25402 
4592 70
7842 30574 10702 44566 37501 2316 24776 34435 18603 10780 10834 44278 10796 41255 32701 39356 43837 21664 7256 41588 3098 1747 37082 24684 30511 21607 23035 25455 16211 32624 33425 779 5182 16861 12265 15938 21442 35615 22304 34985 35912 29702 10063 315 40432 22694 42709 4529 4200 28939 19523 26229 37845 6606 16789 2109 44219 10874 43990 39464 38552 21462 40620 20618 10896 26378 2403 44414 21250 22141 
1886 70
18681 30049 19936 39219 24599 855 24350 25222 25854 22861 11597 28296 44281 40834 6779 44408 11253 9468 35791 1915 39028 19562 39889 20056 30065 11538 423 18465 33012 24538 35268 2167 20703 35093 34132 43281 9963 13003 36641 5927 44325 29253 35919 13961 8239 36309 31489 18272 16497 16987 39152 27970 21734 25355 2670 29120 18104 22239 11669 8245 25148 14887 28326 21156 3242 33780 2874 13880 19280 25823 
3581 70
10966 42457 33568 11983 36629 22527 22103 1919 35491 28885 19923 13097 11089 22337 37970 14207 15662 19258 6283 39847 39651 17609 32245 25654 39978 27647 39087 1781 38978 10626 6396 9054 4866 42405 9397 28099 41498 14098 41512 17992 27502 42159 25432 23259 40518 2710 14144 6741 17981 24070 26890 10312 33391 7353 623 1176 18295 10536 2932 648 3562 43300 4487 44327 27211 21384 20181 13322 9000 28322 
3824 70
6335 4940 13728 33034 25561 21592 37510 43134 14939 13017 42219 17660 35409 11350 37505 10111 31368 17070 32908 13905 15067 31433 22328 22810 32867 21276 27946 37868 22948 26532 41748 20883 21576 14307 14832 18017 35903 29764 16110 38927 5351 5929 14167 24663 17724 33255 34572 10653 2020 41600 30660 6807 42006 20798 26079 38792 22843 3570 13765 13530 36145 16423 38526 33929 22198 25318 8858 950 29800 43513 
1360 70
759 36402 3368 37037 20601 10438 29223 27302 36575 37888 43964 36275 3545 43183 12833 13131 35528 34880 14721 7941 36123 12324 32160 4660 20831 18781 17797 11140 26141 24832 37887 12009 612 32210 23890 3890 21284 38365 4543 28720 25189 8693 10538 11370 41996 31754 6927 1474 24430 33260 8649 17472 34270 6477 1935 35623 23282 8415 13007 5692 11184 33157 34107 43973 43429 27934 19254 41565 4115 14359 
1598 70
15686 19405 35719 35366 35278 43485 14878 25706 34236 9471 8892 35762 7559 43422 11041 44187 28018 39294 23399 5428 23614 40978 4959 3390 41663 14481 12797 29562 11639 12462 15499 33188 4739 39165 10806 39866 15233 24691 41409 31509 9910 38958 28147 15914 29376 28804 21986 24189 37918 28268 25116 21231 16973 8584 41 35841 12308 20597 1013 8320 9798 30802 41640 6142 13671 38246 8975 824 9916 7305 
242 69
1990 18248 16712 34583 28274 13468 6101 553 18919 10882 31410 16121 22724 13764 1534 8725 44009 2700 11624 13928 14605 15181 20546 13464 38768 10000 29947 39439 28056 2544 2104 43848 29456 3437 7761 37875 30789 33535 23478 9278 16413 25691 34566 32505 21534 21038 32134 17198 25790 41359 28719 43123 21587 35345 7793 35114 19539 14023 28912 44543 23289 26077 25120 33570 7332 42685 38717 21525 22814 
3811 69
6051 37964 2423 27247 35954 9998 30108 22031 30022 39104 36268 43776 41702 28351 20998 34381 37666 26131 378 2009 524 20643 28176 4250 38949 4823 28430 17817 11530 5774 38323 16476 12287 4435 36550 29570 19866 44417 22429 8227 31093 12706 31844 6862 30042 42396 5851 5734 34591 9012 22664 33152 35638 8129 27198 16217 24874 37275 39125 43644 39936 20261 21736 1973 2581 316 20228 42779 10737 
923 69
7510 36821 30399 40870 28015 40566 24736 35353 18029 8796 20733 37024 26153 10445 6074 7765 13609 3995 33046 39542 10580 31993 5292 32824 27977 21836 21146 38030 10439 44530 40145 3840 1110 35057 24907 41661 41940 27629 41575 39119 28342 36054 13108 13778 43661 30747 8869 43909 13270 13002 43027 28367 3775 5264 37219 19826 20376 4666 17405 13512 41900 17267 18116 35713 37256 43009 12566 32375 36528 
1468 70
4981 43606 2564 3977 30506 41918 39105 29504 35518 42216 11911 32009 684 30991 2982 38707 44487 15525 10527 28189 12563 17963 24482 42066 34202 476 35802 37111 18103 3181 24423 1734 10068 43693 42615 25000 27064 9565 19141 38635 40895 33657 4472 39708 35129 40078 3364 27168 29144 6544 37851 33236 8640 21982 33607 33989 15214 8166 12864 804 30754 34039 34283 18253 31271 22140 13977 44073 6038 9465 
237 69
3885 30041 32500 4289 11753 20693 35793 1989 28468 32415 38592 43409 25861 20410 11153 37965 13452 31481 6397 25202 19773 41099 15407 41914 40879 43647 42225 12357 977 23909 18032 43734 31814 29205 21138 16680 12129 43494 36376 1930 32274 26061 8628 23805 17331 33216 10371 16762 8111 9235 14075 34073 24190 12764 41042 30939 15987 18184 17895 22696 37271 38167 29482 37209 21298 37410 1091 846 29780 
1677 70
32905 32887 24120 17359 33022 7890 43636 9432 31770 36363 1264 38824 34858 2650 9835 9774 25588 42561 34867 5568 36762 29140 19366 42751 18319 14999 24148 18013 18337 14957 20476 36805 43021 29069 6024 33279 32349 11880 44293 16466 8356 20871 1442 6233 26692 37586 35021 2248 14187 1005 15371 37654 31732 22024 18904 40108 28251 19374 14407 44405 4108 32990 39145 29787 5992 15519 12459 42082 2566 23772 
642 70
8994 33722 25571 11850 41805 23629 32181 32495 15731 9135 14052 14777 32804 37664 41646 13836 8364 550 26470 17146 32864 30084 23324 1125 40664 9885 41201 10361 7369 29665 41350 41321 29824 10449 2383 25398 19166 1979 4293 38538 11687 885 2385 22192 8707 33704 32263 29839 30466 7805 32592 34359 44510 24265 32537 7645 26492 28193 20300 33063 41469 1395 30296 39492 32626 27204 3040 42911 30373 32260 
2456 70
41611 16130 42803 1154 6131 22311 19833 7901 14556 22079 26059 41766 24079 21010 27353 29828 2227 25109 7371 33975 19646 12111 44655 17721 3958 1215 26306 40846 3184 39667 41211 36240 16983 33786 16039 20580 35647 39831 30033 11978 21974 21795 13338 44342 25271 3824 10508 29778 33457 36866 1579 17515 29145 22773 44013 40128 21467 20432 11260 33741 30430 39353 36495 32438 34454 23679 28059 17833 42354 39715 
4289 71
13032 16149 1682 7881 19782 38090 42727 37922 3379 27602 30181 9008 30910 4050 42262 39995 41864 30870 41068 17449 33533 36959 39521 23055 1620 39996 26629 31717 43389 41446 575 564 42708 15265 11012 38945 24996 4386 8369 21867 334 32893 1081 30924 1072 27229 22880 43622 21125 18266 21167 10569 1836 21241 9166 29020 10349 37336 9022 18539 9041 15739 26185 19101 5364 30938 15226 28703 20051 12185 28605 
1602 70
10630 20175 11340 5650 162 20059 20630 39085 9663 3075 20041 2980 21017 33710 28984 14871 5188 10203 9303 33932 9678 28258 8378 36502 39156 30217 2052 23968 43119 4436 41730 41004 4867 37852 11481 17367 9986 21937 1470 14415 42946 23522 41341 2679 38787 36833 8139 9437 2730 31158 26328 1404 3126 31639 42567 28380 43750 10128 30570 44254 41257 8147 36860 24575 29521 41384 6832 3638 31535 41238 
1241 70
26511 36636 29742 25966 6380 33825 17102 40217 14683 21499 26027 29083 39329 26516 20644 35611 697 43199 32233 39301 7287 5792 25814 31241 29339 42023 31304 22146 15044 36739 43886 27439 31616 4002 6569 36053 16181 28896 7760 733 23948 28151 17502 17573 8073 6917 39888 6845 39320 29505 4413 15400 15297 7394 43902 37231 15015 1204 11193 2600 2000 16331 39007 27304 25976 6787 31907 39231 33301 40981 
1280 70
8650 26687 19716 33202 40238 39116 9620 13663 3663 20579 14472 32756 43247 13249 22352 18392 34554 33310 20725 34136 33840 42127 13346 17598 20393 19407 17717 16422 6245 33802 11819 5124 31054 2245 12200 39934 29181 11674 44573 40868 9745 27165 2972 27398 30787 36299 17514 42388 39620 32042 21688 11860 41121 28740 38458 26478 42626 41823 35779 22383 43076 23987 12735 43967 25556 35071 41784 6621 823 43739 
953 70
20909 2082 40563 22136 39354 8920 30172 21719 24436 42600 18060 13225 2204 28228 16968 30450 16891 26888 38620 7090 25433 9751 19857 43649 5098 44555 6751 19567 44253 22590 44003 31645 24729 36264 865 21819 32688 2883 42611 42501 30579 9748 20093 29103 28408 26479 27605 36830 5465 3813 2276 37004 28146 23321 24005 32376 19602 17363 10691 7991 21739 12597 25253 22045 6132 41573 40417 12500 18326 30098 
3537 70
10020 8710 2823 38767 16328 22653 11932 18737 37452 37713 34284 7059 4562 27997 32988 3203 21497 6365 40190 42781 44502 33098 36106 31728 15714 21116 27294 29474 38531 32328 9083 2597 18900 16296 6842 17741 19285 35565 16008 30714 16764 28782 8419 36931 14681 3665 8554 26669 12586 39099 33421 2938 6815 27411 28818 28238 23747 32726 27828 4686 36297 27062 9797 25678 40911 13574 7445 16769 14438 38501 
4902 70
39427 14943 27537 29294 24222 28653 24478 39304 34890 3006 36717 11256 3865 27482 3176 39819 25893 26111 41171 5347 38803 35061 4391 25486 35145 3103 11000 6912 24969 41789 31884 41716 18568 22314 3035 3485 39655 37473 32308 16730 35307 37389 5496 38653 11606 18028 9606 31918 14720 17896 39529 33077 40063 18856 34455 8395 19896 32517 3807 37667 3697 1832 10284 4622 34444 5230 9714 41437 26940 39859 
639 69
9603 14508 38194 7461 11525 10136 694 12730 12491 32523 29019 32268 4309 38911 2505 33053 31405 20004 31028 39897 16340 26665 16616 16953 24320 10390 16437 33101 1910 5853 25804 39640 21582 13571 35022 29940 9263 42506 35964 6150 7571 3662 12360 14375 25827 11381 17916 22000 34371 6595 17356 21406 15094 27833 4381 32674 14834 709 39419 5059 37427 6274 40280 28692 40477 42021 21072 8234 41536 
1095 70
6745 13837 12124 4201 9255 3812 24235 7522 4077 35435 38684 27228 5622 12289 18349 14651 16132 650 8379 41850 364 4947 20399 37661 9376 6449 36947 14066 6564 6398 8676 41831 44191 5744 39815 40531 28346 1438 29051 14466 25144 8304 2654 5733 7341 20606 39004 11596 19781 37225 40463 41440 6522 40471 41021 34179 27957 17755 2687 39379 43871 18988 34288 32277 37335 27413 28983 6490 18288 26862 
768 70
23549 6892 33515 43068 39473 23145 7895 7503 21286 18480 22608 16687 19766 33245 32446 32545 16311 35084 21220 43186 597 4069 15155 13184 2705 28997 33452 26490 32910 3746 18549 14689 42381 13516 43162 14109 8891 24048 1710 32825 6438 36829 31729 16705 34109 29885 14897 3326 5454 19158 7614 19797 30613 32998 23738 17556 10885 7809 2707 41251 26449 17074 3602 24859 23428 6186 44697 13012 23591 31441 
1472 70
3683 17341 16417 11349 40928 26630 17758 25128 4344 7306 34740 5097 10729 25149 12873 41308 11179 13549 13149 13280 18531 13294 19960 8825 17784 12634 4552 14931 41837 6612 26033 33599 4290 39347 17131 24940 24462 22354 43453 44041 41735 43352 34842 8001 30764 24849 29141 12520 35332 1598 25020 22488 27697 20490 27041 5579 13461 25088 16144 35459 34714 39613 33278 29900 25428 36475 37938 16812 28964 12053 
775 70
24280 35000 36876 32362 4440 7179 19921 40876 42110 35864 18560 8960 15049 41836 8809 37548 38267 9152 33950 8509 38064 18156 9786 1338 43684 12539 13403 9229 29976 10715 26990 37365 42740 27783 29000 29539 30192 40267 41475 34671 18008 25860 33553 3108 34148 29187 6573 10629 36900 25051 41788 24065 43416 23925 43474 34504 42874 15056 15415 31870 12494 26744 16392 33670 2387 29220 19056 25739 24636 37919 
172 69
10342 20251 2456 21354 32741 4524 16965 519 38648 41686 27675 41951 31112 32654 39274 37558 39 3397 8266 27710 1578 36214 23663 23684 26085 7194 35396 15079 34057 39952 39631 21408 24221 29121 14123 24680 31824 2994 25806 23610 8506 12541 515 30008 34992 6264 32798 22433 29535 11482 44691 13352 14002 11466 43372 32509 41473 9100 3971 29980 34249 39310 4029 41194 5889 20276 15069 10309 42337 
1135 70
3679 29817 18747 40487 23518 1244 16777 36427 29619 10004 24030 10098 28175 12275 12565 38209 41945 3249 31757 43969 19294 42171 23221 37662 16089 37019 11875 4507 42879 2894 20430 7759 10973 21474 10071 39636 11556 5373 39801 12799 31379 8956 4010 41895 28227 12845 18421 42192 12116 22864 7678 7849 16100 30339 31370 23652 8174 40944 2732 37729 26482 25343 5772 37707 6263 29227 17596 19757 38666 38894 
68 69
4748 26766 35447 1062 27959 10234 23984 16151 34852 40365 27619 29615 41267 29758 10664 20819 21432 24986 16819 38904 10332 19297 37609 36962 28256 32108 36380 8617 43285 32240 3308 20861 13984 11113 32135 1882 13396 25369 26900 7027 36582 27819 28327 40810 6949 21916 10233 26728 34118 25830 12870 37188 23191 23320 20729 26214 39716 12523 31003 2303 21956 19347 32640 34862 33946 12691 14310 35428 40169 
757 69
33163 22990 15243 9735 2273 11537 15439 33543 12805 24447 24493 32844 20265 20795 34 26534 40997 34664 1767 41242 38401 22928 27624 7753 13269 20960 11087 29131 29329 4080 847 10948 14239 34044 11169 36371 11793 37988 25397 34440 17265 4000 2974 6508 43081 28679 37487 26573 30980 25540 21972 6403 39096 20623 40988 15635 19338 19149 16628 9854 21455 31505 8916 18234 29719 3846 21481 31511 34537 
2104 70
14440 2836 3948 22419 23584 4669 11441 18820 43011 18972 2347 30077 10408 15359 26472 10294 40671 34532 40529 12213 5026 3062 36392 2494 43566 26939 14483 3512 13867 18743 36779 25055 32840 21851 10988 26994 35733 20283 654 35158 28162 25632 35627 16636 32342 19678 30994 34651 39365 19968 36715 16160 17616 186 31213 27028 33079 12851 12234 25583 15167 30311 11427 32384 340 30864 7882 36512 44298 16025 
586 70
39914 17938 13636 20591 1109 6346 39272 34003 37874 172 43786 4042 2323 11852 31686 16688 27396 22666 21214 44114 28179 30655 38864 3557 40073 44553 22862 5297 18670 11744 26929 44017 42448 11015 41732 29483 30031 39970 43179 5491 3513 13423 35552 11461 26180 40500 16524 4197 37311 26856 40126 15382 33731 19853 16403 20179 42824 27305 26256 9042 5487 14805 36981 1328 38180 39947 42036 20225 31840 25001 
1325 69
41241 13808 16471 23503 44215 44144 1594 14773 12619 8455 946 26222 42514 12912 28061 30550 15420 21076 41992 28624 20360 4664 38589 42091 6925 27570 7241 177 22234 29046 25559 42085 7262 4596 39601 42857 17493 23104 26612 14714 34643 20318 5577 43017 27391 22347 19861 31653 8983 24356 10549 20707 16475 11122 21610 30137 2493 21461 22745 3183 41256 11002 35633 2430 20089 6940 10615 12362 32565 
3737 70
35190 36200 10624 37857 6894 30958 17893 43353 35217 1888 1140 12358 36642 24241 17638 32751 42760 35538 1184 38291 39915 8209 12382 34639 22744 38372 9921 21805 10521 37747 31750 12974 14990 41417 33856 24563 1559 1016 27348 28125 35277 30628 28291 21989 14163 36370 19270 25795 33149 39090 35263 38076 8687 19604 14154 9072 27487 9712 38066 28475 22353 23363 10535 30596 34078 34413 21304 16191 6891 2382 
2556 70
22363 39923 41595 19863 14237 28249 23056 43033 37772 43826 23114 20936 29890 2920 18340 4893 25059 20344 44000 26302 40354 37142 35918 41375 15360 39583 37493 42060 32204 6683 28566 8485 3587 8659 43658 3376 2211 19260 13993 19043 6527 29439 5239 16589 29919 32499 430 36529 38006 28906 32651 12369 29681 11518 22 42075 38389 22475 29643 5084 19398 40555 10124 34114 40358 40552 39584 8449 6267 23232 
23 69
38555 27817 6166 4420 38434 16034 227 33252 5011 18502 23633 1095 27428 6309 37442 38727 2259 36695 22536 48 19353 21302 6523 18807 8811 7422 16177 37695 14735 27614 25284 34507 42509 35619 27180 35367 26051 23978 28201 2348 38600 29589 38396 41635 34582 21606 1586 23904 25768 39851 2114 15925 26767 26601 3282 418 37288 10216 41047 6198 9896 2381 30268 18371 41817 24674 41887 20083 36753 
3765 70
4489 37400 30949 38532 35170 34978 17605 22822 20947 28890 9782 35085 34853 8742 8748 18799 38996 12715 20403 14433 38732 18537 30187 41172 31699 29992 15853 16514 26620 22841 13694 33198 34943 35173 17962 2933 31447 25839 17583 8878 27979 43483 16608 35946 1239 24930 22236 2634 36065 19748 18203 25623 29257 22809 28070 17392 34076 32918 33017 29854 44192 25994 16319 42330 10097 19204 31320 9210 41138 11046 
2477 69
15203 12990 30617 44097 33889 35250 28106 43227 19226 31540 27270 22911 44099 40402 39472 678 43283 37141 26966 6620 12948 9771 13506 6989 39385 24653 15963 15433 28501 2897 36141 9548 28295 6825 17048 9752 12869 39210 5073 2451 29621 10920 35185 24104 11497 7796 15316 33846 120 5231 11555 3400 10394 4566 28809 5049 30417 36446 3141 29760 1732 41043 22719 27145 42098 36051 33912 24888 28213 
687 69
26360 21075 23394 5043 31347 40211 42889 26345 18655 43204 39791 42967 40096 27527 29266 19078 33352 23378 26716 12519 35923 27191 41158 1502 33023 21873 13944 5852 2702 11213 17091 6088 4560 1557 29171 12583 30081 11445 25655 25672 3560 6939 30808 29835 36953 21934 16337 38081 38644 4829 10700 20115 3270 30811 8136 16822 21208 10868 38807 18849 27405 748 23228 20187 26173 4704 31772 33592 5773 
332 69
4005 17280 22212 36477 21877 38612 32036 28759 6268 8937 10232 34568 21313 42327 28048 22739 9145 16478 13711 21733 27987 43053 42507 8520 35144 26046 22865 20071 1411 25552 35715 9113 18705 10403 42711 1936 26201 38358 10866 39928 1949 7233 12574 31386 31072 23279 9019 13407 9632 18133 27631 24767 18362 41601 32919 21947 16220 4318 27317 5559 42126 27222 22465 12105 6238 43585 31020 23030 18094 
4473 71
26163 17040 36008 41003 2756 38414 39118 11424 26486 41971 36921 7493 27424 5953 3096 5999 25018 36138 9141 13354 1593 17295 20698 9154 12827 42699 9440 32764 29031 36697 37386 30266 11097 18938 4415 41923 38421 24472 19871 35127 13433 32754 24976 32539 15281 41419 25490 7792 14591 12571 41819 13282 41786 7010 37872 44444 35697 13712 5939 32290 7432 17383 6489 41820 25346 35019 4510 2520 8472 40048 41865 
497 69
6079 38756 20715 24088 5006 24689 42846 31889 29270 27794 28524 23090 22735 40146 42470 38394 30752 917 22264 22174 11276 16992 41249 10265 38225 12822 5745 25718 29979 19703 42624 12490 26830 8952 10012 16066 37769 40618 22936 11771 25620 3058 24817 6207 12078 42413 7543 12761 42850 41087 7200 3755 15910 23288 22142 20613 4640 4647 23078 22187 14833 33181 7609 31582 26999 30473 18625 1821 3625 
4672 71
19671 15126 30297 4717 26748 43613 38656 26123 2295 35194 5520 18506 15331 34087 43101 25995 30167 2404 22018 8631 12167 22402 21517 28730 37806 25877 23277 44212 3132 33711 12164 3550 30294 41904 39343 29162 5871 43980 37763 2230 17317 12191 36782 29082 15741 26649 27878 8534 8568 27706 13511 29150 11970 23944 16427 16010 43718 26652 8338 21896 4993 3710 35380 35781 24314 42738 10109 41183 38286 34615 21891 
2261 70
10025 27059 6872 7639 37617 12401 4678 22586 4382 24782 6578 13195 11135 3892 23678 1569 43812 24074 2820 40070 43413 10893 4056 4374 29822 34497 31745 21893 17202 26956 16326 40035 33862 25459 10531 6327 26003 31794 2935 42040 28592 15375 25686 25807 32815 30955 18714 34323 18477 16159 23177 34373 36483 16884 18836 40642 42046 24061 17433 37415 5717 23453 30333 6164 9964 4842 273 30423 17179 10440 
599 69
21482 22583 30346 41225 22755 19425 40443 1279 15436 29148 14242 4190 26920 5883 8242 42429 269 31318 30461 6873 39895 16913 27100 7150 7126 21784 3547 40715 5688 33166 43259 3926 1891 39738 21326 33430 11018 18698 22077 34086 10542 41950 601 9198 30270 42210 38692 20489 8759 33121 25327 35904 36473 13090 9966 1509 42050 38308 13969 129 29280 37638 31488 20379 42882 31567 12038 36352 27250 
2994 70
22209 33737 17455 23452 9460 39312 16638 37130 29300 26570 3241 4433 7072 20323 12812 9016 309 25575 30226 14262 17792 7499 26189 40594 35545 30834 4485 41593 42279 14606 39901 9261 24773 23208 24457 16415 10238 32420 5594 37376 8899 18774 595 6362 38591 29880 28477 7587 39688 31905 11644 29687 19914 2123 13550 40290 30716 24837 22481 30085 8179 9787 3066 20092 18690 44449 10201 39643 34725 36633 
846 70
1309 28731 12758 13178 28756 9778 6471 1931 16360 40218 15364 15144 30731 571 4547 41615 26353 21507 17307 24546 21258 16620 38379 11553 14046 32713 33305 18279 1961 32740 12824 24142 2402 12102 42580 21067 21044 20545 29549 27347 31741 37876 7037 13492 44024 16474 31674 17589 28457 35767 4950 9969 10850 18675 4839 6484 25275 15901 33926 39323 21476 1994 21114 23460 21216 31951 20776 27511 7506 8078 
2167 69
17970 24217 7304 27 14981 6817 44533 20664 35055 33690 26400 8780 12075 41978 27274 23329 16416 9713 6290 17184 35950 2662 2154 5493 36272 36342 7634 3315 28180 7843 14201 7932 21180 10992 34289 12312 16395 2784 21604 32341 27789 8515 23364 647 31371 39337 13136 7340 14615 41404 14048 27408 11969 24494 27352 40455 32087 15882 39340 6599 1520 41548 20780 24923 35113 40808 16312 29548 34243 
