94
3019 7
62344 39653 89533 55046 75047 42889 75971 
1132 6
63142 62898 4682 63871 60119 19328 
1878 16
97923 43192 75929 85188 31454 46417 95585 69179 82790 59754 17984 96695 82334 76944 99523 66996 
224 6
1303 34198 54523 56009 85578 23916 
734 10
15542 67881 42163 26730 8585 36207 35104 66979 91953 79222 
584 5
47184 19405 95609 8132 22882 
1362 11
41109 56412 59175 78944 10409 87719 2097 29497 31616 26838 29142 
220 5
90435 10714 83621 19216 82746 
1110 6
17899 902 73698 59015 28486 7768 
3109 10
11805 52040 10966 74767 56358 30322 61744 30196 79340 95631 
193 8
94482 1890 90761 44969 71368 21267 52761 56602 
1761 6
77069 57710 54242 76792 10155 35353 
2444 6
74165 38876 7404 10836 77188 29963 
554 5
21885 32732 88475 47032 31327 
115 6
72521 5248 91436 62703 3319 80319 
1221 5
70526 14192 43797 89633 13470 
2407 9
38931 89273 61450 58951 84149 52690 69865 60145 82883 
530 6
32771 57322 89552 51975 98745 2323 
2949 8
44770 58687 36570 80307 61766 42435 16096 64178 
1639 9
96547 75954 47440 10209 31742 69901 67101 64781 57864 
2222 8
25076 86992 9611 81033 27943 86839 60386 26469 
2141 8
1847 51700 10147 712 15627 35486 40826 64517 
2372 6
34252 93971 70367 15358 56955 20548 
2294 6
84278 47120 75801 42472 40109 23104 
2526 12
71531 13828 10474 17654 72193 9926 24138 47368 66853 91421 31915 99829 
677 7
40973 72684 33218 17776 38005 98675 18126 
2056 10
45176 64148 43718 13532 97245 21851 55080 41088 81420 22157 
1980 11
82489 18499 26177 70383 67947 39114 13964 16663 45395 73816 56150 
744 6
63828 90827 98801 36615 43331 56250 
451 4
1732 40814 23795 41923 
863 6
95837 28568 90011 77967 44358 86553 
1374 5
69856 21027 89262 40806 9534 
278 7
73187 93529 26214 46393 89442 40652 16548 
1601 10
49729 63629 532 17827 61849 20726 77020 62018 63442 84586 
2951 10
35194 87765 65319 5433 2231 32167 96000 52772 2286 45650 
2162 9
7980 39588 80149 85204 98159 19921 49281 98269 60183 
1752 8
1363 58658 15322 1649 55791 18054 50978 20206 
2443 6
10020 27442 44425 91012 54312 45238 
144 4
41535 40804 4581 53418 
1265 7
12069 63757 8827 59562 52890 83321 42767 
2947 8
24728 66623 41672 14845 80692 8199 52613 23719 
1232 7
14005 21693 42816 31088 88063 15176 78347 
1686 5
2241 88886 38230 67451 74305 
435 6
84738 84638 83143 78185 32950 82343 
1103 9
41836 47937 97547 91351 51572 48305 59725 32240 36655 
1066 9
25022 37443 9109 17287 73533 5425 77754 42151 38893 
1454 10
43699 41806 71433 36847 38684 66970 66609 5711 66383 20169 
2283 9
88564 62004 60187 66917 40382 90449 83328 62393 10935 
911 7
29031 63323 52680 7424 69437 53340 41371 
2616 6
41049 70690 98334 9968 58391 19055 
862 10
6274 17469 43376 9545 6139 96560 97327 81461 5346 17838 
1633 6
50464 4390 29430 77012 27757 89300 
705 8
68162 57706 88968 35966 97963 23148 70567 59043 
3035 8
43615 1825 95380 10126 61013 79991 8495 18083 
2250 9
64351 42954 49047 55747 999 74985 94455 55843 87814 
2000 13
95917 41066 79170 83427 17115 66165 25204 52725 94832 55433 48655 419 64926 
479 7
58166 28544 66845 83709 67233 57451 8534 
177 12
2470 31176 20466 99471 45685 82877 7903 59523 55264 22467 23918 45541 
72 8
39603 83692 94749 80788 47123 64872 58719 44335 
428 7
68940 45590 42211 45457 63531 50748 42719 
3170 9
89540 10890 83993 53078 23799 44537 70849 90711 67853 
797 7
47450 61496 81757 22012 14769 74234 73251 
967 8
13169 76899 63979 67081 29283 76598 3106 93669 
2226 10
68173 37624 98289 49407 82810 24862 48600 83931 21424 68898 
2511 10
32975 68740 14924 732 14858 69082 84521 22050 15667 92831 
2684 10
91527 10631 44960 76073 89186 84821 80967 35595 5804 49813 
848 5
29193 12779 48744 71633 63332 
784 10
18298 62907 86092 82216 44842 20281 11869 41 71150 33553 
2385 7
20216 59238 27791 42562 84883 29452 27367 
2365 8
47058 4184 71822 41204 98961 20543 38068 76942 
3076 6
9940 97864 64201 19895 2975 38268 
1535 6
36117 99944 43616 28847 97764 39722 
49 6
53617 10257 84320 50021 8780 29435 
2840 11
80318 60511 63593 34480 85407 19082 90077 52684 81293 29272 93284 
2030 8
63890 48242 11935 91969 78151 23363 97997 87282 
2610 9
45611 92943 13204 3361 97503 36740 98864 4030 9397 
3263 12
80099 14692 33076 52838 24410 20338 74081 33401 66902 20102 28591 77046 
868 6
39172 22812 85307 2291 39438 33640 
3291 7
3966 48746 76247 90121 92787 26016 65340 
328 8
22440 542 55543 94007 73493 86075 3021 1332 
855 5
59756 72893 50483 2103 48478 
2457 8
90921 4154 3007 50252 27923 16744 25604 10686 
2140 8
29835 81301 60420 90212 78622 44319 57428 1670 
2352 8
73364 77382 77437 44495 36260 15934 28482 41366 
2302 8
2811 65970 56778 69817 7110 54645 12231 73476 
942 12
38722 6366 28855 7845 98766 94824 34408 83168 18939 18237 6311 16032 
680 10
10780 45104 38574 62065 58655 8461 2977 70885 7883 49665 
1906 6
8193 94871 57901 74822 14612 99643 
412 6
399 8081 32516 80529 93038 99160 
293 9
78381 53472 47492 8332 75366 49668 44651 88441 28613 
3046 11
55088 27346 86637 1884 41422 13736 30426 72116 62653 44816 50134 
845 6
20516 71620 66648 50379 22309 22583 
618 7
20387 33748 67295 40336 46344 53337 21391 
665 5
91669 18209 31946 62175 20274 
