124
7843 3
60659 86586 87972 
5392 3
16262 25959 61529 
4873 2
98623 16177 
6994 3
70640 78484 8656 
1148 1
13065 
6 2
57608 41634 
2483 2
44074 61459 
4451 3
81604 21744 85018 
2866 3
2174 71598 53353 
3212 2
20234 15834 
3816 2
37950 64774 
590 2
64378 17171 
2879 3
77465 90216 94571 
7305 3
72381 48684 30778 
9141 3
84822 23417 65266 
1235 2
85817 52076 
597 2
54661 17007 
4623 2
10026 48525 
1671 2
88078 73869 
4659 2
77896 29487 
340 2
13374 32604 
10610 2
39173 60884 
10379 3
85893 13463 97012 
2228 2
296 76237 
6333 4
99176 84138 83503 67806 
2057 2
70237 77085 
1813 3
84496 35986 99999 
2728 2
52208 73169 
6006 3
2531 12062 86833 
7315 2
20778 79615 
7865 4
66549 75114 55369 47567 
5804 3
57157 11086 59738 
756 3
7252 46560 53050 
5287 2
69683 60457 
3033 2
72499 32464 
5037 3
59536 79117 51624 
9651 5
5155 83704 88455 52706 21203 
5492 3
12014 40008 719 
9998 3
24285 15248 58815 
4500 2
75867 56588 
2624 2
96711 28868 
5829 2
95172 31308 
509 2
58637 21076 
1307 2
91573 25492 
1385 2
79777 90563 
8977 3
63590 25553 15410 
4258 3
32895 26795 67005 
1020 1
54902 
4112 2
19063 57959 
250 2
70027 1590 
8744 4
80540 14038 84328 77241 
1709 3
45197 68351 66105 
4446 2
74942 28580 
2632 3
17659 39667 22291 
6910 3
61677 81895 46760 
1744 3
36793 32995 11631 
1006 3
2704 96703 8075 
2565 2
9652 28913 
1315 2
97449 60291 
2173 2
44631 65570 
669 2
67593 62674 
573 2
17038 29226 
845 2
64455 42364 
5906 3
70643 61605 34325 
981 3
85156 85661 50026 
2579 2
61181 8217 
5263 3
50696 26167 20905 
3351 2
99211 80337 
7624 3
99712 6736 69178 
10278 4
98954 19385 17884 59444 
1542 2
42225 28587 
7454 4
56330 5007 2629 54959 
2752 3
52425 8389 56182 
1776 2
75572 29232 
5389 3
50353 42959 86970 
4839 4
93911 26608 37915 6835 
1755 2
33844 29203 
1903 2
92938 21111 
5975 4
16383 84633 34821 44957 
10969 4
85341 19412 83310 38261 
2357 3
22705 46744 44160 
4159 2
42421 37293 
2383 2
34369 35024 
10119 3
58871 84196 28725 
446 2
50684 45674 
2484 2
14160 62665 
10218 3
74409 17300 97100 
10413 4
42089 93357 88390 25755 
10630 4
91121 60977 28903 75835 
5157 2
11189 17310 
8800 3
55177 67613 53083 
1489 2
10286 39967 
9480 3
45213 68841 58535 
2583 2
89512 2436 
2669 3
94107 78947 61570 
1349 2
77046 98923 
2268 2
7243 51826 
3433 3
18001 63474 57926 
4969 2
64514 61588 
4262 3
60417 88648 91557 
4162 3
99099 91191 81607 
7712 3
91653 60836 28464 
6561 2
28715 10382 
9701 2
21627 57253 
4912 3
21628 48271 27873 
3650 3
90664 90044 22041 
5174 3
43238 83390 58753 
9226 3
73293 43695 18936 
11053 4
46036 91300 32695 92168 
6149 3
74136 80440 506 
6127 2
36001 75497 
2296 3
61502 5138 823 
9872 2
79896 95126 
10173 3
71716 96350 61880 
705 2
22072 68199 
6292 3
33751 5885 21044 
834 3
55638 40688 24206 
4032 2
83197 36224 
350 2
59392 71363 
326 2
90395 44327 
7882 3
64416 64501 64692 
9722 3
26500 66388 10202 
5529 3
94774 11520 71943 
277 2
66317 73975 
