34
1566 52
54849 43164 38861 79766 21179 50969 31068 45108 82420 80628 66830 21127 68423 35442 78617 63200 50487 19541 28515 66086 2504 24036 25485 72995 24316 5913 501 72680 62862 28482 17203 70439 20692 18218 14847 16523 70266 53007 68947 27146 1437 7282 84107 3707 35046 71701 19942 38646 20652 74642 477 57401 
21 52
22100 4656 27687 8301 50138 48873 28549 102 74424 15803 9954 81119 22039 1075 428 53043 7079 80279 1922 25720 30325 56146 48122 17532 35764 11910 49614 2422 16010 54338 58580 2532 24641 60861 2798 47258 46777 63359 1054 32588 1479 83930 5604 60042 37986 43101 60706 49660 23685 697 82290 78340 
1392 52
29959 68383 1956 49141 37395 59876 32712 75938 71096 40972 34555 46040 28922 69790 20586 27447 59505 40677 21671 36818 65421 66016 41422 31830 72033 53477 42757 15914 77638 16001 42798 74203 6437 64475 53608 80622 515 81842 59396 82718 4023 54312 33524 64081 83507 11793 71747 84294 11632 40646 75783 78973 
1141 52
6111 78410 46786 18613 48104 26997 49019 47407 52293 33211 58084 32763 48359 40569 64207 64289 5760 22773 25730 21880 16139 38220 35279 27571 12835 51026 74654 16235 11795 55697 26751 45311 14766 43562 83310 58870 23021 61145 69374 35203 24926 23289 80411 12327 82193 40710 28219 40294 80627 40740 28945 3548 
1520 52
77421 70092 47297 22239 5293 12678 13412 6540 82833 15016 68606 43780 20718 43238 48867 50887 60156 35122 64139 11820 35727 24385 48087 10966 31362 2369 47206 28926 26308 76557 24546 50856 8680 44468 46879 71507 47157 41826 66642 30640 58988 14595 60709 53563 28095 80810 1697 16920 53348 32639 68659 7101 
710 52
29309 12987 50986 24894 39927 84356 16790 33784 57062 30863 65052 18065 53730 11754 5775 12652 53033 30187 64635 7537 78681 37770 13286 40293 56317 16360 66944 14698 6425 56571 82823 37218 73053 16271 4467 58832 26624 64417 75429 65889 71716 13110 50816 4696 36846 27042 34579 38867 35144 60569 61989 83743 
1320 52
64873 1239 63552 45773 81420 52430 26295 82982 47478 82960 19130 67721 61185 36048 44889 81021 47908 10761 44177 1109 42336 81404 50080 67435 83908 63984 19180 25586 588 9663 74873 12528 75321 35663 61529 49650 5531 81507 73599 52010 24631 17543 49941 69760 2480 48875 83340 80427 73286 23018 23926 65886 
1133 52
25020 32214 75399 53995 7959 25126 32503 77899 74948 27348 54628 41387 8740 2579 42785 39405 42601 29210 38400 80890 44540 3856 65565 32383 82797 437 78923 24636 60850 19556 16600 15674 79633 30312 29890 15626 47256 43237 11025 77003 23298 82806 16255 1286 55873 39897 32642 8302 40986 50709 67034 28358 
238 52
26392 51422 56437 61270 69333 76892 61558 75317 52073 18675 72391 58154 981 58716 11561 47114 22651 21746 29659 24986 8482 53206 48539 75650 26796 5565 48184 25078 1675 76623 39614 81024 10990 46193 28677 41540 50333 24301 1493 79539 75161 69482 78440 13294 33831 44187 60811 10951 60460 56356 57465 31253 
1603 53
2256 38255 9381 539 31883 59476 75800 63238 60954 12516 32473 64080 69836 73371 64856 5539 62431 37410 65714 13823 41335 14503 44118 1644 43198 44657 62898 84114 72636 77561 2064 35751 59938 65486 64662 54920 58893 26471 50484 45478 59495 16012 7955 64188 78773 13425 24500 72595 44740 53420 36471 59998 18817 
562 52
70074 47044 64883 15272 17326 66876 79567 68109 46402 73627 69918 22805 82866 57207 24642 58535 78350 17523 60675 27979 28193 23994 72570 29187 9104 19217 74622 10551 63775 54139 54608 47163 82512 9848 1971 17023 7833 44775 18344 47348 81038 5307 42450 76673 40789 80070 78349 28578 8275 72189 17240 78368 
1801 53
82447 65702 8734 60633 1097 31310 34646 65960 77969 72858 820 17647 57961 41784 24335 73480 65638 16259 16398 40883 78396 55598 26130 24702 53545 74746 82113 65200 12369 76603 22806 77999 66573 81367 64693 51162 10796 57915 74382 33438 55726 46992 17902 7512 36470 57808 30192 34906 44595 11902 33841 83957 1276 
1558 52
67303 8375 24934 18004 65822 40771 14829 47302 37354 32224 49491 22709 24388 82793 75732 34775 9529 9669 61610 69968 46274 39315 68001 43531 6662 18709 76582 33693 60942 70114 19986 32435 18630 51754 48945 14517 7883 51004 43384 83565 15672 17575 22840 63153 14384 65598 4301 80297 31425 28124 57844 24414 
2866 53
45053 64732 74418 24801 25089 8401 7781 46553 51991 46037 37116 72369 80676 1821 59147 2195 15622 65368 14835 65059 67177 10860 20750 35083 28573 35424 55160 37089 23127 63262 4768 50343 4626 44609 83740 38593 61741 66931 14296 65403 75591 67174 39660 42870 67111 13708 27987 65592 55879 80405 58744 60486 20819 
1318 52
63034 14510 45073 15051 30439 19850 19686 41983 57952 43765 79653 1642 74031 68893 26196 63570 49125 30349 34865 81609 43675 47855 27248 58724 2524 14125 32325 6877 79222 50317 22088 18351 60523 23492 59603 41329 629 29323 32149 80586 58864 35989 57 67674 77227 24425 61127 2168 63555 58607 80022 72351 
462 52
82546 49823 66569 73008 70414 68978 38102 48593 53768 12298 12724 50133 31595 4385 24008 16475 22468 28237 19930 16739 27543 48322 12471 47094 36088 46478 26454 63106 75720 64961 34821 73110 2432 43852 9180 43576 64102 9009 30914 44170 38409 24364 73640 15403 45051 70786 40442 59008 10361 47222 70246 37293 
3521 53
55311 32483 34519 26192 24428 36028 63448 54885 73811 72782 39100 4511 70948 48059 74484 67048 30829 42394 67439 78596 67630 36119 26004 64325 54943 52246 10600 55046 41075 72739 62776 11232 59054 50197 63115 3288 65897 7435 9929 74179 72314 11712 7312 10573 2016 44065 10736 22015 32061 62125 47209 49817 11496 
1519 52
43281 23535 53647 36628 81649 24755 10180 69743 60167 77863 64008 51859 62084 15320 36452 29127 14527 52389 21859 222 72107 4901 71263 55085 7081 32594 3224 11487 24059 10194 68515 17896 46518 12667 7186 79760 48079 447 65994 78629 61062 45989 52186 75218 12583 46611 83513 19 74673 32217 12344 11440 
1526 52
82926 47322 21213 22670 13625 69578 42201 83157 49606 29900 26398 55565 52253 12410 40379 18460 76252 6960 35145 35614 51947 78893 61174 48682 72172 75378 74503 35924 69138 21730 49927 70322 17114 83652 58926 61248 83739 16391 68545 74543 76011 66553 48173 82441 53775 25363 22123 33646 68765 40267 43280 13762 
2992 53
37019 72266 70893 46302 45937 61653 76299 27517 34819 6055 26866 76119 33336 53767 61478 65481 47892 74101 57089 33047 13732 61131 14425 41023 46492 67848 45883 31804 20534 7444 44811 40760 76093 50508 53964 30104 47420 32969 48085 68463 27985 52435 34881 13687 50476 26172 57946 65177 71803 62053 30940 21309 10090 
508 52
14755 27421 12353 4938 28906 14932 4556 81801 18581 20492 5041 32548 75200 59837 49815 23989 15000 58842 63226 51292 23591 58722 62617 19987 62087 2481 61008 56353 18027 35890 6237 74472 38854 70876 58868 21620 10475 24492 21635 20424 34700 23102 66023 43311 35927 68240 47330 24458 73342 62567 21895 71837 
813 52
62973 63104 70613 79692 18304 44325 9101 6871 9499 481 26143 14106 44867 78457 28953 62670 5503 61161 15759 535 78129 36849 14155 594 77706 83675 30604 56153 21149 18664 49349 83084 21276 51361 44349 69040 13962 79262 22484 58658 31166 33566 76808 52054 11573 71662 67538 30737 74229 62301 18819 79060 
663 52
20224 56485 6709 21052 32913 39866 23478 25867 37712 61846 57396 31134 83645 76512 28876 43986 18436 81883 82817 10993 42248 83230 19893 10199 9550 48379 65715 66364 21715 69806 76524 4274 10980 60143 36132 31160 24779 12221 17894 67141 51769 36326 67198 30225 17534 48861 71251 41378 61568 40656 5145 46289 
165 52
65514 82872 70010 61079 52756 67871 80163 55505 15228 3605 79519 13024 71768 14951 18661 47763 17421 79731 50425 53217 52918 56551 7729 60871 4892 13971 77985 76089 7065 12946 3767 80073 50854 17788 64198 22630 16886 42722 5407 39670 12539 39017 19005 34894 25454 46907 10396 28990 5577 20648 39512 5911 
668 52
26578 9313 27165 69130 9246 65493 56469 62557 54336 40143 17104 26564 20088 20303 62289 74585 21831 62657 57468 36211 31996 12518 69633 81581 15398 33219 60328 50996 56869 45992 68824 77178 14897 79504 3397 12472 46423 2741 43722 19756 40993 74531 78946 70781 33697 21242 36186 37475 78013 21256 38958 9268 
2751 53
25648 42652 1784 45312 57458 60623 33937 55753 43632 677 19266 68419 45001 49554 59786 48144 47323 60412 61149 114 47230 30465 317 8699 6308 70027 57822 60073 78638 37155 3030 53676 59787 81673 40590 9309 37698 81238 11049 28082 24618 1351 29199 43889 68769 23866 68193 40869 58967 29081 6348 69205 82778 
881 52
54633 54963 54425 51652 11280 20725 33669 67609 79687 25988 31964 81283 38985 81694 54109 31418 13438 67200 5753 19735 72550 18470 50902 24206 71910 79123 11844 46511 36549 71853 60321 5243 47932 44779 27182 68370 4684 65503 15477 14228 54310 33255 84235 18526 69387 4614 78487 7932 15014 62603 29223 2587 
1486 52
38314 18367 49047 22298 81351 642 25655 83296 81700 71731 56777 42452 4411 36092 48190 67130 19067 7193 29603 79783 8713 41367 23420 26100 32514 44216 73737 41744 38331 52925 47856 27696 18816 53982 58140 20278 82627 3114 65591 9519 13519 56610 73213 29783 53907 78289 33757 27138 81471 82909 28908 2056 
217 52
2839 53521 70202 50087 21297 32636 31990 11588 73035 16405 19102 49135 41316 70383 36829 82051 74761 58557 82472 51424 34398 54245 16420 42090 46875 61738 83421 11916 16496 7494 18764 49185 38726 54768 9783 79631 54784 54465 66431 72059 69349 23402 43791 22369 7675 57118 20309 2234 14423 49512 72440 61233 
529 52
57166 20957 6886 64880 28874 28529 55580 63500 26299 32723 55413 32375 26292 57339 72516 70585 61237 69392 63373 11961 27895 25719 50578 799 32459 18562 42591 21883 31999 4000 49667 7747 82464 893 7050 68326 5906 15869 60833 54269 27429 80779 37212 78585 48142 54997 43939 54050 13656 33510 9707 63148 
369 52
18487 48315 39417 57711 48066 39842 74993 11678 80855 61858 62658 5318 31403 63055 53041 44080 39910 62169 60084 64470 37580 61231 71291 52144 28914 76096 49412 20831 46238 75111 34165 3448 57760 51261 17970 24443 32296 40717 47327 42339 1671 62417 41648 13117 73022 82403 33865 25323 35483 69059 71975 34233 
2506 53
34923 7921 48042 32081 30360 14921 73114 69238 25073 22050 65057 8674 76056 25416 44148 34696 52883 43874 29149 31960 22758 71935 18896 10397 81785 47785 38381 2 49196 69928 58514 29876 39077 77038 53292 38964 52689 28103 2385 44591 11835 8157 5437 12403 78197 51406 39065 72317 9251 44390 11170 19668 12522 
1077 52
2656 82004 5589 63878 50997 902 55864 53703 8684 6947 18273 69092 58129 70624 79345 47686 60304 74438 69322 5509 69194 72653 81042 56702 38744 42939 39503 81749 33461 66755 76669 9390 78906 67701 27932 18370 28195 36815 73394 82409 36944 7047 14867 31597 43275 36422 13516 56874 38298 77677 71722 48667 
368 52
64024 18469 4167 42646 15013 47434 79889 30036 6509 36308 55853 50507 73468 82243 83455 3562 25877 23917 650 35392 2212 42424 38653 67985 77645 18313 74538 37764 22156 52526 39003 70055 14234 2570 61820 18023 37076 50254 64287 76133 46658 12990 57699 14299 59507 32009 77970 31011 3358 46005 80148 44249 
