134
941 9
84557 43072 7613 35640 19926 18946 23735 40874 98568 
1313 11
14262 38705 19181 57188 20568 49465 66026 4798 41985 31187 39205 
1347 5
39923 85000 91512 36506 70650 
225 7
45795 27510 75167 48907 61188 56425 9884 
928 7
84004 26396 70376 12137 57821 4033 78105 
1364 5
4311 23600 54899 53425 64057 
671 8
36225 68401 76705 85558 88266 88446 41181 23054 
230 6
73113 5873 48269 8587 43000 13024 
1174 5
71141 93491 77389 47857 4005 
1329 10
93389 47216 20541 38476 80940 59275 29314 37516 77310 94994 
220 3
82064 13946 93599 
219 3
40184 48338 61817 
512 4
67036 60239 26077 68496 
766 6
88527 37951 71812 98923 99068 66976 
742 12
18615 61988 83789 83156 78278 18665 61087 51727 80538 74301 28537 78993 
148 4
30931 92312 58808 46893 
1155 10
99171 56051 7438 62351 20986 34708 46286 47926 80250 54759 
896 9
26564 23377 50473 198 65331 87955 88558 98390 45799 
527 4
48824 53370 10867 60948 
56 9
84438 4032 28578 61599 86980 15978 76985 2107 87914 
491 7
80809 81863 91179 45746 30797 56920 91943 
959 5
43878 16701 84570 2682 12723 
222 4
79890 55931 17768 72447 
1272 6
25499 74700 3239 27363 95155 15858 
1192 7
3630 99763 86073 96689 20528 40370 11750 
541 8
14244 82324 77613 39263 18585 44748 16861 3724 
359 4
64758 65895 32899 25823 
1083 6
30367 9268 63864 373 47576 54587 
714 7
56939 81200 21196 73883 82976 28062 41363 
28 4
91343 57207 97538 26799 
278 10
12499 35807 57043 10646 29667 53439 7755 96481 36104 39560 
471 9
44474 80112 2599 62269 31000 48281 55509 58129 53445 
1338 8
65671 39169 66142 34099 6770 48771 60833 39540 
618 8
29641 3830 32193 51061 70790 44928 52036 50754 
170 5
14471 35605 81472 56676 91804 
708 4
29854 88975 37487 59219 
261 6
76860 52694 14274 26849 28640 16645 
24 3
68460 56132 69653 
435 6
42793 59196 71284 18736 44948 14313 
1348 4
85626 2867 3932 10754 
522 6
77419 63083 42332 12329 81533 66430 
308 10
31498 71626 94274 33539 60819 82411 16844 95260 76088 19465 
1176 4
73568 49172 58320 11324 
318 6
50471 1207 79249 80736 75704 60746 
840 7
75458 23504 1166 95758 15603 80385 7998 
690 4
8524 55539 84107 44405 
894 8
65996 15471 25367 30238 65389 82690 15791 9376 
494 9
88863 38446 21107 97584 71718 38091 75145 7526 10528 
1232 9
74825 30730 87676 53318 75485 22680 48597 93221 34893 
919 5
47821 82606 37221 15239 98682 
78 4
8435 72152 83233 51970 
110 5
63082 93033 53462 92599 66610 
1363 5
63717 46033 82491 10259 80445 
848 9
57809 73665 74512 51287 95826 88135 2733 65868 3157 
325 5
48006 92410 93002 91416 74780 
572 4
34737 62567 62720 60418 
932 6
34857 61315 30603 18070 16994 32888 
333 5
74668 67107 16431 18962 79562 
842 7
36576 36025 37581 24116 15332 73631 41942 
1298 5
28349 78709 83018 36529 41997 
1053 10
34007 14552 3223 91469 14600 35314 58848 49717 9945 67440 
652 7
70145 31850 33790 90609 42739 31301 50509 
45 5
32645 46650 5420 35884 22749 
116 3
84771 70632 15324 
1168 8
21073 40422 48056 11717 2438 83716 86912 16902 
328 6
10334 58925 23920 60519 3228 52230 
877 4
72327 53882 48347 63984 
1278 11
16366 86215 29634 6117 93995 78051 49678 50016 16481 63941 67423 
603 6
61221 36565 91243 1477 96384 83193 
288 10
71240 26837 44197 26451 58585 55449 56089 54614 46634 61346 
77 4
8900 22120 19580 25656 
996 8
17847 31804 69448 49312 52754 84750 97193 55226 
332 8
50262 40975 58990 88274 35052 15616 48431 72381 
469 9
4866 19868 43512 19273 26196 46025 647 23910 78860 
679 6
25787 42175 51242 27180 34586 85241 
181 6
12056 22774 35931 16833 90832 81753 
1076 10
78442 82937 6172 26951 73967 80528 27848 71001 93098 94603 
962 4
40146 87490 20487 64048 
155 8
88077 70096 64950 3045 37994 54584 50409 17446 
452 6
67430 32187 70128 31230 10092 40488 
743 7
81948 20278 43460 93574 25259 34063 68566 
792 8
79374 26792 65363 37302 81925 50199 31170 699 
165 6
63312 28055 69483 82042 51346 41276 
324 4
93368 92454 17026 40923 
1019 7
71966 71208 68243 44978 76462 78505 25276 
720 8
98539 7769 93128 65795 55291 78692 67467 97787 
553 7
78989 74432 53931 93429 775 26069 74118 
133 5
18177 52711 75323 29958 28106 
331 7
5572 491 37285 91966 62058 769 823 
564 6
35315 74023 71624 58082 8740 1066 
836 4
7220 51184 23568 60410 
580 5
1704 26282 66690 25654 12191 
753 6
96899 38394 5594 23510 225 92761 
710 5
56805 74021 67469 90354 19581 
1018 5
50490 5315 94665 50867 86138 
285 6
16360 78566 68181 21866 31375 53497 
519 8
36376 66881 92299 57059 55647 17248 87272 87620 
682 5
6966 33604 71802 26138 69428 
1386 5
35104 50331 80429 11243 62872 
75 6
11599 50038 47094 62737 39241 644 
599 6
95835 93885 89027 74770 51986 98703 
1314 5
90853 28045 67828 4960 90392 
4 6
22104 7743 406 57128 32110 74881 
1144 8
80805 9263 58630 8462 88679 59617 77632 21006 
724 7
69769 26733 99008 76130 8021 57871 98698 
414 5
40933 96711 61969 42337 70146 
59 4
53572 76432 40718 35948 
367 4
38986 81843 82195 33215 
1221 10
39798 17544 17077 42279 33619 37729 50790 26874 87576 32327 
477 5
72956 97255 42512 43096 40920 
878 5
6603 45373 80083 21951 89423 
22 8
52388 61195 37208 89166 10759 72300 33415 57194 
196 4
37534 81424 74756 18803 
358 4
2113 8361 52811 76279 
204 9
87352 65136 47700 84585 22757 59230 1196 47572 31895 
1206 11
10175 4758 74184 55975 67006 20299 24286 83203 3694 17668 57343 
631 6
41326 2013 61980 4476 68325 24351 
934 7
67685 49307 91236 92999 69817 27551 72158 
1359 6
23360 50372 33086 64788 78736 13926 
412 6
2546 63051 27340 84232 69454 94719 
846 7
51448 63441 79516 76890 85913 36154 29060 
487 6
77543 28743 21742 351 38730 28160 
831 4
99439 73983 15694 71415 
492 5
39480 45217 18596 77551 6826 
431 6
59769 53208 49368 90292 21628 12970 
224 5
12905 53295 96177 48677 30414 
799 9
36472 63323 82474 21276 24205 44137 9302 12582 93760 
30 7
15835 43178 19848 70006 3149 73349 13331 
271 4
70129 6846 33583 28755 
698 6
3812 85968 57278 52706 2470 29730 
191 5
46345 28766 60486 58251 70413 
73 5
99860 96448 27516 77018 62700 
653 5
53515 45596 11510 79924 7961 
256 7
55902 60996 76288 86317 92679 58760 40056 
