278
342 1
56006 
4022 1
45678 
4604 3
41630 84734 17444 
2366 2
24529 82160 
351 1
70003 
7158 3
65782 24556 39631 
7160 2
61425 87840 
2883 1
71328 
6536 1
14576 
337 1
3915 
7405 3
59641 46688 61840 
4373 2
21688 81290 
2094 1
23734 
3767 2
92138 87137 
7619 1
30798 
6719 2
2259 19850 
3651 1
42138 
2720 1
24721 
5627 2
25692 66252 
5581 2
69472 2194 
7604 2
25495 64788 
4096 2
5450 71398 
6597 1
14372 
4710 2
71185 26718 
2901 1
14006 
6930 2
71568 52584 
1575 1
57374 
1195 2
5924 27344 
3762 2
72289 83175 
7420 2
32360 59232 
3012 1
62552 
5913 2
89537 89772 
5503 2
44147 60797 
3415 1
19579 
6815 2
87815 29006 
6583 2
5326 78620 
2126 1
97312 
5198 2
70532 49244 
637 2
61758 23174 
3435 2
14740 56700 
7569 2
28518 91626 
6808 2
98934 72940 
412 2
96510 8278 
4705 1
33942 
5128 4
8386 90254 59618 19243 
1180 2
17405 95315 
3292 2
55232 39541 
270 2
14772 89107 
724 2
99815 26834 
7506 2
19317 15233 
339 1
89211 
781 1
18076 
1422 1
7106 
4522 1
69796 
6362 1
68074 
1981 1
18139 
588 2
62041 16618 
5571 2
74744 20355 
1733 1
9254 
2401 1
12064 
4687 2
8229 64916 
5508 2
65626 80174 
5690 1
10853 
2969 1
88171 
5350 1
90509 
5518 2
74827 42295 
7596 1
23578 
5328 2
4326 46362 
5958 1
10512 
3801 2
22804 29696 
680 1
10974 
3465 2
45742 65044 
6644 1
73073 
1162 1
43728 
2528 1
42972 
2503 1
73999 
2606 2
2247 74591 
7 1
71663 
3250 3
57041 80645 27546 
5478 1
75965 
3356 1
45955 
632 1
41329 
6905 2
47566 55638 
4580 1
63719 
2617 1
59402 
3531 1
52706 
6672 2
67349 34671 
5599 2
93996 1921 
1813 1
51550 
6500 2
20928 50089 
4333 1
87313 
1469 1
97980 
640 2
78416 62364 
6431 2
11852 68847 
2632 1
31951 
2922 2
36532 23053 
197 1
14020 
1336 1
93123 
3371 1
88186 
1453 1
94898 
3873 2
90228 44824 
4672 1
57218 
1407 1
23861 
474 1
89726 
3491 1
53044 
4562 2
91531 61284 
4216 1
7826 
5815 2
29984 18601 
2099 2
85157 53703 
2832 2
64754 70905 
4890 1
93380 
5789 2
77085 88141 
3432 2
58213 49158 
319 1
20594 
3720 2
70860 9566 
5451 1
80109 
4607 1
98652 
3682 2
32593 82268 
904 1
78683 
6285 2
66363 18075 
6522 2
44060 45981 
1793 1
14370 
4200 1
42575 
48 2
95339 34557 
1490 2
32313 90090 
1128 1
29892 
5780 2
21955 47623 
1568 1
98143 
7037 2
74495 23900 
6346 2
52974 27859 
6787 2
41197 63595 
3484 1
91748 
1765 1
23984 
2125 2
66229 23460 
1389 1
38189 
3566 1
49697 
7657 2
41403 10404 
560 1
73025 
8347 2
12311 17254 
1288 2
17734 85727 
5873 2
51866 21357 
2389 1
69741 
2858 1
16905 
1069 1
67895 
3366 1
753 
372 1
84059 
7003 2
43079 88430 
5683 2
33520 50789 
3838 2
80226 21335 
5223 2
79559 17005 
2296 2
61324 36044 
2217 2
91846 25469 
5679 2
27185 6967 
1836 2
22644 53677 
4976 1
84043 
5014 1
45543 
4914 1
55859 
5555 2
18572 80572 
4676 1
35667 
787 2
6522 48064 
855 2
59791 57995 
3098 1
90878 
4152 2
85096 15707 
5157 2
6155 25389 
6685 2
53704 43655 
5193 1
7950 
5563 2
74783 12126 
860 1
4380 
1213 1
48440 
3109 3
5868 5305 82307 
2451 2
83022 41347 
3186 1
64505 
5696 1
90608 
3156 1
93903 
5922 1
47176 
4615 2
43226 14533 
4445 1
64415 
2103 1
75516 
605 1
22741 
5005 2
50325 83377 
1872 2
82105 94440 
641 1
41188 
2889 2
54566 8295 
5308 2
80975 7037 
4630 2
4581 51897 
3245 1
66912 
212 1
96212 
7676 3
85148 71870 42172 
92 1
49101 
1864 2
96152 53028 
325 2
88302 46494 
348 1
36060 
5332 2
6715 98836 
5462 2
47949 33634 
6088 2
97059 14579 
2851 1
8975 
3734 1
10097 
5870 2
21562 68563 
2032 1
12605 
7254 2
11317 66753 
6969 1
33902 
447 2
31281 49541 
332 1
68776 
5249 2
25396 47205 
857 2
69778 13295 
1293 1
28050 
1966 1
98191 
2716 1
43612 
3624 1
55064 
4275 2
77589 13163 
5027 2
8090 21236 
7217 1
14425 
5489 2
41609 45562 
600 1
80017 
6425 3
86435 18116 22787 
6529 2
47223 29753 
1006 1
29623 
2142 1
10355 
5833 2
73184 61903 
6057 2
94757 52287 
5857 1
64248 
4153 2
95243 14677 
4110 2
69470 91233 
3919 2
48626 74017 
2062 1
90405 
4388 1
61079 
1595 1
92015 
4656 1
98735 
3519 2
35393 64909 
1708 1
47752 
962 1
4420 
1564 2
42198 7350 
1739 1
28481 
7234 2
40299 28264 
278 2
59848 51076 
5416 2
36493 56854 
4243 2
96343 44402 
1644 1
19269 
5714 2
11825 29819 
6061 1
10459 
6119 1
77474 
3639 2
67523 45502 
1638 1
29934 
6570 1
8855 
702 1
86609 
113 1
46429 
1729 2
61974 28312 
7124 3
66756 7134 41092 
2420 2
61285 29713 
204 1
10968 
5458 2
93616 51467 
3155 2
36029 5044 
6006 1
67400 
1222 1
7214 
3279 1
21049 
5988 3
87627 30235 75340 
897 2
70340 55835 
7064 2
35277 97569 
2021 2
71638 17497 
88 1
52006 
1017 2
15070 81147 
1451 1
17197 
7531 2
21570 12471 
3078 1
66757 
3305 1
35887 
155 2
78004 81614 
3503 2
20636 96963 
2531 1
37762 
4928 2
5600 7763 
5546 1
1203 
2758 1
79687 
1381 1
2694 
8172 2
82509 12186 
1051 1
18893 
973 1
11382 
4637 1
26805 
901 1
1135 
3825 3
70671 1188 26073 
