168
3580 5
7705 17227 28612 80293 14748 
3643 2
82231 33888 
2189 2
62584 92618 
758 1
31636 
393 1
85985 
301 1
94475 
759 3
79567 42272 41308 
657 2
95414 52878 
538 2
92391 83235 
1510 4
93833 32927 21280 48743 
83 6
40046 20934 80209 42736 42799 60052 
2028 2
88857 7833 
2061 6
23029 74531 86734 8135 23008 79215 
690 1
82111 
2400 3
97332 37121 53604 
315 4
77577 30019 7395 23341 
699 2
52823 65660 
3159 3
33812 97975 85346 
1623 1
62534 
1069 3
20868 68901 33197 
2348 5
76463 860 87831 60514 14296 
3503 4
95383 80704 3961 90757 
926 2
20633 92832 
3131 2
29993 19463 
841 1
12703 
3437 2
89638 47996 
747 1
36906 
3659 1
35963 
2790 2
43368 54247 
3417 2
40045 2530 
1140 1
67048 
2351 4
47070 50366 20759 67488 
1584 3
16530 62826 36636 
3578 7
98539 70529 47731 31726 51987 47800 32844 
935 1
24946 
2113 1
40204 
2778 8
54347 43957 9864 99258 61198 36568 76598 55071 
714 1
96713 
2757 5
54619 21850 99140 56418 75409 
1682 4
27556 88053 88445 77377 
2123 2
32765 37601 
196 3
93133 65201 8187 
1165 3
88181 59479 54669 
2190 5
30096 48400 68609 46274 76970 
3405 1
16897 
1530 2
52045 83648 
3221 6
29767 23432 157 55312 66281 28617 
98 5
90069 98482 69117 47933 22643 
984 1
33947 
1745 2
14094 10490 
2310 2
8928 45064 
482 5
38804 5561 28962 35850 54132 
2285 3
33506 73294 77854 
2826 1
62773 
3638 5
7874 4013 78401 91331 98363 
481 1
16496 
1409 5
69172 55330 24150 69133 85490 
660 5
28305 93499 25811 21719 59693 
497 1
20113 
3097 3
67244 46383 61157 
1084 3
52151 98661 7488 
2871 6
25380 50544 25205 24550 76595 80680 
2095 2
54876 33657 
2166 5
92946 28379 16565 27015 45507 
2124 6
71491 56714 59651 78182 61834 14627 
1459 5
16397 83522 63211 3912 68648 
3095 2
68587 19168 
2226 2
82104 73362 
532 7
14099 85714 13756 22158 42522 92110 14728 
2443 2
20127 14717 
3656 2
91806 39329 
1912 2
99027 1599 
2902 2
16988 5689 
2937 2
68631 9259 
2760 1
96038 
1621 2
12591 1739 
511 3
85887 9557 91373 
338 1
17111 
1724 2
98478 68864 
3101 6
81820 74911 71313 80011 48428 58464 
1809 2
72624 95447 
1314 1
77067 
2210 1
91086 
31 1
7265 
1207 2
36839 25697 
3172 1
443 
3267 2
503 53221 
493 5
28185 92696 74287 76550 10272 
1821 5
23315 22891 86075 43138 37915 
2598 1
78683 
3066 2
96098 21103 
2402 1
21277 
1180 1
17618 
666 4
87374 26256 36920 3415 
1288 2
50788 54540 
2301 2
89458 35018 
1489 4
90662 24185 58452 64515 
2313 1
510 
2444 8
45573 82265 29344 80633 46569 86994 86164 67450 
55 1
65685 
3136 3
14005 69740 85528 
1668 6
33961 82259 40495 60022 46905 19499 
1493 2
71151 41344 
2687 1
74333 
2417 3
86716 74251 64740 
266 2
65507 63839 
197 1
88591 
3164 4
28926 56726 25009 45656 
1323 2
298 61201 
235 3
29033 35422 83331 
389 2
9159 21792 
631 4
29283 74808 68683 43089 
1744 1
87074 
1416 2
62156 20850 
2841 4
79387 12344 70038 79850 
834 1
39666 
1622 4
93255 16997 89802 85806 
1999 8
49679 56040 1296 5387 84954 73887 19759 16892 
1274 5
972 96050 90685 79222 11255 
2532 4
80605 33299 13990 81383 
3667 3
7690 92954 26717 
2115 3
94461 60901 35363 
2117 1
62327 
1798 1
70932 
1972 2
43276 82802 
2039 1
75608 
3372 1
40635 
2695 5
34461 48330 85672 79161 75081 
1159 3
83174 96989 41152 
1695 1
86904 
1520 1
35749 
679 3
59533 15360 71644 
2652 4
58715 80779 58905 77975 
645 1
13117 
1149 3
90843 87994 48781 
2204 4
21591 6090 92837 64497 
2966 1
40097 
1004 1
14681 
722 1
47892 
1283 3
52836 9105 39796 
659 2
61777 12222 
1982 2
22754 65148 
878 7
53989 69725 34844 41072 4185 37613 76736 
2133 4
82704 83046 72601 14088 
809 2
22843 25743 
3176 5
43615 67826 3642 25122 98974 
1406 3
59238 51011 74146 
3171 4
48566 24765 75941 73177 
1896 2
30329 70754 
5 1
20337 
3140 2
8518 88717 
628 1
61170 
1793 4
86609 85445 97956 3053 
2381 2
37150 45422 
1218 1
76599 
519 2
81452 60991 
2398 4
3995 80088 79000 71005 
1779 4
66585 57484 20632 42077 
1061 1
88937 
2472 2
40521 39226 
3412 2
49881 31354 
1948 4
86445 30427 82878 78307 
2553 5
69880 30246 50824 50071 22415 
1987 2
23855 85017 
2160 5
59005 95023 47111 68063 17184 
857 1
61983 
1937 2
50067 7312 
3360 2
44002 44258 
