243
1003 1
55743 
5600 1
18697 
8639 2
57481 29668 
5807 1
41979 
5365 1
43389 
6435 1
58660 
8235 2
17478 14072 
203 2
26034 32424 
2311 1
24953 
5308 1
53542 
5645 1
17873 
8973 1
49789 
5422 1
46321 
308 1
30924 
2495 1
13363 
5198 1
15228 
1189 1
24636 
5641 1
59269 
6867 1
51589 
3804 1
2382 
3941 1
31003 
3931 1
14343 
4864 1
40112 
4736 1
33054 
251 1
44367 
6509 1
1907 
10032 2
24310 42457 
1980 1
30331 
696 1
17798 
7342 2
41108 12346 
8128 1
10756 
2229 1
3791 
9158 1
28847 
5918 1
833 
2247 1
42923 
7602 1
61603 
6298 2
20761 9397 
13 1
4160 
4946 1
32473 
5677 1
12768 
5346 1
52298 
5678 1
247 
456 1
54080 
2049 1
28612 
5961 1
32510 
5795 1
49464 
6759 2
53362 9276 
6035 1
45378 
3117 1
58188 
9371 3
60000 44084 52128 
406 1
125 
4552 1
57537 
3840 2
5577 23750 
5921 1
9678 
4883 1
39103 
7124 1
28123 
2275 1
55887 
2983 2
12964 20452 
5413 1
45087 
3579 1
60287 
8267 1
56585 
5639 1
36395 
3295 1
23662 
5573 1
9050 
118 1
38101 
5242 1
61232 
1213 1
21973 
3938 1
60843 
4190 1
12579 
1282 1
6644 
7646 3
62157 29051 34468 
58 1
42695 
3734 1
5588 
6783 1
45260 
821 1
12364 
6870 1
28534 
8211 2
3734 26529 
9917 1
44574 
8645 2
20337 37560 
803 1
2997 
5412 1
22711 
8239 1
61241 
1238 1
59040 
9684 1
55353 
4687 1
3105 
3215 2
3749 9459 
5339 1
18006 
5632 1
37960 
7364 1
4550 
9313 1
2676 
1223 1
59983 
3791 1
40140 
198 2
58353 61390 
5058 1
16214 
2210 1
9605 
6406 1
20350 
2302 1
14776 
3430 1
6929 
9411 2
48032 12906 
8084 2
27629 40188 
1004 1
8786 
5674 1
13223 
8668 3
50012 45498 45827 
5406 1
50010 
5601 1
30995 
4588 2
55377 51027 
5570 1
42646 
6033 1
46158 
3369 1
20873 
1054 1
49723 
8574 3
55425 41249 27140 
3344 1
55230 
3393 1
42662 
4542 1
61935 
8191 2
45453 42070 
7498 2
27759 57349 
7650 1
40240 
1840 1
55351 
3520 1
49112 
9446 2
61665 53521 
299 1
26496 
8257 1
54472 
5491 1
52400 
1550 1
60152 
2702 1
11143 
7109 1
21150 
3682 1
25009 
3296 1
50728 
292 1
40591 
5159 1
14260 
2379 1
58448 
1090 2
1097 25304 
3916 1
49026 
3111 2
55641 6483 
6117 1
25806 
6291 1
35649 
3413 1
17973 
1878 1
7224 
5569 1
52625 
6512 2
28815 36825 
4637 1
60931 
2418 1
27605 
5800 1
9649 
3245 1
22470 
9858 2
34479 20611 
938 1
51913 
6538 1
38243 
7493 1
59512 
6053 1
53001 
4545 1
4192 
3618 1
49991 
7578 2
27537 7789 
1901 2
6105 39226 
665 1
22985 
6774 2
14919 52174 
401 1
60240 
5481 1
54313 
4476 1
23416 
7205 2
7376 35138 
5675 1
23817 
3609 1
46552 
3458 1
26159 
3310 1
17122 
2847 1
34710 
5364 2
9740 1785 
4886 1
24397 
5380 1
25714 
4554 1
31944 
9749 1
27318 
4794 1
20867 
1581 1
46297 
1714 1
17934 
4590 1
48898 
7584 2
43946 34061 
3503 1
15145 
3403 1
35111 
1484 1
32785 
3486 1
38815 
6193 1
10577 
4689 1
27548 
2123 1
56082 
1494 1
53209 
9325 1
127 
744 1
4626 
905 1
27495 
1454 1
27004 
3400 1
52472 
5566 2
43173 40730 
6090 1
24068 
9994 1
40652 
268 1
36212 
8315 1
13578 
8863 1
59226 
6150 2
21419 17005 
3626 1
32773 
4902 1
42370 
7833 1
32258 
1903 1
20828 
5105 1
38749 
6168 1
52246 
2663 1
60538 
5039 1
45416 
7422 1
33437 
4803 1
42094 
2011 1
28996 
5018 1
32016 
632 1
554 
5480 1
60729 
3420 1
34769 
5859 1
1017 
8402 2
46651 28036 
9429 2
57210 28828 
6241 1
45631 
3820 1
45371 
15 1
33712 
8302 2
39502 47102 
2221 1
1738 
5461 1
37077 
7019 1
25028 
5505 1
53552 
1972 1
15790 
3695 1
30629 
1814 1
33249 
5923 1
56476 
1019 1
22663 
50 1
25712 
7697 3
5505 22669 55438 
5215 1
23855 
5872 1
41232 
1667 1
37215 
1523 1
16698 
6036 1
9484 
5000 1
56817 
5486 1
4063 
1140 1
59017 
4825 1
18648 
9190 1
10621 
3365 1
24613 
6206 1
11275 
2236 1
17143 
9160 1
1607 
4012 1
58131 
4900 1
22480 
