380
9091 1
77685 
2941 1
89128 
790 1
95259 
2252 2
17082 46094 
954 3
26785 95511 41395 
3953 3
44514 42423 84154 
7558 2
63887 57838 
642 4
9330 70058 3252 88160 
7357 2
67942 22625 
4220 2
18938 34642 
2005 1
98015 
4182 2
15497 35901 
1896 3
29302 13227 28867 
9027 1
85073 
5643 1
17358 
3324 1
78395 
78 1
23930 
6248 1
94366 
1068 1
66288 
4256 1
24835 
4199 2
57476 88654 
5534 1
86346 
8552 1
47599 
1769 1
25553 
1989 1
98879 
3388 2
19918 28231 
4150 1
67105 
3448 4
76576 68966 82928 93943 
1549 2
15695 59853 
4923 2
72989 16288 
7283 1
54821 
4294 1
27334 
6802 1
27081 
7945 2
4131 9234 
1881 5
2142 20628 36928 70304 86785 
3776 3
21207 74056 79546 
5660 1
16247 
8318 1
81103 
787 2
97039 64963 
7550 1
93084 
5586 2
5262 30516 
2888 2
84642 86869 
8959 1
99526 
8800 1
78094 
9278 1
41614 
102 4
15528 70332 86412 24633 
159 2
35985 29803 
2605 4
91032 38733 15863 86361 
4421 1
51433 
8097 1
65104 
3925 2
98102 18404 
1268 2
84224 10537 
8900 1
55454 
4522 5
33610 13758 13984 41085 9450 
1478 1
45368 
6489 3
21465 11729 67809 
711 1
85415 
3535 3
44345 81197 10972 
5214 1
46552 
6243 2
48477 48958 
3629 2
91715 3283 
3487 1
82276 
7274 3
72245 45655 93342 
7787 3
41835 67604 27498 
4781 1
19935 
8475 1
37638 
8843 1
52321 
5989 1
8739 
185 1
78136 
135 2
7998 50663 
2321 2
5658 15879 
6931 1
17579 
8540 1
60938 
3422 1
34844 
7623 5
28183 29118 48936 28278 38632 
5238 1
99491 
9042 1
4676 
5024 1
61137 
500 1
28440 
2314 2
22208 41190 
945 3
97886 56641 52405 
329 2
46446 15162 
6147 1
50551 
4927 4
98161 95250 71509 11010 
6631 1
84350 
5537 1
54797 
8238 2
91479 95288 
3473 4
85770 68093 88787 92495 
92 1
84289 
4798 1
81551 
6582 1
66402 
9104 1
46137 
4695 2
49735 43192 
7948 1
37960 
6747 1
86397 
4129 1
95733 
6929 2
38499 30115 
1372 3
15351 76477 44572 
2135 1
38306 
8997 1
58390 
6792 2
51210 65161 
2277 1
72179 
7034 3
76727 13493 67583 
1236 4
8252 63976 18992 99391 
3056 1
13070 
7779 2
39410 67771 
5306 1
67341 
5332 1
84311 
7338 2
4882 11845 
1462 1
77178 
2145 1
94876 
8262 3
73495 64669 50080 
2133 1
47772 
1178 1
66449 
3611 1
4965 
8948 1
31486 
2687 4
75560 59155 37523 56355 
7021 1
83000 
6275 2
50360 51624 
8904 1
57391 
1523 3
3964 28026 26025 
3750 1
24994 
6809 1
61334 
9177 1
70510 
2483 2
2622 45346 
9259 2
95003 34355 
1365 2
9466 40520 
5571 2
82017 44723 
8729 1
49740 
1666 2
81041 83071 
9186 1
71462 
7712 1
36998 
7904 6
63236 2842 9109 99000 47683 30183 
8960 3
90132 48983 78753 
4430 1
20687 
8779 1
95781 
6758 1
55816 
4168 3
86978 25321 12265 
1794 2
49851 30494 
8549 3
87491 74400 53711 
3761 2
45412 65403 
1283 2
93052 13276 
9083 1
83489 
2239 1
31800 
2581 5
90304 36576 81990 65229 69624 
7997 1
57984 
8626 1
10137 
2176 1
35487 
6456 1
22168 
2305 3
83011 89052 77438 
9063 1
41547 
292 5
53740 34749 70083 92910 13531 
9040 1
10655 
6762 3
7154 75166 85395 
9208 1
77627 
4170 2
1739 27406 
3108 3
1420 42349 28937 
303 1
53963 
314 2
29744 1569 
7464 3
85025 6206 47651 
13 1
37214 
5751 2
8004 25579 
8255 4
53421 37659 48789 48699 
914 1
60337 
1866 3
95205 29902 44438 
7903 2
85695 44583 
4936 1
87464 
8222 1
67664 
401 2
98638 88925 
5726 2
79384 97817 
9218 1
29488 
327 1
18436 
2207 3
98516 43878 70032 
3091 2
27703 92604 
9022 1
41143 
3783 1
76032 
4957 1
44192 
3641 2
8236 56184 
4443 1
55405 
5583 1
84861 
7541 1
92254 
4816 1
6542 
3747 3
21469 57812 1037 
1185 3
13324 79673 71328 
6271 1
21525 
4887 2
40356 32233 
2736 1
30963 
469 2
45396 97917 
3592 4
81954 6996 68885 27585 
431 1
87341 
6333 1
61412 
4357 3
46395 69962 90486 
1779 2
86871 82320 
2014 4
74527 25241 62758 94119 
7013 2
88150 35742 
2798 4
99940 42404 87301 86316 
1192 1
45331 
9133 1
37723 
3861 1
87941 
5472 1
14383 
3080 3
15641 30885 91789 
6480 1
25106 
4602 2
7476 34765 
5197 1
76487 
6777 1
63424 
8881 1
19836 
3457 2
52844 62334 
6727 2
61716 90517 
4236 2
52067 58075 
8594 1
69265 
3586 1
60355 
2278 4
27720 48479 81944 61728 
3293 1
94266 
4271 4
22695 60609 23389 25880 
7750 1
47068 
94 6
37564 14684 79923 40604 47000 37880 
750 1
34491 
5698 5
45256 86194 26402 89987 5832 
9215 1
46435 
5129 1
70753 
9135 1
80507 
7556 4
21494 5199 73280 74488 
5006 1
51326 
4534 1
18939 
6230 1
91785 
3371 1
4595 
5987 2
54795 17570 
9178 1
22546 
7660 5
27107 83959 7779 36359 40024 
788 1
27124 
4778 1
50490 
5407 3
62021 27697 36979 
1551 1
9662 
9253 1
57479 
6725 1
17230 
9257 3
38520 22070 6350 
2818 4
25695 33890 38737 14227 
8848 1
19134 
6228 1
86373 
4835 3
54113 51309 10415 
8244 1
96670 
5264 1
87932 
2600 3
78123 89946 10120 
2041 3
50300 52268 30444 
6721 1
30796 
795 4
62019 32278 37409 10635 
5120 1
36856 
7491 1
50215 
4339 2
76832 52851 
7781 1
51523 
7441 1
19676 
1588 1
35917 
2318 7
58055 94620 82273 98304 7715 45207 41937 
2049 5
45323 46749 49538 71593 8954 
502 1
53657 
8854 1
85040 
4358 1
92872 
5161 1
16665 
7470 3
78957 5137 73576 
1728 2
21854 85881 
5413 2
73276 30497 
5142 3
70003 61146 53499 
3997 1
40374 
6005 2
43693 78420 
1849 2
62378 18578 
3628 6
35858 75461 98012 11288 47389 70942 
1125 5
97359 86124 76455 76976 4426 
8316 2
15881 96249 
6980 3
46015 5535 14354 
6510 7
98082 65053 65473 19037 53097 45899 65710 
1780 1
67730 
6107 3
68318 73332 84427 
8223 2
53778 26891 
2193 4
68444 11861 38332 82794 
935 1
54006 
9222 2
9855 21458 
6019 3
13674 55966 21846 
4948 1
88413 
5425 1
74500 
6589 4
40106 49660 36812 54034 
438 3
96245 7623 2182 
1109 1
19797 
8682 2
86123 87275 
7868 1
38408 
7051 6
14053 8780 46821 88644 65480 13350 
9075 1
95679 
6287 1
68364 
8004 3
57281 3240 25655 
5915 3
46593 72689 25072 
4270 1
86647 
2556 3
54316 26264 98729 
1994 1
32148 
5823 3
67944 10200 71395 
7700 3
8788 40694 4782 
6292 1
94181 
7785 1
31553 
187 4
91463 39895 91784 97345 
9256 1
88128 
5087 1
23731 
4895 2
56020 30838 
7397 7
60945 38303 98855 98694 43675 49664 23086 
5745 1
40847 
5796 4
41074 33925 56516 45793 
7213 3
93096 24180 55914 
6109 3
12081 99510 45123 
8619 4
20520 4013 14382 40449 
6535 3
7126 57447 54491 
5558 2
93701 20259 
7753 2
5514 67734 
2824 4
96083 73980 59845 88503 
3786 1
31995 
6363 1
12640 
5277 2
90897 17112 
4676 2
36064 42420 
7452 3
12652 20603 17220 
5919 2
73409 58637 
128 1
44540 
1730 3
56293 44303 44853 
4792 5
590 16203 48473 40132 46573 
8942 2
79411 15146 
7662 1
6260 
2986 3
53027 49873 92519 
1211 2
84594 46439 
4377 1
83517 
202 1
69402 
8498 3
65290 97975 36755 
7246 1
13119 
2319 1
97335 
7941 1
50095 
8573 1
77974 
6857 2
23066 24295 
6181 3
30806 68844 34529 
2895 5
89196 15251 48366 46095 17419 
6895 2
40954 50125 
824 1
84875 
1504 1
65845 
3497 1
74689 
3867 1
76974 
344 1
20128 
874 2
89646 85227 
8679 1
51477 
2675 2
97649 71032 
9060 1
71038 
241 1
11598 
2903 1
17680 
3414 2
32894 58679 
3889 3
34230 40499 98791 
744 2
90738 81146 
6687 1
30861 
7659 2
42335 28771 
4126 1
18528 
3687 1
76915 
9277 1
64444 
9068 2
26032 4638 
8306 1
85572 
7309 3
885 97776 73618 
4955 1
84312 
1441 4
4050 91543 40730 57921 
4765 1
84810 
8622 2
58277 7557 
8795 1
40561 
3230 1
25915 
7910 2
5581 11952 
6835 2
25530 90988 
9232 3
64472 16774 35861 
4851 1
18245 
5445 3
34167 48965 30106 
7965 1
73743 
2157 5
79982 35227 72987 76931 23378 
1850 3
52170 11193 29917 
5516 3
43018 45554 26629 
7286 1
7162 
3460 1
29708 
8353 1
79433 
4088 1
72303 
322 2
14798 84135 
570 2
73228 88358 
4996 1
94946 
3297 3
71740 36410 65147 
7923 1
52310 
