224
3177 3
38970 67043 43118 
6792 1
77435 
5043 1
35014 
5654 2
80274 63311 
5425 1
60632 
5898 2
7240 12881 
50 3
92029 96158 2134 
7448 4
44228 61117 13219 34266 
3364 2
65134 99113 
1454 1
3520 
6537 1
3477 
5079 1
46172 
1774 11
50663 40982 13473 76337 86156 91987 56899 72199 53430 88310 26122 
4667 2
49910 24322 
3741 1
64618 
1411 5
58797 14719 11981 30547 42106 
7472 1
47208 
1740 4
98844 68684 78566 18232 
5730 2
33269 24195 
4302 1
29801 
6180 3
97035 37880 40071 
3605 2
97220 16851 
3655 2
98061 7615 
1753 2
3948 47662 
2307 1
95699 
7552 1
8061 
3873 4
97568 26895 85047 51168 
1570 2
9546 1291 
3565 3
84833 62747 19027 
4271 7
76921 97673 75263 45456 13781 47669 54075 
4727 2
23684 25107 
7213 2
5152 63875 
4880 3
33353 4382 96140 
5871 5
18227 82683 79712 15013 50794 
2249 1
21343 
5100 6
33719 29417 59181 56194 65020 27943 
2369 1
56121 
4250 3
68119 70509 19382 
4056 1
86975 
154 2
21865 85138 
5166 3
76352 3865 65204 
577 1
64463 
2111 2
56270 90678 
4308 2
69663 69355 
4639 1
11239 
8624 1
83124 
7120 3
32627 79195 29955 
5192 2
91949 80779 
3212 1
11376 
1135 4
30271 15497 38075 58580 
6796 3
72403 54209 67346 
3575 5
88537 8424 72459 26911 14299 
6493 5
8127 8430 71183 30098 42109 
1621 1
17012 
964 1
77588 
531 3
11283 53739 57605 
3847 1
21273 
4144 2
68007 20492 
3878 2
34179 26858 
5241 2
20444 62190 
2716 5
1150 42503 58619 10374 74620 
6445 5
47230 73493 39050 6315 13037 
1772 1
64033 
3097 1
56651 
5050 2
44596 13260 
4305 2
77620 4436 
1506 2
79612 22964 
2774 3
86528 99218 61572 
601 4
13047 89637 26290 44117 
858 5
35216 13090 80766 6291 36040 
7248 2
96538 11312 
7017 3
95937 85543 36529 
587 4
91109 84748 94158 90583 
4749 1
61989 
6855 4
46560 58504 7726 26240 
5018 3
18016 63048 65687 
3600 3
4860 91455 47894 
4583 3
49313 6697 51866 
404 1
1826 
5067 1
87262 
2510 1
29055 
1577 1
17038 
3804 2
97691 25942 
1821 2
44986 82949 
3909 3
13421 81439 33643 
4320 2
353 7970 
4400 2
89382 71367 
2633 1
97929 
2358 3
460 13673 49949 
4733 1
60472 
8352 4
59863 24345 68599 99579 
2330 4
72877 36342 28418 72155 
389 2
11982 75105 
4298 2
76970 69465 
5750 1
76213 
6843 3
12071 70562 85822 
3831 1
5165 
3263 2
9186 61933 
5517 1
37412 
2126 3
27516 70110 38171 
6274 3
31877 78504 73930 
4197 1
52957 
2670 1
22585 
432 1
33280 
5967 3
9801 13049 56174 
2507 1
10267 
4334 2
97454 44092 
7530 2
84822 34047 
4718 5
73199 81080 78373 77399 1009 
5419 5
94702 49603 19865 74286 7332 
901 3
24916 59308 20036 
2761 3
85337 8589 81266 
1657 1
78418 
5884 1
2081 
3149 3
32877 10338 22984 
2609 1
93275 
5182 1
24187 
1133 3
69747 76535 82107 
6418 1
9994 
6708 4
23472 84374 17436 67138 
7855 4
58094 47697 8690 4106 
4242 5
96797 83765 83152 57888 54954 
935 2
76968 88593 
7113 2
77228 12405 
3784 1
42445 
8522 4
21282 30870 40439 4522 
6581 5
39754 17842 40259 52497 75899 
6502 1
91117 
725 1
1561 
4655 6
61469 64210 20981 41457 36850 87956 
1182 4
90153 4652 67806 532 
2930 1
83502 
5161 4
13525 3054 19655 95632 
4722 3
65999 36604 70372 
8530 2
52089 39898 
5849 1
44883 
3270 1
560 
4693 2
94911 81131 
337 2
87824 44713 
6228 7
71055 31119 96690 95258 99031 7048 67339 
5319 4
55170 47977 48465 99521 
7692 6
53250 98175 5998 15559 84854 67250 
4306 3
41809 15356 60711 
4293 2
44036 71155 
8412 3
2679 76926 2245 
7336 3
67251 37827 63984 
1762 3
83526 17367 38934 
3499 1
93676 
8370 1
2468 
6676 3
8266 71499 30356 
6614 4
43850 40475 31049 83734 
5567 4
44557 3837 31337 10045 
6629 3
40864 25466 53880 
5807 2
54256 15770 
6587 1
66056 
4668 1
19707 
502 3
75391 4586 41576 
8588 2
80519 45349 
5056 1
56930 
1626 2
53355 48552 
1776 2
47785 402 
282 2
64481 76100 
2182 2
52713 90500 
4564 2
97790 80589 
7108 5
60896 66225 58690 88308 37666 
8018 1
15165 
2007 1
30191 
7970 1
56719 
258 3
13680 96470 97316 
4874 2
6644 63381 
2516 3
60229 71944 283 
3853 1
520 
5120 2
85739 7494 
5545 1
68979 
4822 3
22067 51926 82880 
2096 1
90551 
2076 3
35234 78306 57775 
4193 1
63595 
4699 2
93643 45407 
2309 2
36145 26734 
1982 2
44787 30363 
5132 1
59523 
826 2
84128 92886 
1113 1
86504 
2760 2
41829 8370 
3922 2
53320 25900 
3573 2
29779 15352 
2782 2
37361 69178 
5216 2
29278 74171 
2267 1
9060 
4792 2
64861 88493 
2008 1
90324 
264 1
34391 
7779 2
82978 9752 
2618 1
40772 
3426 4
26640 24413 67034 95858 
1102 1
30641 
6718 5
45656 11095 80343 66325 88352 
6206 2
63883 65615 
978 2
4463 95229 
2539 1
51736 
760 1
26448 
4333 1
45235 
2626 1
98606 
8005 4
31025 44477 67658 87119 
4357 3
40800 74230 50327 
920 1
79244 
1635 2
28554 67377 
6377 1
44069 
1378 3
12465 42248 80860 
6949 2
38068 33268 
207 1
78882 
5126 3
77997 39911 45588 
552 2
21729 52046 
3138 1
21450 
1916 1
65713 
671 1
17181 
7689 3
84228 35281 53929 
1539 2
8312 67628 
3082 3
85037 65173 50887 
7904 2
39067 33617 
4765 4
82259 360 17469 82154 
7288 2
13434 60355 
7707 2
19735 69326 
