81
2964 9
54181 29118 85071 33600 24619 22085 96557 82797 84582 
915 11
18762 94338 90470 71296 31896 49936 74981 45400 54464 9650 9505 
3844 11
6697 17402 36007 9677 50121 69290 56009 70168 57450 82212 60969 
2379 11
37108 12705 1660 74365 38786 19648 44802 68098 85029 24811 7413 
446 9
49961 42512 95463 35827 37101 32993 531 7288 49164 
1902 13
53088 54482 14946 89162 37463 75664 60590 83421 85301 475 62192 38803 29 
1285 15
65147 57241 34998 90965 35852 76936 95779 68460 71661 3713 35702 18801 47168 90188 69018 
4256 14
65586 95153 75532 93731 36511 81044 46751 51244 63419 58647 39074 70178 50670 48661 
985 11
76030 82057 42733 32471 24846 4418 29766 35821 53023 62456 83027 
2950 15
68383 1141 87023 32998 9226 88760 72894 45687 70497 28208 27762 15466 24 17645 73711 
4634 12
74878 92260 45896 66085 24974 91254 41427 34727 64256 74911 14732 62240 
2849 15
34011 43691 32573 70184 36267 46023 81550 76397 22923 99722 39559 49589 9140 72728 3199 
4100 9
12418 93885 48611 83548 62613 7681 5105 39270 72521 
1250 10
62683 63633 28621 3896 98758 63555 72127 43679 1992 48007 
2244 9
28098 16213 54602 71494 96640 23768 25255 26800 76629 
4730 16
29358 27518 58235 50267 72304 77179 13426 12075 71098 91776 68925 29651 39687 32601 69344 78676 
5451 12
91264 8907 14012 24352 31017 64073 41326 97936 74188 91345 94845 49184 
43 14
92566 60485 39588 51299 28011 23433 29879 92816 17750 21036 34584 90862 7574 62617 
2092 12
1875 37820 80762 2879 62052 52148 20374 91690 66290 89850 67313 29535 
3228 14
87696 10371 11226 48925 85423 35341 43234 36510 50541 82999 42889 70369 43474 24486 
971 10
92351 33248 43380 58559 28587 84402 7181 6173 97816 11654 
153 10
90210 11925 16521 11929 42799 61460 76192 54853 38677 93584 
3931 11
57605 12453 82463 68630 76276 92769 44867 91037 19500 20855 14407 
388 10
66848 92635 9476 72313 98629 84616 71146 19507 4275 13440 
2245 13
37175 36556 33504 44933 76825 65986 14294 21101 52009 31946 31617 82408 59857 
3319 11
62431 61213 82114 12012 23737 37144 67571 40909 67300 77008 10578 
3506 11
34691 84847 19532 98960 88295 12709 20716 12301 40742 52045 66197 
2721 13
89543 34580 6333 30392 69807 8669 18360 51978 9457 94809 95314 45668 21040 
1 9
53379 77103 17175 18541 24893 70909 21500 77711 22381 
533 10
92235 67984 65563 40460 64164 75249 3828 37184 41543 12371 
4305 12
54292 37299 43624 98390 98407 75208 96355 80347 32001 42424 37606 40370 
935 11
41035 7530 14070 34492 2389 96989 82679 55692 93649 67303 12059 
4276 14
75342 45572 76114 3884 89826 7909 85383 21219 1102 94404 44137 95406 74045 20890 
131 9
94913 62928 10010 69934 2795 14801 82163 8465 11999 
952 10
91896 7778 73094 10986 70416 44471 23659 25649 99862 66811 
4836 10
17830 92252 90272 16651 35690 83977 78719 85729 53135 28449 
21 15
12227 95723 15874 18398 78439 14542 40465 59074 85842 3499 68111 90318 27085 68242 45582 
779 11
81179 64662 86065 19535 53768 4448 7632 58362 50073 81358 99934 
589 10
28129 27984 86385 68063 12402 22345 24064 52955 66455 13009 
2777 11
19903 84584 54041 35710 76538 43440 73516 88226 83360 76556 88262 
5248 13
90880 34033 15784 22119 44006 37063 63976 89795 68543 65402 59081 77721 20679 
1167 16
99299 23212 9710 67980 87663 40706 64244 99902 14130 18083 42649 52094 18909 31800 73874 94306 
1541 11
34898 34484 65083 98861 29301 9041 92038 45634 2309 48112 61402 
2086 13
64043 93263 40419 67439 38026 52651 99167 79953 39274 53214 37211 1594 20909 
1835 10
16327 20181 86492 56954 73932 2601 73174 85700 6967 74470 
3961 10
95424 86204 70199 4807 65204 87742 92527 94620 29165 56750 
1078 10
97328 44512 26371 79420 95163 25571 21382 31265 35786 12138 
919 9
36540 13006 69094 34485 8028 13762 79196 49578 15018 
4656 10
2965 41904 91016 12942 65388 85361 59052 24260 58563 4486 
2074 14
71816 9983 89193 10851 7546 42907 16591 58493 88677 43125 311 96276 73178 20430 
2698 11
22643 22165 35955 67174 20795 43501 5529 71938 73037 49604 54351 
898 10
82498 68546 60486 17261 96267 59897 29900 68246 68949 76851 
397 10
75586 98562 59339 28158 31419 63075 66891 7290 28401 47196 
2634 13
83788 28922 80051 71404 96097 68711 43777 7459 73989 6930 15434 65329 52163 
4092 13
95464 42573 91140 63357 22913 21173 59545 80910 67442 1470 65923 5621 44059 
1569 10
56680 63692 74909 2843 45660 50456 49984 11881 69523 83260 
3231 10
21620 533 37468 43936 18012 24267 32721 10377 80532 12695 
4186 12
22023 49572 88340 72469 7486 40737 42154 64069 52920 28061 24425 10899 
5142 11
13156 48568 55330 45614 12834 10356 27775 53766 59337 59585 21244 
6005 11
79770 58096 22418 21507 16373 18113 71892 36891 55509 87536 1905 
6226 11
20346 77853 14356 7599 86177 27472 39278 13663 19896 45820 81678 
2462 11
34027 23327 8405 5170 95025 93359 30902 38261 6583 88628 46484 
1678 12
93284 98365 40190 15208 62055 78056 4659 31816 50270 5159 29554 22743 
3183 12
71509 80439 5555 44988 78443 38912 76875 87455 59328 63622 9724 601 
5177 12
42674 63063 14953 92459 98817 23868 34662 3503 68381 16084 39497 72238 
360 9
14555 82052 8461 56118 9803 42877 50306 80299 60922 
1681 13
61068 90161 10308 73199 8234 42504 55861 33905 38910 99507 31728 71649 72503 
4713 10
27361 76203 25022 63081 9623 303 6606 25522 18102 22077 
986 13
88680 18421 2525 56870 88489 3082 26726 53951 9798 90345 74182 28550 65548 
144 9
43664 98153 75048 46639 84658 86700 36221 20322 25289 
754 9
16293 70805 23891 87130 80272 69808 29685 44743 36864 
296 10
8638 81118 32972 98417 20107 89017 69183 23342 64334 97592 
561 10
17610 5955 59011 78711 82177 28479 11060 30358 86279 76516 
2908 12
96251 66972 90449 85559 15223 7368 42287 96492 9765 6807 95759 26309 
3563 10
78106 68729 70869 61269 14277 33915 92555 79710 9500 22818 
2657 13
38880 31592 96478 61670 36191 95812 15141 86352 86856 60464 78797 53726 21307 
4251 11
61877 91120 44360 72625 23146 3564 69289 93459 40367 61252 52278 
2803 12
17079 76150 47096 83533 80246 98230 18280 65459 65235 94168 78628 11457 
1694 10
25694 71951 26238 43369 43914 46663 94440 5400 67835 40165 
3712 11
34432 54780 92811 65974 63199 43287 67486 3446 92825 95369 60001 
751 9
18335 12235 83911 66761 75565 31226 15390 13064 6074 
