287
7620 2
993 35737 
537 1
90437 
16034 2
63292 25373 
4196 2
43813 43338 
1503 1
34641 
8686 2
94310 44389 
8460 2
3752 50900 
6197 2
34586 70130 
13523 2
62053 80197 
5662 2
71228 59748 
9213 1
89635 
3430 2
53117 7607 
11872 2
62849 69997 
5585 2
93772 58427 
20081 2
51896 30711 
18935 2
6189 53591 
57 2
77936 48770 
851 1
13370 
17248 2
56929 91232 
12895 2
21668 40693 
19066 4
10734 57915 42333 13137 
256 1
70473 
18913 3
47972 49522 79007 
3218 1
42297 
393 1
87693 
5097 2
37397 10226 
3563 1
36053 
8085 1
85318 
3940 1
22077 
11258 1
11995 
17624 2
72920 49070 
682 1
44878 
17872 2
67221 179 
21202 2
61950 32438 
3188 2
9279 59010 
3384 2
26945 74492 
2261 2
35721 70244 
5113 1
84634 
5289 1
87120 
7154 1
15017 
10213 1
43752 
3073 3
46205 94656 31278 
1328 2
33691 5450 
7740 2
80404 3666 
4191 2
33882 19750 
10219 1
34550 
781 1
7975 
4630 1
59495 
4593 1
81462 
4579 1
70626 
15587 1
22154 
8748 3
91861 56360 17992 
4919 2
96427 1892 
12208 2
45329 57684 
20264 2
39267 72696 
16113 2
1784 52328 
14682 2
10051 49074 
1863 2
94168 69157 
2451 1
26751 
8076 2
54894 36302 
12044 2
78152 31852 
584 2
83904 74171 
9945 2
82318 74628 
8351 2
49086 1047 
2200 1
7422 
15 1
31354 
6839 2
17861 34831 
745 1
81248 
1085 2
73902 51485 
9695 3
45134 20035 49652 
13801 2
70523 2384 
9920 1
23620 
1163 1
8734 
965 1
5439 
7125 4
11991 88527 40150 90173 
20797 2
60087 50247 
10497 2
1413 52642 
338 1
55559 
20346 1
87230 
700 1
25022 
10581 1
74099 
9456 2
94479 26414 
4783 1
71166 
735 2
42194 42929 
9368 1
13392 
8455 3
14259 83347 39175 
13887 2
30003 64999 
16467 2
76676 74104 
4314 1
11007 
481 1
51815 
1548 1
59827 
1038 1
21498 
6694 1
64780 
9350 1
87327 
16476 2
32734 1902 
20228 2
61315 24302 
19801 3
9536 84651 45853 
9841 2
79207 88858 
10498 1
30018 
19227 3
88395 81107 43937 
1314 2
87004 42055 
15488 1
21341 
11598 1
57275 
944 1
69303 
5910 2
29224 26774 
1422 1
29402 
2146 1
67711 
475 1
86656 
8779 3
79198 88173 37015 
6713 3
39953 62716 425 
20259 1
58835 
9647 1
80470 
269 1
75784 
5590 2
11816 78657 
1102 2
68436 20903 
1147 1
64439 
2941 1
9591 
8329 1
84989 
8174 1
34952 
18270 3
68347 23617 15127 
6002 2
64356 79180 
12767 1
43869 
10266 1
11470 
12199 2
41183 88522 
7800 1
3530 
7076 2
31315 16031 
1501 1
38638 
8183 2
29471 60348 
274 2
47298 3946 
3256 2
90989 45817 
21245 3
11174 8418 13207 
4309 1
78278 
3716 1
63226 
6027 1
45822 
10034 1
58223 
2907 1
58891 
14548 2
67288 69441 
10135 2
3013 57375 
3467 2
3893 8507 
17355 2
4758 54036 
16781 2
26301 19443 
20702 1
2199 
12013 2
90374 94633 
3670 1
81811 
1446 1
5112 
17635 2
78318 29481 
5771 1
13360 
8652 2
39035 66077 
17579 2
51289 65648 
13701 2
95871 14478 
3539 2
31502 13378 
10144 2
2842 45267 
1493 2
21280 38097 
4192 2
49814 77347 
19907 2
75618 38806 
6836 2
90263 48296 
1544 2
61520 20443 
18760 2
8915 15862 
8264 2
7090 40225 
9919 2
27967 44690 
2162 1
55461 
8519 1
5133 
5644 2
86775 84497 
18772 2
42572 68988 
20179 3
5673 24687 56908 
12983 2
52112 4090 
5742 1
30742 
1169 1
83915 
8394 1
41166 
6955 2
82310 13813 
5567 3
78161 58944 86394 
1148 2
60998 38832 
4504 2
34595 34756 
13135 2
49102 46117 
385 1
20020 
6692 3
37618 33429 73580 
8758 3
23336 48539 51268 
1172 1
12162 
2301 1
95421 
11541 1
44263 
7819 3
66633 51016 29980 
5868 2
33358 14940 
9105 2
2978 123 
1638 1
31957 
500 1
60702 
5157 1
43192 
5420 1
72476 
2883 1
46003 
4929 2
26889 45090 
19884 2
88900 33733 
20200 2
66282 24185 
1472 1
31104 
18282 2
21275 71381 
6412 3
92542 27184 14263 
21796 2
68040 86526 
12301 2
5473 54969 
3888 3
41135 32064 39352 
1260 1
73610 
16092 1
70758 
5952 1
85726 
15672 2
28521 95724 
4746 2
68862 67486 
692 1
83127 
10051 2
55505 62071 
6058 1
82150 
19268 2
79690 22819 
1399 1
46387 
2964 2
14197 41572 
7295 1
56216 
20044 2
28856 39710 
5882 1
8236 
868 2
70991 70503 
8500 1
26887 
5193 1
56939 
497 1
4012 
10243 3
85047 38111 44430 
18212 3
72859 61571 50139 
14137 2
66304 22856 
10382 1
54029 
5787 2
31608 74639 
18906 2
88561 77344 
21825 3
15935 9464 40617 
19868 2
38246 20857 
6397 2
6456 58056 
19195 3
81217 59867 32975 
9 1
41080 
4135 1
55610 
4427 2
70378 53276 
5261 2
94536 68784 
9048 1
10629 
17156 3
56709 55534 39662 
8377 1
75562 
3510 2
77559 47915 
7843 1
62868 
4036 2
9371 16524 
1108 1
40484 
796 1
29343 
17092 1
37518 
5718 2
58813 6435 
9473 2
43179 5367 
1160 2
34814 5110 
15845 2
70467 16893 
425 1
64282 
5856 2
67824 55683 
1424 2
31862 1417 
8258 1
80605 
4781 1
26873 
10324 3
73898 29930 7448 
12857 2
23258 31196 
13655 2
61158 15117 
9134 2
94470 53315 
12601 2
2394 49878 
1430 1
43920 
2403 1
13530 
3341 1
73396 
10776 2
87017 71105 
10376 2
79663 40972 
6326 2
63874 30136 
8233 1
28599 
922 1
72783 
13746 2
19450 70463 
21397 3
12329 20805 588 
20423 2
55095 24891 
666 1
56623 
12276 1
76517 
559 2
48757 85338 
409 1
31169 
2193 2
83363 26584 
1410 1
37418 
4639 1
36770 
4080 2
91743 68568 
3761 2
47494 44210 
872 1
85671 
888 2
56993 91146 
17969 3
22431 38363 94345 
5995 2
46315 71763 
3584 1
59653 
3763 1
69801 
9618 1
64620 
11263 3
11578 30662 91223 
18451 1
46371 
464 1
95076 
21160 2
55917 12738 
16858 2
47185 57964 
14052 3
46999 43273 61457 
669 2
43169 2819 
5409 1
92023 
