220
3677 6
67153 29017 79128 25146 72024 26989 
4828 1
34934 
3759 2
88012 10131 
2558 3
4593 10336 17326 
2628 1
19856 
4657 3
75104 22210 50204 
3828 2
33282 7204 
1711 1
88654 
232 1
55823 
3315 1
5408 
1785 4
34407 38563 20840 46242 
3625 3
16654 31823 32406 
1260 2
54671 37935 
3498 7
46674 59421 47099 33584 78462 2224 16696 
4915 5
7715 11842 74639 44272 4864 
1558 1
19796 
4133 1
47694 
2980 2
88483 2597 
2193 2
75672 22628 
2153 1
437 
330 1
56874 
3859 1
60442 
2388 1
26577 
4375 1
36038 
1139 4
51242 10024 94523 90865 
1239 5
68645 98276 48644 5616 62156 
3346 1
59003 
2137 3
18509 53548 61453 
1899 3
77743 29717 68821 
4938 5
70572 51063 9552 76660 28971 
465 1
97418 
337 4
60457 9744 79692 19775 
5039 1
19344 
3385 5
19221 50565 34770 63222 27155 
3088 3
22818 17526 88550 
1615 2
12312 95139 
856 3
39237 51386 81915 
51 3
96095 16154 67714 
994 4
29294 14231 81869 99726 
5018 1
55937 
234 3
87703 14465 84018 
849 6
40120 67586 59490 19335 12482 19454 
4505 1
52052 
4274 1
98387 
1600 1
48755 
1584 3
4355 50085 53960 
697 1
41679 
2589 3
66941 30902 20019 
4906 2
36751 98631 
2620 1
34416 
963 1
56054 
4348 1
42663 
4030 2
66290 36725 
1104 1
40011 
3119 2
53736 24181 
4079 4
43994 39721 94971 25769 
4276 2
22673 57035 
4401 1
86340 
4495 4
76341 28037 74574 99210 
2992 5
14906 22543 61783 97616 18873 
3613 1
49882 
1353 1
79427 
2830 3
23790 29894 81879 
1568 1
57808 
1975 2
63364 77725 
3925 1
96082 
3557 5
56994 2571 52998 63851 88595 
4353 1
33997 
1189 4
23936 21186 58833 65220 
1839 3
39347 76284 71663 
668 2
60654 20885 
610 1
18496 
4132 8
76309 69056 39072 71967 63962 45959 14834 91748 
4876 1
38205 
3215 2
76537 90456 
4780 5
68932 58146 53165 22649 14078 
4295 2
18074 98493 
1903 1
77561 
3255 1
11475 
4616 1
19244 
2217 1
69392 
1410 3
47974 72807 39762 
96 1
87477 
5001 2
33451 68623 
5003 5
90068 27083 15418 60382 32831 
500 1
43618 
2679 3
19376 23835 47119 
4919 1
43948 
4762 3
29334 18796 45779 
4782 2
53606 40446 
4989 5
80317 67915 31677 54650 75633 
568 5
51620 66211 59495 17232 83827 
3684 1
83007 
819 2
67512 43232 
4769 4
28511 97652 66832 4914 
1032 5
25283 42261 27073 72868 76366 
2667 1
82168 
1783 1
76337 
1 1
90243 
2763 1
76385 
4692 2
8461 68281 
2690 1
18940 
1378 2
53906 52434 
348 1
797 
1892 1
20808 
3381 2
63369 67847 
2859 1
3394 
268 2
21753 40917 
1920 1
80444 
4894 1
25921 
3070 1
1717 
4524 1
32201 
877 3
45909 32931 13757 
2593 3
27297 57524 14865 
2815 1
10468 
4115 2
76032 19971 
952 2
79333 61201 
2174 1
76008 
3651 2
63958 78619 
2368 2
74479 65574 
4292 4
61320 58171 79308 95283 
4028 1
29651 
4136 1
97673 
1900 1
37423 
854 1
96017 
1076 2
3874 94857 
4284 4
57416 32822 77641 27462 
4825 1
48595 
3565 3
87501 34011 11893 
4608 4
28523 61914 34530 68968 
2094 2
24549 34359 
2178 3
8086 6266 6665 
2804 1
93285 
1954 3
62744 26402 25906 
1307 1
28789 
2720 1
47317 
4749 3
77289 66767 91284 
1063 1
86315 
2782 1
88347 
1262 4
19604 43500 89716 53285 
4102 1
3015 
3499 1
69873 
4959 1
73451 
4424 3
7453 39348 85599 
4866 1
45668 
3030 2
96883 16990 
4841 4
98384 56068 87088 34970 
312 3
35137 41153 87972 
3533 2
18886 54416 
1326 3
26281 4313 29156 
4414 4
11040 27707 29895 61403 
4648 1
20333 
5017 1
9190 
3760 1
68975 
1531 2
22271 14534 
2730 3
66990 70622 67449 
4837 3
70304 12674 535 
4551 1
57746 
493 1
93190 
4968 1
77214 
4305 2
77526 61648 
3416 1
34282 
2841 2
97024 40425 
1308 4
31417 46828 94296 77053 
4164 1
85479 
3921 1
8933 
4062 2
56035 60991 
3689 1
57623 
707 3
28431 12480 5638 
1569 2
23990 46553 
3352 3
27900 97062 72659 
358 4
7751 87119 52319 88778 
1658 4
89742 48075 6712 97830 
4883 1
98160 
4309 2
81389 79524 
281 3
70044 29561 68959 
3573 1
56181 
1735 1
81087 
1099 4
27610 31879 46497 69207 
3596 1
22462 
3041 1
43335 
4506 6
46628 11198 64441 993 78251 79382 
3227 2
95530 80680 
1404 1
9755 
4402 5
42372 58808 38893 26524 56579 
3913 1
13960 
2037 1
52268 
4619 3
98936 3097 3835 
2297 2
39579 53766 
4249 2
52965 80604 
756 1
25116 
1747 2
56902 35314 
4291 1
53220 
3285 2
99740 65127 
3028 2
48398 40712 
2180 4
82894 59465 14224 75656 
4230 1
23171 
4425 2
45712 13999 
2646 1
98831 
3640 1
82933 
4745 6
56193 24482 99991 75184 86238 72 
1700 2
80929 39187 
4721 4
54445 45518 57782 60759 
1320 1
95275 
2291 1
84226 
4364 1
43745 
4601 1
74428 
4137 1
28087 
2768 5
66274 32069 56587 32540 11887 
2716 3
9403 59745 81905 
2759 1
91086 
252 1
74742 
4912 1
8625 
104 1
72650 
5027 1
31288 
1286 3
56771 56379 57896 
2351 1
49223 
2790 1
4041 
4380 3
95148 89695 90989 
26 2
25699 6534 
