109
3798 3
56631 34021 38385 
5690 3
15812 19641 63368 
418 3
35746 29633 23537 
9964 3
71373 74054 72034 
5735 3
4365 42222 67135 
540 2
33551 67692 
6316 3
22667 60221 73555 
3451 2
68354 60573 
3428 3
11498 16500 4294 
1257 4
57583 47954 5364 15629 
8474 5
57246 34598 18928 66676 63462 
6353 4
37442 60509 1861 46901 
6602 3
29063 49904 38724 
1920 3
23458 71461 60805 
2894 3
33213 18752 74208 
3985 3
15179 46860 10247 
5051 4
38324 40481 31345 5501 
345 1
61243 
4685 2
26117 51042 
4405 3
1872 66446 43353 
2799 2
46755 73347 
913 2
66928 47458 
5533 3
1604 40033 28197 
7905 5
43802 28338 30781 8913 24876 
2803 2
632 61675 
2862 3
64653 64626 65758 
4906 2
71762 42401 
2439 3
39431 21215 1878 
841 3
14674 26768 45543 
4032 3
62046 9200 28139 
2998 3
59416 68647 39430 
4907 3
69097 18960 26743 
6021 3
47178 37032 38354 
6594 3
52494 11094 33117 
2866 4
53192 4909 32699 58310 
3338 3
23451 55510 41404 
6449 3
23667 13951 34962 
6022 3
4373 49370 20323 
2989 2
18367 14692 
6937 4
21663 40250 31437 16184 
2878 3
68698 22157 2993 
104 2
64608 66709 
3407 4
41509 9705 20023 70874 
6003 3
4643 72824 60058 
6268 2
6611 8272 
3504 2
73758 35830 
8379 3
42190 17311 63145 
1308 2
28187 33907 
5063 2
44503 50650 
7300 5
19936 41711 61820 61877 24192 
6000 3
21447 68364 58318 
1024 3
69501 33809 29912 
2612 2
22153 41348 
1378 2
37747 69715 
4959 4
54280 61836 62166 26427 
52 2
39902 61250 
68 3
58492 35255 11447 
9241 4
57219 19019 46278 19363 
6576 4
35328 32212 43938 28615 
1781 3
20988 21356 72458 
147 4
39320 4465 65126 20486 
4109 3
73306 68408 55484 
231 2
2523 29041 
3680 3
16073 31111 40500 
6020 3
57247 12388 60144 
7902 3
2533 10216 51573 
9522 6
5745 21019 61860 40291 25396 36511 
10443 5
33263 16392 5872 24443 23887 
6312 2
31921 51244 
5616 3
38728 50418 29632 
3422 2
54599 17077 
3534 2
57203 71202 
1142 1
22627 
5560 3
28173 44117 22537 
1993 3
5903 32897 58784 
3399 3
14662 13243 50231 
176 3
67006 11968 50362 
3807 3
7475 46795 66252 
6104 3
52921 56297 25526 
8760 3
17448 32746 273 
7732 3
4103 32986 18300 
6741 3
55124 55025 53967 
9312 3
19553 71627 28614 
4969 2
62604 20682 
453 2
70405 7832 
776 2
38007 51070 
2418 2
47096 743 
3948 3
46383 27154 70040 
7911 4
62403 75049 42221 37506 
4700 4
36015 51727 67894 39675 
21 2
42836 40338 
3194 3
59643 36673 57999 
8154 4
53507 53654 9288 14671 
5782 4
39003 6415 63331 65440 
5914 3
28493 16287 39203 
6773 2
58122 57909 
4432 3
15366 55562 72512 
6566 3
3195 70000 68962 
3126 2
69164 28336 
6056 4
50994 25867 34650 55936 
2913 2
23581 16411 
1744 2
72076 38071 
1285 2
60813 35959 
3845 3
592 35600 52947 
5601 3
49780 3997 13545 
8101 5
33811 62117 13184 33991 3873 
81 2
11407 35735 
2010 2
56376 56452 
3653 3
70115 8479 54574 
