94
2695 1
33964 
527 2
71265 81870 
3592 1
83549 
1400 2
44725 75086 
6856 1
67965 
8393 3
29054 30443 32018 
4446 1
75675 
6867 2
60030 6809 
6729 1
24898 
640 1
11841 
7014 2
78665 26147 
2445 1
32708 
1466 3
37653 33467 4257 
3334 1
28217 
1584 1
17796 
7248 1
84401 
3164 1
1792 
7062 2
30517 25593 
2308 1
55771 
4071 1
3566 
1788 1
39879 
1981 1
6053 
7731 2
15217 12073 
7198 1
83624 
6059 1
81951 
6602 1
74928 
651 1
5318 
2726 3
9572 82113 28793 
7692 1
26602 
7701 2
33335 8248 
3534 1
30061 
3682 2
66325 35130 
3171 1
17637 
3916 1
84005 
4938 1
86701 
6500 1
80543 
5590 1
80986 
582 1
54669 
499 1
59684 
3293 2
32311 34310 
1946 2
25875 25117 
7208 1
67980 
6418 2
83871 27261 
6590 1
19919 
6492 3
28042 11596 25187 
5417 2
20698 75597 
810 1
21606 
6464 2
46640 34726 
5037 1
48572 
5680 1
5867 
1145 3
17316 41056 18446 
2212 1
12729 
4293 1
40920 
2046 1
65173 
2355 1
63834 
6457 1
73787 
6196 2
42153 11056 
5944 1
65313 
2156 1
6847 
5522 1
53952 
1251 1
46492 
1518 1
54792 
5535 2
51383 17617 
3806 1
76759 
3435 1
56616 
7012 2
50954 62536 
5650 1
2046 
3063 1
43943 
6070 1
12635 
5652 1
12988 
5655 1
69091 
5212 1
6956 
5999 2
47486 30326 
3310 2
57306 29625 
6383 1
29168 
3600 1
56300 
4711 1
21688 
4991 1
82272 
7776 1
16366 
7613 1
63904 
2964 1
11545 
5555 1
68230 
1768 1
58101 
3907 1
48680 
150 1
59855 
7107 2
80599 86972 
3530 2
48480 76103 
6043 1
18377 
4677 1
58772 
4914 1
13197 
7790 2
16252 46184 
4084 1
20489 
3953 3
30342 5887 30485 
6885 2
59758 28699 
