226
11704 2
59741 96081 
7522 2
92789 31026 
7548 2
77676 61826 
6273 1
46094 
3548 1
53720 
5391 3
47172 15535 86652 
4611 1
89432 
282 1
54754 
116 2
65458 61571 
2791 1
93174 
5483 1
2523 
6104 1
11041 
8573 2
37276 66128 
8161 1
88576 
333 2
27513 13268 
6313 1
86967 
6634 1
6888 
102 1
61290 
7286 1
38862 
5428 2
52469 83180 
1393 1
32894 
2306 1
83292 
8224 2
60208 55742 
2713 1
76024 
4485 2
2316 2623 
3595 1
10424 
1314 1
75766 
1055 1
28425 
4106 1
84224 
1168 1
67389 
9377 2
28827 89754 
2492 2
75231 28481 
3596 1
65554 
2325 1
92635 
2957 1
49857 
1681 2
34076 65679 
10257 1
69499 
6617 2
59729 20007 
10280 1
4596 
8326 2
49744 47123 
7451 1
74466 
11470 3
12016 19925 59437 
8136 2
40671 73632 
458 1
53699 
465 2
73699 66470 
7091 1
85855 
2973 1
17123 
9916 2
72056 78986 
8460 2
84716 29633 
863 1
15056 
8003 1
97064 
2383 2
88674 3597 
1683 1
84284 
3749 1
52181 
5199 2
54354 53646 
2015 2
14973 52854 
1061 1
68153 
2818 1
25262 
7919 1
46591 
3175 1
27173 
11360 1
28258 
9591 2
78980 85185 
892 1
66143 
753 1
62460 
11196 2
97124 99592 
203 1
80431 
5119 1
15123 
4620 2
8734 63591 
1876 1
35660 
10726 1
77735 
1153 1
63445 
6977 2
50153 78788 
1482 1
26593 
5027 1
40220 
8225 1
12900 
6311 1
5750 
9013 1
53429 
7687 1
7193 
5752 1
53765 
7649 2
32976 48466 
10294 1
28108 
7948 1
12707 
5816 1
85234 
1369 1
70301 
584 1
95567 
2484 1
38306 
7340 1
24192 
4704 1
8919 
10289 1
13918 
87 1
57554 
452 1
76842 
11488 2
73146 15892 
10689 2
1273 2404 
5326 2
72875 34479 
7457 1
15491 
2835 1
1621 
2876 1
45327 
2254 1
34661 
5313 1
55587 
5562 1
65280 
224 2
83310 34537 
813 1
38841 
9763 1
57730 
5293 2
11191 99040 
8137 1
11141 
293 1
42791 
4477 1
78523 
7420 2
25212 69554 
2473 2
64165 87535 
5508 1
77618 
2891 1
58583 
4070 1
67315 
6575 1
71044 
5650 1
94614 
4028 2
42908 81244 
10203 2
57667 66810 
2864 1
41754 
1509 1
34140 
8681 1
12476 
1220 1
25700 
9805 1
95375 
263 1
69981 
6088 2
99856 13404 
2933 1
71570 
6358 1
92986 
3917 1
50793 
7097 1
7155 
1984 2
56807 81344 
11518 1
40386 
8663 2
37395 80332 
7932 1
73411 
4172 1
78979 
11722 1
74715 
4965 1
42294 
3737 1
56676 
4140 1
98923 
764 1
52136 
5062 1
87973 
10056 2
87372 4101 
4478 1
39273 
2417 1
10318 
10581 2
84000 92008 
9726 2
2434 98002 
7866 2
38440 67096 
1953 1
76815 
1674 1
48411 
3470 1
24319 
4078 1
35262 
5616 1
11802 
1123 1
71284 
6569 2
83712 50262 
1837 1
40140 
5999 1
22599 
9647 1
44707 
5186 1
3996 
2291 1
19561 
4586 1
49299 
5551 3
67108 81179 83612 
8441 1
76720 
3064 1
73532 
10423 2
65356 8380 
7601 2
60753 64529 
2462 1
27640 
7931 2
99688 13341 
10342 1
81692 
1956 1
59578 
386 1
66292 
8319 3
32439 30672 18190 
6805 3
92273 94127 13422 
10470 1
67637 
7706 2
3824 62060 
619 1
99375 
10262 1
65455 
2365 1
5946 
7698 2
34608 13439 
9314 1
70976 
4700 2
93598 70884 
7430 1
30738 
4802 2
78052 42648 
6131 1
24847 
6512 2
21993 12167 
11034 2
2711 93069 
6771 2
54921 9471 
2427 2
20456 93978 
163 1
37438 
9700 3
88173 70828 13680 
11773 2
43973 7360 
9636 1
2013 
11628 2
80335 10808 
1775 1
27415 
8584 2
31190 90738 
2767 1
24381 
4706 2
56218 25363 
5648 1
45832 
1567 1
9785 
2890 1
85424 
11431 1
41114 
787 1
90123 
7212 1
99330 
4340 1
50452 
11204 2
63875 21559 
8101 1
57191 
5279 1
62108 
5909 1
21081 
1101 1
42525 
3366 1
48992 
2199 1
79257 
6625 1
17817 
3503 2
46257 77706 
7494 1
42751 
11680 3
57390 72884 27638 
2407 1
75462 
1273 1
88715 
1861 2
57412 43570 
1259 1
7083 
7462 1
67885 
11300 2
94264 8451 
10051 1
54376 
7307 2
28667 28926 
8749 3
2879 39884 7547 
10519 2
44153 9464 
483 1
40312 
2436 1
37364 
2242 1
57863 
10950 1
71512 
5624 1
4371 
