56
2835 13
59306 29168 28037 94143 96387 13344 70057 38723 83748 32236 75871 27220 1648 
1527 12
3783 11322 92963 79250 67129 97229 35767 88332 79495 26792 59775 28330 
40 12
49449 68906 71353 50885 34077 13924 44452 13391 57605 84734 77646 87862 
111 13
30437 76385 92357 73776 29636 42754 7694 40786 98261 87719 92113 74714 35185 
1195 13
41775 29975 13627 57503 64611 98284 27240 27904 42871 39811 39078 55126 5424 
1542 12
35024 1794 16930 77144 13193 82264 76802 86197 70023 74194 4176 59710 
1848 13
11755 74404 75779 95022 38878 20673 21938 67092 77803 68713 80961 43169 59351 
1374 11
41844 72771 95752 5297 57219 22740 8729 9458 11870 23510 33838 
2662 18
56240 28505 13305 19539 58552 2484 8752 73753 14940 55173 19183 80303 9468 16749 65598 484 46384 69943 
56 11
98786 92060 99390 53314 45553 96526 20272 78221 63381 97094 37063 
2905 16
29971 8976 1842 72572 1503 39841 71921 57323 96122 1700 4258 98485 76516 83963 97121 90629 
1565 11
1290 13834 79077 3429 46170 83669 6950 34212 87872 48685 34404 
1234 12
76338 56008 7956 97973 99352 37666 23973 12820 31666 54411 53045 92238 
1060 13
8188 41356 8154 32903 12968 46866 50793 75188 89039 26868 33113 67333 77200 
685 11
18342 5551 57727 16659 20128 27145 40664 62322 55394 79169 37157 
1957 11
58399 11107 97382 50327 38751 86671 51075 70284 95711 52167 96194 
417 12
15708 66675 44577 94456 34354 8122 19491 3437 80135 64361 48493 92559 
1415 17
81615 47740 85371 34041 33432 25010 68199 83513 94618 82434 684 67627 10866 35704 37964 52801 94985 
2807 14
64079 85163 33015 5981 9151 62292 83926 48286 22947 60458 74536 91789 26300 61817 
2568 13
39106 76091 41387 40909 82498 21642 15585 57338 39126 64783 81025 92115 14588 
2800 11
70557 52522 42308 61414 71703 89413 46265 50556 29046 7184 97992 
185 11
54468 5520 33876 39191 39965 20135 60152 18635 89470 2449 45977 
342 11
50433 17248 6885 61977 28828 96453 6259 73888 81112 61531 50167 
1721 11
97945 46077 57476 52898 48838 12120 52254 2886 48021 20347 49159 
2231 17
66199 31319 83439 41756 66980 88358 83342 10737 72895 94626 69924 8116 24945 56828 71351 15174 83004 
1462 12
7960 41461 76852 49139 78631 25574 68846 65242 16546 71155 60803 21109 
1206 14
44528 64752 76667 96252 17803 47166 29884 76639 18091 67662 32167 70546 81040 37284 
570 15
74916 23302 85127 51626 63707 46813 3392 80795 35992 31121 82437 23087 97405 22513 43990 
2362 12
51967 58268 11254 46700 18603 15338 24112 78617 21888 47560 20560 25928 
2447 15
69037 2547 33468 713 55644 38162 71060 35042 91331 4391 5221 30419 61552 1989 66484 
1186 12
83953 68456 71030 66377 8445 19835 50245 48565 89540 71446 37561 9722 
852 13
67362 42847 79661 8072 6912 83399 64181 76720 64555 74380 22759 23915 24830 
494 14
52202 25324 7923 59293 12978 93337 95006 40757 99346 89678 71053 73698 76862 90024 
1762 11
91421 69825 12354 71409 61888 30770 37381 63994 75491 28191 4960 
2565 14
73680 77670 3871 20255 3618 1233 97180 61691 47846 80947 81241 20801 51067 39111 
2281 15
30351 2878 84979 18762 64129 2109 80660 83407 19122 32452 16605 52895 10020 143 64635 
2651 20
64501 35285 35224 19826 75358 62675 2069 29638 21621 54726 87694 32527 94429 9294 39634 22220 86638 40009 40829 18730 
1084 10
98360 22402 61787 11096 23580 25794 26627 71189 90206 43382 
2012 12
99338 8883 37722 67231 88248 11273 27895 25874 16491 99650 29606 73758 
529 14
66512 15943 11802 40543 89288 42155 32218 64100 77643 35210 60641 46389 41101 95898 
909 12
19504 49684 53145 65735 94643 6012 67490 87092 17434 52787 13904 22063 
877 15
43099 75225 34125 45840 7241 66016 41994 10284 83749 77486 58097 29574 43391 32335 68672 
300 13
92943 2372 63408 35628 3573 5931 94291 99745 52688 86534 56236 22520 64362 
829 11
91989 47317 5326 3885 41035 16365 27430 79701 98107 67593 86751 
1756 11
74680 82564 15269 75590 68357 87067 85080 31495 76390 1876 30116 
120 11
98784 55910 52818 5122 93587 69297 65724 27194 18791 86485 60805 
404 11
6985 98462 88210 17640 87343 79804 87979 80989 39255 57575 49558 
1607 11
2315 81948 27710 89280 69319 3282 21734 18067 13910 13112 87751 
1997 20
73677 41773 60808 68190 80278 64981 92576 483 17167 2909 56962 15580 7173 130 6800 72151 55192 50607 11427 84121 
2291 16
35471 86890 64231 39069 62476 98585 69547 31124 71485 80041 4220 49900 52816 7316 75564 28656 
475 14
8973 596 20568 75906 99883 76139 64367 92017 15892 52856 68958 20980 5464 76043 
1241 12
28575 70149 31746 31685 59282 86723 84682 34187 34173 14116 36801 49232 
503 15
79132 42273 14735 73656 13400 62568 63180 25810 8475 33135 85920 3493 69503 92973 63102 
1317 11
82830 81855 75950 18622 15240 68729 26730 36460 3684 18541 18093 
2200 11
33813 82042 47746 29294 50410 75277 44993 93257 94377 37798 90210 
2193 13
46774 55433 21197 22349 1896 43344 36560 40212 8027 96342 79908 76981 57322 
