97
403 7
64409 65919 23836 86362 22096 22091 69574 
9971 6
68647 24952 60852 62616 88231 20076 
1920 7
3393 79024 95178 26596 32876 27556 58470 
6819 6
94524 1238 44910 40066 15949 9257 
997 7
11395 2645 15484 50201 7543 15017 14148 
6369 5
32914 79950 92517 28157 82426 
425 5
69548 86155 79830 4417 21045 
1086 7
94667 93584 43632 10704 11975 92775 40862 
7200 8
62536 70104 47499 32827 61009 72224 60823 4176 
5389 6
49081 93470 95540 11072 86518 63709 
10359 6
74215 52233 81670 98029 40677 16155 
10960 7
81196 66067 17502 67184 38819 31335 60763 
7897 7
86839 95502 36138 19746 5925 11654 28642 
8059 6
91441 98084 42290 58811 32828 53663 
8001 6
24570 65596 15818 76685 17414 29068 
7865 6
15628 50569 60918 78989 28924 70855 
8771 6
66201 18367 73611 56700 7051 78212 
9179 6
23032 79057 44547 30192 15499 11618 
100 7
77035 89196 11955 24795 85053 16470 28381 
6301 6
90141 80776 28904 55489 23904 90935 
5162 5
27259 69540 64168 34251 62341 
2953 7
29400 34372 16903 36068 16235 16755 72650 
4447 5
18882 12878 55049 72683 33163 
6589 6
4180 52490 60016 43140 85288 53743 
9802 8
85714 69416 63043 2623 38058 44176 48732 20863 
6021 7
1427 44165 28588 91112 65627 56957 79040 
7442 6
11637 65087 35212 39164 89556 59189 
94 7
61949 4077 75697 34025 95764 43335 87359 
445 6
55649 34324 41391 39314 9029 69831 
8524 6
40347 21410 29021 47185 3513 64729 
368 5
80650 49537 76948 32273 19429 
10775 7
38803 23940 62835 88773 6636 26307 68275 
1125 7
51659 82813 86710 78830 4942 95238 61289 
1003 6
97976 95869 9445 59725 37388 29890 
2297 9
92309 90871 6564 98617 48192 61278 59003 42756 73372 
8185 9
32931 81053 80136 2537 78832 41692 98195 98050 19630 
7359 7
87230 38345 16969 77215 22833 64429 72945 
7087 8
66035 23354 71026 42317 48593 3643 72694 77246 
6065 7
13640 35553 67981 57102 67182 72235 13162 
6814 6
65102 2087 21137 7630 28899 99385 
11235 7
36113 17222 46282 11104 1217 90096 98862 
1426 7
4638 16753 64124 95005 261 8429 90498 
283 7
55706 82680 7352 54843 45025 11139 79079 
5109 7
20711 83103 52480 50226 69836 97031 86718 
3437 6
71727 84168 21782 1874 53532 39208 
554 8
4611 69158 52727 7265 2172 56135 76335 88149 
1364 6
83450 69735 6381 12563 7328 77755 
54 6
61283 28258 55886 86356 6514 33088 
6081 6
54812 11 30487 31164 85685 19786 
7322 7
43496 32867 12318 22099 72545 7741 31982 
6182 7
25029 40571 90870 28971 29881 74645 86937 
8738 7
99905 84955 40501 49804 22732 64206 97310 
10274 7
84580 25552 67084 56391 73986 71803 99335 
5148 8
60970 62525 58281 47625 3601 2866 50877 44263 
7987 6
92386 52925 59784 61690 81383 98897 
8843 7
96599 18935 65340 51506 78124 32466 45579 
9658 5
3472 73403 52860 13614 7446 
8927 6
31986 21562 9758 39212 66376 75621 
823 5
41945 19712 47656 75907 20740 
2327 8
81745 24877 9812 42868 22006 28622 82087 89759 
1289 7
31728 56447 14200 73118 4002 78979 89297 
1493 7
35195 53448 13932 51721 64706 15549 45378 
8519 7
6147 31419 40322 48962 8267 18427 29603 
5349 7
60475 41042 81165 1275 82297 42019 96569 
6171 6
88660 49174 63628 25851 65961 33695 
9437 6
44990 78621 83819 50636 66980 58946 
29 5
10816 38573 49242 30835 7534 
4508 7
56292 25883 63419 80044 86868 13218 42525 
5342 6
7028 20072 47340 65122 62080 11288 
186 5
3422 1423 10758 82623 53547 
3402 6
64380 25367 61718 30482 16114 54805 
237 6
24982 5917 41653 36582 70279 23570 
288 6
40972 34086 88196 46703 44160 40924 
814 6
70816 20462 51724 56659 98830 92991 
3746 6
78146 97731 54523 55648 73555 62039 
9721 8
46607 36287 70232 83556 72288 55585 74088 16968 
2140 6
1276 7687 61801 4214 61392 37657 
9391 8
18757 67604 7277 71671 21822 85836 45457 73732 
7170 7
40835 50983 13781 5077 63595 93697 1049 
9604 8
97564 46549 65394 77757 97800 58213 25824 95801 
6583 6
35323 98435 31237 30187 36626 57839 
8072 6
58482 83705 18196 78971 7368 87711 
1291 5
38209 42632 15193 81861 28040 
1049 5
53122 97544 54762 8934 26308 
4092 7
17495 34825 81603 52657 61487 75841 60234 
4276 5
7118 10446 23736 49592 61793 
386 6
59798 34599 61650 36199 6562 57092 
9308 6
83281 21195 94472 50043 28491 8136 
5535 6
3355 43333 25954 55268 67911 46691 
2101 5
60510 41406 38539 51661 3264 
7027 8
19570 22115 5717 47438 26526 80263 58730 71336 
3062 7
10486 14622 27855 77206 63973 85156 77973 
5841 5
96550 60030 85508 1898 11241 
9277 7
83905 44235 95808 12679 88924 30176 61396 
5972 5
17017 5357 65661 44874 40636 
11294 8
43432 7324 63857 3604 5680 58218 28122 13235 
1783 7
99081 86085 7182 56188 88201 75691 48000 
