234
7316 1
93439 
6769 4
73362 81049 68142 25520 
4113 4
40831 40398 6948 63956 
6510 3
10801 55423 92736 
3480 2
79652 19174 
4346 2
67753 19030 
6003 3
37759 72142 98714 
3387 2
75653 50937 
4621 1
39669 
2657 1
12914 
8308 1
15344 
7673 1
98318 
6408 1
11773 
734 1
31702 
820 1
42739 
7425 3
20909 90188 59557 
7561 2
25614 32429 
1100 2
23556 2703 
7943 2
48023 76410 
7490 4
34857 76370 28414 93114 
3580 1
8839 
853 7
2784 80189 78221 63071 92082 49615 2541 
5639 2
2353 49716 
2884 1
65117 
3049 6
95644 16114 95234 39267 75221 82588 
6810 4
33359 70256 38818 35930 
1744 4
72014 34028 79940 93468 
6977 4
46226 38726 87352 93005 
4412 1
19467 
1037 1
56630 
7583 1
60408 
8025 6
51081 56485 63547 52751 27335 3232 
2168 1
1817 
4048 4
90234 61048 54590 49273 
3674 2
59193 41658 
5436 8
33893 27274 23856 62726 199 14966 39020 71759 
4584 1
16209 
4913 7
9754 33924 86410 46992 68420 94841 6342 
7529 3
4055 78122 57595 
5963 1
44843 
2094 2
73922 80024 
2825 6
4351 20767 51289 14832 74640 14720 
6895 5
81561 40785 27221 16011 52222 
3335 1
51948 
7189 2
13019 56404 
2533 1
37737 
4164 3
44020 82741 60199 
1344 1
31361 
3760 1
82262 
6324 3
83736 43568 53659 
6258 1
77790 
2731 2
41958 35932 
3339 2
38936 96923 
3740 1
52649 
1113 1
74627 
2331 1
3868 
614 2
55201 76745 
3908 2
82128 38746 
5445 2
5942 13464 
3443 1
4972 
4754 4
40206 18560 45653 19864 
5470 3
70216 98371 98597 
6082 1
49360 
2468 2
37782 53205 
1134 1
12828 
204 1
31941 
5598 3
79844 22119 98674 
4224 1
4004 
5561 3
56760 97527 93608 
2123 1
7774 
3286 2
97760 77626 
1123 1
16695 
1283 3
57870 15843 33882 
4180 1
38511 
841 2
22613 80632 
672 3
74690 45870 29507 
3978 1
43820 
1983 2
66554 53343 
1867 1
16432 
7557 1
64280 
5710 5
86356 2173 52647 39122 49940 
6741 1
60762 
7420 3
14878 7139 64900 
3741 1
51483 
2114 2
95930 13414 
5449 2
16455 85532 
2093 3
9213 50989 78690 
637 2
87452 9928 
3526 2
82256 16159 
7633 4
55129 56675 90269 63364 
6229 6
87196 72678 67251 2111 23392 63575 
259 2
19276 60796 
2626 5
61918 47905 27995 82275 26993 
6133 1
59853 
7488 3
69140 92525 53879 
4541 2
82386 96817 
1565 4
74730 96367 95209 93380 
1915 3
69686 48402 14627 
3344 3
26293 571 53367 
2314 4
15634 40140 93156 13614 
4483 5
46768 31877 31621 54077 75936 
2741 1
82396 
2822 2
66087 85474 
4337 3
75077 85074 73612 
4503 1
21355 
5979 5
69334 20057 4884 80566 54976 
4207 2
2811 68105 
7402 2
35780 28482 
34 4
27580 65813 40742 99536 
1661 2
51410 80018 
3220 1
7945 
4667 1
76615 
7094 3
39241 1615 45555 
6875 2
49278 81614 
3135 1
69535 
3868 3
42805 89336 43143 
2207 2
65505 60251 
6555 3
81974 82173 69219 
865 1
83171 
7174 2
44288 55974 
6156 2
36043 369 
3833 1
16499 
665 2
86274 14623 
7423 2
57960 73709 
4159 1
6761 
2902 4
58765 48297 90079 27824 
2642 2
25335 74433 
5283 1
2332 
2930 1
21365 
6194 2
78217 65707 
6589 12
30424 44618 48691 104 33946 12695 29155 57925 77686 15526 41792 34646 
3497 2
24299 67133 
5567 1
42610 
377 1
27413 
8038 2
78008 75226 
3703 2
49098 75545 
3815 2
16610 2980 
884 1
12096 
3963 1
51231 
4803 5
95911 70568 68999 51565 77374 
3517 2
81461 69097 
6746 3
64930 52616 75052 
2035 1
55735 
3972 1
59239 
8003 1
71449 
6507 1
83396 
3646 3
56998 10461 53472 
6661 1
8266 
5304 6
38205 13235 44983 70628 73516 15251 
4376 1
88570 
2514 2
9485 5881 
4028 2
61313 85337 
2988 2
64708 78822 
7946 2
2748 63688 
6291 2
69230 17328 
3521 2
9445 82146 
4030 2
87273 32393 
2166 1
21172 
3763 1
48060 
3856 3
28081 8166 67474 
7698 2
20705 57735 
3366 3
54368 24654 62526 
7033 1
61557 
1322 1
37264 
5095 1
88537 
4675 3
12327 92423 62600 
3303 1
33021 
896 1
7362 
2923 1
69671 
6833 4
61747 3169 75938 15473 
4191 1
343 
471 2
87317 33487 
1895 1
95835 
3434 2
261 10568 
2071 3
54367 75676 78055 
392 1
68435 
2003 2
87930 87810 
4846 4
79124 19874 89996 74432 
3486 3
78183 43186 4664 
834 2
94592 91036 
6313 2
44321 56468 
3343 1
71593 
7347 3
83128 68955 1154 
6832 1
36113 
530 1
54830 
7734 1
17364 
7745 3
95971 72039 84260 
2297 2
35604 86863 
2705 1
34191 
5226 9
28103 31203 24741 97028 19795 56284 83535 23378 44998 
3917 2
5539 91597 
4689 1
57914 
2426 1
8021 
1588 2
5326 91391 
2746 1
67024 
6877 3
95610 37377 86466 
5986 4
68311 75654 62383 64092 
374 2
85890 99579 
7782 1
14969 
1679 3
13699 15800 28995 
1061 2
632 57699 
2570 4
92600 30332 2877 22790 
5551 2
32731 64959 
783 3
6389 51290 12558 
7830 5
74548 25372 59675 20416 72780 
5433 4
79087 4046 73844 52906 
7305 5
56026 48019 73558 54592 738 
4089 3
10353 8337 81548 
5224 1
26136 
4961 1
84561 
7888 3
3977 51005 42702 
2576 1
95986 
6025 1
60902 
3370 2
93669 37472 
6390 1
99365 
706 1
53487 
1463 1
7084 
3160 5
28022 24191 39519 18379 83385 
1226 1
24352 
3924 1
97093 
957 1
10746 
5186 5
14084 31351 21545 23588 56861 
6350 2
27246 72989 
7526 6
66793 26078 30177 14338 33986 79310 
1878 3
80379 55438 87565 
2806 1
59980 
4378 1
81821 
4918 1
33897 
4106 1
64570 
5597 1
75245 
4356 3
90947 61279 95263 
7498 3
93789 40893 78761 
1013 2
71770 5276 
5425 2
45151 80336 
