296
5781 28
3104 9850 36473 33625 695 19066 37598 19310 17838 21066 4030 7923 24025 9648 23338 4563 34704 12903 17999 15665 29676 32340 21660 29214 31881 38619 27354 14242 
2970 28
15453 13217 29554 24149 32343 30950 229 18015 27423 35877 39490 31111 23506 9499 33719 33459 30437 39946 9515 17124 649 34924 10469 35616 8774 26013 18301 13449 
2198 28
1199 1865 9943 21556 11304 10227 16030 1945 32110 31838 24490 12594 39044 10191 6633 39819 9602 21956 30601 32274 1162 19314 22171 10503 7338 35526 39816 41001 
1916 29
30289 8567 34275 20655 12745 18221 12407 17092 9328 15305 22254 32255 26645 29837 22616 16654 13036 26904 18912 37373 36355 1231 6760 40678 17862 18401 32702 3434 1616 
4238 28
1228 35251 33432 7217 33322 37750 33543 38927 22833 21353 15344 2892 9926 10536 40797 14667 38012 35396 2565 28439 8190 1333 27461 21131 34516 5013 39786 7305 
1162 28
15732 28734 40719 31127 30765 35846 19667 26775 36184 26361 8186 4699 8798 31594 21817 40985 16412 34596 26797 4884 29653 34115 21476 20942 24696 27450 8701 6657 
3764 29
16052 40974 35562 4035 28408 8156 27038 16723 32895 33411 5197 10307 27136 6905 11280 11454 24707 5735 30181 316 31061 13130 27871 19990 10495 20594 40605 26351 25870 
938 28
9098 28290 26122 11666 1882 7334 11157 15479 28633 7248 14981 41205 14204 5001 16913 34974 9764 38618 10425 25678 20267 23842 41050 31616 26365 30912 36268 38957 
1925 28
12496 23916 16721 20287 41202 26776 8262 35797 18853 29320 34092 10892 12977 31015 12983 40150 13256 23530 34253 8596 29947 4863 30345 8572 21924 38606 31794 39891 
6389 29
25696 33935 25987 966 28977 21110 21836 31253 1122 9863 3510 17921 7534 26319 19025 19656 742 3986 18008 39359 11714 12301 4977 21067 8491 27102 35393 19900 24373 
2092 28
6692 37649 40623 38115 20099 5947 27304 30372 15266 25945 28341 20968 36541 26819 34060 8148 1866 9265 23923 19662 2405 38095 6616 21274 23197 12601 6185 9729 
6053 28
3344 31582 27041 28720 25211 22654 40255 17030 34314 39832 13535 33122 11498 25452 34635 11598 2357 21071 15244 373 14809 38089 12037 17005 32124 10394 14989 14327 
2549 28
38609 30697 15281 30499 36887 15297 7963 12715 35948 1388 40793 22617 12452 12738 33832 14514 8832 22880 6317 11365 39471 33946 27303 29224 24191 8477 17175 39355 
1637 28
10018 24788 30814 24339 24563 5560 27378 32809 27831 20533 33365 389 13133 4686 36679 34094 24685 33260 11962 21721 37887 30459 5996 15758 20578 17632 15563 27160 
2109 29
7655 29152 22314 8677 39189 23265 18933 19381 513 35695 5313 29438 37591 8111 19562 17571 32631 34491 1812 16960 29509 35530 26033 26777 8730 13343 33851 9078 14728 
5304 29
29558 15095 30810 38081 40264 12499 26317 29858 23880 31494 18967 27521 9400 39855 22496 25973 35568 20500 36591 20958 33151 20999 29846 36580 13519 10016 32735 8317 7703 
461 29
34404 15334 19095 6147 17457 9727 40244 40076 35133 10995 19696 13460 1729 25093 35004 951 6955 5862 3579 41189 12843 33798 24880 32214 16361 35673 33864 24820 23510 
1933 28
27190 37964 14717 18123 16363 40022 32306 31224 34122 41240 39993 12145 3196 19189 36693 2663 18818 26302 18865 39059 38219 22607 32749 32851 3707 1815 33638 28486 
5456 28
10064 23993 1174 2130 9426 31756 8456 30118 40667 5987 1422 4148 9959 7822 11385 30995 33630 14873 13905 24477 9806 17434 21533 13862 31202 25530 3513 36657 
3808 28
15422 12643 20241 25027 18901 26853 3380 38704 15051 37972 37584 7634 27165 4615 31276 33059 17479 20571 33311 28143 19262 17675 4616 28696 32251 4605 37943 34832 
3641 29
22787 23253 4638 34666 9885 29776 3404 3183 12993 15315 24000 23135 25701 901 34534 40736 14571 11108 3085 37234 9652 37501 1807 28107 9843 25937 21182 40188 18073 
5402 29
733 33872 39796 34962 35351 34889 11892 40297 40862 22122 25036 25879 41004 38541 29077 16485 3463 9596 24314 26935 9827 21897 15041 4128 9255 18446 29086 28164 11512 
1355 28
25540 20621 20137 23116 14976 39280 16915 4906 930 3534 10878 8521 30037 15096 28834 24083 19380 40157 34622 286 11720 24271 9975 24263 33782 16965 22769 41308 
3120 28
29721 15694 13705 23934 520 27626 18006 19323 24226 26677 12330 5588 6859 37083 30517 36617 39367 6247 27186 15595 21018 31632 29374 2666 4135 3626 21661 5977 
1005 27
4706 36520 4645 13561 31324 14588 3633 35660 29732 7990 6559 7174 20413 4955 12619 36822 1757 4185 7668 5744 2139 35028 31271 7785 8364 35995 39063 
5044 28
9669 33854 25529 28782 9771 3079 13325 2460 33727 547 12476 18130 6577 27069 4177 20988 36237 39390 24366 7045 28505 19983 8385 11834 8403 29521 16579 29849 
4704 28
16983 17870 11552 11602 20744 35148 37103 19465 7565 9343 13269 40337 22552 35187 9419 19343 9656 40880 7330 27737 30110 12341 15259 27111 29116 23487 20233 757 
5083 29
3760 8593 20309 21853 545 21502 19019 15652 8759 4897 1163 33388 13598 25948 24522 35021 18876 32989 30524 2366 30954 1932 33192 1213 15034 4286 29430 31241 18763 
2615 28
15847 33991 24683 28487 30564 32393 26676 13185 34805 27398 13755 18538 28551 36556 39253 34719 11464 24818 35517 36238 15855 31453 9421 1676 19480 2260 35144 28865 
1020 28
32001 32423 32910 28428 32642 22720 28390 5462 30109 7312 17330 29863 36019 3482 28540 12797 33021 27668 26076 40420 25124 27785 30003 8605 2516 23985 2531 27692 
2014 28
4850 29544 13861 14141 29156 10233 5641 24659 26921 29161 33856 40305 31047 890 39149 10359 10284 36485 3843 28909 12638 26734 33011 31121 21940 6137 12249 5285 
5529 28
4437 2746 20059 11585 25413 13711 9887 30780 36235 1613 5960 1539 6009 35949 10274 26763 29407 38264 38845 25267 33891 34256 9043 27091 19885 12398 12459 35646 
6221 29
6008 15256 16585 26032 14595 19161 38962 21453 12858 7793 18083 14851 10551 25751 18872 1131 24754 9749 38062 16339 32906 33424 28713 18398 6933 12173 17636 4349 16614 
3638 28
36870 7375 6526 2030 21524 40241 12818 8916 34584 20830 39071 31598 7018 3570 6723 38579 19092 35959 14652 6400 19715 11558 54 37437 36726 17244 27424 29621 
115 27
19401 15533 17383 3215 3607 13641 21128 2143 35699 16249 10881 32977 16610 23330 13371 26461 14211 25043 23835 8191 26726 30830 12536 34608 10190 33109 245 
5117 28
36261 27043 10043 13815 38018 19832 5329 33748 9018 15706 10386 2888 29909 31481 2723 24266 32655 34015 5717 10 20742 24468 36282 6594 38706 2901 30238 28460 
3745 28
21930 9615 40517 27120 16572 22180 22889 36338 39420 29582 23186 33170 39056 14496 25037 40692 19837 9631 1577 10174 14876 16729 10998 34163 34014 40721 31691 2155 
5438 28
36194 22728 39824 214 6544 33594 35969 6427 34218 22501 26495 2997 37341 19008 15894 2600 25408 21123 18910 18066 31829 16064 26102 11997 981 34982 22129 17436 
2768 28
22687 24113 11600 24223 40172 25242 3094 4041 40946 35327 8330 40121 13621 24512 11216 1996 31466 7070 33089 6553 2630 16770 21480 10162 20674 29813 25365 18297 
6845 28
11740 4341 5728 7537 28342 13844 7850 31996 28461 38537 37087 14270 2384 2978 23986 1637 7196 15411 20848 37797 3709 18971 8109 12617 29237 31259 29852 23082 
185 28
3334 33201 7583 29646 40032 36845 24976 3023 24663 32615 5105 22478 9902 17772 33735 31932 37101 13922 35468 24714 4436 9681 25600 21596 5267 19475 10732 10944 
2688 28
35836 19231 4678 39224 39051 27414 15349 30452 36638 28931 38767 11319 33474 10914 27082 6170 40161 17347 7320 15299 28096 35507 14371 21218 226 29838 11519 5614 
4759 28
25447 30962 41124 15586 33793 9564 17093 14241 850 3297 12003 14923 12874 30130 10685 27024 37556 22096 2728 1906 4761 9763 27719 10506 26353 40152 33241 33223 
5069 28
25614 16219 36080 17069 15486 26108 15954 21419 39700 590 14152 38322 31090 38096 40802 9657 1142 34861 36085 20995 21560 17728 30966 2532 17764 1458 22270 33055 
4515 28
27993 19843 3190 30144 27713 24808 16254 21039 971 20242 24501 20666 515 18364 17662 11352 1057 7748 33280 25507 8788 27618 27902 8530 33336 23995 30868 32633 
1220 28
31356 8037 29463 15331 11136 39508 28697 11730 26517 21519 2683 32653 17295 16932 15724 10264 35560 16248 20265 9441 15580 2054 3002 11155 4191 11559 33123 3690 
1332 29
38048 18845 41095 37959 21813 4193 18509 7818 9214 2673 31506 25741 33865 31860 2527 40217 1171 12794 23892 32494 1846 39820 22081 8305 8977 12737 7545 24628 33610 
5744 29
12733 24045 26426 5780 40819 16985 30542 6795 20696 39468 11615 26615 41372 17855 4458 39308 29842 23966 37877 40033 40004 10810 28874 15459 34211 4266 2900 37474 27818 
5238 30
2761 12955 4309 18806 39694 17420 21862 15671 37723 24381 29428 12707 25884 5218 17742 19974 21053 36999 24511 30 23048 40528 353 15945 17517 14740 10627 1895 10505 30935 
4840 28
22944 35726 26624 31866 36600 29448 21164 33662 37410 5590 31642 31444 24528 26000 15407 27377 40424 21316 21691 21416 9970 26873 14179 25423 32050 7809 36146 22337 
2330 28
25604 29399 6210 15077 27254 5353 7752 21273 40108 39466 24310 36193 39778 32752 28159 23113 3942 25869 40037 14095 23544 20507 36309 33890 35586 14692 16566 11947 
2985 28
18674 5906 10419 23752 6381 1736 33400 5489 12272 8000 2487 34644 32908 33327 15575 16232 32891 9637 27740 128 23270 19365 2536 8799 9031 7984 889 13932 
3409 28
10369 16383 32044 27239 29809 25251 24971 19792 27546 7913 6786 3122 402 26295 36370 37516 23950 8447 34297 24590 1954 23091 8194 41280 17629 6389 832 11594 
986 28
14442 3471 5652 34788 32109 5770 6266 40270 25903 38408 21743 9586 6421 30319 36259 38278 10473 18290 30525 12897 10631 7954 16594 16737 26417 18577 31081 27886 
96 28
3727 16200 5242 33800 39612 7273 25802 29696 21438 4469 22988 25283 1834 14285 26916 24124 35951 6557 19619 16215 22041 16343 18375 32833 28575 3822 53 37547 
5739 28
4106 7198 16411 40592 17535 34200 3788 40097 31773 38608 14814 10334 32743 13207 16975 6730 39859 38007 12650 32982 33924 9757 36513 4590 20266 12574 35302 18371 
5673 28
34612 366 11611 41233 7711 17323 36812 20106 4949 31307 36254 5828 38228 17813 25508 4821 6762 16757 5239 9369 5083 4582 35898 20573 8128 11689 36564 5145 
881 28
8452 31714 15294 20760 40380 683 7819 38521 14437 15699 8252 30493 28650 27995 21049 31368 22229 23198 15436 6571 5202 9321 38424 24508 37070 3924 24622 11806 
956 28
17924 18661 539 16621 11381 7632 38655 34234 27349 15667 5848 24912 14501 25867 37828 4 9831 6632 13452 35067 4788 18443 17543 12614 10093 12863 16198 19918 
603 27
15177 36170 8741 15752 34850 31059 29240 18813 28397 4717 26138 3935 24028 22996 17204 26595 39305 37306 24617 36772 16536 41084 21634 39079 23317 2339 39808 
5305 29
15013 31875 34300 28826 34527 30018 20070 12598 27202 3677 22342 13714 23168 36751 5576 14234 15352 36045 38121 21648 39539 18202 6661 33799 587 31172 6160 1825 34073 
4592 29
29316 14612 40287 4400 34411 11757 15599 23634 7943 10409 1376 13179 489 34263 10066 17382 28312 22181 37818 8039 13950 32171 21866 35296 39510 29473 33870 34481 32750 
3833 28
17047 2459 884 40575 27549 31611 22346 40462 31196 9331 5115 830 31100 22868 29798 33575 25261 23563 17966 14627 29093 26779 35904 3153 10087 40977 32502 17575 
5661 28
4221 9502 27071 12210 25270 37212 25953 30967 2849 17974 8398 9351 26253 12633 5464 10972 25463 21171 12779 3229 2019 22062 3683 40094 38421 21584 27452 4975 
4975 28
39202 25069 19956 11394 38838 41080 29745 38367 35890 36833 480 27532 2394 39942 38837 16367 22383 35462 30532 4578 22611 19077 24537 28186 22138 28058 37665 39683 
1415 28
19108 16549 10314 31918 40412 3695 40378 3951 6814 8211 38304 36524 38171 20021 41179 38735 11696 28818 33267 11934 15385 16617 13821 38159 5866 15822 32289 31633 
3780 29
16506 29940 7801 8374 1900 10139 4781 3230 18181 28610 3330 39936 19899 29211 10597 37872 9500 11225 18528 25916 9984 37720 37792 32540 15931 39679 21200 35182 835 
1489 28
41223 13536 3460 21515 25373 40953 21805 25921 36061 33937 5563 11797 17598 41041 3436 727 18466 8473 15750 32307 33622 33149 4644 13400 1559 40128 16189 29983 
909 28
29972 6964 29684 7012 9390 18875 11667 23275 37302 35607 39393 3360 17516 15507 15498 29153 33623 36741 40234 7812 17435 5815 28113 19950 39025 2524 38023 19306 
698 27
19628 11638 25656 33469 23978 17077 16056 21300 2745 20687 3100 540 30541 19948 38495 20017 40052 7463 15615 9183 17918 12765 38994 24201 39767 16609 1052 
2668 28
3591 6012 32461 13260 18858 21309 12130 11024 22364 21029 40858 37431 29115 39795 37396 35112 1306 27971 31386 3529 2243 21941 25602 25435 5134 16688 26715 28729 
1398 28
34905 12325 26925 23521 1770 10780 35631 9045 15573 37988 9292 8924 7942 37542 27124 14419 29146 29930 22425 9862 27471 32580 36141 24029 3459 32188 11607 9871 
1889 28
4421 27745 2772 5088 17676 5482 4523 20836 37976 12380 15210 37776 10155 33405 15337 35289 24763 23102 1373 12127 10465 37130 38036 23579 12447 14194 41267 21459 
4888 28
5776 26425 34311 18043 17574 26137 12698 31571 2835 2231 28783 30862 40723 8718 2964 26512 29081 13748 11425 14216 35733 32344 32042 15707 39258 26129 25122 19351 
4656 29
26467 22238 31046 18178 30741 64 21061 39460 7442 38350 2377 22252 6493 26729 29674 11077 19048 25292 22395 13021 32668 27203 39245 22414 25159 21127 1574 4477 5040 
4443 28
18511 15282 22857 16656 6017 2898 10031 30685 30114 17147 15909 31337 11463 10723 563 22622 39487 39842 16252 25731 3587 12445 23093 18328 5760 17222 11168 26110 
5762 28
31053 18334 35447 16142 32996 14259 18704 29125 5936 36410 30551 29252 22452 12188 25281 37824 13740 34410 3473 23540 16094 24681 24273 20708 1692 30805 5082 16887 
4454 28
32711 25781 12158 7504 32625 29390 1294 28250 9755 7027 6173 31830 24076 25334 4348 27780 14046 35664 1466 27907 28506 6456 25477 9212 12049 25914 21367 22822 
2483 28
896 25247 26453 23313 37444 3834 31398 20902 15386 22737 570 17616 38785 15100 8485 9582 26858 36666 6721 19173 24948 14402 36500 29758 13199 14265 10329 34558 
2796 28
13283 38561 9200 31107 30907 35850 14186 33524 21851 12816 19265 22566 35213 7654 38472 16808 38427 1769 29894 13376 26298 13664 29099 3072 16959 34171 10231 31125 
243 27
29309 10690 23532 38200 7550 39738 13872 22480 7525 18300 1693 38498 4040 25944 11442 24265 18256 24451 19824 15679 29664 19360 21681 18218 19714 33897 34130 
2765 28
9787 14187 31712 12751 19963 10765 39010 9854 11392 27289 27584 32790 31020 19136 14591 16466 10948 14622 7224 31954 31807 2372 38410 5176 25236 28218 37359 14524 
2936 29
3064 37603 8149 9296 11528 15556 36495 12819 11421 34853 18387 2436 31710 9064 9488 33761 7403 41263 18001 23199 22719 24455 21749 41157 12853 31755 40959 13983 6614 
814 31
23885 24629 16384 30879 37983 23890 14904 14679 13761 9314 38510 9413 24550 1377 31958 39525 39394 31290 37315 32172 2005 11849 17004 23584 392 33104 26773 773 10282 35128 11614 
556 27
36984 40292 17727 36241 14075 37314 34473 25079 365 24624 36588 12505 22241 34026 7266 27560 28930 5323 33271 30757 8137 1432 25232 23941 2542 5964 657 
838 28
17071 40609 39162 36501 2395 36982 12688 27130 20310 10179 12585 39412 22782 7170 21585 33351 26909 22914 16602 4357 2486 28613 14693 16441 41162 3852 26247 23471 
2179 28
15999 36011 27216 38835 11417 15511 13982 6993 29679 2923 32732 31369 37122 32706 429 9085 15548 40039 35463 7310 24866 39881 20234 32205 21550 27262 30073 36518 
3300 28
8394 20385 38119 5495 20317 34989 25349 31184 39240 8376 4962 37575 31390 16468 12982 19327 36675 24283 565 33408 8045 13063 19010 34947 6984 1902 38729 17340 
5440 28
33186 18423 38470 37376 24454 19833 4253 32463 20510 10411 22878 12958 32798 21165 19958 39605 40907 12666 946 929 25612 13867 19935 22080 33387 9358 37277 14010 
18 27
25191 31003 37320 6531 22874 26574 63 9445 17962 27680 34997 30090 15610 5534 18145 5931 15367 9114 15379 3120 11578 11957 35427 31375 32692 20270 14078 
4166 28
24429 4080 35265 28116 7591 5891 7125 4215 12705 2096 32974 3698 14009 27211 32815 38754 3773 16935 1907 36774 24724 36839 9248 14869 17322 6755 22031 11840 
6096 28
29043 31306 30518 39491 4528 16925 13816 8158 17755 35298 18287 1447 13243 33384 6095 26261 24476 18238 24986 5240 14190 22888 17014 9034 15867 4082 29882 25073 
1978 28
25785 30733 5557 11944 34791 3480 1374 36349 16962 5174 23260 41072 7875 11647 25150 101 7872 30964 9355 16871 13440 26782 985 37162 17724 29299 3759 37868 
5568 28
25337 17427 20020 34282 2675 3515 13778 41184 11942 26667 19719 4767 37343 40809 21166 31697 40613 28854 22317 27159 38612 17157 13418 18723 19869 18352 19477 32868 
4395 28
33577 16042 19308 15730 8362 22045 25743 39432 34058 4640 16473 29210 39584 37957 5653 34075 38582 7077 19104 30598 20118 40717 24751 26025 37504 37698 26282 25087 
1856 28
38773 7203 8283 6971 27492 15897 23388 35528 38034 25850 11011 6320 3075 38100 15438 35794 17064 38530 4511 1886 15827 10547 50 34235 15687 9952 26024 23145 
2230 28
14819 2198 24974 34407 36004 3623 8653 26093 35822 33061 13242 37879 8463 14281 28041 20180 38643 31230 27177 40414 32583 22133 20627 6246 20327 8661 21568 10108 
4234 28
39650 31540 16640 28070 12749 18977 2398 529 16038 9404 14691 7422 34524 38492 18227 9969 4011 16867 17679 24159 207 41011 23390 28785 35636 13893 4149 34426 
821 28
30283 9748 8754 40014 36876 11875 1521 18647 27251 12472 21708 153 12684 34101 1654 15987 25325 37138 19447 30473 38272 30215 18124 37364 18450 28873 145 40590 
1533 27
19188 18862 22016 17830 41021 16388 12138 2006 20556 31499 22725 33628 31371 133 16855 13453 11078 15541 22928 12277 23753 40572 19926 38368 3158 5373 22533 
152 27
41387 21915 4779 29739 29200 38910 6462 40874 40850 17271 38028 26438 27695 9190 19892 30098 23686 8113 5344 13010 9913 30600 10118 8293 11927 30176 30192 
116 27
19239 19244 31101 491 3324 16086 17510 33312 16117 8350 18694 20983 35252 24282 20331 32714 5261 24355 22365 41229 22759 21714 5930 15624 5986 5518 20505 
4048 28
11794 34698 24203 23769 27526 28986 4240 39763 6759 23902 38839 26050 28589 27603 3611 36890 36602 36242 18802 16523 32142 34230 25386 30420 13968 10318 11194 20820 
1567 28
20646 37642 4540 22985 13393 34244 12497 29659 30453 29008 22150 32919 1695 35947 19444 30582 7690 20036 22948 12860 13942 1530 6548 19176 21378 3514 18809 19841 
1593 27
27773 12893 16387 17154 10141 17375 7880 18360 23166 21504 33687 24398 32635 36895 23448 23535 9153 19242 35509 33559 16010 3740 14987 18314 9990 33648 31460 
1876 28
27293 11334 19612 29263 21972 24359 19603 39766 27845 28086 39099 37400 21455 25165 34289 11690 28941 31711 9773 17529 33057 40689 8829 10880 23345 28150 39888 7902 
2854 29
10957 36764 10860 41152 27401 39744 7127 34563 9540 8260 20457 4291 33303 2512 15469 29876 37829 40333 6529 15460 13747 27253 18064 23800 33887 29864 24169 24969 10577 
6268 28
16012 22429 9013 12646 13127 11230 14958 17761 33212 22427 28361 26479 27870 10230 10413 25776 40308 3298 13794 21135 39968 6245 16107 26534 39659 36536 25110 38564 
505 28
29163 21179 21517 27517 30483 28161 40063 23162 33268 16861 5137 20291 39883 32948 5616 28886 20689 10323 10569 1722 34789 19774 2942 9846 2998 10615 18031 37999 
1545 27
15444 30723 30342 13952 26942 32424 12609 12845 3702 2573 9635 12413 33741 19440 26432 36419 32842 28922 33078 35056 29160 26520 7029 3247 20777 29182 14380 
4341 28
3066 26333 39533 21703 13825 39217 6077 34651 14493 2677 39260 15666 2902 3602 17907 17297 12774 32909 9742 36573 26345 23738 16522 22149 2042 804 7430 7540 
5085 29
10989 3547 34432 12107 41368 4297 8513 3589 30939 26794 41107 16758 3121 33082 35339 26195 4543 13969 21389 14698 23588 29729 33604 23900 2086 29147 38276 14801 25202 
3836 28
37901 18359 1788 7607 5474 27645 22856 5833 26655 10071 3348 31509 26718 34420 15391 1361 24520 38329 29734 18874 28645 32383 37047 23779 39129 25442 40019 10887 
4402 28
15277 40140 23615 39030 16706 501 28721 23477 25935 11236 32151 20271 28770 16160 30572 14288 15079 6761 12488 13235 40205 18447 2930 13412 38294 17578 15380 16243 
538 28
24098 21141 19128 38296 13336 1904 7541 20956 33637 37043 36226 37125 6325 21441 37255 25960 23782 36191 11669 28456 19530 3688 23192 23807 14098 24923 2105 20917 
5114 28
2889 40484 1115 15718 40893 10543 10420 36359 17577 19180 11233 12164 21460 4046 9670 23194 2032 27877 27727 33446 9454 26001 23637 14513 32 15538 37187 1849 
6378 28
28695 9663 24356 5709 2244 30140 38979 19850 33840 5479 32187 39256 36324 12891 32247 17996 36401 30188 6189 8831 33394 12626 10107 38338 28210 1762 22990 1950 
3689 28
11735 32510 15027 5336 25585 10168 7458 13075 30253 37530 1455 20842 8081 9303 28387 32115 28463 35105 21923 31300 14671 4343 33570 22661 7590 7686 7316 36225 
2787 28
22206 16165 28158 23815 21891 31854 35281 16762 24778 24097 39726 31155 29386 11384 27040 5172 9134 18034 15000 30323 1706 19185 10830 8375 25045 32836 3826 11313 
2044 30
21720 2965 31798 36803 5609 36376 40949 14519 11036 14605 34693 23279 28219 7810 35527 16432 15901 10048 10659 550 36942 28055 36202 31525 10312 25307 3922 23425 990 15871 
2643 28
98 20454 23567 13581 26174 9278 38682 4654 10903 40557 16730 8024 180 27602 33605 18830 25095 40890 5852 11909 21547 5374 12552 17639 29492 36110 28944 7546 
2829 29
28010 4070 37045 3518 28479 31487 34526 19544 22170 33743 24647 17142 32812 8704 38967 9522 21178 37848 27508 16081 13593 13468 29524 23897 882 31654 6603 31305 26101 
1639 29
39074 7328 22168 11881 41339 5375 1765 33416 16091 24907 32162 25092 8354 19701 39922 28157 6474 22735 27014 5829 384 10790 9075 23942 5514 40724 28722 18798 4635 
2082 28
35127 20718 36352 376 6882 19407 33988 29905 20482 41130 40510 10744 4929 11896 26914 25895 4547 2749 28702 33717 17647 25643 39495 32825 31452 37817 18166 5511 
5262 28
19078 3874 36199 2566 6157 6083 36652 36074 11518 16896 65 35343 3205 24240 5171 9382 17708 35137 29609 38675 38625 22331 34330 9828 12923 26705 26390 9243 
6773 28
7517 19760 12630 4825 13095 19396 13713 41203 36227 30046 2206 2847 992 36979 20100 21711 18200 3067 10186 15787 18825 12776 35499 22707 21383 23827 264 7267 
6542 29
12174 22669 12537 40166 30374 9124 27609 38209 8279 29561 32455 2567 5351 7426 11590 39640 10695 16862 11649 39267 13066 15935 9532 12030 5708 4383 28876 20222 25426 
2699 29
37707 11488 2809 28504 24831 212 15753 26955 30190 3134 36073 38504 13833 34041 7740 39995 12453 14324 5523 28724 12448 12060 15111 13531 22710 33058 12193 30300 19751 
1009 27
28710 26164 29442 26640 30436 6940 10336 33542 10328 25109 36624 41300 28908 7531 6522 12043 40388 18766 5045 36249 19115 24933 29491 31657 33805 2412 11249 
4151 28
5773 12841 24194 7861 7414 36539 36028 3004 29903 30380 33014 35322 27988 20768 15092 5408 28767 41134 14735 21317 6227 26962 16828 16211 10985 23847 33204 12629 
1523 28
4116 18593 21270 14450 33270 20219 26494 30770 40569 6020 4388 11143 12534 40457 1731 20850 32186 19852 30884 12806 10938 1151 26167 26300 10324 27563 8818 33344 
5628 28
26762 30846 710 26292 15895 28274 30256 33290 2 8212 36966 22716 24839 18949 19004 4328 40274 28077 40982 4732 26518 9097 19057 32138 12281 4385 16943 1339 
2339 28
25900 19581 14581 28705 7817 22909 23592 6805 14304 16755 40293 37385 31643 5077 19111 10936 8692 15805 21885 27246 118 14836 9394 22620 3132 41250 13562 32100 
4003 29
38978 38396 19902 23928 36720 16944 13999 32278 25764 31120 19731 17751 10103 20434 11954 41244 38503 35244 23533 23781 21603 18805 9544 36223 40896 11291 8857 20886 24531 
2467 29
37001 5320 30405 37811 20922 12034 10945 13951 10854 34926 39406 5842 14829 10261 8010 24845 24665 32978 17312 24670 10606 1344 8469 17687 36717 13812 27164 25906 7401 
4893 31
15637 13708 23308 34529 23860 40278 40330 4868 41343 35950 622 34730 16326 24823 22906 18513 23708 33754 30164 2545 8728 27023 40810 18512 1809 14695 7387 29848 36521 21718 37604 
1867 28
12667 32096 13914 32057 8478 4983 26083 36849 11345 23066 31792 29413 34541 11605 4575 14453 16292 29583 37195 5384 17103 39360 37655 35164 25472 8215 11557 34937 
5561 31
22585 30776 3258 18822 6386 32335 41287 17876 6428 2710 10781 18326 38645 3840 3236 13836 37425 27222 30466 36817 30943 41018 40593 29355 34439 27954 1166 41388 11779 40249 2416 
2270 27
39262 17680 6928 10956 34372 8250 14358 5756 31547 29793 1669 27300 34007 7724 36351 40417 9867 19664 39358 29844 25123 22558 8551 3305 2520 29254 3095 
2227 28
7072 19303 39092 25381 20569 35864 35039 4701 40180 28281 27117 9836 30257 6312 31357 16830 5864 21537 27518 34156 35819 26781 11639 30796 39395 18574 13434 33677 
1087 27
232 40859 18615 34907 15377 20461 29655 8510 1630 32727 6962 25626 32987 40664 15608 37528 38502 7299 1966 24533 23465 5648 35467 18705 35649 11025 25595 
3481 28
25382 30474 12757 6733 27479 13438 32945 33933 3317 9516 17582 28046 32844 193 41061 22815 14560 14682 31977 40183 27942 32972 19199 7472 3689 31142 25288 35378 
877 27
37124 10608 27458 1527 20944 39920 11293 38601 34495 40082 26594 15960 2026 29761 31734 20097 4639 894 25057 33938 35929 34755 24471 29465 24420 32404 27329 
399 29
1117 20563 18027 33240 19074 3024 32036 19439 40233 12500 31459 33233 31114 19172 36167 18651 39379 9129 39190 2937 1033 5753 34697 28507 36257 36872 23086 23340 32283 
5153 29
1341 21209 26587 26880 14558 28776 34378 31221 3771 9180 27002 26418 1295 16854 25728 13988 32125 28615 28866 11998 11177 25883 35800 24676 16699 33168 3403 19924 28558 
3460 28
40596 16725 15433 19442 17634 17968 21024 6044 30273 41058 34285 11964 17409 26276 32284 32512 29957 33587 31796 7377 15450 5951 24579 8761 9712 7385 35912 39682 
892 28
21535 28033 7674 9671 3427 18555 11571 25401 14707 8090 8695 34764 39101 33770 31823 19204 38025 26617 40972 15068 29038 28207 4147 23276 33581 24855 33517 24599 
6312 29
2596 20762 37355 33822 2117 4312 34694 6563 25899 3944 19509 39850 23118 4606 1499 30083 26553 345 33125 7652 36100 38319 38595 14296 27482 27948 28039 36706 8287 
3961 28
28117 7532 22423 19200 10148 39035 24904 31912 2393 16672 11889 7570 23822 36997 9695 11027 3906 18272 29769 39482 20577 25774 34172 5825 31489 8980 3453 7759 
4666 28
3421 17628 24551 16291 23765 13402 40488 24699 29357 31906 11566 22085 372 17357 30710 19069 32681 5942 21444 9466 30505 12360 40706 26519 5067 8990 37657 31498 
980 28
10375 32588 24480 1877 9782 28616 17564 7952 22678 8847 27307 14005 15838 19538 32429 26792 10011 16835 32539 27837 29144 8903 33252 36989 20211 19966 10633 9251 
2591 28
38107 35126 16846 23878 26259 34673 18367 40782 28539 29854 20223 18135 33903 40878 37274 10977 22059 27366 27960 1099 17914 18037 17869 7787 15848 40410 24212 37619 
5967 28
5690 8274 22294 615 17294 30922 33198 3851 39905 6340 30698 35233 38985 32486 29289 4019 17913 7440 37144 3282 28335 10580 34843 9448 26231 29911 12882 13064 
6020 28
10395 16276 2491 2446 6313 38238 34353 15644 29367 20089 3780 32318 8997 38365 13610 19661 15934 4066 714 35834 9643 10232 16712 28620 122 5558 19866 9178 
4948 28
40267 21548 10019 5070 7145 17170 27578 21799 30766 16541 38963 33626 15491 2943 25958 29330 22686 14972 32695 3493 29597 6660 40754 14977 28763 16567 30242 32312 
2276 28
22904 15536 7507 10918 41291 3405 40089 25313 21243 8958 24864 22135 27862 16714 33876 7495 11003 32913 32650 6186 24031 21392 8866 9900 36986 4720 26801 34963 
1503 27
26663 4794 20844 4648 33844 33949 15521 27451 26171 13603 30339 34016 7771 24270 38432 419 35288 12686 9362 4936 19569 16446 10291 774 24930 6275 6060 
622 29
27504 23874 5593 30544 9401 35249 39031 30186 21980 22285 861 9215 23023 11551 17788 39172 39722 22837 2037 27705 18633 38954 16544 564 27736 5598 34276 40262 36326 
398 28
17203 25747 37295 5883 24793 15629 20416 5719 20522 32324 40426 11801 7097 9961 17177 38641 21704 35488 4520 15636 39639 2320 9507 24117 24517 22455 34267 29661 
2695 28
23852 6575 30779 7735 11434 17893 28302 13131 9193 15839 9756 26632 93 39847 8902 38366 31933 13244 14036 35655 13084 14832 28130 22917 14287 28453 35799 22655 
3457 28
6573 26086 37758 14015 20011 28022 39048 19815 11705 39903 14295 22408 5882 40932 2602 7608 15354 24513 10010 12952 7931 20318 10150 3314 3754 16673 24206 23669 
3681 28
17706 34321 4293 8431 30513 34428 3407 20005 32488 21106 36760 10730 24953 36164 991 26294 1474 33005 17683 22861 34706 14969 27898 40470 39844 22290 24179 15978 
2286 28
9151 4704 15617 969 31295 10493 6541 25772 26153 21814 29206 2178 2839 41185 20032 34811 28064 34684 36629 8792 40608 24843 33738 33981 38403 13948 13413 21666 
5650 29
2470 18980 21848 7162 5643 15318 25246 19682 33824 7973 19998 39673 31115 25350 18942 23572 38416 38333 35737 40196 10050 27555 22812 38883 16408 5880 6683 37164 24708 
3671 29
8748 35120 2711 10217 38482 5413 26456 5452 7141 12376 15263 36929 11242 844 26975 9000 26346 37110 8 38694 25842 18012 23362 24777 12553 10028 36469 35701 22873 
88 28
12924 3381 8411 7101 32409 5409 20831 34571 17711 33008 30718 31102 18138 27567 40568 36900 4595 29942 6125 37262 1652 30570 18726 10435 20998 27333 27331 22604 
804 28
2301 4978 8353 20915 28248 35014 34209 17329 12895 40765 32193 3105 9070 16008 38240 41347 8616 25220 32155 30838 24346 33403 15437 2916 20574 503 25858 39135 
3546 28
6466 39789 20725 5438 39526 29569 16637 32161 2298 10831 30264 33585 1055 25804 27057 20541 6144 32469 6127 26246 3975 3213 26929 8684 26764 12590 40393 11928 
836 28
26984 2816 38123 6943 22641 2095 14315 39103 23027 3795 14794 30153 31510 25431 19272 9661 29938 12829 7773 5364 32309 14920 10347 3603 6690 34248 37810 26867 
2946 29
5734 20540 20840 546 10649 32190 23512 2873 4363 1844 26577 16657 12072 27110 18413 31039 11580 37607 5183 11039 31288 35226 14589 10969 3963 3364 28124 19580 1927 
3174 28
9053 15971 37339 11110 40176 40761 3654 29259 21754 6068 11203 32954 22268 36805 40844 11115 7089 22165 33196 35356 37500 22178 3430 6294 26178 8873 18240 29580 
4630 29
25997 27896 7096 7723 24552 7896 3614 30626 3638 9649 10410 9976 25566 15766 37477 29978 31951 31341 18299 6265 4527 15996 17407 21926 25969 19405 35661 27928 3792 
247 27
3980 13092 39005 12131 8444 14448 38358 2659 33171 3274 8984 34056 5683 20810 10584 7548 17213 21443 29826 16734 30370 14874 20963 21256 13090 39309 34762 
4091 28
19473 17546 7370 24387 31011 3150 19553 26898 17716 5861 12469 2763 34940 1320 7391 19359 22949 7834 29162 40875 31650 32020 22969 2507 34186 27072 13841 24968 
1443 28
12069 16941 32976 9877 37719 12311 9224 14297 11359 30527 16604 12029 8334 10678 32542 1444 4467 11631 24609 21826 25912 25120 30200 25416 25826 1485 12914 20163 
3927 28
8911 34712 4768 24795 23714 11256 38204 2887 7136 25716 8881 11510 37803 26924 21578 19746 25163 26965 14768 29198 41269 38639 10182 34327 6184 14543 771 35896 
6284 28
1847 23480 15317 33395 15089 3432 18547 5463 24262 994 40616 6495 16061 4626 1653 26920 36806 24857 16262 8532 25550 20481 34985 33564 40827 32680 10313 12759 
4850 28
23182 6387 15504 35569 24813 13985 16082 6063 9835 36503 31754 22876 13458 39102 26711 13473 2865 4245 16266 36053 24811 12645 2967 18117 33484 5659 26787 20040 
3612 28
2197 24170 14990 19709 9360 4851 12803 24886 20658 2438 8893 38487 21262 37762 26982 10902 23759 25148 1675 14933 2504 30639 11186 11688 13484 20962 36853 527 
3292 29
5049 16235 17702 13318 19561 36945 36114 34281 7556 3476 26257 9879 9090 18393 25711 26443 28736 27212 13245 19925 4591 16794 61 8971 39825 31372 12236 15693 35727 
5163 28
4208 26484 38796 13424 9185 31586 24547 27873 35391 25732 31589 17640 23283 28681 21869 40001 27427 24482 20651 22056 16487 7154 37457 34093 32308 20954 20160 1435 
5704 29
13817 39536 41351 9569 17083 33155 13660 10446 23216 31497 13594 2068 40734 34752 7199 33323 37182 30646 10159 40526 15214 22551 13374 40472 21371 10346 18212 15233 38325 
5728 28
24828 10404 14678 39912 15845 9633 29202 2885 31330 26713 34210 19695 12139 30828 3287 1312 22477 28522 17686 39837 9184 20420 22529 36865 3262 16285 27473 762 
5188 28
25881 27605 39205 9256 18675 21474 18309 32822 33007 25026 13107 25371 6600 21212 2637 11237 11856 7720 4402 9012 5958 9933 12706 27906 21629 15739 23996 36010 
932 27
22881 34146 14599 34835 37835 24863 40322 27364 33342 11006 11069 7194 33936 37984 14757 4087 33065 39513 34241 9822 3265 30722 12623 15142 21621 2769 3276 
2217 28
34135 39203 31899 18989 19906 833 34448 34920 24896 34530 22830 7929 30974 24343 26198 11347 35750 17486 8278 8144 8404 15360 15 37819 10428 16261 164 40704 
3357 28
41045 27134 32169 4952 431 20532 4560 14859 40363 30942 31013 38944 11423 8976 12884 15778 36018 10872 33774 18271 9554 14747 19828 25864 35633 27204 20813 13183 
1055 29
38580 40175 7169 32779 11955 24189 13765 36463 31395 11207 28960 38390 36128 38508 28994 35906 37913 39069 3240 19162 16744 22354 17451 13188 28806 19147 37944 12520 4688 
1500 28
14999 35618 40068 11420 6073 30358 11786 29417 27631 11711 41059 23205 11704 29934 21388 7454 25662 20377 11299 33902 22313 30012 6765 9205 28369 34480 6234 23562 
3624 28
20616 25017 28265 4468 6169 38344 27872 36091 17418 30986 34645 172 23624 21457 6670 32439 22224 24304 26731 4790 36006 22589 23460 1622 28579 32587 12857 17986 
912 28
3665 40806 15837 31226 7853 23034 3 16216 2414 23103 4444 39180 28570 1738 32030 18861 39594 39882 2787 7388 31179 8957 26054 22502 17623 15155 1274 24306 
1704 28
1461 13672 16942 6223 15513 4707 3738 21794 9443 7149 18943 3119 31595 31503 2975 25306 29916 40916 23054 29220 21857 15257 32814 10195 7513 23428 19300 2322 
950 28
29060 28261 3277 31326 35064 10280 2981 1365 32053 27390 19500 17452 20094 38783 2445 30852 17443 37453 5745 3239 26956 7432 19537 632 28430 5057 2250 7761 
2204 28
13653 2844 32501 14808 31527 27506 28683 8778 893 31666 30617 8757 36075 35438 17839 35422 23989 23171 9624 37044 9512 10127 10234 1101 38925 16493 40427 40524 
3067 28
36827 12968 13086 17790 7231 35031 35599 15627 5724 37869 39785 5647 29551 17698 32767 10798 25225 6390 23360 25735 22060 35671 25691 22098 1358 4669 16290 38101 
1954 28
2118 16987 6785 12558 23244 23810 16741 20295 25189 4112 10161 13169 25006 35177 22747 5480 39346 12182 40778 33595 38353 35074 38463 13384 2510 34179 9708 38669 
6816 28
23863 5956 3501 5138 2286 37432 1445 31867 15059 14060 17216 36334 26014 20260 17794 36056 14802 9892 13145 39994 14651 37710 15721 27540 13150 28333 10275 14158 
2068 28
27611 24548 12047 40543 8858 31628 21821 18761 31909 25453 2196 2128 14111 12825 29405 9047 35670 1279 5813 31855 5658 3372 2646 35218 36592 3992 27718 7526 
1699 28
25845 4806 40785 15002 25390 30867 7369 21022 36868 38714 38808 4973 21552 11166 28743 38363 39486 40836 39161 5963 9803 36923 29171 40918 25919 8765 12241 3285 
2348 29
29602 36084 40729 6165 35057 14251 27880 39664 32112 4773 2508 17718 40923 37268 21834 1951 10199 19374 35283 29301 37804 8693 17333 37105 14928 18902 25339 40040 3484 
5875 28
32416 6059 19190 15264 16895 21709 3508 16119 29157 31066 28241 37990 731 29336 37024 21336 20026 37209 37618 6494 33134 18543 2424 27551 1168 7998 21319 26499 
5612 28
26318 8542 35017 28868 36304 12810 22987 18408 36687 20989 920 26372 40694 38441 30021 3516 7482 6560 39523 23222 18541 26785 40745 29738 41393 19266 10210 33698 
2742 29
41089 13752 3006 18800 30087 31178 19177 7289 38182 17288 3411 34928 12254 9318 28395 4799 211 34147 2751 22651 31675 12283 8939 18619 29593 16972 9225 15804 16759 
6340 29
36203 26486 10078 23871 36538 31729 334 38646 39954 41193 4081 27209 38750 38274 2004 24837 30841 19007 34274 9107 23348 20619 30806 7467 23312 6948 38433 38784 10641 
2424 28
25264 24861 31953 10980 8776 6821 11386 21183 23237 14007 20861 15658 32334 25624 22461 40405 17012 32347 11743 14857 5983 19573 7117 8032 16267 14240 12141 7727 
367 28
9772 20169 17042 37965 39521 11930 32066 35294 11697 18603 24075 2707 28642 12161 37191 11854 38803 9301 38078 21468 11367 41325 24133 7362 6306 1310 22038 8219 
516 28
13766 20442 21399 36584 37791 1182 8326 31686 33499 10908 18050 8889 40571 12209 20000 37785 30343 31146 17674 22574 33044 22670 35285 15539 36343 28498 26124 40344 
6336 29
11708 23896 4303 38401 33773 439 11581 36851 33545 4108 2059 34221 11330 34705 12400 22319 9453 27649 37021 4853 30387 17843 38130 39112 26184 18771 15179 3887 4034 
2003 28
17825 26084 8110 37968 17342 29588 4174 16377 769 862 31911 14228 41270 15044 37693 31929 10749 12122 21757 6784 11865 1740 32333 15932 36369 11267 140 32219 
4762 29
16540 34708 24494 12636 36669 35358 34581 34076 37154 37849 40913 11851 3301 15301 26722 39439 8853 29458 37981 40120 25308 40010 35058 14173 22198 7746 13358 21887 32275 
5049 28
37446 24463 22702 13333 23486 24653 29267 33676 24806 11741 21036 37210 15389 35333 40467 39045 24175 38702 10703 11974 4782 8433 7130 13035 38876 25635 2940 17262 
4247 28
18816 35096 5127 19035 9074 9903 29902 28255 34847 11300 41005 5292 22403 23426 29070 6151 12693 18926 19353 21906 15995 7867 31256 22547 20620 25573 10561 37460 
5129 28
28678 20809 15348 40690 37033 1087 4154 23129 28895 29575 26526 40915 39023 258 23110 8904 12239 18093 30028 31780 10571 33716 18275 32236 18642 40065 33706 40676 
311 27
15279 26912 13546 4103 40870 3509 18195 8963 21054 40644 35420 13604 2948 18743 37429 24172 24578 35210 13735 31790 16519 4623 28837 22494 21493 12086 10843 
3960 27
39751 10802 6260 3052 34037 5190 36187 23206 838 17900 28432 25990 38703 22352 176 22843 29040 14172 29714 10105 2249 7396 10570 31314 37486 21903 18385 
4273 28
38813 2085 38862 35745 24084 3736 15162 11599 31150 27076 21267 14907 38020 35893 37708 31048 23311 25455 37505 13612 30163 10228 10579 10915 20120 40008 34374 28996 
237 27
25102 16952 1572 36445 5755 26373 27742 646 11972 33358 21664 30378 10212 684 12464 24541 39771 11812 8118 7820 33792 25291 37970 5168 30521 39077 22158 
1685 28
15341 11573 3770 22050 27979 40273 19436 26899 1848 33102 35464 388 36821 8384 20144 39053 37078 22179 22374 35718 1042 15809 271 24064 23111 20949 7987 8457 
5031 29
4062 31983 38097 22723 34934 23028 38208 25647 6079 27652 11781 12171 10629 35191 28410 7832 25665 37945 36663 25059 39326 30119 33471 40879 15733 27608 25613 10901 38104 
615 28
12219 8666 20923 39511 25280 9311 41321 27550 33497 37222 28279 24883 3652 35250 4685 22251 35930 39120 24929 10933 23267 7842 12404 3639 37499 20600 18558 41060 
6759 29
37571 14919 12589 11076 8017 15275 34711 15698 13441 40460 1851 4852 28706 17938 23816 30197 20645 37625 26930 484 13637 10711 29234 10884 32433 9510 36983 23087 40428 
3987 28
13192 22981 36582 6373 29013 41314 22430 21114 22863 3767 13060 10132 10825 22197 39405 39118 21944 26078 8101 13758 23504 26606 23503 7420 31762 15780 2986 29781 
2487 29
38391 15862 26988 30414 33305 15173 30870 30116 39705 39657 23785 39866 3384 18969 2371 21800 14232 10700 41348 25805 21138 33602 10859 36529 39564 21107 11360 22966 36494 
421 28
11449 37844 26847 33308 12367 7811 7876 12114 28508 2347 35479 35180 13431 39670 40580 18190 29061 7733 39040 28148 27770 24637 21858 3063 9825 35522 11037 25132 
2268 28
23346 12731 30071 20851 11378 13791 24166 18021 41062 19946 18075 35820 1469 2401 23670 15866 15478 33913 6207 16068 8505 2737 2517 34892 25502 39036 10605 32372 
3862 30
39959 38468 39711 21213 14491 17098 7129 25205 20194 35997 20914 15203 2289 8830 14551 803 38158 23084 7327 12372 34594 8868 26919 10661 34628 3218 31660 25607 23820 19758 
1172 28
37593 36298 10029 25304 5453 11061 9364 35335 17826 32362 18390 4541 10909 37939 35480 12939 14708 24229 22280 24744 23731 13451 34443 10158 15509 143 33818 19110 
1657 28
28294 11668 28118 4227 3847 38230 25198 13215 25680 584 15989 31774 37702 40886 21823 22541 21261 19804 31971 18727 32536 17630 39049 2079 25995 33140 2362 8062 
5435 28
7871 3138 1802 28991 2141 8573 4203 29231 32037 26897 21403 35 10258 39375 34895 2044 2360 28999 30416 34380 15591 17287 22225 33219 28417 41042 8769 38965 
3722 28
35772 9912 38011 15523 1576 40986 16269 10094 5235 39896 26840 2354 4787 28830 19745 21281 25657 18665 10415 38908 39879 12009 15335 22306 26791 37029 21514 17253 
3742 28
38870 2451 10748 35476 15547 13619 8292 24436 19212 32098 5988 35324 36899 10885 39752 12770 17878 22029 23594 22063 192 14597 28084 27438 11000 41020 37061 1401 
3312 28
14452 1583 29334 19468 18127 34518 14685 27642 16554 6205 24272 23694 33522 26693 12187 37524 40291 39681 31574 959 35942 33393 23560 18261 11266 37119 30149 29402 
3667 28
18150 23687 22567 15589 49 9147 8685 178 22132 20717 1212 18354 3588 31891 32558 24612 19818 35315 32047 22798 4161 15812 14641 8959 30998 33646 32561 29642 
3258 28
11963 3658 11866 26772 24903 28094 3015 689 25254 32726 15159 13553 4948 11819 40429 13703 7010 12762 7351 9679 16798 32299 7476 21464 16246 21543 7744 27817 
5075 28
37039 11750 40766 7678 2001 23356 24397 33027 39184 9203 34890 13300 38847 12240 39088 26886 31405 19623 7739 20970 39671 32747 37150 33208 8239 17273 38457 3156 
1936 28
531 33372 26187 11847 16746 18820 37270 33947 20740 29017 3970 28370 20188 21328 20396 23455 22476 9680 10847 12727 17120 28071 34652 29121 30886 11838 36296 8983 
4930 29
26586 21436 38157 38030 15555 6394 39980 19255 21044 23839 6338 35266 14672 586 33563 2296 37316 18380 6148 9084 30668 8490 19131 22991 27803 40284 35986 16802 23705 
2468 28
32203 20150 6422 3387 6303 24695 12142 40753 17954 29159 24208 13677 35946 36797 21013 40942 11072 1764 18179 5184 23887 22256 6704 11052 11080 34591 8107 3769 
4417 28
30756 36559 1281 4810 6806 26334 25792 33574 30254 21779 32382 29126 8507 38218 17118 5354 7363 20341 24318 6913 34670 5811 21652 4144 12355 32087 22799 27083 
1427 28
22696 41389 24119 32004 19390 10041 20527 7790 22930 23964 38914 34489 20444 11355 33314 36831 31397 2622 30503 33726 20895 3977 14531 17272 6853 11589 22175 16425 
0 28
29564 39627 2519 30329 27814 38317 8254 760 10611 21259 39400 21337 35141 13089 1008 16550 38672 13162 6722 34646 23676 35953 22144 23401 21763 36265 25739 32366 
404 27
17770 19962 1160 24743 21449 3901 18084 27027 21116 9348 11050 19821 37080 36414 25367 12270 7124 25771 6251 21771 38731 38775 20526 27800 3646 9379 30745 
4617 28
18213 23635 16171 34773 5096 12681 19770 4285 23929 26472 3957 2911 35016 31313 23780 1903 980 33855 36755 33905 10457 18308 24440 15303 38035 7020 25924 6460 
1864 27
2655 30785 20780 17219 6039 40994 11201 1894 34816 32871 4599 36837 12848 7166 12387 29753 335 1419 40272 7562 33152 32196 2783 791 31782 22208 28215 
4928 28
35795 2951 27640 26778 10807 10450 35176 32144 14360 35049 6416 14867 29392 17989 20280 20560 14634 1136 35731 16029 20890 28464 20766 39467 1518 31946 29888 1078 
1408 27
35971 29803 26680 38343 38077 34623 16970 25686 8253 16482 29122 29319 19862 4617 7506 34859 17796 34271 25060 4874 29295 383 2485 15136 33070 36207 35771 
858 28
22834 7392 34062 22416 17179 24430 10146 19659 27959 41066 22454 40340 11440 21582 14191 31775 35765 16022 14690 40762 38483 20929 32478 17128 16268 33086 13691 26177 
1703 29
31043 29956 1 28145 1994 17984 37108 40842 37123 26590 12017 10047 37991 18131 10875 38836 30126 38882 1912 41133 16138 39314 32676 32990 21990 19002 11432 7052 39983 
5929 28
39798 31472 14483 36040 8851 6135 36705 17567 25260 8049 36625 10733 35303 37276 30720 2832 3296 37573 30227 27281 39288 7682 40221 6217 7641 29373 18079 10110 
1956 28
28824 9077 4260 10137 24316 5026 14012 19030 15962 630 34551 40900 868 7345 10620 19512 14329 25606 6747 34472 33601 19271 28543 26548 12076 5506 8020 8631 
2739 29
36722 375 31925 24532 30106 22761 11921 1091 9381 33110 19693 15125 23519 26556 16158 20034 4353 15416 32656 2007 25071 31560 29005 12764 22998 23064 38164 37349 17371 
5786 29
22012 36107 10208 28485 2340 5206 29682 28751 27106 37142 2122 37399 26835 33042 23485 4006 19805 35879 36307 616 22118 26939 33658 1922 13116 23981 23002 10304 29587 
5141 28
36855 32864 10628 39003 24458 21730 13966 8917 10809 26419 9541 35514 31116 31448 15247 29843 2897 35735 33707 38160 3390 5757 36360 7282 18441 2836 2083 29537 
2932 28
10332 38213 18935 19254 9336 38889 23830 30158 35994 11158 30185 27489 36294 5839 13585 36566 17942 35516 4662 20300 40396 1794 33709 41239 315 31802 38632 17538 
4574 28
12606 35564 21118 19984 10111 24295 14298 16810 16684 18767 328 22017 36701 33516 15350 18986 26469 23737 1392 38009 1223 29 36924 38260 9424 26588 22140 7587 
4433 29
16643 34383 15345 3420 14149 34765 21385 8675 35900 17379 22183 4211 9468 1176 14886 21086 11925 39281 31381 12900 19729 35792 8726 32964 7189 28206 19458 32211 33319 
266 27
12350 15429 37699 4335 38016 38816 29124 33006 40518 25464 23741 34647 15243 12508 22715 36465 16451 27413 34346 30001 29414 19777 7725 36470 3640 16872 7153 
4927 29
8272 18350 26754 12532 28008 28343 2108 26139 26688 34068 27548 37679 8611 9275 32907 23561 17413 19334 29331 17857 11164 6854 41371 40184 39623 40772 2778 39602 30285 
3787 28
94 8520 23333 28611 19257 37356 22938 2463 16289 12503 6635 16130 18169 11846 36892 39423 5973 1075 32498 22043 22561 23257 21002 24026 4601 33214 11803 22428 
3387 28
19882 14586 39515 7821 28095 17261 10325 15851 40684 39480 10273 35347 13120 2478 30569 4499 13258 31491 1318 28179 16720 30036 8933 12541 36086 5262 27863 22840 
5505 29
27991 37405 9412 40355 1241 23170 11234 13428 17531 9955 4893 16079 18368 4381 17356 20379 8617 38674 28484 36658 35808 4798 40074 8205 29757 27197 23602 8434 8849 
847 27
30849 17946 35763 16678 19903 13853 13110 1113 18944 27362 15480 9855 3679 798 16280 38064 11321 35123 11205 12550 24329 36902 35179 39110 34606 17723 27735 
3677 29
38073 21934 15979 27244 8319 25952 34750 7336 13795 15091 35884 11298 19135 5872 26146 40662 40773 81 11231 14138 14169 7034 11675 23286 35747 35847 16595 24895 14703 
1499 29
14619 18544 20292 26890 29411 30392 13686 6123 17059 7712 25298 35892 5697 5441 18620 35680 12842 38249 21384 12023 4222 15798 6455 24278 36951 32331 24898 38384 15705 
4989 28
31592 5094 30996 5458 28753 21710 2201 36737 35248 39270 24246 30128 12935 33521 38177 5340 10823 7087 5343 3113 21925 24920 38203 13994 17453 33555 867 23991 
1325 28
18229 19280 35079 21847 542 5215 11613 11726 21922 18799 18891 27992 3357 16646 22112 32920 6449 20098 12972 886 8429 31278 30263 5075 7280 9313 1314 16226 
6728 29
9562 2033 27937 21376 29138 455 18937 21571 15112 2859 37896 12024 24539 33263 5400 1104 30386 38788 3868 5231 12960 18827 2338 37149 37420 1319 22643 16373 16448 
3148 28
2541 1195 20351 39349 17783 36729 2759 86 30795 40869 39893 15920 30739 40784 2314 12531 7693 2234 10384 24577 12218 23970 33397 32326 5173 10983 8566 36800 
5830 28
5905 20984 7904 12974 24400 31068 8378 17007 15826 33999 34557 1395 34854 25284 23877 17638 14077 10471 31751 5989 34988 29926 24350 18288 33130 33650 31292 23709 
3485 28
14611 18210 23211 1488 17391 12712 33776 12947 7805 40156 27182 19408 20667 32091 12665 19578 18236 5803 17237 11198 28950 4956 30409 29054 38768 21063 17934 11898 
6579 28
9921 30916 2137 14720 23693 3932 6284 1625 9294 34358 32723 36467 25289 1226 8051 25299 14363 3704 6552 38548 18762 28848 17494 15890 18420 32872 31844 17410 
3903 29
27143 17969 8340 26885 19955 10705 32242 10602 19157 10794 26561 7409 28838 8865 30520 32555 23057 33090 26048 12314 7296 17837 36648 14148 9989 35936 40728 11252 23621 
55 27
17264 33163 40357 11810 9869 10562 9207 34143 18459 19123 3102 21059 9175 24560 4888 33434 1750 19677 30479 397 4224 13346 3681 40122 18277 18495 7521 
6604 28
27771 28914 17722 7763 41316 26978 8029 20007 41381 13017 25329 35219 355 36832 17739 34590 14523 12103 27961 32821 10004 707 469 5423 36867 28024 1560 34927 
4068 27
14528 22321 35117 37175 28132 4966 25752 28916 28761 39827 32321 10140 31275 10265 3470 31243 24408 39867 32268 33293 4526 27910 32538 13710 16518 33858 38636 
4883 29
29247 5886 18612 28438 27274 13558 11251 8655 5327 36198 33749 13134 2498 40722 15983 35717 35038 3203 19876 23496 20520 26030 27852 26451 37863 21793 35254 7855 16090 
123 27
36179 2008 3899 7431 19079 13098 20931 2379 32886 40389 3307 12736 9281 3557 29953 23001 23725 19383 38201 14947 18934 40490 22371 29464 25677 11196 16428 
1141 27
1633 25467 11148 3189 15561 23698 13190 1071 27854 25911 36920 19802 13079 2182 7256 19749 20558 16241 14949 21073 25238 5269 23258 30602 35131 41015 37846 
5351 28
14753 37987 3145 26907 9592 15676 22592 5583 198 24200 27249 32184 2700 29788 34604 6756 35838 202 21786 27699 32599 38392 14258 11008 12869 21557 37541 34124 
6131 28
36413 34710 10012 23837 31994 10787 39524 35968 23055 36030 18291 39361 18941 25266 36159 3952 10788 19150 20114 30901 29666 11026 960 11229 19527 17110 10498 41323 
6219 29
13231 11324 32248 17437 41145 19331 5475 35409 15559 11317 29388 29832 22814 10167 28515 32828 12370 14554 16155 36089 5081 13411 8560 16642 16137 9777 35029 9576 10630 
3032 29
34965 36819 289 17583 17168 32102 7309 33098 13762 37549 30276 40715 2237 34064 33780 16580 31361 2724 22193 35531 12121 22492 23418 9042 5012 27149 34690 32154 12926 
3052 28
36157 36846 30748 14480 21626 18981 33613 26297 18406 18878 21523 25926 18068 26347 19039 25237 25457 38082 28787 10377 12787 27020 27710 16799 1659 5191 7503 28856 
483 27
29003 3720 32917 32759 7147 4008 24603 39319 4336 37733 22267 31603 23549 8577 27835 34216 29906 7094 782 32669 28364 713 12647 26707 37037 3101 17193 
1237 28
28324 1790 41027 34322 36291 40218 41340 11288 20918 12861 20720 31133 5725 12599 17644 19216 34758 39516 3998 21521 40902 5033 19246 36512 19089 27208 26583 41028 
5240 28
3976 22766 25942 37126 36163 22776 36391 23491 23707 28352 22311 12973 5857 9058 10601 17523 21772 4631 7478 11555 22353 33329 25856 11034 23294 11841 22829 19890 
585 27
30314 17408 35208 25703 10889 32603 36767 30231 16274 21646 6249 34001 37360 16322 24610 29404 31383 24829 621 10841 34219 4101 4483 9036 19418 36792 29107 
1134 28
19321 19793 30113 20182 6505 11831 38042 113 21900 23952 18714 3076 30391 30656 18255 15191 26826 34452 21297 15886 11683 26248 39556 19014 24365 41247 32359 25250 
4564 28
1955 11938 25277 37069 33004 24464 40225 1443 38485 20608 3495 5713 132 6506 31722 28172 9535 25391 13620 5293 20901 6818 33777 6515 36153 27196 39175 13937 
4703 29
1082 4815 19913 31805 25417 35401 10799 19629 29139 847 11713 6191 11301 40092 33512 19961 14674 19891 4900 16125 939 31959 20767 13334 25971 3003 27353 41299 26458 
931 28
15888 34309 4736 5516 36743 20877 8335 7462 13349 27752 13 38688 9188 34820 33942 19529 14476 37639 125 40311 4943 26436 18927 33024 32269 32766 38520 26105 
4040 28
18931 23335 2409 468 18 21099 25580 27445 34193 11941 38943 381 9333 28822 34398 26884 26143 23762 24478 9218 29460 6328 8556 20225 32780 25000 40441 22351 
2208 28
19743 29818 27345 34888 36299 25157 20609 7243 35354 27552 7317 35612 4807 12826 30882 8074 4504 11170 25046 30039 26155 4891 15508 32827 7249 15039 29557 27388 
597 28
22570 12040 4963 33885 16849 32483 20102 9968 16751 22201 26201 13138 36977 31658 662 12833 40799 38462 27359 24768 19786 22484 23264 38799 11717 16898 25685 24775 
5209 28
25130 13306 497 23841 33002 5415 1734 19594 37630 26194 25951 38332 6458 21898 25064 20056 14722 36795 31440 5024 31191 13420 21295 3622 39291 38168 11953 23378 
3493 27
16498 29946 20899 27166 27688 30429 41180 14471 21023 11622 36883 29685 15531 16053 12347 20894 34812 22377 10024 11336 4797 11525 5649 14971 21697 22110 30945 
