141
6529 3
68775 44323 59252 
22 3
55354 988 83709 
305 3
20647 77699 50410 
5171 3
34762 82402 86636 
2997 3
43835 22594 6812 
353 2
47264 27694 
1012 2
9283 75279 
2482 4
70046 97004 3512 81974 
3246 3
51512 67190 88717 
1560 2
1250 60406 
725 3
29318 12128 79320 
2805 2
56915 9389 
780 2
92540 50821 
4026 4
60750 75651 95900 96498 
4245 3
21383 92718 20702 
122 3
58347 8911 60759 
4238 5
47287 28594 79708 97397 3312 
3132 4
81016 72481 97974 7734 
1770 3
48039 92420 11701 
6118 4
63855 99497 37095 88070 
2190 3
62783 16636 6176 
5593 5
95361 31738 66825 5869 45501 
805 4
82419 74505 32414 18306 
441 2
5806 87210 
4969 3
63374 31423 69270 
1512 4
71827 15319 25109 34252 
3340 5
2763 46358 6094 11505 42093 
1367 2
22437 96552 
6324 3
87863 7909 68543 
1655 2
79041 3785 
5516 4
19040 55787 49214 58317 
682 2
24111 19536 
4098 3
63113 37452 72621 
518 3
63005 82213 71888 
269 2
78839 72684 
2824 3
60904 86323 84828 
4925 4
75241 96098 34166 61634 
63 3
47485 22170 86438 
4155 4
5328 67696 83172 82156 
653 2
45530 15413 
1788 3
56110 42800 71123 
414 3
16532 52965 13775 
2211 3
40433 29277 32933 
313 2
47886 34427 
3487 3
61044 21989 79604 
782 3
32379 15978 90345 
202 2
36957 76035 
1616 2
43072 51273 
2491 3
18409 75922 72587 
1514 3
4018 71169 16980 
2062 3
17634 39747 94861 
4802 4
98382 35743 66820 3280 
501 1
80701 
4985 4
24208 3837 71594 49646 
2749 5
7827 4834 99997 231 59630 
428 2
63694 85322 
6044 3
82365 35905 598 
6484 3
59313 13305 73338 
933 2
60735 71400 
5885 3
18009 6428 43653 
816 2
74761 54734 
2990 3
24481 22889 81731 
1608 2
65705 84308 
690 3
52623 9769 87834 
5907 4
91237 74097 42569 62369 
904 4
50886 49569 86833 69968 
1159 3
26564 67249 59834 
2820 4
68155 60849 37486 46432 
2881 3
3806 22464 51175 
2668 4
82200 16409 36520 49329 
973 3
50602 75649 29150 
3348 3
40364 72226 83495 
1937 3
3221 32001 59372 
1340 3
39935 54979 32320 
4217 3
22443 93020 62039 
5180 4
21199 98465 22294 27003 
5216 3
24420 85656 28026 
4456 3
43042 28361 80577 
4307 2
77537 42891 
5265 4
26637 78870 43520 94595 
5205 2
86258 47766 
5158 3
20242 90848 52467 
4309 3
34626 73292 9552 
4581 3
41302 13811 69724 
8 3
7900 36958 53407 
2318 3
38656 50056 54854 
810 2
23946 39855 
2618 4
63616 77052 27884 23032 
5794 3
80273 95051 20612 
3283 3
81944 72872 37605 
4283 4
9562 60598 66634 29614 
3143 4
75025 79965 83832 68443 
957 2
4825 65929 
1805 3
69950 8083 92802 
1146 3
28461 64356 62125 
6167 4
95893 54793 29113 80356 
3293 5
19238 56332 53862 17516 83536 
3715 4
79813 73643 45433 67551 
832 3
129 55218 28116 
1227 4
4455 63622 19126 15327 
1730 3
72483 75912 58456 
2614 2
9522 45709 
3278 5
3060 84697 60713 4812 53244 
5899 3
23211 2731 58271 
1656 3
98095 21151 6032 
4068 3
79191 29367 14676 
722 3
87387 21154 87902 
6309 2
71611 74937 
1213 2
54357 78027 
5807 4
4593 80462 61518 15836 
342 3
22508 45378 53463 
552 2
14124 60981 
1336 3
2568 487 87582 
4612 3
14211 82130 31029 
5971 4
2319 19915 96744 80605 
923 3
1227 7854 5544 
1971 4
8523 97689 11789 60840 
1399 1
5138 
3661 3
66013 50836 22871 
60 2
55474 27359 
4605 4
40470 80781 85683 84063 
848 2
41529 3741 
3425 3
71651 71648 39776 
670 2
30279 7670 
6577 3
34341 30039 15972 
891 3
67258 44060 71587 
4093 3
13303 69160 43494 
3654 5
92337 36676 75444 16667 87486 
3036 4
63521 26043 32491 38637 
484 2
16931 68302 
1075 2
34081 25146 
492 2
78784 51775 
2392 3
60386 50043 59852 
716 3
84356 49044 17357 
817 2
78780 18551 
1356 2
88431 34755 
4135 6
20671 17496 77141 3451 34855 57943 
147 3
45572 71230 45048 
2179 2
59241 30982 
2182 3
41597 71625 65617 
6355 4
57430 32272 56975 93510 
