252
6800 1
70784 
5405 1
32360 
4702 1
37017 
4844 2
70550 66773 
2383 1
38541 
4592 1
20870 
1816 1
2772 
6341 2
13730 69734 
2687 1
15758 
2517 1
52697 
6471 2
70384 64158 
1840 1
50469 
115 1
35458 
5875 2
48083 74580 
2813 1
59120 
8391 2
6802 13757 
4164 1
46703 
1418 1
45489 
9027 3
27283 3827 40800 
9492 3
59118 8295 75182 
1430 1
22240 
6837 2
14382 22436 
5186 2
36796 66298 
2439 2
23084 67296 
6245 1
69536 
1077 1
22294 
2320 1
53283 
5408 1
8380 
6210 1
23206 
2850 1
20895 
9560 2
20906 64658 
6249 1
65916 
7974 1
64842 
4374 1
37110 
8879 2
11019 70598 
4582 1
6578 
7699 1
45518 
7073 1
52481 
9321 3
27206 10309 17565 
3200 2
20294 23064 
6795 1
23470 
3789 1
45278 
4932 1
27890 
8326 2
44447 23338 
7119 2
37384 67075 
1577 1
8176 
2032 1
59828 
8340 3
66826 60291 70763 
5059 1
43333 
2019 1
64167 
7889 3
50634 64779 45397 
4536 3
11375 34000 8505 
7431 2
23336 31024 
4793 1
59445 
6435 1
27210 
2162 1
43964 
8154 1
14421 
6130 2
2096 31105 
7226 2
55140 22115 
2566 1
26169 
5146 1
36653 
5272 1
30767 
8981 1
8071 
1021 1
865 
2263 1
19984 
2419 1
72673 
6794 1
14915 
6797 2
41499 27080 
4701 1
50042 
8421 2
43739 11320 
6329 1
37265 
4770 1
5781 
1190 1
50657 
8085 1
62171 
5196 2
25443 1491 
8171 2
28177 7790 
9620 2
10550 12614 
4039 1
70834 
4056 2
63291 10905 
3605 1
50000 
987 1
10869 
4700 1
7041 
3511 1
74701 
5529 1
19211 
3753 2
10651 48523 
6773 2
52723 41648 
6616 1
15040 
8409 2
44302 26821 
7618 2
10727 71207 
3423 1
74890 
2679 1
6921 
2763 1
69020 
3758 1
702 
3829 1
10805 
1267 1
20407 
6614 1
28724 
492 1
35338 
7112 1
42209 
4117 1
59549 
9165 2
51972 62107 
2280 1
52892 
865 1
31100 
7949 1
10943 
2712 1
2990 
531 1
20666 
5357 1
70342 
689 1
49264 
6766 1
18937 
5193 1
16879 
487 2
10182 38882 
4608 1
35806 
742 1
37032 
3064 1
68486 
1489 2
29087 54346 
1759 1
43195 
3147 1
53187 
6787 1
56297 
8990 2
49910 39478 
5407 1
35507 
9085 1
38762 
2704 1
71127 
6845 1
24472 
5004 1
43909 
355 1
50107 
4487 1
46764 
6018 2
70940 1831 
6885 1
70734 
3976 2
1676 59907 
945 1
17640 
3498 1
52890 
7707 1
64042 
7588 2
33252 71861 
7600 1
908 
6821 1
44657 
9837 2
35408 56032 
9833 3
40997 56795 20411 
2526 1
15514 
2528 1
71629 
1396 1
60307 
9212 3
3019 31661 71460 
3889 2
66248 42526 
4200 1
57091 
1790 1
46996 
7037 2
51822 74595 
4113 1
63215 
5923 2
36801 3815 
1670 1
63699 
6815 1
33275 
1811 1
56533 
1976 1
15469 
764 1
42118 
2211 1
39465 
2926 1
73411 
4150 1
16955 
5776 1
24363 
9075 2
40744 33817 
6919 1
44871 
54 1
56825 
7589 2
29341 70220 
1666 1
387 
5862 1
6149 
5748 1
39755 
3629 1
21854 
5077 1
4645 
2985 1
38555 
3478 1
45620 
8434 3
64159 12633 24167 
7948 1
19290 
6093 1
75218 
6645 1
5199 
5122 1
10857 
2848 1
34505 
2809 1
12923 
8175 1
69713 
5666 1
15085 
6505 1
65697 
3530 1
53738 
4977 1
75113 
4969 1
64820 
4823 2
41605 1882 
1386 1
17906 
7818 2
46141 3183 
6653 1
7845 
7678 2
22607 51503 
387 2
61626 13266 
5113 1
72253 
2362 1
14790 
1020 1
45304 
6317 1
35965 
8005 2
2710 31833 
3417 1
69624 
3303 1
41939 
5364 1
33931 
1015 1
26325 
3682 1
6487 
2462 1
15161 
2596 1
16923 
4291 1
37400 
2661 1
27447 
8540 2
21149 13311 
8763 2
8460 41787 
2912 1
31030 
6565 2
29136 24442 
5438 1
29474 
2460 2
29126 26778 
4818 1
63975 
4881 3
56134 3415 37950 
6415 1
39105 
968 1
6856 
5042 1
12050 
2829 2
43839 69412 
8774 2
53021 35871 
4307 2
11991 20592 
5216 1
26832 
1022 1
32654 
3782 1
61465 
3810 2
24522 4908 
3688 1
37708 
1168 1
29035 
676 1
17494 
3652 1
23283 
4170 1
43494 
1590 2
56862 52633 
6076 1
52718 
2074 1
67470 
962 1
47066 
8201 2
71330 11562 
4142 1
42310 
2450 1
27635 
2920 1
72756 
6116 1
42202 
5487 1
24112 
2811 1
51225 
7241 2
41806 36275 
2688 1
18661 
1348 1
30955 
6578 2
50623 43329 
1502 1
57783 
3439 1
39851 
5963 2
59611 17323 
5120 1
274 
8785 1
61276 
7343 1
73551 
1332 1
66572 
7489 2
71846 57945 
1693 1
44490 
9580 3
26489 66499 21989 
5160 1
72880 
2792 1
59150 
264 1
31632 
3806 1
14066 
4288 1
43559 
