116
5884 34
16617 9648 10195 17040 12757 18838 7565 15391 5228 4823 12922 13267 14374 4766 14327 9671 2773 7785 10142 5495 7377 9598 12291 99 1040 11511 1742 18676 568 14963 16340 11236 10513 6632 
1371 33
16207 6763 2837 2745 17020 12932 18729 6377 8285 1505 17838 5948 5742 15255 2014 15955 13647 238 3876 9937 7408 2869 15211 4849 11676 8211 14188 898 13210 17202 11866 12406 1985 
6595 34
17881 2209 11546 14551 12368 12765 979 2559 10151 14891 12857 13675 537 17985 17731 6260 15351 2896 7427 15413 10985 4624 461 6307 14380 16777 5554 11918 12789 5529 5499 8971 7990 13458 
2645 33
15763 14034 15852 16461 18005 9722 643 4105 13399 3743 11835 16230 2480 1908 11210 4730 12386 6279 12596 7496 9039 2736 18549 7027 9545 3361 7265 8158 15024 3199 6183 13346 10604 
1540 33
8271 6846 1536 13321 12069 4106 10445 2426 13551 4237 13007 6693 13752 17440 1793 13002 67 7357 12693 14972 10780 3995 15003 7907 3794 10167 14973 12427 7160 5294 4398 3210 2507 
6623 34
9165 4790 5094 13472 652 10603 11537 2081 9860 2895 14815 6041 7002 3810 5275 14809 13211 5813 1851 4497 989 2752 14328 8234 9112 16940 8033 16053 555 4321 10502 4921 16628 10213 
8510 34
7232 9939 9313 4292 15247 16301 6625 15812 6493 13530 9527 15388 14494 13244 8565 6655 8706 14294 14681 2681 10795 16314 16147 5467 2696 11367 6391 4666 10137 14192 4203 9130 10842 18107 
4224 33
8278 9290 2348 10438 10471 13702 187 11799 9763 13839 16795 18524 11386 8195 927 3992 7193 9359 7784 5990 1965 17458 13976 5596 4191 2066 4994 12036 15338 17291 8474 5324 9988 
6346 34
6776 8688 6019 14828 12975 2270 1970 13359 3280 5221 13773 8242 5750 7658 10485 14257 8917 11515 3757 14883 12976 8945 9938 1762 9639 7222 13331 8830 14926 13145 9702 3179 4017 6141 
4358 33
8250 5834 5139 7577 4575 14889 3401 16456 9052 4665 1910 8641 7953 2883 8032 8664 2123 1250 15249 13238 13994 16974 4523 17317 2829 11538 8427 3867 15342 5700 3961 2146 1422 
2963 33
18410 2813 4049 6231 5942 6596 12371 4552 7441 16096 6777 7046 15972 18329 1275 17863 198 15387 16273 10431 6202 17303 5420 13720 15608 8097 13746 5300 18634 15192 14854 17528 15221 
2074 33
16540 3195 14598 14629 8312 18583 14485 553 10067 18803 11673 9897 18042 17758 9295 1018 728 12272 6060 8867 17408 1357 4340 4608 13580 1807 1567 2849 14569 5371 16279 7648 6145 
3988 33
8398 16519 1545 6685 17322 17536 11107 10989 4053 3942 18081 3510 3656 6401 12279 10272 13249 8873 7151 1036 2090 12194 8918 14425 5155 11692 9555 16371 9199 1034 15037 14869 11198 
7888 34
18287 6226 11801 881 630 1132 6045 12852 18326 1990 8455 17702 10247 6488 18767 15961 1049 3489 659 16547 2915 4567 7736 12044 2558 5475 2716 11433 8031 7452 17678 6649 1331 10683 
6286 34
10293 6638 11706 18765 3076 18486 9024 14644 661 8079 18749 17565 3363 7269 12264 13008 7733 15574 16711 1999 15606 3174 16305 15960 558 17005 1797 13366 18740 17818 8583 3391 13621 3907 
6065 33
10045 2609 10859 10793 18110 11606 16736 12056 3232 1249 8859 900 9123 3015 6580 16 14870 863 6464 9508 12426 14065 3595 9556 9606 5477 6642 4253 17879 15952 6712 11658 11610 
7819 34
8047 16261 6375 10731 13838 4566 12214 5298 17365 16917 3506 14937 16783 15759 26 14823 3783 8226 10159 16603 13961 15934 11006 268 3899 16386 5384 15709 1574 8472 5903 10245 6905 13392 
2731 33
16178 8568 10070 17002 12039 4351 11841 3705 289 14476 1953 9826 10193 13369 11833 3287 2121 15670 11886 6592 9881 189 18220 4810 12421 10643 16630 14420 10727 14700 11310 7398 5056 
910 34
7333 1345 15958 4753 3057 13872 9908 16860 9925 18697 1540 18136 10047 18243 6563 11184 7974 9597 6674 11221 9092 16463 15830 7631 14592 3979 4840 17337 18171 2103 18525 8292 4100 11233 
1166 34
1627 1349 4138 6564 5260 15023 16336 12422 3644 14157 13104 12535 3912 9423 15320 3078 13325 3138 10772 7793 15741 3197 16090 7716 7187 10209 16179 7220 1342 1570 2160 5528 14243 4196 
6725 34
5031 4989 15297 12114 956 17472 14331 12834 3864 17195 18059 15489 14834 4879 16086 6295 10639 1387 13246 6970 8487 3920 16455 645 12193 3630 10762 5255 8465 2400 5405 18277 11689 1 
3471 33
3988 5079 13383 708 13615 12215 15909 18174 11439 17620 7795 8279 4646 3617 9708 12399 2634 14043 7556 12444 13109 3513 16092 15285 14962 18224 13368 5953 18484 10681 11177 14997 2384 
1076 33
8131 17821 11598 14488 14084 14296 3105 1024 15194 8805 11267 17958 18119 1781 16260 8889 16782 5735 13971 16367 10220 10215 7455 1475 2224 6068 15200 12169 6453 17477 9603 15870 7056 
8101 34
7763 8822 3696 12168 15977 4449 11077 12807 3908 7024 16739 145 2926 17319 5723 6812 3143 13289 17835 698 9498 254 17643 9547 13220 9562 476 13082 16324 3742 3185 17659 11901 9318 
4303 33
15694 1455 3374 8970 9589 11856 13836 5830 11716 2767 7185 10587 13318 14110 4544 3130 205 12074 4073 1096 15575 14571 16598 8506 15808 2235 1704 12082 14605 2495 8406 4272 6191 
4836 34
1543 6132 950 15025 2363 18068 235 5225 17631 10876 40 15354 949 11895 12456 642 12247 1707 6684 7820 6021 9675 12972 11143 11778 17574 13184 566 17305 8382 4200 10790 4690 10623 
1253 33
17747 13557 13510 13981 12226 3186 6262 11437 3338 2343 1878 18444 15887 13753 16873 1618 8913 11489 13742 5860 17500 9943 11715 2273 4001 18209 1127 6822 16249 11222 6652 5973 2247 
614 33
2136 14268 18254 15761 11632 10181 10556 14880 15349 14522 10794 17362 8965 18716 13294 11151 15800 9391 13272 1961 16937 11055 14094 12103 2117 7133 134 160 201 624 7905 8779 7734 
1418 33
3408 13609 845 15466 9802 3811 14779 7308 13059 3303 8741 6423 5333 16411 4605 14047 16160 11396 5378 15479 4291 1636 2326 10165 16299 11067 13265 18156 4385 17606 2253 14692 6467 
7014 34
4660 17832 11663 15183 14145 13740 7131 3927 4236 11075 9090 1701 3554 12603 9740 7164 341 10244 1789 10949 6567 2621 12538 16464 420 11887 6115 12418 3993 15970 13427 15802 16076 8952 
7400 34
1689 7177 18499 10837 18667 5366 8029 5126 215 11781 10467 17224 2927 2190 12967 2089 14665 2871 15908 2258 11738 438 9310 17748 14695 3977 4126 4007 8550 16556 13631 3865 9786 12859 
3562 33
15545 4146 11766 8571 335 10146 216 16954 18339 5578 5296 13858 6429 3360 1992 17749 17876 14315 5183 6891 9129 17380 10294 17924 3225 14969 5878 1503 17028 2906 17004 6153 7493 
8146 34
9474 5918 5165 9637 834 6539 12627 9521 10832 10473 13457 6337 15447 11690 16947 18300 16633 11449 15516 13614 14052 7202 14144 13494 4525 3829 13624 15337 15735 15471 7157 3325 351 1016 
87 33
2670 17796 16918 16676 1723 4792 10494 3042 13553 13913 9738 6558 203 16859 633 7260 18299 16952 2610 10721 4420 15797 5893 7368 7548 16509 6850 968 12388 4286 16099 13723 8122 
4820 33
10100 4506 6500 12106 8978 607 12728 1790 7594 11307 13257 127 551 415 12655 9530 16845 16924 17537 2512 14759 5448 5678 17282 18557 418 4981 12819 13826 6114 3271 3537 4129 
1149 33
3318 4056 5353 773 498 15372 5279 15834 11291 5327 3460 14263 11059 10207 3897 3366 5979 1193 17868 4650 6636 15736 11705 5571 1512 17875 2438 12509 14306 8929 2070 15699 9098 
2240 33
7351 18737 10924 14183 18319 17162 18406 9552 1868 3463 394 5882 5431 759 3204 4993 3556 7749 4415 4672 7457 237 977 13579 4519 11964 16578 9169 10588 16444 12772 10253 4144 
1213 33
7732 15642 17689 2368 5661 18674 3065 16281 958 3037 9977 2490 13198 3599 11687 3631 3838 15495 9627 18482 18663 600 10427 41 2791 212 14851 5772 3089 14575 10421 66 10609 
7862 34
7388 17680 11026 9576 14524 1891 7573 10633 231 12244 13683 13533 11379 13441 7014 8797 10652 7237 12917 3215 17352 876 5600 16395 5084 4871 10168 16614 1660 18625 13255 9726 14350 9163 
6379 34
15975 4180 3365 6486 11472 11684 7914 10180 10114 10241 15427 6096 12255 14817 2423 12334 14512 16483 8535 14848 7644 16841 16426 6091 451 6175 13286 412 13287 18496 2435 17502 7609 1554 
6801 34
8004 7552 7706 13942 14107 2646 303 12861 9160 16731 3367 3110 3784 16129 7042 1778 17710 9753 15220 14419 5083 2987 8678 3118 1482 6484 5331 3924 9440 12310 7935 2509 6232 2550 
5731 34
7766 1802 5598 13326 12338 12494 14729 13923 9526 10885 16533 4880 18742 13207 13094 7504 9835 3517 13065 8484 4341 10844 7155 16511 15653 13928 14085 4644 1683 15496 12988 14147 17052 1949 
5195 33
3302 3731 4844 14113 18206 5778 1295 5158 2301 3621 11976 6261 17508 423 16910 4064 15585 11848 10152 870 15224 1207 4395 16029 4 2412 7678 16508 4029 8231 5267 17708 12314 
5878 33
7824 7913 3243 3994 5838 14288 4943 5549 16462 1583 5731 1996 10733 9093 15644 7124 9263 2901 7120 13420 12701 12458 1285 10598 13138 8467 5124 15938 13807 1432 9993 3474 6065 
3078 34
7421 3734 385 116 5641 17501 11363 688 5689 1292 17297 15865 3690 11939 8580 4091 5019 928 7075 18819 14439 15712 9393 5869 5947 6190 4977 15144 7761 4332 384 5664 3240 14562 
1555 33
4327 5960 358 4886 7509 8782 18505 10890 5436 582 4750 6200 8091 16715 8891 10432 10042 1998 15533 11729 1557 10492 13523 11137 11904 1196 188 14458 15004 7904 3561 8666 8502 
5287 33
16616 11580 16107 1692 2908 13982 9905 17554 8963 12663 2618 12999 14391 12251 15041 18190 11929 16945 6072 8991 4852 6433 2026 2048 12562 14223 11127 7194 9378 12911 9892 16062 15165 
7866 34
8273 14019 13770 1298 12955 3369 10898 2036 15118 6981 10701 9023 1622 16031 12788 4776 12960 253 12874 3827 8094 13537 12964 14920 2248 10043 10040 14713 17096 3553 16300 18083 10021 9767 
4025 33
16750 5914 16881 6151 14526 10387 2694 7670 7925 10367 6768 12171 11808 18693 16125 2881 3182 16351 13825 17830 10578 5558 17570 5041 14791 1785 12061 3084 4881 7523 17424 9274 14325 
447 33
2241 15080 12895 12122 15883 13358 10694 18207 3895 37 4439 8057 9079 13544 13714 14124 11002 14055 4047 17754 17800 10939 12722 16272 8983 4641 14153 6565 13169 3718 2761 6520 11813 
4790 33
17562 3546 5063 12394 16013 7955 14318 7643 16173 1189 5440 4462 13063 14165 12775 16258 1253 909 6117 1721 2566 982 13322 5207 8713 15398 16121 11039 9488 1128 8251 4822 9481 
2044 33
6871 1317 1163 12127 8960 4409 3241 18776 16806 9909 17363 6990 9436 2782 5182 11400 2307 9462 2110 4832 9 12268 2771 3389 6460 14641 6446 3184 22 9731 15053 3128 13001 
906 33
1760 7135 10016 8758 1607 17258 6265 14482 17573 3375 11038 8616 433 1950 18137 12725 3692 2647 6245 4803 13889 15454 8693 3373 4344 976 11670 13966 4940 20 4583 13362 18719 
2818 34
8265 7389 5619 11563 13761 16854 13428 8820 10399 4394 12318 14766 13925 6431 11130 1798 13520 1066 11161 4215 6996 9119 11402 4329 5 7741 5865 13058 2195 18501 6404 15825 8360 15169 
1384 33
1755 7026 10104 3780 5981 4980 13434 18656 10418 17641 5952 16637 6408 8860 3769 5437 18777 3746 8113 13344 14194 7289 12869 15229 18599 16794 463 5429 2463 877 6639 6609 8526 
37 34
16345 8587 3583 11123 18513 11412 4711 13158 3793 14430 1450 17609 11072 17518 11063 69 13849 18004 11116 7630 3512 17425 6157 751 17553 1377 15189 6616 3064 2079 8979 3608 16112 5249 
3772 33
16119 13490 14919 2635 4952 12208 1553 15723 10389 4675 12080 4701 13783 18021 17556 17034 8941 5387 13939 8734 5247 1941 623 5379 4694 1375 10820 5871 11568 961 14379 9791 2156 
4580 33
16254 7494 9344 17412 4148 17496 3674 13029 1462 8974 9073 10889 11447 15650 15843 17951 11285 9328 9298 15029 9031 811 2592 2960 3955 5814 6124 5282 8448 14025 12004 11344 13730 
6537 33
1320 15981 11995 18539 5617 17899 15207 2931 1569 2223 16506 11312 12342 10426 4121 8513 11330 14260 3038 11601 3861 17462 10827 10463 2796 828 18082 13524 18211 17454 8110 15075 11317 
2043 33
16296 8416 7179 8757 5728 11941 10391 12881 15201 7807 5211 16267 2180 13151 15155 13804 398 12825 9580 14820 9008 4818 943 12252 10020 3949 1476 11159 4246 8371 14360 12545 18131 
3026 33
7837 16623 10199 9946 17226 4857 14191 12031 9133 4549 11708 14097 17338 6601 319 10057 11760 2616 9694 11613 4190 12241 4317 4554 10572 15564 8792 12295 715 18649 9862 994 11671 
5250 34
8025 3807 11763 12985 14123 10089 5839 18833 1142 12756 3069 12197 17289 15378 14196 17929 13019 4598 9651 6860 16176 15465 9723 4112 9048 14777 8812 12381 5782 11727 802 2443 15061 7476 
1414 34
1975 5927 5516 15013 11688 14867 7827 10811 8716 3533 8900 16412 12937 8507 8404 12563 7287 16773 12560 15215 9581 16493 19 12889 18473 13591 7722 13339 8724 9083 4096 6932 16643 4041 
3681 33
9725 6692 5234 5555 15912 89 882 8801 2775 2551 2229 13908 18049 17475 7949 8663 3502 9683 7018 11435 18060 8912 15170 6974 9103 12749 18458 8832 2652 13954 15069 3670 7117 
2989 33
5104 5168 6281 15234 15097 98 527 16803 18222 6603 9171 6930 12683 6241 10161 12022 7198 2552 2219 8485 10966 11718 485 825 16989 16306 8233 887 15615 16323 15493 5996 9227 
6792 35
6814 16355 9340 9117 2660 15137 533 14776 14941 256 10505 10841 14193 8302 2418 11827 18011 11275 2155 16607 934 953 5784 2045 14152 12372 17116 871 13395 12041 7757 888 4919 7743 5377 
6251 33
8994 9071 16946 6405 4861 2631 18348 11685 7062 1318 7579 16976 5887 8222 12951 7008 14024 9936 8730 5913 10634 6772 7019 1213 3342 1959 16481 11994 15432 12395 9433 16815 51 
4869 33
8313 9449 3142 6159 4898 15470 14705 15692 12217 16561 5392 155 2733 17397 3393 15054 13595 11834 13079 5239 14020 8646 7402 8627 16020 11593 18784 17811 6836 9001 18541 15488 18572 
3706 33
1680 3001 6048 14422 14460 10230 3962 14210 3422 9135 11862 14411 14289 5188 16263 9284 4528 13365 18448 10183 17789 7710 8227 12846 17698 18750 15923 603 11562 5896 17590 11295 7231 
670 33
9841 9516 8725 2439 622 10745 202 18432 9170 11983 651 15044 17269 5465 15869 14426 2471 15695 11476 16879 1225 3020 11162 13660 18019 6725 7849 3214 12546 9877 17822 7961 3392 
5542 33
7929 6739 5295 14630 1648 15998 2966 17413 7532 13946 3526 7246 9331 9542 6857 14253 11477 6788 7800 11241 1714 10466 12157 8287 3914 15682 4561 17979 305 9618 4135 13855 4915 
4754 33
1805 8906 3611 2575 18559 10692 9002 15482 11893 16869 12228 17892 493 14098 12929 3726 8525 6727 8197 17630 5977 3424 4726 7621 16819 6297 13992 9120 2718 7190 16589 9520 18770 
9082 34
7780 7257 15532 8947 12513 12035 14120 10488 9415 301 15866 4405 9903 18346 5065 9817 8318 16285 13905 10106 15673 3830 13487 14250 1539 1218 18607 6394 3378 11536 1296 5200 3459 2059 
4551 33
10611 15422 14413 11891 13846 12617 14118 16634 4625 6495 6333 8093 1135 15123 15929 18769 7845 7045 3416 14487 7723 7122 5710 4585 4406 2749 10651 8447 18714 12883 9997 6581 12607 
5992 34
5205 796 11183 15032 18183 12333 8128 5123 17696 3419 16413 13192 6778 8014 10425 4846 5720 12816 16737 4746 17757 1876 1421 4715 4149 5701 5229 11224 12356 12353 184 6710 105 11846 
5990 33
7219 6781 10141 14538 15219 12465 1086 3990 7299 5962 17394 15505 6466 3652 4306 13696 7796 1895 10893 13067 17381 1326 917 5349 1623 5427 16955 3986 9072 13921 13680 11046 11434 
4446 33
6465 17243 2419 13271 18809 13053 10734 548 15829 13694 13877 6536 144 11385 10725 17992 17300 10730 2058 14111 13690 11388 15344 5469 15077 16404 3357 11176 11686 13332 5786 13911 8754 
2563 33
1993 13705 8879 10108 679 18821 11505 2838 5642 2996 7453 6247 3578 12700 5647 2627 9856 10561 2804 9224 4282 10902 18643 12981 23 11010 16712 2250 15322 4059 10308 6205 380 
3596 33
7168 5423 18700 17515 15390 333 14936 16863 6589 680 10332 5035 10381 6701 5715 6343 218 4025 4972 17510 5461 304 239 1007 7783 9882 1599 4264 11469 1507 8099 4444 18433 
5274 34
9355 1440 4829 407 2105 3173 11393 9951 1896 8601 1855 16458 14224 1854 11052 15487 11611 13388 16398 10538 15660 10 12876 6140 15286 4256 7938 13767 2255 13686 1070 13666 3359 9147 
2081 33
3686 5332 15027 12561 18135 7087 5022 17342 4446 15175 2543 7192 5362 17685 10975 6541 7575 2886 176 14493 12584 9285 9243 11554 4285 12055 3300 8739 12363 5611 11258 7663 12290 
5889 34
9430 2465 9557 1095 5100 11587 3500 9057 14291 17900 7342 14986 5511 9435 17674 7165 15095 8961 16344 1733 12905 13347 2262 12928 18594 13996 8868 2416 10550 2740 14530 14146 16663 10117 
2723 33
7626 8742 3436 5299 6345 13754 17009 16118 13899 13305 5297 17855 4729 13563 16074 536 9933 5453 9852 3577 4027 13361 17695 2331 13309 14769 2614 2005 11315 3694 18381 13330 17723 
3272 33
4194 12420 8376 12747 4763 5024 17059 7392 2676 18552 648 10017 2213 3494 16856 5428 5062 6890 4735 2312 8347 3812 1662 2115 10600 16227 4828 345 5759 1260 18687 12484 12153 
4645 33
7254 11947 14401 14786 15252 11709 15458 14568 16606 8374 11042 15395 17140 7813 522 17092 16758 10616 11967 17919 13230 7334 3646 13528 12748 8449 1403 4044 11900 4515 3216 18480 1166 
4471 35
9361 3974 12212 1080 15704 4984 10356 8657 4982 519 12148 4673 4936 11475 3860 7782 4717 15475 10883 8070 14879 523 13726 17070 6349 4551 14831 13650 10577 7681 18318 3435 5355 15451 5891 
727 33
6230 15250 10645 17050 18262 9983 2562 4435 15034 4366 7574 8894 12787 16642 7422 18703 18685 8421 447 7116 1265 15629 17586 9453 9050 10940 16919 10428 2107 8277 16735 4383 1761 
442 33
2280 18795 3884 8333 11700 14063 18223 12083 725 4131 9397 3396 8845 12532 15257 7390 9850 9242 16237 12992 1906 6955 13103 2372 14740 11282 18247 5307 10030 14685 5545 15358 15143 
1504 33
7119 3957 2454 10903 10716 10353 8715 6384 16407 8430 5737 14957 3025 4195 13931 10947 9010 12785 16152 6086 17191 10179 12261 14680 18603 7447 6742 14346 2893 15084 10363 11874 7236 
5219 33
8419 9866 17402 10976 15301 2216 8210 3664 5785 6591 13250 10944 381 12576 2806 6511 11894 8037 307 6572 14634 14202 2943 13483 5000 4654 15721 7104 1499 15734 15244 9047 14466 
4746 33
9630 3200 5137 4384 7883 9457 16851 13273 8149 17276 13282 11171 5880 5964 6971 10441 10666 14339 8528 17077 1514 431 17382 14558 15100 4174 7451 390 15569 17839 2011 7459 2833 
1204 33
7324 9894 12253 13909 5636 16781 13758 1593 15130 1613 17185 4235 17802 9152 15433 17893 1315 6292 10787 9230 14607 15499 15420 932 830 10622 18316 16746 12433 12953 4212 2641 2563 
4501 33
1811 11699 15248 13102 16194 9447 1750 4223 16929 17514 18130 3960 955 7787 12235 15050 18582 17122 9312 14048 3826 18376 9259 158 13755 8934 1001 12624 14394 3202 16127 13090 14659 
358 33
5390 991 7212 7959 10617 10342 10785 17278 17595 13699 365 15197 3209 6762 6085 691 14667 15701 10408 10941 13586 11284 14101 18218 13816 8529 7906 7311 11091 12642 14453 1042 12549 
7260 34
4060 17245 12229 10163 11643 16613 9727 13105 859 17736 13419 7872 5284 13796 12191 2842 16410 15875 6428 2332 10455 9833 11892 6977 944 3891 11071 15021 7707 6354 14338 8600 10012 18399 
3145 33
8759 895 11662 7808 8836 8276 8709 3006 3253 6066 5481 3442 14885 17395 7470 6617 13566 5959 16995 6216 286 2182 7916 10749 4065 5779 16151 11079 16855 17742 11695 14752 13462 
5366 33
7588 4157 2346 13219 14935 10843 11057 10934 1581 11272 8482 9978 18734 9616 14397 2478 13583 4872 17652 2293 6842 12512 11987 5152 6161 14738 4207 11338 421 16612 5033 16833 4757 
2683 33
15743 9369 17486 17216 5036 11629 12618 518 3708 11940 8821 4698 14033 16537 14960 18492 12271 12317 9194 11838 3330 6277 7148 12246 8904 10275 12025 9281 16588 14939 14505 15315 12595 
1757 33
17864 3504 2599 12206 2197 1897 5921 8477 14079 11569 2878 7835 275 17036 14507 15362 5568 11424 12958 18679 2727 6427 5325 15324 2344 4696 18600 12963 9014 17511 6523 11452 8719 
2314 33
8740 15174 12547 18638 584 11014 17158 18630 16951 18338 4863 3277 12431 15594 1595 13891 14424 16662 1642 13880 10085 10570 17795 17813 9534 1674 777 15663 2715 2889 9586 17106 14197 
1094 33
7895 3012 12758 1283 11140 3872 17467 8494 6194 2469 10056 14548 1190 12121 12350 4457 15396 7080 12222 12776 11773 7149 12557 14893 9472 16867 15089 11292 8454 8016 9653 2861 5053 
3121 33
7701 4147 2863 6338 346 609 16294 7030 14484 15384 1489 5220 12242 10724 14966 8581 2446 10863 3999 14648 6538 6643 15103 6786 7003 14521 11432 15771 15331 916 17280 471 11306 
2844 33
7350 9635 11652 5780 12005 9316 1012 9345 5493 18352 2188 14174 13475 13485 18622 16478 5055 9828 14219 5060 3682 4176 14213 4057 14509 9085 2039 10004 12835 11105 2108 13953 10736 
2105 33
15985 2719 4969 12678 5005 5070 17420 7426 9138 15801 3765 5704 788 8280 16284 11905 1986 18244 8205 9303 6028 16081 1604 4349 406 9116 13185 7680 5185 12344 2440 15705 16839 
4730 34
1575 14280 12729 12167 2952 5510 543 3170 7312 9646 12098 12492 6673 15963 1494 965 4352 10216 7001 4568 10034 530 8154 15005 15343 10656 14478 2784 3785 5414 17812 1509 14892 10685 
6767 34
6800 4229 3447 4900 5669 11604 15347 14000 14975 5993 14797 2708 8589 10816 4601 17296 1454 5479 16827 4324 16601 9404 18474 3104 9907 18125 14272 9785 3268 16707 3678 486 9701 5476 
4251 33
8157 2722 13516 14092 15822 15243 15317 8696 2697 3150 10007 935 4361 15548 15049 16729 14508 10563 3080 17646 8870 8885 8764 12419 5435 13006 5842 5434 4414 10654 14915 126 18575 
4099 33
15772 2141 5854 13212 2728 17546 12052 10110 1120 10663 16844 9267 13400 2855 3136 12587 3235 9965 3902 11083 4471 6370 11204 323 9234 4062 3567 18743 14087 12689 18259 14359 9742 
5620 33
9649 8768 17978 13195 16757 5936 2096 10999 15166 13093 4479 15924 11830 5594 3853 7400 2737 11747 236 1533 18462 6832 18422 13814 328 14212 16085 12159 7186 13480 18469 11332 1364 
4058 33
16212 10330 17665 3063 4021 18661 12384 7633 16331 1111 7817 4289 13803 16282 8610 10242 17208 18290 15659 9416 3607 13291 139 18127 16218 5026 8121 6406 1644 13469 482 16201 13253 
5445 34
9857 15526 6148 11605 1884 3968 6570 1082 1237 14719 13665 2612 2591 11567 4336 6372 9665 6867 17172 13562 9506 13319 6548 9038 3129 9528 7320 1379 13512 15510 17369 7058 7228 6817 
5872 33
7831 18550 18788 12128 10044 17530 8733 9041 4085 4181 8722 12133 3208 3680 13387 10235 13785 923 13651 277 14613 11954 13329 16402 8591 7754 17167 13636 14670 18590 5277 8437 4563 
1116 33
17642 17136 427 54 10938 15017 7617 13312 6839 13080 15859 8036 866 168 3643 8003 13535 5597 13559 159 1216 10190 11377 17711 10457 10202 13663 814 16776 2166 7082 11864 15905 
2795 33
9749 15730 1448 6573 15401 10946 14597 10953 3817 3894 14545 18301 18681 6324 4348 14534 8426 5616 12011 7021 18227 12447 2593 4429 11908 8630 13776 5829 10176 7596 10092 10829 14455 
409 33
17104 11440 11219 2340 10687 17400 1748 3839 17663 8411 11108 17701 8178 7107 11 12475 9473 1631 10579 9503 8457 11559 7487 2858 1405 6438 4961 8515 12230 5071 872 17131 6180 
209 33
16542 9575 9427 4480 2444 11621 9923 13037 1087 3737 10178 564 6551 3854 9733 7483 4185 15237 14237 11823 12820 8160 502 1804 14980 366 1191 12950 15557 13674 3487 12020 11877 
