98
4542 7
58322 69352 7641 79049 78936 77391 45530 
5183 5
78601 25466 55986 77879 53469 
746 5
70640 73946 40780 42403 25867 
1047 5
20699 62843 37693 57417 89027 
14024 6
93222 86642 66276 37948 10434 49425 
1539 6
30050 70187 81597 68063 69357 87444 
1656 5
51155 42092 2732 38363 55034 
456 5
58115 74875 345 40483 3349 
4613 5
19394 56712 25678 40388 31184 
1099 5
73101 32141 5283 5349 2500 
11057 6
92842 68908 45723 10981 35250 78101 
205 5
6068 57234 81067 63458 82255 
6144 5
69621 47088 39853 14536 13595 
54 6
57165 73813 33616 94233 61958 28633 
1973 4
73557 48797 25760 4099 
13476 5
19703 46451 23108 70952 22273 
567 6
8085 19816 12386 89417 74652 86434 
892 6
4047 90614 37634 71236 50356 4667 
3417 6
711 5297 59591 5858 70351 53651 
1270 6
6904 36797 43262 12955 73452 44561 
1007 5
11407 79545 31330 24403 34148 
3322 6
66770 59721 80256 64567 73342 53235 
1591 5
37955 18632 14507 26587 47639 
720 6
69786 6512 36512 73191 24987 27420 
775 5
59485 36900 32139 74115 90098 
4307 5
29383 38104 2277 53904 85001 
2175 5
12954 60018 53354 15607 94175 
839 6
29666 40519 55595 8022 29976 31595 
4538 5
14981 32737 87931 78680 70131 
11660 6
32583 51932 15056 58226 27402 60850 
121 5
55593 45795 91725 56232 19905 
1259 5
57516 86667 49624 36244 32882 
9977 7
86357 94519 54542 24166 55056 39975 26485 
2738 6
95669 60934 53653 2153 92612 66580 
9130 5
43505 53404 3229 34585 80674 
14370 6
36440 47616 92761 56699 47640 76487 
135 5
60964 16802 58607 69808 42146 
7296 5
2781 46260 22418 76478 56245 
1405 6
4614 23483 27597 45404 17608 68972 
3362 5
65540 87189 18344 87018 74530 
1097 7
48553 75327 25906 8526 22951 31403 88791 
356 7
44652 25122 13290 16608 31129 33018 77258 
8465 5
63658 71758 67526 79178 72167 
3249 6
49787 27348 85047 5403 92335 21649 
1850 6
23036 62111 5387 22823 96040 7930 
11049 6
71352 87395 58399 63551 2081 86460 
2 5
19597 23193 20986 8241 69487 
439 5
28057 5497 63588 83471 59618 
5038 5
24107 86430 29485 16614 7491 
4899 6
59423 5222 54595 46136 27139 39710 
4821 6
8825 7851 51577 34240 66941 67619 
3321 5
89528 59317 40089 46458 58621 
1406 6
78205 78990 32903 672 1359 30983 
1801 5
25947 53744 69495 17720 16391 
1467 6
16741 66557 24381 45660 80285 83494 
11736 7
65708 75035 25649 20886 75430 82124 89610 
9542 6
66109 72143 74625 69698 47971 92532 
4608 5
34349 94998 82486 43547 49156 
6113 5
90026 78562 64188 92984 3447 
79 5
8059 29568 93460 15112 16999 
1067 6
11826 65811 22281 81646 90846 33633 
178 5
19218 17788 76169 69444 59188 
10152 8
76352 4827 72894 80289 41030 13334 95182 84019 
9061 5
9067 71159 12323 60234 65949 
1283 5
91657 15382 22499 52623 6267 
5006 5
5091 64049 31716 23637 2138 
14359 5
3760 3986 727 25089 50420 
10463 6
76555 6935 67477 33842 63519 770 
1330 6
5251 62801 80554 89309 75356 77246 
6390 6
39966 7282 7172 24637 42532 30030 
5635 6
9339 91697 55138 2666 96094 31510 
702 4
53418 69342 16431 92526 
1074 6
44744 11657 29031 15746 79691 19269 
2451 5
84665 16776 50321 3774 26245 
4640 6
76839 90421 85335 69827 90206 30332 
3132 5
49909 24633 12728 81186 8624 
12847 6
16064 89816 96030 71272 63264 57031 
6777 6
5362 80453 33288 41250 66744 49106 
1844 5
57085 8482 45139 78199 23622 
2142 7
21283 22200 52040 38282 12437 37445 7683 
759 5
50810 49261 75455 29044 1600 
2189 5
21511 28710 6366 17905 54497 
2150 5
22180 39593 51813 18039 10757 
11565 6
79816 19804 45367 63999 23145 12552 
1492 4
92029 68011 6667 20771 
8823 6
9867 5502 53246 34681 9874 367 
8063 6
84974 49172 4906 35918 28707 7871 
8657 7
12750 84385 11122 25860 31787 83531 9443 
3883 5
78454 22245 59312 27028 59025 
8789 7
81913 67050 66131 42327 41795 11950 30218 
1221 5
31897 92117 76102 57437 69450 
13014 6
58077 74781 76940 19986 25157 57226 
2182 6
88063 16743 50869 60095 83178 30026 
1944 5
84909 20833 52851 43294 6548 
4916 6
23031 82387 34370 48964 63377 5545 
298 5
17247 13150 81512 88307 46417 
12829 5
64207 13737 93738 63792 12771 
3234 5
71386 40026 54956 25795 14265 
