316
6747 1
75425 
3884 1
95729 
2077 3
9080 755 7116 
204 2
22478 54493 
4157 9
49224 87621 7707 65624 80685 86240 36523 35000 48060 
4720 3
63175 6647 34586 
6992 1
65479 
232 1
28182 
7001 1
81160 
6736 1
65011 
1020 3
58440 2181 58151 
4762 1
67319 
6382 1
69226 
3084 1
31936 
3682 1
29528 
6624 1
25773 
7790 2
8035 34635 
457 2
13619 13099 
5781 2
4908 20113 
6716 1
21289 
4191 4
83886 6655 1149 17763 
3241 2
53193 70783 
6852 4
59127 61436 20110 9201 
556 1
89934 
6969 3
54470 90860 91466 
7287 5
59381 41282 31969 88376 15392 
6704 8
45075 10157 44255 64567 34793 14246 63891 457 
1822 6
32977 79114 5243 41608 20429 3780 
6168 6
2107 17370 52016 90422 62686 94622 
1168 1
31120 
2416 1
89537 
4202 1
94971 
6346 5
63273 26609 46534 28878 82467 
7558 1
96943 
6315 2
38495 71589 
5208 1
79412 
4189 7
60423 84055 88961 34930 10848 47780 75574 
6046 3
776 47823 99174 
5659 3
90673 33687 56768 
3896 5
12913 24474 17373 68361 376 
1312 2
54329 26651 
1252 1
91281 
3264 1
79083 
3339 3
76343 18599 7168 
63 2
96958 67839 
7477 3
42091 31759 76916 
5826 1
42133 
6906 3
72016 2269 18341 
2737 1
99354 
1888 1
75055 
7382 5
95492 49371 63945 8118 52180 
322 1
2401 
1523 4
9123 6709 32583 56004 
4830 1
88541 
4900 1
10863 
5406 2
51334 48279 
3997 5
61554 31744 40504 20475 795 
7560 2
96193 23679 
6944 3
86342 25182 14897 
3116 2
69894 45572 
5843 1
50496 
7226 3
4078 45950 16844 
2111 1
94446 
1468 4
51285 16566 2122 30235 
1247 1
55952 
5086 1
48076 
326 2
40479 74333 
1518 1
72260 
3231 2
95778 4582 
1242 1
86157 
1213 5
27446 37968 95118 36303 93755 
791 1
45772 
6742 2
42271 58273 
2921 1
75426 
4560 2
49930 91827 
6281 1
33178 
3935 1
91395 
6271 3
88755 68180 72421 
1098 6
94525 88094 36038 95983 97877 15283 
5493 1
34477 
5033 7
20413 53488 4830 94022 13301 39829 140 
1158 1
7191 
4980 1
64366 
1652 3
42737 30745 59865 
1334 1
76527 
5947 5
76155 70868 76957 2009 57164 
4881 1
79736 
1389 1
41304 
6535 4
75664 98747 15047 43951 
477 1
65576 
6936 2
8582 81911 
4332 2
4602 27083 
7091 7
99440 76389 60517 10008 29453 36606 61390 
6269 1
44982 
2822 1
28864 
7438 2
69018 54505 
6331 2
48908 61106 
420 8
67392 62433 58022 99344 71671 43835 65014 58403 
5886 3
16137 75271 93647 
6226 1
56214 
1933 1
98112 
1265 2
68644 95473 
1646 1
41465 
5868 1
1659 
3187 5
77945 91855 69209 9646 69851 
7267 2
88889 33234 
6882 1
27723 
799 1
48401 
1073 2
52462 29592 
2462 1
16250 
1759 3
31933 87903 47517 
1595 1
30835 
2993 2
18364 76231 
1266 1
85836 
7597 3
6379 83309 5105 
6335 4
94295 85876 12936 1885 
5256 1
50357 
785 3
41744 5848 68240 
5645 1
58795 
7696 4
39499 65402 56651 5513 
4392 1
86438 
7136 2
44121 75142 
3072 3
32786 20748 92256 
1372 1
4855 
1276 1
48959 
1110 2
12410 98047 
3525 1
84964 
5530 2
67262 38011 
4840 1
34539 
2880 1
1071 
22 3
51876 61062 17197 
1408 1
63102 
6132 1
2924 
855 4
70790 67595 96531 67399 
33 2
54026 24241 
10 3
37801 15714 44787 
3142 1
54486 
1831 2
15617 11689 
7798 3
12 62795 61819 
1999 2
3967 60803 
7659 1
50984 
14 1
19461 
7779 2
57590 86217 
7476 2
89275 66025 
215 1
14322 
3235 4
46645 6889 67074 97660 
5250 1
24984 
1343 1
72909 
7760 5
63592 61574 81992 24346 57058 
159 1
32547 
1767 1
59305 
6126 2
98457 51203 
7732 3
53752 58018 31931 
4890 2
7915 40853 
3932 3
79122 56708 86118 
991 2
91641 69273 
7239 2
48860 52338 
6687 1
58999 
4815 7
60342 18729 46215 33692 69854 56216 20828 
3065 4
45810 74763 31608 26026 
3150 3
42042 38399 24898 
1328 1
35656 
7783 1
79298 
7011 4
41895 13203 29808 16612 
6576 2
95727 3533 
263 1
17336 
1335 1
6784 
6533 4
47692 7584 35816 76580 
1762 1
91853 
6631 1
39966 
1507 1
92801 
4792 1
48765 
2686 4
31674 49938 73151 45999 
546 1
71600 
7496 1
8156 
3731 2
32106 78934 
121 1
47508 
4520 1
86791 
7714 2
92328 94607 
4536 4
38772 96660 30948 21790 
1477 1
91601 
2440 1
3679 
3199 3
35315 95066 67923 
7738 1
28213 
7314 4
25771 79693 34197 82271 
3214 3
47656 24643 73408 
6298 1
98065 
6764 2
76248 14801 
4325 1
51004 
6732 2
52512 64423 
7743 1
92860 
439 1
91754 
3224 2
96331 38355 
5152 2
37483 21334 
2635 2
14436 19045 
1434 1
7848 
2094 1
33086 
2148 1
7446 
6549 2
61008 77866 
1656 1
80530 
7492 5
18802 82695 99847 8432 82659 
7357 1
66591 
3531 1
8668 
4498 1
73694 
4953 3
9402 96653 61238 
6715 1
29641 
3323 2
23590 92873 
3057 1
77683 
5746 2
37986 19606 
6317 3
17569 75023 24503 
2767 2
23337 67179 
7125 2
52840 57560 
690 1
28009 
6399 4
92943 36982 32644 27538 
5062 1
61795 
4503 1
58730 
6601 1
1411 
1614 1
36976 
3451 6
41493 9752 82320 69375 48021 82620 
1100 1
61768 
5608 1
14491 
6800 1
1966 
2246 2
91090 25395 
143 1
30522 
1961 6
19522 44909 7633 70597 65464 47138 
2864 5
99839 78953 46318 18658 2492 
7751 1
33342 
1721 2
11793 41236 
3560 1
78249 
2670 1
23581 
4309 1
3503 
1667 3
92638 74139 29603 
3589 9
55270 70474 44558 83704 30026 98420 7339 35136 97876 
2777 3
41084 86236 48501 
694 1
83937 
742 1
57336 
7055 2
34162 65995 
7120 3
2658 13389 59884 
2405 3
19362 87848 83572 
5691 2
81288 45927 
2977 5
99188 94983 95039 68515 1185 
1902 2
5951 59744 
1080 1
96191 
3420 3
40495 11652 82739 
4506 2
77609 98256 
1531 2
26268 99834 
737 4
48652 23558 82340 45741 
4033 1
18926 
1736 2
80729 56491 
6968 1
74983 
7584 1
94556 
145 3
56250 33373 96009 
203 1
17915 
2572 3
55471 22135 11874 
2441 2
6522 60136 
4024 3
41188 4588 67998 
3102 4
54355 35158 59961 96262 
4860 2
61438 24170 
288 4
86553 64183 63629 12326 
5281 2
79250 35287 
2054 5
35404 60678 85446 74019 50366 
5751 3
6682 88080 93930 
3848 2
82876 34535 
4654 4
16973 61290 61985 10452 
3533 4
98147 70871 78195 80361 
5484 1
30983 
2680 3
66964 87462 11657 
6342 1
64381 
6876 2
90628 3803 
207 1
78118 
2121 1
22244 
7348 1
83044 
3595 1
69423 
4568 1
17487 
2418 2
98817 65082 
2662 1
79399 
1956 2
76132 65596 
6907 3
55810 90670 98726 
6521 1
77054 
4893 4
5029 2071 99994 80869 
4289 1
42257 
6127 2
71851 95305 
7360 1
53520 
7365 2
69564 11531 
6692 1
66686 
7658 2
36421 78759 
3578 7
29889 77131 96221 85085 49600 66631 32157 
6573 1
68434 
6700 2
12264 29626 
884 5
95142 78301 84014 80724 81076 
1440 5
6506 5787 46723 66789 51549 
6213 2
59859 23702 
2011 1
86861 
5535 1
70421 
1755 1
30271 
323 1
51154 
4405 4
75065 82142 17933 3648 
4086 2
79682 38675 
313 2
13767 3049 
4363 1
93208 
2587 3
16145 45844 22903 
4090 3
92712 3083 55487 
1348 1
5169 
3092 1
88835 
6 1
34326 
2187 4
30705 48169 69101 1047 
6486 1
4939 
5951 5
48517 93276 75886 3767 82368 
3035 7
81203 87583 79350 57974 67153 30467 2266 
3340 4
50231 73002 70880 93811 
3103 2
39076 86979 
2018 4
3714 31509 16029 75846 
3211 4
40139 49340 72012 54967 
7033 1
3241 
5018 3
55767 3047 80149 
2742 1
14125 
