247
5019 2
26109 87867 
3635 3
90788 19795 99545 
8009 3
57708 60583 88344 
449 2
1456 49989 
2947 2
42122 88074 
4980 4
93111 55922 54648 64273 
6094 5
68493 11089 58245 35848 24032 
5209 3
6667 77208 70469 
4400 3
66027 44664 22240 
4467 2
95477 10613 
837 4
96336 68571 55337 68419 
5106 2
5148 27621 
7449 4
33742 17666 31959 70086 
725 2
98525 80889 
5459 2
53673 19545 
1103 5
91030 57905 63255 12413 79317 
5351 4
27492 13969 32067 37128 
7545 4
48019 774 86773 72119 
4003 3
97375 69843 74349 
6644 4
90494 74693 53731 12680 
2668 1
10106 
6846 3
82873 76268 22893 
5514 4
35708 58485 81582 49586 
3296 3
85017 66411 45763 
248 3
14806 65003 35124 
1944 1
19983 
3692 2
77024 15803 
1356 2
78470 27267 
1942 4
27281 94644 6692 44452 
6285 2
95548 91550 
2364 1
99985 
1253 1
52498 
1816 1
45187 
4124 1
70720 
5222 4
4351 37799 34667 50952 
6642 3
18418 78019 34774 
8096 3
92598 71026 4082 
3244 3
80482 72097 28077 
4033 5
52749 87526 50326 57688 19682 
3736 4
52834 32301 11303 18839 
7775 4
16157 86525 7923 9849 
538 3
59083 88824 51366 
856 5
1951 32233 41598 88028 27240 
6093 4
42029 50087 89446 25389 
9556 5
27969 25139 66055 3533 96242 
1649 2
25552 10694 
4132 3
81970 11582 5988 
8237 4
30038 36302 17613 46911 
955 3
93940 25859 13243 
3355 4
83432 58425 31775 27780 
222 2
81025 36460 
5094 7
90221 33238 23060 41663 2210 36946 70154 
7762 3
94775 47173 64683 
6850 5
36801 69702 51866 99695 9486 
7287 4
17939 14023 15852 45252 
5009 3
3538 62098 42002 
6245 5
99698 81498 93905 41471 7338 
4012 6
77058 1948 63935 17930 91195 54464 
9030 2
28326 46327 
7761 4
2254 93099 16280 84459 
2383 2
7374 76360 
6161 4
70712 23467 74756 58830 
2903 6
91027 87911 99852 66198 48904 12096 
9047 4
73666 21607 31733 18307 
563 3
81191 99775 89340 
5738 3
60626 54261 87562 
1572 1
79965 
394 3
42008 37897 76368 
5336 2
13811 69556 
9781 3
4077 14426 32742 
1575 2
15671 24414 
6941 2
55500 19082 
2280 4
42791 89281 50065 72965 
4417 3
80595 87008 35520 
7828 4
45262 92459 78059 15153 
316 3
93251 66017 96937 
429 1
94609 
4631 1
49707 
1908 3
58041 53318 33028 
6472 5
9967 71045 96941 26045 72147 
1553 4
17454 29080 66247 93639 
2406 1
76105 
9224 3
54110 11880 60690 
2337 3
32974 94197 1185 
7780 5
12022 60648 90572 39874 646 
437 3
90511 35907 13386 
2362 4
76766 43248 50704 21086 
411 2
66171 32325 
189 3
27737 63913 12114 
1256 3
1606 46389 89291 
5408 3
57344 41292 14645 
9335 4
95425 17294 61446 40954 
5704 3
55744 67454 52436 
7943 5
30592 40906 93166 19052 22161 
4373 3
4155 34397 15602 
1193 1
28603 
9585 9
47555 40944 70114 8502 3842 84687 63384 78461 22337 
227 6
40867 71534 17100 64587 90239 19936 
2444 4
50856 56405 8236 14064 
3057 1
91202 
8440 4
70839 21330 78949 11382 
2642 5
79924 89517 18278 53128 69580 
6144 8
39351 88464 69470 39269 72333 32594 3494 10618 
5388 2
41565 89411 
7865 4
79353 63468 9139 29863 
8017 3
1232 9811 46537 
1268 1
22378 
1459 2
83439 17778 
9327 6
10316 6188 49005 86029 196 85055 
1948 3
98363 89099 95559 
1274 3
9131 26491 12352 
3954 3
73954 56558 32905 
798 2
16244 78859 
5891 2
83723 20421 
5293 4
95763 50711 37757 58821 
1771 3
99098 61636 25811 
6080 2
19312 14343 
5677 2
5558 53479 
7043 2
15024 91253 
8929 5
60471 86351 34373 22217 76008 
1982 3
51044 21583 61466 
6335 2
65276 76643 
812 4
56999 8999 65423 73632 
3835 2
93280 67436 
1776 2
74205 39926 
3505 2
64210 55899 
9701 3
96223 47456 36569 
4959 2
81129 24031 
3528 2
29337 67310 
2831 1
73565 
5479 6
717 98461 75889 84053 20336 28809 
521 2
30471 78764 
9186 5
64378 64397 39917 88380 93198 
9551 3
41600 10050 73437 
9621 3
47486 40238 46754 
8211 2
62796 16497 
3734 3
82187 84675 16333 
6078 3
97052 25052 16595 
1690 2
2623 69253 
4236 5
21074 75205 81677 1826 93546 
6696 3
11938 15192 1688 
7846 4
83683 33630 93323 50401 
6769 5
17363 10890 69140 7643 95349 
6273 4
34047 69289 84360 6870 
4747 4
20416 7650 13405 80379 
905 2
95430 50314 
6809 3
44038 2450 80763 
983 4
78778 58575 8356 83154 
991 3
10021 65767 13695 
1170 2
66934 67011 
2867 3
97873 66731 4921 
3290 2
41588 31495 
7610 4
8569 96439 84046 89961 
2299 2
49945 4453 
8697 3
7142 7742 75984 
3457 2
24122 96972 
5452 4
56647 21757 58679 84358 
6921 4
46340 54765 4504 4713 
5715 4
70991 30896 37735 75242 
3786 3
49250 90760 79194 
4281 2
67172 85423 
2240 2
70167 81472 
1051 3
25601 11634 26210 
5542 2
8549 59962 
9139 6
74574 54344 85790 67236 99143 2838 
3851 2
12990 25328 
6811 3
61893 20920 61779 
4831 2
20670 89507 
7439 2
87870 99916 
3748 5
41319 66922 2953 78367 23097 
4374 1
74417 
39 3
77893 17608 85587 
3187 4
63863 30831 36697 91887 
3858 3
40162 63210 39065 
9737 7
86082 79699 45933 13225 69304 84411 63206 
1629 2
51225 73444 
1750 4
9694 14648 11458 35382 
321 4
59814 33619 83430 83722 
3978 1
57164 
4920 3
19050 14212 26401 
1044 1
63487 
4573 1
14727 
4220 5
48217 49325 3905 9388 84049 
7411 3
52343 99247 49633 
2879 1
78358 
7884 2
67387 81793 
3498 3
18755 15936 65537 
1978 1
80346 
9411 3
97190 43960 4439 
679 3
39878 36150 25962 
672 3
53574 82403 52222 
7632 3
27919 1323 975 
259 6
19384 14847 59894 41905 51996 2260 
1208 3
22667 66805 14470 
2459 3
72769 5496 20181 
1519 3
3457 42719 80040 
3867 5
63381 96503 81460 92449 36896 
4178 5
95895 52165 66938 16315 44613 
2671 5
30240 86801 3836 47102 49691 
3146 2
43800 15028 
7474 5
78709 97829 539 57204 4606 
2933 6
13656 70503 51028 1427 67275 7199 
8157 3
11783 78045 5386 
5980 2
14787 95602 
4854 3
97628 36633 3941 
5584 7
98981 41702 47492 1670 23257 12054 414 
4292 2
67781 62505 
1161 1
84014 
9425 7
39074 34804 21802 34533 87142 56287 2809 
5002 2
89721 64789 
4799 4
85014 46489 3255 27660 
6040 2
58101 2220 
4622 4
67529 66545 58953 39290 
9566 11
1877 2060 30635 37924 96570 15829 41751 15039 27504 68607 72071 
1949 3
85693 77973 87209 
1160 2
91386 87690 
1470 2
55799 31500 
3212 3
45309 6337 89567 
505 3
67822 13755 3821 
2830 3
35675 45010 56337 
2901 3
76540 57000 98500 
2479 1
96387 
7464 6
53424 67872 26462 9569 26896 59772 
992 2
43171 13975 
6628 2
82871 95611 
3849 4
73890 71162 47717 54720 
2365 3
38430 81149 99348 
5508 3
97122 65591 9889 
4927 2
10122 20855 
427 4
37579 53725 40627 64902 
7582 4
50746 14710 90956 97762 
5235 3
64690 58584 89016 
8460 5
78219 16893 30718 62664 69809 
1923 1
67323 
6873 3
16034 85992 84942 
931 3
5871 68791 92703 
3275 3
14254 69582 75578 
581 2
73197 49995 
2771 3
72771 94364 38687 
3930 5
82394 24969 50090 62487 59234 
3060 2
36536 54994 
400 6
31452 71215 71031 72785 40424 76251 
2906 2
69229 19333 
1775 5
11526 29343 51388 51925 19686 
1479 1
95054 
3543 4
91802 37767 58472 89075 
2835 3
30584 64148 81767 
