325
590 25
87326 80518 72749 15350 80326 98539 54007 98110 74085 9427 8508 94894 65518 83737 87746 44362 49408 66531 17541 79913 11289 52675 2693 76839 71240 
497 24
14976 76417 17421 16453 80918 83586 35072 93274 22668 24602 1013 6089 34262 54445 96186 87742 29322 95086 98339 16176 62572 96247 5132 8937 
5700 25
15448 95465 89375 53142 75609 86171 80219 3469 28211 66514 88157 71112 61149 74177 68676 69769 33962 55565 33758 78693 5785 22771 30934 80523 34260 
4888 25
28051 11152 12214 64256 12729 89359 95836 10849 27953 10789 35139 78144 87657 42679 48031 47640 46265 87736 64269 66926 28429 64426 34875 53644 91334 
1558 24
51172 85898 32891 11228 13918 47030 33914 10458 59649 14027 73642 42433 28126 9475 37486 84091 82776 97612 74455 40969 83032 78967 1775 12498 
600 24
66823 9921 23098 64451 74461 90678 16723 65696 42488 97109 88209 85735 87521 96772 61691 77618 66096 94395 70386 29090 36770 34048 3580 29046 
3838 25
99878 44623 52348 1196 87973 76316 69829 90658 47147 97723 29073 98904 92074 699 49212 36257 60363 14493 37088 91068 65999 24002 8490 90237 48475 
3402 25
6569 99354 80815 57416 54901 15214 90243 1809 78020 57172 54098 37318 9089 3810 9102 60624 16785 83151 60887 13078 81585 61503 60837 36602 74998 
3206 25
53147 54937 155 95636 22419 41706 57011 66264 73395 16593 74719 56228 27610 55141 23544 75830 98907 24160 38295 72529 99430 14615 61707 80951 40964 
236 24
41147 92955 82044 40159 64389 14901 29177 16927 55514 96793 55797 22514 21507 20735 78539 41299 43105 98124 58295 54307 48150 66672 47277 55878 
4385 25
4149 50921 38143 53427 33292 80198 83253 63702 3599 54397 10285 54843 60718 42153 39200 12711 6722 99615 66943 36036 57491 30361 17965 11765 23904 
3624 25
37884 21819 10833 52132 64889 35070 45533 31688 27018 24120 48561 76006 68401 76098 69653 76296 69634 35760 32603 30841 68630 22529 86129 65373 80905 
5202 25
30253 62240 26101 29108 84472 84382 83957 5021 52246 50037 43806 33884 38168 10881 62128 85846 17684 56147 76376 65372 88840 12512 97751 27201 4686 
2329 24
29623 80884 62788 71769 49895 8522 19205 91995 39275 97495 2202 24840 25934 99315 84451 92644 88026 15663 73941 88124 97138 76437 51438 10452 
2091 24
73826 87067 25345 58355 53447 73247 30965 86307 74349 75390 38997 86388 74931 68306 34864 90614 54840 69924 83963 6911 49776 62314 717 87908 
503 26
18232 92040 38572 50404 16703 40961 35362 37902 58646 9503 43538 10480 90576 9533 91828 42272 65015 44294 12701 72001 33924 66527 70262 68901 44482 84367 
1832 24
60316 72554 4030 79105 60581 24471 56053 66167 40498 49222 17010 54199 47024 35049 49125 7515 37783 83545 94144 11031 62007 89212 50960 58477 
5668 25
96063 60706 26320 30347 66953 4323 79740 15186 58334 28604 67608 2523 59241 52322 85268 71154 42197 96604 19033 44197 28676 40355 55926 83446 63998 
3459 25
18146 6427 48473 19973 94766 73629 19968 31564 34558 78729 47947 87267 68692 59439 20815 34743 81147 63257 36394 67044 67993 34871 80708 26561 71684 
67 24
3888 25681 12434 15571 11305 53594 3365 8209 39031 27894 6610 44409 87853 1947 62055 52080 96321 20111 2703 32435 32707 49512 39340 2929 
647 24
57443 98990 34834 87207 15958 89690 39429 90003 36087 48706 5719 45866 29431 54645 64978 29819 58837 65370 54923 32654 7263 54936 56874 47519 
1658 24
40077 33012 38958 5121 43268 37904 12867 59542 38027 63391 17412 75013 63815 99850 62352 31932 11729 49297 36477 84595 36781 18472 45601 79268 
4581 25
75995 69304 99718 12992 59313 76194 35596 54215 97099 2261 92057 76550 39375 96913 89140 83162 5485 61998 39417 97641 91378 63484 56501 70013 87956 
4529 25
24838 83925 3891 1738 11019 63964 77111 62856 47926 63356 19794 43145 22908 14701 57690 28946 6938 79686 87835 78492 64063 85947 90199 95862 61467 
2353 25
16849 60204 60554 22062 84846 88750 30606 56035 68236 92417 1971 98857 14867 18121 22428 83960 13440 19534 12274 66783 31462 79811 15018 22060 58338 
4224 25
86010 12610 17666 92632 67826 39928 58954 28829 65012 4518 83528 55330 32014 32987 61397 98360 67256 16183 92226 14823 34576 98325 23079 21227 72455 
741 26
83189 58290 63999 31304 846 46482 56615 41271 26805 65604 49729 33986 92836 93150 58430 76107 13220 66411 93930 77729 28579 53618 46709 41936 80278 84648 
3013 25
88572 53437 88411 20305 30071 29052 20923 46574 25175 70908 49810 72966 39807 40046 98862 84670 82477 56694 63034 5270 46248 28159 72244 885 27114 
2079 24
37028 95917 60814 24819 71760 12754 31009 55952 35184 69213 53705 33123 99566 25729 54613 16468 59847 994 94034 54551 84442 31646 4939 71921 
53 24
44211 87747 97397 92869 13979 61200 53831 62578 61794 3477 61048 1073 87107 19755 67683 43869 70695 47044 94399 9473 36611 26617 54733 86935 
5565 25
27982 22222 77912 45827 64520 31342 81542 54848 16413 75494 34515 10414 68261 19105 76725 96381 67534 53783 74968 87743 27717 51565 49795 56040 93034 
2156 25
24776 25691 42477 94176 11538 61536 40315 26641 76603 24404 73559 94970 9007 54920 8266 18699 2585 18738 98049 84016 79685 14578 82405 1123 7686 
2818 25
52254 88669 96666 314 97620 67926 39606 17693 72266 58614 63657 51476 99052 31062 96151 51331 40635 26558 70645 89644 38026 91616 20980 83367 86457 
4147 25
26857 57853 87829 38271 11956 94343 70992 18573 82545 16227 87341 57773 90988 29153 39998 54677 6210 31535 88110 66483 98331 90726 70102 64541 4215 
2342 25
58243 36955 97229 81755 28011 68265 42530 26402 92608 64931 14592 84593 55765 19936 82059 73423 41463 51848 41534 30402 95277 17066 20625 44716 49457 
4038 25
57920 5237 33075 12852 32828 68859 49490 79982 99831 23588 53128 87803 68168 82172 5582 11626 23189 86470 46631 42206 72563 32108 29408 10522 10735 
1887 24
34251 43992 73166 51755 82087 40044 66871 77004 20825 91186 24145 62164 30782 3558 68553 65689 42617 28795 40247 52513 29328 85770 54286 22743 
3353 25
62179 61586 45210 56259 90549 64044 59755 19580 2359 84415 37885 39265 7974 84503 94602 96038 30510 39408 20544 77445 95356 22672 38595 67299 2213 
1766 24
95030 91235 46805 61215 28521 20138 20673 67406 99724 92884 62045 96306 33907 47667 93244 97912 67228 70181 47846 38408 37306 3546 7062 57569 
3134 25
5901 91125 95426 87721 65397 24662 50038 53317 14369 19659 41526 18288 86571 92010 19931 33076 24405 38251 93976 3338 52229 81041 26866 56223 6749 
2810 25
89337 7185 41153 23820 5428 15969 83272 67995 46185 45034 88476 75617 35764 57110 31783 25694 35233 27499 45882 95627 5214 61540 58337 6961 24521 
708 24
38825 13878 94540 33549 42346 79986 26292 17560 85522 25157 14384 38130 68430 87871 52604 88569 90693 70622 1019 89112 73894 17482 34933 42048 
5764 25
68151 54555 77356 57477 22173 73031 86280 24836 86861 36707 50843 140 96264 56493 83529 41142 89042 75628 28836 56312 87177 74161 39866 90191 22857 
4485 25
61721 14864 98950 2550 12824 32369 94001 7160 91200 95852 52238 75039 51907 26182 89879 5797 20933 82427 37889 78950 16584 82898 11923 44150 76354 
2995 25
20275 22813 91718 80406 68708 24480 30709 28962 59323 72900 87757 29643 31284 36081 92067 84611 92302 6549 12930 34467 33530 53967 36177 9173 98170 
4767 25
55081 56338 62574 49267 4958 1912 36383 53232 37788 64994 43102 56269 93344 83065 68023 17343 60737 78662 87131 11548 85387 2442 17238 64077 87265 
4105 25
715 61379 49976 13724 40645 51004 45410 85249 82216 41894 38009 46742 84863 88443 9010 10995 80407 18839 24516 56775 10708 10799 39687 56360 63760 
2493 25
40941 48396 16156 95791 76864 11781 72498 29234 47105 20284 21267 65928 19891 48414 74658 1718 35681 47983 51360 8122 50858 34155 65573 52563 29183 
252 24
75785 32516 40264 55982 70356 11201 85320 1838 3835 69146 4714 18153 52602 31150 79533 23191 93584 21119 37848 79031 84052 65148 76538 90617 
81 25
81241 48948 93039 94750 82103 95873 75458 15882 71811 13509 20800 12447 72440 48929 1903 30106 1937 73377 38578 49184 77514 607 94216 96554 55609 
434 25
34180 12916 59726 35854 12379 66487 12544 66790 46681 50413 99349 66437 50764 24140 51900 91839 94745 51822 64745 36921 95519 77660 609 79426 17979 
1532 24
85455 12578 68424 92946 21185 19465 32342 21712 56452 39628 40051 14447 44582 19047 51585 51682 60026 56475 265 54263 70709 276 38989 51240 
5205 25
49750 45581 80706 72601 33657 1264 88909 75006 13379 29732 18898 49574 5848 87366 42867 15130 9349 31758 53694 28632 62141 6572 75938 13792 33266 
4274 25
21287 59131 2669 41427 63131 84733 26599 99929 33805 64570 73337 65300 71265 61795 81946 20571 57905 74014 91608 69075 76613 17064 22772 92888 48655 
4125 25
95286 1644 6771 55603 39040 23111 58101 53008 31741 22522 29710 76728 48429 26901 94615 43753 57089 43895 79499 29708 3555 15555 89850 3151 1747 
4927 25
52947 29138 34995 39267 83347 39302 2169 76338 60299 64335 71491 27698 8494 86421 77564 66741 20618 88274 37113 82887 27324 5267 8235 76926 67721 
1264 25
37422 96495 16891 64161 76794 93966 27484 9240 65081 43842 77182 7956 88299 59664 505 83194 90263 27564 95551 87175 54846 60223 81973 55882 86951 
98 24
78992 92952 36423 65302 1212 90665 41878 9527 57908 56510 55492 90702 49665 33377 4594 31778 97719 79759 44724 94390 45078 54349 29562 67006 
602 24
99210 52581 44265 91939 29938 25876 37310 77594 60844 33081 18294 29176 84803 69989 85360 71319 63997 40408 50422 28083 56296 77122 9752 20010 
1249 24
60173 51725 8067 41247 21611 27869 75444 26951 96947 45778 17016 707 24070 38328 55037 62738 439 57109 18916 28338 72296 11493 44642 41437 
5467 25
57595 65750 18244 29145 31222 91491 97105 6289 80084 41123 22565 87367 62346 94685 80228 94362 95055 47492 95674 20314 18223 22631 52963 48963 76313 
386 26
22797 66376 32703 18857 76704 32903 98353 18605 25049 37178 39723 33780 44145 49558 11096 56837 4871 39423 48403 88281 68443 8325 96702 71578 92483 67784 
133 24
41112 34865 99571 64921 23506 65216 54482 10812 33755 29865 87416 47089 30293 12779 3155 63720 61181 56930 95962 67562 13331 50920 91740 68250 
5643 25
25739 31839 24195 56947 29439 79485 17672 57050 24569 20586 74517 51709 91063 59569 30176 48583 32190 88921 40631 28619 93519 69429 15433 49396 61575 
4419 25
33831 3517 96738 81650 80511 60955 68861 83264 22303 2498 80980 72391 22758 26646 22354 18235 28304 16716 67175 86385 48556 64666 18816 24043 48149 
468 24
38377 55054 49487 89568 44096 63842 96680 90528 77198 69597 274 34788 28232 11348 34801 18005 12740 39138 92948 33983 93965 38218 49103 52091 
1241 25
12986 14980 22775 38667 26602 5407 40693 58519 75328 19137 81412 20134 28109 15616 38179 83424 20562 76081 91000 8514 46251 44727 75957 33230 89922 
699 25
70906 77580 71490 3857 60313 22582 51120 30188 61970 21441 41509 89808 93229 94322 83990 57887 50312 32914 77081 82206 85062 99995 9314 77222 87129 
3162 25
83247 97631 32264 25494 5083 84236 88808 8208 43025 35624 71993 39863 32026 65043 98578 36852 10019 51879 1440 52293 67899 21841 16837 25929 53288 
196 24
33992 4603 77057 99434 57201 19569 97264 33165 71976 62441 94879 63477 47056 49471 68142 48924 79078 38032 446 75740 91019 50804 58152 94576 
964 24
17894 42194 49433 18044 59806 17314 68073 46630 76636 22531 56978 94520 23266 75537 66099 47072 53984 6716 84915 22128 60395 23801 10184 81735 
5357 25
15394 19726 25501 46424 74 80603 47759 79228 67802 29321 41238 72358 35296 98648 6035 65304 79684 70630 92401 53346 58064 90212 5752 13222 67225 
625 24
32057 86164 86219 98751 48448 66164 55963 29125 48545 18974 87836 9693 50480 66979 45136 91045 6478 25738 24210 26206 72192 7209 46793 50362 
2736 25
38532 36387 95403 82871 59455 26054 35964 39205 58971 24468 96892 35494 49995 3605 29531 23623 75930 19219 99455 16701 18106 53954 12398 50333 38627 
3983 25
23714 47413 4512 66379 49007 63773 43288 82035 12302 89469 45600 68112 59570 84814 40317 57769 24812 39505 8726 27551 11114 97587 48060 75660 94711 
2797 25
70290 62427 60449 28640 51 9133 67900 56894 89086 57874 66532 4655 527 61623 84940 51507 71660 50279 71863 26126 96713 14561 38208 6051 73207 
4488 25
62544 66157 71178 75182 28455 308 50705 78748 50116 96086 43196 85616 66177 4824 31251 19494 91618 13442 25486 97933 62515 16360 91962 24153 49866 
5666 25
54455 1424 9737 30113 99421 93220 69939 33847 90120 37393 36701 2460 95924 45319 22349 98010 35769 70665 90849 32179 31820 94441 51730 36623 56057 
3547 25
51746 66846 72388 11525 33599 49894 12631 52 37864 7414 48059 46957 37564 89920 89966 42400 66919 65258 64154 19856 28102 63118 80670 24063 63190 
5125 25
8124 94094 8856 73130 39955 85287 15193 69058 60729 72248 37822 79336 77400 59495 94621 11133 1936 22291 67615 87626 55145 88636 59805 57082 51088 
810 24
42031 79222 5461 48209 86308 60911 64357 23929 2992 60876 48957 52242 50190 7504 9339 3533 30010 10769 70790 90671 35186 10183 65603 60350 
5489 25
35559 54149 23558 4833 36637 62182 31970 28280 91833 93962 57087 16115 3510 46283 54743 69598 9965 25671 36751 4769 11282 90315 28547 42564 20397 
3205 25
37815 83198 36596 60293 81848 51508 48872 61692 5579 6299 23952 99406 31264 9544 64983 24157 21826 29940 88434 94044 73127 57821 62857 57129 68038 
2905 25
21001 31133 6521 97703 93703 58259 49702 78690 30882 55658 80357 24193 95408 71410 31395 31710 22824 47535 63984 2496 57711 88224 55752 87864 40311 
2220 25
48725 48277 81864 11404 26711 6738 63238 27730 8989 12262 52485 93359 8117 62489 59280 77334 43918 12299 15949 11528 2368 47827 14267 10513 40752 
908 24
54118 17663 78487 70607 92479 88822 56733 51748 64118 59745 52431 62477 86392 16883 44865 53481 96782 25516 38765 83513 52366 24367 44743 85367 
4181 25
32678 55516 67680 63325 66066 15938 30507 66285 52398 57782 48327 5071 30603 20997 72518 77315 50406 4161 18947 32468 13425 19508 50566 66128 48482 
3731 25
47539 56859 46676 99033 48811 9822 49034 12056 47828 4033 90445 28519 70514 15543 28092 58230 78564 58345 82810 73830 8661 39115 40795 68451 20694 
116 24
37881 53345 31419 69610 50749 59132 86676 5703 37954 93933 89003 46693 17087 94373 86604 98358 48818 4966 74597 70291 23115 95104 95989 70853 
1632 24
28842 52099 43677 4886 59386 41416 76860 83604 18430 83293 95359 83849 57749 79403 63776 28451 80173 6365 46844 45595 10533 5019 32689 76900 
387 26
9669 45575 62817 33683 59665 82963 55222 19902 32825 10393 61716 46432 84988 53493 18098 74098 2264 20851 66660 85172 53614 75202 70746 41843 27700 20461 
3071 25
23675 34404 32478 87565 5974 840 69203 3213 89179 65614 70875 42767 66651 13494 73037 47064 81878 80069 89096 4347 49826 45611 17899 84242 81912 
50 24
15170 16080 20567 65494 11103 24004 86573 15338 24419 62272 15931 54233 24400 49876 97407 84318 68642 57376 24658 43544 12646 95043 79818 78696 
4173 25
88056 64201 52339 15903 20657 38443 60397 84398 61173 24603 47285 14120 68636 6154 74881 3601 82034 60834 75517 5853 27560 63985 89770 38320 80018 
2691 25
78110 86253 72887 9040 4230 40600 30415 355 4767 94278 16062 92863 63722 79806 2912 12288 90958 77300 92117 34889 4438 55920 94930 95532 84964 
977 24
32439 11513 57370 2845 11710 11127 27479 82773 63333 5070 50206 26958 10464 76979 2504 63146 52150 81258 18174 23423 5791 97265 45645 53338 
828 24
72903 78531 55876 67805 68550 87948 73413 57155 93760 8705 63195 68429 54604 88767 18439 93206 14587 68489 38380 6897 26911 47433 7142 66880 
298 24
87428 22165 64295 93719 89967 2772 31351 32673 80850 74789 53030 59240 64182 23331 61930 2233 20517 95760 1998 77174 79450 8241 37492 18110 
4867 25
42556 42796 24934 27075 58257 41996 17947 33963 75364 57139 52267 39255 12745 44640 17625 13324 17122 56341 12118 60263 77278 67909 64610 839 44772 
2025 24
36967 58888 74053 33611 37657 34380 93087 44166 48614 10209 5888 11140 8005 94550 78188 7997 39228 822 56956 33639 62989 46359 99077 27396 
3457 25
16141 96603 35274 7750 8588 71038 41865 41079 92167 6463 35486 38980 63807 5828 83403 72781 81712 91851 70258 23052 5692 32647 41482 90722 12784 
235 25
87615 5191 75244 14971 49251 66273 68178 56600 31225 17667 75882 48937 59038 88687 28031 81977 48292 9082 41469 12923 35832 14175 42116 59708 2825 
1779 24
2043 72303 88087 14686 98678 21728 32674 73507 71084 72374 25201 22649 90640 59775 42352 73192 82337 57447 52048 95143 67117 2953 59356 65252 
4540 25
94688 95916 21734 39521 79723 39131 94599 74409 77450 88784 23416 85447 64498 34764 19127 21991 15416 84024 88508 18872 9855 58768 41288 11311 31453 
1015 24
31969 20325 11186 96469 61483 78093 42770 99653 48384 10375 71093 31515 84626 50191 53895 41576 88144 83493 65208 10982 75894 52285 1414 24511 
667 25
91295 41077 29020 18899 86679 74064 43214 9006 24081 41848 42125 78342 76179 58392 59411 38089 46926 58194 70359 46376 4928 55759 74389 73770 97162 
1612 24
83072 41600 28534 99129 42019 27854 49084 89901 13354 23374 60268 56030 23281 93758 20484 92492 7067 45405 38302 89165 40472 15046 25389 71795 
1875 24
54113 17382 81734 22844 44413 52736 40073 32912 8820 84413 20118 8950 23983 8919 78987 84203 32490 28110 11809 62175 63996 3643 4583 20792 
842 24
48241 58706 62561 11328 92609 96596 41135 32412 45081 53204 2988 5291 92594 41008 65224 38024 73469 71850 22132 84073 10819 27699 19046 50082 
2174 25
36867 26295 32521 61326 25078 33525 32325 21013 10725 37181 53830 78171 3136 56718 36549 12621 49537 43440 32971 93913 76795 98395 11759 37866 33162 
1105 24
88414 12985 40248 555 14945 78036 94691 92448 88496 65132 46796 698 69111 28257 22657 55059 5103 53667 887 25863 2762 85958 36846 38439 
341 24
21723 27587 22282 96500 24050 9547 71297 40143 53209 17907 24663 35308 61992 50540 77727 19921 59405 41228 94491 61993 15272 70185 50628 89350 
717 24
92526 54073 58945 1446 90748 95735 84293 87792 70792 90350 13956 36710 19106 86621 31657 20226 29139 50445 81324 81824 99158 17336 68897 29898 
4058 25
59393 70040 35147 21917 53687 70481 17785 53396 5153 46033 20384 38433 30998 61067 79962 82558 23865 90030 86474 29390 61802 34093 32876 801 41928 
3857 25
78565 74820 13026 61322 96295 10339 45399 87846 61712 26040 59568 12700 33069 16943 94428 49136 66199 28538 53567 24373 421 34615 85606 69475 704 
392 24
9047 81891 93512 34199 35021 55296 1974 30143 19409 83007 58726 18546 48740 91821 29342 83923 62273 40769 88587 82271 43035 40661 17032 86209 
4514 25
59220 98418 73988 88241 54815 34461 36158 39225 9469 48136 90535 82861 3482 13305 64844 38270 43195 49798 8155 68056 12164 48947 71528 91344 34084 
915 24
75866 74385 40300 43870 5367 93479 59601 88928 22044 86035 32077 82027 17430 81839 49693 30006 55587 12414 77001 10588 79205 13987 13246 50969 
3532 25
37722 69437 87590 80698 85173 14643 33316 3277 94206 45315 45105 69729 55177 89952 20773 96939 36204 7419 62999 72193 48838 29624 72662 96040 78536 
1856 24
91312 90931 46763 33261 35841 81546 43187 91132 81528 13426 9326 64306 66867 1593 96961 52117 88615 56088 87190 32923 91919 93486 30780 29362 
639 24
4524 84141 65976 64674 90306 55652 46816 8442 41757 443 12371 89304 30558 75414 61576 70559 29294 99742 18533 34692 60469 28737 6492 32056 
29 25
37727 98873 44017 52016 13213 40213 12386 13093 45030 22825 82049 75461 1539 59554 58826 79269 37611 23274 22490 58993 44214 99907 3511 41146 85564 
4897 25
62758 67266 33842 66392 81936 16691 31314 49644 2051 48606 75459 65467 69326 2033 94110 82756 66022 28184 3573 26735 42172 97713 49870 32728 7546 
5563 25
88830 32572 80174 37495 13016 25527 23809 43270 56795 56639 48477 48056 95126 94015 25782 35943 56567 50173 89023 15392 37463 92530 94557 92264 35371 
401 24
44553 63957 6401 29041 16872 8581 43610 38105 30265 91100 7607 32241 73999 390 14049 38281 8192 80881 11728 59284 39825 6255 46007 64220 
20 26
19960 19749 2191 68357 22807 38797 27468 83889 75258 37192 25788 41406 11735 58088 18184 39890 1587 73193 96884 46958 39007 91279 98442 31257 89829 12574 
678 25
11109 3476 75561 22946 18482 60509 36911 53335 52511 1275 25679 42937 50008 55291 87138 79976 82622 82711 20409 12878 23492 31010 37312 92120 16105 
5014 25
9736 98508 17923 41781 15263 82623 81600 41217 89145 57701 30217 46090 93964 58285 43641 27615 94302 53006 82001 18434 41036 43151 11412 95412 55469 
4696 25
5739 11341 5858 22197 16263 59974 5020 38385 81662 90676 84036 6736 79432 35183 61902 37365 46636 79409 754 31966 22981 95599 75221 2806 14341 
1202 24
15390 87218 56690 41916 86750 48514 3460 87279 42817 78683 70594 59296 18514 68336 90578 62991 84567 37019 29198 10944 83053 83433 82845 13596 
4683 25
32536 96095 42035 2448 56270 11562 50951 63369 66413 21604 77704 38903 784 27671 29968 28554 31283 33643 91287 42635 50421 31178 92161 23525 47715 
5600 25
47791 8854 6794 51407 16197 50103 22979 41696 80432 72536 67326 13711 43942 48970 35345 22148 87850 64185 1349 6408 14227 5443 64525 85698 86805 
620 24
58701 10314 84919 71425 73600 70698 65459 11881 85317 22535 79904 6098 31226 53239 76384 38655 44403 11924 46715 54586 58197 66627 74238 87433 
2166 25
29149 76337 62069 40683 68270 14656 31677 69338 42894 22001 17448 20911 13092 44104 99870 13033 5554 8267 83728 88860 58510 66072 28416 61327 61632 
4667 25
87260 45473 45054 43309 79952 98892 3403 30577 16327 48942 33474 54333 19750 1352 58403 79229 34403 62929 45163 69314 18403 86534 64716 94896 45815 
1211 25
93243 33435 37356 95552 91912 91236 30542 98584 35876 24676 24349 36021 28322 30165 92716 17121 67793 70426 90215 64606 2599 73404 91619 196 28685 
1542 25
89844 51659 49939 74974 2080 12693 22116 30021 15415 70119 59178 14279 73547 4622 80869 63989 69846 55664 467 88706 24659 92766 23445 13608 4855 
4793 25
10265 73088 49105 71981 96516 3622 13670 89216 69544 10617 47303 3030 35988 19197 73903 23152 14168 50180 46745 36358 16933 22240 9329 47047 74066 
4169 25
15732 46734 16954 28081 88866 58404 37301 61176 25767 23054 75188 64923 51784 13896 9725 64934 252 15818 80933 96443 99037 62207 60178 25618 21608 
336 24
99100 41289 99630 2360 54584 10636 95799 25747 23129 89058 40758 96210 91634 42015 19171 80191 17136 9489 9046 15550 4963 24240 4894 4290 
4710 25
73290 35357 41722 28599 21768 98419 24126 78278 2822 27582 58132 74449 44630 15168 15120 82544 76249 22961 56758 25103 88487 51096 40207 41389 76242 
391 24
51102 57431 59247 83673 12191 87551 29347 50228 69269 99950 81132 34185 3254 12727 55660 45313 4228 79942 95109 80557 92428 64559 37679 59800 
178 26
39438 34162 7098 8837 16302 32272 58700 64446 54345 45990 82764 45388 233 40006 19785 96431 65187 16418 1524 63471 46840 78973 16423 43367 41904 20408 
5695 25
60919 85398 45422 77913 7134 84797 70683 37543 14353 78187 11296 3379 92951 55997 56255 27743 38483 11277 33313 24818 26280 90045 68052 59813 95886 
1278 25
50543 15893 15752 67023 55065 55200 74809 78410 76334 29977 93057 23872 80669 4184 39248 74674 43630 70165 33846 21842 67075 80775 19132 29144 12821 
2407 25
41658 14200 51313 79596 7848 59106 22215 296 88409 41949 53961 12403 26494 53365 49797 49996 36047 33784 47214 39250 857 75954 24862 32333 82652 
182 24
85117 12864 62637 8487 85673 10592 31331 52373 39112 59817 74139 86186 79566 51099 81875 53938 83208 95785 72402 10051 9140 90879 81440 52765 
5034 25
85507 59116 37576 93975 38233 41026 51442 89204 48309 35980 38545 83793 49107 16788 75899 22026 42535 16664 23702 70131 45166 72403 33965 29735 40506 
268 26
40298 69810 15196 56725 83265 13753 32916 4044 97765 18745 25325 83845 63731 76917 50798 13082 51871 84944 96745 5365 72305 48380 8287 9619 16628 67792 
1009 25
12889 66768 74598 34353 5843 66236 87124 85051 39908 60625 29550 15582 45197 82032 71840 11920 24785 69298 75888 3072 81747 37750 4174 9710 17749 
324 24
73277 30170 94100 18346 68565 86752 89115 43784 28207 93871 94085 85141 59606 28067 71861 47242 78998 16531 7866 13891 82350 1486 65455 24176 
3522 25
41048 1617 97505 15548 71841 27008 84427 89976 17713 14154 8555 54804 7733 10531 94829 19050 40420 54040 13282 27234 5388 52005 38763 49372 71145 
1187 24
2998 16771 22674 88137 30896 50687 62555 41514 84488 44190 63746 18040 48714 52345 18692 14262 70541 40989 73599 59918 68744 66613 5696 76198 
4508 25
8617 69551 13330 17913 74661 71843 69492 842 69280 11120 68291 63968 17609 59561 23682 10721 41088 85817 63980 10615 73949 55596 82669 54654 5065 
638 24
50808 86289 85671 1432 42278 74991 4908 73851 8061 93622 40050 21567 52989 20376 93313 52526 2507 95089 47825 28308 34341 99282 95159 75525 
3660 25
31584 13520 98843 73250 75756 86706 35901 74131 36516 94666 3237 26200 32104 47150 11394 89119 74060 71668 60880 53195 18576 74378 34688 62813 84679 
4899 25
7509 75269 85762 39894 24243 30063 59789 94431 1028 66978 12244 25212 41958 59869 97791 13047 22211 96349 40362 35566 71225 84167 98935 19728 53410 
5775 25
40815 6679 55714 7902 93461 76492 49769 57008 62451 22234 46920 64825 63663 90462 96919 55243 94801 87627 60298 17260 4415 90762 89488 94205 8471 
218 26
99668 80957 42196 53715 69447 70893 60653 40907 27757 91169 56760 51952 67514 3731 50403 52676 11452 58381 46151 7932 79905 25432 20806 90401 87642 1835 
2331 25
69005 90964 57023 92140 91157 23219 69291 98018 65561 97041 41539 64777 97744 22708 82733 10899 44019 99680 56625 72881 38441 56253 63276 3692 87468 
5302 25
43316 87675 26546 36749 45849 7786 64927 78854 78594 89752 97506 81978 4249 66980 78924 53613 61374 83273 18335 77471 90880 65824 78921 3013 10092 
3958 25
61748 29983 95162 18538 86350 12047 77344 43582 64367 71276 30806 98716 40817 57327 62732 46803 5899 12321 58513 2580 74899 76595 17570 63587 18194 
1460 25
66439 93528 63538 96780 47335 38091 16295 99838 65442 75445 71663 10355 67851 17452 5751 20849 70798 61084 93121 71327 15728 47143 31836 27507 29040 
2446 25
79828 3005 96814 85289 15669 49667 76470 71005 60499 93823 31918 18878 78638 62113 40279 33577 27573 43669 58102 22233 69035 9414 20250 75009 48654 
665 25
67310 74241 41091 88535 22964 23679 52270 33951 71525 67657 21919 21643 1729 91478 90456 56861 38588 51544 15095 84764 97523 4125 23290 66831 78 
2676 25
71206 55549 45309 91664 57233 18965 61624 41325 40210 82710 41808 83797 31620 21684 13858 57016 78829 56442 93151 8329 69145 33218 13637 2215 47978 
627 24
47641 66677 95166 57745 24599 7127 66027 38607 13560 52012 45726 32012 37447 64016 92710 61741 13025 7231 25397 36454 14269 12900 91213 82555 
213 25
41465 73591 90874 71869 62008 19037 75023 60360 47289 89785 79106 73424 50898 65805 33059 4164 13877 63251 37983 73354 83517 64476 80266 44323 52525 
1953 24
66706 13060 49962 35242 4279 67057 61688 54748 60406 87898 37153 83372 85004 85692 22607 57305 24402 112 66528 25343 22996 65051 42575 66977 
5105 25
5623 81822 90103 99864 42071 85613 73483 16189 70401 78994 78418 12669 81357 10743 5150 92777 41879 85410 99825 27534 38568 74772 95438 98957 51771 
5405 25
37597 54575 18843 95561 93563 31526 3021 29545 14416 11756 22158 45701 63143 9458 10882 25414 2920 61814 81576 49811 99233 32434 13500 67856 76265 
3009 25
99071 16297 43923 52340 53712 68490 96004 66513 22171 10766 21237 7685 15148 20947 42977 79825 85665 11966 31184 16454 78559 43968 47258 3521 72719 
5132 25
55063 93334 13827 11791 8428 40647 99588 75643 10898 76506 98999 6644 78200 61336 44112 30764 15704 86127 53067 57066 67732 6752 53711 47953 88139 
763 24
21589 55134 37294 54800 40587 73940 61601 6875 24052 79064 4106 33663 60635 89816 93347 40707 90390 34320 10611 21578 26537 36208 25642 53693 
2671 25
8742 47104 85177 10835 75659 85668 45361 21116 82746 97748 56949 97678 87166 85852 1662 37059 31154 81998 93168 51525 90766 84588 36700 22072 76105 
1956 24
95151 68939 92962 44121 11672 31112 35193 64789 88961 41866 83551 19643 51471 92298 44476 7441 87494 49434 41440 82319 2320 44533 8778 21870 
240 24
59437 79707 28497 10741 41586 67460 1252 23350 50244 35852 70801 56912 83998 9871 76602 638 64591 47709 73055 24955 97647 15520 88839 96667 
3323 25
23106 54417 89261 32154 92543 28490 90041 47613 33139 30787 67195 31766 77707 43633 28185 3874 11083 20808 92094 46006 39695 94596 64263 64489 98436 
479 26
50477 9853 70637 10828 72715 16709 66837 30794 19863 7052 57598 34026 36554 15501 47141 2622 41078 7565 15519 35564 81837 22170 22299 4674 56509 15729 
1253 24
89076 99252 85436 27064 40670 40920 36371 74634 4430 40441 46643 5688 87209 25156 88350 31518 55629 54383 49237 69719 5548 20259 36574 68392 
1910 24
60986 85528 6548 73070 62778 5879 35601 28653 4792 36531 65307 61593 13933 84908 92006 63109 13504 88382 66655 59089 85031 98921 31659 60392 
295 24
69876 39268 39211 29105 85145 78977 86011 96420 943 13696 21101 93426 30065 72682 90977 31803 51717 50240 70289 12141 22073 8638 42697 12979 
2332 25
87909 67848 43294 67960 33018 23519 25292 76988 44793 86661 82647 89031 16385 40826 78353 67943 22198 59021 64935 62909 71737 64969 1594 3080 47042 
1073 25
50164 8656 42703 67217 60377 76185 40490 50001 25089 48399 43398 13460 5793 84501 1531 50261 87828 28828 30294 86401 62152 24924 27519 10011 85297 
3921 25
59463 73630 19183 5730 37266 29280 45732 39769 46426 83415 78152 1394 39618 24206 55002 17769 49524 91811 72335 38189 94684 14516 10779 51799 43504 
5605 25
93733 8255 81322 7540 80260 9155 999 74221 86258 52884 20799 17155 56918 56536 78112 75524 33548 29774 59724 51909 16336 22187 7575 63067 95902 
2259 25
91819 85212 19555 81146 29693 3386 60047 78793 3839 4095 74606 10738 96292 76721 5360 47275 34122 42590 6088 18222 8634 56872 56449 77503 79270 
4674 25
91585 11638 13692 62821 60993 5044 87390 51741 45042 70811 83597 69147 24581 9898 75069 40806 81545 23693 81151 8217 44748 54328 2970 60795 12439 
5760 25
66814 99451 87001 46141 76358 54655 18770 82500 2925 74890 71746 9950 60098 63651 84827 8015 51390 86120 55457 50014 81742 53329 41654 63887 62355 
1413 25
34031 96522 43948 60700 78108 61595 69452 24306 7103 20868 95657 79120 55677 88014 6980 62220 10663 11480 71432 85133 54084 96149 29802 21521 93309 
2620 25
23298 42551 96480 60088 5842 67990 1336 9718 33064 53659 72505 8613 49009 88702 55901 67010 65497 48631 43193 80568 76191 66220 7383 57899 39394 
3186 25
8115 29069 33915 4437 1940 90106 65315 30266 97083 36671 97788 90914 42607 4501 17262 44457 30557 71801 90195 51044 3893 89029 76742 52943 85247 
706 25
55804 54147 24459 29672 86409 14804 30283 20158 43599 8998 76090 27292 98610 45196 56807 92713 57599 32441 47982 64136 86592 47773 83669 30539 74582 
1095 25
42200 84133 2044 52941 72377 56665 97666 3603 95693 71266 79246 42480 34435 41340 14751 17731 51310 74589 88887 25498 74812 13633 90208 211 65852 
732 24
24156 85063 45260 66881 6780 98062 37328 85874 92180 71945 65067 76410 37381 57757 58045 26208 22372 94889 7115 4957 31792 28896 2863 3770 
306 25
59275 56110 43743 60757 29172 8835 32402 64217 23749 17985 22925 96355 34509 38112 32112 97605 18219 98096 70766 54695 55383 16720 67363 61212 65617 
952 24
44891 94451 85943 96032 87110 12264 7707 49802 70264 25992 18228 33581 36462 86894 8986 99061 97709 94772 14072 32755 5859 93343 93219 4372 
1883 24
82903 99380 34729 4774 87880 48523 74125 80194 30019 52277 86617 38193 75224 62046 5256 22309 6511 43810 19362 8976 75452 49775 41233 53103 
4519 25
76382 26514 41487 54051 67540 8610 15293 59432 35502 17210 27333 59233 94964 3069 79845 67166 13946 36990 75016 72864 21707 93266 13967 93641 35834 
3490 25
35691 61267 32509 3002 87612 48208 13432 3451 68750 17715 56793 18224 94049 71690 14964 39749 26687 15660 25718 17603 82305 99048 30248 41742 25493 
308 24
42513 49148 30985 101 62972 17624 2038 32948 89781 10853 24621 4371 32560 3139 25689 21083 89506 50077 4707 9905 57862 2584 75679 51176 
4443 25
12257 14585 58985 49818 18302 14173 37655 33132 23921 70988 33431 68730 77352 68749 14123 31642 48348 95826 653 85625 46045 50770 28792 67076 75219 
4502 25
43282 44467 23668 91749 99732 45406 38561 39694 29833 70641 90870 66289 62316 72021 74119 44078 2280 55014 84628 34284 85885 92001 61306 55958 75644 
5751 25
56065 56061 82092 47637 80710 32379 37735 77397 44573 46409 8433 65398 12879 90855 20796 69239 21610 88195 15995 46945 92138 28218 63326 61561 39784 
1337 24
9137 95857 89907 84849 72173 64012 83846 91879 60835 38514 59969 38673 74537 31701 81349 69490 51795 44079 69620 64198 26674 1606 8363 6590 
554 24
91778 30426 19220 17613 82762 43182 68821 26917 81003 23172 34027 31987 44752 88359 60338 43054 93769 27946 47965 17519 47760 44169 56722 6233 
5066 25
92256 65596 12885 56371 92795 9892 45354 73308 79766 84379 88348 81246 92391 48356 1682 45594 76188 3056 1803 11043 3143 33933 76701 91635 19495 
736 25
34696 49066 39401 6078 37400 37890 74462 73251 8593 68714 76978 52250 23322 82238 45016 90605 25991 40552 9756 47119 36670 28010 28281 66986 81527 
3719 25
38533 35145 38965 33070 29533 345 87978 8953 68701 38868 1634 73017 41433 49985 75026 17456 96722 96672 18243 99493 58536 19717 93639 6987 73928 
557 26
30683 21187 87673 77587 95364 53765 54821 23968 94515 19957 26143 48351 81163 17705 61647 91630 25511 16855 93659 49307 5876 71523 11954 90584 41754 90948 
203 26
47902 84500 57183 65366 70447 44095 95325 22150 77719 65037 80418 57608 27930 55071 71152 13364 87629 24791 36178 39242 45498 22182 16758 98309 73659 44374 
734 24
65709 71417 86373 59426 62345 3199 89364 63978 45386 97486 17760 84147 46089 67296 79762 28712 43364 38348 37714 29085 45261 64423 57267 64126 
2088 24
47053 64968 55344 96254 35364 19665 93252 339 99606 95740 64277 21621 93021 68404 61243 47896 24577 10577 50235 77237 5968 76166 92114 44775 
3863 25
59511 71554 9716 96286 2754 89024 78719 16496 12006 15027 75422 27074 38014 7988 10867 86029 65344 60031 90431 62169 58780 48249 8912 32024 52283 
315 25
79914 77200 58072 48586 27328 65810 40406 62494 804 12381 99863 1343 38394 18629 70966 51224 15990 42356 84542 77646 24198 74641 6982 22937 70759 
3563 25
70806 79210 46812 79084 3553 11514 33181 81846 31554 33567 55167 63154 59003 28707 24316 47134 89189 45617 97945 18714 39108 39142 41873 70299 36082 
1781 25
18172 43021 12022 22427 53424 16053 37826 58148 65356 4081 27901 41841 22276 41133 26780 40843 31380 54600 77480 41403 89168 69469 52073 89773 86914 
309 25
81648 99213 54082 83912 11427 11858 89600 28968 60290 71422 20856 58260 3611 2379 65294 91527 21908 6856 31959 76443 97419 24746 95180 30002 9945 
5177 25
98858 41163 13622 12087 40338 9774 87213 30537 24281 36675 72191 20225 46024 40273 19557 40735 86408 49037 935 43371 17700 5082 78733 13450 68281 
5663 25
55589 52089 76331 50957 53343 36318 45304 44186 73807 39793 14669 63413 37817 1766 47240 16688 4950 67242 95473 10594 950 71520 70604 7309 42802 
4438 25
44472 67554 26199 24797 74319 70498 30960 47763 66686 56096 2363 21360 2165 48218 86247 23717 95549 2913 7467 61430 76086 19065 95512 39898 17510 
4454 25
31984 60933 49758 88191 77797 1347 91980 73855 32180 88711 359 27659 34657 76339 60694 99403 22568 8541 42481 78557 19255 49941 94649 15291 49273 
927 24
76740 65785 67204 63008 20009 53375 3715 2838 80094 46294 797 81050 8985 95988 90860 26709 52766 39132 6671 70677 56622 39614 29510 24269 
517 25
81263 72506 58433 74268 60677 56799 9139 77223 42879 90760 86183 23149 52875 20382 58560 72470 61494 12180 37244 46061 41667 85223 28991 91788 23833 
4636 25
45161 83106 45262 7994 36446 35246 57098 58380 34283 31109 92752 33339 45391 87593 46490 54639 5753 82978 43455 27070 10915 56132 53576 50863 53808 
1407 24
12692 81905 14696 74626 73751 42639 83983 19505 95381 43976 731 25430 84182 79230 39441 7238 36342 16043 23869 81740 57922 15348 88974 72311 
3032 25
84850 73438 23870 61759 56165 47129 27752 44823 54670 12258 30821 16051 11570 62551 59210 53072 95472 43221 87969 27123 39976 37296 74136 82083 51247 
1343 24
58198 12271 38170 3843 30004 93807 58249 77936 56469 77691 60944 57945 82160 89542 19918 25950 76963 70319 11982 62096 685 28205 7839 68381 
1055 25
21650 84650 14750 33930 97173 46555 69150 56083 13612 62060 24084 29934 94363 45169 13121 34608 93425 38185 28034 16815 88301 41419 38563 29771 31041 
1812 25
90353 79411 80745 84730 4717 5283 50035 34275 10174 9313 12983 92568 6913 19985 65275 83412 69834 3582 22281 1650 60191 84674 10319 70967 20453 
355 24
97384 78224 49881 21114 2341 81220 58809 83905 40081 17595 62998 97355 24881 4509 1472 94709 73414 7274 67449 21808 15419 22852 36136 19168 
477 24
53877 18870 57552 37283 31128 25687 59049 50323 42180 94078 67461 4756 64071 16692 34880 66125 6126 13402 70320 24344 23747 33856 19588 79273 
1060 24
78940 48975 59651 95371 35523 67277 98736 60083 84060 1637 59223 18829 4759 43283 65297 59492 16513 34440 46224 26990 39652 57057 99940 82812 
3813 25
45040 71868 25842 84768 94227 20086 56340 2661 23112 50673 28726 23723 73274 72872 64310 5259 61920 21858 68775 58126 9720 30231 63211 75752 71858 
3042 25
94746 82995 91393 98613 54896 51663 45066 33326 41108 77413 32204 90859 73495 78452 25998 70263 97034 50732 73752 96988 22249 8291 76239 58829 57250 
2192 25
37875 43817 50104 9961 99919 90814 32661 55093 92917 68325 72982 22681 4344 84229 16173 23699 95936 52085 35198 81431 6697 12848 13561 67099 14234 
329 25
10148 88493 10171 37414 33374 54644 405 77799 64873 33327 81599 49175 71706 82288 57683 41087 34661 80040 52697 42462 28094 10215 79439 51858 313 
632 24
63774 46341 2039 66418 29164 21356 74843 99688 23014 88320 25944 35621 40185 61989 14288 4976 21847 92204 47972 83784 70532 74133 39168 13686 
217 25
86536 86972 21675 89257 98845 69806 77838 66580 67538 4267 16165 66270 94273 135 86633 74866 24547 18074 14692 30650 25006 80859 87304 77008 79083 
412 24
42763 14572 12798 20228 75117 78106 71878 67098 75293 13740 90666 77006 90371 46077 81152 64204 61495 55389 16714 69514 6557 79642 93491 82309 
4152 25
74683 33592 62059 98252 88790 89200 40326 77017 13002 41304 87005 79826 8065 21579 72863 27196 55570 58739 88143 89910 93555 59117 47774 36400 33152 
2053 25
28487 55648 75084 61861 10159 66176 54679 91814 48595 11892 8735 81881 83090 75384 52606 50509 70091 23168 19656 21938 6665 65760 57988 84599 52651 
4493 25
79387 1780 66448 39914 72433 37563 67183 13467 48457 87266 85029 57454 44102 93991 58777 92278 72628 61165 30730 29004 15404 56747 98055 60982 48976 
4232 25
4384 46656 25778 20971 823 81541 3690 72343 14885 31250 69665 63556 80162 72060 64919 37038 43935 40829 74405 43871 14308 67109 80697 83097 30312 
1062 24
59434 32662 62960 63309 11145 49112 32209 3612 98073 83614 70981 73583 27175 53818 99249 94294 39260 79048 97142 4179 8468 30064 25962 5339 
2690 25
78948 67119 85974 5897 44451 8020 73405 79239 94732 97661 76441 32368 33727 93837 61434 86315 31911 15211 26123 14006 8707 66910 65421 28775 86201 
5771 25
13038 81157 64704 20635 63124 49917 5250 28297 17217 35685 56134 73604 80632 72950 93770 65728 15786 99794 3044 18468 54350 69732 24871 49508 32682 
212 24
33859 97315 19136 96643 52291 48921 31730 44494 21607 99882 16624 10566 5003 59927 25775 67715 9757 38183 66737 5912 65621 31957 76942 88915 
3061 25
82088 55301 16242 7207 61675 17703 19522 84772 35614 88740 35295 96863 28247 12835 91626 37923 57515 90093 23725 76224 1053 56026 46038 13341 86974 
1251 24
43184 12375 52914 22556 49304 92237 25384 34457 79790 2713 2675 55013 56543 41525 50292 48842 13264 23976 84668 26422 61195 79568 74656 22795 
128 25
30638 6077 69045 62687 63838 32201 10354 9934 81268 64681 11533 19078 15367 85623 31665 98832 51110 29383 99541 59406 84957 52330 64455 67319 50966 
3789 25
11745 29311 16379 56885 77715 92935 9919 67882 92503 60772 25939 73224 99074 42026 69217 66122 66163 49328 96085 94096 11823 97245 63046 27515 75623 
3381 25
65042 89655 52488 48634 12125 78070 55373 67924 57950 31326 27970 88305 59676 74168 82851 44171 40392 32795 3841 16116 35155 67253 51465 72216 5835 
3379 25
75240 26589 33686 68135 28174 49216 18665 56432 65469 51662 18921 67433 9169 86142 33402 76225 82540 84263 25659 20424 14893 93084 3389 28025 68252 
4466 25
99959 59139 57333 70924 83067 24907 87620 87785 81423 85707 3257 26743 16026 4573 28466 67769 97942 63244 7091 82158 54305 20910 22157 33005 78914 
4853 25
35591 27035 95322 60851 8775 78688 490 83618 4971 8098 22796 4804 1248 43991 72688 34716 54511 74280 92193 36874 70527 16205 21894 14323 9759 
3924 25
94973 8226 6493 13650 8276 79486 92177 9238 76879 10057 22515 51571 48694 69684 92612 81233 94900 60013 7480 10245 26725 62360 95268 99693 84408 
80 25
98775 65994 7375 59781 37927 75981 13492 5726 36269 23073 10292 87942 35607 22298 69917 12803 86133 28550 14906 57150 85271 69262 22953 47861 82657 
2327 25
87302 11175 83900 51546 28435 98880 42751 52846 45553 54893 20501 88010 13714 41232 68824 35318 93471 38550 64682 15176 68810 47901 48057 4564 81160 
5780 25
27115 16935 4811 55019 8080 20030 17369 92433 44414 86915 75313 31565 30058 99288 16508 16511 74676 87288 93109 48771 36966 55192 45636 16349 3749 
863 24
49201 56084 61319 57036 62917 37020 31367 59146 91595 98533 67301 56813 35041 7190 38632 4131 60169 15323 66059 58047 82964 40417 30828 88304 
2490 25
42921 94804 55482 77880 24786 81931 74627 51938 44065 88894 8515 14150 13493 38860 31863 89578 30544 46582 64478 88861 96944 25855 18393 67382 40227 
78 24
75971 62009 80718 77755 38396 20583 2034 11819 8644 8628 85777 47790 18792 82300 99439 87179 28311 20943 57794 83954 13263 60780 85900 35677 
1911 25
31083 94821 4333 48622 5278 16924 83626 28862 55813 83159 51732 98307 137 4668 2435 21177 30687 94122 45277 44598 28301 53639 75303 61162 44514 
1139 24
56306 44821 74258 52232 8678 46956 73223 42541 6000 34336 98047 55634 75916 56548 41632 74025 10039 83693 21565 80888 52320 56256 6520 88115 
429 25
15574 22075 77949 35001 4648 12281 15817 66586 56798 32699 6571 50857 46331 29786 31754 14826 40289 86018 63580 36459 88995 572 62683 45870 20466 
2602 25
28068 71596 55999 64138 6488 79206 25032 26274 26573 37246 16789 71595 37494 87333 34911 80376 59317 82104 57934 22589 37345 66083 3846 6543 88530 
1001 25
56970 86541 20480 22208 6926 71492 58672 17524 46896 67087 24333 10301 16394 60912 6776 42030 36916 69968 33107 11379 31338 95894 37094 95397 3054 
5297 25
97525 39094 8871 98572 29723 14427 63566 57283 61286 91662 16732 6392 73758 88919 71992 1138 93759 16386 3775 7113 48417 985 13126 17021 64917 
4261 25
96363 35773 37617 76757 15187 85128 69 31989 50769 76039 32813 44275 68217 23505 5024 72479 27124 91260 89158 20483 34490 51366 272 36972 48436 
4917 25
95729 3026 84014 8211 15072 13907 4523 2942 88006 34021 36608 25703 28219 33632 83609 46663 67633 40996 9345 88081 38224 9267 95802 87243 66877 
5732 25
66029 31371 92162 12194 75278 96765 62689 46449 7966 46961 9380 66088 77224 16722 45576 7946 82417 99235 19737 64251 92556 38855 58917 96468 29902 
3809 25
43462 8665 63870 95972 89352 86659 26097 5273 3623 23355 7426 72229 38845 39214 42358 33820 73231 42386 58245 41083 41264 66161 29505 61587 67713 
126 24
83805 17332 78860 30366 36714 13810 57307 54510 42349 67317 10654 26174 46518 40464 53868 13039 62389 22434 97560 35138 8722 83283 15561 93098 
994 24
39071 30277 44270 24309 25191 50671 29002 55929 55500 93852 86220 17799 66132 18928 81073 94880 45207 28150 91146 22204 83214 59851 39941 14060 
2621 25
13221 22338 75997 31408 97999 84956 74584 47343 93990 74174 24828 84312 18578 91905 50133 99558 42661 69049 95527 10256 80352 26729 54462 86505 28193 
1866 24
93820 1369 716 96486 90238 34272 27660 25989 16655 74242 42820 44069 57118 6212 62183 12933 60470 42092 5370 79876 84062 31006 27326 34524 
1045 24
27962 71108 60275 20398 12763 46299 83215 40612 74711 3710 49801 86519 74738 79750 37555 97016 56286 52925 39934 34957 24166 14272 63344 7220 
5154 25
44712 20711 56386 79955 35656 56808 58344 67495 33047 90351 86956 49465 96638 52562 46990 9916 93460 35395 95033 70521 80964 5418 12795 39341 40152 
2478 24
56637 94148 67342 2394 5395 52036 10659 80374 36692 83324 37688 97 18261 32037 71958 48126 83462 52704 9971 60838 74926 78583 57481 20963 
5617 25
39125 65181 49196 11082 47406 50618 63912 47336 17387 68403 21414 34232 76084 44855 65126 71440 60415 85416 19628 21023 21229 72901 49164 82108 16930 
1440 24
68808 78786 14860 75411 91069 99339 3024 88741 58563 99374 73593 63713 54176 98746 62353 7291 45289 95337 15544 73905 17592 60325 32240 26517 
1796 25
78762 54351 26769 3547 52758 70318 45951 63256 8228 71393 1029 39997 22541 71928 68387 28223 44080 75845 59525 23371 47909 29284 96268 16824 87879 
4158 25
49646 40331 92303 99645 51078 83183 64856 2589 41806 40864 66678 107 31683 50464 93439 20084 3082 66192 65873 59956 95103 48129 57885 7074 37557 
1896 25
52047 70184 76722 54526 53294 40685 81964 51653 52771 28388 11929 70583 67980 1092 39636 53392 87857 6602 90171 17932 58670 84817 83210 52203 16353 
800 24
61648 78180 44997 8535 37941 16387 29830 39463 38937 58584 14378 85595 98844 63927 66708 21619 30915 88959 35121 80482 51402 96567 91686 90239 
3810 25
26070 10335 31971 62803 41329 66294 87579 6796 19846 50575 69922 28755 26209 67051 85879 11783 2826 42686 18650 65036 91614 29805 95379 44736 46825 
4936 25
71504 19390 36544 3332 94544 21276 66234 20430 32344 97354 61352 75391 48983 41795 430 27978 58111 769 49250 5325 79376 2145 21561 63585 3068 
1622 25
42647 6362 8032 78601 24699 79160 39569 23420 58841 51971 56651 55930 40637 63188 31129 94184 67131 70441 26804 75314 71695 74900 43915 34835 27335 
4482 25
87741 95663 16171 68214 86611 68491 88940 92475 44041 65505 55302 92467 41688 86211 83831 36629 33605 52216 68987 8720 39210 35906 17023 13728 14653 
2654 25
53126 84732 17615 92534 11472 68518 70891 24056 97717 72608 55639 93954 35063 50434 48623 99198 65587 14965 23555 56062 63582 51477 22709 8395 99640 
2274 25
58469 63108 92706 87160 53387 8680 34485 82375 72551 16671 30074 7868 43083 44222 28595 25314 11539 70706 38954 84286 27826 37435 8418 52516 30464 
4640 25
33195 54133 68008 69512 88829 14453 28216 44994 18623 16694 45172 13615 71773 56330 923 29707 307 54746 19624 58925 12695 94469 56197 91446 38236 
2937 25
53495 46433 81744 72081 68635 13476 84836 7628 29339 18218 97797 88745 24139 99519 40495 18453 43034 67609 60614 11619 29242 18871 18340 70592 15712 
2321 25
91369 43091 66744 33329 89315 98321 7088 89883 18902 2612 57813 91090 83050 61866 38498 26217 57951 62548 92411 7517 25265 88035 97090 81775 95287 
5026 25
14432 82574 27065 83630 75129 99496 54996 97124 92381 20652 78154 93472 79435 67068 29013 8323 73744 72175 67872 98183 96871 87013 93215 4300 35594 
3365 25
2909 58577 72683 14949 41506 65797 11999 14822 67151 38684 5631 83894 20998 5275 31392 47246 82854 60238 19178 3468 92131 56586 65155 13565 84571 
1150 24
37313 91525 77992 61910 34397 48977 64527 56831 81445 73195 98846 38023 92259 14784 78926 79198 74821 34240 21141 25574 64358 96461 2721 48851 
685 24
49023 9154 82078 20135 6157 31117 15838 57900 54207 61244 99585 72531 55686 26157 70461 95329 48453 25043 83320 76943 32869 6416 21393 2109 
2547 25
59985 31223 72932 61785 97692 89615 97845 88095 23772 1345 3882 45058 65863 58374 9156 1824 93915 23830 65947 6871 50444 40140 53049 81077 22380 
2218 25
83187 2075 17645 25999 66079 78919 7708 69220 27638 88043 2497 66621 54399 11344 73045 80110 17730 20765 98155 84802 89298 12534 98813 74980 77030 
2320 25
77 1017 66656 25640 88688 75736 92918 76977 28615 6219 91770 28918 58478 34829 90358 55082 92350 73289 40216 45919 20313 78593 6954 62237 54370 
328 24
21658 60967 85872 20587 81586 15049 84334 76964 9000 62855 65452 84432 94523 25893 62410 34494 9502 92135 45964 37442 95659 45343 26913 29226 
1852 25
77916 28945 63977 21505 48897 61052 74861 1657 72210 48000 32872 83422 67237 49466 69636 38786 83750 78489 48992 25807 64067 85615 45312 65892 54788 
57 24
50569 99157 74660 51910 4992 11785 49805 35940 92224 44858 80934 41013 10044 1058 62522 48004 58015 68021 12492 39806 24253 95879 98269 64151 
4969 25
14659 82123 59933 14099 17477 90134 32645 76508 2889 30511 87557 97217 31387 53151 93707 93779 847 64108 9029 23695 12444 46702 90327 46942 76540 
1029 24
65203 71216 56508 63054 44796 95041 5340 29346 24172 15385 31302 8751 25791 54816 35545 40425 87345 59152 86188 67176 92988 46362 1183 748 
3131 25
15281 64814 20539 70220 22519 89941 47623 22340 89616 53183 33502 45605 10075 63836 11741 16881 24494 95029 31158 37368 59304 36552 67940 75002 58289 
3484 25
64137 9492 12157 94878 58051 31634 34808 77333 35421 22416 53902 97168 96048 88218 93078 92050 33186 83020 99892 63103 14036 54633 61190 83251 25347 
445 25
76353 51599 74345 24545 18039 36970 80348 28650 66730 52899 18487 34894 49642 80668 41994 63961 61539 96402 228 78351 16914 7412 17470 22495 18606 
2052 24
6131 81267 59587 34089 63684 9802 9592 36679 15983 97557 56657 46212 26700 68912 73038 45949 82541 57993 6979 95463 40592 55277 71604 2439 
4433 25
55979 2521 42538 73134 2731 56800 12931 79963 67650 51920 23047 72307 166 23627 26259 79496 59124 44134 22250 24011 10435 51891 97032 35489 23530 
2826 25
41911 75931 14841 34908 31865 10984 38102 95051 29511 74199 87779 59595 52969 56453 53985 59354 14362 27037 66755 78646 77536 88401 65827 36167 96533 
4294 25
51536 55985 293 65100 89551 23167 1930 35368 57739 58942 13893 27368 8941 22068 26363 55084 12634 73216 81727 21075 90330 88369 3096 82800 75924 
3127 25
96409 96974 42164 36288 38099 49089 41105 5620 88159 34961 94215 16557 32655 89998 16162 29122 7612 32022 47118 19885 80499 91945 58076 40962 2029 
5671 25
8357 2031 54005 67351 37987 77697 30493 6834 61976 75872 62832 16558 41370 98212 25387 42025 97067 43501 63295 19153 55325 38332 63618 91928 47596 
4809 25
86477 79993 2330 89028 88180 20356 18760 70985 17408 91159 9673 47110 4605 85429 94626 89734 23067 80991 54734 59474 71171 23071 53655 52794 55369 
3006 25
21592 80363 35459 59415 34056 99409 35874 67118 8260 40028 34131 98495 90275 56416 59016 62101 89021 44379 62772 19441 56376 70488 3589 41311 88573 
288 25
88033 27107 13362 8649 71665 9486 60871 67948 44992 81121 11807 28008 35625 56399 56329 95436 27688 65114 25457 30543 2477 85864 45381 67916 66196 
2873 25
81879 5911 96017 72918 48160 70328 4681 77491 36772 85269 17495 12676 85415 87506 78435 80672 6786 9292 13798 77517 19523 4752 52114 97561 58553 
2148 24
97233 45273 97060 87996 62938 31134 5152 85207 58384 6002 77897 20400 75724 30431 71904 70574 25996 42831 21305 52296 82833 47910 99165 45869 
251 24
74906 57438 34664 54420 87334 15638 36853 30573 67060 59130 81075 44445 18154 32962 29992 2246 48697 9152 22613 55096 81316 84112 74696 13165 
3718 25
5944 82014 64667 36973 15443 18363 16708 41543 18687 68547 34697 96202 64688 42826 75347 15306 83824 83829 18611 78244 45759 38870 57592 90270 69149 
2796 25
88522 91999 14726 49903 14024 90615 68314 55375 95801 5992 81693 19615 54127 25056 87362 9780 8423 34582 77211 67748 39326 87709 67327 48498 96503 
1577 24
48938 91697 52517 16143 49348 32773 35468 34103 59198 32637 53499 43931 87473 92684 88386 31061 27339 36298 25047 92562 32522 86801 96992 5618 
