74
465 9
32261 24319 50719 55446 3609 97670 26773 51656 20499 
346 10
22534 56750 34930 63029 38146 4696 60129 99261 15341 88535 
23 9
92989 10440 79862 53863 90887 98621 84884 37903 97422 
10 11
73119 64296 42930 31073 34948 88182 37529 39389 38650 32895 38111 
305 8
13190 63922 78608 74431 99241 49772 47099 50638 
860 9
95365 35590 12218 13596 35272 6547 64737 65497 16574 
1042 14
28382 76481 32951 31578 53430 50563 3404 50785 96790 39324 54254 85259 85176 28834 
1178 11
57269 21066 83237 91870 73498 20291 62401 84034 9186 84306 20621 
295 9
75559 11627 64415 58860 66132 71424 53592 12870 966 
264 14
17711 28487 91207 17200 13666 72737 9649 76267 94437 63219 89535 8438 11945 79922 
154 8
29913 38863 2161 60925 77065 30044 70776 57329 
1224 14
64777 24585 4120 40141 51309 85 54149 82477 39598 29843 58744 24567 62339 5329 
1464 12
57367 50653 15680 77296 66757 29421 43660 84657 82072 16395 88618 94940 
702 10
30233 22922 8200 90387 58729 25266 66108 31213 96131 33566 
515 11
85787 72770 59988 18435 39037 35153 52558 28610 32128 79639 51096 
200 12
62298 15877 39419 75976 34580 68393 5524 15475 81012 7552 49844 93503 
417 12
73689 19886 20639 71017 62488 43982 53883 1829 35265 33555 27930 50734 
921 12
8264 64165 51030 74794 34504 48681 90116 953 61790 99763 12723 61770 
1524 8
84501 31901 46517 70935 57518 73027 98396 9533 
357 9
59287 19552 1277 89688 68408 89079 70542 20732 85911 
1440 9
30228 68168 47417 15170 49575 59317 5743 85404 10126 
2002 9
80778 61961 21695 76862 78842 65166 36939 32607 21587 
943 9
23154 77163 43461 70331 71417 8187 98757 36894 40274 
1051 11
37593 95503 65733 11809 78093 54286 13620 61437 20512 9729 59297 
125 8
4967 87226 23143 39807 87077 92755 20463 55372 
1591 13
41184 23395 69843 3388 10977 80340 56929 47523 2650 87634 46452 891 18318 
287 8
5513 45627 4217 12034 44905 41279 23871 19367 
1704 13
15288 64298 12817 80371 62857 83274 61375 4043 4894 38241 42300 38181 28071 
1189 13
90889 41805 64568 72814 35348 17692 90888 78301 23028 62503 39651 877 56127 
527 8
73281 79697 90126 15192 4839 93992 75756 6981 
671 12
26867 46169 66125 61977 13717 58887 31779 30766 8883 1913 36506 6504 
492 11
28188 51118 36919 53327 65626 68635 86507 84278 68165 78567 25786 
311 9
71593 18916 82307 44518 87223 37512 90483 27406 66861 
329 11
26207 12298 91475 20290 66078 3209 87004 85579 80663 22531 66303 
248 11
99248 83709 30400 43037 59115 191 65225 10411 17377 97974 2819 
571 9
63680 84828 41318 26792 51465 24370 71372 63475 31778 
775 11
12807 16853 41713 9457 53614 35611 21319 15639 21777 64859 66828 
396 14
78782 81720 70882 96929 36533 55618 2847 10264 16501 47469 83757 83818 38333 12663 
789 12
42570 31269 49557 43947 63643 4475 83807 3056 43693 9969 67556 51890 
1703 13
14274 85530 98836 20826 94635 53776 89342 72347 16580 91643 72729 5537 23781 
256 8
61695 66830 53264 33561 83096 1693 28492 88566 
1818 13
93862 94975 41324 35506 51462 51301 88974 96078 22658 57452 52382 42804 90043 
1068 14
26364 82794 5633 63530 56583 41883 33250 85752 91286 90382 96036 46949 57812 25006 
1691 13
28015 21393 3421 52493 89202 49158 52470 25678 26264 61689 53424 26701 48763 
1037 12
77030 80727 10066 56979 64421 32472 65242 10726 68672 84385 17186 81799 
1908 11
45889 18693 97887 14645 4635 96434 16774 24480 55286 10435 10309 
208 10
96597 50677 10683 76529 41474 48100 28187 37890 66533 48863 
181 8
36237 99170 99074 44505 15356 45751 10998 49354 
98 8
39186 90496 42603 80193 80965 62542 7175 94178 
873 9
28947 3702 49747 30110 26368 57101 3773 92062 48975 
314 9
95779 7823 13612 64200 59533 42601 24312 29446 60393 
1276 14
22640 82027 88291 41119 3961 46884 56642 63349 50201 3386 82403 56753 38322 48104 
914 15
17210 50332 4360 87069 21247 10606 22276 77828 82314 33517 51000 33153 65400 46470 67487 
787 17
58588 8368 64592 24213 2942 91359 88810 71484 32003 41712 18532 65266 40787 1489 84823 73543 14891 
1207 9
96720 79589 7922 9865 9546 26763 11630 51823 61234 
839 9
62715 30660 56863 86775 77861 33278 19054 23700 83568 
53 10
24798 71611 59211 30215 58091 44712 66219 11040 94008 17940 
2 8
4817 1137 56833 96513 74486 74234 51070 65542 
945 15
17208 35444 87562 75749 26385 65865 46800 57650 17066 60199 57316 89263 7005 63997 83024 
1871 13
90805 702 39006 3999 91653 33205 70031 89842 65759 76168 47823 72815 16138 
759 13
57412 3340 2969 81359 62616 76979 95607 1068 83122 58612 53716 36131 57187 
1011 9
87536 97282 46285 46207 51281 3400 64020 73753 71678 
984 10
63915 36397 70927 20536 77043 51923 73290 67881 66268 13980 
1827 14
88900 58321 9526 35138 80446 91083 47299 33534 69172 16277 57580 43285 37937 25972 
211 8
11060 38205 75817 64663 7715 26656 17698 32837 
1531 16
67028 44259 58252 46341 4962 58499 1979 22987 81599 15182 13019 32661 14109 90906 11770 40339 
940 9
41153 67000 58148 65361 74582 31723 49317 20352 42011 
45 10
74196 97951 67073 80310 69709 46385 69531 70410 85990 39516 
482 11
68616 89527 19231 57429 94186 28940 78639 93831 41177 507 1509 
1371 10
31206 50680 60143 95168 51275 40253 55211 96587 54698 21862 
1896 11
29322 33963 93918 15158 35544 12077 71367 68470 23311 18295 7915 
1857 13
28156 6865 95731 77383 353 33809 92685 49225 37005 52433 21422 79361 93688 
265 9
40515 3199 37404 65249 29908 35613 15866 36297 36617 
1799 11
77370 60334 87595 42452 56824 27516 18468 34028 53095 65727 79242 
