375
11627 2
11081 28621 
776 1
70764 
5045 2
25590 53554 
14003 2
70337 2858 
11706 2
16231 11922 
6604 1
54384 
734 1
2419 
7679 2
12125 67726 
1554 1
14140 
6000 1
60570 
10257 2
80015 40300 
2900 1
18770 
10630 2
36617 53599 
15042 3
6106 63620 27407 
6380 2
48174 42625 
9843 1
68048 
3123 1
13957 
2970 2
58440 38299 
8856 1
35780 
16528 3
20083 25698 73302 
9292 1
40246 
3246 1
55370 
2891 3
51634 52522 11190 
590 1
31422 
6175 3
41955 32042 62269 
4829 1
72191 
11365 2
39841 38607 
8415 2
46253 14382 
14443 2
30731 38610 
7441 1
41666 
3992 2
8687 2418 
6219 1
32111 
12443 2
34591 75352 
4630 1
61505 
6563 2
35798 65771 
10193 3
68714 9726 4856 
12847 2
18080 43796 
9832 1
42492 
10835 2
66513 56197 
6809 1
47735 
3608 1
47570 
4018 1
74844 
12007 2
21990 18301 
5261 1
22356 
2320 1
62766 
1794 2
31267 59624 
7187 1
15911 
4403 2
54383 51031 
8789 2
73904 10906 
6017 2
75040 72574 
13924 3
5694 59548 17693 
7867 1
28986 
2933 1
70998 
4756 1
29892 
8054 2
28603 37692 
18063 2
41140 59010 
4902 1
59708 
5940 1
40606 
9913 2
35387 27276 
11480 2
46418 40373 
1466 2
77306 1164 
7243 2
79357 18193 
5503 2
69704 60935 
10619 3
37361 63433 35175 
12841 2
78070 29955 
8997 2
33621 61691 
4379 1
4116 
11119 1
7068 
736 1
36028 
4504 1
25724 
6221 1
39467 
15523 2
54730 64304 
3401 1
55736 
333 2
31767 57355 
8165 2
80566 70409 
16947 3
5610 57076 3111 
10843 2
67405 58162 
4781 1
33812 
6239 2
50869 4206 
1384 2
26768 19770 
4506 1
28770 
11635 2
11877 41168 
3146 2
42344 51833 
7521 1
3906 
15753 2
20166 23944 
2570 2
10330 14549 
10098 2
69237 66462 
10204 1
264 
458 1
74742 
12640 2
54408 52025 
19547 3
9010 51568 12050 
6864 1
75269 
12369 2
24337 47691 
8703 2
11299 66558 
9273 3
9999 6463 22786 
11166 2
6612 33017 
5581 1
11687 
10757 4
34795 4949 70302 62317 
11833 2
65728 53673 
11862 3
38508 76692 67287 
12632 2
9793 2546 
5644 1
12559 
1385 1
57427 
11695 2
26135 80719 
9350 3
5985 16612 64567 
7385 3
13276 8318 32350 
7101 3
43132 69132 78073 
3484 1
51564 
676 1
59491 
1341 1
38934 
10602 2
70092 52390 
16376 2
71631 79720 
628 1
59210 
2769 1
60670 
4713 1
32600 
9840 1
14856 
6274 2
48617 26695 
13192 3
56902 15542 31630 
9119 2
20155 9645 
9763 1
12713 
3105 2
49003 36953 
8624 2
74635 12742 
5998 1
78573 
8377 3
69396 31018 36970 
7215 1
25446 
7729 1
56604 
12350 2
54222 76228 
9753 3
32004 11776 76950 
2290 1
7968 
1014 1
36949 
13190 3
32080 52618 77387 
12238 2
2108 12788 
10797 2
60551 54370 
13292 2
13488 6312 
12423 1
50068 
7731 2
72145 55790 
2432 1
49221 
11379 1
9117 
10392 2
36409 11969 
8779 1
38792 
4155 1
54372 
12103 1
67099 
19763 4
40233 1723 40640 3942 
9305 2
28282 81034 
9126 2
5665 16582 
9671 2
45015 69454 
8156 2
78427 41324 
2494 1
41540 
1841 1
25463 
6819 1
61488 
3602 1
671 
1815 2
15303 5152 
2925 1
66179 
6630 1
60431 
7779 1
18562 
6319 2
35143 51455 
5585 2
56909 5442 
11923 2
39356 9515 
5593 2
72719 56709 
1913 2
30317 77846 
10102 2
48391 65337 
11252 1
63344 
12028 2
62798 49570 
9563 2
62681 63887 
1164 1
8652 
12393 2
19453 32084 
2351 1
23363 
529 1
3863 
11102 2
43517 77922 
7093 1
71956 
3675 1
21518 
10399 1
22837 
2781 1
40426 
5563 2
50698 27523 
6078 1
48696 
11470 2
76966 30027 
6656 2
6835 52220 
94 1
28493 
8017 1
32184 
6201 2
56121 37806 
10670 2
29890 11085 
17675 2
55993 18921 
2017 1
52481 
8131 1
5717 
7932 4
22462 17806 72427 11082 
12062 3
1089 7504 24160 
9578 2
11020 41020 
10352 2
3654 49904 
9343 3
78801 17013 49292 
17822 3
816 40496 6124 
10358 2
27911 70739 
8286 1
34855 
1982 1
31786 
2031 1
30953 
10847 2
59726 46209 
250 3
18894 44564 6452 
9824 1
40484 
18568 1
14907 
13307 2
16909 50992 
7327 2
51548 8852 
7414 1
10841 
3506 3
66706 72673 52569 
419 2
47208 45476 
4876 1
44027 
5717 3
20030 30052 9613 
18489 3
8754 9633 5579 
13121 3
8519 5798 37827 
1472 2
29175 65692 
8667 2
13999 26413 
12053 3
41134 22315 74239 
12481 2
75575 28999 
11368 1
4436 
18487 2
54909 43220 
6503 1
62115 
12589 3
2254 13782 34554 
8599 2
36493 2260 
5885 2
13367 53866 
10921 2
1098 73949 
11623 3
21976 21804 46491 
3494 1
8583 
8004 2
80494 61636 
2616 2
29112 20340 
11893 3
18733 62949 62744 
10176 3
4664 30724 311 
10704 1
57358 
6906 1
36499 
5873 2
60688 61835 
3703 2
63235 71052 
16991 1
4745 
8001 2
44115 38108 
6749 2
48969 17490 
862 1
3405 
2072 1
4774 
11486 2
17544 9694 
12492 2
77613 80169 
10264 3
73200 1896 43285 
2731 1
20526 
8964 2
70589 38001 
11783 2
74684 56929 
5211 1
77983 
3773 2
78854 40024 
10888 2
72293 2121 
18090 3
13255 60527 76633 
3042 1
45585 
6569 1
53939 
11906 2
48461 19331 
4000 1
32328 
17336 2
15914 21808 
9388 1
58462 
3110 2
45308 15120 
11323 2
9693 21833 
14898 2
80295 16746 
5832 2
39601 3008 
9647 2
17333 67017 
10032 3
53693 29968 66076 
3820 2
69287 61794 
10947 2
72960 55405 
909 2
35735 20533 
4629 1
36358 
1090 2
39202 46087 
8256 2
73615 75460 
11068 2
21196 23130 
7558 2
76530 46973 
8969 1
1286 
11680 2
66542 13752 
15006 2
35164 74324 
2613 1
40454 
6412 2
34896 54786 
3984 1
8783 
14889 2
54337 12626 
5002 1
79058 
2234 2
64299 42863 
6148 1
50085 
10425 2
58159 70718 
9692 2
65287 43521 
6381 1
45304 
2568 2
32889 72560 
9564 1
32792 
10324 2
53248 35036 
1465 1
32082 
12592 2
71504 51215 
4690 1
785 
2133 2
31850 77412 
6605 1
29241 
3650 1
75284 
2176 1
31660 
17868 3
58220 6082 3592 
2403 2
46008 21365 
1876 1
51537 
2014 1
17558 
13903 2
64710 29971 
12061 1
35330 
3903 1
44356 
1124 1
35206 
11095 1
77097 
2287 3
65336 4954 71260 
11322 1
40901 
3260 1
62031 
3935 2
73423 34152 
10658 2
15353 23968 
6765 2
14657 38570 
5566 1
74434 
4029 2
6192 74452 
12069 2
34636 53610 
2949 1
8301 
3539 1
109 
4141 2
30888 46106 
12158 3
74133 41649 48251 
10259 3
39020 23749 19714 
6651 2
30222 38313 
8774 1
32589 
13642 3
41317 55938 20327 
1380 1
33794 
2376 2
60698 9208 
5394 1
69052 
1923 1
31829 
10573 1
1476 
375 1
75305 
12427 2
68784 13286 
2692 1
44232 
16763 2
51838 37773 
4243 1
38853 
8510 2
76245 14347 
19713 2
4439 72166 
6393 1
41651 
18547 4
63957 78234 41522 17970 
3531 1
47276 
10946 2
74533 29918 
10413 2
18113 55355 
10963 1
20724 
11281 2
56788 57374 
7599 1
79254 
5948 1
34845 
12000 3
19007 20942 10664 
991 1
61365 
5369 1
77234 
8846 1
23884 
9278 1
43188 
4587 1
1518 
2280 2
56740 34244 
1050 1
20535 
7272 1
46422 
887 2
35956 33622 
15111 4
48976 78533 25115 3785 
7074 2
40404 76265 
6004 2
70610 48775 
11311 2
50322 37848 
2996 2
64527 51923 
8867 2
78379 73863 
7584 2
69144 72964 
7281 1
41447 
5895 2
21949 63610 
5476 1
36849 
5626 2
3962 79521 
3107 2
8065 55715 
9710 2
44019 63209 
7030 1
58285 
1830 2
38550 62400 
10745 2
21698 51279 
14997 2
50722 20880 
2796 1
10837 
1510 1
70178 
14457 3
31525 72283 11131 
5424 2
48926 66362 
907 2
65578 54436 
10574 2
43703 72843 
7547 2
42733 53441 
3472 1
52600 
11767 2
43748 15093 
1322 1
1719 
3076 1
634 
2784 2
12955 48859 
6939 1
51383 
10484 2
36512 26106 
10744 2
12343 38555 
