205
3574 5
17491 44050 42827 67387 28180 
6741 5
12088 64008 72928 81522 24049 
6855 5
23129 85898 47040 62993 83031 
4897 5
78373 35488 18885 60553 60099 
5406 5
50060 33286 54005 36964 15629 
5379 5
63386 61480 20543 63229 8093 
2481 4
7650 84468 48762 80163 
3841 5
59316 37206 13070 61271 50914 
4655 5
70672 92714 50988 31198 54571 
1430 4
81943 62530 20058 61300 
6687 5
97484 21597 19162 83743 93782 
1997 4
32033 26571 9393 2085 
6104 5
10496 75770 37394 17269 16604 
3603 5
67350 22741 13860 26647 95171 
1649 4
86257 967 69056 95224 
3577 5
66128 73077 36057 30942 79445 
1076 4
32471 73150 49261 48606 
5234 5
13213 99208 3367 98258 7510 
2569 5
39001 29898 11162 89479 63775 
1516 4
22310 74126 13607 78877 
3087 5
60195 35579 77842 14885 57751 
1793 4
13470 70913 11924 35499 
6494 5
8767 69214 81238 53803 13584 
3272 5
16609 82132 3452 74247 19683 
4606 5
23378 91173 68397 51703 99128 
969 4
83483 28621 21152 90182 
1154 4
38457 90072 1932 77495 
2273 4
89133 96038 40421 54737 
6236 5
50651 68356 9990 32757 18896 
3589 5
13081 39376 54890 52525 19500 
3308 5
77438 69180 83132 34218 70713 
5730 5
77982 3243 39115 79245 78398 
3833 5
87128 48256 93879 27338 20421 
5866 5
49958 78510 12979 5741 88869 
287 4
55887 19884 24827 86146 
3484 5
48987 90431 11912 69398 78771 
5252 5
35363 55717 95750 50856 77629 
5702 5
83897 76323 52510 20451 15457 
4460 5
1774 66103 46524 18111 70861 
2718 5
60641 44205 39269 30997 99140 
3050 5
93885 93119 60037 79028 54484 
4232 5
54149 48637 28637 15687 40036 
6860 5
962 21824 98400 84106 41346 
4076 5
22670 36592 61884 12573 12294 
1231 4
89941 77105 81187 9337 
884 4
41375 90988 52780 77628 
5262 5
31855 56769 84375 15866 45014 
6777 5
11008 48952 22914 87905 13426 
3680 5
14066 2958 30187 86732 3718 
4681 5
12552 33538 48741 48080 13135 
6296 5
60297 72739 49044 37704 74368 
4128 5
27636 16709 60958 69630 20873 
2519 4
76241 86674 97097 89974 
5739 5
64138 36857 82272 66795 4281 
404 4
99947 5838 81010 97677 
5341 5
48413 42781 63015 29584 12403 
6782 5
52506 81094 52290 55753 56970 
331 4
81474 61867 86938 62541 
3210 5
84093 56360 25286 78738 63449 
4453 5
70560 38359 97022 6248 57290 
5554 5
37723 34223 51767 23016 2464 
2201 4
69679 93727 38766 11657 
597 4
76606 81845 14315 23377 
5236 5
52922 82298 95761 12175 55796 
6861 5
80884 12257 22229 47845 39985 
6446 5
85130 3362 29370 18515 316 
2900 5
72495 27307 95646 87979 64467 
4861 5
25834 31995 25247 21270 56077 
5065 5
83072 45247 80421 44672 33711 
1691 4
778 12275 20892 3510 
237 4
4942 16126 77492 98507 
6640 5
79125 20542 7130 7540 9616 
6663 5
66735 98143 46981 50728 5766 
3500 5
24351 15723 56438 8035 43055 
526 4
65527 77885 23233 6524 
5516 5
19143 54962 56720 64191 69333 
5378 5
86596 59036 14567 46282 60758 
6800 5
70680 28511 847 8545 20726 
2784 5
45644 2759 89515 46793 36519 
5157 5
49464 69907 37115 73373 77854 
4330 5
78865 66548 63668 23288 47025 
921 4
16776 94083 904 99131 
4044 5
66424 34773 90979 1366 79671 
6312 5
26524 63216 51039 70501 44458 
1470 4
91904 51844 50601 72298 
1111 4
60331 60511 16297 61445 
3969 5
10249 10176 87961 43785 46639 
6669 5
79690 95595 8229 42479 41472 
6442 5
24333 17628 66459 18015 37064 
4558 5
75311 90289 51200 35231 11339 
3259 5
89195 99544 35729 30445 73699 
725 4
55602 32470 33412 42193 
1345 4
78341 3433 40773 46313 
6229 5
98982 58313 83 20105 57214 
3851 5
29071 93177 92113 84790 74040 
5776 5
16418 68515 89211 38929 43536 
6018 5
97030 32109 14482 88324 76375 
4864 5
85665 71301 12595 43862 42900 
5818 5
17331 91569 89147 24054 93270 
286 4
32407 33369 77246 519 
311 4
77677 16164 56794 7018 
2212 4
86585 25796 33687 53706 
2886 5
43108 34120 81634 24953 62779 
6937 5
33572 1168 43216 35911 70495 
76 4
97536 20828 14431 28858 
4050 5
68926 53212 26804 18054 64934 
5141 5
62960 34525 82328 13756 71210 
2185 4
45637 30342 84808 61716 
236 4
79762 67892 93496 25273 
5742 5
64437 20995 61490 63848 39256 
3267 5
95319 95397 19555 6461 88701 
5747 5
24004 647 94931 57512 1467 
3677 5
23068 13472 94296 53860 95766 
1300 4
83969 21764 88071 12766 
533 4
11881 81989 33185 85148 
6571 5
11475 57930 15501 95831 85232 
5235 5
82565 68587 1761 13431 77624 
5877 5
19631 22423 87284 58004 88953 
2092 4
13673 66469 54316 53553 
4121 5
20665 10773 2914 49666 81350 
1349 4
9810 11348 4882 86483 
1986 4
50047 18996 38527 41207 
2066 4
20617 89114 92929 31387 
6301 5
15945 7602 63471 2387 60285 
1956 4
37162 53632 17921 26840 
886 4
42266 9803 77484 92429 
1298 4
46410 16221 66792 92496 
3414 5
62089 4328 55488 18659 68709 
5815 5
8930 62619 80711 52868 51626 
4850 5
57267 74526 31907 94679 42250 
2316 4
83097 36009 64477 19186 
2059 4
86489 65060 4559 86789 
2176 4
57364 45106 47567 73160 
3660 5
19682 42361 71505 12468 23840 
1650 4
70363 73866 89901 67641 
2434 4
89664 78721 57402 71822 
5297 5
10523 37068 62355 8270 97467 
629 4
15903 33186 58024 59501 
1912 4
9898 33367 62013 82910 
4008 5
67689 88257 35342 84825 57671 
3223 5
29707 51413 18368 30701 56554 
3297 5
20489 81126 25789 76859 82074 
1312 4
1207 87013 69419 14886 
4699 5
75260 51308 98929 18543 59152 
1014 4
6195 94151 54320 75137 
818 4
62972 14607 70112 93818 
1582 4
23996 60300 71433 20782 
2014 4
36580 36680 72829 7465 
2708 5
40838 84959 44949 70089 99023 
1627 4
1956 7343 39858 27876 
4754 5
9678 17211 49219 18050 89330 
106 4
38943 62154 85336 33373 
1096 4
50417 88112 86756 25597 
4272 5
98783 34257 32229 19807 31807 
1265 4
98373 78351 78592 29660 
1296 4
97414 58723 18019 70808 
6799 5
88610 28186 47202 95903 32397 
4323 5
65467 68248 59373 81293 41915 
5132 5
55399 64753 39053 49233 80660 
1164 4
7456 71510 98997 50498 
1619 4
52058 64766 27954 26195 
1917 4
45273 86111 46534 92709 
5740 5
81322 76313 76133 95381 86998 
2153 4
48845 66827 56156 71224 
483 4
95673 28819 11421 55084 
1955 4
82757 13895 950 96674 
2463 4
73736 51744 45874 8055 
2691 5
74831 16846 74624 46238 74776 
2026 4
79999 16197 27384 72496 
1829 4
5866 94364 65963 240 
3400 5
43282 37186 2955 4182 1636 
4068 5
2332 92427 75358 52142 11908 
2682 5
38188 2009 25435 9165 87316 
270 4
33723 2713 3907 43797 
1952 4
19840 68142 25574 9064 
1025 4
38553 61803 15836 6073 
1940 4
86748 48712 70657 66573 
3744 5
57807 32374 20614 79467 64987 
6614 5
41304 57870 78186 98697 2119 
2231 4
89566 65589 64860 52220 
1659 4
93017 48094 99285 25693 
7391 5
77536 82072 62920 47561 18293 
3173 5
68597 36573 36790 96813 63288 
4256 5
4363 85367 23774 14039 4159 
2489 4
27415 20783 62987 3372 
1407 4
68830 63696 54186 84184 
3731 5
29768 18746 23934 23013 9431 
5633 5
2686 45287 12328 39217 22850 
2746 5
21585 24695 2177 54554 62129 
4572 5
49546 18731 20163 46043 20325 
6474 5
37681 10844 56266 18070 43926 
1639 4
45911 49932 7629 7631 
415 4
90188 4701 93843 8120 
2580 5
83475 73991 48118 13851 80495 
575 4
30415 27678 75686 29421 
4775 5
78395 54979 66383 33392 16932 
1139 4
22192 17706 4619 56370 
6251 5
70879 1383 30854 37695 41292 
3450 5
44864 54321 42275 81807 55357 
1249 4
75685 64518 55403 87814 
3951 5
6268 33593 54863 13163 80652 
5662 5
46996 44334 54705 55363 9969 
2974 5
52141 59357 2197 6629 68372 
3728 5
56376 45465 26314 17697 53264 
1168 4
27732 51820 29725 26925 
