253
7038 3
52214 59016 8007 
5319 1
92491 
528 1
79893 
8051 2
56703 34684 
1271 2
1099 32898 
3510 2
80989 63778 
5566 2
69579 54841 
500 2
69068 26903 
755 2
27682 30523 
6969 3
77103 30160 94884 
4482 2
51285 44429 
7943 2
22204 21693 
2321 2
81052 32032 
6442 3
76366 16231 88098 
5961 2
42523 89603 
1276 3
76328 29660 15773 
4969 3
11322 12599 22903 
5080 3
49298 60044 9865 
2083 2
1243 61480 
3502 2
94135 2758 
1629 2
73438 14435 
2147 1
33873 
2228 3
51171 28676 61281 
7297 3
84280 10302 13468 
4051 2
73817 2493 
7197 2
31149 77962 
866 1
64430 
6050 2
3479 51873 
6811 2
42282 26818 
2611 2
97483 21587 
4740 3
18274 43122 2603 
3866 1
37554 
901 2
52490 36808 
7848 3
9785 59513 19898 
371 1
59420 
3360 2
43944 78902 
8503 3
19605 17762 41063 
3907 2
74065 21506 
6605 2
14050 17198 
6964 2
26265 12559 
3496 3
36959 72296 70289 
1372 3
28446 91868 45685 
4638 1
81619 
7504 2
90411 69850 
1550 2
88019 18599 
3024 2
7379 8278 
2037 2
16528 35003 
8360 3
7515 31244 39535 
2769 2
3724 36630 
2731 4
92352 36661 49943 79845 
1031 1
81775 
8413 3
60803 51556 6667 
1970 2
74207 51329 
7162 2
30188 55951 
7350 2
11351 6937 
8921 3
86550 90600 15325 
1072 1
44338 
5738 2
3981 35178 
3068 3
30090 25550 83950 
1760 1
50643 
4328 1
36417 
2800 3
86528 27265 52116 
9300 3
5279 80554 98020 
4338 2
29085 71307 
2009 2
89894 55260 
7260 2
11972 4669 
5505 2
61444 68503 
2881 1
28336 
7944 3
45886 50832 53106 
6089 2
11910 13046 
3461 2
52177 67191 
3918 2
43903 77183 
816 1
29976 
2372 2
7394 61102 
9173 3
3928 40629 63918 
3467 1
86050 
1331 2
67142 76673 
6557 2
98753 32220 
3732 2
87769 38777 
3077 3
245 59461 39226 
1109 2
51634 47717 
3203 1
84868 
2406 3
67019 50120 15213 
3875 2
88059 17975 
9271 3
97567 47986 32958 
5509 2
92232 61722 
926 1
48338 
3724 2
6337 64003 
4380 2
48081 68935 
362 1
4631 
5762 2
49615 8196 
8313 2
5479 98084 
4460 3
42169 93178 75590 
458 1
19437 
2202 2
8224 30301 
7282 2
35716 14752 
110 2
70475 39799 
3288 2
26430 18111 
3208 2
80572 81737 
1445 2
94875 88650 
6829 2
20804 70174 
714 1
22034 
7268 2
16259 56082 
6227 3
23204 35149 14049 
5682 3
68026 87866 25501 
4464 1
96454 
4651 3
40398 8659 84717 
2933 2
34229 4778 
6390 2
5459 98710 
7878 2
76862 38893 
6294 3
18410 7575 87324 
9431 2
19209 63456 
4277 2
16178 35602 
9939 4
56909 32541 48350 79641 
3384 1
23586 
4131 2
75303 41045 
602 1
91916 
5029 2
50724 94260 
6100 3
33995 93451 40794 
5563 2
96900 29072 
3627 2
59308 71167 
7204 3
773 29546 41771 
8147 4
3860 39214 91692 66652 
2201 2
56417 40694 
894 1
34569 
2115 2
22163 58374 
5909 1
67028 
7792 1
24470 
6080 2
38526 91804 
1755 1
49191 
57 1
18054 
2930 3
12886 17472 76723 
7143 2
80510 20548 
3169 1
9328 
5532 2
77172 32103 
5350 1
90433 
4741 2
27601 8451 
9915 2
64384 30736 
4036 1
74578 
5420 3
27074 32994 4730 
7784 3
40533 32543 63290 
3817 2
73464 57216 
2575 2
55095 33965 
1318 1
18911 
10037 3
31106 62047 1952 
7721 3
50011 54934 93371 
4791 1
80981 
4517 2
5829 43158 
7432 2
59696 94624 
8614 2
34624 95537 
2153 2
31430 46325 
50 2
46646 4613 
4081 2
97170 86043 
2276 3
67033 21710 46406 
2932 2
10069 7180 
653 2
4600 27268 
3073 2
88994 75128 
7825 3
14907 90390 71422 
3139 1
50501 
2242 3
61543 75755 18378 
3731 2
75197 40423 
3922 1
37564 
6628 2
16529 2452 
2806 2
79495 28688 
5264 4
4041 6255 49545 44474 
47 3
93109 69179 62600 
3785 1
32369 
4848 3
19529 83092 91979 
1205 1
42281 
6860 2
15470 31424 
806 1
96052 
6468 2
97158 74327 
7696 2
69859 7391 
1074 2
42100 66997 
2524 3
93640 6575 30149 
67 1
44657 
887 1
3502 
119 1
2285 
4835 2
54694 40810 
1659 1
18841 
4029 2
20133 8709 
6914 2
13665 7818 
6431 2
86695 92400 
6536 1
72920 
4100 2
12035 66273 
5293 2
26318 59977 
5464 2
39282 9871 
13 2
29108 79804 
4951 3
40193 448 24536 
6901 3
58746 76479 36485 
4673 2
60361 98504 
5732 1
1070 
9056 3
56320 32192 7813 
7061 3
44658 3264 13015 
11 2
79228 85734 
7024 1
55519 
3969 4
61486 89268 63505 19890 
6497 2
59419 61196 
4229 3
47553 64659 68174 
905 1
68273 
2811 1
60144 
1844 2
44861 63959 
2123 1
84637 
4042 1
63728 
4716 4
50156 52013 68526 23186 
338 2
47730 59202 
5774 2
41490 61708 
4988 4
93476 32587 87743 66153 
1292 2
90752 38403 
596 1
76819 
10055 4
81267 70575 78144 25964 
5924 2
98499 3030 
2809 2
56338 35996 
6280 2
57771 17216 
8395 3
27813 34107 25405 
4524 2
29525 64968 
7055 2
46333 86537 
7072 3
10259 32379 86964 
5873 2
16270 13274 
8049 4
50827 93327 77225 67541 
9257 3
24140 11020 35385 
5261 2
74893 22284 
10172 2
39764 53715 
358 1
80242 
2428 1
6181 
2236 2
21128 75497 
4667 2
5638 87344 
1776 1
72580 
3272 2
7706 5466 
2900 1
97332 
3823 2
21265 96566 
3535 1
38616 
6760 3
2203 77569 36738 
7453 2
23414 66909 
7480 2
48315 57954 
2143 2
82230 82523 
6285 2
63659 57236 
2162 3
72203 32483 28100 
222 1
59022 
1508 1
81587 
10027 2
62751 84212 
5915 2
36363 38947 
6868 2
95167 75082 
1634 2
53601 15855 
1423 3
24577 15313 91107 
6705 3
45624 70202 61163 
194 1
51740 
706 2
58414 67199 
844 1
53903 
6556 2
86762 22091 
3728 1
74898 
1192 2
55177 59067 
3484 2
39922 79330 
