141
6058 4
84675 49088 69200 82336 
4163 4
51609 65863 86239 43335 
8302 5
47718 48391 92126 83851 16683 
7080 5
76244 80765 72837 15627 24594 
1472 5
92109 76074 70138 16080 61141 
7150 4
47289 65978 26709 46027 
17360 5
85596 31635 23133 4725 88360 
5008 4
76987 51081 36456 50685 
13591 6
48838 36547 18577 12342 33620 40274 
15291 4
62019 57639 11473 24203 
411 4
6833 84477 14948 80172 
2850 4
21013 85873 77327 12675 
8159 6
90064 20477 41375 42468 28587 69483 
4555 4
20556 5297 10396 25176 
7779 5
1765 59122 76565 40657 48614 
21277 5
74191 17336 38189 85169 2355 
5562 4
59440 26670 78096 77987 
4701 5
66672 12438 38925 27159 2281 
505 4
43582 10597 27290 69917 
219 3
78547 45252 30984 
5090 4
56665 51275 92106 43985 
20536 5
45339 51827 48347 54568 33749 
4107 5
53467 53886 65953 92859 50202 
8177 4
4095 5536 35283 25564 
3495 4
33333 21060 56611 30469 
6560 5
82428 70233 67460 61547 26825 
21024 4
91967 37642 60228 68858 
1008 5
1692 45141 45811 49625 6076 
11783 5
62944 51793 83476 46265 15335 
775 5
5575 57676 31059 66186 31332 
1797 5
33606 88994 36984 49184 92634 
12165 3
63050 88663 24838 
6256 4
4125 562 72939 55603 
3743 4
59246 55678 53314 89393 
14569 5
70939 41964 73117 74745 79358 
17691 5
7192 55819 78578 68263 31676 
38 4
46341 27380 90804 14408 
255 4
70587 62191 10645 12690 
1634 5
34027 70815 27375 90297 89810 
15396 4
5225 44386 49062 89647 
4086 5
76896 91481 81234 7432 55279 
7909 7
89342 34664 74642 92658 24109 10963 32728 
5231 5
5393 35851 38713 49742 19288 
14364 5
28321 26437 32040 53930 93122 
6479 5
38883 15767 43361 93135 41935 
14376 5
32348 17465 17774 57084 9928 
6383 3
30577 87204 51624 
4853 4
7697 76925 80497 16178 
5743 4
1927 12538 53308 4689 
4698 4
20066 16162 71040 91307 
140 3
47577 4153 70723 
15814 4
64520 57842 84959 15962 
243 4
76982 41027 74568 33656 
12366 4
14899 2596 49435 49600 
3734 4
89235 84888 53738 76517 
8043 6
4018 14923 1274 62102 14863 26703 
7411 5
26950 79552 5847 83600 56049 
6557 4
33873 25872 19588 58062 
6882 5
82886 28566 60282 30512 52357 
1616 4
29757 65292 19008 77583 
9465 5
53098 19156 39745 73803 16750 
5406 5
81933 13297 28930 24048 720 
22211 5
22855 13890 83512 53946 68171 
17685 5
90413 62775 19661 46065 26018 
22130 4
54247 61684 60699 70020 
529 4
9825 69990 29831 46735 
1803 4
35388 58666 34174 17743 
5541 5
14615 92133 33593 71868 72352 
6673 4
19500 56310 69574 34990 
9035 4
92189 23624 36537 38606 
7393 5
17818 24145 78436 90640 6916 
13014 6
21752 4043 24030 72810 29399 90464 
8650 4
86966 37710 23234 75162 
8736 5
3334 27106 77156 50954 90810 
8161 5
53716 72617 14687 31703 39253 
7538 4
44333 39646 70551 36056 
10173 4
75725 61876 68558 55172 
4700 4
24823 41407 6315 8502 
9685 5
4397 38886 84631 11715 75600 
8702 4
25922 4457 29771 9582 
15330 5
46078 78372 37380 19914 89644 
13075 5
22281 47755 71026 83788 31853 
6752 4
16168 72383 76056 737 
9385 4
11931 2209 28291 88582 
481 3
85805 60813 70419 
12288 6
44358 547 77171 80989 71210 36296 
5841 4
37462 46483 92865 21347 
12927 4
62352 25885 69515 28985 
3702 4
29731 89260 4805 65525 
404 5
46468 49495 5491 65908 2201 
10875 5
69157 27217 26503 29510 71801 
16707 4
69779 80894 61449 74596 
5141 4
49957 78978 31400 68918 
1792 4
91715 41076 54619 58187 
933 4
9784 64889 50143 55181 
360 4
57789 14482 44051 62736 
1477 3
1312 70629 71451 
15845 4
70575 42737 10923 42463 
7760 5
91073 87688 60088 85488 18215 
19171 5
50944 72846 71954 30050 21462 
16612 5
20707 37575 52342 91663 11619 
2314 5
43465 6081 69099 83200 50822 
14979 5
91257 50779 82968 43000 25072 
9219 4
52147 6288 75327 86362 
21712 5
65402 60671 66008 52429 35239 
3266 5
45404 66899 34112 7968 7819 
5893 5
20317 21621 9594 77762 29338 
5100 4
77548 15617 72342 47868 
7561 4
66214 80419 87047 61693 
8542 6
30818 57918 26558 39460 48909 41447 
464 4
8295 48520 81513 33485 
8816 4
13658 51299 78265 82152 
1768 4
71657 34132 9013 66977 
2704 5
8568 79927 92459 12111 10012 
8371 4
87187 59262 8204 10242 
7846 3
86837 8833 49204 
2963 4
87987 51898 2085 91762 
17688 5
73802 37641 34922 44303 82757 
4694 4
25199 53509 39144 38937 
20393 5
2606 91385 36626 13809 47668 
21416 5
26541 17493 14832 75304 11720 
5216 3
17486 9280 23638 
1798 4
33918 65074 12924 58478 
10148 4
18671 19019 4769 40813 
5486 5
43131 9470 38898 83013 24799 
2002 5
21664 16885 9224 46623 41524 
22065 5
44498 52583 40468 78493 73297 
15856 4
47636 59696 78084 57750 
422 3
53180 93610 62506 
9809 5
51065 21345 76379 81802 74662 
18443 5
70777 32284 68754 18419 78970 
2647 4
12030 9906 46368 9876 
2928 4
22262 87771 70978 18164 
7883 5
36803 54775 74243 8480 8525 
2957 4
61167 55303 62292 47738 
10482 5
73612 63612 72294 78467 11292 
10107 5
43853 67867 28589 58965 2203 
9018 4
43151 47307 73315 58385 
19680 5
29685 63519 70515 86412 65298 
2493 5
3410 40092 38486 7002 87723 
4424 5
22950 10749 34150 28679 81423 
