218
6673 2
23283 62476 
7159 1
88809 
5355 1
46112 
3406 1
7666 
657 1
17229 
7200 3
34865 24432 52535 
923 1
29400 
6002 4
82573 50636 14178 25010 
3319 4
98880 73059 76723 10882 
5976 3
13391 71583 82550 
1861 2
59880 49290 
1332 2
41637 13269 
2369 4
22853 46693 12473 82979 
5344 2
29342 72550 
2989 3
43774 82432 89761 
4300 2
42653 30477 
2740 3
48472 20942 38916 
7157 2
34348 93177 
2137 1
45717 
4365 1
16572 
6660 1
36849 
4006 5
45301 71805 68916 26428 35925 
1646 2
54381 79410 
4553 2
93942 36525 
2417 6
5222 28566 95203 18113 79561 49230 
2259 1
27171 
18 1
81852 
5540 1
30572 
6905 6
26467 36785 27658 87370 72805 94729 
4141 2
90397 57391 
4178 2
78504 41017 
5778 3
44747 57448 24028 
6631 2
86790 21373 
1110 1
17668 
5284 2
71616 14809 
2247 2
84859 47210 
5548 4
42158 84715 35222 2933 
2756 3
79394 79779 62281 
3311 1
32114 
7425 1
26099 
1007 2
45158 42570 
3775 2
71623 51895 
6577 3
4980 66922 84389 
5314 2
90613 12348 
7326 1
28400 
4266 3
91585 28142 19286 
5871 2
49162 51725 
7312 2
85434 88418 
699 1
92394 
3827 2
41432 1143 
6221 1
49288 
3598 3
98383 83101 15226 
897 3
31906 32752 76501 
4503 1
72421 
2571 7
52926 65088 34364 72502 3223 23215 86633 
4943 1
38144 
5358 4
49062 23559 24111 21813 
5588 1
54724 
6379 2
87122 26523 
5162 6
29102 5367 67844 87235 74144 48136 
6939 3
79228 20501 17938 
2920 1
42198 
6986 2
34248 4298 
6707 1
67249 
3898 1
37268 
4888 3
19279 82982 16891 
6807 1
17216 
3583 2
4751 66269 
6901 2
11372 69537 
6048 2
27314 35264 
1082 1
15075 
6929 1
83516 
6997 1
46509 
1535 2
77329 41821 
882 3
69604 17458 6570 
4928 1
53966 
1773 3
78180 24860 7292 
5969 4
83841 18795 88481 99404 
760 1
16727 
4598 7
86789 66610 60328 67883 33236 67838 92963 
6363 4
41436 18550 86517 45830 
5269 6
15673 42526 95911 2101 23434 84318 
5357 4
4398 34046 98935 3075 
4930 1
50802 
3709 2
33571 47713 
3486 1
54854 
6462 1
28229 
188 4
42631 10735 68147 86601 
3790 1
5292 
2388 2
42474 57472 
6435 5
28221 63547 69012 64462 9072 
3916 2
74533 74145 
1760 1
80706 
3011 8
21431 29162 94606 47612 92825 55110 6419 49951 
6509 1
48464 
7212 1
67259 
6581 1
43334 
6991 2
63944 8995 
833 4
11060 37824 96794 61831 
3393 5
42560 1980 31629 21590 49140 
2891 4
9314 83746 17108 18107 
3990 5
22712 17627 3800 53971 72300 
291 1
60128 
2881 1
14408 
1734 1
13099 
1268 5
59354 52000 81721 98743 97484 
6492 4
49683 95415 46758 57136 
5996 1
96755 
4220 3
48936 13867 65318 
2318 1
39003 
1643 2
38366 44500 
6514 2
63940 11414 
5606 2
99451 5499 
4061 7
59530 14728 60282 58824 84660 4017 68663 
3430 3
89479 98868 42957 
972 1
36845 
3676 1
79302 
6637 5
16298 51553 45398 26550 52116 
14 4
24402 84379 49508 60844 
3073 3
84904 91086 52001 
4727 1
42388 
5398 2
29237 25607 
300 1
13950 
201 1
50457 
647 1
32038 
3045 1
33603 
4020 1
41366 
1046 1
92995 
4470 1
68088 
3812 5
46934 11200 50942 84750 5927 
2781 1
9083 
618 2
90554 68337 
846 1
76589 
4454 3
26444 80569 93106 
4400 1
95209 
5305 3
94157 71014 61428 
7198 2
25558 3737 
7292 7
28163 21067 57556 57515 74268 77475 50321 
5776 2
38594 43365 
2201 1
24711 
1035 5
84510 40059 89306 72670 12351 
451 1
1053 
5105 1
96024 
4831 2
65813 31955 
6508 1
55 
6475 4
804 31654 22951 26603 
3404 3
43228 7586 77480 
4668 2
24750 8351 
5802 1
89073 
494 1
87728 
1285 3
98963 22678 9981 
6937 5
23683 63260 97721 88731 65151 
6981 2
23692 38191 
5461 4
80000 87629 48091 86816 
1625 8
68526 69622 19399 57200 59779 96824 85289 23599 
6645 1
31984 
1355 7
90891 49749 44488 93760 3249 79357 8214 
264 2
68233 71084 
5067 2
4026 53932 
5033 2
71028 6889 
3923 2
31196 53091 
4192 1
22646 
5231 1
89974 
2973 1
73949 
3957 1
51721 
6844 2
57097 19960 
1883 7
87086 91195 66002 30570 64421 63979 55832 
6846 3
3146 20367 71440 
7090 1
72745 
1892 4
18190 69969 3523 60873 
2709 1
75561 
6238 6
64921 65440 61348 43738 8969 56329 
7565 3
78149 3250 86710 
1772 1
43651 
6687 1
47257 
4264 1
4806 
7411 6
27494 44979 29725 4720 86659 83427 
7418 3
26832 46253 56903 
902 1
47966 
2336 3
65884 46140 24604 
5620 2
95550 33144 
3061 3
91482 65690 44242 
2408 4
92256 86257 62925 69413 
3250 2
88788 17801 
387 1
45042 
6979 2
7770 59249 
755 2
21611 30328 
5421 1
9020 
6409 1
27697 
5123 2
82930 66733 
5277 2
97140 53218 
1239 3
93375 93238 4164 
707 3
67726 48844 10111 
5015 2
97147 51854 
3955 2
47193 53980 
6350 1
77725 
3816 2
23970 23179 
4771 1
56585 
6634 3
89120 94115 35243 
3386 1
17052 
5059 2
9975 94909 
842 4
41402 18395 42333 87440 
4092 1
87872 
3653 2
5638 92828 
7118 3
67583 67173 95737 
6562 1
27835 
5825 3
70857 5190 62074 
680 1
95411 
3584 5
19780 72179 58804 7761 93533 
808 3
46916 96184 61698 
7407 4
83843 3752 96503 26377 
982 2
45372 30972 
1440 1
80175 
4161 2
2412 41987 
1805 2
19877 68115 
5798 1
89043 
7015 3
44506 38170 87223 
4435 4
94019 74513 20286 23990 
