85
3903 12
75841 83066 55259 5778 32396 11823 86868 16738 47155 82421 47293 38105 
3704 11
2150 39441 31080 52819 80404 19063 11464 14386 25593 90914 36041 
4932 11
41631 63814 87376 18442 32463 95799 58032 96951 27290 190 16289 
1543 11
44104 45156 17350 90963 82806 98432 59740 61136 69071 35979 63621 
1092 8
92445 35729 8711 47706 59086 91374 87923 87990 
304 6
50665 77947 72631 5972 61285 28977 
4727 9
96318 3209 95731 48915 17263 72188 13850 59147 7210 
888 10
56423 71211 34829 98386 60672 48746 96939 31633 74769 94337 
2149 12
49298 50627 97032 99109 64631 32489 22259 38026 5612 81249 10166 23294 
1186 13
14078 62036 68718 59050 87961 81659 97691 71586 7465 13859 16244 44902 12515 
2931 9
7970 49746 48498 87864 82919 12137 31414 45416 55872 
1119 7
53279 43369 98938 30247 85998 37006 18485 
337 8
87258 74412 71779 81771 2905 25786 53444 21746 
2055 8
91235 12570 77432 9096 73954 71304 91346 47237 
1646 7
21610 44329 52771 11640 59322 30676 7864 
431 7
38561 28492 60562 82878 5295 20318 90738 
2666 9
33570 90095 56131 80554 12462 32904 30205 24173 67733 
377 7
30941 83321 96105 38217 85386 85034 28240 
2383 8
72705 33145 99064 81715 80293 51239 96766 39899 
5543 9
21659 22087 12413 91658 5489 96206 8726 14607 59866 
4099 14
92190 49651 95485 35418 23707 71309 33249 83475 78863 43980 57429 17962 85550 33470 
2125 8
9293 63049 44837 22205 37383 83929 48637 50823 
3352 10
67222 59225 15902 41986 26598 99754 68451 64749 130 62119 
3527 8
9381 87400 33241 68850 13706 97241 27458 60988 
3980 8
91209 47887 78724 72666 72619 69670 91991 96990 
1801 10
25240 55311 67835 64774 73276 41843 54706 97746 93892 33292 
999 7
4295 52843 21072 84933 21832 40218 83837 
1910 14
99693 48874 79600 87695 94229 34855 87375 71184 25343 70047 93471 15585 29375 95079 
4417 10
59332 99881 61585 9822 31471 47853 10322 17536 62656 59090 
3742 7
21917 83878 90410 86701 7784 26946 5785 
3035 8
75966 94847 86486 68846 39482 36339 42325 23170 
1601 8
80590 56108 46359 36721 72796 19052 41061 65827 
2324 7
34014 24167 62033 44639 43573 8326 71013 
5209 14
23539 57291 83232 69232 85407 76159 45876 99425 80883 50186 51129 85053 32261 11305 
3708 14
65771 53711 52823 9476 76466 65881 411 74893 77408 31990 47549 68181 87137 13591 
2880 9
84188 80297 38443 12793 99104 53284 74643 69596 23436 
5198 10
13441 16058 21200 83009 93548 69297 42697 38299 68525 28310 
4118 10
55444 90157 13890 17834 41342 73220 83139 84119 86074 30111 
2920 7
25392 36893 30014 33034 39763 31636 68580 
1685 8
3212 58292 8906 50905 45070 38571 96433 69492 
1923 9
83251 20948 41082 71313 50353 56074 26361 11665 39990 
4050 8
56051 39197 94078 28711 83412 74648 87033 72311 
301 8
55429 60801 62555 32975 20415 46997 31551 83304 
1340 8
48869 80646 55131 11816 32772 45114 88769 11427 
3498 8
98998 16104 1324 15021 69834 72768 31805 14738 
110 10
54312 34620 77002 17551 65721 72935 25433 79604 29858 41745 
4153 13
37590 1257 69615 680 99303 69049 20383 18413 76618 25534 62951 27296 6709 
1049 8
41698 14598 37367 75613 83773 98148 39130 70515 
5250 10
11741 55595 9630 11443 72215 20107 702 70695 62417 95081 
2418 10
10183 9182 66686 29277 55674 20155 72877 80084 62204 6779 
1164 7
331 80577 87396 98614 83014 48998 83586 
3068 8
37742 82437 45777 33450 70166 76116 78782 83781 
120 8
15639 14734 89091 49953 97675 5448 8418 20939 
846 8
35129 83892 99563 58978 32720 7738 94774 79777 
111 7
72744 99974 41756 97861 61183 87047 56590 
2736 8
44095 13582 31989 26101 21224 95737 28141 357 
3088 7
61722 29228 12609 49724 39144 78881 78573 
4371 9
20665 5316 45147 63166 39682 62865 7237 6428 48799 
1481 10
49271 86548 56215 887 43584 57878 86838 70762 52135 96475 
3469 7
18759 97095 56336 28802 66179 71161 4963 
799 9
99366 12415 33927 53535 32805 26238 78551 19108 86714 
189 8
86778 59382 54761 96567 67195 96187 51270 24774 
1645 12
10523 40821 15152 28241 55125 39851 1950 62220 25824 4374 42044 46129 
4806 9
96489 40079 76685 67645 24965 32837 15083 50592 51514 
312 6
67654 17149 8770 39832 3121 7329 
3555 10
75608 91373 6031 9618 25980 53115 63993 76426 58004 26877 
1277 9
30294 96095 41534 74053 90115 27019 37438 84696 19780 
125 7
59419 30271 3654 27061 2100 24586 36351 
3568 13
50379 81806 68652 78829 63845 7508 35937 39093 37922 96564 24451 88313 81452 
2353 6
45441 42926 34811 15823 96727 95041 
1144 7
37268 4684 99689 86704 8070 55206 77872 
3285 8
49869 1380 59771 37979 92008 11662 79478 24776 
1752 9
45657 91205 79859 4643 32922 17326 67677 50008 98891 
2060 7
46511 73210 1199 69668 14837 75240 45752 
1094 8
18672 33402 1658 62779 73703 59546 96559 45267 
3230 7
53123 12147 87184 25548 36316 56882 86697 
570 7
82674 42476 55109 93817 20185 90915 49137 
2094 10
78316 6671 11029 49376 46895 48257 29093 78770 87532 13624 
741 7
572 16585 9251 87374 73937 60208 80044 
2922 10
39624 4453 94925 78248 55126 3873 71028 3043 98777 37473 
729 8
68207 23632 23016 31960 43081 55042 33489 71610 
3046 6
59495 9554 93356 9886 47397 25848 
5177 8
35772 67134 22002 67140 729 46559 17237 54730 
181 8
86275 60646 14821 99727 61241 62428 10656 23747 
1137 13
93964 63344 54576 90072 82522 42330 25765 48389 16068 26856 58361 344 56840 
