177
623 2
55890 23501 
4597 1
3544 
5856 1
42168 
8087 1
22076 
1000 1
64978 
2977 7
71769 34587 79685 42716 69383 11685 36288 
5493 1
41631 
4054 6
77789 17957 4441 18736 66639 9103 
3135 1
83839 
1726 1
53415 
2614 1
50773 
1846 1
87935 
4819 1
53582 
8503 4
43143 2185 84847 23848 
768 5
23420 19610 82604 52494 83157 
2641 3
46200 65896 22877 
6573 4
43217 26570 83902 87808 
39 2
25960 23747 
2554 1
6197 
3544 3
68314 17067 10872 
2409 2
77722 5961 
8715 1
20561 
3178 1
31465 
5316 1
65424 
5780 1
10496 
1690 2
20157 32925 
6179 2
46292 18017 
6051 1
41336 
1575 1
77902 
692 3
47288 77599 22645 
2168 1
625 
1655 2
62263 78994 
3991 4
80015 50825 55980 31542 
2793 4
8387 90620 23160 17332 
3583 3
44542 29203 2854 
3819 2
81506 52679 
5939 1
15525 
773 2
11 86567 
1685 1
49627 
4281 1
25349 
8645 3
88443 60243 91032 
6096 5
1606 52074 30997 72935 90773 
924 3
39885 70170 6055 
511 2
75501 45855 
5170 2
37690 77885 
4848 5
91179 70500 90330 8612 28552 
1722 1
46723 
91 1
15247 
2980 2
47407 65154 
840 1
19852 
7724 1
70998 
6815 1
16813 
3183 2
64913 90566 
6241 1
47065 
2104 1
491 
7319 1
16723 
1700 2
6286 6194 
1607 1
54973 
2031 4
11895 67218 6508 38944 
6917 2
1387 90435 
6407 1
4536 
7008 1
63479 
93 3
14377 15733 11118 
6043 2
73074 65368 
6113 2
50582 58457 
1087 2
23519 112 
8320 1
51911 
2491 1
47192 
1967 2
36282 9588 
5874 6
78235 9687 44289 77911 53498 57923 
618 2
23890 31517 
3346 2
64319 48804 
7256 3
31229 73142 32975 
2269 6
23451 40566 30442 29778 88804 42195 
1218 1
61335 
5119 1
10513 
1214 1
74742 
7099 4
84540 46825 31942 58274 
1728 1
29857 
240 1
47563 
1102 1
31661 
5342 2
57712 40793 
6856 2
1875 15160 
62 2
44645 65838 
5055 2
50426 35068 
6458 1
71647 
8657 5
10089 46634 52771 12027 44767 
587 3
66899 42909 1204 
6485 3
13876 79714 40206 
7719 1
80632 
2061 1
33814 
6290 1
90246 
8065 2
69255 15991 
6515 2
43733 52510 
7772 1
17826 
1361 1
38283 
818 1
782 
2830 1
84212 
2877 5
42129 88359 51391 52593 47371 
8229 1
56520 
7888 1
7324 
3917 1
4394 
5314 1
18817 
7904 2
6034 17262 
4519 1
2037 
2378 1
32286 
1330 2
16096 68276 
7625 1
63800 
4050 2
13669 25287 
5112 1
47855 
1450 1
66336 
8750 5
44227 45104 28789 20174 60425 
584 1
39473 
2695 4
22911 86995 15310 19877 
1142 1
56005 
3431 5
80563 12207 22760 16538 90767 
3407 6
90148 34014 65207 11629 73761 4275 
8123 2
49573 37600 
6822 1
23523 
6028 2
38250 50579 
8716 3
39113 10506 72698 
6816 3
61446 49843 88123 
2470 1
62647 
1882 3
14726 25505 55506 
3270 4
22731 22231 32227 8656 
4650 2
21948 82274 
5072 3
41793 68402 24395 
2618 2
13393 60000 
7716 2
61264 27801 
5754 1
53175 
1191 1
79152 
4794 1
26634 
4018 1
13031 
2363 1
11409 
2619 3
75146 76825 30357 
4831 3
60721 76063 71253 
2263 1
24586 
7378 1
38559 
6496 3
31572 88619 83681 
2027 3
10265 6674 26574 
1404 2
32790 89616 
4528 1
81964 
7398 3
69327 50020 28887 
6913 2
8901 13139 
1518 1
25714 
2601 4
58799 5271 39944 55711 
5906 3
2724 74476 25858 
455 2
54410 50941 
6978 1
37713 
1682 3
49551 44480 65251 
6765 1
17172 
4238 6
40867 45467 88702 28518 41822 14092 
1057 4
32016 54298 40354 27587 
2137 1
35580 
2461 1
60918 
1856 3
65281 23005 30955 
2787 1
2792 
1610 1
62279 
3306 1
6027 
8308 2
20903 62088 
8577 2
72528 89911 
8101 2
81350 3535 
6147 2
41484 5064 
7917 1
67659 
8133 1
5781 
67 1
83647 
1961 1
7780 
3831 2
7706 69087 
762 1
85451 
7859 3
77192 56081 35941 
590 1
86818 
1341 4
50886 88552 88841 37656 
4800 2
44620 78499 
4523 1
36035 
7993 4
1071 21883 41247 64098 
5624 1
31260 
3404 4
9519 48202 71034 76309 
