15
1331 39
68088 64276 73077 69855 68874 52154 59880 56664 59063 90344 96896 97005 95038 75995 84661 87130 82849 83320 16950 15918 18030 18321 24204 20679 5692 5866 463 10316 12275 11662 7507 7849 41149 41238 47144 29212 25827 35233 33322 
3140 30
66993 65415 69155 70559 55060 92660 88959 89295 75759 77343 85879 84017 17194 17779 3673 5216 990 2475 10787 7736 8200 47911 49835 44591 25807 25868 27257 35741 33713 33970 
2288 25
68125 65083 73064 74003 54831 50878 89527 97585 94988 96361 78143 80999 76869 17535 24694 21118 5808 4 11582 7298 6834 39703 45201 45134 26092 
3074 19
68765 54612 97180 16961 14801 5796 4927 4920 1289 1640 1686 11265 38161 49036 45425 25853 26908 37081 32749 
757 14
65916 63396 53981 50718 60228 61688 92801 96103 16959 17728 11632 37608 48468 33874 
1942 9
56807 75339 81653 5627 1342 49299 30874 36962 35891 
2496 7
85056 84528 81327 23981 42062 45197 32646 
508 5
93744 86529 24140 40978 36308 
1851 4
64581 76849 17884 14795 
1669 4
89469 93825 83084 45539 
1474 1
14379 
340 1
64184 
1209 1
583 
2612 2
71927 43925 
656 1
6374 
