245
8025 4
97177 88614 34500 10952 
2207 2
97769 38100 
7908 4
61079 30391 39723 72401 
8627 1
93759 
4900 2
538 5505 
7322 1
55256 
8791 4
13288 27372 30618 78872 
4183 1
30940 
3073 1
89972 
5458 1
80169 
1223 1
86404 
7284 1
90986 
5217 1
55462 
811 1
13229 
6047 2
60591 67680 
8815 3
78203 4806 80108 
6736 4
65690 78283 24651 17283 
1679 3
78281 7560 60030 
2369 1
76817 
2633 1
52769 
7478 4
5792 20115 80802 67879 
2980 3
27077 21808 19161 
3175 2
42521 57211 
5385 2
98335 65288 
1990 1
62780 
6703 1
65796 
5988 1
74087 
7248 1
54605 
7563 1
74785 
4022 3
57765 47789 63850 
2515 2
67129 54437 
6857 3
79251 41605 30889 
5030 2
52089 73069 
5996 3
5219 38320 67200 
7981 1
18054 
6256 4
65897 29078 97837 95040 
6921 4
222 2771 67800 24561 
6561 3
49932 14265 79580 
8003 4
22984 55669 6922 2688 
3808 3
29350 55355 83480 
7089 4
52352 46130 80092 17870 
3328 5
67914 38626 28970 76490 23256 
6982 1
76614 
6374 1
55426 
3164 2
34079 87559 
8175 5
58395 88800 98729 99597 30019 
3101 2
27291 37576 
8193 3
63557 10962 84608 
3339 1
3066 
8383 3
71078 69759 42498 
7941 1
82855 
8472 1
94921 
2983 3
41045 23890 58626 
8054 3
69673 54120 71743 
2114 3
52132 18754 18903 
6432 5
89525 86512 46554 32499 86121 
7709 1
13653 
2629 1
58618 
1367 1
10021 
8184 2
49882 60744 
209 2
48980 87079 
4887 1
40932 
1522 1
93705 
6337 3
70176 36054 5477 
5532 3
94157 84114 17126 
1308 4
10624 71824 63897 48043 
3176 2
39488 1870 
6520 1
26698 
8442 3
10740 8768 41218 
8341 1
76113 
4499 1
9995 
6622 1
99147 
8535 1
7127 
254 1
97590 
587 1
61440 
1964 2
10860 14795 
8225 1
55471 
4822 1
68050 
5911 1
36496 
184 1
71465 
8385 1
40911 
5381 2
36623 85817 
7002 2
63094 7546 
1966 1
71320 
8206 1
25073 
7593 1
23541 
4123 1
37302 
7445 3
72488 92763 41287 
392 2
25221 55920 
2727 1
22402 
3203 1
43094 
8089 2
37645 4944 
1085 1
46120 
8601 6
64022 7533 33227 72920 19985 89364 
2195 1
96724 
1319 2
53177 2284 
7881 2
63929 93316 
7995 1
62016 
7788 1
93899 
4220 4
65580 24819 15363 9768 
4430 1
48653 
8314 1
55810 
2412 1
33738 
2732 8
7867 52124 55259 17037 97858 62473 83956 47702 
4281 1
84817 
7761 2
73025 69009 
2715 1
67986 
8136 1
52793 
4166 5
57839 10830 16778 6994 49998 
4179 2
53662 55477 
6863 6
73523 56267 63342 67820 20738 86918 
3504 2
71318 94545 
8356 1
73619 
7872 1
49030 
1639 1
30050 
5748 2
43333 60340 
5386 1
36684 
4128 1
13231 
6690 5
30409 91326 15605 51485 68507 
4755 2
90476 70239 
4540 1
65349 
2259 4
1130 7731 68225 34231 
8492 2
89996 97359 
1929 4
66908 55079 64926 24266 
5973 2
16269 4493 
3346 1
32087 
1646 2
40845 71530 
2306 2
55104 92805 
4031 1
39210 
5834 3
74588 91050 96640 
7007 2
99310 47603 
1172 1
70116 
1154 1
60936 
5318 1
59383 
3874 4
157 9066 74052 48456 
4905 1
54219 
3221 3
11601 6031 87902 
6278 3
98273 98759 34067 
6704 2
75627 23817 
1328 3
8743 9939 25245 
4859 2
89570 57116 
5675 1
50875 
500 2
42111 88806 
8785 1
97604 
2559 2
35913 45909 
3598 2
19594 92971 
1763 2
50488 78349 
1635 1
62896 
3239 10
29337 39795 2974 83191 41211 85761 17332 32789 29246 51187 
4746 2
34848 60508 
3258 2
96283 92302 
3468 2
69402 74131 
1938 4
84278 55340 65773 86834 
1780 1
32122 
6379 5
47010 29438 19502 18974 55223 
612 1
57487 
2939 2
45234 38251 
1493 1
86613 
908 2
66938 23261 
6457 1
70889 
2887 2
12705 15451 
4692 7
68539 68074 63181 57294 50989 27459 66454 
4804 1
22822 
2930 1
92339 
1381 1
17188 
2281 2
57990 67215 
3102 1
5242 
3501 3
79110 60101 6279 
4523 2
16007 8601 
973 1
69256 
5814 4
12751 90073 51570 39485 
5986 3
3 52752 41313 
5508 2
17649 67784 
5476 1
99347 
5540 1
50999 
5464 1
59397 
3024 1
55820 
5370 1
98222 
3292 1
99409 
8401 2
71814 32566 
5677 2
7691 90786 
7606 1
8267 
3914 1
26257 
7105 2
47375 64807 
8135 1
20467 
3476 1
35530 
6676 2
37408 42318 
5369 2
45787 35330 
6506 1
39517 
1808 2
47579 79393 
7285 1
25485 
54 1
46581 
8804 1
45610 
7544 3
57932 22821 14248 
4329 2
88044 36361 
3169 2
60214 88342 
5232 1
7216 
8450 3
10818 83034 87885 
5234 1
94148 
4005 3
14718 52111 96018 
8315 1
27769 
8655 1
45232 
3248 2
43305 89184 
7599 3
82811 48533 36452 
3384 4
32444 6156 45871 22416 
2440 1
81119 
6730 1
68356 
4823 3
39017 2461 73321 
6979 4
95636 38416 55891 31148 
8532 5
66581 77126 23794 66597 79098 
2288 2
69781 49386 
4606 3
42813 81408 58311 
8098 1
90652 
863 1
20920 
7799 2
83050 78784 
3895 6
82622 51106 2442 84591 1813 88238 
5645 4
19925 99940 94109 57023 
3157 2
11973 4006 
1264 1
11475 
4519 1
61100 
802 2
73420 49840 
5844 1
17729 
1175 2
34479 99983 
476 1
75905 
4245 1
93313 
2461 1
49384 
2661 1
28574 
1648 1
6587 
6160 1
87905 
6558 4
96084 76554 35818 82267 
2316 2
10023 54449 
8257 3
62209 19049 60154 
7138 1
92160 
5690 2
74249 64949 
2594 1
68305 
1578 1
82273 
1695 1
18496 
6824 2
79676 8958 
4650 1
18573 
4368 1
5214 
4434 2
2437 74207 
6216 2
67678 4580 
8063 2
84020 87311 
3596 3
60265 58687 96250 
5037 3
38770 17600 53775 
