81
1936 13
78903 16075 85148 4539 64774 59747 78842 83953 91242 96641 30476 34076 5810 
5369 11
97812 87434 78529 76553 71783 23796 72813 90217 30788 34610 17569 
4916 9
43879 29170 41527 98705 67674 46747 93919 51658 67015 
5323 9
78890 72216 62900 32298 72187 26190 19185 3201 64031 
3974 8
91245 87311 43798 40173 2248 27583 28339 89191 
4153 11
97440 85107 79075 42477 16579 54511 84592 78373 86984 77805 14699 
2680 11
76260 23137 49327 52795 88640 5703 72705 26729 47314 16939 27541 
1405 13
86124 22284 7001 20358 34562 6635 70491 71440 94230 13914 16005 17794 17326 
3116 11
24388 89386 66859 42183 12405 17691 66414 97406 14373 59523 58970 
952 11
82096 86417 81126 5139 10625 95398 89044 92672 30437 32717 31871 
2564 14
92117 34188 36915 16638 67404 63398 27798 97606 63605 23063 72065 15260 9484 87989 
122 9
76654 87357 6255 38842 62457 43632 82084 60629 33866 
4495 15
96951 1419 75778 7663 85011 5728 40593 46519 65775 4248 63105 78353 5325 31716 60311 
1682 11
63368 18703 31635 95557 53727 42226 84255 67380 89187 36452 10870 
1218 10
16214 62540 22231 3016 3104 99122 40063 98501 13764 18818 
2836 12
53575 73679 15561 76057 90326 88374 3316 90878 35528 8921 41918 39111 
4215 9
94120 76900 42321 50091 59519 90986 85780 35206 302 
3777 10
7640 62237 15793 496 99381 81727 84695 72991 67893 58195 
3579 13
15399 69665 97041 50903 31642 60951 63047 24742 33667 48979 50139 14698 30896 
1646 8
97896 47905 35022 13679 81989 66377 77442 8198 
4468 10
60835 42253 72021 62381 84400 75580 33009 32089 24368 66101 
2402 12
28992 64701 59698 51199 60727 85749 33533 71653 61648 33355 99445 63774 
3293 10
65117 91109 45599 62847 99201 42960 40560 98853 8910 20438 
447 8
45156 46362 31527 18194 12406 98073 31952 55894 
5219 10
18771 84230 78486 6494 40005 15824 49904 91343 1184 5533 
4913 10
22064 7714 22098 6004 58524 57795 6342 83290 80967 48593 
2850 11
79868 40569 68367 88120 85093 73747 9349 725 84803 62748 53912 
792 11
36256 63098 49421 79298 89574 73271 25786 56950 59422 68903 25671 
3172 8
90349 53658 28712 57869 8932 6492 82850 61209 
2878 15
43790 76489 24685 51023 81480 51657 16279 37617 99937 83784 63585 79528 44394 91889 32423 
1632 9
53213 38841 87902 37608 66053 93491 56226 92209 87190 
2213 12
42091 23539 7996 89900 33573 76019 10885 25968 34738 41278 18626 74380 
2997 9
48657 21629 60932 85211 12307 77970 89649 81034 85358 
957 9
37819 35886 58380 37596 53574 28867 71901 2667 68830 
4607 12
96867 74418 78715 46660 18846 79639 68691 69150 88558 86782 58685 49377 
5051 10
49441 7388 12318 7198 33058 73621 9325 95119 53703 39920 
4597 11
42276 51904 3595 95071 46561 35859 67901 77905 59703 79489 98486 
825 9
19008 52676 2856 77428 39949 98459 56594 69781 72155 
5171 9
62048 58817 53327 49241 4427 78581 48844 53579 51861 
3048 11
39224 33063 18170 60974 34039 81699 91491 23868 73797 18472 26070 
3198 13
54795 85999 61057 14304 8608 1053 66235 28724 62001 61576 36194 48276 34847 
797 9
38643 23261 60282 78190 78463 73795 62466 19793 26939 
1816 8
48503 60318 31499 94910 50098 96157 18105 17182 
741 10
77893 90703 63816 79808 54883 25290 94123 86046 69810 87499 
4430 9
1928 85598 99133 88126 93015 62062 41960 24434 52579 
2401 8
34676 64264 65357 30820 45053 43434 40080 84253 
1960 9
54207 9032 28557 36122 60823 65527 89932 8992 70574 
4098 10
31201 40491 21833 43847 73253 95068 20986 89818 63824 69832 
4112 11
83788 10199 38164 31571 54470 95175 39126 73887 31232 83505 41382 
523 11
91693 62812 15704 69700 24091 29412 42146 57673 48630 89361 37531 
3735 10
3234 6392 66620 21114 24449 80277 31554 43980 70833 5408 
506 9
24088 84023 7395 73798 18412 86006 77240 86021 66726 
1036 10
94430 60297 3665 24509 66267 18996 46166 19730 8634 94391 
4810 11
23046 70987 31870 94840 22533 49886 63119 52680 63449 50060 40031 
3557 11
95675 53583 58619 46860 29737 72988 20532 27198 88007 74606 79152 
4617 11
10611 57763 93138 14997 62715 90436 13081 63379 77693 73990 89315 
5411 10
4009 38507 12863 87316 77578 83805 14880 31744 24827 63898 
5061 9
16437 65534 40358 55608 43667 88226 7044 99035 58282 
5124 9
89948 57935 60193 19365 27731 63187 45910 3529 53866 
3271 9
18451 72587 30257 70619 80942 41364 86993 58907 62852 
3763 12
15248 99129 19422 96454 56319 83271 85281 37269 5646 61893 35185 89847 
934 9
66756 57612 59537 16611 80196 74282 1896 1977 77279 
2930 12
96384 54939 38188 64681 95748 6808 15382 17712 15465 58371 43486 19078 
2306 9
10148 60976 9610 79582 65244 46259 4367 69929 40055 
1735 10
58151 13354 89335 58357 38346 64680 3113 67333 69693 39811 
3652 10
35879 4726 79360 54614 1636 22515 56113 75857 17341 22474 
2929 10
91205 74197 55387 67798 93939 93080 93729 29471 16449 74348 
2035 10
93347 22460 81590 84555 91449 54053 18436 16861 39555 89700 
3322 10
19685 74879 83878 28293 31042 31285 48731 64792 51705 82693 
3267 12
57111 32375 57312 87765 86309 21289 96499 80882 67109 99468 68739 48416 
172 8
52821 1594 98646 40066 61589 34868 75767 26966 
2606 9
13711 14486 81398 8346 7039 99562 31252 43936 86288 
2528 13
8832 50076 10919 74326 6511 58329 93358 54942 89433 60185 7008 9001 38451 
1074 10
70881 845 84128 8430 36449 48682 90517 956 84672 5022 
1600 9
23842 85864 7413 46620 97388 89147 27513 19174 60470 
2883 10
61536 68733 16206 84349 33416 41488 12975 97693 34714 9294 
2646 12
19407 60088 95264 35192 89442 15720 54140 67235 4495 9631 14747 47157 
34 11
52213 24945 83845 24620 69363 45737 39414 23624 25780 12874 14581 
2394 9
61596 53225 64422 71732 2067 32906 37742 74281 42959 
4124 16
47598 64218 14988 53264 104 25730 74640 46972 78302 98342 61216 31171 35511 54087 7148 97451 
4766 10
67069 1974 16164 44614 85897 20245 17629 18640 33668 39563 
