138
3647 3
69935 85719 39199 
5744 3
73284 63094 11059 
2351 3
75177 1908 68768 
2637 3
13657 59460 71413 
4843 5
96214 74136 28660 90524 49742 
3348 2
26549 99786 
3695 4
95890 82987 55247 3412 
4252 2
99481 96741 
686 2
89327 97360 
1802 3
37045 6006 3693 
4320 3
32446 99605 58244 
3239 3
20058 5954 76308 
2909 2
52984 67958 
4710 3
59334 80622 77871 
5488 3
73191 33508 77170 
1524 2
3342 47761 
2788 3
47899 95973 6427 
2155 3
27087 94076 36919 
1656 2
45231 50491 
263 1
61078 
2129 3
91001 65980 51698 
3293 3
86928 40693 26429 
1342 3
26546 79095 91831 
2726 3
51534 20782 20093 
1380 3
71604 56667 85615 
115 2
82049 99732 
2551 4
97750 9625 79268 64069 
3734 4
89726 45897 94566 140 
2815 3
18241 72299 14613 
2684 2
77373 53817 
4347 5
42684 67621 34705 12037 41468 
4681 2
4970 18615 
1774 2
54430 74619 
2376 2
67449 95760 
2536 3
32929 31676 90776 
831 2
26283 11423 
1373 2
72974 1619 
5618 3
71721 64356 85595 
4680 3
84248 91098 79261 
843 3
19193 14440 66558 
4030 2
41887 15465 
233 2
27177 36682 
1207 2
90248 85702 
839 2
67836 8584 
2052 3
38137 58991 73568 
1274 2
94034 69527 
2168 3
80200 12971 72985 
4301 2
75996 76296 
5388 4
11657 57541 31347 31490 
1237 2
4702 82148 
3227 2
73247 36363 
258 3
42389 28631 2973 
1262 2
23002 46883 
1693 2
74706 61424 
415 3
76749 52987 26629 
1257 3
33898 66884 90703 
3116 2
92792 72819 
418 2
73350 58945 
2719 3
89431 60799 54848 
2162 2
26780 97027 
1020 2
27380 47036 
1643 2
42642 673 
1892 3
89887 41565 36034 
758 2
68471 44415 
5671 3
42037 24188 40510 
4316 3
42466 47438 11417 
1429 3
75032 16100 64401 
3730 3
34921 10129 88376 
2552 2
67467 94235 
1198 3
85707 95628 2934 
2401 3
54615 34836 75749 
135 2
82897 72368 
3206 3
78163 83147 31464 
1940 2
1241 37000 
1988 2
36795 92680 
97 2
77847 56684 
1389 2
79710 91034 
2036 3
62876 99447 20647 
397 2
15481 2529 
2952 3
61084 46271 55276 
94 2
28526 72642 
4583 3
649 44846 6304 
5539 5
39597 51557 87790 37773 32925 
419 3
99593 56024 47101 
3312 3
88213 17906 73493 
5246 6
57669 20150 87137 24711 57128 24647 
1973 2
50393 54318 
4901 3
20383 63179 97632 
2529 2
3645 49387 
3948 3
65638 25426 26169 
3771 3
38719 36224 78492 
1755 2
9418 49856 
230 2
43042 18298 
4070 4
94426 32227 36957 41904 
3638 3
17834 6123 24465 
1293 2
75312 16673 
2988 3
11521 35869 23307 
27 2
15862 87007 
2220 2
3659 10524 
4593 2
49162 1355 
2955 2
59008 35093 
857 2
56710 42340 
3496 3
38876 48568 66740 
1734 3
86910 23100 60808 
3394 3
20514 26492 29235 
2019 2
49975 33097 
635 3
38710 19792 42173 
5748 3
85774 93275 63337 
5372 4
37307 45982 72386 2502 
3492 2
48959 49072 
2402 3
55236 78254 77019 
360 1
47423 
2082 3
60201 90198 71310 
3696 3
15984 53102 5250 
4310 2
42914 53772 
2371 3
8898 56523 58793 
4956 2
4929 7504 
4394 4
82426 26009 44363 69916 
253 2
94636 70738 
2824 3
72563 36773 31847 
2945 3
12318 20076 64299 
830 2
29557 32168 
4314 3
11462 30922 88547 
3453 3
57738 75562 46811 
2709 2
93711 24909 
1357 2
57539 3614 
64 1
52375 
4123 3
10687 13948 94029 
5303 3
11878 58339 76878 
1329 2
49084 70449 
3325 2
75281 99180 
199 2
25712 98884 
2900 2
89309 92556 
1765 3
49577 39349 65448 
1220 3
51168 46019 70292 
3485 3
91653 68602 27275 
3926 5
10496 10729 78272 33401 45420 
1184 1
86334 
