51
110 1
41739 
227 1
22388 
218 1
530 
58 1
9333 
38 2
34610 35945 
188 3
8491 16699 30799 
83 1
10594 
171 1
34690 
163 2
38077 389 
63 1
27000 
89 2
11202 17786 
122 1
26504 
228 1
36198 
203 3
33460 23220 22980 
202 1
31000 
62 1
20303 
237 1
20735 
60 1
12084 
149 1
32502 
70 2
10767 17612 
12 2
5626 3169 
169 2
4690 15264 
51 3
30471 2959 1810 
127 1
20580 
156 1
23905 
111 1
33509 
150 3
5970 28567 17016 
134 1
113 
81 2
13495 30450 
170 1
25051 
129 2
20006 38906 
44 1
33277 
69 2
24288 10269 
99 1
10842 
211 2
38884 16613 
192 1
12604 
71 1
27938 
231 2
10698 10701 
157 3
17482 26441 36217 
154 2
22855 853 
107 1
31374 
209 2
8441 10602 
121 1
32854 
165 1
23213 
91 1
32693 
94 2
19368 26927 
100 3
41971 293 40261 
53 2
36207 4474 
142 1
10900 
198 3
8406 10943 41615 
176 3
23750 10569 9592 
