231
5502 6
97162 39728 44110 13306 10341 50860 
5165 4
6669 12248 52378 36168 
2928 5
43869 78163 98204 48178 86581 
761 2
14754 9208 
4555 5
3628 44466 81837 14029 69005 
5313 6
66969 62606 62901 67638 21399 20405 
673 7
16602 34440 27329 21197 27129 51209 88980 
6124 6
84279 15673 40036 58403 9558 53153 
613 5
83592 7983 61358 14963 52339 
382 2
9793 95695 
5078 6
92157 20399 13174 75828 87308 39232 
6325 3
80792 29247 4911 
2074 5
892 66219 1868 51648 70084 
4824 5
54796 90676 52763 96083 3838 
398 1
87352 
1143 9
21687 30571 9594 17075 43832 61948 30680 48406 26984 
2730 6
49794 81716 9105 71517 91441 14048 
2430 5
32867 52434 18010 14456 24197 
119 1
52408 
4481 5
72579 99133 56574 69493 13127 
5716 2
87306 51327 
5213 2
26279 23341 
5677 6
52361 46669 85472 99497 56517 15801 
3007 4
16798 85879 9729 29163 
1929 6
17185 98932 71279 20059 30637 77876 
2451 4
27911 91133 20149 48311 
4604 3
64357 36653 86511 
2316 4
37158 94687 65910 62973 
615 2
36694 32076 
399 3
47926 13882 421 
2591 2
28348 48805 
4988 2
48022 8753 
4799 4
78886 26832 49862 52935 
3489 3
45515 79672 14812 
558 4
82072 11621 23495 33707 
5001 5
70471 22620 50332 12998 78859 
389 2
90896 19672 
2639 5
27892 30640 94123 98233 6151 
2720 6
13870 47803 65424 26538 62269 56421 
2176 3
82415 8610 78062 
926 1
3430 
6313 3
68627 10893 60386 
6236 9
48133 87391 84853 21418 64507 49064 48095 99871 86296 
2985 2
73858 66886 
4088 5
14255 16136 58052 31706 76331 
1287 5
94871 87049 44311 66144 40062 
801 8
27205 94780 80250 3779 72897 7064 87442 86750 
116 2
71205 39034 
2088 1
8196 
2206 1
35167 
1266 3
89077 7493 59602 
5110 2
40803 42059 
6569 10
95069 62124 12081 17340 65653 87285 74838 47580 48137 41495 
4631 2
83148 23226 
1516 3
40636 92797 33381 
3912 7
27026 3824 99640 30747 82991 77863 71503 
2389 5
40941 75606 40250 47220 88811 
94 2
17971 22448 
2606 3
70100 28100 8173 
1016 4
55552 7589 78112 14406 
3849 5
86744 51628 4199 88245 40501 
2012 3
17054 95350 89144 
4950 5
78767 28925 34116 91659 36486 
1569 2
14191 70135 
1166 9
15145 10234 10429 46200 39638 33874 49754 65411 8284 
1370 3
84102 64140 90812 
15 1
2728 
323 2
23287 10398 
4185 3
87947 78202 5360 
1646 2
19543 4493 
5623 2
75807 84523 
3983 11
39163 53738 9451 16294 74501 35092 22641 28131 54955 69420 93360 
616 2
91295 4309 
513 7
64778 9046 10974 75954 82790 91515 68497 
6480 2
21047 906 
5042 3
59065 82129 43774 
3650 3
87983 17875 38843 
3783 4
4466 88541 34379 17058 
4558 4
43634 20876 66531 59873 
5437 5
87622 65011 20765 20157 66822 
3952 2
9872 99773 
6537 6
8669 88011 58962 63987 83793 53859 
1431 7
48004 76455 99891 6094 62874 85020 5465 
6705 2
8379 2731 
921 4
85128 2174 10215 8066 
4508 8
8831 23265 59949 12014 48397 78068 35973 27376 
143 2
49545 91765 
410 6
41202 96203 39114 60252 84595 19976 
6453 3
77523 4585 53256 
1974 7
81001 85637 11992 21562 87778 9168 61875 
2609 2
46668 93891 
3406 2
95984 22485 
6044 2
670 42772 
866 3
84675 95947 20629 
1657 5
43834 47481 86663 23548 38997 
6582 5
82653 62534 16672 25004 30628 
1964 4
3219 63596 94864 51500 
4155 7
88261 92008 98518 30013 53090 49713 1311 
5659 1
22978 
2798 5
28188 42060 6561 18181 12430 
3884 3
53148 62704 12127 
5244 5
52654 88747 15888 28401 80098 
6364 2
71637 90636 
1488 2
71325 61201 
4624 2
64912 23261 
5917 4
8101 34826 85401 92373 
1235 3
46832 52531 23294 
4731 2
19761 41285 
242 4
99610 7939 98878 3290 
1582 5
17453 18422 63580 96106 58571 
1517 2
52186 73916 
6429 4
22946 82984 34214 44789 
6100 3
44090 15738 92057 
2744 5
31391 70523 87089 36255 45270 
2842 4
5965 97894 34460 98181 
5778 4
68992 54459 25349 53131 
2464 7
54695 40757 51656 39466 32759 31077 92103 
3779 2
2397 81884 
3568 3
72304 30862 98135 
4266 4
54943 85291 48409 95206 
1535 7
98883 66784 12823 8047 58704 35238 44533 
4598 7
51123 1995 86718 55690 56154 64996 45164 
3477 3
2137 92546 34348 
12 5
63058 47860 75161 72420 7542 
6695 8
41773 4539 47142 40927 37150 20512 44118 13535 
2737 8
20366 61813 16594 24163 13059 94128 99313 11005 
298 2
32422 22721 
3365 6
89142 53958 55233 46723 66377 33116 
1892 3
11941 58049 38231 
4378 7
60482 75438 95150 50487 72528 56439 4839 
493 5
34506 40318 77601 93316 81148 
4956 5
20161 77405 6840 57387 26457 
4347 5
47903 18744 37739 82528 70723 
743 2
25293 27926 
4141 3
21461 46533 43781 
4419 3
24459 58843 88038 
3853 6
36269 14875 70241 18185 66537 63837 
4760 3
1823 80420 98462 
2133 7
96873 74162 88938 18342 29034 81715 21212 
5491 6
60259 30246 10275 2499 68986 24484 
2038 7
52468 99888 58453 51050 31810 69680 77487 
934 1
42564 
3570 6
51771 56748 79970 60766 29758 18400 
1721 4
64899 33305 34060 20267 
2680 6
18362 5837 45909 73462 68338 51658 
5552 5
38637 39516 33774 1001 56763 
1336 2
54205 42664 
1263 1
88326 
6527 6
76283 85067 25128 54693 72922 12977 
3330 3
29158 535 28274 
6107 3
23522 32773 55157 
4960 11
99562 34689 97223 68621 24297 24452 81339 19870 88729 28899 217 
2792 5
5188 94643 27069 73626 31500 
4193 7
43515 52638 1023 94796 21509 81468 61440 
1988 3
88376 65106 4833 
1391 2
90567 38995 
4211 3
75026 83230 78964 
679 3
50947 77951 78585 
4792 5
76835 33927 50580 36790 85068 
117 2
62256 2011 
2458 2
70926 65895 
4811 2
88094 76872 
3126 5
26101 47773 9160 29270 40207 
3302 3
13814 6740 24081 
5636 4
93024 16179 96580 79895 
3066 2
86636 71829 
403 2
83464 85300 
1379 4
64758 82351 64839 61502 
5713 4
28342 80527 96839 33181 
84 10
3441 37024 15460 30800 74821 33560 92018 14834 77533 86889 
4721 3
43704 54207 47260 
4512 3
61767 45162 7514 
1859 5
9108 83025 16829 52706 36483 
6108 3
37177 11874 35308 
4946 2
64873 16784 
695 3
30341 15305 61135 
2809 3
58698 73629 66557 
2619 4
5 10243 27619 32765 
6495 5
9896 2129 64588 16359 8077 
2180 5
9513 63092 34242 85410 10118 
5815 8
97904 88497 92138 85101 49756 50902 33536 20646 
4703 5
95377 12750 89259 25480 70077 
537 1
65638 
355 7
4722 23457 47148 99234 76009 30462 63320 
4053 5
71385 15565 63617 78856 27470 
299 1
77040 
3608 3
33878 82066 86492 
2721 5
87866 87572 3151 75996 59674 
1614 4
33679 49023 88403 5031 
353 10
95516 12701 51195 71488 45199 83819 39963 36681 21341 13487 
4948 3
41089 54206 76114 
2274 9
4102 63583 18866 92691 21313 75160 97583 96665 42802 
2781 2
56860 5011 
3837 3
64462 79860 76750 
305 2
41915 63196 
5611 3
44230 98933 11330 
178 3
73699 15753 9557 
5127 8
65398 73839 60588 16547 63666 25857 49973 44598 
129 6
70098 60941 53628 27285 76856 60149 
4093 5
8135 43348 94874 13334 35852 
2715 7
74981 32509 47654 63128 98610 97640 87486 
2674 7
28689 56313 12378 59701 38896 87184 69652 
2572 4
71093 5898 95216 29257 
6196 4
863 25331 96967 90883 
1281 3
84572 58158 28550 
352 4
40375 80993 11854 63864 
83 1
80630 
2533 3
25186 98007 26872 
3944 8
87015 87104 36319 53258 41200 18403 40686 8537 
3907 5
79704 9715 67408 38741 12505 
4579 4
48580 76081 15998 50006 
3051 4
54439 14477 57929 71592 
316 3
28937 30731 79028 
2440 3
20680 44985 90217 
2757 3
12664 89635 3242 
4420 5
57301 23028 16955 39069 21041 
2392 5
42845 84845 27568 394 42423 
4665 2
44830 63993 
6220 2
64350 1790 
6326 3
49311 19498 853 
4757 3
38320 88507 32299 
5879 2
25854 46237 
4932 3
3395 54556 94727 
3612 4
50546 2496 77984 86385 
357 1
75905 
3070 8
89043 49145 84130 20452 75838 44715 67948 65116 
100 4
22397 70998 56111 66833 
5272 1
52583 
3653 3
3381 78821 9631 
4804 2
60032 2110 
5386 2
89304 25966 
