158
4956 1
60175 
1542 1
41587 
4119 1
81447 
5308 1
59730 
797 1
64315 
4893 1
81576 
5047 1
28457 
799 1
63707 
462 2
34581 70715 
4470 1
40306 
3556 1
36468 
4273 1
15768 
1089 1
65567 
2365 1
54 
5324 1
35987 
4957 4
78965 36691 40240 37950 
4890 1
76468 
4090 2
75147 12602 
1687 1
29639 
5059 1
81067 
4051 1
48744 
4507 4
70894 77172 79543 50550 
3732 1
53779 
3759 2
2928 62953 
5416 2
745 1879 
3788 1
86703 
4707 1
69728 
816 5
20662 55295 15172 74449 68487 
1678 1
53636 
5344 1
13744 
4059 1
54157 
5321 4
40048 21781 18155 40269 
3419 2
85584 51335 
2768 1
50990 
5313 2
40564 8444 
4861 1
31696 
4667 1
35683 
3797 4
21257 68960 73332 17335 
1894 1
12224 
426 1
72993 
5406 2
32010 68561 
3847 2
80647 60582 
2943 1
24898 
4174 1
14605 
36 3
82699 52247 11 
5214 2
66623 47592 
63 2
66848 737 
2738 1
41726 
5027 2
30424 74838 
4961 2
1358 43251 
2483 2
84654 47906 
5349 1
14923 
5178 1
54562 
3095 4
51454 86430 5560 17146 
38 3
82334 20690 27579 
1601 2
13047 9908 
2606 1
73231 
5304 4
80786 64913 24676 84828 
5333 2
80835 44361 
3783 2
27776 74623 
886 1
81060 
1332 1
13595 
5058 1
74620 
5086 1
43606 
4235 1
52315 
5122 2
20793 45700 
4661 1
70477 
1296 2
38176 77197 
4434 1
50597 
5075 2
45523 7072 
4477 1
11040 
2543 2
60797 75704 
4200 3
53244 38387 39844 
4819 6
77214 27884 80687 78170 80384 32140 
2747 1
21926 
2920 1
31325 
3995 1
80633 
2339 4
84726 77831 40546 43376 
303 1
75161 
5032 1
77646 
204 1
31436 
4891 2
15365 52077 
2158 1
71568 
3609 2
44439 8951 
615 1
65176 
2125 2
11809 56375 
4317 1
17785 
949 4
80062 16624 47285 67481 
1569 2
31342 7337 
1204 2
71294 65608 
5291 1
31845 
4734 2
45870 58265 
5050 3
39479 6007 13905 
382 4
82780 27701 67126 28915 
4557 1
35970 
1919 2
57295 37450 
812 2
8902 42223 
5389 1
11898 
4846 2
61445 63851 
1268 2
52721 18205 
4466 5
71513 69830 75189 45425 46692 
25 1
34605 
586 1
25137 
4098 2
63983 66818 
637 3
7959 9048 54469 
5430 1
77310 
728 4
45101 41976 49373 53034 
4432 3
56396 79436 21491 
5011 1
29311 
3303 2
2526 69019 
3049 3
20650 47202 16393 
1779 1
7631 
3376 1
63886 
5022 1
13886 
188 1
39669 
3087 3
77281 69894 53847 
1097 4
44379 63875 64622 38906 
3479 1
58533 
3450 1
81663 
348 4
3408 55825 19824 64208 
5280 1
11102 
4113 2
17076 45453 
92 1
5083 
3999 1
48548 
1462 1
75078 
3763 2
58432 27187 
4378 2
71662 42925 
4603 1
18250 
3218 1
85492 
2782 1
36506 
804 1
57273 
2207 2
47314 1698 
733 3
34706 81852 48953 
451 1
8253 
904 3
5945 18669 12149 
2053 1
30954 
571 3
63044 76011 63684 
1492 1
17819 
3882 1
62069 
2728 1
20151 
3610 3
16784 84064 41215 
2584 1
50406 
701 1
38947 
3169 1
9799 
438 1
17194 
4437 1
47531 
5328 1
51998 
4791 2
71360 71880 
5259 1
35854 
3561 2
17040 16786 
4450 3
866 17185 43420 
3540 2
58172 45951 
3017 1
3162 
5356 6
47110 58026 15345 16507 10824 44499 
3505 1
75574 
16 2
83176 40310 
4660 1
53703 
349 1
85606 
