26
344 105
57116 97487 22112 86621 29426 38227 39445 45052 53407 85348 23293 28718 37109 70053 92318 2898 65803 73272 21650 82754 17674 85603 31570 77978 4859 80041 18984 74173 41479 99627 11009 62613 78109 72704 24990 18647 64670 38857 65870 63436 71956 79855 18003 24653 91712 39116 39269 472 31177 64657 74588 26095 88489 20659 23085 26253 53219 62242 95919 29582 29407 78512 20131 45123 74933 38844 69132 3545 3646 10808 37214 43373 7063 18868 65441 70308 75738 77981 79362 24745 20687 40434 63500 14776 45465 60252 48455 1293 32493 98634 12067 21730 18895 54578 37701 64147 89137 22385 43765 94277 95858 29715 72676 90264 27514 
299 98
89841 39814 52234 29443 81301 7255 56178 72614 61568 96676 73561 5317 12756 49203 28273 99044 64765 45309 45553 26756 15143 70239 66919 22666 37411 23115 23444 70561 90415 9773 33682 52003 7199 52484 9671 30408 65919 59513 46622 42628 23054 23192 76822 81125 92703 44537 89064 88895 15076 99376 89918 45491 530 57906 61059 24107 94054 97998 24062 46462 1988 60197 34153 32523 26010 69445 63606 47345 43209 13748 90148 12967 35585 48248 40975 16396 18306 50985 38308 73903 74659 12246 18839 96271 48746 58895 3303 49322 88633 94749 65969 70941 55149 66148 41896 78688 80130 95345 
19 92
6283 54638 89714 44100 22620 44992 11934 59490 52289 1784 84969 83002 43244 47097 93221 51146 49454 23158 69980 39003 4104 79033 51501 69192 33951 1231 31419 51482 10102 49185 71935 27890 74375 61920 13182 41135 21769 48322 15257 88370 77544 15716 33761 61454 41531 8505 18744 6884 23185 84158 5618 13365 76788 11016 26147 11544 28363 9794 69762 18106 48929 87681 70377 21833 853 17098 49545 49304 58390 17232 18160 73535 2071 24630 35164 34583 45504 22336 10619 38442 93058 57617 50329 94141 95464 97800 76498 35787 12320 17791 63639 19862 
456 91
65207 24764 51793 9697 58645 53266 64396 40016 48642 95880 69759 34380 17594 77014 53971 85610 14790 75423 53965 91359 33010 29749 61762 95757 38491 71669 12001 40107 41854 3623 94525 44129 90860 55143 8587 72779 88506 2609 84443 46444 85024 36140 2738 43291 73165 27682 73262 91288 9618 78819 16787 83883 37213 37997 48547 46402 47351 70807 16409 671 62950 43669 11412 30896 92565 35266 78599 77208 22200 60763 22740 23899 76995 43577 56702 84482 26267 42532 17850 46196 95021 50527 9624 45427 74752 7094 99419 62298 71996 10779 17705 
728 88
10125 9261 79614 73117 26798 25884 8796 12527 41056 27824 17336 74818 96008 56114 96641 84994 77733 70658 70768 73066 54418 16223 77639 37608 50406 64528 95108 75600 60101 27594 22815 1162 70310 17868 36488 59874 93226 82739 61635 30930 92350 41317 9 54615 60926 2651 56629 78416 7769 51538 17206 40698 37474 24979 85309 49161 12210 17856 18848 63219 53834 68575 86223 73493 55808 68062 54938 62214 49731 88255 95830 64277 69954 53065 30072 35316 5763 7559 74517 87357 64722 87341 25136 25672 72359 50755 47157 99227 
508 82
81623 25382 75220 11232 51032 8853 1977 65813 8345 28281 18013 70846 97684 63056 93 71301 55678 44928 37159 72639 18871 84449 8239 79708 6099 58475 74311 22878 96491 14277 31885 92814 51002 22745 89058 20357 52713 10931 82920 73087 12084 13374 61048 83202 14281 4043 73971 72595 29976 4162 22024 83435 15190 26887 66759 74696 13070 58048 46001 36680 17188 84725 14134 1364 44156 93593 71487 27023 6755 45284 83028 4223 58688 23297 13962 51244 97039 47507 78376 57254 60867 60661 
516 79
6968 53787 27167 21243 84897 57452 95725 20765 91764 36815 12563 22003 7846 76207 39396 84976 22919 71537 69312 21888 78771 4129 71853 2672 76579 29356 646 25506 76568 7298 63886 65546 69184 74756 15188 58122 69523 82365 63908 95120 81969 3832 32966 41450 70186 70924 93663 17473 52750 20440 10367 18416 13167 4760 82359 33888 16260 52043 87929 27356 74304 2252 7393 47723 32727 50643 80660 10958 18862 82782 3384 61810 49097 68755 62579 38040 31408 41805 19128 
267 74
19172 30437 15645 79199 52167 30800 37277 77438 2821 19690 78867 38728 32729 47684 22819 23255 18098 11839 21778 36840 11537 37345 54064 98427 19643 16349 27583 10529 25437 47516 56125 38640 68414 37216 383 66652 25381 75353 13177 94995 14211 16761 5953 21571 65733 52250 80191 94951 86468 17243 26747 31826 63382 82729 32832 77507 97633 99476 51861 9833 90093 57207 61374 54672 14254 46079 69876 59943 42369 44934 73642 74342 65069 19281 
694 74
9396 86167 51749 78936 32173 43397 38580 17722 35495 29472 68572 48782 53193 97321 8652 16119 13382 51577 16743 30100 85792 84770 58584 24978 86070 45310 74186 1535 12568 21857 87499 35637 50654 94976 24536 48796 86870 9406 28064 28379 32499 8181 8033 72489 85828 49630 9174 50560 78048 63441 35047 32642 49043 51256 60080 38328 19677 199 57910 26418 38641 11074 81489 61441 2307 45931 13595 28331 71397 9365 6262 37603 35462 191 
690 70
18559 56063 72688 12804 98357 64645 19017 89628 68799 28341 41743 19568 3293 96822 90156 81095 24336 630 60284 12766 33298 26931 65300 52431 82077 6716 67050 63331 41463 41361 16217 92988 80905 92433 19396 57375 5203 25689 13305 46544 50823 94082 83048 61149 43642 2746 31908 34290 29527 32803 92812 36372 82230 73886 84174 14677 93079 71898 1127 10543 94524 36589 18919 96971 57840 30300 82371 1285 40008 24422 
387 63
40393 52965 69595 33611 45420 38310 13935 36636 91527 98767 70989 61561 96024 2509 3374 27973 11745 35280 12266 99741 29501 59788 16928 59057 68350 6584 98655 12693 23638 56243 24816 41204 97435 43491 32468 43478 17201 16345 70147 28053 59550 80768 89674 75341 33233 78682 67114 35838 50524 61411 56552 33340 61126 99242 74394 72852 55956 33289 54742 25248 4021 23181 59120 
125 59
98782 4806 69528 52694 57604 76109 72802 97423 73439 27635 24425 23153 14671 25840 2629 62376 31343 66047 89139 65655 92552 50891 20366 46499 28517 94259 78539 59424 42474 51709 16096 66253 25575 46921 62765 12119 48013 8840 28084 27927 79863 59291 74277 58893 76963 41396 34819 58650 49027 27623 74759 73086 35960 12733 99609 48179 43997 88487 37188 
651 59
76193 60452 86929 38945 96089 55572 99774 8295 40365 19228 44816 69056 45911 32353 74939 18700 72814 21569 96248 32988 94084 46502 66508 61324 81699 54988 28898 31384 7381 49134 48241 64659 44526 73963 30869 69293 86212 26440 72731 33465 33058 67144 98576 50497 87668 3917 89659 29094 77325 35561 64492 30269 19511 41287 9753 772 82791 60639 7661 
584 51
62500 24361 90818 28489 20425 14595 54295 10764 48305 98401 11510 66855 80027 34978 26793 45249 41466 48993 5329 14724 70897 38153 90665 7581 80156 41756 61871 43419 24228 21965 27879 76112 26414 20146 20152 74099 3158 3347 22875 21796 24340 93061 35456 42231 44074 33215 17059 83979 50619 40954 72176 
79 46
146 81298 67572 55038 95913 45439 77549 43315 55893 77490 16522 42293 22351 86074 22338 12213 36045 32203 47137 36160 57810 63525 19056 47817 33875 70770 65521 38670 96472 36521 28586 37294 9649 76538 71620 93542 39498 3893 32260 96680 36608 36525 36249 99645 16165 56052 
707 44
23738 27559 27902 80248 29608 28168 39013 20718 63837 20499 51348 69022 85436 80609 94948 74038 81624 98611 17496 18191 88251 98314 67284 12150 53083 73152 8972 37073 85004 76894 45541 95010 26470 52620 81894 16385 19681 36038 30863 35444 86509 43734 28146 92760 
109 37
70010 51711 31258 34567 819 49584 50796 86737 91 63964 12502 77814 40918 92994 45661 39521 82981 99884 61830 95022 69591 46889 51310 50821 18655 72352 84285 69640 85690 98068 40441 21032 56680 52186 51801 94661 18554 
215 35
60949 69282 79845 18066 95655 82940 90348 31452 69427 86213 48544 91836 78879 13899 87417 32763 81756 78902 61959 48837 32270 97916 96376 62065 24265 55575 24940 43033 34826 23073 23686 6593 56392 63334 62008 
190 30
80949 68272 24238 68543 56400 84972 96697 21521 96372 87506 93588 90105 92787 14463 74929 11864 79852 11051 25007 90196 83110 44306 73174 85424 89445 62011 60399 93970 96681 94486 
329 28
87199 36556 34746 47177 16658 80189 79458 32860 91886 15419 59204 43217 87122 3681 58829 56154 97141 77562 52875 49927 33059 11078 47641 89016 57107 27430 26101 98012 
768 24
58637 36092 52547 75610 97614 57288 6233 81904 45228 81046 96975 66648 7922 25504 79770 6209 22344 7693 39800 23596 67113 26417 11310 90886 
65 17
55105 28280 12861 60094 14604 19607 24251 25426 86995 44833 27091 21474 5263 67305 8798 68307 4820 
540 13
53691 60822 18078 38610 7011 38143 34002 34760 97597 44378 28357 9196 58595 
413 12
83401 60977 79683 55353 84386 57696 52891 67000 216 35655 47529 22310 
301 7
94744 79331 96074 51772 70854 80546 2385 
643 3
32081 31815 1419 
