208
916 2
5968 87095 
725 5
6905 38189 11226 99433 42728 
996 3
98549 10339 11376 
1251 3
98933 70766 75015 
628 4
53 54187 69639 92851 
78 8
40537 83842 83950 73355 61799 73770 74481 68096 
440 3
66485 82186 92471 
219 4
55501 53779 80701 53775 
20 2
6707 15883 
964 1
496 
1323 2
50464 83456 
151 2
20680 8409 
1157 4
70609 6148 9628 78407 
1011 3
27883 42412 43932 
608 2
66328 97832 
772 4
7484 4263 29956 49845 
200 5
110 81323 113 70364 5582 
843 1
56429 
98 3
57328 15165 35027 
448 4
8134 30650 2996 87282 
592 2
52404 45726 
187 4
50848 11035 91448 18656 
79 3
65784 41008 54639 
48 1
57274 
511 5
25704 84663 60112 71721 12510 
634 2
18849 68723 
838 5
95909 11962 64229 13356 42814 
524 6
95512 17687 56533 21193 40809 33833 
1094 2
48230 32044 
1325 3
39393 29316 63890 
70 1
94510 
355 2
38130 35684 
1056 6
51117 66305 79670 2022 93678 22439 
46 1
22905 
821 6
48465 7497 21714 25543 10668 96429 
521 4
73488 82072 28024 98858 
138 2
37493 21353 
889 5
62202 3984 97917 25136 7549 
437 4
24904 14735 63442 16677 
1030 5
39156 24282 10942 75673 47021 
371 4
4220 9309 20104 3878 
149 3
12831 13369 27203 
857 4
21425 39308 42884 10691 
854 7
3973 60743 18340 42595 30806 84012 71838 
1328 10
36978 68946 98698 87145 18991 46478 58331 90065 89719 30345 
1192 2
62810 81993 
986 4
27525 66946 5780 92836 
918 3
64311 72135 36425 
238 1
30080 
703 1
60983 
236 2
31168 1194 
294 2
58886 76333 
348 1
79440 
208 2
57814 81709 
1327 4
26819 14800 4256 36070 
533 1
21472 
800 3
20978 62999 6008 
739 3
20737 23407 29862 
810 3
54608 6260 70455 
1368 4
57359 88424 24352 42696 
406 2
78425 24385 
828 1
53583 
1044 2
94377 32249 
41 3
33908 53190 73196 
1377 3
77796 25599 42289 
1241 3
72154 97851 89608 
653 1
92683 
717 6
34788 53656 16438 43701 44384 74768 
259 1
82715 
68 1
46431 
1190 5
59520 27022 58726 1320 68529 
1248 2
6558 97258 
395 2
75985 45321 
593 1
59667 
826 3
17253 30666 18977 
805 3
35619 40319 69976 
364 1
3216 
1059 4
69508 9133 75687 66105 
1003 11
50720 33031 3057 21780 15091 18440 32104 21927 6377 26126 21678 
1165 2
29551 46865 
1265 5
89687 56031 47235 7573 50709 
681 2
35354 1876 
921 3
16917 87866 50691 
606 1
34575 
503 3
88764 16897 93353 
520 2
30265 41574 
957 1
8429 
1159 2
73432 74468 
532 1
17697 
1302 8
71658 64589 12232 25000 45585 45754 93023 86778 
774 4
96294 21574 15653 33736 
505 8
47852 11905 37125 549 14791 294 24956 15058 
848 1
52326 
15 1
39091 
802 2
4079 48641 
1088 3
15973 5980 6690 
244 1
19682 
1095 4
53330 54000 58541 37044 
1172 2
4038 93677 
554 2
22743 13349 
865 2
29685 86128 
65 1
29745 
96 2
29600 14964 
403 3
88340 91323 90243 
833 2
416 77692 
12 1
27531 
600 2
39305 76468 
154 1
76517 
598 5
25707 63057 44687 17053 48527 
1209 2
60454 67423 
1200 3
69041 22815 72810 
1308 1
43006 
385 7
97809 95402 5551 54278 50088 99788 6799 
871 6
6613 35008 68471 69387 11250 51919 
312 2
59529 58102 
754 4
19296 69257 36134 60219 
1238 4
70033 96730 34502 39310 
1380 3
56945 37016 96991 
1339 6
41877 14458 96609 2150 74888 73337 
583 3
8012 8167 10497 
1255 6
58292 64708 2510 46091 82831 33478 
88 3
51050 19231 367 
350 2
37639 242 
1049 3
87861 3076 66391 
1053 6
90323 30119 61598 54127 54864 80696 
1318 1
18507 
709 2
13285 94095 
55 1
83910 
142 2
71050 38768 
1259 4
33030 39718 87132 47552 
781 1
19049 
1287 2
93983 44635 
487 1
83068 
771 3
51084 43914 68828 
1081 4
98735 54843 25835 69497 
1397 5
18831 560 77390 66942 57404 
279 3
65191 22391 52681 
904 5
43755 45262 10952 47906 38511 
171 2
95283 89131 
881 3
69848 94861 87402 
834 11
31876 62408 86463 79920 22277 15071 82526 55952 43611 46494 71153 
860 1
3692 
172 2
28769 56732 
934 6
6454 25759 71779 87232 34681 91948 
649 3
92260 40638 35263 
1101 1
10212 
680 2
71245 53973 
968 4
47399 28697 12936 34414 
107 2
66338 17361 
657 7
42011 42873 5939 77185 92936 23662 89161 
925 11
99432 98701 97202 47323 94302 51954 19154 91761 39380 68198 90512 
1300 1
78697 
1344 6
55304 81475 31753 67832 42822 67692 
175 2
55626 53137 
698 2
9251 55081 
283 3
44069 1877 52068 
701 2
36551 11740 
1266 1
73970 
409 4
71185 3462 15821 72849 
370 3
58145 78154 1152 
1069 7
54992 1054 3784 81096 5753 5442 60027 
545 3
99695 61834 92348 
1358 2
42483 87562 
806 2
66957 9420 
463 2
70146 45035 
523 4
27778 43466 31203 51263 
836 5
19573 9946 37946 58520 86166 
179 1
24164 
981 10
37908 51100 92987 87713 67391 53697 16845 26843 80254 15600 
953 2
39224 65046 
862 2
57529 56116 
248 3
87656 48325 89506 
482 9
56151 31365 77127 70692 23928 55181 10396 79820 29375 
157 3
1544 42146 60552 
585 3
9332 40397 8566 
237 3
15461 26399 910 
761 7
87891 78900 83740 2393 66117 90310 40175 
597 2
42059 32418 
199 9
16746 39038 71294 38851 88434 73625 94509 7013 99650 
963 6
28253 81779 94745 67679 51286 97776 
909 3
74653 50546 48700 
186 1
79826 
1036 7
71001 54146 61565 82175 87806 23653 66336 
304 2
62115 62432 
673 1
71209 
57 2
94 75034 
313 5
50413 70307 45215 75037 30953 
1210 2
16228 19834 
615 3
30556 38576 56399 
280 1
64391 
783 1
48221 
632 2
65847 34886 
691 2
59661 19121 
1307 3
67443 50854 97109 
626 5
50564 78278 95934 66794 99420 
326 2
47562 5838 
19 7
19552 75328 74307 67871 17101 34256 11135 
1331 6
31057 70740 82686 62940 11448 84107 
803 2
74728 43934 
785 2
50087 1579 
1042 3
47756 20632 86471 
391 4
85093 10464 96564 50071 
856 3
7579 58914 79844 
1274 2
56766 8449 
819 2
83999 91722 
980 4
92691 8918 53389 32568 
546 4
20018 28964 5800 68983 
970 7
86416 94884 87102 48241 16217 6409 78257 
