265
9237 10
51718 50543 41301 44841 44774 70270 15522 1401 26598 25698 
4794 10
51562 47122 72400 69908 77175 77006 74446 10726 17131 4104 
7749 10
57876 55031 75958 73805 64070 12339 12419 1590 6819 36426 
11100 9
52195 49386 74895 14100 13449 1199 8307 33658 23084 
3841 10
58307 57512 55241 70775 70465 15897 1844 7422 9323 8823 
8980 10
54252 53659 70648 68521 77276 75330 17533 18956 9397 20420 
2182 10
58013 42373 43948 74173 11962 18856 18560 7449 21310 27975 
678 8
54557 43509 48388 62476 59656 1904 5176 21721 
1669 9
55903 69855 73261 2001 6886 32111 31107 20404 27472 
2080 10
53669 41041 46514 59786 12246 18346 15753 985 32919 33396 
4614 8
48982 42132 46870 47165 70344 17415 1918 1479 
17180 8
47108 47624 59027 13745 975 22079 23466 21125 
22568 6
50031 43212 68338 8504 33384 27473 
24095 7
40830 67649 64161 1824 1302 31341 25310 
10204 9
50513 42232 68721 66059 67284 15666 16856 1743 29927 
16503 9
51116 57416 54285 71305 16916 2023 6573 19580 24377 
25455 8
53253 40901 3852 3714 472 370 37900 26107 
23704 9
46013 77009 67322 13762 18112 4845 22627 20313 26779 
25843 6
54846 41832 43825 76100 66236 9414 
24790 7
41930 40486 62887 62097 63582 10071 4064 
4027 7
41517 65401 2449 4464 2036 9119 38710 
10848 9
41928 43736 39310 72139 74518 65451 7193 33456 25930 
5451 9
68849 69966 66640 63743 12270 11414 15505 5608 30112 
16147 8
51727 50155 54010 74005 14485 15050 7965 26055 
9368 9
51170 42989 46445 63529 13649 4236 7278 22816 21011 
11134 8
50166 50430 45023 73737 73441 15802 2468 34689 
7918 9
54938 69321 18774 16753 33179 23079 22305 20651 25203 
23940 6
52659 44547 68099 67061 18444 16726 
1795 7
43824 14740 16656 7776 6120 37614 35659 
14334 4
58815 11140 15964 2585 
12356 7
49044 50558 54265 71330 76628 10166 18235 
18581 7
49408 50236 67934 67893 10009 11000 34562 
9931 9
50042 57675 70534 2904 653 1495 4892 4889 22949 
12082 3
47989 76369 24658 
22544 7
40716 71478 10745 1521 8407 30873 35931 
7899 6
67585 10326 3979 37379 35031 22533 
27060 7
51845 71850 61078 62182 4381 21751 25111 
6185 7
58670 66564 12945 12280 17266 2218 32476 
3636 6
54725 42825 73649 9872 19141 31939 
6147 9
55151 46986 74080 68024 15160 3209 33128 31059 23532 
4399 4
43630 8866 37153 28280 
17379 6
51073 56464 77639 9960 31323 37887 
16369 6
42529 64297 16159 2263 26280 26113 
11094 5
74006 14007 8584 37631 35616 
17579 6
69726 58573 14672 1189 318 29974 
23199 6
17697 2471 4410 29653 22504 24011 
18942 4
48978 10753 15418 19894 
642 6
69644 64106 2546 5139 30556 20825 
27245 6
53362 40140 47995 60702 6181 6428 
2224 7
51576 56925 70390 69911 15330 14802 4900 
4908 7
50046 57395 42190 73612 32167 34294 22868 
4690 8
53252 51001 57556 54214 2475 8053 6807 19663 
458 6
58088 72396 75317 62823 66766 4035 
11626 5
45683 72199 75096 65986 4710 
10897 5
12152 15455 33502 32905 26563 
10156 5
50095 71838 73140 13670 29056 
3600 6
44621 59113 13437 11732 11147 5871 
23407 3
69221 19008 31331 
1651 2
62999 20762 
9553 5
48451 70497 73201 13886 7063 
4281 6
47313 45407 74032 73477 7900 29906 
424 3
35393 23867 21165 
1475 6
46338 70679 63111 11681 17721 1884 
7928 4
41298 73680 16605 22976 
23662 4
64360 33172 37861 38023 
9213 6
52254 56764 42069 69779 12839 11608 
16822 2
75648 21469 
24227 4
56412 76310 77494 38088 
19233 6
50229 75439 3667 38608 19954 26743 
8628 3
58071 55321 14945 
4839 3
1723 31970 24134 
13867 4
43534 69295 5182 21661 
15862 3
56589 58190 72766 
3611 5
45067 70780 74513 94 30809 
1889 6
52980 68476 60676 32993 35838 21854 
20081 1
61640 
4974 2
61572 14451 
7268 5
76038 12322 677 2212 6679 
24831 3
65796 66210 31745 
7874 6
54940 13248 15180 29209 22850 20239 
5532 7
51506 43037 43826 58910 4138 31761 37370 
201 6
49248 321 2098 5443 34450 20378 
6753 6
41615 69429 61257 62251 1219 34440 
15923 4
13162 3961 9391 36023 
1923 4
52190 59308 18302 8564 
3590 5
59583 11021 11493 38173 35387 
2680 3
71219 63589 1144 
17800 5
41911 17176 19026 30919 22611 
19370 5
50533 61422 14635 33795 21891 
21244 1
61656 
5165 3
53360 8433 31289 
1383 2
49096 67132 
1378 4
49855 7624 37514 36659 
2320 5
49582 44826 15645 16249 33515 
10413 4
68589 10860 9678 25750 
20881 3
66234 33908 30890 
8493 5
68469 59185 65006 914 27256 
27048 2
16501 29726 
7660 5
39217 47318 11386 32013 34853 
5168 4
55004 47564 70265 4901 
11452 4
74158 63170 8771 35888 
19260 3
33702 30373 37595 
1431 6
72847 74160 2765 2300 8241 26109 
1108 3
7803 6235 38220 
14513 2
50003 68146 
400 6
44830 70796 17541 33661 31088 20807 
11199 3
5693 30286 38867 
8742 4
47085 71866 65377 24121 
14828 1
24416 
8001 4
12966 32404 37748 27961 
509 3
49941 44583 9219 
6628 5
55126 68775 22537 20387 21277 
25453 1
71233 
19681 2
46627 6748 
5322 4
49823 42191 16500 30618 
1722 2
29240 24288 
4174 3
70467 34926 34706 
2095 3
75936 60999 34898 
8852 4
53154 49302 39163 59373 
4550 4
65668 17490 6115 20577 
24722 3
44176 17568 27190 
5142 3
30801 35972 25770 
2217 3
480 6631 27100 
372 5
44468 59761 3582 37440 27332 
5249 2
50978 76228 
4482 3
50640 5654 22278 
2474 4
72863 58551 58816 3215 
5658 2
71965 66748 
834 1
9774 
17813 1
67205 
12775 3
59997 12681 10206 
5616 2
58277 12069 
5997 1
76106 
24735 2
50509 77200 
3354 2
60338 29857 
3970 1
27610 
66 2
2383 31309 
505 2
54374 31945 
4072 2
32388 34506 
11110 4
56821 8403 34774 23562 
5394 1
13168 
3955 4
16340 36610 21771 20736 
16268 2
41472 71067 
23475 1
18459 
8225 3
64528 33466 35238 
3778 1
15099 
2671 1
57136 
1491 2
77621 67044 
657 3
56968 37785 21079 
1385 1
74629 
5395 2
49348 3350 
2847 1
20424 
2170 3
55575 72281 74862 
7721 2
11585 38434 
7346 4
40173 68261 10116 7730 
13533 2
50090 54914 
26481 1
7046 
4425 1
31832 
12288 2
29611 36879 
21223 2
50975 60906 
21502 2
51952 54669 
9382 2
74703 21817 
21315 4
61571 66042 14839 15141 
2568 2
50110 2724 
123 2
47280 36599 
4042 5
42528 17287 33710 33095 31529 
767 1
75567 
11129 1
56165 
8803 2
62703 22299 
2971 1
6997 
8358 1
77377 
27166 1
14371 
5312 2
61490 25287 
6621 2
64619 37651 
99 1
14022 
25257 1
35552 
10038 2
9203 35578 
2989 1
46148 
1509 3
68793 3865 35561 
7362 2
4073 36361 
2556 1
4773 
5481 1
8971 
9717 1
58031 
7640 1
71060 
4812 2
74958 35910 
2078 1
8439 
11486 1
6572 
24541 1
61825 
6222 2
40324 32015 
1290 2
50616 36909 
6758 1
40375 
7585 2
40285 45510 
5977 1
47459 
3870 1
63390 
2653 1
75416 
1851 1
61826 
10357 1
9252 
9809 1
20501 
470 2
76428 66086 
11688 1
67911 
5171 1
4417 
1334 1
29767 
10163 1
37324 
17066 2
62123 21276 
4522 1
5996 
522 2
58518 25767 
26531 2
42379 19925 
3747 1
73760 
2277 1
17134 
2067 1
10228 
8676 1
8190 
5216 1
51673 
5611 1
55917 
4786 2
49094 75574 
17838 1
21051 
3448 1
61008 
235 1
25645 
2275 1
31725 
597 1
32550 
1493 2
44904 29525 
4355 1
66152 
15540 1
36933 
9218 1
49912 
16272 1
20826 
2016 1
50710 
8793 1
74982 
11690 1
24208 
3340 2
18048 22384 
8930 1
68604 
8215 1
44592 
10803 2
57201 14086 
890 1
34656 
446 1
17895 
23003 1
27306 
10875 1
68621 
4957 1
53863 
2381 1
75143 
10454 1
73647 
10436 1
32063 
590 2
71040 15245 
10061 2
43641 35747 
17232 1
4420 
3824 1
16891 
13856 1
67180 
21371 1
52730 
2062 1
52231 
4507 1
9125 
3235 1
30713 
18301 1
55481 
26743 1
29808 
4506 1
64295 
22952 2
73652 66246 
430 1
25355 
24594 1
7160 
6312 1
77799 
21094 1
64018 
25487 1
41607 
3382 1
20655 
4142 1
503 
5096 1
33435 
18171 1
9852 
4642 1
16513 
3867 1
76230 
9177 1
66532 
1982 1
9208 
