148
3058 1
34326 
5156 1
35779 
3968 3
58117 4097 78471 
3473 2
20848 15678 
3021 1
72193 
2680 2
5818 43010 
5918 2
69816 74372 
3561 2
13526 76599 
3225 1
13322 
610 1
22678 
491 2
45190 69276 
2143 3
40933 60352 24894 
2394 2
39156 25562 
6260 1
68249 
2738 3
71294 71388 76378 
3647 3
75702 7842 7782 
5553 5
39900 46798 61082 68802 16006 
1032 2
33703 28129 
2912 4
4044 39106 28088 11373 
3581 1
36538 
1966 1
41128 
4716 4
36388 49704 67048 78919 
5048 3
3128 48143 32059 
4774 1
72416 
5435 1
76660 
5486 2
45019 38841 
3779 3
74984 46669 40808 
2796 1
62903 
4085 1
71727 
5348 2
68433 24202 
4119 1
30309 
2224 1
28472 
5495 2
13782 63946 
4328 5
45785 14820 14406 31431 42573 
141 1
65953 
365 1
9275 
2076 3
56114 61820 69013 
1791 1
45680 
110 1
41608 
1308 1
15995 
3038 1
55623 
2329 2
5520 41367 
2364 2
38701 68704 
5588 5
1364 44732 25461 70125 15635 
3165 1
15808 
639 1
49945 
5572 3
15793 27737 38105 
1468 2
60313 13694 
1657 1
78892 
5438 2
23290 52982 
290 1
35027 
3349 2
63372 16870 
565 1
74742 
1262 3
77298 2124 43252 
3172 2
40078 17545 
781 2
29709 54908 
5167 3
18570 29662 17616 
2939 1
43049 
3053 2
55475 13252 
4131 1
75474 
468 2
27436 47031 
2110 1
32462 
3384 3
1203 53000 24421 
2668 2
53652 19458 
4778 2
18430 27829 
1402 1
55873 
6047 2
27678 55893 
1312 3
75829 41656 30059 
3076 2
36725 75767 
5734 1
6389 
3852 1
5460 
6159 1
49913 
4241 1
47576 
4697 2
61714 71325 
2986 2
37959 17390 
4700 1
50290 
2478 1
68123 
3920 2
21984 70061 
5272 1
10586 
1695 1
19359 
1170 2
78258 55760 
6201 2
78056 2818 
169 1
26167 
3845 1
55008 
6000 2
62402 47438 
4760 1
70820 
3378 3
13687 9678 9383 
2182 3
50117 56723 19155 
63 2
6228 27714 
3381 1
70025 
3388 1
2785 
6144 2
55173 60709 
3862 1
40240 
1357 2
19530 39504 
6010 2
51453 65387 
808 1
13632 
1366 1
63260 
2951 2
59109 35344 
3056 2
38182 48575 
4342 3
5867 21982 69798 
2855 3
33586 32922 62747 
1689 1
75376 
1799 1
71972 
5568 4
60209 13664 71419 35819 
5352 1
1550 
4795 1
20555 
1502 1
27482 
2515 1
66233 
3097 1
19382 
1993 1
50439 
3310 3
20111 73709 15744 
3885 1
50020 
3197 1
17206 
2153 1
33351 
5364 2
24433 26917 
4701 1
32982 
5516 1
65551 
5006 1
2976 
6196 4
59070 3311 50420 35402 
1444 1
64712 
3616 3
57461 76339 77183 
2315 2
65245 40990 
3558 4
74247 33054 31029 69561 
2643 1
38382 
4734 3
49311 53542 10443 
6017 1
24802 
1028 1
949 
2102 1
65935 
1336 1
29216 
4263 1
28504 
5332 2
26753 42067 
314 1
75667 
5567 3
41203 68505 26923 
3448 1
48141 
4900 1
24444 
2480 2
42841 23308 
3967 1
18429 
5047 2
36353 61859 
624 4
18699 26397 23028 20368 
5691 4
15646 28253 64647 5237 
3983 2
78292 57825 
4051 1
61931 
4038 1
56697 
5721 2
48209 15792 
3258 3
40087 77169 54668 
1709 1
35974 
2963 1
33275 
2294 1
66683 
