129
1928 6
13575 7769 59716 9081 94790 82318 
1934 6
98420 51582 49409 92725 69920 20207 
3231 5
77812 81110 96952 63618 82042 
1214 6
601 70112 34764 86216 52614 29135 
2619 5
10762 51882 22987 28122 77352 
2182 3
9744 71864 36438 
1387 7
33964 58434 82214 25346 7848 55309 48710 
2123 5
34968 52464 84261 93281 39952 
4622 8
67681 98419 83564 1487 10916 54273 83692 87024 
2690 4
66370 38814 17405 43490 
4569 8
24463 93351 98452 3655 5858 11079 52834 87030 
1298 7
52948 4683 39831 12192 5785 8019 15386 
1437 5
56210 4976 28149 70439 8818 
2419 5
30040 53118 2635 70486 12459 
976 6
87633 95190 63889 11628 30795 3343 
1181 6
22039 37902 10896 37634 29852 39189 
843 4
58243 31208 64669 19805 
1708 4
70622 35981 85978 16160 
1882 5
6704 66477 53563 89894 32392 
534 5
47677 24672 58360 32237 2384 
343 4
40614 52864 60598 79510 
2500 4
15436 74845 53877 75942 
1963 3
56585 37368 98947 
3227 4
21311 81079 22638 89774 
1266 4
41852 82860 38534 14175 
3083 4
16671 59178 46168 71813 
4724 6
5744 86394 31197 41619 43022 83753 
1359 3
3515 18652 3316 
4635 4
21095 1810 57059 63494 
1766 3
12010 3568 20625 
1238 6
7359 36132 48203 20271 635 90079 
5125 4
30161 64482 89131 23443 
1018 8
52876 42600 91961 96479 69947 42952 76208 44689 
4618 5
82355 99458 18087 48720 26477 
1788 6
95134 77404 80042 22757 774 96799 
4535 6
21141 41061 78126 75965 46649 94002 
4798 7
69644 36615 82964 11455 47361 82405 56997 
3748 7
32048 64314 94078 49921 79132 60967 36010 
2868 4
72606 23312 540 12640 
1117 4
47858 81457 29419 9644 
5313 6
8263 79423 18444 91557 50081 86108 
2304 4
62501 97563 9842 9048 
1032 9
63038 12885 68799 6549 54883 92824 39081 9041 45071 
1221 4
62717 80902 34273 28528 
1407 6
23554 96151 89981 34668 44312 70631 
3625 5
17053 34871 5166 22564 493 
4857 4
26117 87845 98535 99120 
494 4
22048 10398 94936 87089 
231 5
65569 57404 9591 13567 3465 
1128 5
6183 26345 24553 69147 84079 
2567 8
45366 22106 85601 75793 29572 31082 18322 31785 
2217 5
68337 31054 30616 55328 85962 
2077 4
37763 73280 68563 96283 
54 3
37461 17565 76406 
689 3
72455 87258 50288 
2501 6
17436 5986 44092 27124 16931 7763 
2528 6
48842 60847 78308 68800 62154 77409 
1596 4
8578 19415 13939 17861 
558 7
3692 76234 33741 58035 35164 46513 71124 
4589 5
75941 41588 48199 56645 794 
2095 6
25833 35652 71043 27247 96509 52355 
137 4
9892 36094 33806 93272 
2902 7
69188 48026 27362 54802 63343 42408 56178 
305 3
99264 68833 17576 
1986 6
92699 24864 49238 31885 11560 19725 
1314 7
95525 63683 67900 97978 76294 83783 54261 
1257 5
97342 12765 80702 72109 18158 
1810 4
42278 43714 17502 8903 
2471 3
36408 84752 98112 
4360 6
79756 19559 99481 56191 81122 74407 
616 5
61732 77090 24683 74922 309 
1305 5
81871 62595 1336 21750 52910 
1401 3
31402 76264 43564 
884 6
55242 96978 92817 86598 14579 31566 
934 11
8380 20257 65740 93610 35255 79604 88094 71672 41133 76828 37795 
1850 5
20402 33664 54632 12879 48846 
1956 3
66050 42721 7980 
1785 6
64495 97080 93362 80141 84649 13899 
3660 4
20571 76911 50285 63048 
1940 5
49981 96144 27490 32430 98095 
4031 5
78113 69556 46975 16347 10464 
4232 4
38022 32822 8351 48097 
3222 5
54056 19663 27200 25247 59948 
2857 4
22388 71603 71482 19653 
1045 3
89428 92062 60740 
3589 7
42207 89317 2125 45030 34692 62514 59771 
5183 5
59034 83928 17631 38221 93914 
1324 4
68373 48957 32747 19142 
851 6
82838 70504 80696 28057 42178 37758 
628 2
19830 3019 
2212 4
1178 28309 58006 86903 
1109 6
29645 5090 20177 25089 2920 43180 
1795 4
702 38124 58555 69623 
1723 5
38766 35265 55919 81223 73229 
716 3
2765 26312 3434 
1831 3
17721 93725 87183 
1222 5
53845 31771 71905 51285 69719 
2565 6
91084 39185 70973 71449 4900 91702 
2655 4
90606 45758 87732 31906 
1352 7
7323 57626 60262 64892 19689 94276 47020 
2580 4
2241 88839 53132 76073 
1979 3
72459 6343 73876 
2688 6
52753 93100 23948 50208 97494 2431 
4040 5
50353 66691 62782 25761 61473 
4263 4
24508 24325 39737 7270 
313 5
66321 81295 1220 62899 87547 
89 5
22592 45221 26826 98472 19526 
4156 7
79498 67554 89487 46674 69714 58584 34458 
1853 5
64406 96602 37943 23038 36831 
3122 7
15278 35696 55173 98151 91040 82730 75134 
2872 5
54569 88626 26768 57826 12016 
2262 3
3383 44694 57102 
331 7
70932 91127 18674 27356 74526 60784 51084 
992 2
53670 5411 
4453 5
83268 94285 18434 4734 32808 
2413 5
72355 27347 78518 87627 20814 
2747 8
6119 77083 18024 78835 3635 77116 68214 26168 
384 3
36485 95185 85760 
392 5
20742 13341 6712 21738 47305 
3982 5
35990 92790 2248 71799 67415 
3139 7
78246 52710 51906 69974 66402 34750 3924 
4856 7
93280 28460 22478 7234 46794 23868 19105 
954 6
30212 2503 10687 79159 34880 52113 
1433 3
54678 68509 71250 
660 7
16999 22178 88844 20269 64752 35529 60688 
1211 8
75157 11842 63894 80906 14477 86180 37527 73955 
4314 7
47431 84186 22458 61079 9448 77997 85291 
2571 6
76168 52888 9017 97825 38393 50356 
3701 7
66007 78811 4660 59159 36857 4762 61016 
