221
6481 2
92325 55766 
6595 3
69200 97055 84942 
983 2
78197 82829 
6866 7
82097 43785 88055 96260 46467 52168 47045 
5267 1
78724 
1335 3
46056 51387 14754 
574 1
83956 
5001 1
9738 
2781 3
43699 400 87138 
4585 1
27964 
476 1
64409 
5281 1
84194 
2899 1
81754 
421 4
75946 95591 3372 17512 
7282 1
15201 
5463 1
86997 
909 1
9138 
6946 1
12654 
1351 4
34640 31868 88642 67930 
4683 5
85589 26865 26761 35228 24949 
5422 2
71864 47188 
3494 2
63241 46734 
1580 2
14185 22434 
5798 1
80103 
1465 4
36303 84324 90190 22973 
7808 1
63383 
6764 1
5298 
7192 1
64871 
2317 1
99721 
3432 3
88285 94315 409 
1648 2
53651 25100 
7639 2
57022 30555 
643 4
88808 4617 4851 73614 
2774 1
7642 
6750 1
93913 
5262 2
14921 49989 
4989 2
28560 79872 
5507 5
89574 39601 22118 56163 89073 
4997 2
67913 56449 
7022 4
62359 25283 8291 25414 
6600 2
69827 38363 
2658 1
47006 
2220 2
36285 16915 
2442 4
94071 81953 55606 4289 
7705 4
71328 29311 78791 63051 
2540 2
7621 18583 
7514 6
88689 81123 48914 73539 70617 31129 
3038 4
73040 26893 6997 82447 
5336 2
38314 59872 
4168 1
45013 
7186 5
40809 13011 16750 15636 39885 
2480 2
52417 99920 
6909 4
45785 4339 33103 13080 
3832 3
79652 7372 82314 
7823 3
60701 29078 28029 
227 2
32483 48115 
6696 1
23303 
7849 6
56305 35944 47589 10465 38651 42048 
3331 4
42387 32089 65364 13220 
2927 4
68865 71103 12590 36617 
6717 1
61112 
4346 2
57750 23322 
5929 4
98164 19370 11166 64552 
5977 2
54400 62054 
6588 2
42737 83805 
5042 1
87414 
3250 4
96268 82610 76411 23930 
6715 1
38373 
283 3
79417 56130 35160 
5581 1
59722 
4300 1
97458 
2896 1
470 
7838 1
13637 
3240 4
46436 36010 11374 70667 
3437 3
874 915 52057 
5716 1
78507 
7000 1
77915 
7521 1
41072 
3436 3
36147 94259 17497 
5894 3
65870 42828 61081 
7893 3
39981 17558 63815 
2501 1
35333 
1409 2
87216 80633 
7296 3
27934 38545 66045 
2972 1
84287 
7493 1
41768 
2179 1
94442 
5830 1
51392 
7444 7
82346 13050 28763 96084 77952 3979 68492 
7904 5
82259 25916 48787 55021 36693 
4481 1
82746 
2712 4
71933 14635 29454 96021 
6096 2
32965 76245 
2122 3
93471 14864 97655 
2517 1
86209 
154 5
17639 59049 94617 13136 72610 
7386 3
43929 16535 33245 
6642 7
56898 52207 94980 95874 90860 58576 95430 
731 2
83385 48512 
6342 1
68031 
2539 2
4081 13038 
701 2
35679 61802 
6638 1
63013 
4925 1
22197 
3025 5
27579 73370 18882 800 58976 
4775 1
43514 
1188 6
28418 67146 60655 90906 7395 40773 
7545 4
1119 67584 63943 98880 
5528 1
18414 
2483 1
95048 
7601 2
76500 26820 
1148 1
11950 
2632 3
74673 25926 46241 
3998 1
479 
7270 1
57733 
3994 5
37969 82026 63995 37493 39708 
6462 1
77943 
2649 1
63572 
6768 4
50177 13967 87290 21527 
2472 6
55788 68891 14764 59605 64558 78351 
4042 2
71786 73577 
6856 4
24591 97348 82639 80420 
7646 3
46723 83092 38487 
7580 2
79221 46000 
6989 5
77553 96025 13308 97471 91500 
4391 5
70053 12696 63287 78185 27926 
2978 1
79017 
5515 3
95123 49676 95677 
2618 2
11761 18261 
4608 3
63130 19735 90440 
4891 1
3682 
3517 3
84991 34470 79194 
915 2
90174 92517 
6972 1
24764 
4071 4
18443 85999 65717 17084 
20 2
14838 69099 
5051 2
77920 26974 
4014 1
20473 
5003 1
26888 
7517 1
36337 
2725 1
45410 
7729 4
34293 37938 52244 71121 
2991 2
45085 17155 
639 4
54391 96807 68618 29918 
2509 1
14349 
4229 3
34990 3014 81475 
4490 3
84187 8592 86403 
2707 1
80805 
1337 1
88714 
5625 4
83706 68447 58038 28889 
3987 2
61142 7610 
1200 2
71264 43248 
4638 3
13072 45820 29173 
5364 3
97012 13120 72777 
7142 3
34301 14197 45868 
2383 2
82406 39681 
6145 1
22687 
6868 2
66909 63315 
7419 1
29750 
339 1
46733 
5226 2
79359 14874 
6268 1
77093 
5883 4
41936 95426 51276 55253 
3236 2
71685 65255 
2810 4
49660 56100 20256 75417 
3305 3
55246 19859 59620 
6389 4
17090 56677 56962 29189 
3252 2
10437 85650 
7897 2
28842 57922 
262 1
74817 
1048 1
77984 
3577 3
52297 14772 81849 
824 2
59172 30426 
921 1
86250 
3851 2
11989 23082 
3125 1
81749 
4433 4
92504 66620 57843 63 
2246 1
86085 
5225 1
13649 
2732 3
84614 83362 84659 
1396 1
31950 
246 2
8380 71298 
5216 2
62210 97121 
6358 1
76580 
4186 1
48784 
732 3
36767 95299 89587 
5537 3
8800 39171 89998 
3284 2
16099 55170 
3301 3
61634 42231 40635 
2669 5
20602 75115 12653 58832 72393 
7877 2
93837 37422 
1560 1
79902 
430 5
34187 6134 92764 52187 86993 
742 3
88650 41107 74714 
3020 2
24614 6254 
6773 1
84564 
7451 3
67482 71484 6027 
5476 1
59463 
4750 1
50063 
6822 2
39683 77873 
6581 3
61973 29416 43875 
2572 1
25412 
7743 2
86122 59756 
852 1
18607 
6931 2
72369 83809 
3479 1
78996 
4010 4
99074 63451 99771 71073 
378 5
37516 34259 57199 55285 61123 
2819 3
59269 39456 21180 
1854 1
23000 
1063 7
24159 30122 73636 44716 36410 75704 21318 
4033 1
8758 
2376 1
23031 
6677 1
40393 
2083 1
9104 
939 5
12223 88881 37910 48641 85702 
1313 1
37191 
1130 3
95050 33362 96608 
5494 4
41897 64968 13271 39035 
6434 1
24144 
5254 2
57108 14732 
