112
254 2
6021 5990 
6838 3
16381 7244 37550 
3220 2
48774 15326 
233 2
37685 28447 
419 2
42135 18312 
8091 2
25387 9908 
5154 3
33992 50059 8735 
5729 2
6383 39797 
743 2
13684 39007 
2044 2
12456 10374 
3176 3
29667 35139 29061 
603 2
15654 37427 
6685 3
29225 32710 51268 
11589 2
38128 12576 
1180 2
803 27590 
8733 2
35358 40565 
4029 2
34206 6381 
1793 2
16161 42980 
12396 3
48562 38564 20198 
12000 3
2448 37032 47958 
7727 3
4792 1082 12120 
7778 3
27166 12070 24709 
9643 3
44195 10845 3833 
1448 2
5881 19009 
12290 3
28099 39761 49550 
987 1
29443 
2066 2
2282 20165 
2060 2
16334 24974 
1325 2
41943 3013 
7871 2
22332 40371 
11039 2
40689 8605 
620 2
38243 7826 
563 1
599 
2148 2
42553 42741 
1186 2
13678 50890 
1412 2
47374 3199 
283 1
17864 
9585 2
48196 17675 
375 1
34683 
7565 3
39403 24084 19871 
238 2
28214 33228 
1639 1
17718 
756 1
33842 
85 3
37479 19392 24529 
814 1
20200 
1790 1
39749 
11724 3
14878 37023 49626 
1183 1
50812 
1718 1
47472 
9834 3
40698 9004 52182 
1011 2
7484 21263 
6150 2
22595 16494 
1528 1
5947 
9558 3
34366 18543 48534 
12060 2
40527 7810 
194 1
18833 
2032 2
15797 30542 
10889 4
30318 4444 36701 14988 
1865 2
20360 10015 
62 1
10144 
1642 2
3882 889 
590 2
31280 42588 
2410 2
40520 32774 
12338 2
27514 3254 
12753 2
40933 13917 
6133 2
3404 10635 
1910 2
27591 10949 
2149 3
17584 26533 20559 
10027 2
14560 7696 
1320 2
6 39589 
1612 3
6858 32289 39398 
1917 2
14137 6339 
12374 3
27526 41209 45827 
2677 2
20651 14846 
1252 2
51125 11605 
10748 3
36064 27914 40496 
59 1
2624 
10693 3
15305 16434 52172 
378 2
35550 27729 
388 1
36560 
614 2
40716 12438 
5900 2
9257 23407 
1918 1
11032 
6405 2
6924 14354 
11068 2
18541 25152 
11137 4
14212 31650 26669 44930 
6129 1
50678 
13125 1
19075 
340 2
31344 29005 
9139 2
16466 47551 
1559 2
8248 3549 
1445 2
49950 31614 
670 1
18706 
2509 2
10486 47925 
2056 2
27279 27146 
7499 2
12680 19223 
5383 3
26548 5715 52180 
1243 2
45548 17346 
248 2
46640 35471 
2169 1
11908 
102 1
16081 
1936 2
41472 49234 
1676 1
7285 
7698 3
48613 47299 7069 
1003 2
49092 19512 
8151 3
34628 25918 47818 
2224 2
21185 3442 
1537 1
24683 
922 2
41332 43290 
5476 2
6229 23909 
7867 2
9087 23767 
658 2
11200 29339 
