135
204 1
78836 
2093 1
35233 
3007 1
37686 
1151 2
56119 59532 
4612 1
3932 
4436 2
65855 25822 
4262 2
35765 80131 
1175 1
60878 
4646 5
22407 77409 98630 96342 1351 
2628 1
14263 
2939 3
46946 72682 1601 
4060 2
25253 80364 
3244 1
58239 
370 1
31396 
4579 1
78797 
715 1
98224 
3578 1
41226 
2762 2
50898 44158 
3427 3
73640 91136 87996 
2126 3
48408 83220 36247 
3808 3
45622 54434 19268 
248 2
3697 97189 
3047 1
85432 
970 3
21598 63621 59710 
2818 1
66172 
4184 1
33785 
3519 2
44850 6917 
1361 1
97344 
4019 3
44765 72948 96846 
3236 2
59160 91022 
4571 3
14540 81583 61589 
1661 2
93062 96117 
1537 1
14940 
2861 1
64439 
1241 1
74534 
2825 1
72798 
3645 4
62934 4667 35962 35336 
2652 1
27854 
4251 2
66632 11014 
1092 4
80967 12202 92305 18371 
3129 1
45171 
812 1
31549 
308 2
6811 41471 
4490 3
70939 98625 22962 
3550 2
16304 62020 
3472 1
48511 
2620 1
9751 
3206 1
86702 
4353 4
31601 80595 9936 41675 
3898 1
49514 
4577 7
25592 40519 65380 85720 36195 52523 84428 
2677 2
3205 81144 
1863 2
66501 85993 
1488 1
94099 
3896 2
48652 74519 
200 2
40956 63516 
4447 4
43162 75535 57810 19287 
4041 2
88005 63946 
1860 3
92914 19524 83558 
585 1
44673 
4189 5
16798 81281 38102 40143 62200 
561 1
49634 
1516 1
79109 
3417 1
54790 
1021 2
25255 3473 
3745 1
96434 
683 2
46330 49854 
612 4
73099 44315 91961 24024 
3461 3
60201 15805 28703 
3669 2
12272 53002 
4085 2
55348 14553 
3847 2
16058 32331 
4157 2
441 94020 
2621 1
55293 
1036 1
26883 
2005 1
65757 
1623 2
2001 39312 
23 2
8585 33537 
3409 3
56318 27662 88192 
4007 1
68864 
3370 1
65183 
83 1
40668 
1784 1
80110 
525 2
96852 5295 
2558 4
67529 37139 24839 44602 
216 1
39947 
297 1
24770 
3790 3
20173 59832 77957 
4174 3
4147 16390 87778 
3999 4
26080 60218 89983 54319 
3113 2
27651 71834 
2964 1
95127 
1632 1
50453 
311 2
86407 17754 
2381 1
43401 
1301 1
99324 
3862 1
17115 
419 2
49108 66497 
4198 2
75007 17314 
4593 4
21480 93525 16588 11599 
398 1
75969 
3165 3
75177 14628 28900 
3731 1
34136 
1507 1
47242 
3568 1
85466 
1907 1
51881 
1687 1
8178 
1822 1
76238 
3672 2
82226 34101 
3642 1
86034 
2122 1
96225 
4091 1
1826 
4086 1
29054 
1295 2
28573 7474 
1705 1
63456 
569 1
83778 
3156 1
80767 
977 4
82760 10742 33796 14359 
1480 2
73401 62828 
2947 3
46342 75707 36220 
2115 1
85176 
2586 2
71142 515 
3054 1
94286 
3279 1
86228 
2850 4
43412 108 97923 66189 
2880 1
38182 
3774 1
78301 
2227 2
91525 88047 
2050 1
27343 
4043 2
74058 12467 
3673 1
28106 
1391 1
93750 
3539 3
21969 74495 26382 
515 1
124 
3057 2
35142 15371 
