185
4683 3
99036 15277 77860 
1881 4
70508 56142 17483 13792 
6140 5
34825 43205 43686 75982 48118 
8338 5
90312 52139 87386 47166 93365 
4667 4
54038 28786 55007 99521 
5914 4
75972 61546 70533 29674 
3121 6
89559 8628 41471 39478 93705 43466 
4190 6
99999 29601 83407 38654 67082 2704 
1319 2
37087 33995 
2870 3
66988 81434 14650 
177 4
13140 373 30376 89833 
3399 5
56618 75416 41184 56680 12824 
584 4
9803 96029 96671 68369 
8344 10
13030 65001 22864 7260 91413 35607 63268 42183 28420 24337 
8061 7
57518 38692 8991 95974 18365 14565 63461 
7751 3
42651 26596 57273 
641 2
3428 87254 
8058 3
27832 93843 89764 
4779 4
26906 93983 40587 18016 
1106 5
66343 85782 93276 48575 52445 
977 6
66441 36545 48317 14071 88763 78646 
8068 4
72913 27088 94499 29438 
1466 3
80443 99588 14546 
7995 4
73397 9752 38585 88283 
1233 3
26910 67031 5875 
8629 4
25619 8733 24060 35528 
9376 4
85303 5448 24281 8746 
590 4
68641 53637 80879 92534 
3666 5
78869 92332 97311 66562 81738 
7672 3
49068 98872 52914 
3120 3
13261 31096 92981 
2293 6
94597 64290 73824 94264 43472 66521 
4851 2
56879 23812 
6800 6
69277 44896 43299 41990 88050 25531 
5966 3
30474 68449 50637 
9259 4
54646 96893 30057 85477 
8210 5
55067 32072 8282 34687 22800 
2283 3
45022 23984 32298 
7993 4
60886 33883 1562 59387 
6129 3
98253 70280 33954 
8056 6
20112 84826 490 70137 58749 94438 
7395 4
1370 76861 81874 30079 
340 2
26449 22242 
176 4
69731 93222 49560 98630 
5790 9
52319 28691 68092 49040 75195 73708 97712 65097 28968 
8969 4
95658 47478 85294 98964 
4370 5
23033 50094 80789 25804 5023 
2298 5
73365 60214 11953 58108 11577 
6739 5
48133 58147 62433 45183 48683 
9285 3
77712 82210 39904 
3718 8
26814 89115 9327 80072 78406 78731 45276 17010 
1624 7
22018 55228 62721 44366 77981 62346 5379 
614 2
69775 45552 
2876 5
85078 31205 46987 25144 5500 
9200 9
11281 12334 2968 12404 85865 18231 46764 93891 50894 
2135 3
67851 76734 9998 
1756 6
59012 66503 56962 7519 87853 65156 
5097 3
63944 15575 13133 
360 4
80180 22215 71815 81837 
9178 3
82958 92209 70236 
446 5
98205 58602 20911 6479 6531 
260 2
63529 29215 
3630 2
4056 55179 
3421 4
44783 64749 21649 23039 
4717 4
31379 63586 80363 39296 
859 7
74666 33477 75185 47264 13963 63910 30915 
7062 4
21641 38893 54306 96276 
2824 4
46722 3087 2575 65093 
3277 3
15212 17835 98906 
5644 8
96953 13390 30514 57669 41565 67692 72269 56271 
8129 5
74299 19132 31371 88601 24543 
2829 4
27686 6062 45347 34167 
8711 10
12880 47176 91017 40555 27425 26183 52898 363 60809 87285 
3873 5
65269 60045 76162 53409 15963 
4610 3
90735 36194 77062 
1981 6
30037 63821 82377 2852 47511 67742 
1345 4
50280 22709 93865 685 
7336 4
10641 13207 76539 47661 
1743 2
94970 87198 
6907 4
31932 41936 75467 83909 
1257 6
60700 14809 63588 94795 8281 30055 
3856 5
17005 96700 39757 39139 17086 
2946 6
98500 52086 20437 8239 27911 50193 
9088 4
35837 66958 35341 18264 
8557 3
99991 6851 60188 
7274 6
9565 84697 86454 33875 44271 49350 
8982 5
989 82578 22008 70571 90078 
2057 4
52963 56859 17435 2952 
737 2
65576 4300 
8282 5
60173 50010 85371 30292 79978 
520 3
61875 72805 26364 
3943 4
99979 17832 86825 20285 
3417 7
8502 49988 7093 71066 4943 42723 71148 
3954 3
51482 8499 71293 
4008 5
13982 75567 20535 61805 10547 
1152 3
36286 8426 63308 
8363 9
72196 41088 42227 95084 19119 87978 48288 86286 56180 
1258 4
97663 52561 48078 98952 
4290 8
23300 99555 80265 65253 61287 636 7690 70944 
4715 5
78544 520 32262 63829 5447 
1308 7
33851 18053 31016 57800 85678 71698 41518 
2019 7
57414 48583 47437 31314 8952 52221 23663 
5454 5
20732 91533 94557 19065 36463 
6877 3
63709 40212 46961 
5602 7
12685 81113 83191 36804 91241 34835 87825 
138 3
85930 32706 42046 
470 3
51984 9675 32009 
383 5
7837 80923 1748 94370 61586 
2595 4
93704 72635 59821 18626 
4935 4
15861 50600 11259 33676 
251 2
11985 54404 
8021 7
10988 67839 38621 86040 60310 98455 15331 
568 3
9623 9914 9739 
3149 4
41790 74715 25753 79848 
563 6
9679 99838 15612 18996 75376 25103 
3152 4
63138 78454 56057 73546 
645 4
22175 59891 2723 267 
6325 6
87573 57486 6868 1777 30836 40198 
135 2
36242 6186 
7277 4
87274 9434 82508 98173 
610 4
30435 9754 45404 75316 
4593 2
48549 7 
4655 3
40262 81109 38617 
3676 6
21546 23443 27981 98179 46929 75537 
2866 3
7750 58359 24188 
6327 4
47141 26802 32677 26867 
1407 5
49316 74285 99799 16995 57961 
8852 7
96388 55849 56090 97549 87160 69994 88067 
2227 3
92639 46705 51797 
7371 3
54501 66979 49377 
1538 5
66732 88483 59328 56366 24947 
8620 4
68343 82305 2358 12025 
1301 5
42260 71563 64867 44662 37239 
2351 6
46452 38179 44116 46177 39873 4775 
4346 7
85661 34863 15901 24095 42895 34619 44741 
4021 4
30744 64234 84899 89676 
5142 4
34414 27589 31032 10696 
8552 7
87678 59970 19302 23631 73285 48387 76589 
315 1
71435 
706 2
3236 53440 
8209 5
70011 78876 23490 48098 67699 
617 3
73627 66644 33534 
7532 4
78860 53319 90505 39546 
6168 4
4800 48505 28656 65046 
3028 6
11191 42997 72095 75646 44578 64940 
4483 3
65747 77277 34521 
6865 4
30796 65271 39104 45623 
5461 9
76834 25007 92781 10921 39500 69886 72960 74535 76956 
6565 4
9122 91647 76940 46001 
367 3
25189 95435 91564 
763 4
6514 6325 34503 75062 
5811 4
35398 63301 15570 34550 
186 2
86495 87229 
1684 5
86751 36788 84183 80384 88820 
7264 6
98530 29339 32684 4179 504 41920 
400 3
93255 15233 14007 
3592 7
3865 65297 29213 65228 6084 91478 82316 
6489 4
14005 24251 11115 93678 
3975 6
63044 11145 32452 20664 35997 72352 
5005 3
14490 56303 85885 
8559 6
13316 4431 14920 91123 23011 81598 
3712 5
63289 39208 92518 31897 1533 
4989 4
88306 78590 47811 5240 
3751 8
4139 31842 50141 38329 36899 64175 9001 14956 
2826 3
48161 78252 8381 
6321 4
67022 97881 82073 10290 
792 7
46327 56492 50810 40042 65684 81546 49734 
9046 5
16914 25059 44854 5397 74778 
9120 5
97263 77804 34400 63651 29870 
1947 5
40320 68813 75694 71054 97628 
190 2
40414 57156 
4140 4
41157 22707 54453 36683 
5648 4
42113 31487 34471 74635 
338 4
65225 89982 6102 87103 
7251 3
15158 69793 95926 
3400 9
76211 74463 655 69421 37457 34027 23820 81720 24162 
7355 4
50005 50105 18687 75500 
3220 4
71310 3623 77644 37897 
564 2
51343 63274 
226 2
48222 74949 
2361 4
71400 86092 96802 39693 
277 3
407 68153 54349 
4117 3
33371 88785 19607 
688 6
14276 93827 14158 57317 29337 15753 
5402 6
55844 33716 80441 14794 57922 22470 
