167
3377 103
22450 8335 17870 3702 1725 12849 19590 6971 485 26043 122 11867 25769 22879 27059 13578 7362 1028 6959 1255 27349 1025 23432 2756 25071 5737 1919 7219 12656 12724 15630 2095 11409 11290 18638 5039 13709 2047 4840 12955 20556 23628 21362 19404 23742 22386 7815 21484 7166 9212 580 27437 11902 1710 4935 2312 17066 4315 11935 26019 6400 21770 10492 6934 26034 310 9354 1307 2161 25581 23506 20366 17240 15027 2455 21864 19697 18706 27355 24109 7730 14461 5398 19464 25836 18761 27513 140 8520 1272 8388 24495 17901 22908 17880 5606 20330 4503 23726 5824 438 17476 24214 
1189 101
931 23508 7000 8288 15824 18266 26206 17453 12383 7755 4077 10900 7108 19744 27755 6563 8956 19493 24901 933 22699 23767 8974 13776 21316 16491 16406 10460 14326 10672 27455 10605 1177 8150 21516 10812 16357 11516 6661 2746 9750 21005 10224 20898 25576 2058 4396 14903 19633 15062 16448 18797 5958 4826 5929 19409 20463 16863 27302 25654 10724 20426 9029 20515 21861 25583 14445 18534 9673 7233 25966 19544 12473 24557 4763 25742 7566 22348 22890 7659 10458 22868 7 747 26291 4397 16381 16830 5212 15432 1159 11486 767 25568 21974 11388 11304 19550 14528 13130 16840 
651 101
24150 6551 16996 20706 16855 23533 1266 14656 5969 5462 1141 13894 19002 3048 22475 4994 15227 21386 24899 16711 10920 16810 3006 13595 17032 23248 14697 26372 13348 5862 18584 10119 12647 21090 23339 6301 21637 22274 21455 13679 10610 21185 8643 1941 14438 8300 4226 14610 765 21922 8031 17019 1968 8699 11146 16631 26417 16140 1223 24949 1469 27291 14786 21471 6380 12903 10489 3066 24091 10906 477 4148 25489 23145 6463 17605 11667 9062 25297 26947 10741 18332 2467 17563 15219 16344 11788 24389 24493 15268 401 18621 25677 24409 213 14548 14072 18157 19797 10410 24623 
1458 101
11470 18492 17599 3004 24370 1651 688 9705 3741 25879 1723 2309 19875 26795 19551 14132 21008 17421 16434 11088 26370 26571 25094 4216 5565 20675 7860 7422 12819 17230 20863 2073 24745 15348 19302 21907 7267 17363 27380 25612 6660 7687 12802 19952 8273 8405 10433 18344 13342 2869 5042 24826 8028 24736 11018 14389 14185 18466 27680 25949 10639 8601 26733 1604 5465 27103 26502 2951 18553 5729 1503 6600 13188 27839 16441 5112 4328 17445 10732 11337 10875 2518 24028 11866 18865 6626 24597 6437 17675 9747 19484 5304 796 15318 10225 23574 16594 22315 21860 19483 2441 
323 101
9096 24465 17055 11246 21124 14436 18163 7358 5296 285 16918 2463 14375 6174 16543 5903 5109 14564 16920 6812 6783 8528 12277 20155 26995 7190 19447 1979 26660 7262 22959 3594 11037 24896 12889 22723 14907 26762 10384 16572 20699 22345 14149 24415 3242 14647 27787 2722 8529 27675 25162 7510 2009 18945 9696 5247 19707 22785 6754 14984 13056 2407 16847 18186 20471 27696 4949 5226 1896 11269 20219 2822 9862 20322 16921 5946 25284 3024 22010 19567 2008 12867 24935 27391 18477 10816 27639 421 13896 18511 26499 7781 11946 25025 18860 3573 9063 22171 24573 18579 18161 
304 101
7765 26992 5841 9227 24595 11131 24002 10657 19572 6053 17872 13132 14394 19732 17021 26215 11858 370 19680 2942 26734 8157 457 24372 6074 23439 14475 19459 3308 25292 11723 10364 8815 23583 1770 17506 14448 21278 8222 3223 20459 6102 10451 2331 17933 25525 21586 24877 69 9788 19584 60 1630 24701 26112 17720 19208 6951 481 26952 1592 5615 2715 5165 23609 16733 5581 26843 1778 19950 9557 13806 806 26533 14817 20751 24882 24863 27647 7272 26969 18776 9986 8814 14789 10689 24006 9926 25470 9867 23629 17073 10862 9972 2347 27247 25158 20240 24100 617 22745 
234 101
3599 20006 2297 574 154 3320 20758 5152 24926 1098 24599 21088 16584 9526 698 2444 17541 16612 15289 25735 18062 6807 22820 21164 11813 21219 15537 22623 25596 19821 1033 15370 4325 20038 19350 8151 2153 3498 13382 2688 27714 10198 12501 19290 19314 27727 6901 25883 25627 7001 14568 2982 5670 2213 7444 3643 9093 19080 13587 856 27104 9286 27278 11461 6843 5956 3736 573 8161 21489 16774 3891 18509 8452 15619 4638 18937 15346 14030 4698 14111 5902 26481 24404 20485 16608 10631 11887 131 11828 11872 9846 20689 12375 6362 21327 18297 3841 13759 5966 27152 
2402 102
9564 15817 17950 247 553 25279 6777 13034 19879 24931 2415 4916 27555 8056 3767 1965 10509 17038 2569 8759 3645 15021 5366 16165 6533 12827 6946 6588 6829 23937 23132 22895 21431 751 12509 112 1804 6390 38 5148 14357 9471 24331 5445 10065 10369 20214 13172 26378 19935 22090 12723 18476 19159 4268 19622 20025 607 11433 0 20833 16665 21564 21482 4977 25934 8781 10228 27845 10865 11601 13391 21271 11783 7783 13141 12663 20672 6510 185 7171 14818 10390 7949 3170 27243 15320 4694 2158 24281 14376 16330 25481 14286 8461 14759 273 1970 14827 18481 16107 19210 
2637 101
16181 5020 16159 5673 45 18675 21551 5507 3976 12091 25848 21011 18435 21346 2385 3109 27268 21511 7301 19566 13581 26237 25296 21222 5828 20296 2220 23863 15000 612 24675 3657 18436 24116 24644 4775 20890 24243 2910 11701 8967 24199 16289 21566 9296 13263 27034 13170 19554 411 5217 14192 22752 1810 5523 721 16182 17420 5058 1511 25079 12058 24629 1291 14916 21369 24822 9079 8007 22243 11914 17676 18463 9103 19379 17287 25824 78 27177 26194 11659 20479 23853 4825 1084 674 11607 25457 17681 12279 18 12076 4115 17254 21715 24132 10623 21479 4614 27294 6714 
1059 102
9147 24258 22350 24793 6562 1738 10338 2720 26304 9518 24835 8626 18461 2429 16188 17437 13671 27353 7749 14625 5352 11548 23131 8192 11983 25229 7214 21465 1115 12041 25359 23777 24967 778 21595 25403 18931 26492 5088 1321 24411 27442 20424 1041 8100 3341 6496 716 121 24148 2818 6125 8187 20761 23368 15958 18981 6091 16478 13246 26677 4110 5905 9273 12525 1004 1252 24527 10332 21577 15638 4026 1990 1365 14212 19521 26227 630 22632 27001 9148 22840 4067 23495 8837 1527 7482 8514 3167 9558 880 26558 13636 23749 9875 18836 23965 17770 14037 21267 13554 4725 
736 102
22127 20559 20673 2024 6285 27392 23040 14529 12122 26747 22288 24393 13911 24932 13219 8918 25214 2328 9025 20925 19046 3923 8602 19194 12673 11874 13323 7851 4587 14184 14598 3793 2943 26330 19520 6677 9433 5441 25555 10619 21857 21392 18359 6019 26430 14 16281 13037 3229 19291 7481 4975 19425 27518 14182 24673 16397 190 2505 7874 20397 11948 20575 14940 6610 14145 4340 24694 4905 5847 20034 5579 14043 22397 18794 2749 23649 8063 23078 456 24639 6149 24282 22733 27686 13493 9793 25956 13968 3687 10191 22034 10760 26863 15608 4326 27251 15164 19402 25680 14162 13059 
3493 101
16384 25930 23212 14131 16323 15189 20356 155 25723 3340 26286 14726 10696 6774 8564 17079 21975 8214 2387 3804 5963 26161 23376 17214 20079 21094 16633 13177 27033 18384 6205 17774 19583 11192 22363 23556 23086 16505 11116 24544 18738 20409 3785 11547 7922 18183 20318 23911 27070 26180 14024 27399 1546 15502 10009 5395 13265 14719 12620 3438 24702 4231 21136 1409 14304 17893 537 19127 2288 23092 10835 27381 3095 24862 17648 17325 27287 8666 4929 16942 8962 22181 23519 1884 12186 12707 16622 12778 6965 14552 25520 8799 3921 10755 11021 366 26078 4095 8931 5143 3329 
819 101
14536 1644 10573 26602 7870 22443 11852 881 1937 21255 23753 25689 12975 24669 12163 17003 491 8774 23529 8457 1337 6253 14154 7509 24071 25796 2222 18355 25077 2493 7275 6766 23427 18048 8251 9199 17179 25398 14730 17045 9863 995 1842 9214 1827 6249 9915 2390 6890 1215 5318 10323 26893 12892 434 8503 11703 9278 9127 719 583 446 16076 10832 16284 9224 16203 5962 11410 3607 3094 7487 16503 10773 8455 23403 15128 7592 26639 17483 11762 26278 7808 18386 1785 3300 11249 3183 7809 18700 3859 16981 15221 15752 7840 2139 2110 6359 13358 26631 10565 
3936 102
4356 21010 23178 26638 20501 20249 10587 7049 8613 14622 4349 3241 24665 11221 10705 23243 26643 10147 2973 16039 22519 16415 9628 9851 26735 11558 893 6477 5014 26336 5897 23544 6716 10709 15239 12780 27267 12746 18880 27054 5132 13337 21502 5668 12001 21165 10837 16385 17391 13108 7945 14125 2361 16657 976 26340 26023 23554 13875 1357 15339 2936 11029 21469 5324 15764 24744 15041 110 8577 3669 4773 8018 9687 6987 14231 22808 15854 15911 18753 29 495 1209 12292 11213 3488 16125 22937 6173 3139 5716 19104 26880 2954 13114 24333 4395 25336 13919 12644 20662 6545 
2155 102
3097 4274 7342 1048 16089 5471 16998 14236 8855 14632 9134 18763 26770 6148 14314 25855 2651 16380 26328 1960 6599 12580 19640 1542 26507 26755 23635 11603 14707 21745 16943 13664 186 944 23666 11350 26991 24782 4549 16187 18485 2848 15404 24122 27276 26768 179 10244 18595 6663 9043 22016 16028 21426 18482 16047 15414 13369 5479 22773 7259 9890 6750 6312 26618 21363 2994 22309 25257 4886 2211 17512 9229 26591 23335 21155 12736 8808 11032 21498 3837 6260 23929 25570 12662 17619 17731 19876 3971 7981 5853 13886 9954 3315 1582 20234 663 19501 10869 8707 33 6339 
3142 101
21916 27495 12610 13063 24086 770 2946 20181 290 8479 11172 19735 18343 10060 8060 7504 6040 4853 23921 5492 6695 27416 16051 24166 14370 23302 17153 5374 25095 23955 7752 10186 23720 8449 14738 5364 10596 20416 19273 18014 18977 20787 22764 26500 25734 17608 3861 22359 2302 17187 2469 17932 17699 23611 13689 5942 16439 15126 5780 12883 6436 25702 13839 7844 25043 8095 5298 27789 8566 9776 21130 11157 14426 25714 11876 24429 24188 515 12115 13276 970 25885 5894 12706 1951 2352 4938 2626 23123 21944 24369 24019 25808 11528 17934 1356 24683 21046 20865 13225 16322 
928 100
3711 17574 1206 20087 16393 19340 11401 17715 6327 2087 25971 21615 26776 7934 11837 27048 12157 15415 24917 12709 9993 16660 9021 21157 19537 26655 13305 15424 7732 8338 1535 1813 20049 22238 6033 25459 13645 11698 19518 13780 11124 14841 5938 22064 13494 5488 20681 6452 27299 7785 3569 11989 19480 21201 16611 25031 17667 21652 1226 7797 8619 16888 7963 20224 14607 26113 2262 626 18927 12288 23141 10662 174 25254 14151 27603 24925 3050 22665 22137 18102 11736 22743 10190 16779 21721 18581 5233 3777 25281 963 1294 22366 1160 1001 1533 26315 13182 21976 6329 
624 102
15389 4716 15513 8990 13054 13964 7310 11772 15008 14672 4173 20858 552 5551 18076 13537 686 27099 10550 12423 7425 8824 2138 26279 21132 3646 5899 26475 15183 2350 26104 10831 19758 18453 14750 1020 13069 7561 7085 21078 18766 26173 2996 26949 18018 15598 9436 6094 27151 25794 14667 10578 7222 11982 15581 2638 22813 24430 9232 17949 17786 2817 24777 12276 17147 9597 24742 25449 3327 19655 17343 27130 20830 12487 11559 23744 17115 26407 11611 7912 8668 13602 27525 18361 27295 13366 7793 11464 7153 23582 9670 8127 7200 2115 11612 5836 7118 7221 6999 17711 17209 3902 
1676 101
5313 19312 2155 22318 22039 20469 7913 13729 14188 23462 12154 27674 23919 26994 14281 22056 21217 13197 13122 2108 1837 11107 2392 23405 12050 10205 26819 5742 535 9483 9402 10894 588 22803 25754 18668 21915 18417 17107 6749 11396 2789 2203 2923 22861 13829 23460 9437 21339 6012 4036 27594 761 9372 6555 16036 23274 13418 20331 2580 27580 22130 6280 21419 24616 5895 10807 18196 1741 27388 21986 23303 16901 23886 503 254 24839 245 4593 17785 4407 26719 19196 20960 4639 7479 4928 17335 23899 4213 7871 24374 17333 6994 10280 10887 5124 17027 5708 25631 15070 
3500 104
15469 18233 11530 24512 2270 22192 1551 9832 3017 12962 26296 13674 16245 2986 27712 11232 5830 18980 1735 9026 26546 6343 9937 5585 18146 19069 9133 9051 7356 9837 14760 19278 19109 20885 14588 20460 18917 2938 1689 26345 8942 25582 21035 8540 2561 13856 21628 9102 18922 502 26761 9898 20728 16673 26216 16077 27792 24717 13626 12019 21017 4134 14629 9183 20109 24007 5495 11474 7717 14115 26983 1767 16115 2998 17776 530 13214 24357 11444 19116 14161 14696 23343 17389 23444 16098 24424 25200 8657 14974 4963 22211 13854 18833 25273 5026 19958 21458 18549 15175 27615 5322 24606 11327 
2027 102
5625 19907 8889 1122 7866 172 26669 7764 1732 4829 17004 20142 15948 11591 8428 2730 8080 14210 26555 11952 3064 3415 2799 2195 27738 21810 2877 4742 19050 16277 4771 8888 20478 20859 3361 5281 17769 12872 3426 24906 15577 9897 17195 5415 3879 10952 1368 17827 2879 16044 96 3612 25890 11744 10328 10895 9384 9820 25800 4256 26874 11160 6268 9263 19096 18024 11092 2523 6402 18211 22870 27303 3474 26483 12925 25061 6523 8171 4277 16244 16936 18789 1900 2753 16127 5493 1372 13684 3204 2232 11261 14065 975 23012 20935 20255 11904 24398 11958 17044 16906 19689 
3833 102
11718 26293 26060 20611 20151 12100 1419 5017 10841 4597 3110 10580 13417 25478 10801 16951 12335 24363 19940 19093 6554 27563 2609 40 20507 6434 7440 6622 7743 15296 19247 9366 16928 12957 8488 6002 11605 27400 19539 5144 25136 18391 26176 16432 11537 13756 17507 7476 825 15302 159 19998 25687 16591 21029 1676 20382 26101 17746 26120 5747 18911 24222 26007 15448 7463 3882 14257 476 1143 4967 14936 26701 16407 4640 17721 1154 10635 17386 24502 24285 10115 1387 14813 8034 8278 19219 12526 20293 13851 8258 6706 23255 15803 25446 14900 6712 950 16766 1958 133 15322 
3962 103
17994 2125 9641 8469 8554 10045 16462 3427 10144 21161 20808 13165 10055 11245 15084 10363 8244 8502 18533 26788 8769 21870 23293 11727 1459 3102 3721 26771 4267 7701 21895 19562 7133 27795 20031 23783 26018 18282 2292 21809 6475 15891 4168 20277 8307 6991 2036 21743 23987 22654 22145 25678 26807 12641 6485 23812 8641 16268 2793 26611 9678 27377 25147 19908 26810 4683 19061 13422 23328 9945 777 7837 15425 5358 797 22614 26081 10305 25984 25107 26243 19143 25595 17035 165 13670 24596 2653 5186 19454 11597 22451 6069 27808 17294 20755 15376 996 7060 26821 7162 22997 25902 
3931 103
8523 67 3190 378 14960 23195 3755 22367 26738 20723 7311 24942 12632 15688 4864 22738 16578 18352 17779 19354 10630 9681 9658 7410 5641 16339 26950 14146 11910 2900 21618 14563 14397 21144 4285 24724 20707 12530 5957 14631 15433 21401 6243 16154 8248 20771 2303 16531 27313 26883 9327 25919 21225 22489 3319 25155 18876 11653 21842 6623 871 4250 13899 11268 26583 732 19389 25100 3219 11639 2964 7151 24731 19528 24462 15558 22836 19991 4343 13625 665 27056 6962 27478 19359 26114 10466 26681 9460 7372 4290 26234 14715 23367 15853 7977 20907 21186 26523 15272 10003 12805 4505 
3173 101
846 22447 19435 21611 3023 17567 17011 26224 10985 27150 8542 11471 26428 7800 16102 21510 24239 7961 21593 10286 8032 811 18539 22966 5242 2069 18767 15035 21496 13262 1375 24335 13344 27572 23453 25144 3041 16467 20676 10695 11920 15827 24364 11556 792 1554 17268 9570 27492 9033 8709 15288 10643 21076 18684 8230 613 10389 7465 7185 8451 5605 27800 12054 21736 24484 3037 11211 11362 25832 20239 21853 13551 23700 1081 3412 7045 14964 4089 23374 1162 14816 14130 11508 94 20667 2968 24519 2911 17866 15025 6188 3355 1137 1468 13663 24564 16718 22233 17771 1938 
3963 102
19486 4332 24918 16494 25316 6492 18817 4664 24567 25395 16639 20776 192 15508 5759 22321 1471 25716 23746 9256 4214 18174 3333 3544 10158 22882 5320 15976 20892 13345 25027 16883 26853 22769 7916 27043 7021 13194 19353 4385 20421 6630 26225 24134 6501 7304 3100 23008 10086 27781 2078 22708 19366 5907 26697 11722 22032 7971 6428 24689 23698 4388 27655 11329 19670 9860 3178 21332 22604 2356 15715 26170 19378 11873 18820 5331 9685 24247 44 27677 3338 12110 25558 4736 7184 15522 6227 11972 13569 25110 13765 4456 8332 9826 18253 1116 14256 24161 214 24820 606 2507 
3338 102
26285 4860 20073 1293 27652 10182 6861 18303 6650 25044 25006 20599 22275 16160 21373 2432 3789 27235 23222 4675 24227 18631 13030 9500 5103 13279 12495 2583 20238 20069 17582 12717 9971 1566 9000 21173 16857 11231 26559 22858 26091 21107 16370 25676 8239 22356 5341 26246 8691 1108 13015 16440 16502 11619 22126 10169 24500 18392 20335 23406 25636 3675 5239 3953 2707 13687 10868 7507 18144 2238 244 21697 5555 14825 21344 17928 17803 12148 17311 10424 23923 20091 5043 5303 25887 22558 8998 2870 6182 22942 16358 13190 21773 4872 264 26708 5782 304 17998 18321 17523 23065 
545 101
23614 17356 6645 9353 22526 24886 8932 8133 16416 6977 2237 13442 23595 19646 14457 27239 27751 2533 4980 22219 25105 20004 24574 7768 14103 25399 16267 22972 16948 14901 26208 12394 14382 17406 27444 8852 3303 994 16824 18879 14117 16449 19888 4467 6072 17253 8515 1144 8061 5886 6473 1498 23980 19805 14828 18114 7652 5470 896 5386 23733 17371 25049 27244 17461 9817 21550 8922 17898 23850 27217 1665 4496 13793 16994 424 5251 11950 14897 18963 7224 21391 2261 9984 416 3169 14979 22560 8741 15442 15378 15813 12835 5259 13505 18122 518 20068 11843 16430 6146 
127 101
14989 3280 12286 4420 27332 21571 7632 21330 19795 3803 24857 4811 22559 26236 16881 13381 26706 11897 24038 12185 13884 19605 1759 20999 9829 16905 9313 21782 17890 22593 5961 27681 1447 21215 24305 2643 22618 16035 14757 23679 10915 18661 25776 2934 9669 13293 3608 4754 20750 3173 800 5392 14868 20153 13260 22727 4323 16961 17034 18235 23787 5846 15923 15286 15278 79 14345 12178 23905 15049 12021 10993 10098 11944 20476 3186 20173 13135 6700 13579 7502 4506 19397 6773 1261 1872 20158 7421 703 12633 14230 4404 8379 1846 482 422 908 10833 18944 18747 23150 
1773 103
24956 21897 14209 20468 19726 19947 11978 12332 25838 2831 14849 25547 1037 8253 8578 5965 4460 19250 27497 25530 8910 3122 21323 18450 15831 13959 13272 634 2171 19384 13565 19083 10739 9849 1643 8854 3716 14055 17016 12856 9778 18894 9706 23669 4283 18810 25323 18061 19635 21881 26610 8330 9560 7856 14848 1169 25674 10712 23176 14105 3838 25045 5693 15460 25880 8827 20912 5015 27161 13744 2030 6644 15299 21159 16332 324 14338 5282 16128 14626 20584 16745 414 8951 369 17077 5481 12798 23984 10707 10592 25805 24232 24912 17293 3164 25945 23930 26497 25220 2040 25905 10944 
1895 103
4888 6366 21854 1758 2263 18628 627 11669 9546 22765 24718 5582 10746 23025 19881 19523 501 26847 26680 19945 10247 4523 19079 4436 20350 15156 19834 6670 8624 14335 20615 5636 9231 12362 26585 25381 9380 27481 18843 6191 13901 4881 6825 27562 7763 24193 26885 25771 1536 3231 5910 6112 23447 21872 5098 27662 2250 4463 20050 2698 19530 12407 21059 16825 837 8561 14506 23712 25069 24959 8957 7220 14704 6699 10775 26311 27252 24929 17940 3603 22492 9752 738 2690 13005 8853 13792 17360 21712 8980 20355 15103 18500 20793 4808 8964 2185 18322 25142 25391 18970 8995 8680 
1205 100
27693 6511 24531 5108 9177 10402 26760 16279 24727 23059 13163 2672 26759 25068 919 20182 5059 5245 1484 7199 12902 18353 4191 19015 22999 3579 12042 12861 4852 10303 11372 25580 12922 17586 4606 283 26392 19915 18907 15332 27354 3148 19323 25309 8661 9222 336 21233 4012 15592 26299 27298 14961 1467 21984 16634 25720 12508 13559 16709 27164 10222 26474 2120 24253 27812 27612 4488 8886 18106 25584 6725 14290 2823 1626 23904 18205 1421 26079 2921 14858 21569 7897 6131 26867 4898 16826 2180 4705 14771 10659 9061 19295 24456 12626 19687 11481 12197 6157 15862 
3804 104
24619 13090 11085 3389 3073 19376 13618 3991 23090 934 21512 275 22963 24535 23525 18367 10417 744 23472 243 6876 12967 5194 17217 23667 23170 13319 19449 20722 3084 18652 14379 15248 12071 25913 2646 25510 4849 4190 10500 18938 17517 6798 925 13465 15048 20926 17454 9952 24690 9172 22136 14808 20081 404 3758 3713 6945 18299 660 8713 2104 25151 18460 26040 27564 21415 12713 4965 19372 27415 24966 8393 8397 25901 13805 24315 20738 8933 92 25867 2021 5326 24601 21226 23390 509 11228 25699 6412 9909 11506 22471 3350 9854 20896 16990 21203 15843 13642 19151 21873 2116 16040 
2338 102
19234 8863 21320 5609 7758 15254 26976 17806 89 25150 22686 25963 12017 19938 26787 22666 27163 12231 24671 4362 17018 11626 1460 17562 1254 14988 11338 1520 11449 21192 63 13479 4964 15586 24104 22994 7002 25667 149 9831 15475 23791 2198 15131 22732 18966 26790 21668 9583 4753 14274 15142 6099 13038 14714 7460 17227 21731 17596 1902 13692 19822 20772 5238 17015 12205 1737 18091 18246 12624 5290 11501 18365 15872 9036 23035 15642 9799 13032 26845 6958 25497 17062 9469 4499 21388 6569 8920 18864 3306 10912 27622 14246 9877 15511 8630 23704 13380 6694 18094 14046 18055 
2678 103
21787 13120 21539 5461 14973 988 18126 26100 3635 8118 10472 10406 619 8510 5783 19830 2500 19712 24361 10209 16735 16650 953 17502 25550 7038 14144 21938 23993 21728 22173 9924 22792 26812 17553 1927 22819 2319 4992 16590 14272 15496 2873 10356 20149 9439 11695 12057 20721 23776 5019 18898 5473 20378 10681 22697 17926 7144 12928 14570 24351 26530 21151 8986 24885 10053 20778 26565 12560 19588 591 8419 9697 26281 12027 12553 27767 12672 27281 17235 13840 3885 26652 7745 27175 11645 8745 14291 27452 15724 16246 14305 25543 4364 6325 1189 22257 9338 26953 17085 1044 25055 16151 
1970 103
16221 6027 10162 10289 15804 16485 13027 3257 21725 7143 8091 5724 14792 6648 9590 2596 13060 15421 18286 11046 8522 15107 15953 6265 27080 17593 3388 26621 6237 12882 18658 24367 17481 15478 18630 6217 15541 2258 639 87 12106 19130 26118 12173 6060 5534 24984 22204 15006 24485 24834 22023 286 21263 14830 9857 3423 10923 7853 15870 13885 2032 26103 23118 17439 12338 134 15793 11656 13218 8721 25614 17856 25924 8054 6558 9225 17487 24480 5795 11997 25078 16153 3676 1231 3525 19570 4096 4724 10028 19943 1129 22974 25588 3083 21874 18123 18570 25978 8310 4629 15504 20592 
157 100
27263 1803 26568 3491 11981 4339 10516 22778 17643 3201 10927 14156 105 21296 6765 16564 16340 9388 9934 13099 17480 25733 12727 26868 21231 2163 21031 8588 21432 24980 17108 17750 14400 4353 12456 15849 27230 7805 23809 6416 15549 25575 16911 19883 143 12532 27143 13740 12953 22642 10508 18267 23522 2803 25535 23418 25779 15970 14822 13646 11389 7131 22069 21844 7174 18888 24365 19337 9902 22355 18036 10767 10413 5459 20566 16136 15256 4465 22777 17069 27002 9221 2061 18302 19514 26815 22205 5306 26579 24040 18515 23102 10702 14906 27211 22484 10822 12043 184 7915 
1782 103
19260 332 12886 23535 7831 25615 18882 21424 1518 9434 21365 15090 25440 19274 26703 19216 24343 16061 10982 2606 4437 24340 10853 18289 20325 21805 6272 7357 823 22308 10101 16534 3436 13400 18338 11364 11377 3972 5542 783 9478 10416 13497 12364 2829 5377 12504 19504 13123 13546 9853 25884 27617 19930 5156 15492 18093 8203 3822 11003 19363 7168 24600 23036 6827 19313 17086 18300 3846 6524 27340 13961 724 17683 5002 24226 16457 11815 4367 12311 12223 14653 25017 24735 25655 7728 19052 22979 10002 20506 21375 8373 19507 6933 9163 11287 4623 12391 11165 17564 5169 12788 27670 
2009 102
11734 13162 8201 11059 24844 20175 26129 17451 9761 23004 1634 16886 1282 24964 11779 22006 11882 13878 16599 18082 1083 5227 27631 10549 24054 25959 26752 25118 27527 16592 21748 3191 27689 12465 12402 4418 19160 1330 15236 14746 3511 26221 19800 799 15408 24231 10419 21726 6065 15878 9129 10687 24218 1967 18946 7570 15743 12920 20413 9171 27039 9423 4163 4205 7309 12973 4969 3911 16302 24808 26383 20207 1280 16922 17986 19188 7723 22573 7363 22329 13568 1258 18821 17296 25647 5118 25451 8155 24501 15658 15143 3668 27620 9593 2864 7373 20263 7579 3466 1278 17727 15811 
2068 102
27401 16542 4101 7791 20622 3733 18588 2765 7486 20367 21722 14409 16927 2899 11820 7152 2618 14264 26275 19448 1224 17221 8356 23951 7401 18363 19153 18627 18113 3915 17895 17367 24313 7042 25130 776 5496 6456 2132 14914 27600 23711 26257 14751 14263 6403 23588 22527 16975 21134 980 1679 18749 8000 10376 14980 14987 25485 6169 26097 2841 25058 22266 24729 23606 25806 20677 12040 23147 13341 24563 2080 22003 26649 3245 26122 12961 3383 19396 1922 7496 16205 7690 15719 16359 25152 488 5260 12048 18333 7865 5816 27227 4518 20000 20805 26574 12181 13498 24772 26456 21651 
4312 103
9815 1515 1208 23409 12877 2972 24012 1036 689 447 1987 17071 15516 15013 6561 19394 10903 19838 6871 18263 13169 20740 5865 14428 22097 18088 5353 13045 3720 16422 18543 5071 774 9175 27604 14166 10636 26570 8669 19292 8016 25033 15327 13508 10867 24714 13440 11602 16723 1591 26916 9511 4394 7798 13788 3746 27559 22382 18806 12897 26277 24067 4688 5813 3313 4318 18153 17428 13916 1180 18291 12156 23632 27821 18620 11467 27783 2989 24542 24637 16963 14094 8177 21996 21526 16865 3510 8703 16349 4147 3075 22961 24280 11031 11617 23233 5531 6794 3548 12467 13703 19014 19067 
1141 101
7414 10932 23677 19741 10582 19461 19702 5204 26155 14941 13070 5450 2178 19620 26663 27167 7891 11608 6960 22599 24003 7520 16099 9581 8904 14628 16607 4346 21153 20880 22554 6548 1717 1453 1203 12356 20953 14328 873 9078 24201 8973 25718 12573 26689 2786 14199 24613 5925 7858 17129 13745 17148 7753 22800 7517 8492 5255 5661 5807 19648 2940 20376 3386 2050 9821 14519 17987 21050 6995 22506 5378 2584 3092 18409 26683 25163 14693 22512 19563 13473 21575 21638 17379 17811 7161 9980 16551 9569 21218 7067 13062 3416 5263 4426 24413 9314 13971 14887 8751 12700 
1890 101
3339 8189 9870 26963 4485 13179 27221 6768 11256 25765 9075 14086 18148 7028 25436 27053 7435 9598 3336 26921 27532 10388 8785 2055 3517 4381 26253 4915 11120 9686 27701 1691 21445 14321 6705 1866 1300 5421 14650 2165 3779 22089 16813 10780 2738 23526 4540 14620 16207 14600 26624 15494 11784 23603 14330 24207 3344 19661 13392 8541 20597 23273 23259 9968 654 13575 1729 5372 18611 10585 23619 18625 11309 24151 12034 4057 7398 13571 19666 18135 27145 23658 16433 2413 27744 5992 26374 19944 25995 4806 454 15111 25705 15031 17459 13095 4068 5078 3851 22396 16166 
1471 104
5546 27718 2038 13047 25455 16603 9090 24985 12646 8463 11099 8803 9498 26151 15234 12393 24471 16828 25046 21204 20022 26586 1170 4625 15419 19724 1457 5357 24725 26400 17897 24583 26869 11441 4767 14124 20786 10034 19903 18809 5519 10606 27640 3791 7392 5989 16019 24536 17662 26033 3255 5699 25364 22172 10682 2490 13151 14423 2408 15732 2252 13013 23943 2683 19994 8847 20645 9432 15409 6171 15787 307 1271 10668 9250 17397 14294 6369 15136 10251 24940 596 18427 22413 16398 22981 3065 15544 18565 17969 12401 26954 11423 27425 14834 14480 1490 18276 15622 19918 7555 12098 27193 24260 
3543 103
511 8819 9481 27219 14574 3063 18519 17551 24412 16814 2424 25400 20995 1139 1946 15211 3332 25878 10904 26679 813 26434 10206 17423 19924 8675 12097 6206 16328 22977 15605 5190 2615 21492 8295 13673 6135 19225 18632 19391 10499 5979 16520 21467 26360 6166 21803 7651 17165 24751 18732 15536 1312 27334 23678 23351 24526 12089 26859 12322 418 23781 16192 14424 15736 8811 14340 16206 21122 8458 5436 24989 12216 2545 3630 7965 3179 23866 1696 3872 9567 10319 4220 14134 9565 23636 391 11792 14364 19318 10938 9637 20222 23171 6090 3171 18142 22037 6495 25165 4034 5765 3887 
527 100
8616 5762 25241 3592 21505 2909 2681 4904 6177 3337 12744 5687 27113 17431 26714 8981 10629 26715 1428 11180 10379 13441 180 10551 14300 20517 20134 894 22017 979 11522 8175 4920 10296 10918 16902 20550 20341 20086 17964 17960 22206 13786 25977 25081 26528 22390 12059 18245 12566 17457 22212 15922 25370 20051 3096 17466 22891 26736 5074 25992 706 12703 88 16949 17249 22124 10735 13196 7394 10820 16950 4161 20654 15397 1047 16821 9320 19240 7230 7892 21871 5960 24697 24018 12009 16692 5698 3589 10192 8232 5781 225 18425 2225 11953 16567 12329 13560 26182 
3475 101
12476 13093 4986 19621 1151 20192 6095 8441 14344 26516 5434 24503 5099 19261 394 13014 25330 15229 697 14467 21604 4659 12535 22379 21007 16988 15020 3335 16123 15559 27616 23747 25952 637 14491 17644 25541 3392 18487 21428 4749 6008 19115 23660 20078 24734 7015 18619 21994 16468 12294 10814 27851 27451 4581 2305 15113 27214 18006 4050 19371 9895 11532 3072 15271 22601 6230 1769 6443 4366 15920 5707 15762 26231 6613 12993 4159 7003 13121 15410 14247 26437 3884 5006 21501 8621 15710 1128 1673 766 6909 4176 23958 20139 19264 16952 7330 14933 7549 7795 9537 
645 103
4635 11209 2541 14595 9633 9145 27068 1390 11442 21601 12366 9291 9358 25268 20659 4673 26232 12198 20928 4896 1378 26778 27754 7902 17821 25973 13338 3274 23847 21553 8304 23907 14075 20163 17368 8071 14603 26331 18623 14384 27578 21074 27457 16977 18639 27372 4487 23412 14919 22689 23576 1057 21686 17723 504 13939 10069 18306 6371 6752 4061 23407 17732 20982 9330 11112 18725 24652 13103 26493 20493 901 10218 19452 25340 11439 25334 19029 18798 1092 22915 9649 26804 5695 22057 7266 19904 27837 5617 11440 7812 6992 2200 25865 13834 3732 3621 18189 12600 21475 5195 22051 6281 
2415 102
17185 21232 17878 5393 1677 22606 2578 17110 2474 2479 1107 23047 20418 6844 10518 22258 8617 15061 12003 19037 18475 8878 6350 7601 17239 10411 4306 26665 6199 20779 9764 5657 3977 24237 12519 25664 21750 5276 9638 27613 6445 25989 13918 20377 18622 10392 8495 13668 19581 13046 6746 543 4391 26608 21370 18034 24881 20853 19009 4509 2515 926 6328 2889 21533 475 26201 10271 15908 6373 4405 5660 18775 1412 24741 15255 8692 23417 8415 25993 4208 4197 6669 2592 565 9738 1572 7218 4883 20289 10849 24190 22481 18327 4066 26818 18781 5514 23559 49 12305 18086 
3404 103
23072 13184 11280 16065 8004 15383 11765 3249 27125 18784 27055 21364 13251 26582 16377 1257 26288 21817 12868 8706 7635 9998 4284 22085 18407 17537 19629 5954 5172 20252 25357 20272 4040 9989 10142 10704 15109 6319 17087 20561 19766 13191 24766 8597 15713 13078 6502 16623 1856 6535 13629 24813 27042 17444 7477 3917 16721 2901 4899 4198 22781 6911 22480 8190 12079 4850 22500 24872 19288 20047 9684 941 11700 23674 17229 1868 20121 16110 22639 15435 8642 17749 13383 5055 2645 5475 20763 5715 17080 19304 26808 26053 9122 9244 6736 19692 1165 6233 2892 16368 18456 1233 14996 
1507 101
14640 19529 10609 11729 8184 27203 11163 20237 22869 7047 7282 22857 12594 25270 13541 26903 12657 8595 16354 18464 17716 14688 16506 9772 1016 5387 15650 23925 21009 10673 4870 8667 7796 7600 9267 6671 8395 14412 23227 7589 23663 1109 3912 11798 21214 11215 17285 12630 2733 26522 26889 3959 4562 9311 2731 178 19602 26987 10068 4215 21796 4760 22384 23737 5890 4298 23912 27013 6590 12168 22536 1625 17919 14895 22080 9704 19719 3672 25426 20891 19300 16739 7556 19925 10207 9883 13929 26506 26181 14665 5819 8994 21245 7355 21091 21529 8960 2997 15633 27063 6391 
4207 101
2376 13373 11543 25117 9674 15968 17778 12737 14378 4063 8408 12266 20165 14882 18038 7607 680 26718 18071 27728 19455 23524 8439 17533 15287 9958 26189 25240 22109 22362 3613 11638 1163 8883 20052 9548 15029 22996 26713 25402 20846 4745 23910 24983 25401 2704 6676 17525 2240 10873 20814 25671 8264 23239 22982 24079 19032 22280 18180 19647 24386 5936 9609 22096 2149 3311 17248 9452 25266 13486 12959 21211 18550 13549 4200 20326 14484 10132 6707 162 19585 6079 5209 7175 22990 25247 17882 3566 8825 13089 18812 20904 11774 7095 26082 11450 12336 17408 19150 23152 6015 
523 100
10459 24963 20821 21127 9161 16346 24011 20817 9140 25863 12854 12604 19180 19398 21662 7213 8891 1262 22698 14737 10861 13406 2097 25626 5554 1622 14784 17673 13548 5180 3896 24453 15526 13129 451 21673 3056 13221 6504 26391 19142 11263 25528 27632 2314 11207 22710 25816 8272 4013 4262 19094 20309 3545 13693 4266 11665 5428 15639 12654 25686 17267 8870 13322 22713 1481 12551 15507 20266 5651 18495 3648 22392 26615 5529 23105 24791 3876 27649 6696 24270 21403 1493 4139 12590 11226 12011 17765 9619 23168 26490 5842 12378 17349 14618 4740 3485 17547 19659 15876 
2635 102
14546 8255 4003 12631 11198 27748 5224 23832 8887 9112 11832 15700 5246 26284 9608 22465 13512 8676 1454 1844 8654 13264 18348 4795 3927 4114 3260 3842 9655 12587 13171 12855 12161 24064 5543 4182 10730 14925 6097 22978 14101 14793 13507 19289 20232 18702 3228 3262 8241 16255 10796 23651 14623 24749 9571 19282 26498 27260 8496 22734 10913 12986 25738 5311 16684 24615 7086 16915 2950 8585 25517 7405 19270 876 10033 12660 8946 1097 16158 10155 330 15104 1283 23388 5779 25758 19341 22704 21629 19256 10882 26167 21616 7980 3325 22409 16550 9769 9204 10374 17013 16027 
828 101
10087 20692 17030 4056 24051 11425 7084 7329 26302 4166 21746 6320 17208 12828 7771 4185 8143 18360 14679 1790 9403 27538 3518 17530 23594 18983 18956 19737 24733 14736 6674 1326 25749 3951 10253 17629 8583 25941 10015 14012 4512 9217 11220 17139 14142 19658 5592 20067 8538 4281 2460 22570 16710 20016 9592 20203 17630 10011 27178 26429 9499 9946 9905 15553 21633 18072 9210 17132 3123 24910 26251 4457 21724 4154 5083 18910 4608 22299 25947 24457 25057 10105 12208 1754 4541 24391 17366 18728 15190 7518 3175 24913 23186 1017 26348 8475 1734 3694 24546 3956 1807 
2371 101
6435 11907 14194 12866 6222 22992 24797 1798 5689 26842 169 16702 4022 21478 11271 13296 3358 26127 22378 25067 14011 5855 20114 5931 7720 9303 22406 19209 6542 19049 10570 2548 12813 5258 17947 4788 14814 24558 19832 17192 3998 20990 16933 6703 9994 26674 10468 14478 9753 21034 1639 8807 22199 10569 25406 15079 12220 17886 3411 16527 4722 11988 22111 4508 11347 1274 22244 10728 4122 5201 12570 5637 9339 7318 13489 4839 19172 15269 20934 18899 20884 18659 27794 6189 23112 18339 4682 7889 11191 9343 23601 20801 1761 14604 14488 11168 853 10126 17634 7209 2783 
1913 102
23829 26511 7471 8228 19745 8665 3858 20362 12941 14639 16934 17270 18934 3567 26096 15569 1558 7436 19055 5799 27645 16411 2907 2121 1095 5289 24383 12052 16688 21605 19319 24000 26878 21115 17729 13877 6283 27321 18992 8805 18819 16848 8513 9377 734 4041 9692 25731 20806 2581 22608 9064 25167 24362 15964 16419 886 20954 5940 17654 21584 8240 24786 24706 6932 20661 3863 26560 2542 26548 22518 21825 9844 14472 3691 6884 13203 17313 14811 14319 21912 3205 23879 20894 2798 18642 17728 1502 19773 5612 16606 24142 7469 6915 14740 7527 24533 13064 13410 10545 534 15242 
3386 104
26829 10685 15493 670 26743 7452 13167 1250 6964 16558 25332 20602 20168 11500 20651 2732 24891 16904 6692 15064 19244 22636 18716 14034 1730 8285 22369 16033 15246 22930 2642 26782 1534 22612 19840 27583 10217 12668 19158 12690 22726 18020 10723 9310 3823 13021 7365 18243 7260 4529 4248 11217 23177 8134 2501 13377 15138 8841 24752 4909 1430 3914 16666 16868 12347 15354 19547 20178 9967 18268 16483 15565 24378 22289 1603 9265 27417 20905 26967 18624 6629 1240 10264 24814 17518 17425 24434 733 9389 7883 26029 599 17323 19266 26484 20030 27236 4386 20179 26202 9421 19099 6480 3581 
2933 100
16316 27040 10185 10269 22448 18247 25223 17376 25506 12950 16895 11380 3197 27310 21068 12823 7713 14590 22295 24395 5164 9107 26626 12234 490 25622 20094 10478 21658 14735 25306 17603 8526 15217 2013 27404 21664 5413 6059 15930 26729 8708 25665 8250 26864 15252 22294 6633 23433 8375 18331 20171 9098 17411 3667 1068 22741 17941 27813 4974 27074 26219 26369 18228 8238 23173 10948 16073 14655 7016 851 17474 7754 24268 12628 20588 20609 25037 13455 4679 14573 19370 9176 12306 14082 23626 16222 14606 27802 1567 4555 15531 3370 5383 13429 25324 23518 25106 18687 7491 
2109 102
6564 16164 12627 7814 21823 27543 12118 13743 23316 20601 25621 8572 20490 13109 14106 15235 26653 22627 21631 18199 19887 12992 9393 4265 5418 4543 3264 19344 10473 25639 11621 11255 25566 19985 111 24867 11216 8197 1949 22844 137 22221 20586 5640 25813 12915 11417 1986 26134 22860 19220 16345 15955 13448 448 7281 24030 9475 25386 10922 11102 12264 26901 25461 14781 8130 7123 16278 25669 22460 11006 11457 745 14526 848 19713 7626 25673 812 22283 10514 4037 15150 4174 4646 8913 4088 27807 9369 9159 10663 14229 20800 11197 19120 22422 23585 22285 4990 1821 23688 7907 
1204 101
10536 242 25035 891 3166 27141 274 27619 22525 3559 17380 22045 12384 27581 10077 3243 20666 3434 19989 24145 14833 15773 5794 24953 19740 9013 8243 4985 12377 10306 4087 19580 20108 7338 22600 7337 24704 11572 25903 25218 948 21650 18790 4930 21705 27786 1021 51 17331 12078 3700 578 27057 23616 20183 26948 5548 4335 3161 5308 16348 22804 14993 23960 15759 6528 25290 13144 16292 18056 4398 1221 2090 19755 19128 6772 16854 5214 24993 18237 7901 16420 15393 8525 13980 15678 21223 15524 3119 15562 9454 17813 26730 6476 8629 12591 27218 8343 24431 3071 22829 
2058 102
24850 25688 15722 25453 26062 8845 25371 8568 12278 7191 5812 687 4820 3141 8009 11260 23445 13631 13302 7733 19823 258 3955 15690 21665 23926 27537 22408 21901 104 22859 618 27560 16737 24988 19087 9859 11679 16018 13050 602 21047 6868 12315 16873 17116 25228 6854 13859 25931 22268 19612 8163 24033 15118 21910 3068 17929 25908 24233 9866 19571 13385 25159 10052 8636 7594 27358 16882 22548 20162 18326 22991 14302 27301 4175 20518 8892 9689 12638 10964 4517 10284 8569 27112 26027 27551 6423 760 20110 1446 23440 24171 10670 4410 18604 22093 3348 26939 4344 11378 17578 
3823 103
12681 2629 27487 16965 21882 4292 5310 15709 6753 9081 20005 8783 23867 251 8478 1417 4450 13742 6009 11349 17762 4489 20752 3742 11398 5432 8154 17975 5663 24687 21832 389 11289 19976 14855 757 21281 8926 26910 23385 9711 19185 6536 24514 27385 23452 1757 6368 17134 8750 16475 24846 27188 17742 17520 5198 14879 19956 582 8545 7164 24348 18586 17017 17364 22812 21026 20961 1339 11862 25404 1683 2339 10195 15260 5053 11933 16185 25537 14368 464 9164 1838 15304 1726 4558 11769 23538 2814 24301 27850 6952 7094 6472 12812 24696 17833 13869 11908 12415 11643 5317 15512 
1155 101
19170 3824 24312 14504 10648 19770 6215 17266 22949 4713 14810 24571 14218 12202 16957 14295 196 12822 16335 14238 23006 3446 18053 26543 17748 6957 10546 7803 24902 19738 19753 23914 6212 22797 19679 16082 19141 1755 6955 2904 25483 19779 15359 13989 2394 14226 1705 7057 14416 6985 19119 8829 17338 5490 26908 5153 1541 13763 2866 8848 23459 18410 387 576 7539 4171 24290 25363 27216 2082 22821 7972 6128 9461 12751 12085 8145 8113 5161 6055 17545 1314 4238 3176 7943 17558 7341 21184 9845 4228 15088 19408 3309 19365 27012 10583 13189 3044 24325 11973 17452 
2048 100
12559 25261 15999 13599 2768 10393 12879 5084 11853 18178 13994 13242 20933 12433 26255 16565 15560 11159 15257 6769 10256 6291 13526 2037 10414 10141 15357 5518 18292 15374 23821 13603 6605 15641 22521 17614 8480 959 19600 27131 9082 6439 17168 15584 10383 27591 26448 24680 3906 3681 655 4193 17854 24934 12169 14442 19771 6976 6246 5984 11567 10885 773 20045 19848 6656 19971 23473 405 27763 18814 16301 2665 25372 14191 27035 9974 18402 18489 22687 24640 5870 15782 10172 22965 18160 26914 21889 8362 25515 2978 2744 20813 26024 21198 14362 21154 23683 7122 16466 
345 102
19494 24366 1943 12577 15228 14354 9490 8744 6315 21366 24924 13857 277 19440 8652 26230 13677 7462 24328 19671 5642 15387 14008 26909 2871 16173 22240 4016 6665 22429 6005 25772 24799 4950 19678 23578 759 13128 819 23313 25899 22474 3970 17591 12484 14334 380 13518 21653 25410 3453 19338 16899 13460 9445 22543 8094 13580 5727 17216 26143 24322 26144 1917 16194 26505 6691 1328 12150 1638 16726 20580 205 1733 11070 12740 16200 17137 12136 2752 12512 1397 18527 23011 15450 5516 27264 13006 3538 18084 26846 25001 23855 19538 14464 12978 13209 11599 12696 14956 14213 3305 
855 102
26990 11147 18118 2539 7826 11462 16050 17849 3452 23788 13746 25536 2388 4658 20773 22297 16109 13533 17415 24050 20262 23599 21954 6486 4301 141 22951 19836 22449 8454 15182 20061 11527 5776 4666 20877 9806 17509 16853 12275 13074 771 7024 13656 24569 23280 16074 6723 15852 22224 27366 12935 1953 21148 15001 25634 27314 25373 14537 27472 15149 11407 13487 26809 21542 25196 17636 22544 17977 27429 1146 6761 18354 10484 12261 5574 20587 24677 5945 308 12885 26830 16072 5735 536 22588 21518 17622 23071 21206 10330 1013 6037 12390 1101 5941 10738 18000 8354 22802 10351 17812 
1762 102
4648 3712 17171 720 25318 15207 20058 12537 8324 11604 15037 3932 12513 12176 13734 9824 27723 506 25082 27784 26489 10415 8499 6653 4170 13504 13467 5037 3375 7293 8298 22839 23256 12497 12298 951 16844 13594 9149 7898 12284 22968 19020 8074 7633 19801 14087 2118 6701 7105 21948 14942 22187 20486 22609 22250 20785 11919 24118 24975 27465 9552 18521 13597 2334 9052 10335 7706 24202 403 12360 13198 26044 9253 25828 10396 15902 20606 4291 22878 14276 19593 17830 9531 11051 23659 816 16132 3138 6433 13649 4895 14586 9710 22684 8026 17635 11408 22796 18577 23877 17594 
1285 103
17550 17226 2326 5744 5872 8670 19010 11104 19215 25940 12572 27816 4241 17645 538 12609 14059 14518 16678 19471 13862 11766 20014 26119 17251 5541 4536 5864 19864 14425 998 6087 23108 19030 25259 17351 10995 20283 15745 14881 6688 1238 3832 10892 19436 14280 11497 2763 19255 25004 2828 22216 16395 22513 22833 6295 15386 18635 26616 24031 8297 5385 11164 4177 22923 12701 17143 19430 26598 19706 14393 19961 382 24159 24098 26875 27253 21236 26828 5431 10917 972 21457 14734 21718 16662 12371 973 9299 12838 13388 12486 24728 6117 17306 18238 10902 21 13897 12392 1911 14309 13311 
1060 101
21084 5184 6411 12618 27747 10174 16616 22083 27832 26870 5990 13520 21433 198 17568 16760 14888 13023 15893 25182 1077 17224 7654 2442 25630 7940 6982 24101 12686 23237 8662 21710 5987 16752 9166 4557 11084 16908 27490 21835 1894 17419 8898 3129 26851 2550 11936 21209 14122 9894 17569 73 13825 18096 15683 20261 1995 5199 21335 5218 8861 19650 27300 1174 3547 10830 20244 27270 15590 22941 9580 23155 16707 15046 19268 5649 1906 17627 9516 13259 11042 3295 10084 25522 7551 4272 26223 22919 14023 16698 23950 12145 4345 18479 2189 14079 23484 8664 4372 25516 16241 
3627 102
3432 13398 10523 1512 16740 13119 8615 6974 2771 18792 20875 13552 22496 15381 15941 10138 5185 2399 20503 17094 9008 15055 19884 5400 19677 12030 24440 1964 22344 8199 9606 7387 7985 25694 19229 24167 11343 15933 2619 2127 7349 26554 6297 22576 2404 10766 15714 1594 11570 1793 5671 1581 24451 7501 10026 13456 24149 3947 1408 11279 18769 13468 17735 5512 6105 19927 25262 26399 7236 24588 19085 19988 25696 16720 26856 8614 7585 8290 8493 12940 21667 18974 4494 21818 10012 13464 21294 24235 1712 22381 21001 20470 2617 11917 27521 21749 6795 26827 59 4001 26408 27153 
1822 102
26059 229 12131 22641 6778 11834 77 19835 12529 15910 22215 11105 6520 1694 26918 18328 6083 15206 21674 27114 19586 1873 20396 10471 6045 26725 21376 25005 5741 15045 24032 24403 24889 26553 14908 10308 24721 24851 19468 23745 19977 246 20957 25352 18132 1650 2321 12556 636 7503 6352 6591 1478 985 2076 14928 27548 7647 2926 24026 10992 12544 23126 18587 12850 22886 20105 9238 26887 6031 13680 13576 14358 14957 12913 14904 26412 13943 18920 13583 13561 21588 6088 18845 24943 20438 3330 19506 20840 1836 21284 10270 15465 15740 21006 18850 7278 24530 1106 13550 17725 16442 
2885 102
12880 100 525 15022 23890 3651 9030 15830 21123 2084 20568 714 9455 12678 8219 1234 7535 24173 18633 25428 22189 24293 1715 276 6606 10690 2218 1606 23739 3039 13376 13399 3615 27512 14007 6275 22602 27144 16513 7918 2796 4665 20679 21322 16219 5183 26931 5051 24499 5748 17156 9627 23157 11395 12731 26250 27439 15032 11777 27190 22646 16056 16791 3347 21216 13175 12916 7846 20123 16535 11555 2882 17661 13818 9470 24306 6757 15351 19897 790 16507 2401 2917 21522 23885 4327 25286 23916 23113 24838 16306 21555 15210 7842 27459 4314 50 13779 23838 22188 19556 7862 
3027 101
3356 8842 15498 19856 21647 8438 18952 8916 21103 3198 17041 11291 4941 23572 18431 9956 18674 14133 4854 14221 21682 22249 17056 23823 7229 21477 26973 20724 12799 12958 16122 18510 4439 18926 26436 13711 25374 10136 24152 20574 8306 26890 8912 2630 17025 4842 16 1027 22768 17182 371 16501 5703 18262 13616 27773 5216 1441 22693 15123 19599 23730 16401 24192 2807 13809 8770 2821 26551 17826 2676 12966 11845 23246 15668 13412 18616 967 15226 3739 23358 26833 22746 18440 19995 25468 7025 22954 4818 22433 9801 19424 2806 10563 12984 10234 27030 19992 23319 829 18191 
154 102
17640 17010 27732 16266 1615 8173 4972 18678 25345 16152 11394 25442 726 27197 12518 19277 20684 21336 23063 4520 26107 10409 16075 5167 15134 1794 16421 20520 6885 3290 13782 12718 20233 18709 9323 24410 26657 8632 22662 10448 20276 23211 8349 20003 10628 16557 2068 24954 13031 18454 27823 20712 562 1716 4052 19623 3220 11912 13026 17157 4732 8820 27078 6006 21923 2628 26613 23342 8281 11057 23639 16573 5577 14992 2509 10432 8216 8275 2173 6340 23480 353 18311 14698 20918 19526 21680 8862 10083 2202 9430 21152 11434 16031 19308 26678 11630 22551 13982 27502 15501 25964 
120 100
23581 3060 22079 12258 1678 19227 8983 22653 18080 18717 13 7997 26471 18598 9321 16545 13008 12113 11384 14076 1425 10428 472 7177 21642 24505 24622 2214 25592 21763 14430 7241 14747 14456 25354 22024 7494 17324 7606 3940 19125 12333 7903 2916 18294 12664 26069 5128 4243 15101 15420 4400 5573 26750 18459 9015 22102 7037 20499 23848 11614 19948 18518 17927 12217 10990 25191 21507 20634 14473 19146 2458 7443 24259 2112 16423 8633 17203 2859 3467 523 17372 17885 20798 18087 10177 17915 5054 13303 1974 17903 5446 17417 9675 27289 14062 25957 19121 20401 23119 
4357 102
20512 5883 20897 16925 22873 7565 22424 22018 24390 10300 4206 1744 11842 18167 4251 3895 867 1563 7532 17974 9978 25898 19862 7385 27333 2780 21487 24861 5426 15918 19145 5499 12328 5885 3379 14593 27633 19933 4966 1050 3553 23357 19499 10226 2668 21437 746 23275 13137 16134 26731 16518 23287 2368 15723 22924 17465 11281 10770 18356 8404 5802 5874 27433 6313 9527 17658 20850 15705 21112 22503 23593 5285 20504 10027 19467 21441 4472 1000 10175 15360 26415 24635 12291 7737 13500 15159 16561 11735 23541 17797 2739 6658 1721 16924 8053 26388 13850 2362 18323 15659 26335 
141 101
22277 10612 4072 24461 11916 2260 13914 2199 16510 6942 6940 14865 16652 9279 3254 25322 24332 21929 15847 26025 7740 7296 26004 14646 4358 14419 9367 10879 9988 19139 17059 8757 20915 2922 6460 13681 16238 21412 17760 638 16569 3771 3756 19990 12500 20231 11785 10485 16708 18385 14303 24510 18469 23363 5646 12602 11292 4954 7513 13920 14107 5763 13416 10564 5676 15474 6155 11330 21596 7391 6164 16196 5817 20157 19610 9720 9336 16859 13846 10943 5504 21314 10108 23695 27827 19281 5021 3001 7449 7884 11799 17084 8299 22806 7412 3825 840 5887 9770 26620 6138 
3236 105
3029 8217 12460 16972 20631 25421 16571 15356 11680 8733 18197 16772 8035 11035 18707 3 4466 2151 5982 13708 8427 13820 912 700 13942 5590 11986 23801 6882 14867 18644 17924 5909 1432 10588 25448 22973 8970 3818 10298 9812 7830 6284 16696 6830 15806 1176 4657 14429 4516 64 8066 7679 25746 6393 5299 2971 2948 20437 26700 26912 1629 21383 22876 25462 12263 4637 1051 4834 2316 16240 1391 8075 18862 24562 17281 23022 21887 6846 27635 22420 22787 12766 20563 9138 26339 7459 7794 13361 7308 6760 25002 6963 7708 12354 22894 23875 22547 16250 3582 19717 9151 12671 26179 18906 
456 102
27364 7672 9933 15300 5038 20099 3451 20300 16523 15240 16480 3916 8504 18651 5811 2107 25672 21417 22724 13996 11297 892 20482 18743 305 1071 5334 2480 22907 11787 25801 9713 16670 25925 1496 11375 16373 10975 17548 11598 17768 13754 8377 5683 5136 8993 5953 5137 11942 8366 6698 13368 17207 20744 1483 10797 249 860 21548 6702 19327 25725 8153 21562 7061 6052 16183 7244 11913 13890 24327 9917 5915 6176 19173 21902 3238 19381 1899 23759 8237 19827 12151 740 2191 13690 3737 5743 21080 17440 7328 17871 23978 10517 10962 5101 8369 8342 10521 17257 15644 24056 
1264 101
1961 4070 10543 5087 21932 9014 18336 20008 7264 13750 19909 14839 17462 20102 20694 17620 16296 9630 124 7307 24836 20847 22466 14285 19739 12372 2242 11710 12523 16116 13352 21777 22264 4263 7176 2014 15661 8677 15779 18279 20383 13922 27285 25642 25552 20282 9953 6820 14894 10621 11469 13244 6697 22871 17295 12719 18421 23644 17491 8592 8771 10173 11546 22473 15363 18194 22209 8015 4866 25382 20029 1099 10877 26928 22020 1762 24400 10018 11009 6559 6560 1276 27265 16030 16598 15867 17405 6786 27514 9594 5768 20655 2396 25798 18852 21279 14325 24407 12374 18874 25396 
1918 101
12062 5340 2637 10201 9023 14462 9342 1448 2239 8417 22953 8172 10082 15451 27567 21941 1422 14155 6229 24895 22061 17167 18305 19126 5857 4933 10121 15528 3374 3506 10947 10112 20856 12422 9364 19684 25980 6785 13049 6833 4501 15380 14068 10456 5613 8818 5725 18904 22077 8013 1590 4824 23194 7367 14823 16144 9332 16597 4130 4514 20202 12435 22637 25606 22304 16482 9911 25788 5561 1666 20838 24083 11671 21298 27692 727 4912 9525 12132 2012 23213 24923 27044 14662 5454 5849 8966 7867 19558 9936 11790 18556 17763 25026 19028 24591 27482 7179 10874 9834 5859 
704 101
24578 1509 8903 14225 1320 13316 18329 8472 7757 23356 16367 7628 25920 21528 25042 19405 8953 22284 4157 19542 23094 3422 7409 1032 22131 15192 14214 12304 8945 5236 21709 9198 27205 20916 16387 24382 7521 7734 9781 2503 10469 18275 18505 20646 3686 21781 13299 21331 23935 23188 2719 26192 25802 14544 18340 4738 4071 4924 6458 15607 459 22193 8313 11161 24208 26904 27479 9976 9326 18973 12493 15945 19218 13865 10436 17136 24458 19197 1944 5681 11300 4661 15966 4612 23621 22501 16224 1739 26564 12865 4805 12692 1015 2148 10391 16026 11956 17498 11355 27752 19638 
3639 101
6848 5221 3145 26191 16843 5469 5253 17234 9903 2897 601 23268 18572 15936 3501 10537 11807 5664 24803 25251 652 19169 22152 21546 23509 21534 15993 20632 13749 7098 9848 24550 2536 7931 21064 11804 23646 1145 6353 17467 10787 20127 9927 18835 21936 21377 4097 11415 16325 22055 16402 20324 24025 8622 16762 14066 26473 676 25926 11963 15173 22943 10600 23111 13043 18736 21999 17911 14787 4576 9407 9462 18434 22156 431 18837 14432 19966 19070 6238 7712 23586 21199 7773 11010 26452 23807 18746 9763 14152 21266 24421 20570 23670 2304 21951 1545 12241 21989 15939 2484 
1878 101
11658 19438 4347 25250 4255 14126 4402 705 27421 19983 16236 4123 6914 2459 6271 8860 21998 13589 21846 25003 13290 18107 5028 17196 15385 18069 2669 13969 10886 20441 10655 23257 24106 5307 26472 27007 25514 18718 5566 923 1188 5772 19851 937 7128 4380 12406 4222 18270 9869 19688 12444 27279 2451 16459 26207 26109 11305 5618 22761 25101 23153 7813 21447 189 16409 2130 18455 2208 17937 326 2535 26672 5468 20208 483 16980 4406 13794 3033 13454 16190 26801 2608 18483 2785 16157 16337 17677 22091 20316 27711 27195 23766 6816 24036 20284 10073 13304 22373 25613 
1947 101
21737 11331 6721 12811 10311 25891 12224 2574 10774 19042 17485 8106 23223 3707 22041 9245 19275 16270 25226 650 2538 14405 18735 439 21894 13622 2150 16547 17843 24996 3291 15167 533 9041 19157 8156 11846 17532 23650 21357 6865 19798 24916 26635 16954 26242 23840 2204 16469 23470 27106 10440 11133 909 23653 11145 22043 20301 18672 10114 26247 23133 8423 25881 1117 20552 13484 2886 14255 11422 26057 7150 27108 13281 4776 3898 7032 1136 16223 15826 8351 18173 19317 18730 8322 27511 17424 17130 11674 5193 2674 13585 15845 19186 26640 16445 1187 9444 19023 20920 7499 
2066 101
25083 17496 13736 12969 8364 8402 2254 27634 3225 5629 575 26772 11857 5362 20531 13861 26228 21824 25339 20019 6049 8376 26 23121 9959 27072 2815 809 23039 9331 566 24292 8501 16169 10380 8544 13283 15110 1079 12793 9167 5823 22302 19912 6758 6530 9045 6180 9740 18756 24678 1728 132 3492 5856 23231 25709 3136 8704 25961 19411 12334 15712 24245 359 11751 23652 748 5407 5728 16776 24625 18520 8429 7645 10449 3948 18825 7110 2939 5448 12445 23537 8947 587 18838 16178 20320 19617 16647 16960 4075 7596 21079 19086 8460 6751 1640 18877 18162 6732 
428 101
19587 1315 25501 4891 7251 13384 10994 6048 27484 25133 13136 23894 16147 14659 2522 13475 19072 11937 15095 20288 18125 25331 15005 8138 7467 13249 22809 16474 20297 23158 4300 20347 18357 1433 24009 25922 15157 27025 12742 12629 7442 23337 4880 16171 1207 27571 7432 24491 11928 27509 7571 1799 21837 2876 2342 6014 8433 24172 3760 2616 12126 25505 17733 26865 14476 23895 4094 8754 23419 8037 21353 3931 16761 23206 1883 3724 22986 26036 20980 13511 10891 13845 24617 1560 5832 2846 12211 17816 3276 25601 11967 13817 18413 3809 12386 14976 14857 1976 16587 17052 5648 
3874 102
1354 17584 24414 4369 6842 21695 26724 13562 25202 8885 27533 1059 14307 1155 10139 4686 19063 17033 9728 9004 23128 9292 25212 17642 16682 9791 8023 27705 13343 7562 19761 8797 12323 22025 27485 8450 19929 10040 22679 6954 27601 8567 21672 2481 7950 16845 27690 26214 1342 20809 300 11193 10161 21395 19118 16410 5647 16059 23291 16997 23264 23694 19134 14683 26717 20082 297 25770 15039 11432 16456 23221 20497 24147 2426 18002 13873 25048 15097 21196 15926 18256 16554 8079 13977 11184 16248 19751 1647 17435 18502 272 2959 1464 3447 10942 16913 22255 4383 2244 22801 2675 
2167 102
15800 26930 4919 1249 12665 10401 4242 24909 15463 6497 20719 19112 884 5154 10312 3543 25419 262 2072 27774 24401 772 3222 14080 18116 16247 7939 9187 8949 6872 2587 11005 4712 5368 24092 6500 8530 9153 12015 19874 18532 11203 22735 6724 11056 22459 16699 7428 7643 12694 24710 27568 27782 17352 20337 27316 5820 5005 25538 18078 27673 15987 25685 12033 14584 15805 18308 10154 7930 25594 23458 6856 23394 1318 594 8287 16897 586 22162 6966 270 4492 17290 21480 23562 22672 10480 10187 20446 26905 13405 21908 1461 1292 3470 23528 15086 5497 8849 15775 5600 7004 
3090 101
25625 3079 26128 13960 21385 24272 20436 17204 16093 13208 23770 13610 21299 4906 12905 4867 2713 19873 7964 27849 18762 26332 21900 3208 13889 22661 15656 24241 8087 12834 25775 24022 9873 16020 16792 27687 10680 12760 7614 11563 18915 19695 24375 14772 3886 19957 16374 3284 19123 2736 9671 3834 11078 2284 26825 16138 5203 3433 24659 21741 26338 14489 23716 6601 9168 8425 21635 453 26316 19815 3151 15733 19936 26688 23523 18015 7434 22291 6134 23676 10408 24511 24238 23768 21634 25893 6544 23510 6111 20373 24878 4717 6216 11975 9497 364 23846 16809 21720 19417 2477 
1555 101
3705 26601 3552 17161 19962 19730 1361 18803 1736 1127 6165 20161 15647 5567 22825 4671 23254 5996 8928 26405 7693 6345 18523 21669 1370 4286 24399 13028 8574 26942 10700 20280 18223 7533 10969 2887 19062 16570 7512 23542 17106 13146 15735 12800 1905 6733 18529 22128 4029 23858 23260 24900 18617 9089 23900 22052 1656 753 16285 14785 26028 1982 14762 4207 21057 4150 5825 21315 3714 11923 18551 222 26395 20215 21235 16945 10000 4269 23701 6576 21956 24223 21104 15626 1975 4249 5677 6424 7451 11822 1860 26659 4468 25221 26453 4684 20511 12545 11631 24828 16658 
2018 101
16887 1658 26861 15184 6762 17081 7145 54 16023 20403 13577 10519 23314 4784 16253 14227 13704 17383 11844 12133 4897 25378 1452 20317 18288 116 23992 4098 19235 13207 18662 27814 22444 9205 3251 25473 7619 8021 19867 15453 26171 24097 3723 19813 810 616 6864 4474 21639 23220 26692 12404 15085 7656 23684 6953 2702 5077 4743 11476 7878 18801 20384 21649 15778 15174 1445 18858 22479 2570 85 7064 17505 12775 26263 15552 21520 1120 21476 23888 2988 17188 1216 3116 14724 10997 22811 6030 16540 1488 16817 27282 10715 20834 10999 22711 23089 8064 10282 11244 13593 
1660 101
23404 6195 23640 26089 23296 153 22695 13427 22066 962 26862 11940 14003 7295 5181 2773 11438 1649 14035 25176 13284 11536 11027 14348 10848 6805 19531 24476 12293 25675 23044 20664 1392 24679 19357 12452 9135 24215 12603 8638 5485 22022 9375 16071 18016 1609 6583 16983 23161 13227 17794 26832 6278 12612 15835 21578 6123 12826 3456 23986 20333 13435 6857 8111 14207 27831 22748 9708 27735 26259 4527 27181 10808 12698 2589 16907 19786 7923 14614 24552 20839 23196 17145 6336 23461 13310 2766 388 18900 15877 16021 13521 27691 6085 11702 14677 20767 20475 8141 22375 15655 
66 101
25586 13269 4282 8320 27036 13879 2635 27094 3349 17781 19393 11312 18727 15899 12946 20338 1869 20043 18568 6235 17049 19463 2650 20414 21935 24876 14159 24307 1985 26634 6802 6417 6124 21587 6572 3638 10542 4477 16117 1981 2281 19307 25053 23482 1772 497 5145 8717 17274 11400 4227 2251 7932 21918 26319 20736 21685 20765 12313 25948 17135 25225 19858 8277 24631 26274 7747 13953 23057 5487 12191 10996 7250 24611 7522 15341 11117 19377 1286 15794 19787 3820 23794 2374 14186 18075 6527 4764 19213 9449 1499 9226 4374 16775 21906 24990 9426 20848 19649 2081 27061 
3513 103
6287 24041 692 16807 4946 12803 19413 25542 11886 23076 20313 12127 2378 14633 17743 17212 22 24420 25420 10535 25843 1153 3622 17259 8865 2590 17186 358 13611 21108 21904 22220 13998 4689 9838 26099 3759 10692 15185 16360 12787 1587 12060 15533 8590 6415 23604 19324 7675 2295 17158 2042 23124 5013 10713 24750 2111 18744 23903 20991 7238 18484 13282 13353 17639 23298 5731 23297 26084 12520 22319 24618 12756 16096 13956 5031 8506 7946 25230 24830 2761 27139 24419 17273 2333 20402 18388 3287 12188 18867 21334 22541 25721 23756 7406 1718 24042 27623 25946 20826 24723 4797 19479 
1314 102
22140 20150 693 24014 13347 15449 27427 6529 22074 10145 15704 20888 24221 135 16517 20156 18941 8296 240 10809 5700 7393 4759 15244 9024 9643 25054 1383 25313 14685 7835 24730 9744 7068 16856 11473 26658 24130 834 11285 5631 2489 2190 8646 12067 115 522 18884 26467 2324 1352 235 19645 8420 1955 8181 12066 20473 25350 27124 21969 8279 7420 20620 26042 12189 16086 10893 25975 5435 22092 7383 8830 4493 17310 27172 10 19964 9957 16576 19746 17464 188 8869 24344 7917 15564 830 18139 1067 8384 1890 24318 1112 22682 3590 22681 14821 12379 10326 23727 17029 
1554 102
25108 9734 12192 21027 5173 21003 16850 7306 12418 23077 4043 25145 25327 27798 22683 12210 2563 21382 17625 22950 22846 2124 15259 19065 4752 8836 2599 19796 11278 4830 15621 3368 15969 25590 16191 9612 16872 5234 20827 3442 2740 20663 20668 25534 13638 9982 1396 4462 26982 4607 10447 18283 1832 21066 5601 13539 15017 15599 400 2475 25565 19939 3875 12096 15839 11854 3604 2967 1775 4363 12543 8210 15580 24987 14233 238 4804 23789 6967 17500 9999 12152 24269 18312 23228 25827 19400 27336 17822 22101 19390 13105 2409 23607 15887 6608 6028 13970 11918 2510 21939 24219 
1741 100
19535 19287 26934 14299 22685 22580 4515 22507 14753 4875 889 10845 11385 21269 7998 1617 20956 18508 9073 27699 18751 27704 23637 3357 9374 25475 8880 3519 26826 8683 173 20126 10883 16038 9356 1045 23075 18395 16941 2534 16694 11418 4654 24946 12468 20741 17921 21811 18446 19999 6179 11463 12247 4579 25480 3504 22279 14767 1414 2658 13491 22562 4859 1653 26955 16935 11962 25498 5556 23122 22939 24997 18234 15186 11577 6348 15666 15141 24436 3892 7637 9578 2708 3577 23380 25708 26239 12103 7777 6841 17697 23500 18734 23634 11428 11483 13350 16479 17820 2313 
1750 101
22872 8687 23906 5406 26888 25310 292 15576 7489 4783 9940 20488 27669 17527 14644 15907 17839 16956 18546 15697 7673 19880 23014 3990 3656 15963 27667 19058 1046 16719 12317 21590 16878 2167 27397 21519 21573 1168 18802 10080 11173 14088 8534 25943 27223 6349 1264 26401 12475 2266 22595 12585 5880 18686 26022 19576 17385 10071 22058 8937 7714 23318 17460 15738 2932 15646 22050 4989 23959 27067 2787 15530 193 12297 11965 5866 20040 6396 15199 16492 27168 22235 15701 17353 9616 6537 12429 11369 27438 550 23687 14312 14322 26707 14404 11930 2857 3766 15716 25484 6710 
3347 102
18003 10644 17340 10593 1197 25344 12841 16487 15699 19303 20867 26015 11987 269 17745 13057 4903 14061 15081 6426 2343 21617 7928 7072 14440 14139 3521 24338 17684 3640 15901 12395 4691 24492 4354 10211 22357 25064 25854 21440 2079 18872 6883 27127 17269 2633 14254 7962 24043 8915 662 27330 1783 10005 34 15313 23785 4918 15602 15215 24246 21751 1671 17322 4126 2360 2423 27809 25139 25368 12759 4136 11301 4769 5503 6383 21753 8090 13917 10734 20166 5655 15132 17150 18985 9983 12036 8471 22347 20259 21227 11033 17152 928 20020 9324 4387 4178 10050 9889 4522 15613 
2778 101
2345 17470 24477 5607 6063 13814 5528 10972 1792 24807 11335 4240 22407 6455 26985 27793 16930 6898 12976 11332 3117 24128 1213 4482 2754 5626 13653 5559 9258 23536 21654 21905 15972 20329 21318 11510 362 26142 22592 10085 24776 2559 75 24330 22582 15834 23372 17345 15336 26532 16080 25797 649 16256 15539 8426 17401 24788 7623 2805 12119 10553 17348 14063 1014 19731 2611 18103 6204 25741 27586 1010 3561 3537 10683 22081 2133 17906 22142 5619 14850 957 24561 23957 23401 2990 5997 3874 2099 15063 13178 2716 20899 26537 21612 8584 5438 4546 1557 3184 3728 
4073 103
14953 3500 15204 24945 11927 26440 13205 6814 26298 10035 16294 26988 12748 5346 4770 24650 6276 20525 19375 20533 27828 1727 6686 26569 25604 19604 13623 24069 15624 22952 7265 17200 2511 25823 23725 14890 6607 16271 26384 1381 14306 1331 27575 27761 10117 22467 13097 26009 12875 17724 6902 24008 7142 5292 47 3798 26000 15148 26414 22210 26463 14141 13374 22372 8398 1201 3843 27624 11754 2113 27375 25294 9921 20474 5359 17418 2622 24783 8317 11139 24856 11945 10785 17834 19763 21234 25169 22744 5116 24105 13863 25783 12287 13143 10339 16725 9574 14778 14774 27621 22435 19149 7683 
1320 102
22788 7121 1612 10829 12140 4652 3369 9152 2483 19184 21187 22122 19293 4195 26622 17709 1062 21301 25994 18614 27090 26110 5231 14123 14507 43 7658 16104 23994 18316 6181 1466 16618 11194 8955 21258 22432 12921 13694 7374 3877 8603 11562 22898 6929 16167 7033 1797 964 22828 3230 4076 24582 5760 2695 26872 13634 3493 21679 386 25533 24311 1731 12177 21990 9289 26447 17176 14923 11731 19491 8038 26478 409 5943 19951 9529 11662 17434 27228 26941 6624 14415 21293 5810 15358 11803 26884 1862 23258 23344 12588 19810 23088 26356 11326 20643 19545 18909 18474 8194 16312 
479 101
26310 10821 16617 11825 8518 5991 3598 25149 9652 17857 9308 23580 24941 7438 8535 26508 23620 5502 20364 19174 1668 19853 15784 24449 1310 7484 19236 168 13148 9458 19473 17122 27644 11582 25778 1939 15427 316 21987 25785 24349 14481 13613 6779 26627 25217 12908 17097 13716 14427 5225 26604 19108 10322 832 22139 1888 27135 15765 489 14032 17905 26017 19041 9155 24837 16429 16900 22581 16321 17131 19895 21592 25629 24154 42 9861 5767 17722 3307 23805 19474 20053 21892 24969 12246 2075 1124 15694 25445 26898 2160 18560 1110 16137 16399 13926 1472 10276 7165 2168 
3176 102
3206 19103 21290 14413 14651 19981 23034 10455 10349 16226 24676 18399 25080 18692 25008 16727 25795 10795 12248 23882 5319 14469 21977 6395 14722 10131 22805 26646 3469 108 317 3797 18605 15115 18250 3814 14005 3054 23643 10200 18202 16605 22722 23191 19003 17679 26196 4857 10784 4893 4844 25479 15382 10857 11069 20974 2129 25944 23558 7580 3047 4865 12075 17350 9665 21129 26198 26774 4750 14943 14395 23898 22756 17796 3503 21147 3570 20201 17589 21660 6907 18936 11768 4429 5713 7327 3799 7724 16984 25267 17957 17471 13002 10810 14512 20944 16649 6593 23156 4726 25326 4997 
3799 103
10744 25385 13908 15488 7976 16317 27659 12528 14137 7106 27435 3078 26001 16705 10013 21397 20035 7557 982 3996 505 12643 21960 2495 14876 6263 13086 11581 20458 11106 11961 11376 24555 14675 13737 13333 5211 17244 6231 1828 10661 15292 709 25974 8112 20111 2779 22241 23962 26233 26927 7074 18813 22849 337 16816 19345 13849 6582 26205 26396 26796 13298 24761 19495 3641 2667 15068 22555 2985 17271 26226 22520 1306 1607 19694 26117 6357 10194 11836 17347 25084 6879 10961 12640 23699 21141 14971 915 13332 18337 5831 14549 20703 20419 7855 10064 15885 15645 17407 4455 23165 6342 
798 103
24672 22098 24072 11732 20026 14135 1672 26087 281 14460 20823 24242 5675 16736 27841 2053 5898 351 968 16703 9294 9357 24114 17836 20522 20508 22736 20835 22456 10811 2525 26754 12684 20993 1861 7284 14927 18690 7384 19036 4039 17510 6936 19818 3722 3353 7887 7914 17772 14355 3748 7705 2928 24481 9305 11760 25317 999 6941 26584 21408 10506 19443 15578 14050 9037 4631 6514 3402 6306 9916 157 19698 15991 24494 3233 19972 7291 16889 16106 20791 26317 23608 26130 3852 21162 11748 3153 3815 10515 1680 24589 3949 23402 1237 11739 17256 6541 19316 14486 17668 6895 21793 
3108 103
17741 16794 21150 14147 10498 27345 22389 17446 3401 26380 23989 21182 26476 7778 14803 16378 23029 5171 3455 11633 26773 20581 22634 13812 2861 15594 17298 27238 2291 21085 7381 20386 26561 17447 8424 1186 7573 365 14864 12344 12260 442 14343 16646 6659 14301 6418 6440 23932 21792 17892 9248 8271 13584 17238 17736 23159 1616 1329 82 10651 7731 12607 8844 24994 22182 20306 2370 12285 26913 8948 11750 13717 6054 22425 16230 24551 3182 25527 7157 15057 23708 6239 16058 5457 21137 7493 4982 1851 26427 11320 26280 1519 1005 18364 15818 11686 12254 13009 24321 10457 10881 2226 
4300 101
26721 20729 19508 26526 6800 12370 8650 10675 22795 22980 15344 2625 16003 24119 12797 19703 5861 7163 2532 10601 5316 9727 9733 25508 13403 21319 22134 18124 4140 20788 2572 6487 18961 12927 15476 3021 19759 3213 16741 15444 6401 1202 25231 9624 1166 16875 4942 18074 9991 15649 26557 27277 4273 10880 9932 3177 23204 3673 13524 10693 20351 26432 9007 13187 12225 6916 13469 2196 26258 18933 7089 10599 2063 6817 26637 22717 14252 18885 22516 23136 478 3481 16610 24624 17490 11552 13564 1791 24402 30 12107 13295 10370 14837 9094 20690 21436 13174 22556 7092 19380 
643 101
23985 5509 13799 4613 11620 3627 12104 18017 15294 15224 19257 19654 3988 15542 904 3244 17000 10152 7076 7071 13042 7386 26037 14240 27840 22272 17531 6304 14929 12617 22423 13075 17942 17377 6324 6926 8971 22586 9119 675 5510 14095 14711 6201 8051 6641 5666 23117 6347 3053 24974 19919 12135 2389 22539 16786 11993 17650 84 18903 18525 5120 10778 26589 25610 22597 24432 10075 27488 2187 3376 19522 15695 3840 6935 3450 17784 6311 21758 9120 2613 15881 9302 2782 17231 8010 6266 16842 15951 26940 15767 16435 26382 5706 25616 13389 15124 20410 1709 24295 3528 
2697 103
23497 22159 5336 2502 15989 17888 27737 11885 20395 27014 13770 10838 25500 8685 9758 4756 25302 25826 24543 26063 21911 20784 25715 20656 24681 25242 16860 19 1055 20271 18271 7857 13237 20624 7879 27760 23671 7542 25379 25444 7711 17846 20242 20911 20292 23411 13910 19757 25328 1517 21272 21909 27000 789 8001 16838 4507 13098 12090 11586 22360 3143 9513 882 21241 18155 5947 10533 17753 6893 27317 24385 23281 6341 22095 22508 11660 15616 1834 10793 1670 1332 342 16680 2411 10776 9486 12770 1275 8131 5983 22786 3114 26607 12419 3928 19601 22772 14258 16095 25298 6414 1093 
3941 104
21992 20825 14253 21570 6490 13181 18013 24473 983 5150 6386 24 18554 2147 9182 23591 1485 631 14910 4480 6922 8780 11453 2234 35 22652 26190 17387 17835 9735 13061 23208 6335 8587 2705 18680 2048 17375 27539 7904 13286 26617 24373 5070 19426 20686 8339 9576 395 23498 21659 3030 15413 19221 16589 4528 24297 13492 14067 3957 25469 9604 4796 5067 10622 17801 7615 780 16490 19267 8519 16170 21265 20879 19111 17299 795 18073 23686 22946 15557 7810 1285 16870 14241 6330 3312 17561 19816 5972 23079 5753 24186 6066 22314 15181 6567 19890 25858 8293 5041 16609 26698 25847 
2693 103
5333 23668 1150 21393 22720 8840 12455 9418 14444 58 14616 1645 21957 10616 25000 321 2049 17828 6770 11484 18150 9582 8432 10165 16833 16361 14510 22718 6503 24337 26322 12446 20882 19762 17442 14592 14627 2031 21942 21283 12056 25380 21981 8331 10403 9252 16929 24096 20614 11827 16146 12265 10160 23868 5545 13277 25056 19579 17438 24732 15076 10747 25923 19311 9517 6406 27023 7187 9392 15640 16955 20408 4823 1641 1277 15121 21051 26083 6407 927 22312 1126 21307 3958 26334 8806 27254 19025 20720 20143 26857 25599 12830 24585 5998 15774 19097 15180 1212 5460 22442 9731 3490 
1977 103
7475 7455 17689 11758 3002 23364 17197 22905 25574 6988 20996 11293 11342 17869 26245 12711 23944 5248 1379 5539 2487 18175 24559 25897 9480 26906 18760 7090 23996 9876 18558 9191 4762 26265 12653 22755 1073 26541 13053 15170 3968 26126 2338 14215 14832 16541 25020 22807 906 12491 24139 5025 1878 338 27031 16364 717 18154 23703 15985 4179 25011 25661 10268 678 9908 16923 11374 10248 16351 4633 16389 22226 26823 18397 15904 16874 13195 2565 12824 2540 15178 6070 2706 7088 25360 8178 18536 2089 20612 22463 20294 16683 21641 9261 18507 26075 13409 16172 23329 1434 10116 21893 
3419 101
7181 3036 15198 22166 27602 7215 17237 16879 640 356 7073 2591 9787 11175 6441 9502 24334 1702 25996 10772 10966 8410 22766 12376 27565 844 15481 24324 6585 7415 22186 2419 20532 6244 16365 524 9479 10847 237 7657 19432 3059 22830 13887 12385 11490 17691 1584 7035 21742 12648 24136 16298 8972 13116 5477 14553 8787 20048 7692 357 11014 14329 11365 24068 25019 1690 3419 22896 19420 17703 4731 10010 17040 2788 13791 21280 1386 14245 11354 27065 13993 10342 26696 26932 6832 15517 7158 18448 1516 20794 5955 22197 16903 17316 17163 26693 24905 14770 21603 4537 
3451 102
17304 11187 26111 25414 26067 19259 21914 9080 18844 15662 5196 8182 11741 5079 21349 4458 23046 26740 14999 11926 6979 22823 23154 26695 3715 13459 20873 11123 10919 23780 21490 2276 22993 16001 22482 20001 26072 19456 5158 8896 2908 12160 3810 25981 9510 12583 5433 7849 20628 866 19774 17284 20021 13461 25668 5900 3619 18780 6899 2949 3869 19122 16912 23003 21622 9985 6580 7578 10057 25199 9661 7947 17680 19871 2083 15737 18990 3425 15756 19691 19034 5822 608 15609 17233 3007 27508 7560 17660 2551 4046 23833 27370 13632 6154 9355 3658 7644 24085 17198 8068 10029 
558 101
11966 15814 8045 25727 3757 11455 27308 668 9699 10607 9304 6162 13266 27148 1407 187 20148 18954 14583 24524 24572 4836 62 7819 1085 14054 20924 25662 3574 27323 20976 18664 6178 14917 6927 12253 3322 3695 19980 4081 10159 2166 10526 4863 22380 2 6351 17511 13058 6234 24489 24279 20095 18347 22325 22816 5297 21678 5425 24771 3258 24224 13485 23792 20635 11007 2114 1915 14842 21355 26217 9677 2757 9053 26840 17236 7952 3463 21980 15315 3380 5858 22403 7126 5076 2568 10737 26002 13949 24146 9702 14638 20011 10956 18603 24922 9746 1831 24986 23681 4723 
4176 102
19543 20886 3580 2993 690 10987 23479 18405 2485 6259 16034 17571 10967 12615 6989 8231 15570 23638 22753 14078 10135 15262 18213 355 3808 5978 18488 1695 23999 22047 17600 19152 6041 23285 10243 11494 19725 11071 13826 5287 11495 11839 13076 10134 21310 3967 24179 26307 25839 16867 19001 20641 21183 8361 26838 10963 23705 8084 13621 8416 3057 11687 14498 9672 20032 18490 2020 12005 3089 15888 27611 9085 13835 8743 4446 14234 8822 24236 26308 408 26803 23973 838 3849 13052 13355 5553 9997 6713 11793 21456 11404 6603 4233 261 18216 8412 1889 1660 20549 26269 6776 
3619 102
10818 3486 18424 25168 1501 26895 15547 12652 14360 2607 16232 7369 19339 7625 5995 27288 6481 20340 16114 19607 3025 15667 20101 25819 10548 26540 17001 1239 17394 4074 1042 5243 8686 14501 1475 7474 6314 2842 27740 2891 6547 17861 17943 5275 9803 13160 2434 12722 11802 4681 22340 21808 18757 2245 19754 9243 10799 6836 21851 16343 23751 18398 13841 20770 7014 5791 14744 23590 24450 19653 15067 13695 15216 4802 27593 16180 22160 15188 17177 8792 26385 27682 14891 25585 17544 23024 17780 17881 11162 25840 11847 19171 3487 22059 1780 3680 25439 13985 11310 27618 4621 15593 
680 100
14441 24738 22049 2358 14365 25103 20844 26656 1588 15628 14487 2470 4310 18688 23494 24919 16687 23945 12002 18184 13836 12004 14096 19920 1056 7650 19615 5602 11668 23734 18462 19582 17508 23516 23561 23954 2086 21133 5751 12237 11479 10320 14140 18104 16937 8418 26123 9328 21378 7197 3142 20180 6360 23115 17959 17141 19206 5176 8085 12540 23691 19101 25935 23483 2692 20060 2438 5397 24157 18212 27212 9012 10646 15441 22214 26373 7346 15120 6317 4432 463 12170 7686 200 9779 7978 4133 20372 5854 21179 20687 15535 23359 19399 11801 859 20695 24035 21189 2170 
813 102
1601 1069 15571 6175 19434 5422 1179 1279 21418 23661 1914 8453 4239 18176 22287 6668 17557 17012 16175 9572 25128 24442 25896 8791 7804 1637 7528 6431 14962 1537 1863 8102 12674 2980 10246 26325 20535 1251 13596 23375 20815 18432 15279 20477 13721 24165 12257 10594 25355 17542 10255 8381 25098 19630 14843 15832 20023 27772 9737 13880 12032 10939 26241 14320 26957 25633 17931 4035 26309 27441 24584 12932 17883 14558 6801 23189 15307 18159 20799 12714 16168 14947 8730 4696 27018 17314 8527 11610 19110 21967 20315 7132 23883 8 24576 8445 8318 13999 25504 26644 20226 10567 
9 101
7070 23001 19892 11114 13660 18600 3847 19500 27158 15889 16596 1540 13591 17261 24832 21813 16288 694 25464 15169 712 1992 25641 11889 20878 20633 8011 22331 14713 14812 19231 11174 20253 9060 26814 13082 17965 18342 16496 52 5273 653 19033 3576 14716 26443 21119 21775 2546 2844 19012 10096 12388 18637 20937 5658 10679 1686 21494 11745 20648 10360 16100 22892 1782 12960 4329 4566 23874 9032 14458 22874 13439 15155 18939 22751 4006 27770 8040 11806 16497 5237 18848 21730 14403 11895 4584 21699 11273 23137 1618 2772 13488 3266 21063 7348 19575 15214 27431 27818 18696 
1600 101
24866 22177 15417 11752 23325 23203 568 12044 858 5611 13420 22938 22569 7495 207 373 21788 12650 6420 27169 9209 10291 27293 3540 363 1562 16832 7336 16391 25521 17633 1135 22822 5416 25873 9841 14219 12536 14202 16645 8984 13291 7290 2566 3409 1573 4194 18217 26254 12809 19782 26534 22675 13318 25804 13543 10479 21338 12791 25093 10297 14884 12564 26256 2065 17068 18881 3850 20616 7227 6881 26958 18676 10496 10676 14336 18496 14963 21681 11534 3805 1400 17814 8681 16898 4884 22703 18165 13710 21097 27075 4998 5821 19780 3780 10427 9476 17047 22178 17951 15687 
4326 101
20733 2915 13752 14468 23166 21826 14798 2701 19265 20854 14615 6200 27838 17354 14937 19619 10127 25477 14982 4371 11661 11747 14482 7568 18147 22550 10476 2294 20455 17048 14009 2820 9530 12924 25807 8135 11883 17963 1957 22791 3534 20841 17894 8357 18264 14388 19347 19675 13913 21287 5220 23383 14899 18834 16575 13883 23397 23015 22603 19074 24816 19383 17370 15096 1657 5035 19179 21468 6888 14323 15880 20432 4164 21600 1388 11985 27322 27076 24780 17967 10890 8608 3387 20964 287 17858 13553 26172 24666 25820 14756 14493 563 1740 11515 12598 5879 15529 22150 4038 19335 
705 101
2433 14954 5394 5444 20209 27351 1158 514 19043 14691 10898 16211 18227 2425 25928 9716 14278 15747 25792 160 20491 11594 26212 20979 3662 17409 1243 14870 27606 21613 21558 5757 19728 14361 10122 10839 8485 15808 25936 26597 27720 7861 23045 17307 21772 14164 13730 18499 2557 7641 14296 4894 27155 146 12689 25640 27771 23377 13379 27101 21515 22561 9509 7371 13955 8846 6024 5583 1829 24950 7155 2595 19503 22326 5784 24540 19644 9762 1296 17241 14178 10576 21292 23286 26095 23289 16973 25825 17552 17789 1119 2826 14556 18389 26716 20930 9071 8923 4807 14838 8002 
4286 102
25748 23836 9333 8353 7872 7630 16046 8204 12649 19505 22383 16331 7234 23501 15505 1195 12271 7018 20159 7066 25092 12716 13944 5339 11644 5594 5343 3270 24521 9351 1394 4999 4561 11125 3381 17309 1200 15471 5080 9868 18796 20361 17912 24577 9808 11318 25325 14085 8604 23859 1598 3088 1652 3404 22431 16728 12273 17341 4780 7099 23803 26461 16425 12301 7160 11265 16559 17538 13449 22464 16958 19382 10262 11538 8077 18886 18030 13245 7390 1553 6834 21739 6274 12149 2682 6978 26203 14031 14777 5933 22509 21640 20521 2593 5937 5733 1811 26924 1444 24515 20952 3421 
3438 102
6740 12013 6791 11339 17867 17039 17243 201 25706 10313 4869 26824 13466 24647 21690 6307 16214 25513 3236 2585 14939 7203 8058 9453 21580 22534 4812 3616 10697 24464 4660 6853 24048 16087 21178 26352 7418 16722 12462 9830 2610 11 7345 21704 4569 12077 15937 16529 18280 2562 4821 22514 17626 22385 18697 21540 11770 17488 2612 4002 19387 21794 4526 25918 1245 1879 25153 7834 25466 16198 12677 9136 13309 25450 16820 16470 659 18411 9156 8291 23345 14459 18839 17758 2890 7402 20573 3345 7790 27709 8262 7700 1022 8689 9431 15291 9822 11493 13822 13712 18653 7053 
254 101
13503 20593 2930 20308 18309 21111 23565 5131 27406 12451 7829 21116 15456 11808 17631 26538 15829 26058 11121 15506 12053 12499 6245 5868 2248 9185 25050 26802 8715 10686 6080 6937 22411 21102 10030 26056 22901 3395 12971 27071 22229 22572 6821 12025 23184 23140 9550 7243 12492 23818 8247 18345 6197 7216 25916 10708 27162 19517 19681 3216 23795 16090 3752 24971 25756 22552 8367 14575 20404 9397 19781 21959 25075 27801 7183 10560 27220 3969 21328 11763 18149 13364 5179 27093 15561 8213 21422 343 11719 14496 23468 18472 11894 22161 25503 19026 6108 18666 24952 12471 17121 
2397 101
3920 14010 15601 12947 23052 21630 5754 2337 16060 21273 13236 12206 12251 13860 4470 24633 6767 6860 14052 11726 16174 22669 20339 24125 6565 6354 8360 11370 23998 17787 23673 14084 10467 9618 579 3012 5082 10703 17583 20195 8727 5610 4923 26435 23589 24656 11716 6004 22854 15003 25656 24234 7825 22647 13992 8378 12411 7721 21532 14248 2273 147 18011 12262 26169 16092 5500 5300 1528 7096 18473 392 1376 1543 17210 14342 1476 27231 8242 11170 4032 1504 25441 7052 113 9885 13650 14363 20997 24720 6018 22644 21836 17036 15931 12806 1121 26188 11077 6744 3693 
433 101
11324 7538 8086 2367 13115 23547 20542 26919 13707 1429 7255 10634 24970 5344 5380 18198 24326 26446 16967 20731 24182 21041 9373 20299 11153 3043 1830 18035 10442 26209 7550 7569 12979 25376 3221 2660 13987 17738 26371 6376 2427 11041 4111 16400 9173 19660 15486 20336 20483 8978 16085 9855 16837 5250 23350 10640 9038 13079 17183 2751 14934 8500 3314 17657 7742 10989 3371 21643 2893 10090 17666 5191 17213 27273 21504 22388 17939 1675 24951 27715 24143 3708 25670 8466 26894 11892 21696 8618 7852 4810 13536 2520 16287 12586 6737 372 19048 25249 19144 24968 197 
344 100
18847 3718 6780 14216 10910 7802 13802 9951 25578 23505 2962 13984 20394 9268 3709 14371 4320 139 4765 19968 682 2850 23392 3149 1384 26926 5229 25652 5159 19201 15377 18241 8256 27010 6016 23269 11242 15130 4497 19367 259 19027 9111 21946 20009 14741 20415 8684 9194 9547 23790 5244 24286 25851 26844 13986 14524 14374 18853 19704 27102 16748 20484 19852 10855 11676 17944 18047 20691 14921 25287 10120 1366 6120 13139 16627 26124 4209 8311 20777 2723 16970 19283 10998 26021 4926 8875 14316 24111 15267 2778 17659 7524 18715 6666 12847 9385 19355 5104 3199 
2688 101
14582 1891 14158 10940 16276 4302 22737 6326 18314 4237 10354 11323 13605 6459 26070 23326 20278 718 15195 248 1819 19076 15473 18277 13540 26368 26521 2687 10318 15212 13769 5328 18261 3000 5105 15310 2364 5710 5950 19403 2216 18079 12236 16299 9002 10176 1236 16275 5381 8309 23028 12857 7437 9322 1113 14433 21012 21786 8406 14682 14766 21463 499 17327 26642 16637 12794 1574 19135 3735 3719 12625 4848 2671 5718 22651 294 7006 5939 11233 22598 11805 16000 4718 7839 14018 9006 415 12403 15030 3828 26141 6381 4270 8212 21444 18021 1178 9515 23870 3844 
3790 103
15693 26836 10834 13651 15324 22031 17611 13254 22613 16225 27213 9477 23685 22794 12109 9039 8477 14831 13336 13808 22676 2488 27398 5562 6597 8631 5867 671 11544 26442 26513 10803 12117 11167 4276 7970 13393 15691 17682 14047 4461 16780 5881 21350 6939 6810 22454 18420 14509 10110 27599 1699 4655 27657 21802 23714 24634 12478 22252 20464 12994 24658 9277 23550 1997 17678 7368 512 21898 15418 9207 24936 13628 6193 25979 11067 8019 2022 25405 15623 16979 183 6839 20781 13898 16504 26220 11183 12061 5740 15869 3997 1751 13029 22706 17522 27132 11392 6906 3514 4103 26881 12252 
787 102
12431 14768 22832 27326 25087 15491 2311 4545 19783 7933 2678 5210 12345 19470 14684 24991 20893 12081 2373 20970 18535 4449 12726 9215 3316 22677 9536 12929 3639 15497 11880 2383 3081 24874 2774 10957 7563 4687 4582 1948 23324 7838 14453 11223 27192 8712 10754 7417 9346 16227 20986 20439 878 13796 24630 22270 14070 7036 7811 7276 14745 21168 2428 17515 11025 13274 27011 3430 9200 3783 23983 13852 12269 16604 12229 18563 10056 13339 18210 25121 10214 5959 11363 27766 13785 22862 23129 2067 17848 2177 12141 26720 15651 17117 11379 4014 27722 4321 12349 24211 9293 672 
1961 102
27815 24197 24216 25997 14535 14298 7598 17014 3429 12439 17802 15014 3939 25029 23693 2631 10782 3331 22956 26011 710 24686 17282 7317 20737 12238 6651 21828 7404 895 1415 6172 20066 449 27156 11424 21304 12187 7806 25039 3246 1006 7388 23305 18758 22281 13545 2430 27019 21291 15051 27464 15270 822 12764 1544 13726 25894 23398 3986 1405 2395 15890 14720 5971 7069 15 3999 27069 23515 1002 4554 19156 16759 21877 20392 1854 24759 24024 2975 26636 1745 2091 16045 27450 7445 4552 16625 18251 21536 6208 21701 2117 18274 14372 26290 11459 5269 16893 4258 19708 2582 
2939 102
23647 24715 5712 6680 24649 22115 1346 22838 19016 13131 10758 6444 25914 12209 24651 17700 13106 26121 11977 21121 4984 26849 9794 19831 5773 6467 17103 12245 18913 12436 22072 4563 19672 23138 20941 19828 26186 26268 1747 6160 10054 7274 621 13239 19477 4393 16108 10340 10888 13430 27390 25511 21018 2156 27477 328 3601 22082 3562 9748 22008 5149 12894 9931 13821 4669 19490 5659 20487 17817 10368 14742 14502 7010 27574 5302 2860 15868 7967 19594 15028 10347 16231 23424 8655 22042 125 2046 17332 7194 16946 19329 11053 14463 5068 19931 1204 20883 12697 11849 4620 15883 
3910 103
6026 20344 713 15676 19729 24892 23450 7380 4993 1945 17494 20204 5442 3684 7583 18648 911 6903 12343 340 5834 5797 24405 8205 8435 24757 26464 4583 13326 14527 23513 9717 2927 17601 4979 2506 23499 20708 13974 8386 10229 16742 6000 22902 10123 6526 23642 9067 21359 8644 25912 1064 13598 3531 10751 1114 24418 27679 8394 21268 4435 23784 17953 20495 21962 7966 8456 14931 7279 18855 25431 21888 15895 1325 8991 15309 19000 24858 17853 15355 20966 23851 26150 20071 17101 9088 2832 22164 6534 26531 19662 21776 10977 15785 21955 4279 15717 23750 5291 8851 13213 2961 2349 
1002 102
15312 14000 3588 22352 14168 15954 3360 2659 24102 7515 19165 1268 18008 1688 20851 18641 10716 13978 142 1991 16260 19963 11328 467 1244 2529 15727 12359 12567 9344 15635 16640 19578 7189 17395 10765 4260 21677 4264 24608 7726 1052 9977 9631 5723 17521 24568 23340 6139 25418 17358 5354 10598 21042 8735 9035 26276 19748 2144 11012 6986 7543 18225 3984 19129 12735 20264 2182 7696 26922 3483 5423 18040 2102 25447 19352 6509 9629 5803 15298 26892 21988 10562 5424 1692 20927 5800 17477 8605 9554 7427 20594 1194 20604 26105 19639 9636 16327 11284 24698 5717 18912 
722 101
13624 22589 27790 27201 24809 775 13378 22305 15303 19460 13807 17495 3560 18140 20868 14577 22635 26806 24897 21015 6240 27087 4761 12016 18979 17162 9457 2384 21193 19849 21220 8961 1548 25722 13975 11974 10281 623 544 21670 16041 21997 9620 4259 6269 12038 14692 2809 15477 15375 12010 11571 26282 15917 2210 19089 9587 1719 23151 16418 5934 11267 7875 15151 1074 8179 21899 12143 23928 938 3725 21038 20130 2775 417 3212 16932 12521 13288 14585 21535 18497 265 2154 14780 7217 25841 7609 5790 11155 4758 19664 1996 1822 9887 14801 5599 25227 2259 20965 2074 
843 102
13280 23272 6218 20287 1522 737 4341 24044 8521 16750 21398 22440 18307 5270 11524 4781 17164 14797 7772 23214 7204 14421 1753 25305 26154 15971 26852 10216 23641 23972 12242 17242 11258 3854 19296 13499 19088 360 9031 21435 20946 11235 7688 16454 510 22410 22303 8536 15943 4618 25333 10575 10102 11934 12201 7670 15245 6432 25700 18057 8976 9973 19789 19092 3747 27422 18380 24802 5669 26972 11212 9508 17074 19975 8337 19332 21858 14373 25275 17250 15439 8755 1920 5598 26641 13080 17896 7661 25732 14878 27182 20607 7319 2813 17211 11073 8126 12990 5007 7011 2594 2743 
2384 102
1824 1060 26323 9114 23967 2128 13572 25312 16243 6493 17184 22228 7237 19974 16139 2405 8763 26046 2519 24779 11075 27646 23197 26710 23507 22084 18467 24947 7911 6321 13604 26013 13733 8024 14717 890 21768 1399 3406 12065 13359 8448 22594 16293 471 25907 4943 10487 22370 17916 13421 16749 22502 15249 15464 24162 26816 17543 9715 10870 20314 6512 24915 4668 21602 4100 21448 6198 17098 6581 7704 22759 16524 4817 21799 18517 14779 13085 14120 18608 24509 11491 8696 4483 6470 24884 18636 6924 27196 6491 3698 20902 6293 8700 14447 21947 11307 20103 23584 1684 11238 15982 
3229 101
27697 4293 3263 23772 13110 10538 2462 16661 7408 20375 25161 22643 7767 12814 2655 9818 10614 9139 21663 939 12561 24256 2717 11957 26587 13654 22246 24396 17065 13215 7305 12763 3454 15637 17755 6322 22394 11306 15152 27467 730 16386 2641 13065 3644 4108 13150 16615 2272 6571 24178 9126 14025 18023 23381 8553 12367 74 24653 6454 2769 11549 1814 24646 6996 10437 21544 1765 11542 20579 5547 9784 27730 15934 13643 7649 27579 9966 12155 23622 22310 12028 12232 8784 27775 22377 26132 6355 23800 10213 5798 11909 2298 8718 19205 23058 20940 21425 22668 18200 26381 
2805 103
4801 14271 27658 24358 4478 24648 16177 14807 12745 8795 10299 966 20931 4627 5036 4841 24320 9108 4452 10327 11043 26438 26799 25148 19091 25690 3890 1304 16498 1530 20743 5401 15916 9450 24548 22358 20595 13787 8546 19437 23139 529 13073 25283 20887 10540 23244 21033 12474 2797 2898 3575 15675 24483 9563 26676 6346 16237 21859 3496 4234 23830 27474 2023 20914 26588 26704 2287 18043 7780 22185 21983 22904 20093 22690 25877 24163 10561 10929 11254 10729 3104 16771 1398 22995 8208 7012 21958 17328 9399 26800 15617 25181 6363 13827 5286 71 27468 1711 23531 16715 3900 16220 
517 101
13019 24164 10805 14560 9124 11286 1089 27408 4746 6862 13702 2476 21734 7020 15900 1925 20945 7575 18566 22311 9647 8409 8265 7986 24592 18105 11888 26449 14109 7682 9804 25942 8985 26712 25180 17694 15411 4932 15458 15016 22914 11387 7447 21614 7530 13976 899 23948 12539 18928 19060 4656 13566 865 21248 15548 13947 27729 22577 25215 946 19004 18346 23423 21149 22538 9492 19917 1608 26020 182 22945 24155 7827 22445 24739 794 8039 26727 11947 17604 2336 11298 4874 11587 23512 11039 21321 12324 24643 4453 18341 27542 4714 26519 9504 20529 21706 25888 14045 4011 
2092 102
18857 23940 413 4890 13243 11664 6127 7407 10227 3786 5188 3536 25862 9780 10665 3516 23860 4814 17938 5513 23488 24961 15093 19559 16394 17393 2256 16070 12575 24534 20076 8591 24181 24379 13567 25454 4079 15335 4721 19788 8170 5572 3763 25393 16252 10014 27753 25135 13472 23503 15555 18555 25189 25236 16841 24350 25609 4649 6084 15218 25868 26791 27810 1210 10669 23051 15044 2808 9179 5427 21073 20901 346 1698 16025 15807 5912 20917 4142 19005 11816 11869 4188 13833 15994 5948 13300 5788 19627 13773 2947 18609 10916 6465 11520 23238 5040 14260 11237 8464 23871 15786 
1076 100
12843 2662 4815 9930 24121 21827 11684 25021 12999 27553 25280 18618 7239 15543 13582 24898 11740 4952 21607 7685 8864 26147 6894 13831 7587 611 531 20423 21244 17022 13662 23690 12437 4575 4642 27721 26556 26160 6114 17218 15482 21200 21242 18381 4500 5911 18782 21358 25213 21816 18445 27331 16012 25338 27595 16242 16689 2710 22213 18437 26341 18590 24804 21247 17879 7100 2677 14587 12296 21256 13725 26535 9939 24506 14183 27609 25351 126 25950 27272 19516 19802 3792 7439 23162 23489 21855 16376 11720 25620 20444 25291 24060 13415 3217 3523 6782 16436 16315 6568 
2650 102
11143 26758 15938 17955 23936 25782 23391 25346 11061 14835 14377 24880 10223 21473 24775 19967 21703 9878 23104 26997 21295 27038 5215 8739 9165 9146 11248 10400 26811 3924 2790 6494 23 888 25658 4045 15337 4180 7991 2573 5312 22208 26248 15981 4535 19191 14701 16258 3235 4598 23896 12073 11137 487 9132 306 11181 23876 22622 23097 21765 3159 11865 14048 5085 14909 14608 9395 6408 7156 16962 8764 17910 15129 21093 3946 4578 17519 7715 11629 17526 9852 9626 7605 4246 17272 6448 17978 26817 13235 16342 2862 2340 500 5373 15822 10435 16037 7269 5722 3393 22237 
3358 101
6636 20647 25423 26682 16724 20921 8640 8856 25666 17154 18301 20131 23728 15894 15833 11743 5970 19893 31 1338 9131 18444 20803 19177 8921 13331 6596 4351 23425 5620 15467 14721 8257 9653 24275 8859 3933 7333 3819 3944 12082 12409 3974 7908 4744 9128 22835 25611 557 5975 18373 8555 23963 20700 11870 7876 17914 16991 14108 19569 27166 20273 23715 9544 37 21176 9048 18285 20585 15011 1183 9892 10058 27463 18179 5892 13819 21125 25243 13617 2492 17064 27716 25063 27498 21890 15402 19784 2446 25367 13349 221 7005 15546 27483 24274 23271 1171 20118 17961 5235 
3335 101
10357 24854 21246 13278 20072 27100 23093 17981 21142 11672 24360 23645 9943 6116 19676 3873 22486 13371 1685 15527 14474 2134 10826 24261 4547 6302 1442 10574 3445 27531 18704 16078 23355 27420 12008 152 18330 15819 14261 9503 10557 14315 9605 2217 25624 19217 27255 13522 21486 6196 877 6550 17804 23592 15757 150 2473 16811 3848 22400 12795 22932 26116 857 5301 18412 26527 10490 16324 8052 175 9390 7395 27703 2811 8081 12259 27817 18547 12869 7257 7979 1956 26515 20010 14318 18748 9347 16310 27629 23521 25096 18193 6515 26148 14173 21381 9283 15052 25777 27096 
3359 102
26858 12405 5265 22615 27665 19889 10674 6 6413 20305 22404 21610 14514 26899 15587 1301 14520 5134 21646 3919 5126 9203 25465 6763 14242 3624 2725 16880 21212 26353 5410 16861 6081 22455 21754 16655 27768 26175 9614 11313 3937 19075 14097 24376 26014 6186 4334 3414 17441 828 20553 26406 12651 13648 13530 6578 4073 14350 1435 3907 13936 65 6046 20260 17222 25927 1663 5187 11011 23061 8057 21462 17549 11855 5127 2162 7617 23924 25774 21738 6577 12676 27115 5726 914 20598 20115 1023 12807 10769 4591 1850 16489 17159 7223 9137 14547 21053 11502 10249 17503 19481 
469 100
7921 8062 10620 1855 24824 24747 14649 7534 27165 7761 23002 22306 15838 24406 10823 13665 12137 17534 25102 23435 23055 10151 16648 320 5062 17031 23241 21109 25238 3817 6367 20041 3302 6784 22012 24302 4447 19511 24737 1693 19693 12747 2003 25598 6900 9640 18571 26517 20248 17403 11119 960 14017 10293 25869 14559 9623 3897 27173 26936 19555 18414 15600 7107 22434 9767 27346 8215 25695 4392 11588 27136 16917 24387 13212 4294 20988 1924 5456 5390 18049 9363 15582 13451 14706 25637 10048 8940 13501 21069 16362 15350 26572 23721 24860 18968 13700 24108 3281 16986 
319 102
7268 14530 3061 19472 1547 12327 6918 609 27758 9236 8810 21779 27683 8882 526 3069 22947 10168 10930 1348 20557 16525 86 4995 22457 8446 7141 3020 5586 23757 19326 3753 4889 19410 27062 7134 25040 11234 1898 17670 18010 11351 9520 14251 7193 1295 2874 10278 14337 21317 24852 841 21032 19634 7180 13751 7655 17102 24089 7929 12881 20312 11651 4931 11288 16311 9218 27183 16291 27003 3688 18406 13025 4287 22062 25856 12303 19465 8989 21764 18207 13092 647 6300 585 6579 4700 18593 21970 25939 20128 473 13457 293 4876 11901 14483 9451 23456 808 17985 26606 
2181 101
26578 20909 6615 22495 16408 23682 18298 13394 23436 6144 4544 24869 3754 16586 24441 17671 15672 25443 11142 24417 27432 10038 26648 7863 12974 21016 15884 11995 5403 18428 21747 1750 7202 23229 3781 23361 8474 768 26777 3829 13538 18670 27822 5376 5086 2465 24707 18239 17219 25768 11321 10316 5030 23917 8950 25693 27396 5787 13003 17829 11208 22799 18969 11624 14654 23353 7473 23970 20881 3398 16730 23250 1494 10197 7576 4451 24845 11129 6638 624 25600 10037 1746 24566 14422 26320 3926 26491 10004 16091 15137 13888 14515 20119 20154 12945 17315 18404 6209 21868 2354 
2536 103
18516 610 21700 19979 13238 10762 15706 1477 18849 13077 10219 20137 5949 9785 22522 11625 22167 18908 20346 5458 805 9755 18083 5771 6917 7588 11017 18562 12092 4025 2071 7735 20973 5632 20348 546 7382 24800 6236 8734 18449 18691 4280 20319 1876 19809 9494 10310 17329 1359 26272 8344 18418 22678 25342 8549 26647 11893 18719 10584 19008 19073 20229 3296 10088 3127 15837 450 8548 19306 15010 1138 21866 25866 2348 3489 7748 10407 9635 21740 21606 3144 9757 13640 18027 26891 27191 2883 16369 18829 24812 25954 3273 15965 11505 15568 13608 27710 9285 20186 11200 26326 19498 
322 102
8693 3683 21077 13686 20084 21347 4701 21807 4379 1066 24267 26911 8752 15692 9749 26962 27719 25753 13915 18470 12687 13155 25137 6136 14824 14660 2092 25648 22222 7026 17529 22148 842 16413 7261 6113 18545 12175 2466 22750 21002 3282 14195 3866 26362 21491 10501 11557 26131 8850 7111 22767 27806 16458 8116 16644 166 4425 2513 571 25822 20895 13967 7146 3679 4416 6808 4632 3764 22649 4484 1440 26539 22114 14765 7505 17621 6540 19251 13952 22758 17920 23443 24823 24641 4162 10462 22948 17344 6887 15331 27407 23365 21405 3042 25193 9865 11128 13000 4936 22155 25701 
3159 102
965 17199 22957 3495 26980 5133 9058 26346 9645 9474 18293 26518 13941 15925 572 20189 25300 11311 21503 5833 177 4181 12503 14223 10231 6370 25628 25111 15171 9361 466 21708 1193 16063 15187 7377 549 12906 16101 26329 3591 26153 6972 17737 21531 4278 14826 6643 27661 15815 27315 19625 14893 12182 3524 22918 4113 22007 1659 17808 18524 17573 212 25970 2875 3224 9545 15258 11359 5466 25104 3031 9287 24046 25140 16577 9970 13772 16969 14049 12244 21829 2941 5498 15261 1131 11414 13463 19565 1371 25531 9428 25645 5633 6262 20164 10325 9464 25076 14220 18370 17651 
574 101
6156 3010 16919 17142 4419 1500 8069 26722 26593 8316 11219 5178 27556 19682 12180 9271 1019 3372 13168 15744 9414 14709 13016 24308 15056 13118 18964 22180 6681 15325 15979 14532 902 9046 1030 22928 13688 18597 23854 6093 12488 26510 11166 17783 7253 20638 2924 9466 24504 23816 18441 883 23740 18007 8148 2499 7824 7859 8731 7582 21767 16797 12584 18119 23306 7273 11447 22263 21920 1311 9386 17712 12781 20958 10525 1061 26249 21340 3293 23299 11929 14605 2605 4311 18152 20122 21732 3987 10304 13892 8400 8413 22044 13261 25138 19560 11022 21275 12295 17663 2039 
692 101
18650 17613 22906 13789 22776 14905 21538 25846 5332 10510 4408 11251 9312 1353 13823 11452 6219 10377 21676 1704 27694 19346 23520 16414 7429 6943 12310 8507 18669 16121 9202 15674 16789 8082 2453 18531 10183 8048 11179 3975 10617 3080 9539 21583 8779 18959 18098 10699 23752 14609 6947 3617 9412 3459 24818 3650 7054 23068 138 27206 4004 4626 5325 21270 25990 23755 2100 13895 10124 4337 26460 16396 25967 18222 17899 9777 11724 27097 22393 12226 27170 19512 26357 19502 3105 2448 23492 25211 23893 220 20849 25638 24565 19803 11683 11655 8129 8430 23675 13232 22290 
3752 102
27064 27123 20246 642 3366 18290 23027 13811 16426 8289 14681 10103 8325 7242 22141 13954 9142 10238 2759 23084 11413 9382 16767 22234 13285 13766 10292 1909 16366 20211 6207 13529 722 12771 9467 16770 27598 17852 6062 11690 4271 11903 23760 26012 9072 8838 11761 18025 16671 27778 27517 27545 19487 21429 26943 10032 13216 3477 18703 9192 26200 1344 16798 8716 20425 6392 14269 8656 5474 26409 21243 5294 3813 18997 26321 6640 9442 2019 3936 18893 260 26003 2221 4845 13627 14110 26668 25366 16808 12527 2227 19804 15168 21021 4020 16131 22989 3605 20113 11397 24342 23030 
1326 101
323 21644 11756 24277 23327 13476 17362 5272 15946 18058 17637 1913 16017 215 27458 3126 8065 5130 14204 3894 13248 23942 233 8908 17862 5778 25237 24541 24705 13760 24135 8724 25392 25587 17692 17436 22893 21756 3729 2885 2903 22477 20184 4218 17260 13125 19914 18231 10960 2246 5348 10007 6254 17063 24004 3011 6398 15799 23278 4350 3133 20766 22625 8598 11969 16546 26077 6020 24244 13324 17799 12634 2131 12542 27825 15177 14434 13327 8767 24609 7228 14539 20406 7182 25519 6277 20435 21101 8139 5796 26567 21632 8125 10167 14293 17078 8226 7083 4955 311 11253 
3602 102
19524 12400 19362 14383 19573 23539 27004 7188 16493 9723 8334 10148 17292 508 7353 14028 7017 5295 16305 9783 6948 26156 10445 4603 26418 11646 7287 26850 2992 26675 8314 5138 21513 13367 24368 23843 24016 22933 2056 18606 7506 17020 16083 2995 11663 11954 1627 6404 10626 3812 27506 2267 241 16693 22300 7848 15810 22430 6422 16574 4331 6252 17384 20440 15956 7900 2979 27796 7446 3634 12146 16259 13419 16892 7125 24209 16851 11778 24408 13866 936 9468 22900 13453 19102 5024 9005 20938 3317 13142 15583 7784 9162 7823 24944 4464 16042 13329 26008 6689 4922 2000 
2892 101
13159 11725 22515 12280 18221 5944 26552 26970 18677 16909 26035 21865 3289 12829 12900 1929 6759 5829 6632 25174 5951 19414 8551 12481 15836 25390 102 14883 23573 23717 26633 22165 12938 7031 27149 19147 14119 22985 23321 20705 25353 12200 17555 16309 7399 6022 7968 2621 26287 21760 5342 14042 10552 18689 26364 11210 27257 27208 9586 23338 27724 11812 26766 7893 14815 22125 10608 1565 181 17060 14093 13837 8229 15265 12985 27383 12655 19453 18957 24283 19081 17842 18580 9116 7497 11517 14153 14268 19667 13241 25728 17705 1288 5873 20855 19606 227 21177 8701 9216 9992 
2617 103
6389 18232 4399 907 17355 2142 1786 14197 17615 20498 2853 25014 7529 14950 10899 26213 26580 4511 24248 547 628 24688 8348 14401 8302 6471 25911 22227 8211 7344 1506 18101 21798 26404 17191 18538 14392 9259 6969 14991 6667 5511 1571 21461 8758 24468 22138 5844 11637 12568 156 23680 22040 24466 21048 12485 19613 27050 21309 17043 21160 24291 3727 23042 21070 1012 27470 15791 21950 12000 10106 15771 271 25348 1743 17747 2894 7403 2661 7292 24865 21277 21067 18051 25991 18599 9965 9235 15518 1462 10358 21766 19164 22332 25760 3981 18430 1988 21971 4907 18578 10439 3218 
475 101
17264 23873 22334 14098 13496 21762 22716 9601 101 532 8193 10483 18807 18375 2418 23543 3807 24444 9 9538 208 24433 25729 12555 4244 231 2420 15106 9463 15264 5162 5806 5624 12831 22626 15161 17245 3664 24345 10302 5219 16754 20757 12936 3557 6709 24636 9091 14565 10272 1969 7113 6919 10494 2843 17800 5369 9275 8761 15589 2443 13735 615 8372 17096 11496 26989 11900 2278 2543 16112 23530 23347 17925 19896 14972 14420 3346 26010 6013 20513 19841 26376 1930 25022 10365 24200 21086 8531 26549 18615 25710 12434 19203 17369 3035 6790 12458 684 5349 12776 
836 101
15365 26625 10522 2925 26871 11699 27843 2435 10558 25222 9506 3802 20124 14977 879 24210 14754 10046 27412 3003 7030 21924 8996 24460 9947 19855 15855 14073 22655 18799 5973 7508 6621 9420 3633 27037 18842 3654 5175 21061 597 6076 589 16800 21623 8705 24517 25921 19192 5494 21411 595 24240 19568 24099 9056 21993 4299 407 14283 4794 13563 10378 6925 6361 8333 17076 12734 4127 23872 8403 16251 12410 20797 24920 22011 16118 24140 15538 9543 19286 11314 20227 19336 1952 15828 22754 5584 18854 9942 8147 4560 13081 7992 20989 13619 14060 21128 10711 3717 2577 
3706 101
10647 10763 7286 15457 1576 22273 4692 8183 5974 8930 4469 12249 6849 17028 16210 24798 12956 15428 22313 9621 4588 25408 19984 14417 8370 1980 17792 9448 27204 14782 5761 26479 22170 11780 3529 13509 21117 18209 10740 4643 15550 12611 11939 27109 24645 8833 16926 11941 17513 4149 3625 23038 3111 22770 5200 11705 26915 4427 7411 22638 21689 11738 19466 5597 24013 2685 16269 7051 3509 17008 5163 7093 21684 13166 4611 11283 26386 14733 2318 11239 27122 22453 14208 25424 24930 7636 4252 14601 21264 303 5535 27547 3009 3821 27592 21657 15108 17922 20063 8483 11878 
