87
3202 1
24377 
4273 4
19202 30054 17274 30117 
4813 1
32050 
6322 1
7664 
6703 1
41087 
3564 2
22325 19022 
506 1
30167 
4530 2
11369 16733 
2016 1
10008 
6434 3
27706 40117 41685 
4531 2
45915 40501 
2053 1
37292 
1814 1
39570 
4096 3
21922 11767 41728 
3505 1
39156 
6183 3
34711 43554 1834 
442 1
19263 
3411 1
19626 
3295 2
26291 5773 
4022 2
42761 17082 
6214 1
22277 
1511 1
2757 
6699 2
28710 9840 
6220 1
6444 
6844 2
27795 40102 
873 1
15466 
6178 4
15836 10885 35652 14519 
2256 1
16801 
3773 3
29006 42583 7628 
987 1
34946 
3416 1
23670 
4599 2
45894 46396 
4869 1
19678 
5499 2
4421 35927 
734 1
2454 
3906 2
519 23305 
6380 4
29062 23474 28628 34881 
5950 1
5324 
4416 2
6819 10059 
3700 2
5708 401 
3696 2
9224 40772 
2267 1
21579 
4157 1
24339 
2750 1
43017 
5465 4
11833 32345 21460 22311 
2658 1
6192 
5592 4
19512 25732 19820 9357 
1497 1
2304 
5221 5
28791 30389 31813 194 15606 
6668 1
30734 
771 1
42445 
5036 1
25698 
5371 3
37873 11145 22147 
3722 3
22917 5455 32536 
2328 2
43744 16539 
5187 3
7757 31559 37684 
354 1
25958 
3184 1
38272 
6360 6
1805 41721 19146 23021 14550 42558 
5594 3
24118 36713 27194 
954 1
21453 
3120 1
31080 
3460 1
25259 
1752 1
29068 
6761 3
11978 22570 17907 
415 1
18572 
3336 1
27926 
1219 1
23878 
1140 2
46226 3270 
4447 1
41627 
4723 2
44918 43646 
4346 1
29522 
2204 1
18215 
5774 1
38754 
6146 1
24916 
3427 3
20045 15314 23540 
4903 1
40809 
3289 1
22244 
4312 3
4905 33386 22105 
386 2
16348 39293 
133 1
28922 
3542 1
42169 
818 1
13366 
4637 1
33781 
4660 1
40466 
5359 1
33969 
1484 1
38834 
