261
19422 2
15749 53056 
11280 2
46385 19579 
3390 1
55017 
7362 3
67944 19854 19186 
22452 2
23131 40040 
3920 1
60823 
3338 1
92906 
21483 2
51609 13780 
1020 1
60539 
404 1
26400 
1311 1
61610 
20521 1
29142 
14264 2
6590 27149 
4639 1
13591 
3199 3
59155 77988 44625 
18583 3
54125 19344 52525 
3969 1
82391 
2314 2
81174 71726 
1375 1
73121 
339 1
48246 
18081 4
35208 41002 87523 9164 
6162 2
4344 22902 
670 2
80207 26644 
1876 2
90806 6823 
3375 2
68147 65306 
921 1
6457 
5454 2
52017 89651 
548 1
42152 
19038 3
49720 86071 92328 
1810 2
72142 60520 
6912 2
51467 42173 
21160 3
1643 20611 6150 
3459 1
70292 
1762 1
94544 
7611 2
84908 21522 
17475 2
61243 15474 
964 1
69490 
25257 2
28338 70280 
20040 2
59175 74762 
4491 2
61882 37805 
1398 1
41535 
13962 2
45577 44756 
3933 1
38188 
4216 1
42876 
8259 3
1950 60400 42897 
5768 1
23303 
9557 3
1525 35978 46192 
3983 1
8958 
4803 1
38996 
23080 2
48192 51003 
3029 2
33664 191 
23764 2
34758 75263 
3254 3
36 2874 65809 
5302 2
17805 33849 
2879 1
41771 
1777 1
92646 
3356 1
68738 
6312 2
54546 68243 
21307 2
40366 57612 
2409 1
81099 
2374 2
17249 17915 
1001 2
57378 35331 
1108 1
71311 
17334 3
37397 87526 64826 
4586 2
11196 94203 
2342 1
63422 
3751 3
28153 11712 68442 
6767 2
52452 34081 
3180 2
10425 28123 
16376 3
58218 77634 28831 
2632 3
25745 59586 35983 
3092 1
30193 
1682 1
37819 
3988 2
6508 43420 
2885 1
90998 
6485 2
60142 54451 
1063 1
22574 
19116 3
85947 6052 42417 
10014 3
22111 23790 17147 
19135 2
26925 32770 
24434 2
91061 65890 
7004 4
81242 18036 26974 84569 
4519 2
49108 75877 
23656 2
70757 75801 
3769 2
83879 41922 
9599 2
12343 92119 
3479 2
73063 10511 
3362 1
56649 
1846 1
94308 
3097 1
39570 
326 1
63662 
15346 1
61085 
20922 3
73552 23146 59964 
23855 3
2753 91710 18373 
7118 4
3499 87630 22281 13944 
23175 3
47150 33058 4778 
4710 1
56799 
1385 2
15768 18364 
6085 1
51175 
6267 1
56196 
9536 1
10700 
18987 4
62270 25857 93443 92737 
5585 2
75013 52776 
7290 2
59694 70173 
15006 3
94661 34627 57711 
1349 1
22119 
638 1
89356 
3650 2
40150 60589 
5037 2
68718 94004 
1508 1
41926 
2484 1
10728 
11533 3
36602 64320 64895 
21399 2
65236 50162 
3941 2
26315 89612 
2648 1
11612 
6134 1
9434 
2870 1
14792 
22056 3
72414 33009 71717 
21343 3
92571 56188 94629 
24196 2
35473 54684 
16056 3
22563 307 7214 
2523 3
80797 46815 45015 
6812 2
27512 74369 
4600 2
69741 22864 
1507 2
92815 87288 
81 2
32555 74159 
4314 3
16291 28382 54465 
403 2
77871 53274 
1652 1
27125 
3630 1
21561 
16790 3
22824 81474 36877 
4912 2
52193 12850 
1669 2
34056 86791 
123 1
24498 
21140 2
14566 17557 
5165 2
81200 89778 
6255 2
65188 15189 
2804 2
58349 76976 
19582 3
51730 79371 91430 
409 1
35283 
1845 1
42120 
243 1
38795 
3667 1
83847 
4849 2
60337 77490 
2730 1
13257 
22866 2
71678 52814 
25341 2
49929 65947 
1670 1
62800 
5997 1
46344 
349 1
13945 
5764 1
46397 
6382 2
80331 44844 
3956 2
14454 17849 
8076 2
10167 79376 
2578 1
25434 
12514 3
12268 16453 79364 
3898 2
76138 18600 
2947 2
85957 34374 
1546 1
12907 
166 1
36308 
23427 3
55316 58876 91696 
6244 1
59554 
6201 1
82267 
706 1
70709 
4376 2
992 63401 
3702 1
56380 
17076 4
57022 13329 18119 69191 
6364 2
68627 17470 
5406 2
1656 37292 
18344 2
72764 8173 
5483 2
74230 12180 
3165 2
43412 10284 
1996 1
71291 
6493 2
42121 4721 
4281 1
19805 
13136 2
57613 4074 
5149 2
62508 31478 
1573 2
12435 12771 
11110 2
52246 13554 
1200 1
76252 
1434 2
88955 35127 
5744 2
28884 76882 
2557 2
19042 2249 
624 2
88187 48342 
1314 1
29416 
1360 1
3797 
164 1
82282 
844 1
39225 
3579 3
40207 93990 69672 
5742 2
42025 79154 
4974 1
39820 
1379 2
55018 35573 
2910 1
91076 
760 1
29491 
648 1
22677 
23430 4
37766 53658 4573 14218 
3464 1
64013 
14571 3
77041 40651 88043 
346 1
90118 
18755 2
34546 43425 
1693 1
53359 
8038 3
57127 73201 69516 
23942 3
50378 57169 92894 
3466 1
57600 
294 2
51774 35771 
15810 2
79831 11872 
1575 1
47443 
16282 2
61115 3772 
2396 1
20665 
6358 1
62942 
2119 2
71560 50398 
2574 1
81118 
1300 2
34438 15304 
20478 2
82847 37462 
3819 3
26766 20518 43350 
19732 2
81669 30854 
8713 2
87210 9935 
890 2
53898 85613 
2683 1
11902 
2509 1
67151 
2989 2
39757 61571 
6270 3
88415 67888 68228 
5441 2
57439 3749 
3935 1
74902 
1418 1
90036 
1921 1
27600 
9685 2
63690 40130 
1180 1
69868 
5672 2
7601 35057 
3262 1
13735 
23650 2
76151 15159 
3731 1
37386 
1479 1
82920 
20395 2
93402 78314 
2331 1
63865 
5774 1
12478 
1387 1
27317 
3230 2
91007 40901 
13655 3
81352 63335 14960 
3848 3
35315 87392 18301 
5226 2
2671 79970 
14697 2
79644 53076 
18402 2
18386 33786 
3736 1
6515 
6369 2
79494 59896 
2629 1
61505 
9643 2
22089 6143 
2460 2
37002 49214 
10941 4
5342 12485 40948 20306 
1836 2
59197 52217 
2788 1
69448 
1964 1
11062 
2022 2
71310 26487 
1259 1
26714 
2323 2
5893 91509 
15352 2
67893 59339 
4182 2
53805 64592 
7092 2
84252 36102 
15021 2
4224 64178 
10414 3
26806 8328 83104 
18426 3
81889 16513 10670 
