159
4094 1
32143 
5650 1
19570 
4333 1
50533 
5445 1
39423 
6903 1
3182 
6136 1
8584 
1091 1
10980 
2812 1
47456 
2662 1
21218 
230 1
6663 
6566 1
69159 
2731 5
41232 20135 41967 25977 75909 
843 2
85470 29413 
6703 1
10128 
4473 2
24396 24840 
6091 1
87207 
6355 1
4842 
5680 2
84717 13292 
4058 3
15065 49017 2435 
4917 1
65840 
4397 1
41204 
2651 1
50963 
1883 1
23173 
675 1
27097 
6092 1
77152 
5647 1
43013 
5861 3
49163 36552 27038 
6085 2
55994 5806 
2542 1
44955 
2329 1
29891 
3116 2
54956 31046 
3057 2
61823 50735 
5950 1
48130 
655 3
61819 59314 84907 
1673 3
50945 13363 10965 
4717 2
11307 51801 
5309 2
81483 41701 
4603 3
83555 25446 54968 
2034 2
39289 48112 
4578 4
40975 19641 39494 14246 
3144 3
32306 39472 45482 
4281 2
81443 38463 
6225 1
9729 
6554 1
9498 
5147 2
23350 21338 
5408 1
66710 
1144 1
22875 
1962 1
44922 
2250 4
88143 83798 64734 4506 
2236 3
49928 15863 44839 
2425 1
62548 
1950 1
2464 
5462 2
1841 13635 
1824 1
13547 
3358 1
42785 
2833 1
11263 
6282 3
87874 47651 63658 
6496 1
37397 
1987 1
1587 
1056 1
13988 
3804 1
76633 
6147 2
12160 51274 
3571 2
69442 71025 
6576 1
32971 
6593 1
71878 
5078 1
66988 
5006 1
83035 
4920 1
82909 
8 2
24259 55290 
6785 2
5898 77761 
77 3
52490 49624 66465 
52 2
56702 68458 
2896 4
11239 82296 7807 9990 
4760 2
77986 21655 
2680 2
84178 57442 
4615 1
20278 
3558 4
72426 21970 5162 12143 
6001 2
46156 81839 
6597 3
59414 63305 17995 
3927 1
49154 
5955 1
15357 
6171 2
8744 37992 
6813 3
38294 48722 22251 
6441 1
1036 
3124 1
50728 
2983 1
17295 
4557 2
13583 10451 
1062 1
67369 
6409 1
63335 
2954 1
28282 
6471 1
38481 
2372 2
61403 26333 
4952 4
40729 31428 49056 39775 
683 3
85794 36566 48978 
5302 1
693 
4132 3
25865 82536 88862 
4651 2
82575 1078 
3782 1
86696 
638 1
34995 
1410 1
3742 
2454 1
57825 
1097 2
60793 21246 
5687 1
52252 
799 2
67552 10000 
820 1
46223 
5633 1
41620 
2215 1
32131 
5284 1
50320 
2892 2
67331 85807 
6507 1
25728 
1256 1
12876 
2011 2
59365 88903 
5372 3
34646 50808 7622 
3834 1
45961 
6876 1
13503 
6084 1
79680 
3313 2
76501 69996 
1622 1
61142 
5847 2
16912 2281 
6835 1
70201 
6682 3
2418 76336 80729 
5337 1
60046 
456 1
29823 
4681 2
22081 65420 
482 1
28826 
5570 1
19773 
3350 1
73377 
1240 2
9143 57064 
6359 1
20792 
5050 1
48084 
6609 1
27462 
4113 2
59706 64486 
4738 2
40473 67655 
2497 2
39838 69231 
6793 1
55087 
6328 1
952 
4089 2
4399 16952 
3642 2
5548 47267 
436 1
14793 
6743 1
38821 
2945 4
80904 52090 33458 48557 
1544 4
81383 30834 33619 35910 
4584 1
7082 
2632 2
63979 5749 
49 1
15127 
626 2
56183 78982 
5799 1
51832 
1722 1
56951 
3263 1
48872 
3161 1
9308 
7 1
71723 
5575 2
59558 25924 
4990 1
41099 
2913 1
18657 
6804 1
87125 
6018 1
71398 
2165 1
28259 
2504 4
8337 56889 68810 63597 
4420 2
35771 79740 
