283
2343 3
19737 91699 38938 
4349 1
93728 
4622 2
26456 36708 
2053 5
88577 18148 87712 17283 26507 
545 2
95193 89715 
4979 1
63892 
5164 5
82931 223 66103 2475 39978 
5094 3
32884 37209 9055 
4483 1
69761 
6192 1
66734 
3857 6
33638 95807 47433 77265 78519 85528 
4890 1
7455 
5512 2
56036 86874 
2188 1
47256 
3051 2
15489 7966 
6383 1
92254 
2459 1
69074 
409 2
50206 16274 
4550 1
40355 
6448 1
63515 
4515 2
7397 86930 
5040 4
70625 4078 94235 44941 
2428 3
54905 44529 69612 
1039 3
98257 39795 60318 
3995 1
96042 
3151 1
80955 
6076 3
25536 12226 46211 
1381 2
97728 97774 
1347 6
44765 2120 69450 42166 98181 11305 
4594 4
4639 19238 17265 85418 
6731 5
64202 16020 67170 29406 29592 
5203 2
39698 17233 
4997 2
94252 97409 
6705 4
23505 46242 48334 92216 
4024 1
53960 
921 4
24362 19315 96433 95428 
2741 1
66732 
6544 1
886 
6480 2
32844 7099 
1952 1
2525 
2929 3
13061 59514 53936 
1474 2
21919 72381 
5745 4
22258 41334 83073 19335 
3237 1
93565 
4166 6
1249 52963 43816 93819 94295 70006 
2218 2
30568 50663 
2897 2
10064 82889 
4258 2
42171 18524 
3072 1
20630 
5123 3
6470 98482 1451 
1471 5
64591 919 7687 38628 49510 
3688 1
79020 
4299 1
34860 
4357 5
46895 96748 7658 98916 48 
3699 3
74787 47111 24565 
3827 3
9877 41146 76595 
3987 1
47662 
1307 2
7786 46751 
4578 3
43727 30936 75854 
3686 1
64457 
336 2
24194 87213 
5360 1
91815 
5727 2
77491 19690 
2052 10
40995 40249 869 4635 90684 90697 25244 80683 65151 20438 
6558 2
49916 90300 
3376 1
27254 
2555 1
75345 
6027 6
40794 72102 11546 95076 10053 18107 
18 2
82988 99470 
708 1
7789 
1773 2
22961 41485 
5035 2
86975 21359 
1667 4
8853 89358 24286 31604 
6251 1
79969 
4940 2
21676 43716 
5096 3
16468 85920 49082 
2731 1
725 
2488 4
41290 24772 22039 52873 
6077 6
10716 10624 77632 2508 29314 11197 
6641 1
38974 
4164 4
53572 97268 51345 58644 
1674 3
98449 522 68681 
3816 4
57371 57715 95508 14845 
2842 1
12860 
6426 8
99520 98046 9946 12157 46902 55383 72801 98681 
5353 3
10842 97825 83181 
1629 3
497 79606 39741 
1124 2
34531 68292 
4706 2
14808 72787 
1283 1
7218 
4933 3
42732 56572 15084 
2548 2
17681 333 
777 2
85436 41703 
6763 4
91740 16494 28424 22347 
434 2
97435 81873 
2720 3
64199 99738 92408 
3469 6
35922 38110 78129 78533 3796 42763 
4320 3
60195 19033 8336 
2859 3
92107 94626 66919 
1065 1
1127 
4324 2
90607 36476 
5015 2
85023 20923 
2023 2
99623 82771 
5700 2
22828 35291 
2767 4
39404 29631 32874 87358 
2557 1
14420 
5840 4
33204 75262 8511 41917 
6215 1
1004 
5637 4
89427 84515 35362 80161 
5393 3
19609 12323 45253 
147 2
70152 45619 
5038 2
32751 38268 
6662 3
34316 95798 92705 
6739 4
4347 958 40274 92467 
6442 4
33333 54875 18876 18985 
3902 4
98032 16425 8626 61335 
2784 2
32785 17572 
1396 1
19981 
4746 1
81884 
2237 3
43070 60879 47354 
3672 3
30034 51745 52534 
3881 1
96593 
5093 2
31574 86256 
5537 2
28941 33593 
1327 5
81723 43183 14963 4860 76899 
4887 1
47001 
2912 1
78140 
5910 3
29547 6696 60562 
1660 1
18331 
3785 2
12722 1258 
4488 3
60911 86393 41076 
1726 2
40529 94636 
3357 1
17601 
536 5
91125 52397 21605 1714 69973 
5183 2
52124 26955 
5163 1
54437 
539 1
95520 
423 2
38030 86485 
1544 5
71425 49097 60876 77414 37283 
1230 1
69854 
2949 7
68405 96768 93396 89743 39113 3614 28368 
3000 5
83179 27780 56568 81634 33124 
358 3
2801 45190 38413 
4167 2
54196 48619 
272 3
98190 76245 48232 
3166 1
95578 
4982 2
23471 4933 
2945 2
6481 64751 
2991 3
34965 50589 15294 
6069 3
36573 86580 66758 
2729 1
61121 
3853 2
98024 26264 
1977 1
7278 
3893 1
36913 
970 1
57457 
2898 1
28858 
848 3
8675 43846 33243 
5133 3
38958 71561 70478 
4715 1
16561 
4508 1
2359 
1896 2
49634 56211 
5514 2
89508 17439 
4509 1
79891 
2089 1
81681 
595 3
34144 88039 51656 
5853 1
77881 
4504 2
15549 62039 
1343 2
21572 57105 
4455 5
5546 35493 97358 36368 41820 
798 2
92350 93635 
6269 1
77301 
1938 2
72658 9543 
5264 4
75330 68309 1363 71976 
6357 1
5496 
3956 3
27982 75165 17413 
4971 6
36782 81891 92830 75400 75541 25444 
4893 1
97367 
6183 1
58402 
1799 1
26123 
4501 2
5109 12633 
5162 1
43216 
6147 5
67515 46655 93126 42620 60534 
1518 4
411 86916 39146 44731 
308 1
67645 
6430 4
24625 29457 30044 39900 
6517 4
77520 48392 38562 77873 
4830 3
47450 50404 12460 
148 2
53544 75656 
867 2
59943 61354 
1050 2
21006 65325 
5943 5
36752 69071 67341 9352 32694 
6061 2
87063 48417 
6407 4
78810 19041 18577 75106 
3173 3
56332 21805 24354 
4203 1
64956 
996 1
80431 
2097 8
32995 90827 34314 40763 24949 43851 33241 80770 
2930 3
53473 80281 93394 
6672 3
87573 73833 4699 
4791 1
69475 
1044 2
45071 57931 
3076 2
88499 21598 
3538 2
47351 53890 
4751 3
83176 65701 9447 
5682 5
63104 70182 48312 62226 26022 
5693 4
71373 83194 11213 65427 
1046 2
19635 57606 
164 4
31549 66601 15954 19349 
2175 1
61439 
1259 1
31753 
5825 2
66190 40824 
5463 3
65327 98185 80139 
4067 6
65008 34139 3748 48442 33185 41909 
2653 3
7674 150 82437 
6293 3
73214 85952 63494 
6220 9
28584 83685 42754 25084 50262 89812 50562 20016 13806 
4635 3
76387 78594 11013 
4851 1
12436 
6551 2
76525 66477 
5784 5
15313 99094 65693 92244 92339 
5634 1
89452 
4449 1
40642 
5348 2
318 18736 
4335 1
75490 
4282 3
76695 12269 53399 
6378 3
94168 40538 77716 
49 1
94947 
4216 2
91927 69929 
5160 1
69433 
4271 4
4495 83853 79794 49119 
557 1
64901 
472 1
81126 
1878 3
97244 35379 18074 
1590 3
85222 157 72445 
5491 2
78348 73481 
2024 4
24079 81003 18773 35368 
5438 5
26182 26434 60600 59467 68111 
4770 2
28418 1282 
1273 1
57425 
3630 1
15925 
6091 4
1106 91846 72418 62549 
1566 1
38434 
6103 1
42921 
1446 1
32936 
5976 3
19794 67855 5597 
5372 2
2861 63040 
5444 3
39459 45959 41915 
910 2
33014 30616 
2866 4
88478 86591 81469 60765 
4424 1
92925 
547 5
5277 52385 39327 13522 3981 
3418 1
51994 
3143 1
68258 
54 1
67331 
2714 1
9856 
3425 2
47032 43838 
688 1
89454 
2964 1
10566 
553 1
35701 
3546 1
64828 
2482 3
11088 66715 70171 
730 4
48059 96780 73258 66278 
1017 1
93377 
1835 1
27790 
2800 4
46774 12919 98200 92027 
3185 1
63860 
30 3
68334 60821 46827 
4637 4
64 19410 33004 24308 
606 2
89503 91195 
2599 1
76313 
765 1
3122 
3472 1
1396 
4854 3
96627 80704 16367 
5138 4
34384 9661 30467 36042 
177 1
70450 
998 3
99285 85065 89975 
5339 1
1615 
3467 4
50299 81971 44927 48617 
1930 1
43364 
4219 6
83817 79733 22443 57963 63060 94779 
4235 2
94283 59488 
3573 1
49852 
6359 4
63063 63360 35375 16669 
