145
13151 3
5705 54969 15112 
279 2
42637 12763 
6009 3
6099 1919 29159 
11195 5
85148 67573 76053 33854 7487 
1729 3
19481 43282 52285 
2587 2
81005 60754 
9521 3
72258 77550 39081 
1479 3
34203 31416 73203 
10340 4
31589 80396 57011 35818 
2603 2
43454 25843 
2442 3
81486 21510 47322 
5707 3
34273 55045 11990 
13648 3
68341 59690 74497 
12174 4
77687 51752 79612 65499 
1255 2
1932 33203 
10734 4
5286 78945 17162 8587 
9674 4
33332 26600 71943 21462 
3541 4
66129 52517 8402 32644 
14574 4
68353 31035 303 32378 
1467 1
73801 
1047 2
43286 22145 
1252 2
66150 60447 
142 2
37731 53111 
2320 3
73239 70337 39662 
1038 2
83696 45115 
5442 3
42274 34218 72609 
13850 3
24019 48084 53361 
12413 5
67282 42287 23375 70024 3330 
333 2
16391 71306 
8309 2
21311 6714 
9017 3
39942 79678 38115 
2051 3
48945 35997 41478 
10199 3
56873 84529 20850 
4197 2
77400 85076 
5607 4
22188 71310 73513 79772 
4060 3
81635 79012 47269 
827 2
70420 56248 
4919 3
74762 20364 18947 
348 2
1905 33685 
1349 2
69394 49635 
5644 3
5740 31152 77650 
6601 2
32061 70303 
12003 5
3589 16815 47229 6176 75965 
2399 2
30194 19871 
9804 2
12132 47074 
4443 3
24896 34285 43760 
10766 3
34834 14156 41633 
8543 2
58163 10415 
7645 2
5288 15149 
10488 3
52771 44804 49126 
1323 3
58595 7735 84593 
11683 5
26898 1271 4376 6143 65620 
5140 3
37784 18445 37467 
2208 2
63065 57446 
6628 4
84489 71185 6218 46624 
8970 3
58603 21994 46855 
426 2
82576 83347 
1151 3
26803 83710 3309 
629 3
24254 46460 29035 
6470 2
46621 10349 
14491 3
41716 78555 6145 
206 2
8259 39184 
5312 3
71427 43464 53727 
368 2
28914 58657 
8860 4
83549 73858 53993 15643 
1790 2
78272 63106 
2636 3
47568 35065 40298 
379 3
55545 75652 18748 
475 3
28592 25746 49858 
4506 3
24756 81687 76762 
4811 3
28129 81114 43411 
2159 2
29144 48987 
12582 3
47416 41695 28538 
7288 3
14143 58959 42073 
61 3
46891 72709 68950 
1566 3
51839 65327 57209 
10613 4
61287 14669 10200 21109 
14122 4
12152 61766 59869 39021 
5535 2
906 44215 
2181 3
11734 52011 10889 
11323 3
41312 81426 76615 
668 2
60831 75427 
1529 2
48773 14531 
81 3
39427 6867 60173 
7642 3
7541 81102 49370 
5300 3
62821 34193 59804 
13947 4
79378 84012 79843 80404 
3616 2
52525 26341 
6603 3
68399 72407 54688 
2847 3
83345 68463 3114 
1574 2
54158 25933 
3146 2
5094 41982 
1174 3
12147 63409 3132 
1127 3
34404 83898 34743 
5972 2
51303 11579 
2712 3
28177 27744 48542 
3352 3
61130 56909 48419 
4481 3
2192 72795 30046 
4593 2
71988 58390 
4582 2
11868 66284 
1752 2
75542 16345 
4140 3
14443 30953 26825 
456 2
68566 49724 
764 2
77726 74990 
2570 2
11067 77216 
8528 4
81317 6880 12654 35554 
6637 3
30390 30931 43637 
3660 3
21675 8523 76675 
11485 4
64224 48881 3833 13496 
721 3
76923 46067 31075 
2238 3
13969 69961 4824 
10528 3
62487 72377 45652 
10160 3
13002 67745 18295 
14732 3
47259 8796 1728 
7809 3
62766 8812 70181 
14493 4
82743 32048 10968 8449 
9826 3
44749 52133 28605 
1430 3
57156 48397 52831 
1914 3
52486 65715 52927 
8919 3
9078 33275 75487 
6984 3
42914 75014 82046 
318 3
7325 53107 38899 
1854 2
58685 13775 
12515 4
48039 15605 76934 66043 
1085 2
78898 12966 
2761 2
74543 7787 
3693 2
35100 63493 
4947 2
9233 58690 
6900 3
18889 35549 32710 
512 4
79673 11092 34483 78999 
194 3
41207 85154 59473 
6527 4
68820 1699 7710 16762 
2953 4
69691 66606 74944 28543 
6087 3
16601 16258 16896 
3152 3
33030 40866 20104 
11405 4
70523 83582 57837 209 
3190 2
24949 10360 
2831 3
82301 1184 54833 
372 2
1996 44176 
14889 4
16082 39909 61172 37517 
9207 3
34824 15429 33658 
2899 2
44905 47887 
144 3
46999 24664 46710 
1843 2
54607 71861 
12201 3
63667 33280 22677 
