185
1574 1
30712 
4332 1
13338 
4357 1
14662 
3149 1
38690 
7521 2
11012 20775 
10852 3
56129 40783 38892 
5791 2
21335 3836 
6764 1
18476 
7657 2
57836 33296 
3246 1
63312 
3618 1
41012 
5053 2
14149 13842 
2851 1
67542 
5595 1
37181 
4802 1
2731 
2261 1
48930 
4929 2
60086 10639 
7213 1
3912 
4658 1
45880 
9331 3
59031 38046 38568 
3799 1
71020 
5729 1
26248 
2623 1
3095 
7466 1
64729 
6732 1
30402 
3945 1
52675 
4319 1
19932 
5593 1
72675 
6619 1
51191 
2011 1
72042 
3504 1
683 
3013 1
56592 
6485 1
17011 
4005 1
32595 
2841 1
9940 
4617 1
26651 
7294 1
23855 
3438 1
63963 
3915 1
71598 
1386 1
44494 
3728 1
32388 
5104 1
10599 
3398 1
35392 
4251 1
32068 
6361 2
64581 51067 
4569 1
46098 
7633 1
19907 
4071 1
8095 
4779 2
59228 44765 
3206 1
47968 
6504 1
17208 
2963 1
13982 
3490 1
73795 
1779 1
5504 
4981 2
14639 53995 
3858 1
1917 
7243 2
33439 61233 
454 1
15458 
1898 1
61045 
1139 1
60097 
394 1
57408 
2225 1
16159 
2283 1
14486 
4800 1
38944 
1267 1
4107 
5997 1
73848 
5649 1
8462 
7692 1
77009 
1553 2
77125 24499 
7449 1
71064 
4195 1
73822 
7549 1
54520 
7616 1
71737 
4192 1
16485 
3590 1
72566 
74 1
24436 
9049 2
13968 725 
6695 2
46189 2202 
6038 1
72317 
3472 1
58451 
6670 1
67992 
1434 1
51643 
7925 2
67582 45697 
7312 2
4570 49804 
319 2
24906 30949 
2123 2
17344 39480 
6800 1
1695 
6260 1
75740 
6854 1
17906 
1455 1
24786 
6621 1
62548 
730 1
76345 
4215 2
17984 10660 
5871 1
60824 
5193 2
51948 37860 
2452 1
23246 
6884 1
73815 
11795 2
8550 58224 
7725 1
35562 
7719 2
5223 58840 
4927 2
53963 53119 
5511 1
59451 
7377 1
22221 
5005 1
48436 
4395 2
67826 26538 
1350 1
20692 
3932 1
31006 
93 2
75482 11242 
1758 2
40884 48547 
6885 1
45284 
5299 1
15119 
11157 1
46636 
6304 1
43008 
258 1
28140 
6349 2
25481 20512 
4631 1
7066 
10331 4
24648 16769 67239 58513 
3234 1
7983 
2267 1
62957 
1932 1
20995 
647 1
65905 
7836 1
31231 
7115 1
44835 
7004 1
30390 
5146 1
14299 
3798 1
70078 
5038 1
40969 
2022 2
14182 13189 
2495 1
66558 
767 1
26315 
7843 1
47724 
7807 1
34594 
762 1
18990 
7484 2
74155 24024 
5354 1
10668 
3666 1
54317 
7321 2
63904 74583 
6630 1
62227 
7182 1
65306 
5987 1
5146 
3639 1
59650 
4761 2
62236 63344 
5330 1
10117 
4262 2
15744 33095 
627 2
9383 38725 
1087 2
33783 136 
6008 1
70204 
2944 1
44370 
7547 2
22395 32166 
6608 1
44438 
6835 1
3060 
6277 1
75062 
3705 1
58280 
2376 1
65580 
2619 2
45326 59876 
5127 2
42170 37220 
6433 1
73077 
3923 1
7280 
823 1
67021 
1486 1
40688 
665 1
68081 
6567 1
10822 
1468 1
49686 
1917 1
57190 
6220 3
10036 35699 52347 
1011 2
72265 4581 
3287 1
75933 
7688 1
39846 
10576 3
5370 75850 49347 
3583 1
41247 
35 1
53191 
7634 1
28534 
7188 1
23334 
6830 2
31073 57023 
5869 2
58506 34119 
2280 1
12093 
988 1
38670 
9978 3
13491 26636 3834 
2881 1
39430 
3580 1
59448 
1594 1
6743 
5410 1
58199 
5798 1
66901 
334 2
3056 10418 
2635 2
27081 48880 
