239
3320 2
31488 30474 
2976 2
21137 30158 
1496 1
64844 
3824 4
95881 12544 34683 73885 
2191 1
231 
4279 1
51852 
1832 7
37841 81335 10357 22312 26094 31290 12609 
3147 1
71294 
4364 7
20588 53427 20900 86160 49081 26743 24968 
2260 1
84132 
4222 2
67247 72146 
395 3
92376 62332 59123 
2448 1
29550 
3988 3
24273 46010 14915 
1605 1
66035 
546 3
54910 40616 99150 
1945 1
36239 
2757 5
45249 29427 19668 90616 99465 
1931 5
90838 94746 28414 94994 64961 
2686 2
57543 54684 
273 1
2813 
2512 1
10500 
1941 4
10467 51534 48394 75699 
4646 4
67889 89158 20220 83167 
2921 3
48723 38320 87709 
1010 3
3981 93295 8185 
2881 1
46777 
1591 1
31274 
402 2
80862 72360 
2773 2
25083 72206 
3813 2
93727 35717 
3945 5
16621 5275 86062 15514 49911 
186 5
26154 13389 17093 51866 46247 
996 2
43043 95935 
523 1
73734 
1070 6
42483 31987 53663 9656 34964 27194 
3729 5
44011 4827 82821 48631 29643 
1193 1
83764 
3912 7
58111 33605 63061 47232 50506 90739 47306 
1469 1
22950 
2502 6
82996 83600 50503 28250 66700 5589 
950 3
43529 56064 20005 
438 1
35544 
4393 2
73095 28884 
2792 2
49521 30716 
1645 1
10731 
1112 1
20419 
389 1
58498 
92 3
86949 65875 74349 
1992 2
59872 51445 
2088 1
31500 
842 3
1487 50316 28185 
3932 11
60397 32865 3838 81772 14487 54965 17029 31458 24132 69676 5108 
1685 7
39039 82948 87904 27057 73318 71482 32689 
4415 3
47098 57916 59815 
3542 1
25068 
1857 1
59762 
1019 6
53456 31333 86931 50080 37171 75437 
1338 3
1841 97146 9117 
4409 2
57483 51807 
3032 3
15288 85925 3802 
966 4
2953 94102 34834 86849 
3609 4
97717 72777 13645 39710 
1777 2
44239 28914 
2188 2
60098 74733 
3067 2
53710 75747 
3018 2
93400 37356 
4287 3
56852 11542 93388 
4427 6
61413 25745 63734 94680 2631 16745 
3137 7
26734 81786 44156 40546 25236 29497 72354 
3253 1
55311 
3588 2
49665 3026 
2390 3
24150 85058 50543 
3517 2
90110 6238 
2479 1
53752 
2096 6
15455 55262 56716 38758 10696 72693 
1720 1
13264 
4270 2
35952 55133 
3987 4
53533 74582 72965 76260 
2819 4
16837 39357 18692 40984 
4062 2
39177 56360 
3999 5
46962 31698 7552 91413 66757 
4437 4
91392 71885 61649 1306 
3389 3
53264 19690 62522 
783 4
83944 42759 74930 91639 
3195 5
79852 84504 54418 65828 70726 
2231 2
72467 54017 
3106 3
28155 37783 75894 
3832 2
62219 84388 
1118 3
92858 55071 37266 
2100 3
39885 34253 69925 
2947 2
50425 21159 
3250 2
88630 40464 
437 7
65796 98438 27207 43971 49337 27508 33572 
3405 8
27270 29225 813 52271 91886 90990 70581 73387 
3562 5
21902 83843 77128 60513 66253 
3557 2
89236 22148 
2828 1
48685 
1283 2
26267 7748 
3384 4
60406 82931 72233 86512 
1919 2
29862 24246 
1656 1
67696 
1823 1
43744 
504 5
3614 95484 92588 57491 69472 
3691 4
3663 8324 74666 68022 
441 2
4959 94702 
2823 1
74981 
4099 1
13004 
3766 2
82744 99332 
3861 2
58243 84599 
1790 1
17450 
2762 3
79132 93011 15715 
4406 8
85944 81475 50151 82184 91638 60212 20698 20491 
2197 8
32683 57438 29358 66565 99226 62227 65776 11412 
3606 2
76946 52670 
1271 1
83455 
4464 4
79258 58148 17444 42248 
3398 2
19383 77822 
823 6
14467 80528 99832 89844 94809 10959 
875 1
88042 
2445 1
39027 
2450 3
62280 16603 87576 
2153 1
98212 
797 5
52277 38274 8064 76262 66147 
3303 2
11423 69505 
1860 1
65979 
1927 1
79811 
2288 4
93624 41009 42595 84844 
2495 1
83039 
2609 4
30574 45425 20593 57767 
2715 5
82854 22729 29322 67766 22066 
953 4
52932 8855 64481 138 
2746 3
71331 57313 60390 
3611 3
18073 20435 59549 
4447 3
3952 19852 70194 
1183 11
38550 68386 17789 37731 51373 43465 46885 36302 61975 4887 38588 
2002 1
68412 
3296 1
11011 
3552 2
64558 41398 
1429 2
23943 39874 
4120 3
85671 84633 57639 
1321 3
90249 9405 78169 
2504 4
58770 54802 26569 19421 
4378 4
98748 83778 49937 48058 
836 1
6626 
3357 3
26992 82438 67042 
493 3
23449 43512 39697 
1555 2
2207 70184 
4674 6
36982 10854 32907 57208 27283 40677 
3425 2
31113 28852 
3073 1
81948 
2387 1
78566 
3228 1
26969 
236 3
24176 23802 54028 
3634 3
44697 11295 29146 
3636 1
54756 
1638 1
45373 
3623 5
68507 8991 90789 68171 9702 
4255 5
49155 13513 76840 24367 67399 
2941 5
28439 45454 40480 58580 54620 
1419 1
59951 
4182 1
63140 
491 3
30165 27664 9690 
2964 4
34431 84252 69686 19489 
4543 6
58250 95006 77456 8569 76070 31865 
4149 4
4510 49661 74390 20409 
1589 2
31081 85081 
62 2
56830 38031 
2616 4
18539 91826 62617 23519 
3807 3
99065 55873 3521 
1562 3
61074 97469 5486 
2863 1
67039 
4727 7
9552 20276 14471 70740 39418 47827 40727 
373 3
90713 29321 96531 
3366 3
99707 25532 5224 
3416 8
52426 64508 10264 14669 96810 93982 19337 25828 
1274 1
3284 
526 8
95443 80165 21024 92768 84427 61469 20833 25056 
499 3
6194 13915 16060 
458 1
15007 
307 1
76027 
2527 1
74515 
4770 7
27423 64486 52001 45672 85939 53298 41282 
2672 1
11841 
793 2
86498 28958 
2095 4
10827 48351 16624 34232 
2028 6
8316 41772 29271 55256 48023 65668 
1773 6
35634 36308 86612 29710 42115 46052 
813 5
35860 6807 25643 49228 36960 
1302 4
71188 2756 15298 82824 
3342 1
14399 
2693 7
69748 29583 18278 63864 68783 58434 27151 
3121 2
95988 35953 
3031 1
46865 
4132 1
49907 
652 1
72625 
1834 1
26276 
3746 1
50956 
2194 1
11022 
622 4
39237 70294 96127 70277 
2476 6
64058 34600 24759 78597 89300 50800 
2683 1
89033 
3064 1
83337 
3094 1
43830 
1791 1
43985 
958 1
35462 
3403 3
3118 71518 46020 
2951 3
71026 74579 26047 
3092 3
24061 18084 57320 
4455 6
87214 70621 20362 16306 48700 25203 
3955 6
57440 25282 72166 26249 56476 13817 
2027 2
13782 91367 
3160 2
57695 29407 
3941 2
11915 27098 
2115 3
41470 85416 95660 
2700 2
95717 9096 
1824 1
48793 
4540 7
73236 24236 20368 95505 13220 20961 12183 
464 1
18471 
713 1
36623 
459 3
69919 84122 94391 
324 2
5815 62297 
4656 3
66323 79780 51268 
2274 2
14657 82056 
141 1
87834 
656 10
72571 40576 46385 26813 33380 10463 5095 11361 21579 91474 
3650 4
91301 80677 20344 20515 
3645 1
71256 
2866 4
42224 16196 27489 27871 
1515 4
53865 41318 39440 45713 
2177 6
64625 89279 61318 83874 97317 12440 
3859 11
39660 91004 24585 17349 22754 74418 70929 12687 24714 91471 96792 
2061 1
71604 
2988 2
75517 35329 
3185 5
45336 87985 60625 8070 38439 
1641 2
73659 64445 
1370 4
15791 11176 32189 72436 
2037 1
49696 
2475 3
20904 32115 16345 
