80
1644 1
12765 
8376 3
24357 75065 25568 
5657 4
86196 67808 88024 21053 
8792 4
52976 67310 6643 6409 
1338 1
75847 
3075 1
13136 
4548 2
2705 72853 
6131 2
62862 40951 
3318 1
84855 
2871 3
40798 29585 31521 
4443 1
85948 
7415 2
45269 98046 
1771 1
91913 
4365 1
28964 
901 1
48332 
2403 2
42245 56829 
4745 1
93140 
8322 2
69322 63595 
3683 6
55556 25124 51358 61953 84435 60328 
1504 2
4259 89073 
5168 2
26951 87311 
2136 2
33822 86549 
5305 4
93315 79955 86420 89918 
4432 3
39666 64179 11023 
6319 2
79439 76824 
2575 5
15245 14134 57510 93154 77240 
5880 2
60766 28675 
4028 2
28983 32850 
575 2
10466 87522 
3718 1
49006 
1908 4
87872 39053 57834 7689 
3845 2
37328 75084 
3995 1
4708 
1882 2
63987 42405 
3290 2
44109 38569 
4829 2
34645 24051 
6679 2
98741 27293 
3793 1
13837 
4423 3
97908 33671 73456 
2687 6
15340 92491 9194 33769 87573 30822 
819 3
96954 73092 32557 
5332 3
7373 75392 53630 
175 1
55703 
1432 2
25771 69556 
4064 2
87725 28276 
6102 2
70579 33355 
3734 2
55196 65961 
980 2
25045 74167 
5115 2
43730 21173 
4786 2
30686 48621 
2142 2
29381 65747 
1768 1
45537 
3847 1
18899 
1227 2
12960 67267 
4619 2
7868 95414 
7817 3
26028 75562 23080 
5519 3
80417 57839 99370 
3163 1
72110 
3861 1
9968 
654 1
68198 
5124 2
89622 70084 
1429 1
44920 
3292 1
37511 
8066 2
78545 33400 
7203 3
65597 30895 7745 
5959 1
6286 
3232 2
76121 56551 
3928 1
8445 
8814 4
28975 70404 74897 79823 
3364 3
24729 28393 3912 
3496 3
18164 478 26543 
65 1
1598 
2822 2
69814 56753 
6049 2
79773 99435 
8329 3
78489 47792 9494 
1341 1
1034 
1243 1
51403 
549 1
59104 
5719 2
82426 73368 
5919 4
31941 4074 72885 16359 
