44
4304 10
423 31741 98999 32177 49215 45190 41684 81499 67282 43392 
3935 14
67742 59462 75879 20098 92101 55481 17731 41511 63583 53250 76297 4097 32388 4860 
4560 12
3585 43634 11559 50511 96672 54975 84720 37727 85716 8967 60778 71561 
6956 13
34398 78616 21250 65291 40250 49352 42189 65526 51040 91095 90683 24506 32933 
1452 10
58621 58556 80330 94145 50770 59688 42858 81420 55122 88158 
2678 11
87547 56262 71014 83309 28038 83241 4207 57646 26629 61902 20070 
2459 14
31244 87376 48022 77991 63896 44254 75845 46934 76568 54956 24541 81825 13419 96534 
2324 10
88657 3500 63450 69290 28638 75716 86992 39097 77571 90334 
6820 12
79819 87618 55972 5650 84790 30614 79094 19536 86884 95035 66839 27796 
5705 13
72604 84255 26096 23003 34349 12180 55588 2491 22967 30012 50053 41959 67250 
4637 12
88058 53829 48044 16182 60126 74480 71504 87093 69137 73781 82698 67746 
7493 11
46951 67963 849 21801 50892 97785 95089 52514 68763 86844 91492 
8440 13
66914 87278 53625 72998 97396 50131 14494 96964 61978 74043 90134 32234 73861 
2054 13
76610 95671 2602 7864 65609 93871 28743 48483 4067 67444 93012 41411 19278 
1743 11
41883 52557 93128 5091 75484 67260 4371 34976 25082 99165 88375 
4187 11
9834 21880 1339 79227 40629 76175 83392 90629 53149 68733 99171 
294 13
20385 27174 61184 40247 60847 33499 88870 73159 4271 3977 65159 982 93759 
4339 14
54978 64945 62462 41347 55896 44845 70789 88597 5348 77071 19355 44697 5848 41192 
5484 14
61558 34370 16632 93259 68320 56472 24687 88488 48983 57886 95342 79038 92419 15738 
5342 13
79296 34662 53388 54216 52737 32982 26264 17563 17878 15892 9831 73403 6340 
2987 16
43194 41303 42349 1517 87651 45333 68997 93486 51878 45813 1590 17931 8946 81489 79428 40270 
2649 13
7648 44877 39399 16976 22646 34563 39483 5375 32248 76118 39286 82551 57252 
1203 11
47237 24451 24934 60648 76767 72534 52333 89943 39911 89164 66444 
3771 13
72553 76716 44404 46195 15643 92908 69632 23670 47837 87822 58451 33493 72219 
1522 11
76409 99023 24821 9399 76043 70233 56980 17326 43801 29457 24137 
4448 12
31418 31972 83565 41956 98400 92989 52165 79457 43456 67012 60269 99847 
5110 13
13426 80691 21172 51405 64195 50859 88856 12422 68912 44019 60813 43569 39250 
4603 10
20696 6584 31194 34895 23204 29424 87220 47731 69115 36817 
7745 13
48288 83404 576 90355 3061 90000 7947 25008 38574 87379 37852 11874 30619 
464 12
25153 20889 12922 98871 92918 11088 45242 83570 31096 51358 11811 55172 
967 13
43958 65374 70306 42243 59373 45441 36410 44243 53604 43474 56197 73527 81602 
6750 11
35286 72752 6672 70792 24248 12318 64490 91562 69951 1648 61506 
6905 12
57731 26636 51108 66405 54062 81793 76636 7222 58408 34691 88282 35154 
6578 12
31064 27817 79955 45655 38734 96878 97905 69400 92259 24116 64580 48456 
1079 13
12627 55760 93538 39509 23565 71709 58986 69560 20416 19571 68246 32633 38747 
5550 12
5412 26543 32361 94082 28285 88917 24201 65855 3741 20641 3057 63628 
8247 12
24076 55540 42630 33551 77381 82259 91418 72611 95954 8522 56706 85825 
4726 12
34135 83285 12040 18581 72685 831 51024 24811 51605 73032 36533 41037 
3051 12
37845 42345 78494 28876 61546 73511 30493 94598 81905 83142 71118 47218 
5572 15
63853 76779 85276 82407 1690 87544 19011 26260 56784 17938 42004 17044 45796 99779 41831 
5684 10
40037 28666 28584 1083 98306 19293 46971 15331 63683 2712 
3634 11
8362 48537 72601 94995 50341 13021 79158 50114 12798 76065 2227 
1370 10
8277 5401 66031 87915 10178 68927 16679 66219 93541 70946 
1009 12
24671 54752 81603 50860 87235 10343 80070 33312 33843 54398 90765 10660 
