85
3632 6
61837 45322 93193 94956 56332 32655 
312 7
81968 88082 18794 40866 53171 47732 42577 
2709 11
29037 44675 27064 20487 43961 72707 85888 11965 75582 16946 18389 
1914 9
82132 54492 58538 41441 26610 55057 38457 46661 61531 
813 5
30287 75377 85239 56124 81733 
2168 5
20823 35914 21234 64684 30582 
4373 8
63294 5004 68008 85721 19362 94841 15855 55395 
3233 8
31229 38304 8595 62579 80893 49843 45849 27786 
1197 8
87147 31648 551 36942 41329 90584 84605 97616 
2844 6
49194 52886 40677 35991 65738 43135 
590 5
99984 73213 76357 9803 13161 
3162 7
18434 65146 33276 32025 86301 88849 93447 
1693 8
46035 71912 62938 87725 99995 326 14530 8156 
4828 15
31077 37405 15335 88156 5469 32841 85951 82034 35 48715 22899 30691 85960 40480 89685 
1854 6
95172 95251 91722 5727 47132 8737 
2826 7
32772 97399 4566 88496 91908 17510 39415 
1220 9
4819 76738 11389 87327 25337 94153 40877 92479 79656 
4734 9
55120 6343 56198 75625 79984 41186 97479 55967 99849 
1532 6
6520 32325 75036 66239 60100 6061 
5225 6
25360 31305 9193 75661 43594 52942 
4782 8
58325 35728 53710 43146 95766 10231 5021 16970 
1646 15
85607 98060 40184 14897 27870 9794 22506 65720 8287 87080 20357 52067 94481 70412 62778 
4018 6
70155 50069 12902 61121 30973 63606 
910 8
49735 48658 59030 26435 78715 17065 69386 50003 
3380 7
32538 98663 22584 36024 11814 28489 99922 
257 5
64037 91051 84320 21610 38539 
248 5
34971 52093 8806 564 84895 
4867 10
19115 71480 74365 53317 52354 50337 13520 33002 42438 67965 
88 9
51369 9624 26629 36964 89445 131 53735 96805 87900 
4836 11
42878 37043 8487 25532 62624 38731 28923 45502 33029 99758 68683 
1537 5
51037 11970 65436 85666 54384 
2785 5
69055 96162 93827 71568 97654 
5196 8
76740 21855 67805 93681 54971 68286 20718 7591 
2266 6
39268 91353 66806 70374 7293 28468 
1137 7
57835 27439 59881 41809 61786 34792 87053 
3678 9
11488 16093 51832 84730 46980 15236 76803 24567 32699 
249 6
27367 83916 49314 81160 35137 12643 
1259 5
58930 94423 4863 90748 31497 
1419 6
26954 68902 52347 29973 74563 35189 
2697 8
63909 26865 82669 97405 92405 4087 91126 61917 
2683 6
49205 92568 76667 38077 71598 44877 
971 7
65085 84495 33316 34734 84236 1812 86955 
1295 7
76786 63600 74094 85639 46222 61940 61981 
5156 9
22730 35797 26395 37668 26833 47250 45591 75466 35408 
2119 6
37479 50141 60843 98019 4962 57771 
734 7
22070 34361 77914 62647 65678 30026 277 
3715 6
11763 35695 17587 36747 72401 77676 
709 5
16091 56394 9984 98613 63068 
2303 6
31939 7139 71784 23319 53031 95037 
3483 7
80027 8989 34506 68377 15913 30002 77315 
3247 6
9699 43659 35877 6293 82340 16017 
646 8
77622 86698 65268 3954 61323 39666 97607 69724 
1533 8
58410 44925 40859 24856 9322 55622 31877 87943 
359 6
29653 56475 36358 60382 20062 97698 
379 4
37648 31192 71599 58783 
36 7
35171 13305 84923 68729 68769 72420 60804 
828 8
89658 86326 93526 80288 27363 38285 63096 57958 
4193 6
3116 54186 77982 89346 45795 10480 
3472 7
46649 37081 16343 18152 48644 91563 35132 
2488 10
23811 81260 21884 67952 28577 15874 50132 37461 19530 64224 
692 9
92888 77978 65030 95681 35114 27010 1283 88591 2173 
1937 5
25014 94477 86827 7418 85490 
497 7
59742 35805 44390 52375 34558 99198 13804 
2305 7
24205 93016 32493 95330 86649 87358 2551 
2836 7
5916 34230 25211 75504 58119 76184 16272 
393 10
7995 41831 81272 39854 13154 92862 49224 28558 91811 95327 
1915 6
81179 13292 63562 31126 97029 63191 
2292 8
88253 28746 56240 68256 19661 79287 74706 24277 
3686 8
92859 12344 15768 34748 68618 71693 73127 96107 
3070 6
16461 78896 21535 55192 77878 87610 
3828 7
2440 72557 55574 16695 30736 49901 79456 
5120 11
97620 92157 98020 33257 65992 42292 58399 41067 24315 48410 54771 
2442 10
36730 44216 88507 41300 79947 81434 35987 33655 43265 46024 
2600 8
14735 95116 73153 7035 29427 41426 90960 17428 
2938 8
90481 99026 22169 96695 76213 23150 2194 38850 
389 8
37813 15309 19759 34045 614 63235 32846 34810 
2923 8
95105 32539 91910 13237 31550 77876 20181 36003 
2803 6
64127 1085 40313 25914 45113 12725 
1961 7
10568 37899 7557 65043 72442 32314 67334 
648 9
92067 99956 25443 93166 65689 83155 47611 24243 63331 
621 9
95389 9378 14107 90344 74219 87107 29328 98890 23219 
80 6
27238 5973 76618 6829 37951 83852 
4070 10
10159 24886 88919 4936 48907 18406 38503 75163 69999 78502 
1122 4
427 51256 26463 53903 
517 5
37974 72659 17949 41226 5799 
