105
263 5
48407 61741 81291 40609 6916 
310 5
7225 41650 46374 41968 33073 
161 6
53073 17581 4949 69772 78209 94475 
907 6
94995 89255 58961 39650 87319 92080 
736 5
82713 75410 72086 93781 76884 
375 4
17151 74799 3563 48874 
11436 7
15131 78250 8566 27606 75438 19118 37600 
5667 6
60573 50183 83706 7194 12920 35209 
4017 5
68703 31305 65886 73646 42374 
6534 5
79201 80406 59022 34748 53583 
7176 6
53626 25415 9160 11051 59636 22562 
1543 6
13360 70398 11636 82449 40591 56358 
594 4
56509 61092 87775 26687 
9920 6
79097 8920 89465 28600 33401 45312 
6975 5
74423 81852 41807 96736 35181 
871 4
57310 85347 16629 37540 
236 5
65797 72957 86616 88109 27489 
3512 7
73023 37869 69636 69095 61441 6346 39531 
770 5
7189 94471 20782 10649 78846 
7840 5
80957 12215 96668 58174 83975 
400 5
47188 25901 94063 6466 66205 
13274 5
12145 72696 26686 61847 18394 
377 5
25491 62559 89450 17731 50829 
1162 6
22028 89303 44191 51434 30160 5543 
519 4
59860 93722 93127 26531 
642 4
11803 37429 16261 90131 
1236 6
53132 61087 8929 51586 2327 93166 
2044 4
7197 59024 89012 37576 
509 5
70826 2717 25877 89488 68653 
11839 7
30649 93895 85090 10321 10020 42426 93392 
3976 5
82641 23925 34969 9837 53685 
1847 6
28329 75114 89175 38427 76101 19289 
1215 5
96513 75234 52221 84446 24371 
701 5
62646 48937 87483 28158 50389 
492 6
2386 70607 34577 37492 13929 21949 
2454 5
69728 36016 58478 36588 25829 
4533 6
16173 76208 73116 6602 91965 69857 
11366 6
73845 54390 1496 67480 16868 9284 
11225 5
27785 87345 31786 36630 74006 
474 3
5309 46908 66902 
867 6
746 82360 65970 44671 28190 4195 
5190 6
42622 20168 27210 27932 47256 31946 
478 4
24751 22407 7962 17959 
5574 5
25681 65136 85211 12924 47411 
10477 6
57548 75918 62793 45011 27414 36327 
9925 6
62748 78904 37730 30619 92475 72237 
3680 7
11351 76956 62626 82674 79209 94135 50062 
5161 6
77873 76105 14320 42268 51061 71486 
12810 4
56056 64067 45104 93442 
10558 6
45598 52092 6375 18041 77649 5745 
12356 5
94836 48127 2219 95828 55324 
5021 7
64668 8752 36341 33770 9673 71365 64251 
12470 5
15952 71591 28167 57529 22866 
1198 5
52857 51988 13124 35887 32009 
4025 4
31079 35008 75622 22991 
1287 6
21730 67138 24302 36287 30875 19558 
1200 6
48908 88193 22222 33137 23901 87361 
1649 5
128 60858 43010 30333 96856 
6974 6
84436 49147 76888 82244 85054 93059 
1325 5
79893 51149 12797 75672 74072 
1029 7
49875 62688 57069 42107 72730 39359 11004 
10768 4
65928 57419 69707 79340 
155 4
23388 91624 422 10218 
6979 6
86599 22905 45379 63429 90900 48255 
622 5
91933 5247 3235 17137 44894 
1007 6
81819 7131 61628 93897 86360 37728 
11351 5
76703 65048 39346 78156 59972 
938 5
96663 104 93655 64270 52428 
16 4
35474 90958 29662 25787 
368 3
9884 27286 44480 
4874 7
60660 52080 52533 45032 93785 34652 62132 
1071 5
7560 42672 86053 29054 47120 
216 5
12169 10239 48941 21307 30478 
346 4
88375 88379 15533 87925 
9189 5
37664 1410 21067 43890 65143 
8920 5
53194 71773 95291 64886 66166 
11985 6
16801 33993 20759 76075 73809 41189 
495 6
42666 95311 4553 6263 34359 17372 
392 5
87006 62556 78710 21855 35484 
6323 5
24450 13577 31338 53523 59246 
12881 8
30963 24492 82159 96144 11560 39574 14848 33343 
941 5
42413 30658 49961 96639 80850 
1879 5
63087 81265 80528 93962 52035 
4388 5
47024 36350 42313 86828 31151 
243 5
6213 70577 11446 16951 54674 
12531 8
80073 12464 70899 4171 35353 40119 63875 49719 
143 5
11074 27731 43803 46632 79199 
2645 4
70307 64724 40930 12511 
694 5
20075 24336 59342 14782 7542 
4421 5
4491 70803 67074 41307 38779 
7624 5
94405 71879 4442 38712 71561 
121 5
44289 17746 87662 58538 18492 
866 4
40152 32543 87998 95038 
12620 6
71083 73391 74981 87442 73572 78480 
26 6
6646 31087 13048 32764 86603 12188 
12427 7
77308 78036 27621 45650 57733 73613 77456 
9473 6
32233 57980 41207 67204 95063 12561 
468 4
23083 722 74431 68500 
134 5
66515 92998 19451 60744 81938 
7283 4
32647 23373 60993 45295 
6436 5
4676 71572 19370 27170 78689 
1259 4
68782 69100 75209 29634 
8613 5
24054 26796 23711 64032 8578 
3194 6
79004 10608 85440 70048 73153 59281 
10215 6
8773 51934 35877 44798 18777 32116 
