183
2775 6
35393 53233 74645 65132 51515 46135 
4435 5
84067 19238 83158 13336 16014 
887 2
71550 80672 
649 3
7265 24524 78489 
6858 4
58838 26181 58651 4414 
2750 2
45060 32363 
6037 2
15430 13954 
5126 3
17181 56649 31358 
4630 2
57944 853 
4815 3
39193 58799 51705 
1170 7
48717 72300 83056 94664 72533 45150 27607 
3749 8
37895 4697 72962 49023 85001 51968 65712 82860 
5476 6
39038 15653 44236 94346 75695 75008 
325 8
69927 20745 94654 48375 91918 10654 9368 60183 
335 3
20543 98426 48849 
1683 2
72183 79161 
1261 4
17010 50520 4571 56447 
2950 6
82657 82774 34021 32368 90613 61545 
2261 2
76642 52283 
3740 3
24097 81181 62770 
3716 5
41008 54469 90975 29848 60529 
4363 4
29532 30091 60238 93712 
1779 7
26509 11197 68285 2551 37413 16838 96477 
3235 6
63102 63960 54482 57021 55629 59448 
1013 5
88648 69625 91734 92740 40479 
4555 8
98097 93519 57560 57896 61233 2785 35067 79567 
3283 4
24572 89669 5498 85241 
3765 4
62287 54764 41754 67356 
5687 8
82594 23317 77542 43528 57140 4546 17677 62796 
1035 3
81864 12793 23313 
4620 4
39894 71259 34198 70269 
2695 6
11027 95518 6265 11931 78504 29159 
2412 2
38232 54964 
2560 4
78874 31222 45398 59602 
4064 2
12614 11891 
4945 4
23461 77325 77922 95143 
6171 3
33790 98014 41337 
6741 4
6863 33524 22030 51628 
2355 7
44675 47653 81787 80792 53258 62950 49670 
2903 2
83179 53661 
3875 5
78779 27853 41568 62451 34675 
1303 8
94993 93446 60273 8585 3668 80417 13055 92197 
6156 8
94544 37224 3602 26002 77535 43974 90627 15455 
2340 4
96862 19206 94258 93313 
4621 4
86562 29660 13461 33434 
1456 2
71383 47449 
1973 4
1559 31359 53216 15267 
4108 3
86218 66105 19448 
743 5
97698 93730 83092 77583 7444 
6385 7
38782 67494 93515 51855 64031 13128 65582 
1688 2
74598 10135 
5843 3
88444 50148 38763 
3942 7
25322 79818 78176 59841 37553 36565 47206 
3945 6
15075 56938 77090 64835 33004 69104 
1622 10
68870 33001 22991 43641 97154 76912 76623 39444 96570 30326 
2944 2
66977 80661 
4318 3
83197 18359 75332 
6803 7
77925 40082 37073 76525 84062 99086 38384 
3924 5
97001 81213 63790 27539 96483 
3416 5
67890 82813 90448 63307 33238 
439 4
54596 90084 19717 362 
484 7
67496 69034 46442 71265 78552 31312 24926 
4084 7
81109 55543 9086 45012 16033 88535 60148 
6795 5
13698 43251 93826 38894 38020 
5426 8
16990 86932 46837 34152 52623 43527 85417 95717 
3552 3
81294 8160 33150 
5272 7
97864 73513 41408 63654 36653 17829 11166 
854 2
91493 92898 
3059 4
21254 11473 8076 16468 
2264 4
74541 4990 28353 4622 
480 2
32266 64414 
3455 2
33605 65069 
2800 3
70637 72344 69694 
5511 4
18108 65513 36701 4133 
1262 3
69720 66226 70747 
165 3
601 29269 51828 
3062 6
70839 64339 98153 16844 28324 19914 
5166 7
10267 11400 30857 93164 56438 62715 49746 
3711 7
82827 55416 67209 8855 4202 57414 51929 
5563 4
52062 74652 15251 33241 
4315 3
66132 24710 45237 
2268 6
86653 73250 77946 31340 57477 71347 
1477 6
30550 94854 32053 191 98945 26922 
4865 3
82853 17060 26414 
2435 8
93717 70816 86367 74733 42469 96765 69246 27131 
3669 7
2111 72649 47307 9271 45510 74380 24232 
6234 4
45040 82745 91545 33267 
4345 3
97161 70833 21801 
4340 4
63393 23290 42055 46628 
1687 5
94086 28446 73899 26069 51982 
620 2
38095 62293 
5502 3
19319 991 9544 
1896 2
52240 64934 
4887 9
26191 22950 63240 2084 34142 7977 30313 97321 40559 
5445 3
56634 74198 50018 
4680 4
82965 78500 71741 61231 
179 4
15363 88308 15399 72676 
3590 2
96969 40184 
7048 4
31724 89062 56700 11040 
3846 2
36293 76606 
3573 3
42736 4152 89833 
2815 4
27939 92116 46809 99298 
4923 6
63414 87505 81316 97892 91788 38714 
5099 4
67567 81430 66118 17343 
1317 6
76444 6500 19793 26390 73584 66957 
6224 6
32097 1260 4957 81634 72629 36913 
4132 5
5601 31296 83235 61902 57228 
87 4
17651 56660 42603 67056 
6315 8
2581 41882 54717 93722 95835 43930 79617 54712 
4465 3
93381 1037 51812 
6285 4
75498 5558 36012 11794 
3527 2
61565 41422 
553 2
88028 10387 
614 2
78150 9841 
317 2
83750 70096 
3822 5
72733 89473 53127 38321 41285 
916 2
98443 33235 
5061 4
6454 52177 4167 64651 
485 3
47798 97123 77446 
5678 4
6688 80116 9524 79363 
2547 4
94723 60322 54577 61748 
5133 9
89838 92119 33832 67295 15327 921 48254 84276 61030 
6319 4
90125 88666 92709 85524 
1068 2
18545 35425 
5895 5
49943 49534 33972 62943 23713 
4404 8
97761 69743 19582 79844 29738 20071 21941 38011 
6074 5
65026 75618 63598 40140 89456 
5757 6
15457 10155 33697 6268 82247 57513 
5138 4
39364 60372 52135 70767 
5453 7
83063 19351 70987 48845 75623 98127 34640 
589 3
87528 68819 78983 
6053 10
29195 86532 53072 30669 54612 16847 12565 16527 84646 89888 
2596 2
94623 87317 
531 2
70845 65814 
1015 3
9060 59819 19536 
5009 2
35248 37609 
1506 2
13014 90694 
4115 2
39710 53546 
132 2
23465 65219 
3538 2
88125 78770 
2964 8
55183 50187 89997 1197 35052 31354 42896 70064 
6355 9
61976 13815 77889 55876 63083 11803 19329 36458 35027 
6611 7
97921 49098 13405 78522 81670 52192 19447 
2807 5
47061 22040 68084 87930 35066 
4490 3
65151 78062 35189 
611 11
84549 9719 60385 36751 27290 41372 65996 99666 97237 61299 7445 
4395 7
88493 55362 12040 77744 54057 51517 52646 
6128 5
27639 60399 17549 28537 5335 
1240 5
70210 84213 91395 30232 85450 
2975 5
27031 13008 57294 6052 74638 
933 6
43902 40914 33874 53765 57784 20110 
2588 2
14477 47737 
1233 6
54768 39799 12493 59445 85160 1398 
5294 3
14025 42657 24647 
782 2
11854 67582 
2865 6
28946 66454 88500 29809 92838 5705 
5063 7
77906 80845 13617 77332 86026 64664 86537 
2746 1
39658 
382 3
56692 99322 54006 
4473 5
15950 52879 57185 51735 54781 
2756 2
58603 61815 
741 4
13326 48556 74884 57263 
2022 2
60073 7987 
2967 2
43880 58775 
1915 5
79155 78045 35931 68047 41625 
2124 4
73561 72010 65003 89840 
2548 2
66764 35882 
1512 6
96466 47451 44530 99904 93038 65111 
5813 3
68840 11599 76589 
2521 4
30486 74588 26607 27371 
839 5
1466 65752 15307 45934 2886 
6219 4
16133 44485 68705 99080 
3635 3
4237 2277 73607 
3582 5
64967 32158 87693 9906 59110 
4182 6
93881 54833 83190 1642 86934 54894 
3885 3
96949 25897 58368 
1500 3
36600 92249 53060 
2676 4
74188 80916 21155 70707 
3761 3
71786 52165 79500 
4440 4
54020 39748 48627 68041 
7000 5
38815 51637 7095 82993 1312 
486 2
30931 12875 
3329 7
61186 24019 29460 75940 68782 46712 76797 
