367
6783 9
57796 55959 72448 19326 9944 7458 6678 21886 27952 
775 9
46914 74491 70646 68101 14808 2580 2127 39707 27516 
3811 9
51964 77273 78672 64703 64551 13094 7956 5681 31099 
21111 8
54355 45999 78863 11310 34597 35781 24380 20025 
2404 9
51824 40218 65999 12741 12353 18188 4974 7604 37041 
371 9
51546 55110 40595 42330 75100 69009 12073 8983 31999 
7371 7
54535 53853 42405 44792 2670 1066 2422 
8202 9
52045 58885 47696 60285 68457 68240 7302 23882 20842 
9702 9
77364 76790 63319 65913 67154 12062 18094 15713 15488 
20059 9
50320 48100 60045 66933 13320 14373 6126 6243 26588 
1496 8
51343 58389 48809 44863 77700 74910 13894 37409 
1515 6
46028 74804 60875 16581 8401 39624 
7058 8
40329 48290 59924 65731 66076 12826 18371 530 
15372 7
55061 61505 68703 14009 2394 7251 32303 
3717 9
53733 43022 73983 69418 3309 33109 31835 26949 27233 
3930 9
59266 55037 73752 70360 70145 3219 8886 30621 26195 
3894 8
73221 78408 68513 12586 30914 39379 35141 27175 
8963 8
50487 50111 45371 16986 16373 33829 32299 22054 
9090 7
42601 42622 72568 17939 19659 30109 31685 
15246 8
53651 58848 41006 74626 13815 7975 23508 23723 
3668 9
59622 57098 42157 44914 46853 70731 63169 33127 20272 
15100 8
54504 46664 74698 69249 67196 11171 12012 21965 
17076 6
51335 74743 76269 34006 38268 28672 
4414 9
59394 43595 42894 78612 76886 65318 16911 33481 35277 
8581 7
42286 46717 72005 67476 65030 33102 36780 
9127 7
59536 47774 16090 16455 30720 22070 29413 
1651 6
48093 75356 74 1506 6899 25745 
1277 9
59493 66656 14831 12240 17714 16771 37840 35409 23496 
8930 7
77877 64244 9990 18678 17527 7966 25402 
22528 7
48865 63753 61558 18079 2987 49 7529 
9625 7
51611 58192 49316 76535 64115 18004 36623 
458 7
74232 63861 60548 18830 32057 23822 21680 
4754 9
50756 58486 73472 60523 65038 648 8340 37923 20730 
22519 5
50649 43053 39319 23195 26929 
5026 8
51968 48451 60609 69591 17814 19815 1284 32319 
1168 7
48863 45813 79508 75772 66879 18886 8137 
3955 8
51797 48922 72735 10525 10407 11987 8748 32718 
14692 6
51022 58390 55144 10250 9642 38399 
139 8
52885 51608 58537 78316 65849 7914 38794 29012 
20121 6
57228 10772 1625 30389 31578 22381 
19516 8
48109 48423 74811 12798 7561 31374 39748 35105 
15525 6
54468 74958 11344 18451 17936 1026 
3636 8
56384 72635 61418 16115 15280 16492 21480 27052 
11981 6
74442 67876 13991 33572 31488 21619 
849 7
54233 52273 57008 11723 7662 32316 38388 
2671 5
44551 6149 38058 22065 26819 
353 7
50885 72118 76951 67881 65781 11770 6254 
5997 5
56025 41872 75294 3483 8114 
19635 6
48883 73933 70982 12312 7286 39815 
6628 5
72537 74227 79388 62559 64909 
4187 5
72603 74019 78776 39011 24471 
17768 6
50707 44565 42133 15141 33643 28724 
21551 5
41912 76028 15951 15949 23391 
2288 6
56192 43296 62744 69003 7614 21567 
7320 7
53429 52425 62627 11607 3908 33699 28101 
9728 6
51800 44824 45197 46300 79039 6090 
1612 4
70591 17686 17173 20003 
18224 7
12252 9210 32828 34866 38314 27977 29737 
13894 6
47425 59837 19042 16479 6298 33701 
3630 4
54488 58726 75751 1203 
642 4
4665 32562 31715 28446 
22159 7
50342 46356 70043 77443 76677 2962 26360 
3214 5
54068 51462 69420 15715 227 
8832 5
40942 46114 70577 1866 31812 
10156 3
57248 56477 12689 
14375 5
54487 58157 18960 34691 23788 
5063 4
61456 3293 259 39268 
17681 7
44116 40397 77544 62916 2972 22554 28883 
15682 3
53471 12639 7069 
4948 5
57029 70638 66711 30107 21083 
9420 7
54584 53638 67529 66011 11562 17832 15475 
19455 7
42081 13716 10559 18264 18568 6146 24402 
7808 3
74145 19708 9663 
4907 5
58088 17319 22436 22985 21518 
1843 6
72741 18313 16729 32662 32449 29508 
4142 6
56256 66968 11071 5891 31199 24209 
5834 6
50323 48567 49625 64774 18969 459 
15862 5
46750 63365 4793 659 32172 
16272 6
43783 10453 19193 6031 30000 26018 
8710 3
19000 948 37798 
5311 5
71950 76585 32548 34738 36468 
1944 6
51062 55321 40113 79073 5026 35178 
1163 5
58754 45316 70528 61457 6302 
18477 6
50336 58762 44453 65485 20722 25331 
7110 7
64174 3568 4392 992 33583 32214 26781 
1216 5
61126 38396 37597 25282 26934 
3339 4
79296 60201 13620 36472 
7976 4
40906 61563 3850 34343 
6883 4
63705 16638 34568 24678 
3651 5
51420 45699 68853 2080 28820 
6876 3
4821 31565 22160 
4974 5
41726 45055 46570 19343 27062 
9103 4
52503 11684 4680 23983 
7974 6
40129 67904 18324 2540 39085 28232 
14511 4
46846 71173 60159 8441 
8856 6
42261 71325 68176 10439 9508 31214 
20382 5
57895 63048 32554 30754 24636 
6524 4
41338 48278 44995 19197 
9579 6
56951 70784 61352 17469 21399 27726 
4673 5
59223 57200 45972 10061 2586 
17085 4
43337 19887 1036 30005 
4541 5
69134 16865 2327 5598 5317 
3841 3
70741 8358 37433 
9870 4
48015 63719 8005 5208 
22607 7
58311 43528 44521 13509 7332 6292 22298 
22681 5
47746 47770 1907 35948 37260 
5006 5
50474 55258 72039 79433 6739 
15872 3
12931 30525 37192 
2327 5
42890 48825 74721 62551 22417 
2096 5
42123 46200 70756 17494 37589 
4033 4
51555 68017 68227 9892 
2812 4
57442 40816 8341 20541 
15542 6
54054 44771 4051 24666 25923 26288 
3320 4
44972 76888 5505 26229 
5527 6
57461 63803 17490 5963 32939 38299 
20081 5
70938 17512 32965 29549 29844 
8132 3
54931 65437 24640 
7113 3
8925 5928 6477 
5481 1
22185 
4094 6
55018 47076 75057 63942 1225 25514 
21208 4
58140 49764 78684 60810 
4453 2
16011 33364 
482 5
59159 71731 76194 8377 23952 
19513 4
43757 40294 60620 23375 
17255 4
59468 45096 78813 30772 
9370 2
49943 69667 
11263 2
58456 26724 
15411 1
45785 
770 5
50182 41327 10426 7521 36834 
760 3
12713 891 35176 
9061 4
69611 1766 31780 25486 
2149 4
47567 47272 100 5429 
6341 4
51767 48500 31253 25375 
6621 3
73532 67585 22415 
18359 1
65193 
7405 3
54921 71306 62008 
22275 1
3124 
11617 2
53508 27570 
7721 2
19770 19969 
9091 1
67898 
4496 2
68331 69016 
6801 2
43087 27258 
2136 4
53317 55821 65766 3715 
4482 3
58451 45319 31058 
6361 2
44344 36724 
7507 2
51469 71746 
5524 1
35527 
13146 3
69994 32976 22456 
417 3
41429 47958 24408 
1781 4
43828 41660 48404 75710 
800 2
41204 34671 
21740 3
74668 61493 67084 
4531 3
73962 12474 21566 
6087 4
35974 36886 20554 27055 
18223 5
71050 61608 67385 69595 32287 
8852 3
49594 71129 79398 
392 3
51012 44047 40471 
304 2
43703 29148 
18642 3
12426 19566 34370 
7215 3
71919 66637 4474 
7346 2
35502 36864 
20525 2
33243 35326 
1771 2
64343 31296 
4010 1
74021 
13100 3
51276 61959 4345 
5568 1
26778 
3935 4
61936 17621 19851 25642 
3736 5
44730 9497 5507 23468 20135 
22492 3
75441 19531 4561 
1737 2
79377 17830 
5140 1
40799 
5076 4
41882 72637 65914 2318 
19935 2
33808 25370 
8147 3
51345 61638 18375 
7970 4
48736 46838 78680 22308 
1769 2
55264 27840 
6736 1
4304 
17276 3
51096 17782 16182 
9862 3
57281 40864 72414 
1122 2
76473 19776 
18770 2
13421 8628 
8843 3
40934 74888 66355 
15806 1
69903 
734 2
31888 38666 
679 2
40316 47599 
11604 2
52326 41102 
6852 2
40232 27632 
537 1
75589 
17568 3
46589 34622 37782 
9425 3
51218 51697 30155 
3419 2
59201 25685 
3971 1
13224 
3102 1
64330 
348 2
48107 39738 
8835 4
55621 70312 71177 65602 
16034 2
65490 30234 
4739 2
65556 24216 
16078 4
64684 19440 17212 37834 
15845 2
56852 36135 
6160 3
40805 6150 38992 
7045 2
45687 13533 
344 1
13661 
17224 1
4361 
5677 1
43235 
20747 1
15881 
16975 3
17712 32065 21583 
7664 1
43319 
10875 3
47777 62213 15714 
18583 1
5671 
1079 2
79362 8434 
14443 2
56589 63882 
5125 3
34128 38742 20028 
9000 1
7580 
12000 3
53888 69396 18150 
2014 1
70962 
18171 1
36895 
13442 1
57646 
5679 2
58895 65926 
5239 1
3807 
13458 1
30071 
13684 2
359 39579 
10423 2
78363 64916 
8300 3
46026 16334 37687 
5456 1
75021 
3058 2
63537 10729 
4215 1
43678 
19441 1
26728 
30 1
28610 
991 2
71608 5579 
1387 4
48259 67492 12681 19667 
599 3
43441 4317 2333 
19203 1
42423 
3987 3
61692 32432 24459 
11317 1
2867 
8490 1
36497 
12906 1
54572 
5204 1
34091 
19625 1
64955 
8431 3
77011 36675 27573 
20429 1
42100 
647 3
44448 47807 26859 
17940 2
56848 47053 
17907 2
58571 3396 
8416 3
44717 4699 30743 
816 1
45471 
19882 3
45626 14670 24475 
8448 3
49691 74205 64043 
17393 1
18453 
5418 1
3307 
9585 2
13553 1801 
14481 1
62901 
21710 2
45244 74077 
11695 2
7743 5650 
2320 1
28260 
13335 2
44648 11838 
19773 2
58143 45605 
21333 1
3304 
13136 2
54193 36920 
8573 2
51375 48520 
12802 1
56904 
14803 2
50130 26766 
10869 1
6773 
1284 1
37014 
14648 3
3693 31034 23981 
9094 3
57443 43379 26027 
9739 1
13278 
8081 1
45013 
7531 1
15095 
8358 1
63877 
7225 2
36000 25341 
13970 1
78910 
10034 2
3820 36011 
8760 1
12242 
4657 1
6312 
852 2
12361 17323 
5669 1
56615 
17413 2
57243 38795 
7191 1
57615 
11577 2
32661 35900 
11391 2
15090 27421 
1165 1
43531 
16896 1
54533 
13741 2
79313 19710 
19340 2
47907 5810 
16212 1
49431 
597 1
47032 
4521 1
25861 
8259 1
72134 
4581 1
75085 
5108 1
57877 
14364 1
36648 
2648 1
37905 
7083 1
9915 
715 1
75444 
18886 1
7446 
5751 3
50051 55850 67578 
7958 1
23849 
2510 1
57832 
15633 1
39517 
7646 1
13510 
5744 2
78843 853 
5381 1
74639 
3081 1
9960 
2827 2
10296 16242 
190 1
58810 
20933 1
51857 
1839 1
31150 
6447 2
77823 976 
5240 1
7224 
2879 1
8459 
4464 1
54770 
3448 1
66240 
2178 1
29667 
3051 1
52992 
6484 1
34836 
14241 1
45886 
14408 1
43425 
14549 1
14270 
9758 1
4289 
2000 3
4993 6504 35398 
19816 1
79736 
7504 1
42849 
4405 2
66659 35299 
6119 1
54326 
6779 1
7294 
16498 1
52350 
5478 1
66041 
7561 1
7115 
1836 1
56942 
8503 1
25057 
6944 1
13211 
7072 1
32063 
19812 1
32134 
10991 2
78532 25951 
1798 1
78019 
2895 1
57419 
15137 1
70576 
18737 1
56735 
14166 1
37216 
1084 1
59921 
21245 1
55411 
8618 1
5340 
7365 1
55122 
4959 1
13240 
14109 1
57331 
4593 1
74347 
3321 1
45975 
17505 1
27333 
17039 1
56945 
7809 1
58089 
8228 1
20301 
11383 1
44923 
1250 1
6042 
18772 1
79642 
19547 1
47353 
16689 1
12245 
2175 1
30151 
6864 1
48463 
10072 1
56209 
22795 1
4865 
1889 1
376 
2453 1
17211 
3541 1
71273 
7101 1
73158 
11370 1
74943 
11614 1
67575 
519 1
18000 
