81
15181 9
30395 30667 48515 49627 93448 47878 34022 28283 27614 
7999 9
10816 41171 81250 93685 92600 76732 66433 36963 69697 
11964 9
11333 56890 26257 46624 40731 60112 12823 27579 25242 
6628 7
72768 52134 48731 78809 17720 85692 92177 
323 10
3366 75910 34472 72572 58069 22881 8432 53513 59693 44065 
426 10
4001 57384 27421 86248 86745 72320 12221 49221 42867 4761 
7302 9
41573 83869 4154 53178 8613 53813 77071 22214 17390 
857 10
49736 13226 75841 39910 79899 74107 68962 25117 49467 62890 
7652 9
14519 64307 2512 19011 87161 49097 50210 26540 57506 
278 10
74402 53043 88401 636 33628 73801 10612 70701 36821 91533 
732 10
31791 80278 26293 38405 83909 7564 73629 78952 12345 92620 
6366 9
66410 46101 13536 29625 83756 93782 34754 6552 7634 
700 10
28017 69123 5668 55599 57810 33875 473 23119 75813 18918 
4159 9
57106 47909 29653 14792 26218 43205 83936 23255 86470 
7449 9
52259 601 21042 37601 57248 35284 34987 32443 36362 
24121 9
47873 82385 65823 64425 58513 5483 80666 87080 73640 
10528 9
64315 42543 80333 4222 43089 89507 37268 59689 62491 
7162 9
34911 14224 13101 11422 72118 37293 64763 78078 19277 
11524 9
57403 39575 88820 89024 37661 80046 81864 89712 6128 
9478 9
59647 59780 41257 8497 33933 64903 56887 38866 26577 
5256 9
24737 17270 23514 61860 48839 2799 68511 10817 48810 
292 10
72361 32159 62070 9585 92486 30794 19587 94049 13521 63332 
890 10
20849 41741 50380 38731 48216 24043 64913 28905 8997 8278 
437 10
92460 28090 31988 14019 95221 8182 91182 5852 57921 57993 
10081 9
66527 23139 48504 69308 41737 45776 79338 92957 387 
21390 9
57014 20747 37913 70454 35593 73958 36420 41555 15487 
12695 9
29827 54610 31500 2812 26982 62978 3007 38049 25 
21160 9
64181 78030 83670 74208 90822 655 76950 90009 58349 
8839 8
59230 4972 24291 44464 69477 33838 13048 7156 
3563 9
80955 21408 89262 71835 2068 52687 92763 92106 25939 
23899 9
2122 84404 43865 67965 16488 63273 90744 32137 940 
5042 8
90269 3821 16751 20357 91025 17356 47428 59640 
19892 8
74777 14532 34431 93909 55270 31244 68977 71833 
13980 8
57996 89894 53845 90488 339 52682 20750 12464 
4028 8
1495 79759 85865 44697 12678 68291 21559 32782 
14230 7
50461 54391 4503 23275 45982 73061 70292 
14702 9
6315 42632 86030 35225 31938 79382 7380 10187 6659 
10830 9
66819 72550 29956 60307 92672 26866 89114 53148 2414 
6607 8
54442 26789 85361 87679 74502 19611 36968 78177 
7138 9
15170 89897 58382 18110 37938 21702 50816 71755 8529 
17217 8
64920 52492 32841 4398 92482 45827 73079 66380 
20229 8
39444 61479 88619 40964 6695 26452 65052 22268 
9833 7
43537 12153 89759 52287 3381 64447 65890 
12383 6
78945 52423 42015 30564 74923 21786 
12858 8
38818 19448 37409 74423 61867 34996 68400 22810 
11046 8
69487 21919 43407 48152 93383 46262 59207 64924 
1309 7
46088 87884 40959 11028 17918 31113 94081 
24034 7
91536 78476 91087 62374 61928 4845 90475 
10142 9
68771 27923 44965 8237 44339 63291 18444 86989 46243 
19125 7
90969 22235 12726 84048 61608 71849 73994 
20569 6
28295 67276 50657 41096 47101 67739 
10956 6
71153 82625 71437 36017 94062 95171 
16867 8
5609 80435 66458 64437 19245 51252 13434 40336 
15479 6
26778 95158 36041 4136 42040 51708 
12012 6
91301 28657 42428 89736 21763 24780 
2232 6
65797 44475 89414 90439 71300 25006 
5793 6
23092 38295 53004 50007 36385 94260 
14585 7
81251 88566 44341 48055 41193 76456 27684 
3507 6
7790 23494 63200 93411 37329 13469 
15576 5
20717 2611 64582 14979 91282 
17108 6
95272 60913 37178 60787 11036 88100 
15647 5
83748 94002 68431 9340 86358 
19625 5
1386 59817 4266 72744 53125 
16908 5
82606 53518 42301 42547 41902 
10608 4
44502 77177 75380 72848 
5502 4
20803 42335 38465 58575 
398 6
71397 28179 30279 26163 8581 18353 
10702 6
36634 64261 20266 78819 17864 26904 
21894 5
70740 69764 63642 36482 48998 
17204 4
78018 43510 31257 80743 
17628 4
40955 69909 26912 43158 
17844 4
53921 81424 81620 83089 
4240 3
53438 46339 19149 
14911 4
4648 7290 49734 59762 
9464 4
51606 5851 31787 34158 
22091 4
86001 7989 44997 15271 
10717 3
42903 75853 44016 
11884 3
29621 16141 92319 
5093 2
5156 54045 
552 2
44692 53346 
689 2
4897 44602 
