73
15181 12
6312 8652 63209 25115 60670 74239 9999 32328 52600 48976 55370 13276 
11682 13
39020 42863 71260 46087 32084 43132 3962 31630 21698 70610 19714 51215 1723 
11964 12
9694 34636 6124 31018 65692 51564 49292 8852 34855 38001 75284 64567 
9360 13
58159 76966 26135 4439 60527 55938 12050 58162 20166 49003 15303 1719 40901 
8561 13
26695 53599 70178 18562 66513 11020 71504 51838 11190 41522 64710 54730 10841 
7003 13
59548 78801 36409 76633 32889 13255 74133 68048 40246 37806 20526 72843 59726 
11705 13
54383 71631 44115 40606 19453 51279 35798 50992 32792 2254 59210 60698 17490 
3223 13
52618 33812 58462 48617 40233 9515 30731 78533 6452 56788 11085 53248 18921 
12651 13
69237 30222 72673 40454 66462 61691 816 16746 40426 29890 72427 54408 9645 
4275 13
68784 41317 28282 66542 10330 51634 38934 70409 9010 67099 9633 43517 32589 
3883 13
12713 41666 76265 35164 25698 51923 34845 41540 38570 64527 58220 60688 56709 
3722 13
46422 57355 65337 74684 50322 73423 77412 63620 60551 38853 28986 8519 6106 
11862 13
38508 22462 4949 13286 77613 5798 28603 17333 76692 55355 69144 67287 48251 
10768 13
32004 23363 77306 54786 18770 74324 55993 30317 44232 39841 34152 6463 10664 
2074 13
38313 52522 14657 11877 31660 72145 2121 40373 72293 61835 39356 11082 76228 
10176 12
30724 311 25463 11776 54337 31525 4664 68714 67405 23130 44356 8754 
7243 13
37361 18193 74533 45476 79357 15353 62400 50085 30052 66362 80295 23749 4745 
11281 11
19770 65287 56740 60935 21990 20030 16612 36617 69396 35956 57374 
8765 12
7504 75352 72283 48859 54222 48696 18080 56197 66706 20083 63957 15914 
10263 12
41447 35735 70302 16582 53693 46973 53441 39202 4206 14907 11687 73949 
12277 11
19007 3785 34795 77234 51383 38792 23884 6835 65336 36953 41649 
3798 13
32082 8583 45585 9693 28770 18301 16231 51455 50698 72960 59708 5717 70337 
11053 12
18733 59010 71956 31850 21949 29918 2418 32080 54909 16909 46253 59491 
8122 13
65771 2858 41168 32600 18894 17970 24160 50869 52025 48391 5694 43521 80719 
12632 12
8065 6082 24337 17013 80566 9793 1089 29968 51537 38550 2546 7968 
2113 11
8783 8301 51833 36493 35175 43220 264 50068 38607 72560 64304 
2741 11
54370 57427 43703 41140 46418 79058 76950 13782 37773 21976 69052 
6380 9
15542 69704 4436 72964 48174 42625 4954 47735 36512 
4800 10
70998 55790 1476 70764 64299 41955 66076 32350 58440 26768 
10767 11
8318 51568 51031 46491 79254 66179 5610 12788 37848 72191 11131 
11202 12
61794 79521 81034 56121 65578 35036 33622 77846 4856 5985 61365 4116 
8306 10
1164 62744 55715 56902 34244 17806 62317 11969 62766 50722 
4833 11
3592 35143 63235 21804 76530 40496 54384 19331 31267 35387 53554 
7999 7
22786 8687 21833 48926 49221 65728 22837 
12496 9
78073 31422 80015 67017 48461 11922 109 52220 12626 
4220 10
15093 28493 18113 61636 73302 33621 36028 4774 25724 21808 
10320 9
35206 45015 34591 75305 80494 5579 46008 75269 45304 
12463 11
13367 78427 69287 38555 52569 2419 75040 20942 47570 35330 3942 
7562 9
72166 44019 41020 9613 30027 12559 28621 73200 75575 
12370 9
76245 13957 1896 33794 61488 72719 17544 30953 71052 
12092 10
3111 5152 9726 64292 36970 42344 21196 53866 63433 78379 
7840 9
62798 17558 39601 7068 54436 38108 13488 63344 70718 
1313 8
25590 12343 77983 79720 51548 70092 78854 56929 
13764 8
37827 13752 78234 15120 11081 42733 72574 5442 
6311 8
74742 34554 3863 62115 21518 14382 26413 27911 
13432 8
62031 30888 20880 61505 36499 25446 35780 56909 
4276 7
6612 77922 34896 69132 17693 40024 59624 
13026 7
33017 32111 22315 48775 1098 78573 3008 
8809 7
80169 27276 46106 20327 14549 67726 47208 
9621 7
40640 1518 73863 62269 73904 32184 20155 
5956 7
20340 60431 14856 39467 3906 41651 78070 
12801 8
53939 671 2260 70739 14347 66558 52390 77387 
4972 6
13999 14140 48969 27407 45308 63610 
15749 7
29241 69454 46209 3405 31767 2108 29175 
18672 5
44564 37692 20533 43285 52481 
1045 6
62681 57076 12955 23944 27523 21365 
7609 5
11299 43748 41324 5665 55405 
16835 4
56604 6192 40484 41134 
18439 5
36849 74452 29112 3654 634 
3907 4
58285 53673 40404 36949 
4332 3
77097 62949 12125 
4283 4
10906 20724 32042 60570 
16581 4
74635 70589 53610 49904 
12843 3
47691 73615 74844 
3355 4
36358 43796 12742 29955 
7587 4
31786 75460 55736 785 
3053 4
9208 10837 15911 22356 
2892 3
47276 29892 29971 
359 4
26106 38299 9117 40300 
42 3
57358 44027 38610 
12555 3
74434 49570 63887 
4102 2
54372 28999 
29 1
1286 
