48
15181 14
4778 71726 60337 34546 82282 76252 87288 81889 12435 65809 1525 43350 93990 52525 
6087 15
1950 35331 26974 58349 37819 88187 70173 15189 52452 72764 15159 92571 92646 42173 36308 
8131 14
48192 32770 49929 2753 69448 35208 35978 8958 57711 61085 60142 93443 19344 34627 
3225 15
24498 59175 27317 81242 61115 56380 40130 65236 55316 73201 71678 37397 31478 85947 4224 
11964 10
44844 37292 39225 87523 4074 34056 7601 53898 82847 75877 
1318 15
73552 36877 39757 10670 12268 76138 6590 62270 64320 35315 37766 85957 90036 5342 46192 
351 15
69741 68442 92815 86791 13780 51774 18386 81352 87630 91509 34758 43425 4721 32555 63422 
14236 14
1656 91061 15304 91710 22281 94203 21561 80207 28884 8328 67893 46344 56649 57127 
14792 13
16291 41002 33786 26925 64895 51467 45577 37386 79376 50378 19854 33058 45015 
3705 13
22089 29142 90118 17249 86071 6508 47150 44756 15749 15768 33009 26806 23146 
996 14
79494 33664 10700 10511 88043 57378 37002 19805 70280 51730 4573 7214 58218 72414 
18863 14
51609 3499 61243 65890 22824 59694 38188 25745 11062 28831 54465 57169 46397 40366 
5762 14
34438 60539 9434 6457 60823 75263 87210 28338 82391 22677 68738 64592 76151 52017 
16541 11
52246 53658 26766 71291 52193 10167 69516 42121 68147 52814 38795 
5298 15
23790 64826 81174 69672 20611 51175 13329 11196 53056 74762 53076 36602 6515 85613 28382 
1598 12
28123 91007 48342 74902 54125 55017 37805 84908 81099 20306 1643 55018 
14940 13
79371 36 68228 83104 62508 17915 3749 93402 53805 82920 40040 72142 19042 
799 14
91430 50398 17147 6052 59155 57022 14792 12850 94661 89356 41771 79644 77490 92906 
1713 13
12343 13554 81118 14960 91696 69191 49720 40948 40651 35473 94544 9164 57613 
5769 12
81669 64178 77634 2249 29416 56799 73063 63335 22111 34081 46815 36102 
16724 12
63662 63690 70757 22563 35573 82267 18373 2874 17805 65947 94308 77871 
1417 11
23131 92119 68718 10425 87526 40150 37462 70292 6150 40901 11612 
14665 11
992 54451 81474 60400 80331 79364 69490 76976 27512 88955 46385 
1071 11
67944 59554 53274 10728 15474 4344 56188 64013 40207 12771 12485 
959 10
16513 29491 49214 35771 16453 77041 79831 38996 34374 42120 
2754 9
84569 42025 92737 58876 35283 12907 49108 84252 52217 
18950 8
17557 11712 13945 25857 18036 87392 41535 67888 
4410 11
42152 80797 62942 90998 94629 74230 30854 51003 57600 26644 35057 
3207 8
78314 71560 68627 71717 13944 61882 14566 91076 
1497 10
307 90806 17470 61610 22119 6823 41922 60589 63865 79154 
12738 9
9935 74159 71311 19186 60520 61571 88415 35127 17849 
15696 8
56196 71310 48246 18600 26487 3797 59964 28153 
5478 9
8173 21522 68243 14454 20518 89612 42897 75013 61505 
6869 8
30193 18364 59339 6143 59896 27125 12180 73121 
20328 6
57612 83879 50162 44625 5893 92328 
22787 7
3772 74369 41926 20665 59586 67151 26400 
14398 8
33849 39570 10284 57439 52776 27149 77988 22864 
3835 6
22902 19579 62800 54546 13591 13735 
2299 5
42417 11902 69868 25434 191 
8728 5
65306 65188 18119 43412 35983 
831 5
18301 26714 83847 14218 92894 
4587 4
26315 79970 59197 39820 
337 4
2671 81200 23303 42876 
16726 4
11872 53359 22574 89778 
5129 3
70709 89651 75801 
6506 3
47443 43420 12478 
1601 2
13257 54684 
10261 3
94004 63401 76882 
