11
6355 113
54437 5792 77126 17283 74207 75627 74052 15451 16007 4006 27459 98759 11973 53775 14795 89570 55920 8601 93316 54605 17729 79110 5214 84020 37408 19985 10952 7691 65773 35330 36623 61079 65349 52793 30050 29246 18496 86404 60591 15605 34848 78281 47010 48980 63181 93759 76554 84278 22416 45610 55104 18974 97359 92339 96018 1130 86613 11601 18054 63342 85761 94109 28574 69256 157 67784 4493 6922 68539 23890 89525 38251 24651 84608 19502 61100 34079 43333 83480 55340 48533 36496 66454 45232 97858 20467 79393 86512 84591 9768 6994 84817 71824 48043 39723 71743 72920 60936 57211 32444 92160 98222 27769 41605 28970 88044 2771 8768 55891 10860 87079 30889 46130 
7999 92
80092 86918 41045 222 46120 71814 76113 55223 22821 98729 63557 45871 30940 92805 40932 76614 49386 49882 89184 64022 62016 60154 57990 72401 97769 26698 49030 60265 47603 51187 10962 13653 90786 65690 36361 66581 18903 91326 69009 62780 41287 5477 70239 96640 99147 47375 19925 86121 20738 89996 67680 6279 24819 82267 63897 3 14248 55256 82811 99597 73420 40911 538 29438 57487 45909 76490 39488 13288 32122 25221 23256 16778 37302 58618 33227 60508 68305 36054 71320 88238 65897 34231 93705 63850 85817 39517 97590 38770 87902 4944 90073 
5064 68
88342 46581 93313 89972 97837 55355 81408 71318 1870 63094 57765 41211 66597 16269 5242 42813 96084 47702 39210 80169 55477 25073 12751 6587 68356 10740 17188 7127 4806 73619 58687 14718 35818 6031 32499 45234 87885 52111 69781 70176 23541 58626 94157 26257 55259 71078 75905 98335 62209 39795 95040 83956 94545 9939 1813 59397 8267 88614 25245 24561 34500 10624 74588 60744 97604 19161 35530 57839 
3138 44
58395 10818 78283 19049 29350 52089 67986 8958 61440 66908 6156 79676 93899 73025 10023 76817 57023 72488 60214 64926 11475 41218 68050 99347 7731 5505 48653 64949 32566 65580 2442 70889 73069 8743 79580 55669 15363 30391 84114 55471 42521 42498 98273 10830 
3347 59
54449 17332 36452 67129 55079 60030 38416 52769 68507 69402 31148 87905 73321 62896 74249 60101 14265 82273 2437 68225 20115 58311 54219 59383 10021 52352 41313 83191 27372 78203 96283 50875 87559 49384 92302 57932 99983 79098 69759 67800 69673 99940 38100 29337 53177 34479 55820 40845 96250 19594 79251 83050 43094 52132 87311 49932 9066 18754 51485 
7878 39
67200 13231 25485 83034 95636 52752 50989 7560 39017 68074 99310 55810 33738 30618 18573 23261 65288 9995 42318 27291 37576 62473 50999 20920 73523 37645 70116 22402 32087 94921 38626 47579 53662 47789 38320 52124 71530 5219 50488 
2532 28
82622 30409 21808 42111 4580 48456 2284 80802 92763 17126 74785 74087 7533 88806 57116 78349 46554 2461 88800 74131 67914 81119 23794 86834 67678 29078 51106 80108 
7881 20
7546 99409 90476 55426 12705 55462 63929 78784 57294 7867 2974 92971 22822 89364 67879 32789 56267 82855 39485 65796 
58 16
35913 90986 91050 66938 17037 7216 71465 49840 51570 24266 17870 22984 78872 13229 30019 97177 
711 11
3066 67820 36684 49998 43305 17649 45787 23817 2688 27077 96724 
7344 7
90652 64807 34067 60340 67215 54120 17600 
