13
4193 182
12406 99937 22284 20245 73747 99035 17569 43790 3665 60318 99445 89847 9001 84400 48593 83845 18818 16075 10625 77805 38643 89442 28992 15399 40173 89191 31744 78715 8198 37608 67893 25780 53727 61648 3016 1977 96454 24685 50098 7039 30820 19685 22533 86021 84253 47598 72021 89315 18996 53575 14698 66377 82850 85281 66101 16579 5022 60629 5533 12307 60974 14373 39920 79298 87357 96867 42183 54614 63605 23046 97388 19793 7001 65357 76019 58619 62062 88226 64422 1928 46259 24434 39949 7413 20532 4539 58195 74348 78190 62715 6492 34562 83788 34868 86288 8921 32375 27583 85780 38842 63398 29471 91343 86984 46860 64701 95175 10199 73271 70987 42321 24509 73621 54883 76260 50903 14581 23796 10919 79075 5408 82096 98073 40055 89649 94391 81034 87765 19008 33355 49241 58817 22231 23539 16164 98705 42253 69810 25671 54511 90986 27798 66620 92117 29412 5139 73798 31952 36256 67235 48276 59747 28557 94230 52795 85598 86309 87989 56113 15382 49441 31716 15704 90517 89386 37617 31232 95675 39563 63187 91491 5703 18451 74879 57673 26729 68739 93358 94123 77970 83784 74282 
2505 144
46519 23063 90436 2067 39811 77428 67109 47314 36915 4248 78529 77893 57612 7388 56319 56226 56594 33668 95119 32717 40063 65527 91109 74197 78581 27198 89433 63105 81398 80277 17326 67333 49421 66859 63368 8832 302 33063 14997 43434 81727 30788 58282 67674 31499 84255 46660 64218 34076 49377 33667 91242 97440 88374 23842 91693 33416 73887 98342 78842 62466 18105 18412 496 52821 95068 32089 24449 53703 51904 35886 54140 22515 14699 60976 72813 57111 99201 98459 91889 37596 21833 44614 67404 57795 7395 17691 66267 63898 14988 86006 72216 104 31527 6511 33573 38188 85999 60311 52676 22098 22474 51657 62381 62457 83805 35185 54795 54053 13679 69150 14880 49886 1419 77442 90878 95557 90326 30896 54942 80967 44394 32298 18436 74640 1636 3113 30257 7198 57763 79360 46166 63816 66235 89187 93491 90703 76489 29737 6494 55608 98853 16279 94430 
976 110
67069 62852 84023 87434 63449 98486 99129 31871 9032 54207 42960 20986 51658 89932 33866 45599 29170 18846 68367 38841 12863 62237 60193 13354 42091 33058 34847 40005 16939 9610 97693 42276 27513 40560 12318 83271 13914 10148 7008 12975 37819 68903 2248 70833 84672 74281 9484 97606 64792 35022 38451 6808 92672 16611 47905 31285 22064 91449 19174 33533 95071 7663 95264 76057 19730 75580 88558 24088 76654 50091 54470 16005 77905 23261 15465 45910 76900 69665 9294 72187 69700 32906 89044 10611 19078 85011 61596 42226 77279 3201 60835 66726 35192 25968 24827 69781 24368 18771 31642 73990 55387 18472 15561 98646 95398 69832 35528 60951 19365 62847 
4072 80
32423 63098 87902 70619 53264 97896 43847 75778 28339 15260 3595 36449 65534 67798 60185 97406 4495 41960 43936 83953 85864 52579 99122 96384 86046 81480 36194 93015 59523 4427 46972 89335 65244 58380 26070 13711 84128 67015 63047 57869 59519 78903 28712 41918 65775 50060 53574 86124 10870 53866 845 2667 43879 18703 79639 41364 19185 71653 60932 26939 26966 61209 82693 85897 37531 70491 24945 16449 31635 62812 22460 37269 39555 16437 58371 78463 55894 53912 75767 74380 
2453 84
27731 23137 93080 56950 99468 94910 94840 50076 46362 1594 58357 31252 37742 41527 76553 63824 84592 39111 24388 89361 93138 62540 98501 79152 81699 45156 41488 34676 8992 39126 24620 16214 15824 17712 81126 5810 91205 58907 35859 78890 14304 97812 18194 79868 89147 36122 96499 86417 80196 73679 8910 40593 62001 43667 73253 84230 85211 52680 66053 36452 28724 88126 18170 54939 1896 69929 96951 89948 53225 25786 85148 64774 74418 91245 53583 6342 8346 99133 78373 81590 3529 88120 80882 6635 
4529 67
49327 71732 47157 93347 43632 59698 43486 2856 35879 51861 97451 71901 63585 20358 54087 8634 59703 40031 7148 82084 46620 68733 86993 48416 38346 31042 87499 12405 96157 7714 1974 725 84555 28293 78353 59537 21629 78302 84349 64681 8430 83878 17794 71440 40491 21114 34738 7044 53327 85107 63379 62900 57935 15248 40066 31171 34039 50139 9631 31571 48503 73795 4726 70881 92209 60823 95748 
1305 53
78486 69693 72587 61216 90217 74606 5325 48682 72065 4367 41382 61536 35511 94120 34610 87316 84695 61589 62048 24091 19422 48731 17341 67901 64264 51199 45053 49904 42146 81989 89818 7996 1053 84803 24742 10885 85093 66756 48979 16638 6004 87190 9349 79808 25290 33009 97041 64680 79582 86782 90349 93729 53213 
22 39
15793 25730 64031 72988 72705 89574 42477 9325 3316 5728 21289 17629 14747 58524 62748 6255 58151 57312 43980 23624 60727 66414 65117 13764 96641 74326 19407 8608 16206 61057 40080 58329 7640 4009 60088 48630 51705 31870 26190 
2440 28
99381 30476 58685 8932 16861 48657 46747 31554 956 75857 3234 15720 68830 34188 28867 18640 39224 52213 93939 38507 31201 5646 39414 51023 87311 60470 38164 40358 
945 27
71783 53658 23868 77693 63774 46561 68691 14486 1184 70574 48844 45737 18626 79489 85749 73797 67380 69363 77240 85358 99562 63119 34714 3104 77578 17182 80942 
5285 12
83505 27541 89900 72991 59422 43798 58970 30437 40569 61893 79528 13081 
4077 7
88007 60282 60297 35206 72155 88640 6392 
82 3
41278 61576 12874 
