51
15181 13
50247 11991 71166 81811 59867 45267 16524 40617 33429 78657 41080 93772 31104 
7999 13
56939 64620 49814 75562 16031 35721 70473 54894 23617 81217 73610 20857 57915 
9457 13
74628 94310 32734 24687 52112 31862 95871 1047 44263 45853 58056 62053 74171 
11964 13
15862 78152 26584 50139 33882 67486 5450 7975 81107 87230 20443 70130 31957 
1141 14
39953 94168 21668 71228 38111 63874 46003 3666 5473 55534 46999 24302 79007 34595 
1081 14
56216 30136 23258 42572 90374 26414 67288 94536 37397 5112 51016 68436 77347 58835 
836 14
68040 48296 2842 24891 73898 2394 87327 55917 53276 45822 51289 79663 33691 53315 
3409 13
46371 45329 13530 77936 11578 83363 40693 19450 74639 88561 85726 88395 70467 
17728 13
39035 83904 57375 39662 66304 5133 31315 62868 39175 68568 29471 3752 27967 
21922 13
34756 64356 13392 7090 588 425 5673 55095 41135 54969 85318 23620 49086 
9906 13
15127 66633 26945 19750 55505 70626 94479 9591 61158 63226 60087 48757 1413 
18265 13
3013 42297 83915 34831 6456 21341 54036 15117 43179 61315 49878 10734 11174 
10410 13
62849 72696 56709 22431 21498 32064 79207 69997 8915 29980 44690 43169 57964 
17190 12
38246 51268 90437 88173 89635 37015 79180 74099 72920 1784 84634 16893 
7318 13
46387 74104 95421 60348 91223 34550 53117 34641 46117 69801 27184 2384 55683 
9134 11
94470 69441 22154 30662 37518 66282 70244 50900 34952 10629 29402 
274 12
47298 39352 6189 88900 49522 3946 26301 84651 79198 47185 75618 49070 
1618 12
62716 49102 4012 58427 33358 56929 42055 47915 85047 47494 26873 90263 
11993 12
80404 30742 67221 26887 20035 14197 11995 74492 63292 56908 8418 61457 
20828 12
94345 86775 7422 76517 94656 28521 96427 44210 43869 41572 123 41183 
1919 11
79690 17861 43752 82150 11470 78318 80197 23336 82318 70758 26751 
1010 11
43273 70378 82310 44389 78278 7607 40150 53591 90989 28599 71381 
2650 11
64999 59495 13813 61571 45134 91232 1892 29343 24185 30018 36770 
14752 11
87004 48539 68347 31278 67824 72783 36302 90173 69157 31502 39267 
10388 12
56993 11816 15935 80470 92542 22856 30003 49074 46205 66077 40225 70503 
11475 10
4090 35737 39710 11007 91861 1902 87120 21275 28856 19443 
17296 11
8507 3893 60702 64439 20805 55461 34814 5367 7448 73580 57684 
532 10
76676 993 58223 31852 14478 20020 12738 43338 91743 72859 
18941 10
44430 55610 6435 78161 14259 59748 42194 10226 12329 14940 
5462 10
31608 2978 26889 47972 29224 51896 85671 56623 4925 38363 
10033 9
29930 94633 13378 9279 87693 77559 32438 62071 75784 
9516 9
80605 38832 10051 8236 83347 58813 13137 12162 179 
804 8
21280 38097 9536 4758 29481 88527 41166 88522 
8361 8
65648 9464 68988 70991 69303 43937 43813 33733 
18883 8
37618 59827 36053 92023 5439 3530 49652 46315 
15732 7
42333 15017 84989 87017 71763 52328 61950 
11746 7
84497 73902 13207 71105 81462 60998 34586 
17492 7
64282 42929 61520 52642 51815 85338 9371 
5976 7
40972 56360 31169 68784 38638 44878 48770 
7543 6
25022 13360 70523 83127 22819 32975 
3303 6
77344 31196 68862 2199 45090 67711 
11709 5
1417 88858 26774 17992 45817 
20846 5
72476 14263 30711 43920 86656 
9200 4
95724 38806 43192 22077 
16188 4
58891 64780 73396 5110 
17983 4
81248 58944 86526 70463 
16606 4
20903 31354 59653 59010 
20083 3
55559 91146 13370 
14618 4
2819 95076 57275 8734 
294 3
37418 25373 86394 
1593 3
40484 51485 54029 
