10
4517 187
3316 18674 96509 70486 85978 77409 74845 48203 92699 21095 52834 46168 47677 37795 774 32430 93281 38814 99458 87627 51084 92817 46975 31771 61732 92725 89981 22564 43564 28460 37943 91084 78308 2384 54056 37527 52910 89131 38534 25346 89894 34750 89428 53563 23038 52864 43022 76168 66402 1178 18444 91702 68833 22592 52355 15436 14175 58434 42207 43714 20742 32237 30616 50081 42600 48957 83928 68800 54261 98112 87030 88094 5411 70112 67554 49981 71813 93725 4683 493 9081 91961 10896 96799 69644 12010 53670 87547 17631 45366 3465 3515 12879 59034 44092 2635 2241 16347 76911 94936 45030 17053 58555 98452 37634 86180 4976 3343 27200 93280 13899 21141 32392 57626 52113 81223 20271 78811 64669 12765 9041 63894 1810 79756 26117 42408 68563 94276 20814 99264 12016 45071 7270 80902 4734 39831 58006 10464 24463 38124 29135 71905 21311 18024 81110 31054 97978 73280 69147 67900 51285 34692 22478 69719 94790 98420 76234 49238 95134 58360 9591 58584 54273 79159 63038 5744 61079 42278 10916 9448 17565 33964 35265 30212 62717 24864 19689 75793 55919 37902 56585 76406 22388 32048 24672 1487 95185 
1300 135
78246 25833 32747 12192 27124 5166 39081 52876 48842 86394 86216 22757 42178 84079 48199 9017 80141 18652 20269 63343 26345 66370 97494 15386 59178 68373 31906 3655 71603 35652 65740 21750 8818 11560 35696 37461 39737 60784 60688 96144 70504 22039 26826 20571 27247 44312 41133 3019 75965 21738 93610 27362 64752 36857 47858 64892 10687 26477 86598 34871 29419 48720 81295 11079 46674 702 60847 36132 2765 25761 74922 9892 7323 93272 44694 48026 76208 3692 54632 93914 77083 82860 64314 87024 35990 34968 57102 26768 47361 23554 11842 60967 309 54569 24508 48097 87845 93100 52710 42952 55328 52614 23312 16671 58243 3383 68337 66321 46513 11628 8903 51882 82214 88839 80702 31885 26312 98419 16160 50356 51582 30795 3434 9048 89317 50288 6343 17436 78113 39952 9644 53132 70622 69920 82318 
2667 101
70973 57059 70439 794 28057 17405 98095 41061 62154 48846 87633 77997 80906 68214 63889 38221 59716 83753 91127 53118 96978 19830 97080 56997 94002 6549 9842 22106 52948 69974 13567 89487 85291 34764 8263 91557 94285 71449 7359 50208 80696 33664 8578 24553 84649 51906 2920 92062 76294 41852 48710 98947 5090 56210 98472 96952 7769 37758 18434 78126 71864 22048 79510 8351 78518 53845 28122 96479 81871 47431 31208 93351 26168 56191 73876 76073 46649 45758 42721 81122 16999 96151 17721 86903 20402 19663 1220 19805 71250 5858 2248 59771 5986 50353 31566 43490 34880 57826 62595 19653 8019 
4882 71
34273 22178 76828 36831 75941 99120 46794 77812 54802 17861 82042 23443 7848 82405 63494 87258 3635 32808 19105 89774 92824 41588 12885 36408 31197 6712 28149 70631 96283 19142 25089 30161 65569 80042 29852 47020 93362 77352 49921 31082 79498 83564 6704 17576 67681 69947 8380 85601 19725 20625 22458 64406 83783 47305 7234 37763 24325 81079 69188 56645 69556 6119 7980 28528 4762 63618 38393 88844 52464 36094 84186 
767 63
2125 36615 32822 61473 98535 11455 34668 74407 59948 14477 27490 97825 17502 49409 75134 77404 2431 75942 87183 23868 66477 36485 20257 55242 64495 6183 90606 41619 37368 36010 27347 57404 54883 54678 9744 45221 52753 27356 61016 4900 23948 72355 75157 60740 63048 601 67415 92790 33741 4660 12459 99481 38022 40614 60262 38766 74526 55173 69714 72606 35981 68799 19415 
1205 47
98151 94078 72109 18158 50285 43180 95190 72455 79132 66050 77116 73229 59159 13575 62514 79423 10762 76264 25247 83268 83692 15278 64482 66691 58035 91040 71672 3924 53877 62782 35255 24683 77090 39189 87089 87732 29572 73955 62899 13939 19526 82730 71482 31402 69623 29645 12640 
672 27
85760 30040 36438 18087 540 22638 82964 79604 84752 16931 20177 56178 95525 2503 66007 97563 44689 35529 20207 1336 28309 5785 34458 31785 81457 82355 78835 
4406 18
22987 62501 39185 7763 3568 82838 96602 13341 52888 72459 86108 33806 14579 63683 97342 90079 68509 635 
1921 10
71124 71043 88626 60598 10398 71799 70932 55309 35164 18322 
38 3
84261 19559 85962 
