106
15181 9
69597 18638 65094 49476 38974 88166 16440 77880 9942 
1731 10
56343 48560 38720 60890 12327 3419 45223 64471 95203 77576 
3436 10
36867 90958 81552 45819 45468 46185 94387 21970 58862 41751 
11844 9
3844 61737 2179 40663 37635 16988 59239 92908 27870 
1999 10
51236 61793 68379 53990 12165 70422 12736 3149 59190 28716 
6035 10
17256 48185 85665 77960 78121 85144 65852 71620 10901 33727 
5717 9
46223 33365 23827 34404 71190 828 29378 61661 37602 
4077 10
85611 61256 16310 48995 5035 42404 27019 7393 91196 78376 
16895 9
47242 56444 49002 16875 17972 6586 42424 59294 49391 
4955 10
80534 90295 82655 41881 11233 19194 9672 68643 12454 42531 
16207 9
51553 68558 53345 75001 32662 32577 40659 15962 3011 
21327 9
36305 52584 81031 29766 45433 54275 63452 12467 84030 
546 10
28231 79977 33071 93319 68342 65352 8169 46136 92121 9060 
1246 9
47834 15283 15846 64923 72379 64607 64534 12040 91906 
3925 10
21491 15548 62627 54366 41002 16668 25684 79719 46889 90049 
6202 10
20031 57478 43415 19443 52789 41740 11183 27616 58607 63741 
37 10
75426 95177 89764 51520 19942 34703 53284 11784 9746 58775 
1730 9
5741 86396 56099 43951 72791 35677 48224 32532 5388 
4083 10
20476 20703 89027 90419 27639 31663 60815 29348 22477 89197 
5007 10
37299 33121 25136 67789 94996 7229 68974 77666 18026 81590 
11964 9
32100 70193 88784 34578 5962 11734 11623 84979 68649 
2240 9
88708 95793 19739 8689 47975 18401 56750 28344 85153 
13049 8
39273 38334 53316 63042 32354 3793 4398 19582 
25259 8
39497 11136 58970 86974 59336 95759 32227 12059 
23740 8
12706 41528 70118 15071 52265 11917 66186 74372 
19505 9
11639 82773 71906 92384 57144 2177 76032 64393 90658 
259 9
69074 53068 26164 50198 45335 68540 80798 59120 35448 
1681 10
94224 68103 52043 24639 62370 2963 51344 49579 43062 18467 
188 10
10150 24370 90506 83776 89055 76180 13154 47830 37277 83924 
16247 9
77018 30738 64650 48843 41064 31393 1192 96603 39697 
29155 8
81057 72610 80452 15171 73550 84437 70115 21005 
7237 8
29185 55933 54895 63061 54958 27378 53850 53780 
8851 8
87747 81242 8385 90885 42821 73205 17820 26090 
1487 9
86641 23217 54583 55254 41305 31792 93918 42113 77378 
5041 10
57786 63909 71154 34094 11704 93871 86566 84924 18421 27983 
13381 8
9825 3610 67995 65644 58286 87144 85566 25938 
2105 9
16141 78123 47003 82387 10190 42950 65202 20844 5329 
21534 8
21078 6777 22330 32397 34419 71502 19684 76956 
10860 9
4142 32398 76479 43504 79080 88249 78524 58608 3641 
10733 9
75757 81034 24390 60903 30789 5798 2416 83352 86030 
6281 9
13515 44720 48081 70704 12807 3251 13703 54957 35744 
2837 9
4984 40592 85816 6109 68121 46578 68240 60423 37289 
29102 7
50815 1071 44234 34981 66960 23629 19460 
13147 9
52900 96260 49890 1400 73374 13272 25571 44790 42957 
4127 8
69959 80871 42431 45630 21053 65795 49877 82966 
28068 9
37054 51327 84577 42739 88864 53469 69301 7944 50042 
12340 6
62977 18248 87839 83261 81980 72463 
17786 8
86099 94060 69825 70980 16104 44414 27638 89518 
736 7
46820 95887 62000 62091 78283 53560 22079 
8476 7
9232 56430 89784 74586 49832 35441 53672 
4334 9
19646 89454 66451 42686 51715 42572 40439 27146 93076 
5461 8
82448 77825 8734 85900 70989 94382 49765 67708 
26018 7
56904 9708 15145 25868 14974 35470 89841 
12215 8
91265 16257 32429 56097 67426 76649 6798 23152 
27173 6
91901 46128 30533 84466 76275 1415 
4840 8
80823 54862 18797 36175 53804 94793 94908 84544 
2193 9
1016 56536 63318 95358 43732 92860 42998 25669 89511 
7311 8
6567 32692 77411 41524 53315 73507 68371 29471 
2663 7
21343 74733 52531 12531 59210 29454 33569 
16077 7
71071 64633 57587 20006 40869 81223 5584 
766 7
48373 55544 62252 68866 7759 79159 6974 
21046 6
64683 24323 51873 25873 77282 16140 
15197 6
93290 20633 58158 22672 44752 86466 
3293 6
85735 32648 15752 25378 45443 10414 
9168 6
36640 49407 7967 13255 73474 25910 
17565 5
2827 18561 40844 4673 76177 
5022 6
36992 84866 72780 10274 17961 82396 
3920 7
53033 77797 66736 82426 95214 28388 62905 
26126 6
94250 56425 13157 19320 90387 37011 
13375 4
89245 60389 44433 53730 
1341 7
31441 4760 17338 47101 64216 89758 83031 
27710 6
49956 83475 20278 44162 89667 8513 
8647 8
66057 9713 49591 86666 75164 36884 8034 94521 
24582 5
28604 10206 44749 92440 62186 
5776 6
2838 21242 84819 22278 919 87357 
1037 7
84119 32319 95267 82970 54658 91069 22490 
17466 5
84850 55891 54599 28226 32070 
16938 6
21918 87548 52694 88949 39545 86838 
13473 6
35439 71838 41983 46496 39468 96552 
7840 4
31546 77400 54707 51703 
1373 6
28260 22146 18899 19023 88612 43052 
5475 4
62604 78791 5241 8637 
5847 5
19117 21405 61241 46632 58429 
4519 3
71288 58486 29818 
2025 6
1639 65240 84393 86280 10773 66991 
23088 6
78551 65660 29467 43862 95561 57511 
20941 4
73313 39359 72486 12203 
28442 4
62359 61768 44646 18352 
20134 6
65613 22566 35777 73735 33717 3484 
7601 4
20509 53509 52299 45744 
28660 5
11281 93128 16109 5867 20586 
11080 4
263 93235 5750 43342 
953 4
68995 92428 79572 93749 
5912 7
32642 84560 41340 39689 58243 40640 41672 
6937 3
63883 39602 79146 
11066 4
7367 74789 90380 14048 
24726 4
25334 14622 62163 73155 
920 3
15193 6729 4353 
2322 6
69096 24090 64029 81285 9341 57631 
2622 5
11117 69459 45458 4658 18869 
16210 3
6932 54261 38546 
1914 6
78754 65651 88064 34680 78100 4567 
6268 4
16360 11416 77593 35797 
8328 5
80600 48327 18696 9681 63320 
7874 3
10340 26077 65228 
229 2
41453 15229 
