23
1629 18
25849 49387 13142 48519 21933 38880 25915 58486 30317 14339 42867 55480 43992 55017 49832 27849 38519 29284 
1223 18
6140 37378 12995 13570 25938 55654 7532 5928 44741 28031 5813 25979 41954 41316 32749 37140 23581 6099 
5188 16
15755 16391 31515 32478 22117 44655 2297 33918 16523 583 30128 53802 42081 22544 15510 47143 
1869 18
58863 54750 22109 26674 44459 37284 25124 26082 36399 38242 58491 11071 37269 49102 36345 22336 28375 50776 
1335 15
21436 1075 3178 48741 50696 43015 53708 28415 202 3498 39597 44225 25531 50375 46954 
4944 15
51700 9296 22010 44553 5692 27523 33194 20583 21195 12809 37407 23544 7431 2957 17300 
3942 17
59075 45368 49123 2071 13965 52802 3462 31039 30386 15593 20844 36541 43242 59242 19464 3814 10990 
4033 12
33976 41096 18142 30168 23127 45578 37409 9729 25250 45090 42561 60289 
3736 13
53056 60340 19067 26296 33831 32450 44206 20704 21850 2880 23443 41952 60858 
4284 13
2660 42620 21167 55389 28605 6883 57231 28283 4737 15091 5426 3631 37132 
3812 12
13265 36625 60752 12169 13178 45260 30684 1379 29440 14243 36167 35669 
4084 11
46411 14955 57256 57272 10781 35935 52080 15875 1309 10967 53591 
2656 11
33958 29336 36887 42450 30159 52141 4050 51568 22987 39219 49577 
3264 10
49170 27978 1318 35768 21496 36989 36177 40271 3481 36144 
1987 7
34877 2200 37663 45514 54945 17138 29988 
2051 8
14297 30924 33473 47269 3518 7917 48481 25067 
4289 5
36779 41723 55873 5245 13937 
3420 5
28692 279 2739 41733 9826 
2254 7
5033 56324 38489 1859 45575 55823 11656 
6354 5
29013 3212 51924 6016 32689 
1379 4
42041 6191 53312 43803 
5517 5
55772 36737 19222 1080 59658 
383 4
21210 57906 52285 4822 
