98
15181 8
23622 76352 13579 88791 10981 45404 32737 94370 
374 9
5222 64547 22951 71159 53744 81512 55595 62801 89309 
11964 8
83178 66744 70131 26587 69698 60964 7930 19218 
7999 8
81067 23036 3229 18039 51172 19816 13334 71352 
1066 9
85335 11657 15056 66109 91657 92029 12954 34349 92526 
4542 9
45530 20986 77391 92842 58322 79049 7641 78936 69352 
1539 9
28710 16064 81597 70187 68063 41030 69357 87444 30050 
2034 9
69342 23031 68908 79545 58077 96040 66131 8241 45723 
660 9
76555 4827 77246 78601 5297 33842 24381 57234 5091 
6541 8
24633 17788 29031 73557 37634 81913 84665 94013 
1894 9
5349 64188 16776 37955 4047 54497 69786 58115 91697 
3362 9
18344 4906 87189 2666 46451 74530 87018 80289 65540 
1406 9
42327 12955 78990 1359 672 78205 30983 32903 34240 
4817 9
18632 89816 31835 39593 73342 29568 73101 59423 65708 
4077 9
73946 76764 71386 56232 76839 87726 16802 16431 19703 
2951 9
5251 94998 70640 91547 14981 65949 90421 50810 9867 
5314 8
26107 25947 42092 60018 80256 15746 3760 88063 
3427 9
14507 30131 13290 27348 44744 74652 66557 85662 11826 
4398 9
49787 78454 91574 10817 16743 11407 40089 2781 6366 
166 9
57165 36797 75327 9874 55138 27597 74115 93222 17247 
2783 9
35250 53404 76102 52851 53651 13595 84974 6904 23637 
2933 9
25466 7851 51932 12750 25649 64567 12552 80554 38363 
4916 8
34370 82387 44652 63377 27139 5545 48964 7172 
1323 9
36440 59485 20699 31330 27028 30030 14265 13150 32141 
4249 8
74875 67477 43294 89670 57085 6512 33277 21511 
2094 9
50238 6817 5403 8825 79691 85047 3986 8059 9567 
2142 8
12437 37445 52040 21283 22200 38282 7683 9067 
2886 8
84385 40519 59721 58226 51155 57516 82124 711 
11703 8
69621 28057 16741 96030 75356 90026 5497 92335 
5012 9
61533 19269 17720 32583 39853 42403 31897 23193 66770 
2610 9
40632 62843 47616 33133 36244 60234 6130 23108 6548 
1585 9
27402 39966 86357 64706 34148 56712 30026 29485 19804 
4467 9
87931 73452 33616 71153 69808 29666 34681 19597 10757 
580 8
38104 7282 64662 94519 73813 45660 8085 31716 
465 9
3774 69487 28809 84909 14536 74286 71272 81888 76169 
1086 8
5283 49909 69444 53653 22245 74625 32139 25795 
9679 8
59184 22273 6068 8482 80453 62111 24107 76353 
4986 7
58826 47088 74781 47169 67050 83531 15607 
7289 7
5858 3349 11004 22499 72894 16608 25122 
3388 8
17905 15112 78199 24403 75430 27004 53835 43505 
8012 7
58607 53418 63551 46038 80285 22281 90888 
3553 9
19905 77879 53354 21921 76940 35471 53246 85001 42146 
14288 8
47639 81651 24637 70952 12386 51813 86642 23483 
3898 8
46136 11122 57437 5048 16391 30218 45367 37948 
14580 8
25852 72143 8624 24987 34075 41250 33633 40780 
819 8
5240 95669 75455 35585 79816 93711 94233 89417 
3100 6
31129 92532 9339 2732 5362 6935 
4555 7
31595 16053 345 41359 19921 25860 15382 
755 7
58205 51577 49624 25157 90614 57417 59591 
3463 8
16999 92117 60583 14122 16465 72103 50321 84211 
2112 7
64049 55003 78562 82178 38059 50356 43547 
2196 7
81646 34175 73191 49261 25760 88935 68011 
14455 7
12323 61773 5502 63658 40483 93821 23145 
6224 6
53904 65811 2500 10287 47127 75035 
1488 7
60095 8022 31403 74227 20833 86667 51717 
4324 7
20886 39975 82255 86171 93460 60850 46458 
1819 6
71758 95182 55528 11950 69827 48797 
8564 6
86434 34585 40388 41795 71236 22180 
3324 7
5564 4614 63999 84937 36368 29976 31510 
3847 6
49106 54956 32882 50869 66941 49172 
11048 5
56699 90098 87395 89528 63458 
1072 6
6267 55986 12728 69450 60934 9443 
991 7
31676 53235 78680 79744 29383 19986 52940 
11453 7
81796 90846 58487 53469 69495 47971 54542 
9632 6
39710 68645 56703 55056 58399 66276 
14405 6
45795 83494 25678 73628 59188 18179 
335 5
29044 46260 49156 46137 45139 
5769 5
63264 28633 48553 6667 57031 
15271 6
28342 17138 72299 40026 65093 70351 
10826 7
67619 90206 22418 19993 10434 89610 52623 
13123 5
61958 54595 5490 36512 50420 
14729 5
86430 96065 60236 2277 59317 
545 4
33288 55593 92761 24166 
10279 5
42532 5387 46901 20411 44561 
13778 5
82486 17313 25906 76478 63519 
149 5
13836 3542 29753 77258 64207 
15522 4
46383 65969 13737 45414 
8640 5
68441 20771 19394 4099 92984 
3993 5
17608 1774 76487 58621 91725 
5781 3
36900 43262 2113 
11719 4
25089 63588 90015 41050 
8801 4
96094 35918 63052 57226 
6109 4
37693 53211 26245 727 
2376 3
47640 60323 16011 
13902 4
60690 1561 8526 80674 
4731 5
367 31787 1600 26485 66004 
6631 5
89027 93738 88307 79178 81186 
6277 4
59312 33018 92612 28707 
2107 5
25867 60067 770 3447 4667 
4429 3
83471 94817 73847 
4950 6
79255 94578 21649 3580 27122 36061 
1429 4
33536 41798 51357 56647 
4192 4
31184 22823 8404 80446 
3283 3
78277 2153 5934 
4605 4
12291 2138 66580 46417 
9826 4
55034 78101 7871 81299 
912 3
68972 8230 36857 
6903 3
79333 16614 59618 
