14
794 445
10529 60080 41854 80191 1127 84969 76579 35637 74759 24653 8505 60661 43669 60639 57375 87929 23181 43217 97684 44129 18871 86468 47723 64657 74818 78376 97435 36521 73493 77733 81969 11537 52289 98655 45123 90264 84725 48013 43209 51032 25007 35787 46622 44816 37073 60926 32468 78599 27682 31815 72639 34826 68799 38641 73086 73152 63382 55105 36045 216 63331 52750 41396 58048 63219 85792 24536 69312 70941 29472 13305 67305 76995 73642 74696 39116 82940 35655 80546 21769 79852 84174 49927 65300 84386 12119 15188 24422 92318 96681 31419 29582 96008 50619 98427 49097 57910 8652 87199 31384 18106 24630 24745 37997 68062 28898 49322 93970 32081 30863 48993 8239 37701 33951 8587 57107 52431 79683 50527 56243 29976 18862 22351 66047 18066 69184 83202 79708 4760 34819 22310 2071 12246 1977 59490 25575 45553 6884 80130 29407 22344 70854 62011 40434 9649 42231 46001 92552 73165 5203 671 8796 86212 5763 55678 38310 5329 9396 19681 18744 62613 28053 46402 52167 8345 88506 44156 52234 33289 29527 11745 29426 22745 78416 20440 70010 53787 191 89139 30300 12502 49185 81624 35280 48322 21243 61126 24940 2307 12213 89674 11839 66855 97916 41056 1285 99242 96697 62765 31452 47529 19568 84482 39800 99741 90860 80156 74752 43397 84443 45420 62376 64659 3623 92350 76788 83401 58584 59204 16165 18984 73117 40016 14671 35316 73535 85828 7559 23085 70897 17059 16119 17201 14724 70310 17705 49043 7693 74756 83048 56063 20131 54672 69954 89058 44378 74394 58390 29608 58688 27514 10543 66648 89659 87417 71487 49630 89841 58637 80905 99227 24251 94948 74099 55038 62008 10102 71537 40954 24228 79770 12266 15716 36372 43577 21032 71620 98782 9671 6593 73439 56702 4043 38308 59513 77814 11078 73087 48929 58895 61568 12001 99645 94054 75423 74375 39269 18559 89445 20718 11016 62242 39396 25136 50823 24979 9794 70377 80189 67284 27559 8853 3384 40107 51538 54578 59550 26440 42474 75610 25840 97998 58122 49545 67144 12693 78682 62500 18013 17722 61149 75353 82365 6755 48837 72676 27973 67572 50497 75220 47351 17473 86223 4021 32260 26010 28363 47817 93221 55353 38040 58645 5618 43642 92814 99376 41479 84449 61920 53407 51146 82920 60399 27583 89918 98357 16096 66652 18416 19128 90348 14211 36815 48782 4820 72814 45911 85610 24336 48241 64492 57452 35960 89714 70768 21571 1231 1162 8840 90196 19511 83883 45439 41756 51002 96491 22338 3303 34153 90415 11864 69591 96680 65441 62579 63908 31177 35495 18700 51709 97423 89628 12527 16396 82739 47345 9196 18078 12861 61411 30100 68572 50755 25672 6584 32353 56552 6233 66919 50406 38610 85004 69427 23638 95345 35266 82371 7255 72852 33875 22666 32493 32203 70846 7063 
793 297
52620 22878 66508 71669 33010 90156 15645 61048 30869 13899 97141 25382 6283 54638 51749 20765 94486 16349 63334 27594 57116 91527 22875 91 79331 13935 2651 1364 15143 60101 12320 10808 41805 24764 46889 71397 13167 6209 54418 27167 52484 95655 28281 77490 32988 31570 98576 4104 43734 6262 22740 37277 81489 14776 50891 88370 77438 78867 69528 772 1784 82359 84770 36038 15419 17674 53834 51348 56400 69293 199 4806 18655 74186 19172 66759 46502 61635 9618 11544 37411 32499 41463 19056 56154 90148 56114 70770 54615 16928 99476 9365 59057 19281 3158 15190 86995 87122 2898 59424 8295 41450 27635 88895 56178 20357 67114 18003 99044 71301 41466 74173 60977 7922 46462 94525 39003 93 96248 36840 45052 77208 46196 92433 28280 36488 43291 10764 15076 77639 10931 63056 93593 12804 18191 43765 75341 31408 21474 40441 87506 26414 38670 48642 17791 27902 37474 13177 33465 61762 81298 63436 71956 40918 43478 96376 88633 41743 5317 30437 61871 76568 25248 90093 22336 7661 12067 99627 59291 26418 26747 85424 52965 9406 7581 51577 21521 4223 61454 85348 81095 54988 20659 72614 2509 43244 69056 89064 68272 36092 64670 86167 19690 78819 32803 74939 17188 52547 9753 10367 853 67000 93663 25506 10125 86737 38945 13365 38143 68755 14134 11510 53065 97321 23596 49027 18647 91886 61059 69640 38844 55808 91359 99609 69876 9697 79845 71853 55572 73174 17206 48544 82754 51772 96089 18895 36636 70989 97597 38857 19607 28517 97487 65655 97800 5263 20146 39521 22385 50821 26793 96074 27623 35462 44074 64645 32173 48248 50560 96975 70239 95021 85603 9174 6968 77978 44833 37608 37188 65969 51861 14463 19017 59874 95919 13374 57288 27927 16658 61561 3832 81125 57840 45228 27890 79199 92994 92703 94976 48305 97633 34583 28718 26887 32729 95464 70658 
792 205
92988 87341 92812 7393 55575 72802 23153 79863 29094 35047 95010 81046 27824 2252 36589 45249 49161 57906 55893 23115 99884 69022 51256 51310 67113 2609 88255 69762 95830 45427 33059 94141 48547 40975 65870 56629 74517 34567 80248 14790 24062 67050 63639 18868 90818 89016 43033 21569 42628 39445 75738 19677 74659 78048 2385 62950 2746 98314 39814 41896 53971 646 37603 66148 54742 48746 36680 30800 4162 50329 60822 3917 9833 24340 38640 83979 49203 40008 47177 84158 98634 53219 3545 43491 17868 52713 80041 17594 45491 14595 95757 83110 30930 24425 90665 11232 60949 21730 63500 72489 25381 34746 19862 7846 60197 23185 23297 69445 93058 96971 70807 51711 36249 3347 63964 8033 73262 76894 98611 13748 56392 38328 68307 1293 98401 3293 7298 82729 28146 76193 37109 16522 46544 75600 79614 41135 24107 94995 86870 62065 54295 96472 11412 12568 72704 32270 19396 82230 55956 30269 78879 95108 98068 81894 96822 72731 30072 2821 8972 32966 55143 80027 52250 20687 96676 18839 49454 82782 76112 68414 64147 34002 56125 21888 77014 93588 65521 8181 90105 64396 47097 15257 96372 96641 87499 57207 41317 83435 25437 17232 87681 49731 29749 79458 85309 45661 63606 36140 69192 57604 42369 6099 25884 819 81904 
791 147
32860 84972 65546 28064 21965 26417 24816 51801 80949 83028 17856 5953 84976 74929 37159 94951 77562 63441 34290 72176 18098 72688 86929 71898 14677 8798 18554 16787 472 21857 81301 33888 90886 70186 86213 94084 62298 37345 93542 77544 76207 45504 42293 45310 20499 23054 94744 22024 94661 77549 16761 27879 92787 27356 16385 64765 29356 22819 59120 65803 46499 25426 76963 10619 32763 81699 84897 94749 20425 17098 14254 47137 23899 91288 41361 76822 41287 33682 38728 63525 34380 85024 70053 51244 30408 28379 16409 74933 91764 38442 12084 33340 53193 21833 93226 95120 69759 70308 33611 19228 23073 73963 13182 24265 26147 28084 27091 94259 70561 22112 39498 82791 72595 32832 69523 26101 73272 58475 22919 73903 91836 11009 87668 94277 34760 82981 97614 69980 96024 50524 28273 24978 31908 22200 38491 91712 26267 28489 84285 60763 98767 44306 7381 55149 61959 35164 7011 
790 90
73886 23255 94524 41204 83002 53691 11934 53083 2738 77325 33215 11074 74342 46444 37216 11310 12150 61441 18306 61830 58595 92760 74277 33761 43419 65813 32523 65919 54064 99774 86621 89137 26931 33233 56052 24361 57696 34978 36608 49304 64528 43315 17850 14281 62214 72352 57810 14604 9624 49134 3374 28357 12733 69282 95913 35561 26756 18919 9773 53266 22815 22003 3681 20152 50643 81623 36556 48179 33298 13070 38580 28586 1988 33058 57617 66253 1535 23293 73066 80768 30896 37214 60284 35838 44934 18848 51793 86070 16743 95725 
644 80
49584 52186 14277 47684 88489 78109 44928 59788 16217 80609 32727 26095 44526 61374 74038 78771 38227 77981 48796 57254 31826 79033 13595 27023 88251 11051 59943 73971 17496 95022 93061 40393 19643 40365 13962 69595 76498 48455 39013 74588 26470 71935 9261 45284 78512 51482 51501 96271 50654 85690 52891 73561 42532 60252 26798 22620 20366 80660 94082 25504 9 60867 40698 37294 28341 36160 78902 45931 52043 52875 56680 29715 24238 68543 36525 18160 74304 58650 28168 78936 
622 42
87357 2629 530 47641 65207 44100 17336 85436 45541 2672 72779 7199 17243 27430 43373 23192 84994 24990 4859 44992 47516 50985 61324 12756 86074 74311 99419 69132 68575 45309 71996 21650 92565 31343 61810 29501 12210 44537 41531 23158 70924 31258 
537 23
70147 16260 98012 32642 12563 77507 21796 86509 47157 12766 79362 13382 35444 37213 29443 78539 45465 95858 25689 12967 64722 23738 16223 
408 26
58893 63886 76109 72359 60452 95880 63837 10779 43997 46921 97039 78688 28331 65733 68350 53965 35585 93079 383 46079 630 4129 82077 23444 31885 10958 
76 5
38153 52003 58829 88487 16345 
49 9
146 6716 52694 47507 7094 26253 23686 79855 81756 
378 6
54938 64277 50796 7769 21778 3646 
39 3
35456 76538 1419 
2 3
3893 60094 65069 
