116
6070 110
4406 13151 41 3742 15574 9606 201 3907 7082 8646 14870 16426 14834 5378 14613 461 7164 6428 994 2507 3474 10455 15482 3861 898 1087 7961 14391 15532 4017 7906 12353 2059 9939 10683 13103 13080 12168 961 7402 9862 9701 3342 15080 10989 11901 14752 9163 8739 5973 11738 14598 13770 10425 10021 11026 14685 12272 630 18740 6484 1876 13838 6890 989 11587 9474 3459 13211 834 15211 10190 16092 2906 14272 16271 14906 5427 2251 15658 88 15461 14181 10595 2146 9843 17980 996 13826 18075 14879 5041 17345 16418 7902 11121 18062 4298 5177 3150 998 17738 14927 1546 5274 13958 16141 5839 16821 2404 
2853 35
13434 10360 6209 14938 6461 1311 6972 7177 7268 13711 9485 7489 15423 7967 13116 5948 3712 9926 14763 13710 7884 12805 8436 1626 18587 15005 17923 10009 3964 14157 6389 7326 762 1726 17030 
4209 35
16283 6501 13670 17397 16686 1414 14619 14851 10885 9361 8602 8615 17935 66 10675 3303 8108 13470 3787 17084 10523 6512 10171 4603 4613 18197 15952 12744 10985 3771 14351 12700 5903 8848 921 
7999 34
9367 5454 1611 13463 12235 7293 8339 14325 3957 10410 1062 4604 18251 12022 6024 17313 10594 16214 14785 18795 5215 11806 4408 15038 3571 17894 11017 12067 18525 8065 3885 14916 11660 9696 
209 35
16542 366 11662 11877 13312 3487 4185 12820 9923 502 6551 9733 11621 1191 3737 1545 3854 15557 12950 15237 9575 14237 7483 12020 10178 14980 564 4480 8160 13037 1804 9427 13674 11823 2444 
1435 35
15243 9404 4345 3932 282 6567 13102 4767 16407 14957 6048 17334 5528 6612 8688 7733 1642 6585 10356 3624 5053 3681 11000 14273 11192 5068 7963 4625 919 14290 11628 16978 7635 10741 2636 
4442 35
9754 2439 11996 7550 2646 2246 8061 18224 10570 15902 9837 11584 16534 10285 6298 8323 15288 9029 5806 3243 13293 1344 5950 11620 2496 13360 15405 5975 17055 9994 7676 15509 10630 2725 1113 
3025 35
2757 484 17140 18693 3872 6744 14476 18502 9825 12998 18475 15835 6405 17112 17194 5853 11826 4338 10415 6466 5968 3821 6698 16088 11911 6119 16087 12992 9943 18449 10438 806 15020 656 8885 
2963 35
5300 15972 17528 17863 13746 16096 15608 16273 7046 13720 198 18634 15192 8097 6231 4552 17303 15387 1275 18329 14854 10431 9627 5420 12371 15221 2813 18410 7441 4049 6777 3988 5942 6202 6596 
1776 35
7553 16348 625 11423 4349 6303 11174 4809 4044 2595 7155 16211 18302 8792 14956 10646 6224 1338 2241 15109 7773 5137 6381 16403 11743 8974 6378 6871 15778 7142 11209 4056 12887 10668 9396 
4058 35
16212 9416 17665 139 13803 16218 8610 12729 1111 3063 7817 398 4021 12384 16331 1644 18661 10330 16282 13253 482 7633 6406 18127 13291 4289 18290 5026 17208 13469 16201 15659 10242 8121 3607 
5281 35
2057 12301 10740 2066 5402 7908 3360 12324 3639 10474 12177 14412 10406 3579 12019 5030 4437 9516 3186 4888 15064 3470 12245 10109 4615 4061 10480 11867 6356 5373 5523 15724 9018 5392 15500 
6439 35
9834 7261 12258 15217 15631 1431 11520 6591 4111 14925 16174 5661 6697 10287 18275 14462 1459 8395 8531 479 14824 9551 17721 3500 6876 17336 11490 6407 18712 17305 15582 11995 3656 9242 2387 
906 35
8616 1607 6245 8758 13362 20 3692 15454 1760 17573 12725 10016 3375 1950 4344 13889 433 4583 7389 18137 11670 13966 7135 3373 14482 16324 4940 18719 2647 11038 17258 8693 976 4803 6265 
4826 35
16577 5742 16198 12905 8504 11250 10986 14387 18087 6814 2943 2802 14644 11890 12513 2879 10063 16727 17489 914 4790 18664 15017 17514 17091 553 3797 7466 16555 4845 1572 3484 7686 17198 6238 
5005 35
16956 15505 5020 1945 15227 978 17377 18247 17973 2554 6027 1556 9360 17538 6078 14182 12635 5468 7315 13766 6070 8751 18262 16854 14867 12219 8554 3098 18783 3834 4766 5868 14977 2026 7137 
5366 35
14935 18734 11338 14397 14738 6161 4872 16833 4757 11987 9616 2478 421 11272 13583 15709 17652 5033 6842 16612 10934 1581 4207 4157 7588 13219 2346 2293 10142 12512 9978 5152 11057 10843 8482 
1757 35
4696 15324 2197 12958 9014 11424 5568 7835 2599 6523 6427 2344 17511 2727 8719 17036 275 17864 1897 18600 5325 5921 14079 15362 14507 3253 12206 2878 18679 3504 13615 8477 11452 11569 12963 
5917 35
11206 15583 6743 5889 403 5223 17875 3993 4165 7903 9172 11087 18121 16272 9199 16356 4201 10031 16001 6195 4427 12661 3350 14415 18236 4727 1863 18122 10249 14822 10368 13217 7622 15850 18653 
5620 35
11332 2737 5594 7186 14212 2096 9649 15166 18422 1364 8768 13480 13814 12159 13195 11747 13093 5936 236 328 3853 10999 17131 11830 16085 15924 16757 18462 1533 17978 4479 7400 13289 6832 18469 
4446 35
11388 11686 6465 18809 10734 15344 11699 17300 11176 10725 14111 6536 8754 5786 10441 144 13053 13332 16404 13911 2419 15829 10730 5469 17243 11385 2058 3357 13271 15077 17992 548 13694 13877 13690 
5195 35
2301 5158 5267 16910 16029 6261 4029 4844 4395 10152 11848 3621 17508 16508 7678 11976 8231 15585 1207 3731 7609 15224 423 4064 12314 4 17708 1295 18206 3302 2412 773 5778 14113 870 
2984 35
4086 11968 15434 634 17133 12921 8780 6728 4434 7378 12976 2290 11476 6669 8227 8211 2008 16969 8822 9527 7423 16984 4978 10743 14718 9157 13379 7371 7763 17788 7604 286 16699 15267 622 
6296 35
8668 4356 1951 4774 18704 14218 390 2105 3713 16147 14126 13063 10433 10903 16196 13925 17200 10664 18523 4468 13629 18835 7159 8326 12966 16142 18360 17162 6329 14618 13936 14520 12316 11364 5672 
5975 35
8282 9861 924 13496 14766 14277 3016 17549 17432 14343 13985 17655 5705 14067 2883 14941 11191 6132 6489 17707 16546 7627 3866 967 8349 5374 6776 9941 16962 11289 18257 2076 956 12790 7955 
87 35
16859 16509 11629 15797 2610 4420 3042 968 12388 633 16676 13553 16099 13913 10721 1723 7368 203 18299 2670 6558 5893 1024 10494 13723 16918 4792 9738 16952 8122 4286 17796 7548 6850 7260 
2844 35
13485 13953 12005 11808 5493 2108 2188 9635 14509 5060 5055 4057 9085 11105 9316 12835 7350 14213 4176 1012 18622 18352 2039 5780 13475 9828 3682 9345 10004 16478 13562 14219 11652 10736 14174 
5872 35
277 4563 13651 4181 13636 14425 3680 3208 8733 11954 5277 18788 923 16402 7831 17167 12133 8591 13387 8722 17530 4085 10235 10044 12368 18550 7754 9041 13785 18590 8730 14670 13329 8437 12128 
4228 35
13270 1997 11223 18508 12755 17493 7937 8879 7494 174 2217 2574 5194 3427 10627 14254 4535 16166 17014 2904 17152 9785 6150 16268 1307 1168 16920 5181 12399 7229 9354 14137 9722 10351 17348 
358 35
11091 7959 2616 13586 4131 11284 7212 14101 5390 3209 10342 15197 12549 5379 15701 10408 13816 365 691 10941 1042 14453 18218 14667 17278 6762 17595 7311 6085 13699 991 12642 10785 10617 8529 
6450 35
135 829 877 12522 10471 1867 5819 4494 11183 7247 14403 11942 4522 6250 15325 6490 9274 2465 958 15855 17666 14357 10344 11415 5625 9220 10596 9151 16947 18685 16248 10230 7118 13490 1514 
4754 35
4726 18559 8525 2575 8906 3174 8197 7621 16819 7131 5977 14098 12228 7190 16869 6297 12929 11472 9520 6727 2718 13992 3611 3424 17892 3726 18770 9120 16589 10692 17630 9002 11893 1805 493 
2795 35
5616 7596 6324 3894 10953 14597 10946 4348 14545 8426 7021 18301 10829 2593 9749 15730 12011 14534 6786 12447 10643 6573 8630 18227 14455 1448 18681 4429 13776 5829 10176 11908 15401 3817 10092 
5358 35
3511 9017 2582 136 11938 10914 10405 7393 9303 13841 17479 9223 4162 18749 5430 2079 1993 15606 815 13375 16700 11700 1566 14029 6026 11492 10830 2018 16022 0 7203 10640 3802 17471 18698 
8363 34
16206 3897 13373 3455 14668 15853 843 9866 11161 4113 12024 18094 17579 8107 8510 9967 14123 14689 10411 2910 18303 14630 13875 15305 12007 15718 16119 15478 10319 18730 7872 2912 16991 9656 
1448 35
16161 4930 7036 11405 863 18834 17648 10920 2799 8441 3689 15008 10626 18839 2122 13426 4265 2776 14464 11390 6916 12183 1470 3762 9624 4497 16687 9533 7470 5634 17944 6330 7196 9500 17846 
2063 35
13794 5615 13162 9073 16111 7991 5161 16722 2463 10495 11919 18754 15256 13535 8224 6778 491 11404 3444 2754 16945 14193 16494 18379 9088 6944 10682 12006 1742 7475 7089 986 9999 14242 3974 
1718 35
2043 2041 15415 4484 10549 10599 11468 7067 5357 1720 10449 12997 3268 12469 7880 12571 2071 1710 9887 9849 6739 14771 14609 1613 5547 11763 16290 15033 12281 10272 1609 13759 18765 9676 6204 
6620 35
15765 16361 8900 7030 17061 8237 3913 8257 4827 16357 16489 434 8530 11811 15843 6552 6997 15883 3809 6994 8238 13891 13918 14982 5765 1612 10070 3292 3235 209 10396 15817 1912 9652 13350 
1239 35
7661 2680 4539 231 16517 3629 16742 795 13121 3583 3227 17527 13252 6090 694 3560 17105 17144 16261 5139 14398 5240 5074 7173 17291 18632 10778 3756 3113 18035 12239 3822 18323 13455 4006 
4809 34
1687 17374 6554 14847 15246 15108 9914 8063 13192 10923 16068 9683 10677 16436 6577 11767 7881 15264 12431 9846 11993 1102 10915 4483 12722 13592 8670 10866 9494 7431 15250 6746 3744 13955 
752 35
6694 18580 7034 15158 14026 4861 10911 17034 10236 12854 8765 10133 8213 8944 6884 9214 10975 13025 13795 12625 4835 17519 5309 6382 6 6702 4520 3014 4859 17586 17255 6784 11440 1751 18599 
5864 35
14497 4016 17049 6470 12261 14703 5400 16692 7308 8147 12265 18229 7078 8050 8146 8189 8201 15025 18744 13183 227 18208 12989 10293 7762 9531 6769 10879 4855 2394 8761 14543 6019 9384 8676 
5786 35
1162 8874 14666 2389 12034 1325 15301 568 5333 7934 7796 16415 3408 14936 5387 12802 10518 4753 11358 7764 17347 14452 9184 11909 16790 2083 17947 12179 7503 1521 17872 1267 9032 13114 11726 
5996 34
13314 4663 11949 8658 5877 7246 15492 8496 18667 6463 4807 2694 672 16146 14134 3326 14536 8736 13036 15880 12152 11407 915 18326 17262 12654 8453 4195 1412 2787 13035 1320 6893 660 
3481 35
16243 4388 15073 18654 17922 8575 2732 12971 12332 16682 3453 7108 10326 5604 9946 11437 13481 5421 17469 9385 344 7671 11396 18372 3543 14585 3852 3006 12983 15904 9409 11579 17976 7467 8318 
3941 35
10784 11458 9179 7896 2598 11047 5432 3798 8256 13960 15842 3115 17087 195 5734 17207 1711 14172 7428 13834 17176 1130 6568 16326 2176 2424 8774 18342 16668 1784 11757 12463 7299 939 10822 
2989 34
887 13184 9227 5104 15234 5168 18776 8485 15615 6241 6281 18222 10161 98 9171 10966 11718 15097 2552 527 7198 16323 6930 8233 5996 6603 15493 485 12683 2219 16803 16989 825 16306 
3081 35
6912 1212 14590 14926 10119 9082 16172 2454 14168 18325 12195 18402 2543 4174 5126 15793 3541 8026 8003 13865 1133 2086 8480 2957 15444 3973 14129 14873 4377 2131 17981 1244 11508 14124 2392 
1615 35
12052 11095 13970 2452 1694 3452 16628 13235 12153 1336 2659 16340 18246 11128 13185 6066 6344 6074 5663 7318 6645 4353 14054 9063 16873 2917 9644 4883 12293 4572 3931 13634 11740 14784 14275 
3428 35
9900 17256 7026 11518 16423 4668 10857 6866 6513 17747 3270 4990 14100 835 17271 6805 6355 13798 11301 6452 11003 6100 11635 2180 8819 9432 3696 16929 6898 12754 9558 179 9130 3493 11972 
832 35
1186 11783 9140 6471 16701 16135 2368 2741 16965 2845 9111 180 4836 8322 785 3052 11269 1115 10379 10542 8576 652 18348 9562 4354 3789 13789 16747 1900 13807 18130 16613 10709 17807 11891 
6425 35
6018 1021 14942 10049 9336 7018 4321 2395 17086 9605 11094 13107 2843 4376 11858 11073 5757 5870 15525 12807 16502 11655 1003 8652 13453 6646 9218 7646 11522 15632 17449 10565 7560 15596 7254 
608 35
17985 10369 2833 6374 12479 5227 11689 7044 10115 7398 9311 5263 10991 18253 13512 17311 2850 18832 5556 240 13609 11679 4112 10259 7300 8123 6801 14878 3910 5636 4294 18128 16397 13991 10496 
1692 35
7909 846 11113 1292 595 2731 1808 11042 16939 2640 13340 9947 6142 5618 14481 7721 2924 11812 576 5317 2941 11493 17316 3545 11007 17408 8638 1818 8242 5399 12241 1964 2762 9933 11443 
1555 35
8782 3561 15004 11904 15533 4886 10042 8666 1557 8891 188 1196 10890 10432 13523 16715 5436 11729 6200 11137 10492 14048 7509 7904 3674 14458 358 582 8502 1998 4750 8091 5960 4327 18505 
391 35
10466 15511 1909 11611 16791 4489 18638 10917 12058 18252 9566 18761 9808 16042 16378 11643 8004 8066 17778 15322 17842 4076 6104 5542 7013 4091 18238 16195 11092 10718 14084 5324 11936 949 6291 
27 35
12070 10143 9980 9671 17876 7179 1836 5312 18567 15378 6628 12619 11585 1199 8495 10419 8503 17755 13414 7941 960 14662 6877 15022 10297 13752 1144 8924 17093 2818 11921 11310 5307 396 309 
5405 35
8324 993 6723 4910 2359 14037 1056 7514 11533 18808 9439 13931 8633 13408 14024 8844 574 10437 9584 4830 15160 14279 4570 18420 16320 13227 15925 1733 3388 8421 294 3918 755 1679 11346 
2240 34
10253 10924 5431 4144 759 10588 3556 4993 237 394 4519 14183 5882 3463 11964 4672 7749 10089 13579 18319 3204 7457 9552 977 12772 4415 7351 9169 18737 16578 18406 16444 8014 1868 
3060 35
3093 6530 8029 12674 10873 17871 1170 18219 7223 10081 10188 10957 11741 2875 13152 18501 15945 16691 6033 17568 9688 17103 14701 18074 11691 14765 18543 7399 6469 16976 2106 13125 6505 941 11805 
776 35
1106 3103 9936 13 13846 8612 15203 13010 12334 2918 12982 9869 16951 16658 16647 12583 16220 17914 8347 4034 11956 432 12088 15334 15717 17805 7333 13399 12518 4279 10701 17659 1476 330 16495 
2683 34
7148 10275 18492 15315 17486 8821 12595 14939 12246 11940 661 9281 14960 15743 12025 12317 17216 11838 14505 518 16588 8904 9194 16537 9369 3708 4698 3330 1016 12271 5036 12618 6277 14033 
6634 35
54 4363 6369 16776 15824 12010 10732 12665 18541 3324 4149 13393 15956 16808 9816 10938 14684 14112 8249 9370 11923 8193 2586 6849 12389 238 2302 9197 14713 17257 4670 14610 15620 17431 16690 
6660 34
5883 4403 8162 17902 8161 17386 12150 3233 2771 15704 8361 3108 11730 16832 3807 137 17000 6010 16789 13279 16417 1163 687 7629 12891 7007 12811 4925 8585 4060 2312 7684 5353 14880 
2073 34
5643 9757 2322 4511 8368 631 76 7769 1277 16483 1548 11509 11307 11464 1999 13703 13560 12715 17642 15057 8419 7620 2212 17995 381 5567 5548 12266 1903 4948 18803 10945 13516 15432 
1101 34
13507 5515 14672 6687 17076 15568 6975 12832 8017 16970 18076 13546 4691 14857 10583 8151 10737 18297 1924 5313 2860 17785 11138 18495 13430 5831 1175 11667 10477 15350 16667 3989 15753 4728 
4916 35
2127 13173 16347 1075 10371 12954 10122 3922 14484 12218 6475 2953 13269 6574 2194 6607 9499 18676 3021 3631 11006 17536 10909 11634 11843 12220 9580 2630 15297 3434 15747 6093 10598 2295 4849 
3485 35
15561 11882 18031 17391 2432 12859 5415 4641 4269 11572 1671 1707 4467 3127 1932 4261 4939 17098 15124 15260 4322 4324 10660 1918 13844 3769 3445 6045 14860 2187 10587 7103 14825 5040 5575 
2335 34
17576 8955 11868 4315 14967 17674 14777 4237 3823 7063 4120 3210 12999 11053 8343 13306 4262 10271 4065 11985 3471 4942 16421 14764 11975 6788 14221 316 13389 14749 15458 10034 505 18535 
5182 34
11186 1641 10976 5901 6619 17335 3702 9867 11494 8849 5861 11412 8888 18713 2596 9348 10610 1722 14258 17284 10355 18620 16464 14675 7915 9464 7574 441 4043 9596 10514 16194 15254 8327 
3737 35
4969 10807 106 9098 6269 5797 2651 17942 17308 4798 5514 360 3263 16199 6301 540 18006 1865 13896 15943 13182 12 4824 17359 2608 14506 12148 14332 593 9537 12333 5727 13372 2916 15164 
2502 33
17472 10698 6422 15917 2024 3272 4242 4538 9903 14976 13677 4440 16736 599 882 15012 14842 2838 5838 6795 5365 18240 3960 13460 10756 18154 16574 8214 14853 3767 4911 9830 5736 
1886 35
6274 12544 8007 2901 13839 4987 2763 8662 4689 5906 17288 17017 12386 10717 1213 16798 10339 1114 7870 9692 15790 5279 6754 430 12714 12710 9611 14158 15754 945 6043 13528 4240 12876 11013 
1289 35
2707 10204 13112 8973 13626 5579 1394 18163 10163 9484 3780 6824 18152 7335 18451 10552 3401 11008 16879 14184 3630 2793 12843 5443 6707 1148 9782 4771 1972 5500 15899 1166 8244 4369 14625 
2535 35
12396 13643 6053 18504 4917 3053 2321 14950 12227 14295 13046 16170 14881 3826 229 13349 6375 17456 1423 12586 8692 9173 3935 2436 4329 13933 1516 17050 11658 2094 5680 9462 348 13407 9471 
3633 35
18382 17402 2969 15732 11672 10289 1573 8978 9101 17789 16777 10637 3554 185 18164 8783 4347 8694 10244 17043 16782 8124 15489 17808 14720 690 15218 1399 17096 15977 16621 13559 18373 13361 17057 
3593 34
16461 1891 12739 6885 1308 8920 8356 12398 2515 9253 12303 10716 12209 6175 17614 1851 11568 6088 17451 5792 17962 8555 5800 9092 12471 16937 926 13515 18217 8824 12962 3277 10310 17123 
3981 35
4380 818 8857 10377 4735 6071 6937 102 15071 13273 17079 15692 3610 483 17370 11661 1810 3372 14538 12087 15966 17153 1542 14831 2579 7539 1873 14797 9190 16735 3815 8975 9969 4215 3977 
1843 35
955 4302 4579 9762 8300 14943 15716 4477 7273 5130 6014 13511 12783 559 17811 9809 17889 4419 104 7363 7081 9893 13593 5816 16016 10172 9246 13101 7303 729 16575 1326 2786 16795 42 
7755 34
8897 4050 9437 10256 12202 1373 4968 7128 6578 7752 15083 17415 3785 10391 2491 18666 11014 713 15926 3203 16359 1465 9182 17265 12051 15881 12443 2979 523 18142 13186 14431 8862 5171 
8393 34
16425 6592 3031 12393 1765 9028 11478 10865 13212 8451 1901 10826 5485 14848 5397 8455 13548 8175 2135 16604 8055 6384 3475 11098 5863 12546 11159 11946 10800 15515 4653 12475 17631 13829 
405 34
7174 7147 17951 15419 5418 9875 3146 18166 16447 17570 17492 13603 15907 4471 16554 13734 8802 11852 9597 4311 14450 12641 10307 12662 17250 189 13775 5280 14650 18195 305 9108 17457 18786 
1223 34
3534 5667 12285 9196 14721 7643 3280 2009 17766 2823 18273 138 16565 14232 13282 16260 5949 9585 18607 10488 17602 5018 15225 9325 1452 2931 13367 10937 6648 18144 3540 5155 5801 1198 
1606 34
4330 6031 16310 8251 18117 12913 11010 6991 14722 3261 14821 908 8551 854 10544 8232 9288 8387 14524 16731 18709 10597 13146 8358 16369 6206 15245 9453 15571 13057 497 4410 14638 8303 
5731 33
13207 7504 18742 12494 15653 1683 5598 14729 9835 16533 16511 14147 13923 12988 1802 13094 1949 13065 12338 4341 13326 17052 4880 10844 9526 4644 15496 7766 7289 14085 8484 13928 3517 
4453 35
8427 12889 7597 2078 6575 14323 5242 7893 14891 6163 6985 4805 10623 18362 7590 1843 17424 5706 9793 17683 17072 5668 4871 11471 7861 14335 10407 16113 18830 17351 1152 18561 12740 10047 15672 
2626 33
17205 2380 522 2182 15954 7387 3920 4742 8982 8540 12758 8916 16451 12140 2092 2281 5049 16669 9712 16744 10099 11889 16538 10852 12170 16239 6169 8933 3365 9589 18226 17143 11165 
5445 33
17172 6867 11605 6570 1237 2591 9857 1082 3990 9528 2612 4336 1884 7228 1379 13319 9038 17369 13665 6372 9665 6548 7320 6148 7058 15526 3968 6817 14719 9506 11567 3129 15510 
406 35
8714 10582 10811 15125 16179 123 6880 8192 9078 16513 11596 8545 13336 6678 15284 15791 15767 6258 2348 12565 8006 16539 8909 15678 287 8117 16186 12786 178 18124 16093 4499 18689 6212 14934 
981 34
12969 197 8808 13597 1121 6050 8687 1770 5211 15265 745 5999 7724 18065 362 4268 4250 9909 12392 1147 7047 4768 9189 2656 8166 9110 9590 8763 18419 14671 3195 14780 13954 12366 
4064 35
10645 16799 4072 4578 5004 16816 3595 7216 533 1323 9154 11887 17193 18136 7786 14673 3662 1893 7758 7255 2505 31 2839 10347 8861 3478 3599 2042 7163 9076 1588 2570 649 17077 12851 
2041 33
2778 10849 11171 8686 2429 8552 15783 7317 8346 2542 5140 2782 2747 6915 2828 9720 3212 5113 14993 16163 12898 18395 8111 8415 14896 12192 5708 2080 629 9985 4903 9161 14648 
3596 34
680 333 6701 4264 5423 8099 218 7783 1599 11469 4025 5715 5461 16863 17510 15390 10381 18433 6343 9882 304 4444 239 4972 5913 1007 5035 17515 6589 18700 10332 1507 7168 415 
419 34
14405 12880 1413 11514 2235 13753 5156 3198 5860 15936 6340 708 6443 5619 12570 12180 1665 16056 781 4608 11194 12727 7136 15722 16860 6671 746 1624 14167 3229 11173 10884 681 2469 
1608 35
2562 14651 11735 1346 6761 18427 15447 12532 11467 16663 3601 17239 8281 11503 9651 17165 7405 1631 11953 18008 4100 5891 2361 8265 15839 7944 4618 9864 10337 9387 12043 16624 14846 13574 7873 
1705 33
985 12927 4734 10506 14262 16831 3329 11690 2098 10686 8223 15247 16247 16396 14531 13250 853 11163 359 10972 3800 12119 15302 556 2337 11965 10112 17959 3262 6240 11362 15668 1096 
5368 34
17051 5450 3667 930 2398 15354 11187 15591 2842 9273 3197 10354 13477 3525 4431 9187 2371 18278 5931 5822 5989 2273 14368 13716 17083 12768 5253 16028 17816 4881 17268 10090 10712 16623 
4811 33
1246 14042 319 1355 6170 5620 10967 10910 763 5326 15756 7692 10350 15219 10473 5559 13171 15394 2563 392 14676 3801 18310 13439 13237 13149 13783 9071 6168 7224 7506 18261 13981 
618 35
1526 357 6825 15543 18441 13165 7815 15775 12089 11052 9513 12061 5525 6935 1296 11607 2930 6069 1282 10283 16011 5358 13882 11704 17541 6502 5198 6790 6888 1466 17566 14446 4850 9515 13098 
5397 34
8012 1782 9639 13855 5534 2730 770 10580 15138 8357 1734 7355 14714 2294 12738 2706 16915 16716 9550 1049 4857 339 8750 883 17599 15298 10457 562 4087 13054 6683 12473 3868 12649 
1452 34
3451 4673 10561 18751 14663 15528 9858 3164 15695 5699 16730 15485 17821 8109 3096 2770 11563 9741 893 664 17209 17555 8837 12355 5318 858 16501 14166 2462 8077 9292 15226 12023 1496 
2529 33
12097 8523 8169 14207 168 103 5694 18636 13155 11481 11072 12468 12934 16374 4751 8128 9415 14966 9417 2895 3547 9181 9312 18017 8309 14608 17368 3349 1073 6122 7022 784 9446 
141 33
14310 14162 17751 15625 6383 11245 4036 6299 6965 8706 15040 6160 9368 12556 824 13358 8618 2617 8519 16783 411 5728 6158 830 10387 1814 15848 15723 13996 619 15799 9817 3245 
4925 32
16552 6184 8804 13965 16913 13836 3738 13071 7607 15041 6370 13791 7252 17676 16007 14428 13799 9208 9615 2954 2588 13645 7997 13743 2032 14143 5278 10251 16605 16864 7301 12770 
5629 33
895 2885 13474 1243 6958 12038 1966 17244 13804 13811 4860 18125 6750 11914 7859 1360 18271 419 16148 1417 9319 17231 4381 12796 10207 4009 6111 7925 2544 7490 463 281 17795 
3562 32
17028 5878 17924 15545 335 4146 16598 7493 14315 1992 17749 6153 14969 13858 11766 8571 18339 17380 6891 1503 9138 6429 5183 5578 216 3225 9129 16954 10294 5296 17004 10146 
2593 33
2030 5495 11842 11793 5013 3734 4055 9382 8634 15773 8127 8699 10209 16728 11198 13338 4778 6785 6959 6036 1145 7993 11195 15292 17571 18720 4200 9241 8791 5136 1940 10130 7534 
3799 32
8948 5626 3664 16269 11733 10123 16265 761 12503 4684 14840 12539 2175 7522 14919 2830 14178 14490 8972 12864 6060 9357 17569 15592 8696 14296 1188 12130 13912 1829 9115 12666 
704 32
7446 7305 12482 18207 12631 9771 7594 4235 9732 13617 3258 13236 11874 2044 2067 4722 15470 2944 14991 16110 529 12486 15412 7586 18688 7278 8702 12886 4882 13491 11410 11778 
4212 34
8778 4487 10110 17315 6753 3612 16299 6108 15122 3746 17888 11479 2644 8637 5608 6102 7736 2421 7192 18165 4447 15335 11665 3205 8379 14454 17837 12598 7779 15327 18174 12560 15878 9086 
3034 33
18593 11983 14513 16743 12275 8969 17955 15689 8524 13153 6803 8773 16768 4675 9734 3982 10301 11617 2233 2966 10322 16660 14078 2099 7732 10631 18619 12381 1415 17505 11932 1785 8170 
9110 27
16531 9555 7296 5772 14903 15868 14426 16551 1515 14871 14592 12452 14429 17853 4465 6432 10696 3711 17927 128 10801 13578 2950 10215 3657 15841 6145 
9109 27
9045 2699 4333 5938 16746 17929 14417 11599 3061 8287 17191 6419 8629 5016 12299 4973 5073 6371 12232 3845 17340 5005 1682 12257 8598 12137 2316 
9108 26
6947 13380 14716 15183 16250 8456 12973 8105 15605 271 8350 16707 14136 7568 2447 11966 7788 16556 7531 4806 13781 10266 6350 3928 8118 6555 
9107 25
3012 6587 16438 16923 18105 13598 8777 16942 7238 16540 4523 3285 4777 2006 3695 14583 528 15874 18745 6782 2144 5892 1577 18483 16452 
