101
3037 201
34364 19598 31304 27428 17616 16861 15910 824 36900 3809 39984 15545 33926 35538 29880 6628 10508 19862 22606 15056 12870 42824 3349 37210 23246 27052 24090 1509 16841 2433 10241 7045 29894 9192 36953 30811 31072 27168 40846 19671 37095 35772 20505 23660 14939 6131 40543 8424 39427 4647 24538 25275 16068 4972 6894 41844 22773 19071 34549 33640 38019 2058 29570 33670 24817 39747 44481 27255 24472 43199 6267 16769 10539 2484 31112 16475 8568 41616 32998 10045 13778 31144 30288 15539 11497 43902 6164 39236 16385 19773 43664 14123 13175 28326 43853 3737 23606 8245 20526 12910 2566 29722 30161 18384 2127 33245 11217 39156 13694 1520 4939 1888 42075 41686 19985 30993 15677 36240 37415 38635 33802 27549 3602 8649 12369 2501 30958 35623 10714 7953 22638 29675 2366 24810 12586 43643 29455 30746 29737 5541 35131 36653 38106 4001 19110 34929 11505 27082 25480 17355 20490 33426 31085 29594 25804 13058 37453 19675 30879 2970 9550 2684 20077 43826 33206 14307 41798 11705 19687 20457 11179 8534 38629 10500 15568 14531 15563 30577 14069 22457 32183 496 10846 33527 26329 24121 12198 17365 27386 29446 18972 6572 1022 10635 11317 16971 3446 38737 5673 13508 14016 
295 73
41707 17886 17319 38984 15010 30841 19596 33420 383 28538 19813 15573 7786 15840 37930 17632 33766 28280 22757 8277 19185 26709 8616 12115 15787 26862 17789 41917 27592 41308 25713 11474 38368 29245 18694 27857 44339 12374 14071 15773 13482 34812 36302 21313 34446 12810 9190 2741 40103 17694 19436 27679 43431 32732 32384 33560 32281 39832 7476 26672 19364 10253 31513 11372 7413 5124 10625 3639 2093 30731 2710 1062 3233 
2040 73
34618 40847 14272 21844 39164 23219 35657 32729 550 13258 38676 35498 22053 16426 10596 24087 37191 24361 37739 2620 44247 35802 36763 1895 18292 30700 36881 4444 23136 26215 4713 21694 16807 7963 38821 23817 38530 5227 35832 30904 18996 36261 44611 6630 41216 40214 19135 720 12539 9677 14834 388 23664 22261 18253 30702 14184 10183 29198 20047 23561 21804 28905 29483 31382 10843 19025 35563 12722 27876 42652 19325 1767 
1770 72
519 19370 22925 19737 34146 15670 36043 6541 39245 41306 624 25541 40723 29396 27567 7689 9465 32586 32480 2977 14407 32800 2372 8980 7564 37742 25573 35536 33186 11399 23376 26422 9875 23586 6101 13005 28713 23719 40369 35123 5154 40164 23088 8912 12386 30706 30631 23632 6052 16566 4550 25308 23213 38101 7778 15975 21096 38785 39432 17080 14342 35032 40508 5757 37520 24145 8969 40199 41754 34150 17216 16219 
1598 73
3390 12462 41409 12308 12213 11041 25706 30802 16973 39294 35366 24189 29376 24691 5428 12797 15914 1013 8916 39866 41 35719 20597 15686 8892 28147 4739 10806 39165 41663 9916 7305 31509 6142 34236 40978 37918 35762 15233 21986 15499 23399 9471 11639 13671 33188 7559 38958 21231 9798 28018 35278 25116 4959 35841 1961 43422 28268 28804 29562 8320 44187 8584 23614 14481 14878 38246 16494 19405 8975 41640 43485 9910 
923 73
38030 28367 13108 8869 37024 5292 3995 12566 28342 27977 10445 24581 13512 32375 20733 41575 35353 3840 24736 41940 13002 36821 24907 18029 7510 32824 36528 41661 39542 10580 13270 33046 4666 1110 6074 21836 37219 40145 37256 35713 31993 20376 21146 17405 40870 13609 36054 43661 41900 30399 6132 18116 3775 27629 5264 43909 1154 30747 44530 39119 7765 43009 28015 35057 10439 17267 7331 24806 8796 43027 26153 40566 19826 
4002 72
24897 41014 44534 34851 23132 3142 476 30941 34503 11266 1436 41448 37812 40014 23983 9789 34521 34023 9643 4533 13657 13604 17534 36493 31364 44051 14633 36960 31447 3281 29211 14358 18830 11454 25637 822 32843 32018 23617 12999 19490 43265 34174 22712 3786 10190 25360 34918 31422 41952 35373 28497 10341 28369 27354 14465 42974 11180 9056 10125 24703 38797 19911 15489 28970 31801 14117 26070 5242 20378 29672 22811 
2029 72
11320 6679 37680 28907 24322 17229 8220 32975 11746 5996 41555 12779 2652 5506 16344 19530 42733 11052 10609 28101 32932 32749 7246 18218 10950 29263 44177 35763 25950 12599 28448 159 15072 25830 23777 30094 18958 3097 36200 3545 24228 23990 37819 41233 22065 41548 17188 17025 26835 29934 3501 2084 10734 29424 7475 21342 32072 28794 15023 42236 29532 11603 5161 42762 20330 42956 37955 14770 22669 31962 25097 23183 
4426 72
33315 31164 33385 43561 44418 3396 30861 21099 4009 38541 25404 31218 43056 7926 6192 44207 34576 28567 36804 40824 2789 16723 37036 39022 31502 25955 13743 16782 13177 21723 35511 22188 28014 18825 26815 24976 13259 9112 7300 28381 13212 5503 23119 30284 27007 28208 20423 4300 35391 3671 32672 42071 22076 198 4758 1123 11477 16780 18001 9176 32796 37449 15867 16076 32487 37961 34246 25753 25949 13161 33371 19679 
2602 72
2579 7848 34303 13974 10297 2610 7696 11142 42150 11507 4976 21938 24282 6944 2352 26234 40472 9469 2868 25575 36396 13063 24791 41752 39766 21332 17109 44657 34894 20500 27344 23490 3024 19428 6104 42851 15843 29981 28928 19788 38435 1733 17627 34025 15510 2415 37371 24576 20859 13846 4718 40694 36058 13670 16625 19201 36540 35092 24299 25896 22561 36845 20678 36859 21829 9090 27371 5725 29401 28246 18853 6062 
497 73
12490 23090 19703 6079 38756 3714 5006 12078 27059 22264 917 35402 42850 12761 18625 11276 29979 14833 3058 40146 1821 24088 31582 22187 12822 16992 30752 20613 30473 11771 22936 40618 37769 24689 10265 22142 10012 16066 28524 33181 23288 3755 36802 8952 25718 20780 23078 7200 38225 4640 20715 41249 11991 31889 25620 7543 38394 26830 27794 7609 22174 26999 42413 29270 41087 32822 6207 22735 3625 5745 42624 42470 42846 
2310 72
831 39349 14335 43508 32734 15230 40053 2658 30369 32302 15299 15528 26305 33775 35337 8100 38345 5856 24676 17209 37281 33751 20771 35844 34967 15410 13654 25333 30874 43019 29375 36039 1511 4689 19881 21609 12068 41943 26655 3787 1824 15802 2227 118 22138 24638 33291 13110 31525 9477 7508 30749 2513 29333 21629 8768 31326 4774 15579 3811 35505 6516 9664 540 16760 10490 19265 11669 35054 42663 11069 12627 
2283 73
25894 2878 38215 29575 10768 10634 13370 31588 26967 11341 24434 6535 20504 28007 14562 44121 16433 21290 44141 37960 16583 2717 37582 40865 29062 3119 23700 41322 11216 11309 43441 20005 41702 36345 12404 22104 33683 12547 9554 23063 41990 34380 37991 16414 41037 44125 36010 7357 40082 19233 42083 30589 2102 13087 9338 18658 8879 2351 18322 11774 19988 12614 31120 16741 8550 17095 2254 10136 26952 43586 9488 10996 29255 
846 71
9778 31951 41507 16620 571 28756 8078 32740 10850 40218 1309 1994 41615 21114 17307 35767 20776 21476 26353 12758 7506 4839 12102 38379 21947 23460 11553 28457 31674 32713 13492 12287 16360 24546 14046 31741 44024 13178 2402 6471 15144 18279 15816 21216 18675 29549 4547 37876 15364 9969 15901 42580 1931 24142 21044 21507 12824 21067 16474 35138 21258 6484 20545 39323 28731 4950 17589 27347 27511 33305 7037 
4592 72
30574 22304 315 2109 22694 32701 44219 44278 10896 42709 26620 39356 38552 7256 22598 20618 1747 44566 2403 24776 10874 21442 43837 4529 41255 10834 35912 779 16789 34435 4200 2316 33786 37501 10780 5182 28939 21462 34985 39464 16211 40432 33425 15938 25455 21664 6606 18603 29702 22141 10796 10702 30511 19523 43990 37845 26229 12265 24684 21607 44414 32624 26378 3098 37082 7842 41588 40620 35615 10063 23035 21250 
599 73
35904 6873 16913 21326 269 36473 25327 5883 13969 30346 10542 40715 30461 3547 21482 22031 18698 4190 1279 40443 22077 27100 42882 9198 20379 19425 8242 39895 601 43259 36352 25316 26920 28070 39738 38308 8759 15436 38692 17944 31567 11018 31318 41225 22755 21784 41950 7150 42210 14242 3926 27250 7126 42429 29280 34086 42050 30270 12038 20489 1891 29148 13090 33166 33121 31488 22583 129 37638 33430 20786 9966 5688 
883 72
44370 39153 34228 6096 13049 42717 40159 36183 24372 35960 38330 1397 23735 9941 25549 24671 36476 22565 17838 20038 28361 4862 20352 35326 38088 24345 6249 41679 15110 21923 8604 22904 25068 27296 6827 38843 1564 2988 44409 2993 2651 28562 24928 25214 43841 30355 3252 43396 34691 13811 36296 33355 28188 38411 41431 30839 19794 4379 16120 25657 40704 15913 44168 34119 12875 26996 29066 35276 13517 15698 14400 8125 
2972 72
24822 37873 11862 27851 2040 18133 14112 18843 17338 43502 21361 14730 41106 15757 34938 12425 25878 36527 14231 31773 17746 19396 37630 35403 35843 1071 25288 20734 41890 39232 7664 21125 34682 42641 15469 29793 25616 10467 26374 2004 3481 1528 36210 40732 25244 42218 10151 1177 8603 36298 21582 4906 12082 32546 15970 15710 6322 23910 18480 34487 21658 34536 14172 22613 33312 24600 2450 38511 17398 26641 24644 14233 
3232 72
41766 32359 9360 4413 24986 28743 17050 28002 9793 2998 35177 31992 12313 43563 24508 27167 7497 4269 3913 19358 12493 33456 32543 31893 24974 35416 19335 35654 33442 30269 37335 43743 20923 35113 23565 15148 11084 4339 726 41658 12632 27872 35430 16588 13368 32561 23849 43703 34612 4678 19202 17357 40648 38012 18347 27953 16551 41870 1085 42041 26861 38916 30992 3975 15795 25802 34447 17748 7315 2846 40986 20074 
803 73
31083 12277 1251 119 5846 7501 15687 9817 16572 18734 17485 15550 23578 14525 36965 26856 14007 27587 28552 12034 33990 29151 21669 26603 29770 19665 8116 7124 12029 12314 27234 33533 23455 12522 22608 40585 18416 15094 19154 4308 2420 40640 785 12139 6738 42438 28469 6919 20461 26328 27222 44506 7742 34489 32273 10902 30637 19646 14430 28474 26979 19802 43420 36921 15857 29516 43674 34235 23676 35251 41835 40951 25190 
2097 73
24281 31308 27745 1432 14237 37595 1069 10607 24460 5104 29925 24389 5064 24848 13083 38293 32332 44564 36982 20710 2778 21277 7726 7983 6942 6694 16546 8940 8405 11500 22316 27061 42452 22416 15653 9027 11712 24023 36776 25186 33985 27513 32718 21082 37187 29377 8561 16525 42303 22901 25518 43451 29519 36631 28985 35613 38082 30870 18120 34645 13528 25112 3059 43525 24293 14710 32568 20741 23938 2573 22050 3529 31613 
1135 72
29227 12845 4010 40487 42192 3679 41945 25343 8956 31379 7759 11875 24030 41895 40944 39636 11880 37729 37707 38894 19294 23518 10973 4507 16089 42171 23652 12799 17596 22864 18421 35145 10004 29817 37662 28175 38209 16100 11556 36427 30339 12275 16777 37019 12565 29619 28227 5373 31757 10071 5772 7849 20430 6263 23221 38666 43969 3249 2732 2894 1244 31370 39801 8174 26482 12116 42879 21474 7678 18747 19757 10098 
607 73
7721 20146 9753 20688 2019 43369 37592 31633 16681 42928 3202 1508 28051 24884 12670 12948 34574 28271 6460 36061 382 10102 27509 29830 26187 31227 33067 20088 42231 4354 31223 22133 20562 1191 3512 10403 38496 28807 22274 30569 32210 34 10925 40863 73 2302 23374 4295 20743 22029 21242 35969 42524 41851 25069 19628 32496 15352 759 23922 28193 7393 15164 7628 13799 27736 27693 25990 41899 18570 10639 30723 18262 
2203 73
44567 9601 21616 1410 40644 25377 12106 21821 42137 14793 36221 42570 20292 39958 41342 18330 36756 37879 23760 5901 43520 9613 29122 44274 12532 40385 3347 31118 21712 5416 8470 6884 39676 25543 36342 37640 35649 22307 30172 35012 28789 32154 41652 428 25491 35579 5514 5256 27969 7198 17378 15132 18870 12271 7222 35852 17579 6940 37385 41963 27373 31017 4074 4558 19666 18443 23329 34794 22666 643 3435 33722 1222 
2531 72
905 5433 40168 21567 18916 34075 17667 5366 4481 16652 24518 17027 37668 8977 18709 2427 2556 44015 15361 13046 31189 24912 44124 26110 39876 12033 43836 35298 5751 4411 3055 8651 40061 1746 30604 37300 27840 24382 29240 10313 31987 19831 22781 42461 26540 43947 44460 29998 20195 27698 19332 35232 36215 29485 41148 234 20010 20916 1311 44366 21411 36637 16351 8875 28629 6631 15147 32379 27791 30260 33554 14840 
2400 73
17499 29968 13180 28323 23099 25644 19147 38598 30808 34789 30599 24331 13959 34514 43454 5542 36636 41398 24532 33250 13819 9279 16287 4904 20629 28641 17976 36707 13967 33235 12717 20581 16285 24565 8338 11006 40404 9118 20407 27970 34463 44130 28768 15548 26202 34717 20965 3521 19626 22260 16636 27506 30099 43761 17591 40007 24031 24754 1901 35903 32708 28061 43443 39186 23816 15930 24981 1081 15595 23258 20416 21407 662 
1465 72
23369 34595 20243 3319 30638 20223 7004 22676 746 1769 30900 28083 31543 23418 31702 8260 22432 2162 10916 42198 12312 33321 41578 0 16131 12710 18210 41400 20890 27935 35316 14978 31246 5507 18153 22203 34926 2498 15463 4600 31748 6930 43270 16708 27188 37706 22770 7949 14100 32953 16201 26902 6731 17300 33148 39316 442 19210 13116 39665 7739 35799 26784 4605 41556 2725 24558 39924 4786 18155 1884 14350 
1984 73
24517 7276 44137 44487 35468 5040 14084 15429 26828 19874 1075 43371 29893 29520 31323 21752 38059 26804 30711 6171 27863 35442 21876 30480 25935 36703 33446 11642 8538 23092 9933 1101 14732 28391 33336 44295 39111 15021 7556 10305 5784 352 39015 900 19484 29337 33594 10310 28187 11643 11531 18613 11362 16205 38872 18353 41173 25221 1709 21187 33728 33373 44549 13170 38532 42632 11057 8521 38841 16507 43832 36030 29108 
1186 72
29551 127 8224 4361 1468 11261 17102 1684 18181 8328 23982 32969 8177 37531 28096 20399 31673 19168 15197 10288 28144 6624 35564 24490 10649 35490 30387 43765 29824 15203 36706 21921 14111 24175 31365 27229 15865 14338 4146 34545 24779 33192 42002 34571 36808 11282 16491 44079 25197 9922 10824 30966 25202 11318 16286 24828 26594 16605 28865 7740 31994 23386 21962 34002 33823 4036 30544 11933 31778 2924 16833 31309 
1929 71
18745 37559 42239 33501 14812 30286 27490 24503 4849 22956 1421 21004 37711 6761 20278 16013 410 22366 15440 40626 40625 26004 31909 25679 17006 22410 37560 5210 37266 10637 7456 24076 2241 27205 25730 14798 1876 12422 24944 18968 41708 298 42949 27067 12032 42780 42475 13630 18612 20441 38925 4081 31507 27470 37166 25478 37052 7271 16991 16386 27685 12724 31846 11229 5891 42783 28240 36675 17 41795 20081 
3973 72
1637 3898 41221 27838 32868 28001 2048 378 38677 30882 34398 22785 30437 453 40707 42073 37167 13390 41909 16547 16337 2734 26467 28892 42811 37536 36451 23554 15229 37693 1256 26152 1515 8593 1524 32867 33072 12368 2902 17100 8201 38151 22162 12744 35389 32888 17713 33608 12399 39284 31628 36835 24816 23510 34151 27139 44122 11005 14827 43503 32716 41977 19247 26345 17342 21959 5845 4369 33859 13574 16618 34730 
1925 72
35370 17334 40587 27715 37735 8812 26907 29769 36563 38353 29497 35381 22452 26900 15763 4238 15167 23523 24542 30454 32522 41145 37557 13052 3240 12792 12993 7349 42527 1658 36879 24184 24463 15275 43254 5459 34758 30552 14091 15288 41776 13556 38091 37655 10304 37242 29634 379 5904 36792 23827 41682 22489 27095 12428 32783 30362 11340 11650 13071 28412 16514 13233 11636 865 40747 42213 35687 23077 41523 11681 35548 
1971 73
29748 959 28686 42350 15695 19931 42126 38005 12108 16720 43480 2029 36538 23326 22790 3063 37508 30224 44472 21826 14946 38392 7096 3326 2729 20371 7334 35099 33582 21223 42712 10065 40942 41424 22997 38803 13155 19973 10435 39718 24919 24151 6607 44720 40833 1522 33333 29284 29112 12573 42906 20510 25167 40884 8836 11122 27575 2938 23711 15027 20301 1761 7602 44055 16885 38406 14973 25322 18039 3165 30566 39401 16208 
2109 72
4049 22816 15838 25286 34661 37516 13324 16207 11584 42777 45 15324 26850 12085 28183 16067 27336 1828 5316 31384 10883 23050 29561 10052 30322 39327 22263 26756 6032 29127 4611 3372 38769 8897 12052 32668 22855 36634 32839 43994 25867 42595 43655 40788 1437 35934 21744 17430 1953 19725 3961 18043 11336 2190 22289 4051 37757 10930 23311 34684 43820 34581 40937 41383 10894 14326 22247 18931 42490 33479 43904 29468 
2474 72
39990 8633 33986 41197 20641 10236 31059 38108 28221 37058 17388 19235 31224 8512 4346 38832 18106 28109 41020 38094 41600 38965 13831 23646 35988 302 41338 27677 24154 6216 12071 44618 908 17413 2774 38636 14492 35152 26054 20429 34588 893 2384 6677 8180 12075 35756 28313 20102 3407 27724 14830 21888 10513 27611 33598 23914 5280 41196 26990 287 41163 43035 11378 3580 19032 26619 8799 28975 20316 33848 19245 
2013 72
7249 8553 40636 10247 24739 14674 10520 33925 6995 7568 4307 42283 43869 44591 11922 34272 34194 6296 4769 23041 18780 12365 718 39263 35950 20361 39744 38711 38703 23181 15054 16717 20125 36744 38065 23905 9341 16606 39580 35918 30129 16770 16645 28550 31737 5714 13431 9831 7656 8505 2601 2908 3678 41363 26258 43770 21683 5598 30720 42008 23784 39663 3731 1393 32598 1160 16431 34633 26083 2399 13201 23669 
200 73
5452 20866 28691 13182 5539 33224 20717 21955 38488 40264 19130 23693 39550 43619 35540 42449 3426 43748 12581 28136 37884 41091 11150 283 4197 24582 35976 14418 34335 14819 30933 41692 33615 43397 43957 36664 37896 37723 32917 36335 12087 31750 42589 3381 24687 21765 15655 16530 24970 24303 16349 11981 2790 16696 13505 10139 37628 34811 34899 21447 16925 1529 31845 19918 18271 11488 30617 17657 8724 35771 7981 11111 35697 
1620 72
30934 13535 39244 9851 42466 27319 18222 35385 30008 29810 4216 22438 30813 18632 22569 43043 2747 14197 6464 27249 25571 5698 5206 42129 26933 23695 39915 31781 175 25173 9072 16434 43379 41740 26288 17044 1225 2087 29274 7166 32613 41082 13579 38057 11182 8403 14107 28554 25665 37911 774 8463 32215 30745 33495 14767 4545 4488 3675 5986 40954 44269 24876 30149 31853 26986 37632 33618 7553 41515 22400 29890 
23 73
6166 7422 14735 19353 34507 2348 41817 18807 29589 26051 23633 39851 22536 38434 20083 37442 26601 17385 38396 1586 28201 27817 41635 6309 16177 27180 35367 3282 21302 5011 21606 23978 30268 42381 34582 18502 6523 41047 27614 10216 23904 18371 2381 41887 36753 7614 25768 37695 36762 38600 38555 2114 9896 418 24674 16034 15925 30636 37288 2259 35619 8811 42509 6198 36695 227 1095 33252 4420 26767 25284 48 38727 
1886 70
20056 2670 18272 18681 20703 33780 35791 44325 3242 44408 30065 21734 2167 35919 11597 32741 34132 5927 44281 36641 31489 13003 22239 28296 13880 34440 36309 11538 24350 40834 423 855 39028 24599 25222 25823 25148 19562 22861 1915 29120 39219 16497 8239 18465 30049 33012 13961 2874 35093 25355 11253 36696 30488 39152 14887 19936 25854 29253 9468 39889 19280 43281 20936 6779 21156 16987 9963 35268 18104 
1862 71
17240 14144 11491 6006 6826 24972 31042 8244 3273 41800 20296 17592 13682 42157 28126 3442 33984 20736 2598 24735 32959 34238 41060 12403 33437 27869 1262 60 28548 16030 22453 2284 23740 10373 36222 41264 25593 36151 40709 40973 33398 1248 30883 4880 26390 13227 12899 20940 4706 16658 2702 29720 37455 4561 20836 23127 8003 16967 27560 4381 24662 18313 1754 9608 39852 11158 21017 1404 17571 1158 35217 
1504 71
8436 13251 24313 19382 43065 3806 39280 35670 12748 23220 22422 1778 35426 14243 20034 1910 10303 15414 21988 18866 452 42873 32684 26688 8746 14652 4771 2761 32447 44425 125 19619 22417 33682 39698 18021 7979 9225 8936 36431 29690 20515 7368 43635 28891 18219 32826 23878 20061 13350 33370 35105 35315 8178 29833 9173 18960 12854 31540 28295 27703 19735 39616 13561 28879 44647 37682 35317 27747 21563 71 
242 72
23289 21038 1534 42685 7332 29947 13675 35114 13928 32505 28056 8725 14023 9278 30789 34583 13468 18919 38717 18248 22724 41359 1990 29456 28912 11624 553 30949 38768 44543 43123 21534 7761 3437 16121 35345 13464 2700 10882 37875 21587 13764 15181 33570 33535 21525 25691 31410 16712 44009 34566 32134 17198 16413 25120 28274 2104 10000 23478 2544 22036 7793 26077 22814 14605 37185 43848 25790 19539 20546 39439 28719 
1119 71
19823 39602 579 28595 502 25042 38594 36331 9285 20250 24677 18025 31328 10418 23036 4359 24305 31961 34626 25178 44304 33610 538 30301 12972 15498 18071 5602 17392 20785 10712 17403 36582 30728 12254 31460 40166 12996 34895 17410 11092 44084 11828 4244 9641 12132 11836 42912 18333 43226 18092 24037 10348 11493 24793 39614 41584 31483 43080 2056 6123 17726 25903 32209 37055 38055 17728 26893 13134 33584 3475 
4630 70
14193 20230 268 26664 1688 43511 38762 30379 6369 25550 3869 6440 31300 8381 24629 15278 41838 22713 24664 35106 22829 20879 32614 8672 5277 13124 36727 40750 43702 19963 23559 37444 17077 10352 14708 27752 13787 39300 41867 30886 3267 26569 31796 23444 5999 17775 27558 23762 14368 40027 21741 23866 27254 1241 21120 41356 32076 17810 29510 7196 40933 26671 44027 41252 34490 36231 24943 31681 1909 19195 
1311 71
11846 17903 7836 41452 29757 20821 26829 40748 31664 26412 35671 31178 24568 2013 30936 29533 23371 10243 31006 24994 25740 42440 3886 7216 43277 22098 4965 22322 24469 16883 1054 5146 11798 7956 2219 5536 16981 16446 6441 42235 22941 1634 21651 21394 38234 3658 21471 37126 34500 1742 12956 17669 30782 4815 27532 21460 22693 7591 42845 20290 40830 35419 26341 24158 8750 3388 31015 371 6494 6277 5001 
2041 71
20203 29759 4722 16366 37583 35727 42638 38697 17140 16500 41242 4891 41395 15669 36715 15417 31658 3236 36972 8886 4151 95 32979 17266 1582 29600 9100 21558 3084 1065 40729 33983 22107 29317 10595 28185 21714 14778 33805 31609 3631 23754 36011 25694 6829 15267 42496 3901 20605 3204 21548 15201 15786 14851 15650 44674 44642 32692 15681 9050 5548 26223 41546 37806 17386 10847 34062 20182 29380 31070 7869 
1278 71
13874 13988 1228 19850 9010 7493 19118 9073 32199 17540 32869 42639 37733 8206 43899 27175 29386 27522 22911 8097 11537 41995 39026 19612 1142 23353 9045 19018 40043 22338 37701 4822 23475 6790 23049 37667 9573 15801 14723 10132 34598 22890 38806 28053 12818 33485 11504 14662 14758 38471 35993 28021 25803 42502 7826 32923 42874 23466 10946 39865 22282 15738 17419 3528 11187 13843 9692 9525 37249 31935 19509 
1095 69
38684 39379 6522 39004 5622 5744 40531 24235 12289 28346 6745 6449 41440 8304 32277 40471 12124 18349 2654 650 14466 7341 6490 16132 17755 18288 41831 25144 364 6398 37225 27228 19781 41021 40463 41850 9255 8379 4077 3292 37661 39815 5733 4947 27957 14066 4201 3812 18988 32640 14651 2687 36947 28983 8676 7522 43871 20606 6564 34288 34179 9376 27413 35435 29051 1438 44191 13837 11596 
2266 73
16888 19311 21075 19749 2239 5100 15978 6139 41373 18201 15999 16392 35265 22242 30689 24009 2282 26289 16049 366 41064 32903 36524 17818 33459 19211 21308 4014 17265 35946 16075 18607 11374 39986 26988 13357 31776 18318 20160 19459 34975 28416 21174 20411 10032 31675 44232 39864 34363 8402 32440 17029 9178 27008 26072 29703 21027 34098 3943 33080 33464 14618 39350 44323 44625 23536 38479 8704 30714 38915 17153 17391 11641 
3827 71
469 16753 16043 26552 22684 5607 38905 43720 22334 26708 36385 44131 22631 23779 34302 14364 36587 8968 7285 455 15486 8062 39235 12482 30971 17040 2256 26882 13844 6999 36036 36796 42848 34955 43417 24206 582 4041 37868 10816 17643 17469 34169 21561 39875 38779 25546 14220 12382 31107 22708 6362 23501 6200 19904 7617 17366 28402 14426 17288 18528 37176 37517 43287 21580 41453 801 13192 7974 25957 16093 
2194 70
14320 40720 2968 20270 19053 26129 11820 33938 44571 43727 18409 4452 9062 41324 35632 28904 42729 44570 38021 16113 4019 9521 41323 36368 40067 78 3857 29939 24446 6306 26586 21686 14979 10411 23677 25916 39233 18242 34509 19 3626 37753 44081 7699 43868 43568 19921 17182 5800 35680 37161 31539 31481 15496 3837 4495 43385 43719 2369 7296 3424 18052 2210 32745 38336 15321 4159 24936 8602 35238 
4624 68
34541 3647 5090 31645 35753 35000 38216 18912 13111 39547 23403 15800 14499 30835 15870 14788 38038 8618 33039 2261 29640 40968 38833 39678 8853 35683 12144 27418 30538 21330 33976 41044 34432 37252 15790 12922 15004 26497 664 31503 4840 29049 12538 17226 31866 11514 25787 12005 5522 12292 32387 17079 41052 42656 30954 42163 11467 15025 8422 39246 3541 12535 10036 6877 33593 31703 14853 4132 
1972 72
18437 9894 34191 12751 35165 2070 6984 25392 13419 5540 21600 15733 43023 1358 43250 3793 4259 8592 41974 35357 19398 18249 22949 39750 22835 38095 1809 42399 40560 31999 19623 26174 42233 25963 22152 22 18329 30847 8313 27287 31436 18767 29017 10537 42936 34842 15937 17458 32063 12059 29693 34074 28575 36668 15087 3402 29511 23410 33377 31202 40000 16517 19624 4426 10543 33824 7214 35034 13331 29913 23239 10094 
1656 70
8325 10020 29405 14797 32454 43200 26618 4490 14959 42772 16458 8986 29556 10535 21323 5936 996 31446 36546 12739 5766 9107 22742 32252 32549 6763 8906 22878 28078 24127 20869 29031 2059 26572 38241 26865 29525 24466 36013 28299 8197 29296 39534 30868 24590 122 42023 40504 26654 4887 21916 18894 773 38952 30502 35853 1366 38487 14298 36768 9102 5609 11919 4800 1395 22223 9405 44430 20385 7085 
1252 70
15271 3110 39709 25985 42808 3378 26386 26698 42402 37465 1343 14468 28409 11937 7763 3664 8990 36624 8571 37513 34322 19821 39777 43772 11651 8645 16710 30821 25383 17865 35835 43171 35453 13947 15851 10471 13096 8689 30070 27927 27397 16763 7143 33499 42327 24000 30532 1620 11021 38831 24829 20797 32513 19639 7059 29784 42790 25000 5939 24602 22014 17059 8624 9323 6576 24996 25649 40541 8715 578 
221 72
23014 33761 33749 41805 33911 31497 44088 11668 13807 2576 9917 21043 3170 17001 38168 41955 3195 24564 21715 10336 24755 10189 6217 18602 36601 40770 12878 29039 3646 16096 1373 12329 37370 19727 39781 23599 6709 20929 22983 29891 16105 1196 35952 28408 3275 11704 29506 22876 38162 28683 10756 16699 5085 42561 17441 39536 32319 28426 919 33758 27900 24058 19499 36820 19532 13142 20822 10940 23108 4919 23176 39148 
463 71
12790 25860 12798 2543 12415 25189 19551 13602 24504 31901 28222 23056 42708 27448 41599 41971 35691 10069 13362 44715 2481 3279 17085 23023 22984 17389 5302 39074 19267 14065 37211 23839 27936 35957 29526 29952 39590 11984 33180 42101 41336 1716 33432 2015 14380 3245 2343 172 35240 5966 34076 7738 10655 41683 14839 4367 25128 30002 17585 10459 44548 42934 24354 9179 39330 28943 21112 20616 25794 35992 54 
1999 70
28901 36065 21417 21772 32539 33114 12745 12959 11882 43819 20277 37014 145 11554 34544 17260 18170 26711 19318 38654 24771 27689 24416 3523 6608 24432 24613 23241 29682 28572 44650 4302 19709 42654 885 42823 39933 2424 5390 18035 33792 14783 11194 20342 37262 29902 21601 10876 15325 3041 30964 238 29491 25568 17962 20234 16166 28791 10110 40921 4454 33903 37305 19906 29186 36779 24374 30415 17974 42556 
1647 72
39400 15609 4423 23153 23265 3826 1290 11945 11279 34663 16303 29660 15996 15608 34772 22128 30280 20066 39972 4385 5814 36484 29860 6344 4468 24524 4991 17005 41074 32233 22639 1061 39286 10885 43266 25664 12172 22248 34556 10168 40080 13289 43924 7633 23034 8314 22418 19290 20930 30551 1811 8030 17173 20340 15960 35600 44386 1872 26848 24675 2491 2285 12244 10097 38507 13990 3433 708 16144 5114 12220 13769 
3164 72
11390 40421 39765 9486 9711 44730 4226 241 18890 44513 42245 19746 31388 39395 7445 25282 18874 13525 36598 2090 43076 13001 32918 18361 32064 38189 34389 5460 35551 41947 14488 37099 42342 15445 14282 21848 11856 5662 41804 27533 22348 32306 35173 10077 20165 22882 29713 14104 22339 43482 27358 28671 42647 16918 24081 42927 29912 34686 26652 22301 33139 30367 31066 19322 12489 23863 16848 4447 38582 32750 29313 10740 
1296 71
36743 41079 21144 1954 10472 22237 1005 11436 11382 38404 39885 23615 16519 29257 19535 10165 19643 29598 22727 13795 34601 42937 17475 36147 38691 37660 20315 29573 31380 41495 41459 1078 4306 12409 21847 5465 32806 3891 11938 10995 23609 38388 11319 36748 32558 12231 37377 20151 23307 2931 25483 16230 31296 42736 15613 7306 23184 6378 4848 8481 39735 34716 37364 12201 44040 24870 26752 28832 14746 19075 41884 
450 70
16032 41472 44016 15605 27837 20701 28677 18265 39370 19255 44136 4509 24373 16559 44361 12094 38758 33168 42353 14691 38621 9846 43673 11552 33901 41716 44678 18584 43410 25923 10273 22184 32715 13217 13909 43246 22992 34594 27974 17291 4733 32563 6684 4537 22933 6254 19354 29885 14841 40629 5928 11192 33740 26706 28485 23204 44452 6611 43298 40180 13500 2588 9900 34563 39122 11748 16220 35506 9458 29882 
712 72
9335 15141 9799 40251 39003 34923 37107 5029 17700 29517 3364 40074 4636 35734 15976 43870 2699 15039 25520 40287 26451 27666 44551 2456 22766 14470 7936 13594 31433 31366 40927 25952 21318 39133 18889 23229 35706 38103 21989 44320 17573 32768 2238 13461 41656 27822 26006 1724 29060 40598 58 5750 33696 43341 27488 575 37339 31622 26281 18426 21893 11265 28521 34258 25160 17305 21052 40551 32394 32925 30767 14891 
523 72
30537 37643 21512 27285 43329 7975 32034 16702 28407 27843 15619 19919 28393 24163 1047 44437 18473 39237 11625 15931 37624 4710 15438 27260 16395 17727 33255 13458 15747 30294 38171 25619 7158 19367 12088 38244 32182 2393 10042 11081 20266 37380 37243 18483 37690 25495 6699 817 12927 40240 30481 12624 8088 12491 14037 33209 22646 39389 39166 40204 30048 28345 40867 41319 3085 40342 28700 14043 19865 16453 44501 20338 
682 72
41080 34969 21502 8738 31111 2394 5073 35597 15632 10865 37692 9484 11487 13286 40085 25401 11256 38017 7984 10617 31885 28016 43829 6912 20633 24147 33858 17785 30262 37663 313 19221 24143 40699 10759 5283 2319 39546 44509 32031 13879 5371 19465 1914 40667 27111 10103 21698 7084 4821 35800 17316 22717 16666 16243 11049 23344 20163 43137 7843 43907 8797 18925 11715 38505 9662 25018 11391 14429 42633 31551 8958 
3245 72
9263 740 30030 36143 38584 22080 43063 5993 28779 1031 33656 7686 29160 18594 38789 34376 13098 43406 42148 28146 42456 33026 17771 1066 21945 25708 14190 20017 21409 2616 4337 4055 12902 23851 15532 8761 31454 38960 897 44562 1030 2523 25227 33043 25071 38361 2027 25137 22671 23710 12017 28192 20103 43737 36875 15780 35021 36141 32250 27075 11204 18524 41910 15820 41124 7535 6868 33732 24709 9065 10661 9509 
478 70
30230 34664 7348 7002 42465 9938 11680 16683 28194 29512 21057 716 22850 25064 27197 4350 19069 39361 10282 7047 17259 15863 7013 24730 44193 36702 27531 2265 23944 1268 24814 29580 1182 44223 9701 12896 36906 2851 39102 31369 24571 11363 9429 42491 12140 10223 6271 18746 19869 28228 44735 37326 41002 1763 41182 43006 25811 3705 34908 29140 18617 19810 11383 44524 36218 40367 1149 10709 22648 37842 
3018 70
31995 40682 31068 21183 32873 21946 28638 36685 17038 31268 12074 44142 29334 212 8112 4790 5827 25384 39773 13531 34405 7347 21547 2690 37136 41285 28608 24792 28735 11223 34872 30527 22464 16081 12405 26452 7594 1327 17375 8065 2767 39883 7655 31490 26306 15988 15598 3686 10978 6205 25409 34491 9304 41494 3074 19710 39853 43978 22950 27884 22832 17588 3955 8435 42863 30851 19847 12862 32872 24260 
1315 69
24204 16515 10149 6404 21398 24254 26744 13772 40388 11849 42118 3694 39082 32518 25497 29628 4996 16400 7722 40568 11861 21202 7455 7130 32651 21002 30363 29946 577 11783 37617 36310 4138 37076 25476 17610 40238 25102 42691 6120 22594 17621 44054 24969 3614 42058 7191 41717 18031 30694 19771 33215 12380 32722 659 347 42007 27157 35519 31069 9057 26500 20065 16830 5384 32748 35781 4029 42768 
3276 68
33510 39716 2984 40087 12709 20090 33746 3663 11330 13199 2528 31949 32619 32059 9928 42706 40554 27502 26416 4773 6583 17650 12597 29063 15621 33921 19726 24539 17168 875 39303 5112 21035 16816 37748 111 34262 5432 16197 35491 11347 28917 41992 36689 44403 22089 4328 13541 24135 43144 1636 9308 90 23120 33143 12311 1798 33126 20261 22313 10761 23621 32365 43989 5477 15127 28163 40328 
3501 69
34539 42420 3810 964 34527 22095 12295 7346 40503 40467 25669 25522 26076 27574 31844 43312 22527 35591 43598 40254 37797 40144 19554 7996 124 9290 8878 5656 2378 14523 35686 26922 29963 16145 33844 28337 18319 35218 1332 23003 24705 20321 965 9724 21421 10545 2585 21935 26679 9906 34407 13075 6883 3549 23081 35358 5760 6967 22240 41942 19116 28458 13632 41032 28695 19882 24615 1820 4720 
292 70
23785 3340 25270 42065 39207 24595 36545 2023 5621 36871 27978 5517 16048 7769 44404 7470 28141 3595 10686 21359 26478 38527 6703 38615 7182 7573 37274 22923 18183 27135 32972 6377 10485 44519 20269 41724 15561 904 17640 13847 40496 29099 33462 6181 30459 30228 22866 4672 11301 38869 15425 12501 11823 31517 5857 25204 25999 12151 35260 17425 28152 43297 31475 18756 21303 183 41722 8588 6721 22081 
1662 72
29458 37857 841 36124 11847 29993 17406 44226 41541 44286 1192 24656 42720 8413 43100 4183 31322 16104 15421 4046 21252 33395 7313 14549 26681 23033 38623 15544 18115 6536 2982 40457 25528 33383 13449 28203 31358 7243 20569 34264 43915 14718 19942 5116 43895 38755 29909 39849 25093 27147 39078 16484 38743 22934 10269 30796 12645 31518 4165 1823 25931 4641 24525 23734 34504 40913 3816 18351 17483 14714 954 2857 
4204 67
34561 20260 10301 10754 14312 20531 14261 24887 32986 15968 19420 14514 17668 12699 10279 4445 20380 8669 11684 11379 12580 6503 40967 38734 23278 4687 30365 44208 11891 14620 25133 20561 40574 2091 15849 19123 7627 37333 10160 31100 19293 9873 30016 35015 40161 41610 13621 15356 26891 5606 37504 32089 37949 895 28261 42563 30912 26269 5255 26663 38681 25725 32828 27866 41508 27961 23005 
26 68
33190 4474 5518 8736 27403 33998 15064 43536 10935 3285 23053 34044 25567 9561 33113 25472 31473 31877 35176 12592 3550 1730 4726 11557 23891 1238 332 25610 21790 12990 31352 1497 8214 41641 5603 25732 29649 22584 18621 31794 9967 42424 39514 26068 35766 6492 19995 981 21450 30098 41333 14524 16855 13359 34834 1036 40490 31568 40066 14592 10503 12647 21111 34882 10211 22012 37946 38550 
1293 69
22091 32907 27925 26133 29707 1993 14546 12502 21920 12890 21109 25006 31910 10492 29977 4098 8851 44185 8207 16939 14612 28578 20215 42281 44624 5905 15501 9659 11994 13781 32190 16179 8190 39142 41144 16270 37065 15036 27665 23819 23266 39266 17242 14381 6794 25739 25758 13394 16210 7279 43476 9349 44244 19344 15047 43405 35339 294 11042 14389 7229 34773 22564 36573 23763 2944 7474 44387 10678 
1425 70
43958 21652 13975 5639 31826 37900 12247 27277 18032 27003 792 34084 12857 15778 8267 19348 41019 6183 14670 26106 9444 10344 2923 22826 40544 31821 38236 22797 40756 14121 26365 24903 23232 36440 2821 12674 2818 32204 11894 30613 40926 34569 4604 10368 40401 21638 19692 37388 6922 30376 37157 1546 2443 20509 30420 18669 44350 35266 26512 33165 24557 12256 16284 28654 15106 3352 6757 17997 34277 21215 
2994 70
30834 23452 26570 37376 9261 32420 5594 8179 30226 42279 26189 34725 17792 39312 39643 7499 29687 38591 39901 31905 35545 40290 22209 23208 20323 22481 20092 9460 13550 19914 8899 18690 36633 4433 309 2123 595 44449 8509 30085 24837 14606 40594 18774 10238 41593 37130 9787 24457 28477 27165 16638 10201 4485 7587 39688 30716 9016 7072 10315 12812 29300 11644 3066 24773 3241 33737 17455 14262 16415 
1179 70
25351 2364 16485 557 20351 11709 2271 18495 13576 24383 18952 27682 39584 9218 5952 32313 34325 39406 615 27994 27923 44679 24465 7424 10263 14004 6892 3968 21871 9783 33022 17230 13035 44556 14317 43484 7070 41167 26667 10498 11449 20027 12177 7529 29413 25117 707 15784 9546 12842 26571 22994 32654 10707 41172 25641 31392 37699 24013 21905 31295 20253 29058 18976 19894 31435 40817 882 8480 6953 
1538 68
28811 4858 21095 370 38570 17244 5023 31647 9391 24531 32085 21058 13647 25062 19197 40375 34560 30229 20009 2229 33549 34195 14371 36173 33087 6331 23198 40932 1227 39588 24789 17221 13267 29983 18970 26746 38164 19873 26992 27659 16188 6260 3785 31942 26814 9298 27191 30164 1850 10037 24136 18752 39347 4743 11909 5796 42525 376 7666 37985 38939 39554 13043 37952 2515 39096 12934 26748 
3739 68
33173 42278 7818 28355 390 16915 13937 15924 43617 44672 12290 35895 24521 11763 10145 22451 12521 8931 33917 26864 16739 12981 16215 12203 19263 14780 3287 9714 8391 26457 37787 42000 37564 31014 42784 7749 32559 7180 28584 39492 34797 20668 18904 4060 18506 9292 37066 19555 31561 24648 33363 1535 30333 31643 580 11213 33782 35395 38001 41601 25942 5556 5721 9622 35876 3715 2177 38892 
154 68
13519 31532 10695 7230 43647 969 37293 44273 13146 39576 24621 43631 39449 4936 40514 14457 6904 7577 30744 40810 44612 42972 4408 33415 18358 13588 7706 22920 12362 32120 2028 5093 40894 6416 560 34555 35178 7527 35069 18064 33063 44224 12672 30735 6845 39675 14137 32472 10760 15287 40813 28410 13379 37261 11522 44073 36678 19673 10530 20559 28797 7503 43621 14411 33452 20609 41462 18819 
243 69
22278 24105 1644 42338 16438 19016 37847 23324 23787 13395 44398 5974 15557 17026 37282 24952 7089 1193 11075 40479 12472 32891 16294 43844 8978 37823 37837 19751 15386 24461 15375 15252 28289 38014 27474 33562 11346 27324 28045 16871 8548 12803 33309 19037 38045 7554 23129 38774 20448 678 7895 43316 5388 12237 31682 22268 9231 18728 16796 40647 41339 17343 39215 23992 2268 896 31321 26807 6557 
459 68
2822 24379 37029 40959 42935 28371 23069 39257 9228 19250 39091 41818 520 30738 4489 4427 29295 9577 37950 38882 2516 24050 22013 34528 26267 10789 36880 19571 39839 7479 72 29331 827 37403 12537 32599 13510 43496 34359 25797 8771 26227 2309 29251 13676 20485 21537 3147 12519 6820 11161 13202 42193 12918 14478 34152 10764 41849 29070 36047 29276 39262 19074 34552 32336 25301 20303 20924 
2952 69
30707 39206 37976 15246 8022 19102 25354 16590 15853 3298 18526 6053 6669 25305 10138 12296 17938 26873 42951 31427 13323 10162 37645 21739 2266 1504 5726 33149 3111 19838 4366 42215 40292 35226 44447 15868 39484 24188 16622 5203 24756 32465 17983 14177 8048 36319 41238 14310 30634 36467 32605 9528 8532 23377 41750 8722 23074 8192 24614 35480 30031 2007 24509 2356 39048 3516 19426 39717 17440 
1306 69
33038 35384 40108 22804 34055 38040 19943 22082 4885 5896 31205 11977 40090 40410 10993 7809 9085 38655 7029 35995 29846 4897 12015 2414 3211 32742 15615 439 13375 25558 24889 26301 52 15247 17538 7575 18762 19992 44688 5360 24572 33386 10055 1967 6916 44101 36944 5782 42866 34525 34362 24857 35058 18489 32068 17521 7157 9998 25246 25342 38049 3718 27660 34229 41284 34855 34764 14964 6097 
3849 68
24873 25323 25527 22225 43551 20111 32735 32691 23103 18657 36034 36291 29576 8637 9238 7354 18855 32300 12702 14871 5020 25135 6227 30546 14417 10666 37141 27782 23583 26080 23796 22588 24385 44686 17362 5885 41372 2799 4962 25912 38828 27093 2615 2452 23364 2830 9816 15523 20958 8489 41029 31165 7199 33701 2221 39772 39723 18352 6376 14807 3760 10967 21054 43168 33079 42584 38119 7834 
2654 68
43911 14494 44671 31122 5187 6507 8147 37393 21189 21682 14988 8963 37337 21632 10815 31665 27552 32971 37659 6920 8937 33108 42288 36481 6659 34339 38795 20503 43240 4205 22216 12527 5281 21184 23362 25083 16518 29661 5791 40023 40518 30169 36500 18517 16363 44652 689 28354 37820 33145 44283 1434 12693 17851 23689 32427 677 6445 14393 33979 39595 26954 31650 30243 19644 26480 31652 33724 
4925 67
2524 10599 42145 33506 41486 32270 39318 23172 14167 2246 29191 20711 24900 29578 13524 40380 27708 21338 26066 19667 41301 35549 37079 26401 41933 18610 44502 17402 2209 18965 14707 37165 33910 100 28464 1146 42962 23076 18376 24612 572 24918 256 31286 39730 14285 14601 34316 14551 10758 20232 12269 24851 41828 30872 23262 38793 26855 25188 32580 6459 23946 23243 40320 36459 38206 5497 
995 69
7088 979 29973 15715 1960 16079 4804 7840 17867 6616 30487 15929 15295 16098 44203 31419 34680 24500 39843 15178 5236 21521 20918 40669 3382 36758 23713 32245 30440 40064 34828 36489 6463 37466 3384 38346 35611 44364 36004 36716 23061 20394 16653 18699 13596 14156 31482 3408 10011 37372 22341 34241 2206 31113 40662 6154 41534 36784 41751 28555 18065 6568 3633 42488 6381 22687 25913 15185 8598 
1880 68
16771 26444 24415 12345 41240 3108 39583 39031 4571 36501 11954 35822 30247 5010 27801 884 35467 22179 36170 22226 22057 33708 11138 33260 5437 31004 660 15648 5258 32295 21619 12874 31375 2589 26247 32675 43738 8458 23388 34181 34386 12268 6560 5555 23820 11577 9125 39974 6651 30681 903 23223 3130 21743 18299 37159 8409 14759 13653 29680 17951 40095 9104 33466 8621 14726 10255 38499 
4543 67
2787 16267 35651 6419 41631 22659 17304 35475 27481 25352 1451 24745 22342 26250 43714 24478 37037 18498 2237 39292 37856 1797 13662 26754 39804 33675 31864 20977 34123 14032 11855 41022 34263 24039 29002 24881 31839 15172 22686 31727 1369 29921 37936 36354 11024 5683 17268 33974 18505 12480 38897 14503 19285 38710 29184 42616 8708 44488 37982 39914 1021 30398 21430 32893 28005 31264 21927 
3695 68
18285 17250 11285 14497 8128 31598 33909 32786 40134 7590 26903 42116 38979 43036 35121 30891 3949 43224 16561 43323 19324 15637 21834 13534 20894 42108 18579 19369 39684 29935 18121 16305 43995 3440 11389 9618 16280 6872 21692 30665 14129 27328 16226 5411 17584 27179 24688 8526 963 6300 23635 19533 2604 12054 30540 39728 36258 3103 10966 15836 24160 8265 44001 2875 33194 12495 10621 24152 
1885 68
26252 19983 13361 33178 16660 40905 35885 13214 41321 16266 42480 5451 5287 35412 24292 21018 1037 27896 34948 14931 7877 35794 19435 17992 34547 1532 11468 16954 35025 11297 3697 3698 21010 37090 24412 6812 12635 6858 26192 43698 38728 40113 29246 13494 43374 44471 26209 40162 26555 1118 11302 43791 7176 21761 2753 39325 29872 11692 8370 13481 36536 44448 29004 6028 44198 42950 8499 1844 
3340 67
17953 39315 34324 317 22827 25503 30918 9445 3345 33832 34477 21963 37613 26092 6525 12222 16798 22297 7597 14753 21472 10480 19127 42542 30116 40143 4552 17017 6918 36160 24014 41685 1447 1247 33322 29863 23570 38170 17793 12381 36242 857 36722 38158 16751 28366 42781 36490 43077 37786 12471 38460 4632 31012 19779 30602 1017 4635 26584 21980 8933 15250 13641 20779 3153 21527 12819 
4021 67
4345 11358 7830 9575 36380 28875 39821 27722 29614 838 33337 25943 28514 30401 1679 43471 42057 43708 37440 11250 13272 1584 43107 37382 22764 1892 33764 205 4195 35037 13972 14395 107 43351 3735 4253 7192 8487 23876 23400 30409 5890 41727 2647 42359 29158 5352 5715 26105 24114 27005 26356 25988 35215 3752 18597 44114 39187 19157 17914 32852 24021 42753 41946 42938 43773 32368 
4961 63
26325 29195 3455 8732 11058 17993 42091 18431 2701 25406 14355 44038 8849 13904 32080 18510 22067 1365 34187 11218 17247 18127 38978 10877 12876 1352 14075 11343 19920 41421 9855 39211 29972 24425 38120 40638 31204 13605 43467 25882 6303 19093 39118 40121 26955 5164 19994 38166 38301 38457 5956 35569 23055 42410 2802 40057 18829 22961 16202 35071 23287 43179 39192 
4960 62
3613 868 34353 3608 2859 28134 44595 38310 38 28889 22146 44558 25124 28009 40242 29172 16273 19312 27208 27546 34658 25927 28505 34886 7208 39524 39340 19384 35050 40213 42164 4865 12604 36390 7111 34219 38529 20434 17891 11665 20042 6993 34472 149 14378 24680 27435 15289 11683 44367 41860 43506 1143 8118 41834 16271 10770 14530 12389 24778 23627 5198 
4959 59
13406 31818 32321 25337 9698 24813 19033 34738 33035 23059 15068 33723 26591 4969 766 32453 10153 33040 12309 36099 5449 37041 8294 9746 23471 16674 7290 43088 20532 17595 23645 15624 32026 18171 14682 42015 14199 3703 36553 7960 850 17832 14736 37919 34395 29482 22462 9397 13018 4034 27806 36789 21983 20596 29653 23128 41207 901 6326 
4958 57
20201 42092 24300 19501 26696 27394 24111 39084 6782 17154 20401 15546 13209 43751 508 43493 20600 26350 3701 16372 14250 8784 7735 31783 37691 26060 24501 12391 41625 9569 17683 21536 41921 12836 17125 39650 16020 37593 21312 7244 26710 3978 7921 15137 35663 20791 41150 33289 18806 19209 7872 7494 41643 247 41731 26257 40853 
