48
4990 17
62751 86528 87769 86695 42100 34107 79641 39226 30188 45624 25964 12599 16231 97567 54841 81775 3030 
969 17
17198 42169 67142 38947 50643 55095 20548 62600 26265 68174 39799 78902 81052 87743 49298 7818 49943 
1773 17
45685 48338 79845 29660 50156 28688 85734 90600 72920 32103 86964 90433 56082 69179 94135 83092 59016 
3969 17
33995 73464 15213 67019 19890 63505 61486 61196 5459 64384 89268 59696 7391 34684 38616 39764 19529 
7999 13
42281 89603 50501 44338 74327 44861 63290 40533 4613 30523 17762 93640 48315 
2140 17
32369 32587 4041 92400 41490 91692 56703 3981 34569 26318 42282 71167 32379 41771 50832 8659 40398 
2228 17
56909 51171 2452 19209 10259 36363 13015 47986 4730 61281 29085 98499 28676 53903 80989 20133 10069 
3283 16
64659 46333 47730 16178 70575 63456 7515 74898 98753 77103 15325 93109 2203 75303 97158 98710 
3823 16
31106 6575 17216 7379 92232 96566 245 68273 21265 86550 97170 49615 77172 64968 74207 63959 
5682 16
51329 25405 25501 61444 18911 27265 9785 32543 67028 28446 52214 87866 23204 68026 2493 86537 
2933 15
4778 27813 36417 36630 59419 60361 84717 81267 88650 97483 39214 36661 34229 59513 79893 
6908 17
53106 70202 773 16270 62047 3264 79495 21128 76479 70289 59420 59308 76862 44429 44474 15855 8007 
2040 15
71422 11020 25550 91916 11351 12886 45886 29072 18054 22163 23414 51285 63728 40694 7575 
4811 16
96900 50120 23586 32541 31424 32483 448 59022 5638 26430 97332 78144 54934 16528 35003 1099 
862 15
11972 7394 14050 47717 56338 21506 21587 4631 72203 80510 74065 14435 40794 22204 88019 
3148 12
98084 43944 46325 5479 19605 90752 46646 5279 9871 96052 7180 7706 
3973 14
12559 54694 19898 61722 98020 93451 3928 50827 70475 50724 10302 56417 11322 29108 
7234 13
5829 20804 9328 52490 13468 89894 75755 84280 14907 79330 69579 40193 27601 
2507 16
87324 3724 48350 81587 84868 69850 31149 94260 2758 16529 37564 60044 1243 77569 38893 68526 
6705 12
92352 61543 67033 84212 32220 86762 27074 39922 32192 61163 53601 21710 
3506 13
14049 6937 18841 53715 81619 80981 30149 73817 52013 39535 15313 82523 75590 
5009 11
13665 34624 6255 47553 8196 37554 29546 22284 75497 24470 59461 
6153 12
35385 70174 74578 67541 76819 69068 84637 35149 76673 94875 36959 3860 
7505 13
66997 77225 8224 57236 96454 3479 63918 12035 41063 55951 88059 11910 42523 
1339 12
23186 80554 6181 77183 92491 73438 61102 90390 52116 86050 75082 72296 
2490 9
52177 75197 56320 14752 15773 24577 16259 24140 94884 
1929 12
58746 79804 26818 40629 94624 24536 2603 93178 93327 51556 61708 51634 
954 8
76328 29525 60803 38526 30301 90411 76723 18410 
5653 10
1952 91868 39282 79228 48081 87344 8278 18274 30090 36738 
4192 10
66652 60144 58414 36808 28336 29976 13046 15470 72580 6667 
2324 8
22034 75128 31430 4600 30160 59977 7813 66153 
7793 9
44657 51873 44658 82230 76366 57771 93371 8709 5466 
1600 9
80572 49545 18378 63659 38777 32958 31244 22903 1070 
5780 8
43122 91804 18599 88098 55519 35716 26903 43903 
3339 8
66909 67199 64430 95537 88994 32898 91979 63778 
9864 7
74893 32032 33873 83950 86043 6337 50011 
6624 6
77962 30736 91107 32994 17472 2285 
497 7
95167 41045 51740 3502 71307 43158 68503 
5749 4
9865 69859 93476 27682 
9558 4
46406 58374 61480 55260 
7579 5
33965 98504 66273 36485 8451 
9792 4
57216 80242 49191 13274 
8910 4
17975 21693 57954 18111 
4819 3
55177 40423 35996 
7387 3
67191 81737 59202 
1105 4
22091 19437 68935 38403 
4346 4
4669 35602 35178 40810 
18 1
28100 
