28
3405 15
63875 59741 73699 8380 17817 77618 19925 28425 10424 66470 54354 21559 98923 92008 40312 
7999 14
99688 34076 73146 76842 94614 84224 9464 60208 32439 74715 41754 62460 58583 67389 
188 16
78052 73532 13439 66143 14973 5750 71284 52469 9785 50262 31190 67637 95567 42294 42648 27415 
7990 13
54921 15056 99330 88715 78523 81692 70301 97064 62060 18190 25700 7155 48411 
10448 14
40220 80335 66810 2623 71512 34479 64165 11802 29633 50153 98002 94127 72884 89432 
9700 14
45327 88173 57667 11191 84000 12707 44153 9471 34140 70828 92273 13680 53699 46094 
2376 16
92986 69981 69499 79257 57730 38306 26593 73411 65356 78980 57191 7547 6888 66128 28481 37276 
11071 14
2316 57390 78788 68153 72875 78979 86967 40671 30672 65554 47172 85855 48992 85234 
2325 13
92635 67108 57412 59729 77706 30738 4101 92789 93598 34608 83292 25212 41114 
1729 14
97124 13404 85185 15892 3824 61571 39884 71044 2711 72056 42525 85424 83612 78986 
863 11
54376 28258 7360 15535 2013 65458 99040 83712 37395 3597 7193 
8543 13
52181 34661 25262 43570 2879 53765 46257 56218 99375 13268 12900 63445 24847 
3682 12
56807 3996 96081 87372 25363 24192 44707 47123 37364 2434 32894 10808 
3129 11
39273 95375 93174 37438 38862 27513 65455 11141 53720 77735 75231 
1246 10
38440 10318 77676 94264 65280 20007 42908 1621 88674 2523 
2764 10
99856 66292 63591 80431 4596 27173 49744 13422 13918 27638 
9248 12
53646 80332 61290 19561 8451 73632 46591 83310 42751 64529 86652 38841 
1261 10
34537 48466 50452 65679 83180 76720 53429 70884 93978 81244 
9659 9
84716 52854 87535 89754 43973 12476 81344 12016 4371 
2102 8
40386 22599 59437 93069 62108 28667 8919 8734 
1960 10
40140 59578 88576 20456 61826 27640 69554 28108 70976 13341 
5500 4
28827 60753 55742 81179 
973 9
21081 75766 24319 52136 90738 76024 35262 15123 50793 
6997 6
84284 21993 42791 32976 57554 75462 
8233 6
1273 67885 57863 76815 71570 49299 
8351 3
11041 12167 28926 
6745 5
55587 35660 17123 54754 2404 
61 2
67315 5946 
