35
3449 17
76296 60808 60799 76308 96214 83147 94426 24711 38876 24909 55276 73493 38710 1908 56667 39199 64356 
232 17
13657 77871 90776 52984 20782 51698 84248 36224 6769 49072 85702 36795 54615 95890 47423 31490 61424 
2133 16
58793 16673 73284 71604 93711 2529 9418 99447 95973 20383 93275 75177 41468 47438 36773 36919 
2212 15
23307 70292 39349 45231 4970 42914 88376 45982 4929 3412 49742 47101 91034 82426 29235 
4394 16
57541 26009 44363 26492 99593 7504 72642 63094 69916 26780 57539 19193 57669 73247 75562 15984 
5303 15
11657 13948 15481 80200 75281 97027 76878 58339 10496 11878 4702 73191 72368 76749 8898 
3137 17
49162 34836 80622 43042 75312 89887 61084 94034 98884 72974 27087 20058 78163 72985 42037 41904 88213 
552 16
3342 58945 2973 15862 94636 82049 67836 40693 47761 91001 18241 70738 48568 37307 94029 85774 
2025 16
38719 26283 71413 30922 99732 64401 6123 33898 24188 1241 10129 1619 14613 89309 71721 82082 
4890 14
34705 90248 74136 40510 3645 10687 88547 42466 77847 87137 89431 67467 11462 56024 
635 13
86928 51534 82897 50393 55236 58991 10729 82987 649 42173 20076 19792 31464 
2194 14
79710 70449 28660 32168 23002 12318 44415 69935 89327 39597 32227 54430 46811 90524 
3622 13
97750 53102 82148 75996 92792 63179 53772 26546 140 48959 42389 78272 5954 
4320 12
57738 26549 99605 59008 59334 27380 58244 46883 24465 37773 32446 85595 
957 13
20647 96741 86334 67621 56523 27177 65638 18615 67449 99481 68602 33508 61078 
5709 10
78492 75032 95760 20150 25712 99786 73350 41565 87790 73568 
1981 11
38137 42684 95628 72563 94566 36034 12037 37045 91098 18298 31676 
4865 11
86910 49975 1355 17834 20093 65980 20514 49387 51168 28631 99180 
4364 8
89726 79095 85719 74619 12971 11521 91653 42340 
2196 9
3693 85707 14440 45897 57128 51557 16100 65448 64069 
2392 9
68471 64299 36957 31347 3614 79268 34921 54318 60201 
1203 9
49577 29557 74706 37000 49856 50491 62876 11059 72299 
3004 8
49084 28526 79261 77373 31847 6006 3659 33097 
1927 9
2502 59460 47899 32929 67958 673 90703 42642 23100 
1974 8
52779 25426 46271 91831 41887 53817 63337 46019 
80 8
55048 72386 35869 77170 55247 92556 35093 66884 
4511 5
56684 9625 33401 56710 17906 
5756 6
72819 5250 26629 87007 6304 26429 
1040 5
90198 11417 85615 66740 45420 
1848 5
92680 52987 11423 68768 94235 
2030 4
47036 94076 15465 97632 
4083 4
44846 10524 75749 52375 
5509 3
6427 27275 8584 
1853 4
69527 97360 71310 78254 
22 1
54848 
