22
1977 16
51125 31344 16081 37550 13678 6858 52172 27729 10845 47925 39797 34206 37023 37032 803 49626 
11964 13
28099 5881 20360 27514 14878 40527 42741 3199 26548 19223 28214 21185 24709 
419 16
2448 6381 35358 4792 34366 7244 24084 39749 22595 19075 42135 18312 23407 50678 10374 7810 
5134 10
24974 12680 16434 3882 49092 37479 16494 14212 7826 24529 
7999 8
44195 18543 16161 14846 36701 7285 23767 33992 
1639 15
48562 11200 9257 27166 49550 38128 7069 16381 29225 18541 10144 45827 23909 12120 17718 
12247 14
6383 4444 34683 2624 10486 50890 32710 44930 41209 25387 29339 3254 52182 48613 
1596 15
25918 8605 39007 40933 35139 5947 30318 48774 19392 14988 20651 48534 40689 37427 40698 
1381 14
36560 10015 15326 50059 3404 14354 32289 15305 47299 12070 50812 35471 36064 14137 
4716 14
40371 21263 47374 41332 1082 8248 49950 29061 51268 46640 35550 30542 29005 5715 
5883 12
31280 16466 22332 6 19871 39761 6229 3833 8735 14560 11908 12576 
6277 10
10949 40520 17346 6924 27526 42588 24683 16334 48196 17675 
4557 10
49234 9004 32774 6339 41472 47818 15797 15654 29667 34628 
9852 12
31614 18833 13917 52180 42553 43290 28447 7696 47958 47472 25152 45548 
7269 10
38564 27279 7484 40496 13684 26533 17584 20198 20200 12438 
8821 8
41943 31650 20165 27146 40716 9087 37685 27914 
221 8
40565 39403 20559 12456 26669 33228 3549 39589 
1467 6
17864 599 9908 27591 19009 42980 
1142 6
33842 39398 27590 38243 5990 11605 
6275 5
3013 6021 3442 19601 11032 
7534 3
29443 2282 889 
1133 3
47551 10635 19512 
