164
15182 9
24640 72134 40942 50320 72603 16581 22160 15280 53853 
15183 9
18150 44448 16638 36472 6031 52992 36648 12245 44972 
15185 9
67904 71273 24471 38992 34622 51096 39379 55061 48567 
15186 9
68017 19851 65926 27952 65490 71306 66076 24475 11562 
15187 9
12426 47807 56945 3820 68240 64551 44863 17814 51375 
15188 9
35326 7446 33643 14373 17211 26288 24678 24408 23981 
15189 9
27421 45687 38399 44792 7521 51462 51824 53508 19659 
15190 9
72735 36920 31835 69134 25642 20842 55621 19197 51555 
15191 9
48107 47053 74910 23983 40799 26934 36468 32449 48736 
15192 9
54487 69420 69591 30772 55018 35398 64343 4699 55411 
15198 9
26360 15090 66659 15095 33583 61959 74804 7251 38742 
15199 9
70591 50111 54488 17830 62551 26766 2333 21583 57443 
15204 9
64909 43441 48451 70756 31488 7458 19531 11171 7529 
15205 9
76886 43678 48922 3219 49 3807 9915 62901 15141 
15208 9
33699 13716 43757 13320 42123 39624 70043 45096 39011 
15209 9
69396 60523 16090 74743 14831 4561 34370 27233 67476 
15212 9
12713 32562 15951 47696 2080 79296 67385 37589 8114 
15216 9
78532 25514 17323 15949 34866 2962 54584 59468 32965 
15219 9
17714 68227 8341 71608 17173 41429 26027 4289 74145 
15230 9
76028 8459 32214 46664 891 37041 60159 40864 43235 
15236 9
39738 76194 69003 25331 54535 25370 39085 9497 51797 
15243 9
11838 45471 45886 58456 33808 648 36780 72118 8925 
15250 9
74021 35141 14670 4304 78672 11344 2580 23195 23375 
15261 9
31214 59223 66011 51062 51218 9960 18451 79398 13553 
15265 9
76790 79642 31034 56735 19440 29148 41872 37687 50707 
15270 9
19343 26728 57877 42601 15475 48015 53638 75057 37409 
15278 9
48825 68101 66041 70360 23391 4345 44648 77011 70741 
15284 9
19667 36724 30155 76535 29737 55110 67876 55144 9508 
15295 9
51964 47746 6298 35409 76473 47567 61505 7956 47774 
15299 9
51335 48100 40805 79433 64330 5671 54233 51697 14270 
15301 9
28101 56256 71731 3307 74347 24666 30914 8886 28883 
15306 9
57281 21680 61456 35974 78863 26929 61638 61936 3309 
15337 9
58089 39517 72537 17212 79313 18324 22065 67529 22070 
15371 9
48290 55264 16182 74077 63537 45197 9990 33481 61563 
15382 9
58311 2318 530 74721 63882 58389 16729 7914 27573 
15389 9
42890 59493 43022 22417 43053 56477 39319 1026 23952 
15424 9
70145 70982 7966 26724 13620 26949 38058 37433 70312 
15441 9
41912 10559 70938 58486 12741 976 70528 42133 51968 
15472 9
30107 16115 12361 16242 65038 32299 17527 65914 56852 
15482 9
56384 2327 57442 42894 13510 57228 15715 44521 58754 
15493 9
18969 21480 39268 45319 33109 38268 16771 34671 51767 
15509 9
74442 11071 10407 21886 17686 70576 42849 48259 37834 
15181 4
30389 16865 12931 70731 
8729 9
30071 12252 54054 17512 23882 27258 70646 13894 3304 
7999 6
67084 60609 59159 36000 75710 18568 
61 9
5340 10296 73962 16334 40218 33127 37260 47907 36135 
69 9
41204 45785 55321 5208 32134 1907 75294 43595 56589 
74 9
29844 46356 36497 40329 32303 62559 37840 27516 17469 
158 9
48520 6292 40397 56615 30000 21619 39748 76951 19566 
243 9
25341 47076 45972 5650 33572 44717 38388 31374 18079 
283 9
19710 25402 9892 7286 43828 58088 8434 63861 12012 
296 9
23496 4974 2127 41726 26778 32316 61558 79362 65781 
424 9
18886 18830 31812 29508 11987 61126 75589 77443 79736 
614 9
58390 853 21567 67881 31253 40906 6150 12242 72637 
771 9
46300 4361 68513 44047 69418 31150 44344 40232 12240 
1173 9
71129 43528 31296 58140 17621 74019 66656 21083 58143 
1233 9
12062 227 53888 23508 59394 35178 6312 74888 13421 
1630 9
52885 75444 60810 52045 75100 45813 8377 9642 72741 
1651 9
25745 75356 6126 74 48093 6899 65731 1506 23723 
1692 9
27726 15488 62744 37014 51469 65030 5891 29413 5026 
1788 9
16011 5429 31578 24209 20730 19776 17494 459 50885 
1980 9
12689 25861 51800 48109 56025 35900 64115 28820 60201 
2625 9
45999 39815 1203 2867 33102 1284 56848 4474 32548 
2871 9
62627 2670 8005 51611 1066 21399 33243 78408 63877 
3106 9
36895 7580 948 58192 70638 32057 58157 50649 74227 
3491 9
2987 73472 63753 77544 41882 20554 75085 36886 50342 
4484 9
19193 7561 3715 22381 43783 7294 63048 54193 30621 
5685 9
51420 51345 34006 45626 49431 14009 69249 48404 3693 
5767 9
9210 8983 69009 78019 31780 67575 20301 50474 16479 
6456 9
7743 77823 76269 100 58726 72414 4680 52425 71746 
7534 9
63365 57008 376 79377 34836 40113 45699 12073 71950 
8417 9
61608 31999 74958 57098 50756 50336 6302 42261 3483 
8448 9
64043 71177 20135 49691 69994 34128 74205 71325 51022 
12830 9
7662 5598 52273 10426 40316 19000 20541 39579 17939 
14654 9
43337 60548 659 51343 63942 13224 76585 3908 34343 
16373 9
42286 43703 47032 59837 13533 38795 6149 50182 8441 
16636 9
7975 65193 38396 43296 52326 19887 65999 49594 21518 
18851 9
69903 77273 67585 37216 71050 46838 20722 57243 30743 
25 8
44914 15714 32287 30234 74943 27840 37597 3124 
58 8
4392 27333 32432 73221 18000 13661 5505 5579 
222 8
32718 17936 48278 13278 66240 57200 32976 26859 
400 8
58451 31058 32939 47958 6243 24380 4317 43087 
1751 8
8137 1866 64774 47599 12826 48463 78910 41660 
2108 8
55122 50487 48423 58571 5681 33829 16492 7604 
2855 8
43319 42157 67154 28672 58537 21965 70577 74639 
3832 8
50051 74668 54355 11770 65485 46026 17319 19708 
4009 8
5317 4051 46028 58762 2972 67898 22985 27632 
4055 8
61418 71173 6146 54931 11607 40471 15881 73752 
4935 8
20003 28446 23822 12474 8401 54770 54068 78776 
11665 8
31565 65602 65437 18453 46750 73983 19770 44116 
14352 8
35105 43425 34597 35527 51012 18375 44995 60045 
15852 8
45316 42423 79508 58895 57029 13509 62916 23468 
20574 8
55037 72039 37782 38794 68853 49943 1036 12639 
20699 8
24216 63319 18678 74491 26781 62213 25486 55959 
872 7
2540 259 53471 57331 38299 54504 4665 
1360 7
33364 18094 31888 46717 73158 32319 40595 
1548 7
10439 32661 42622 78843 38666 25685 7614 
1962 7
54533 44453 10250 30525 59622 32554 56942 
3321 7
44565 45975 68703 67196 27175 27062 41006 
4229 7
46589 69667 57796 1801 28610 56951 43379 
4449 7
79388 54921 39707 13815 5810 66711 77364 
6235 7
18264 20025 46114 24402 10772 78680 77877 
6511 7
52350 65913 42405 7332 48863 45013 2586 
8001 7
8748 44730 40816 16986 60875 44824 46914 
10322 7
43531 32063 73532 6477 66355 24636 29667 
13387 7
64244 18371 26819 9944 70962 54326 6739 
13827 7
44923 32172 4865 18960 35948 66933 41327 
121 6
31715 992 29012 71919 1766 22054 
172 6
6504 63803 34738 36675 38314 26018 
976 6
42330 31099 74232 30151 58885 1225 
1033 6
36864 46200 47770 22308 57461 37905 
1442 6
36623 57646 59201 19326 52503 8340 
2241 6
51608 27055 27570 22298 79039 67578 
3572 6
9663 56192 76888 27052 7224 59266 
3991 6
57419 55258 48500 56904 19042 62008 
4174 6
61493 78363 3568 60285 64955 65318 
4338 6
74698 74811 2394 47425 60620 48809 
4537 6
23788 57615 3850 76677 64916 74626 
6525 6
65766 36011 4793 69595 49316 68457 
8281 6
78316 20272 44771 37923 66968 16455 
13518 6
61457 48865 75772 63705 13094 51276 
14979 6
36834 54468 79073 12681 12353 22554 
16645 6
30720 4821 17490 34091 35781 6773 
20910 6
11310 12312 63719 17712 16911 6090 
159 5
18188 22185 23849 53429 66879 
465 5
47353 46846 30754 1625 34691 
714 5
34568 65556 78684 53651 48883 
2461 5
6254 26588 25057 45055 13240 
3931 5
46570 78813 56209 61692 7302 
4227 5
54572 72005 57832 37798 21566 
9966 5
31199 35299 67492 6678 69611 
11471 5
51857 73933 8628 26229 2422 
13291 5
19815 58848 64174 5507 59924 
16077 5
49625 359 41102 59536 57895 
18516 5
10525 5928 68176 18313 18004 
19 4
49764 42081 72448 44551 
149 4
19969 17832 13211 45605 
1197 4
53733 20028 68331 32662 
1332 4
11723 63169 32065 4993 
2129 4
27977 57248 64703 10453 
2513 4
55850 12798 61352 7069 
7454 4
65849 3396 28260 8358 
13733 4
41338 69016 72568 13991 
15503 4
6042 35176 70784 22415 
17985 4
33701 53317 5963 47777 
18308 4
45244 25375 55821 7115 
1127 3
15713 47272 25282 
1681 3
42100 24459 75751 
1683 3
31685 77700 26195 
2795 3
58810 30109 10061 
3610 3
28232 78612 59921 
4284 3
22456 46853 50323 
4432 3
40934 75021 22436 
9490 3
14808 28724 3293 
12539 3
32828 37192 25923 
14821 3
40294 72635 35502 
19558 3
75441 29549 30005 
53 2
12586 25951 
1118 2
17782 11684 
1148 2
40129 35277 
3925 2
10729 51546 
4189 2
50130 45371 
19358 2
66637 64684 
90 1
16373 
