11
7999 115
22964 56651 73930 56930 283 45407 24322 65687 22984 59308 69663 39754 75263 66325 24345 85543 97691 36850 14299 66056 72403 44228 65615 13260 23684 7615 78882 35014 26240 94911 37666 15352 33268 13680 6697 80589 51926 44036 37827 88537 77435 74171 61469 61989 86975 39067 58094 65999 43118 65134 79195 17842 57775 76352 69465 22067 90500 1150 88352 32877 29417 402 71944 79244 68979 96797 81080 85739 14719 22585 59863 49313 83765 94702 7240 73199 45656 46172 97568 53880 57888 72877 2468 46560 63381 95937 80860 20444 16851 60632 13434 63875 12465 40800 99521 79712 78373 12881 9801 25900 1291 1826 52046 85822 353 42248 17436 13219 8061 11982 31119 44117 61117 95258 3837 
7692 99
3865 82154 8589 84748 36604 12405 76100 3948 4860 54256 70509 66225 92029 28418 64033 67806 76213 93643 24916 47662 84854 13673 25466 4436 13090 15559 13037 26734 76535 19655 7048 96538 75391 15356 67346 63048 70562 11376 33719 21273 86528 36342 65020 75899 57605 87262 6291 36145 27943 20492 60896 51168 40982 44787 76970 41576 53250 97316 40475 71499 85138 29801 67250 9546 12071 6315 50794 67138 40864 60711 90551 71055 92886 23472 56270 64861 26290 47697 31337 40439 56121 98175 5998 95229 39898 19382 13473 10267 83152 54209 68684 33280 58797 18016 71183 40259 45349 63984 6644 
8563 79
47977 76968 18232 30271 77228 33617 67043 39050 42503 76926 55170 42109 53929 13049 68119 73493 74620 4106 50663 21343 54075 37412 69747 69326 91987 88493 80766 95699 82683 61572 8312 67658 82259 8690 52089 58580 30098 42106 8424 96158 10374 59181 64481 18227 94158 53355 21865 19735 47230 88308 65204 82107 26858 7726 56174 21282 98061 44092 58504 1561 45456 39911 83124 37361 35281 67377 44596 26448 80519 76921 60229 15165 15770 4463 13525 41457 84822 80779 31049 
6532 52
97673 91949 84833 360 65713 21729 38970 64618 17012 34047 72459 37880 96140 60355 26122 532 29055 70372 30191 83526 31025 460 85047 11981 44986 62190 2134 9752 42445 44557 78306 75105 86504 61933 8370 44477 77620 17469 30641 31877 96470 11312 30870 50887 68599 85337 7970 11239 90153 43850 33353 520 
3315 46
8266 36040 72199 97035 80343 84374 8430 56194 78504 67251 1009 10045 53430 34266 48552 53320 97220 13047 74286 13421 52957 34179 9186 97929 51736 67339 67628 68007 82978 11283 88593 26895 47785 24195 49910 90583 40772 60472 17038 24413 63883 84228 15497 99113 3054 5152 
5595 34
52713 81439 30356 72155 38934 48465 91455 32627 90678 90324 81266 38075 26911 26640 77997 8127 71155 28554 74230 10338 21450 93275 80274 99579 78418 19865 64210 87824 85037 29955 65173 560 47208 91109 
5296 35
91117 58619 53739 69355 63311 38068 47894 45235 70110 35234 41809 77399 62747 30363 25942 33269 47669 44069 41829 95858 50327 56719 20036 99031 29278 9994 29779 83502 97790 95632 34391 86156 17181 4652 63595 
722 23
20981 79612 17367 98844 88310 5165 45588 78566 27516 97454 56899 44713 87119 87956 4522 38171 96690 4382 82880 19707 35216 2245 58690 
1066 18
51866 93676 33643 67034 2081 52497 76337 49949 24187 77588 81131 19027 30547 54954 84128 36529 99218 89637 
5607 14
71367 83734 25107 64463 3520 7332 15013 49603 13781 9060 82949 40071 4586 89382 
90 6
59523 69178 7494 98606 11095 2679 
