11
6817 119
64900 95835 1154 56675 19795 75653 42610 28995 71770 44998 2811 44618 54976 24352 9213 14623 4884 26993 1615 53367 15843 22119 4972 69535 67251 43186 51231 90079 44843 59239 53659 19864 10801 41792 54368 33487 69686 52649 93608 20909 66087 67024 20705 63547 99365 27413 45870 74730 56404 17328 3232 38936 82275 38205 51410 27580 79652 50937 2353 89336 79310 61557 43820 25614 73516 69671 2877 81461 31877 13464 95911 5881 16011 95263 42702 87452 52222 35780 64280 40140 10568 21545 38746 87352 4055 65707 9445 73558 16455 55974 82741 28414 48023 33897 75676 64930 96367 81548 7139 77790 2332 84561 93005 39241 69219 56998 21365 27824 75654 47905 38726 38818 59675 83396 14878 16432 56861 36113 21172 
3600 98
28103 57925 68105 75077 98597 35932 33986 37759 97527 95209 61313 92736 16610 34028 10353 83385 26078 72989 62600 58765 53472 49716 68142 14338 79124 95986 56284 45653 39267 82128 51005 86274 54830 64959 76370 369 74433 57870 8337 98714 57735 57595 71759 68311 49940 49098 56760 98674 20057 3977 81614 27246 13235 67474 52616 90269 1817 59193 15344 77686 52906 45555 30424 22790 20767 77626 95930 63688 34191 49615 571 56630 56468 23378 33924 63956 24741 92600 8839 92082 72780 74640 42739 57699 92423 3169 19174 46768 70256 31941 30177 93380 23588 5942 23556 14084 87273 34646 
7999 67
2748 98371 92525 39020 71449 199 75936 94592 54590 15526 65505 104 25520 33946 16114 51565 68435 4004 78122 12096 32429 5326 72678 44983 44020 3868 51081 52751 61918 73362 78690 93789 6342 83535 33893 90234 68999 69140 16159 49360 93669 32393 16209 32731 60902 62726 50989 57914 87317 13019 75545 31621 261 2111 65813 63575 94841 60199 81821 64570 4664 9928 78055 53487 61279 26293 44321 
6450 56
59980 49273 39669 27995 80632 82386 9485 19030 40206 82262 24191 97760 72142 8266 70216 83128 66554 738 632 95610 38511 51948 14627 55735 96817 40785 25372 5539 2541 11773 7362 87810 8021 55201 93156 48297 78221 24299 33882 46992 40742 80336 48691 8166 19276 37264 75221 17364 25335 65117 83171 75052 39122 87565 76615 73612 
6356 61
87930 82173 99536 9754 72014 7774 51289 40831 31361 21355 85474 46226 95234 95644 53205 93439 99579 80566 31203 85532 74432 95971 16695 2980 80379 43143 37472 81974 45151 6761 30332 18560 60408 14966 78183 10746 37377 82396 23856 61747 51483 13699 41958 23392 31351 74627 34857 78008 73844 27274 73709 64092 48019 43568 2703 88570 41658 44288 15800 53879 54077 
3012 43
20416 28482 56026 59557 69230 90947 75226 15634 91597 24654 57960 78822 63364 85337 67753 61048 79087 87196 343 76745 55423 79844 19874 97028 27221 67133 28081 69334 15251 86863 51290 16499 40398 22613 55438 37782 71593 81049 5276 14720 14969 18379 82256 
2942 34
66793 70628 28022 35930 6948 86356 82146 83736 77374 42805 14832 2173 49278 89996 86410 37737 35604 39519 63071 33021 73922 12695 15473 64708 85074 98318 29155 13614 12828 60762 29507 70568 19467 4046 
1994 28
48402 85890 62526 10461 91036 56485 36043 33359 27335 72039 75938 80024 96923 81561 97093 91391 62383 52647 79940 6389 74690 7084 53343 93468 2784 55129 86466 74548 
8287 15
78761 4351 7945 84260 90188 80189 80018 93114 48060 68955 54367 75245 59853 76410 31702 
7242 10
82588 78217 54592 60796 60251 13414 68420 12558 40893 12327 
0 1
69097 
