49
3755 21
14148 18196 65919 36113 72694 81670 55585 53122 7051 3601 55049 86362 95808 41945 60234 7368 28899 34025 48192 56659 7352 
538 22
11104 79079 44910 88660 17495 79950 15949 98029 93584 44263 12679 89556 52727 79830 43432 11654 63857 56188 42019 13614 70816 41692 
8690 21
22091 83450 90870 13781 76335 15628 50043 61396 1276 60823 54843 29400 3355 52860 4942 33088 40835 24795 82813 35553 72945 
7999 19
86518 15484 73555 2866 97544 85053 16235 86356 20076 10446 61289 55268 86085 28971 20072 15499 10486 39208 38819 
10534 20
78832 54812 72235 95178 12878 2623 75697 60475 70104 42525 6147 6564 44165 3422 69548 41653 51721 63043 46549 56292 
255 22
10704 8267 58213 41406 71671 19570 88231 53448 98617 17502 91441 77757 18367 9812 16969 36138 69735 69836 97564 78124 13640 26526 
2004 20
51506 52490 25029 65102 72288 66035 9445 47499 83705 41042 46703 26596 64380 21195 54523 95238 7534 16753 52480 95502 
106 19
23836 6381 88201 7630 61283 62835 64409 61718 61487 92775 40972 58482 55706 62536 81165 7265 85685 99905 59798 
7215 21
3513 34825 18757 35212 82297 31728 66376 5357 21782 63973 44235 35323 86839 68647 28122 42317 49537 64124 31419 61650 9758 
747 20
1423 33695 22833 53547 78989 64706 30482 45025 95005 2087 23736 2537 11975 81196 7277 65122 34324 95869 85714 16903 
6437 19
7182 89196 83819 51659 99081 99335 43333 30835 78146 19630 50636 11241 23032 94667 16470 69158 24952 25883 31335 
48 19
4002 50877 78971 67911 7543 62080 75907 1427 1275 28904 65340 92386 38573 59725 10816 55648 35195 32828 46607 
158 21
37388 80650 97800 43496 86868 45579 16755 47340 52158 19746 8429 99385 62525 77246 55649 63709 21410 29021 6636 95764 5680 
4975 17
44176 86718 82680 28381 25954 11395 81603 4638 70855 87230 23570 29068 3393 21137 98084 1217 38345 
8896 18
40924 44874 25654 98195 86155 92309 79057 40571 28258 13235 49242 77206 83281 34086 64168 15818 77215 3472 
1148 17
49081 11637 1238 81745 84955 42290 53743 79024 50201 93697 50569 4180 63419 72545 78621 96599 11139 
7744 18
38209 31986 50226 32273 50983 4077 47625 29881 39164 53532 5917 60918 40862 62341 97031 73403 38058 10758 
8515 16
28924 7028 61690 56700 20863 6514 67182 72224 66067 20711 28642 52233 74645 51724 52657 13932 
10615 16
71026 69831 67981 64429 16114 83556 94472 65661 32876 83103 8136 80776 90871 84580 20740 92991 
9189 14
90141 48962 78830 58811 32827 88924 22099 74215 36199 57102 95540 39212 11955 45378 
7575 14
23940 76948 18882 22115 58218 58281 60030 61801 85508 46691 32931 17222 38803 31982 
2174 14
98830 70232 5717 20462 42632 19786 7741 67604 21562 1874 44990 18935 12563 2172 
3617 14
28040 83905 78212 44160 3604 43335 59003 8934 24877 30187 43632 28491 65394 47438 
10109 15
54762 5925 13162 79040 67184 25851 4214 48000 92517 61949 34251 71803 23904 75841 23354 
9792 13
49174 46282 59189 77035 9029 34372 65627 7118 56447 62616 53663 11 88773 
386 11
42756 57092 25367 47185 81053 6562 80136 60970 34599 28622 7687 
5476 12
96550 58946 7324 47656 45457 94524 27259 86710 15017 5077 26308 97731 
9460 11
49804 65596 7446 24982 60852 22096 30192 98050 66980 66201 24570 
11205 11
77755 15549 56135 42868 61009 31237 12318 48593 40501 36068 81383 
11364 12
61392 67084 95801 11618 25552 65961 32867 81861 60016 36287 88196 97976 
2415 11
25824 63595 21045 18427 60510 19712 71727 15193 40066 91112 73372 
2385 10
29603 71336 21822 55489 32914 19429 87711 58730 80044 17017 
3265 9
4611 2645 82087 36626 27556 73118 28588 43140 73611 
4677 8
61278 85156 22006 65087 11288 69416 89759 14200 
1325 9
73986 40322 75691 33163 39314 40347 52925 44547 73732 
11278 7
85836 36582 30487 41391 93470 59784 77973 
732 10
70279 89297 63628 16155 76685 55886 49592 74088 26307 85288 
10553 6
84168 7328 62039 98435 3643 22732 
8600 5
261 82623 98897 14622 86937 
10146 5
13218 38539 11072 90498 31164 
36 6
75621 32466 80263 4176 78979 30176 
5440 5
64206 27855 72650 1898 90096 
5225 4
72683 56957 56391 48732 
914 4
40677 17414 60763 4417 
2673 5
96569 69540 68275 88149 29890 
10793 3
1049 90935 28157 
3009 3
40636 69574 54805 
218 2
64729 58470 
1452 2
98862 61793 
