13
4051 179
96990 83066 13859 63049 96559 44639 5785 67134 25786 25548 45657 63621 92190 8726 2905 39197 52843 51514 70695 10322 18759 680 62417 11741 27290 46511 36339 9886 96766 14386 15639 72311 67140 13850 85998 25240 39763 38105 95731 15585 15823 61241 83892 87184 36721 9182 33402 83475 4295 11029 72877 63166 729 17834 94774 10183 70762 83304 25593 42044 73220 7508 99425 74412 48637 8770 58292 17326 50186 32720 344 62428 95485 4643 20107 71313 30111 53444 31990 50353 87532 76426 60208 47706 34811 9618 79604 84119 64774 20415 83412 95799 78782 32805 33489 1658 91374 20939 54706 35129 90738 22205 91205 24173 99727 78829 83781 36316 23632 16289 80577 62033 36893 34829 73937 11665 8711 12413 67835 86074 50627 77408 40079 17237 40821 21832 887 12462 92445 44837 80044 96951 62779 87374 69670 31805 88313 47155 95041 79777 98148 27061 60646 70166 62119 97675 48389 39851 99974 86868 39899 99366 73703 19052 39130 42476 92008 36351 53279 19780 97032 99689 32261 39441 67654 63344 85034 45267 54761 29277 45114 38443 17350 20185 55595 43573 58361 49298 15021 
834 137
50905 90914 99881 59050 55444 19063 52823 11464 76116 50592 56590 190 25392 30294 69049 3654 25848 33470 7738 87376 24774 45752 55126 34014 41986 22002 29228 49953 47397 38299 5295 18442 18672 68580 54312 33034 59322 25980 84188 14607 41342 77872 57429 3121 70047 44902 51129 59866 94925 95081 45147 48746 23707 39482 37742 8906 20665 2150 82674 411 63814 25534 19108 67195 49651 37268 31636 93817 82806 22259 56882 62555 69071 31633 93471 78881 28310 96095 7970 3209 80084 74769 75240 52819 59090 55674 86714 71013 1380 53115 33927 32975 86548 79600 78724 9554 73210 48874 32463 56108 99563 33145 11443 71184 130 4374 27019 83929 99693 61136 72935 28141 59147 56840 20318 98386 12147 87047 94078 82437 68718 99303 90157 65721 24167 54730 23170 1199 3043 69834 331 28711 30676 16068 37590 12415 46129 
3717 114
12570 74648 29375 43369 60672 26856 7329 39990 6709 13441 11427 38026 23016 35937 357 98891 59225 78551 80590 5316 39682 50665 59419 37383 33450 75608 68652 46895 37006 64631 86778 93964 97095 94337 18413 38571 6428 58004 33570 35979 20948 42926 94847 41843 18485 11640 59546 21917 61585 49376 3873 56131 35772 50008 28241 70515 17149 96105 55125 82919 95737 23436 65827 5612 31551 99104 42330 80404 49137 17263 76618 32904 55429 11305 11816 27458 80297 63845 45416 26946 55042 2100 72705 72215 72768 96489 43980 91235 55109 46997 87961 47887 37367 93548 7237 59740 69297 98938 82878 37979 32772 79478 59771 41061 67677 53284 87137 21224 78316 32396 75841 75613 44104 41082 
2434 65
8070 12609 81715 31414 9293 31989 62036 22087 55311 68850 31471 74053 572 87375 21200 60562 28802 42325 38561 83586 78573 74893 57878 8326 72631 60801 1950 30941 87864 41698 24965 26361 69596 54576 51270 97691 9822 91209 93356 11823 48799 87400 80293 79859 20383 98432 45777 16058 13591 14821 65771 83139 80646 24451 5489 17962 90963 34855 83251 56336 83773 86838 23294 9381 67733 
2831 81
67222 77432 96939 16585 14598 9096 16244 83878 41534 85386 86701 6779 4684 91658 5448 28240 48998 17536 32837 10523 3212 76685 47293 36041 72666 59382 23747 69668 47549 58978 39624 60988 89091 95079 31080 31960 37473 30014 32922 48869 47237 14078 85407 25433 7465 44329 90410 62220 30205 14738 93892 59332 25765 90072 13624 48498 90095 56051 26598 61722 82522 12515 83321 4453 71304 45876 71028 94229 1257 56215 17551 37922 53123 99109 53711 7864 10166 82421 96564 76159 45441 
1305 62
73954 49869 83014 81806 24586 40218 68207 16738 14734 84696 96433 44095 83837 46559 38217 41631 73276 26877 69492 69232 26101 33292 62204 57291 45156 87033 55872 99064 34620 12137 48257 59086 52771 56074 81249 7784 37438 15902 72796 5972 71309 90915 49746 25824 27296 28492 62951 21659 96475 58032 98998 11662 78248 49724 91346 72188 96187 25343 78863 33249 14837 28977 
1410 42
62656 78770 97746 35729 21610 87923 13582 9476 77947 91991 21746 96318 83009 39093 68525 65881 13706 69615 47853 21072 43584 80883 39144 30271 59495 75966 71586 43081 32489 50379 98614 35418 83232 96206 13890 61285 71211 72744 23539 97861 5778 55131 
2891 32
702 26238 4963 33241 52135 86275 30247 74643 16104 10656 42697 46359 15152 24776 20155 91373 64749 68846 97241 1324 81659 96727 81771 51239 53535 39832 76466 56423 96567 67645 8418 90115 
2978 18
87396 63993 50823 7210 85550 87258 6031 55259 55206 29858 6671 87695 99754 77002 86486 45070 84933 9630 
1856 13
98777 86697 72619 71161 41745 61183 66686 48915 81452 9251 62865 86704 41756 
164 8
29093 71779 68451 49271 12793 80554 85053 88769 
1516 4
71610 68181 66179 87990 
7 1
15083 
