67
15181 9
59339 88428 89745 4398 17581 2405 2362 91206 8357 
11964 9
89087 25085 22152 80437 50407 52128 17304 14496 76494 
13735 8
80373 76445 80144 34223 78660 65214 87997 6529 
9009 10
45601 37811 72893 60953 19545 3495 53334 87633 29941 51033 
3840 10
36756 37331 68195 60881 14274 79065 64992 77937 76216 82615 
9310 10
47153 47885 41991 25638 39892 86455 65303 43659 24441 40552 
7451 10
14009 92009 40321 33952 26166 65649 45767 14481 70502 82289 
3361 10
12821 30458 33234 32779 67689 58888 51938 73394 33993 38839 
6850 10
81952 52970 86128 28455 64886 35066 71950 52826 23279 14600 
7661 10
5843 45901 44439 35915 55463 49790 6857 52336 75586 38138 
2952 10
52200 5149 84689 70276 35113 35946 26398 57428 65481 81778 
5210 9
44058 34887 35492 73136 90836 21639 77122 42821 38862 
9982 9
81904 26889 20444 69141 17436 76025 86052 11247 44690 
11573 9
74116 44086 46789 70391 27932 90804 42497 90478 47258 
1958 8
73971 44392 53289 64720 30763 17077 57981 45571 
1436 10
80392 80404 74708 42754 56895 43370 56788 65192 19274 46662 
6129 8
57059 67864 24638 83386 87261 41196 3713 65863 
8544 9
16049 74858 59055 45273 63113 14711 82220 36713 84648 
8640 9
48425 67590 92995 1155 25990 39085 87840 38443 91261 
971 10
69274 373 5118 51541 86353 28725 20528 43939 60863 46166 
5409 10
18024 42503 88911 23715 70523 21574 38444 57188 68788 13961 
12263 9
13848 78781 49708 35010 23168 67185 45077 15157 66576 
12727 9
93119 81185 32949 56426 90208 92249 9507 54773 42677 
4239 9
54342 39149 33830 31896 5919 57303 52357 71069 50632 
6401 8
85145 5283 16050 54350 87441 46237 25723 74654 
663 10
58986 32852 36481 11827 25894 27209 74156 8748 52929 11713 
1025 9
63210 65705 47762 66228 23486 78366 42397 39855 37850 
13269 7
2999 21250 22570 79432 80440 21768 56069 
10074 9
68543 11749 46345 3423 31501 29913 59122 29880 71033 
16713 7
74287 68514 24873 46278 34712 79262 86986 
5079 9
11334 49057 2872 31507 48975 61955 62876 46293 46027 
1990 8
20309 41744 92052 13850 51558 50953 73695 29743 
11607 6
34906 87592 85135 8130 80716 80700 
13442 8
15865 4984 2172 3681 81643 30325 1442 65905 
3736 7
3533 92187 77951 18243 12270 13675 18780 
7703 7
50491 7458 42709 12200 30521 10130 48578 
9899 8
74189 6376 89826 76491 8303 79968 67294 82242 
4026 9
1812 68065 5705 83213 31995 64426 89331 15119 29096 
4686 10
71075 8504 70690 3045 10587 21489 70279 546 14943 47661 
9567 6
25443 69089 64473 85261 16467 33626 
16460 6
17139 11689 63594 23853 66563 12433 
3412 8
80018 60542 30542 67233 54039 19285 20491 20012 
5270 6
80139 58394 68126 34068 11916 51812 
16048 5
42056 72317 59172 25903 15952 
333 7
22007 61902 79173 56909 22368 18431 62840 
8244 7
17708 29778 85966 51818 70684 60563 54142 
4916 5
84482 89186 59407 26362 3032 
2494 7
27068 77797 78415 24946 77770 2870 33237 
3868 5
70459 73058 22986 52078 79751 
16866 6
39471 53001 59875 47536 748 37657 
6325 4
9679 80651 41993 35662 
7050 7
70731 57807 85389 65583 57589 71077 84805 
907 6
73533 36064 41654 44560 51892 32934 
929 5
34832 26966 79041 48074 33749 
9207 6
55509 21660 28393 65805 57750 81383 
8060 5
1642 18713 66869 43286 5879 
2688 4
31060 52623 31409 85625 
12664 4
17662 57522 47765 36519 
6842 4
79401 2388 84228 18239 
9839 4
7539 29201 4419 80405 
5199 3
34532 64561 84532 
2824 3
64301 59375 72251 
921 3
84506 70415 51182 
7168 5
45776 78950 75112 83580 8441 
3972 2
68477 24173 
2409 3
53493 92449 52456 
335 2
37056 84158 
