12
3768 131
10773 68756 10743 32936 83387 33277 34773 70679 46860 42721 2581 65065 51392 12666 61348 30901 29633 4204 74371 42273 18517 48979 21377 72457 49134 1192 18293 28845 49569 43559 10639 33114 56417 96499 77750 26680 74829 87051 18900 2894 13472 97024 57270 58054 88377 85674 36393 69058 38323 59634 20617 51431 69679 64599 86540 22323 85726 26341 92411 45364 31486 40796 56699 93649 80026 59800 84868 60503 77940 33381 19839 6946 16290 41118 49297 54142 74421 6184 6967 52520 17712 91457 93008 99257 13202 97959 11819 97327 21864 28654 69330 30821 11532 94941 56847 17018 87687 17856 72964 64689 15703 33772 62057 52081 94824 29187 21848 5074 45909 97046 98207 96809 90526 27046 39722 13465 15515 58370 33826 95947 48178 49265 92969 8447 4100 86757 54579 83945 29293 5647 42846 
3901 109
93702 83239 80249 22931 72443 11758 51873 53604 46407 30838 73236 21378 71024 45131 48296 76745 11261 85657 53274 46775 74385 27238 25941 44557 66501 54667 44875 24799 83316 25584 51240 74694 44132 79793 27066 36663 92749 52487 52534 14599 72486 1032 92654 74464 81587 61832 24474 54410 86875 83092 59526 43303 15014 16371 10970 40190 92774 86691 87907 77659 32226 49377 55349 71079 60224 54932 97868 76386 31550 59661 26398 95791 49453 84480 10026 40743 69088 24823 11480 87113 42714 94573 82447 63765 74450 63060 46550 16939 94140 21798 62043 66905 1779 24940 80430 57245 83512 69986 48354 37014 52020 1130 38919 30947 23340 32304 40692 5880 96633 
3658 86
19868 82654 22658 75826 28927 39403 99670 3796 24797 21655 73973 66973 16768 56663 46496 128 7451 32795 2155 40476 75165 95040 9346 91254 1423 33099 90156 29275 88096 8579 64008 71202 87838 42109 12861 49662 944 22598 54222 88090 68229 13291 94727 38945 74577 12891 81453 32191 61108 73079 14663 92520 97989 24094 88213 68377 12489 75836 590 8963 62981 70892 73813 17009 24179 8884 39245 3807 14936 91395 64452 39602 83740 5904 87781 52465 40857 93724 42497 7789 86660 33425 7126 68068 50152 7924 
2887 60
96319 19185 33453 37045 11917 29948 92385 85520 45064 23869 75674 75549 51075 14506 93776 56975 16259 87185 58324 8436 60821 11511 2600 56404 37108 3844 59480 71097 47076 71535 17986 49815 56517 3911 44478 28324 78259 60244 90858 50411 33818 69910 95106 42327 2762 41854 2335 47838 22944 54379 99628 61913 3836 49214 8170 3939 53515 43123 69394 93997 
2856 51
87248 95125 97855 535 88061 36473 32880 1142 93709 66381 49666 42586 34152 4838 78662 21423 37474 59539 27230 54526 31837 15676 2669 28997 79589 18163 62762 42352 63696 88003 70218 28655 70052 12325 4643 39461 2577 35584 10427 16550 97831 5657 93983 1842 22365 77515 31443 13473 86324 26621 10798 
816 45
13844 57520 54458 82714 66498 72286 59494 89359 73132 74761 88035 25715 46988 72290 84876 85227 84119 50375 8695 21396 50859 66247 5534 31267 31211 98878 30072 15850 67045 65199 80462 26243 709 18082 3657 81829 49840 10396 23141 9141 32222 62481 756 1604 1486 
260 42
69412 14362 64848 97968 57530 40434 39354 41 27734 25981 1931 66319 80765 30577 2970 12457 3543 47861 27764 70249 51309 85880 54568 40454 87751 32645 21606 1197 26808 87098 6473 76170 19670 72258 33605 85519 55126 49780 47002 45365 4633 59255 
4074 30
97352 46467 52456 78557 85994 60646 9002 38167 57862 65193 65920 44078 57089 70252 47877 6051 97442 51855 92260 13662 31908 21067 31875 60610 98605 17811 97358 43330 54646 67995 
2481 25
52567 83788 810 93694 71725 91923 43866 45764 16612 34894 59711 40617 24914 16535 15035 75915 83543 27786 37742 69019 42198 55239 44392 17693 59422 
2255 11
59978 72120 86460 54040 10329 91220 21916 70138 73565 91577 78244 
149 8
23279 80603 21789 13879 66336 8778 650 39670 
3129 6
52191 71778 14422 33278 38727 63495 
