36
5299 13
35896 69020 23336 45304 1491 35965 52633 71127 22607 37265 52718 33275 31030 
7999 11
27080 65916 55140 24442 31661 24112 30767 16879 37110 20411 71846 
1896 12
63215 49264 63699 35871 64042 60291 20666 39478 46996 44657 50657 35338 
2460 13
60307 7845 41499 46141 11019 50623 59611 75218 23470 26778 29126 66248 43559 
4536 13
59445 10550 8505 11375 44871 71460 26832 3019 62107 39755 23283 34000 29341 
3862 13
56795 41939 66773 22436 27283 41806 50469 40744 20906 6856 61276 43964 11991 
8434 12
57945 69713 29087 44302 24167 41787 50107 274 64159 74890 12633 10182 
5059 13
59907 23084 8295 51972 29136 43333 42118 10727 71861 43739 18661 31833 24522 
8792 12
52481 26489 36801 56134 14382 2990 53187 20294 6921 40997 36796 3827 
1685 11
35408 31100 19290 6487 48523 64842 56297 10869 67296 70598 42209 
7754 10
12614 59118 40800 46703 21149 70550 68486 75182 702 6802 
1761 13
43839 3415 38882 865 12923 45620 15040 14915 2096 52723 8176 41648 33817 
3548 10
26821 23206 1676 44447 27206 69536 50000 8460 17906 7790 
3181 11
20592 38555 72253 23064 64658 56032 13730 20895 59828 27210 74580 
5561 10
51503 56825 70384 21854 21989 36653 50634 43494 69734 53283 
4454 9
8071 33252 4645 42526 35806 61626 10943 74701 26169 
4755 11
8380 19211 387 57783 6149 63975 31024 6578 62171 32654 25443 
1024 10
59150 31632 45518 57091 37950 45397 70763 36275 27635 73551 
6549 11
51822 23338 17323 41605 44490 37032 45489 35458 18937 22294 3815 
574 9
11320 10309 39105 27447 13311 48083 10805 63291 37384 
1157 8
70220 37708 28177 31105 10651 37400 2772 16923 
2039 10
71629 69624 19984 70734 46764 29474 71207 64779 24472 4908 
7583 7
64158 17494 49910 56862 32360 35507 72756 
2900 7
27890 64167 59120 22115 56533 70784 66572 
5427 7
71330 10905 53021 22240 66499 70342 52890 
9074 9
70834 66298 13757 5781 72673 908 33931 15758 70940 
9350 6
59549 66826 67470 53738 17640 13266 
2940 6
1831 15469 61465 37017 2710 43195 
2903 4
17565 65697 54346 12050 
4618 7
45278 42202 34505 69412 43909 43329 39851 
530 4
26325 15514 28724 38541 
6296 4
52892 39465 42310 5199 
3118 4
11562 14421 10857 14066 
2543 3
15085 24363 16955 
9069 4
29035 67075 75113 1882 
69 1
7041 
