12
7137 124
58784 52979 39882 91398 98907 92302 53941 54697 77746 90580 63445 79984 46050 77069 42412 55983 73934 97611 86158 34945 70309 10292 38969 44823 53008 50547 16505 48195 20766 16987 83206 66308 50285 82665 28029 60393 45034 68534 96654 20287 65383 40552 74721 48658 48039 13243 81473 38722 45040 40932 30782 96109 70775 64993 75597 82230 53300 68172 36653 54662 38693 89304 41200 25472 72579 55653 10881 12520 22740 57019 85590 73804 74478 57688 27248 46463 7041 27755 55062 31552 64200 1344 84916 50738 55879 47319 2655 95368 74726 29347 88203 5010 98920 52986 51905 96506 8640 27330 95507 35943 72154 93393 27745 77128 27799 61061 68383 40200 49130 59460 9377 73791 87070 82810 18694 88360 70378 54456 12513 73693 3266 65469 25168 86651 
3920 100
19802 51190 68752 5769 6643 21902 9048 38209 51468 86912 56591 4714 5427 86627 48583 65769 37167 24244 19850 366 41529 28523 35509 1943 71473 58783 96399 90834 68082 86499 98930 54539 31427 46809 67502 22113 18042 69038 13310 95347 56167 99179 58828 6690 4918 39581 51404 78373 55026 20254 35542 42489 82628 59141 69903 62366 38117 15506 52028 79909 51536 17774 54867 56147 26613 61874 30869 86324 86232 78813 1880 33844 71302 81760 57942 41522 46667 23461 87244 87537 13681 51668 17195 31497 58309 88428 97035 18887 57760 84214 57124 63281 50746 84770 19203 25844 24915 39964 19587 83344 
7999 81
65898 32062 6135 72318 95540 80163 48593 51080 80247 62939 89438 23087 92434 62044 66260 66382 47991 59953 54448 1115 4640 22141 95655 57717 7986 30442 28793 48169 12277 50855 50898 95478 80775 15642 64464 96295 8706 14868 1621 96659 84262 51109 92318 62027 56375 74796 43466 72933 17533 19741 10073 49863 17039 40207 44017 46284 55126 1071 28729 67520 5949 9775 17732 99916 55163 56657 88996 39876 9528 25115 91865 59542 12089 97982 88572 34952 85512 79549 8425 71263 79083 
7410 54
57727 15953 59633 56810 59781 32629 98466 25444 57333 32539 70362 53393 91867 6339 43024 96042 21190 53273 23162 35042 31682 76536 57501 75753 75536 2625 84001 51928 39554 9608 17294 84264 88098 31734 62634 71943 32447 86530 5099 3565 36717 50723 77146 59600 68289 33088 41250 74527 83432 3786 65274 46839 30161 14924 
6059 59
94022 45276 51504 82646 8458 64346 46492 43257 61903 58648 92435 45149 79315 4809 71322 52596 89538 54184 95291 55335 16719 24412 18066 44360 36941 70111 86501 76537 51015 27715 50254 63653 42881 325 79291 74118 24136 37432 11880 85679 78560 67560 81073 81080 32565 64891 2150 88965 65891 84890 14564 59350 66535 13127 31292 31620 10589 21136 2352 
1770 51
97032 96390 91429 73425 8375 10299 89359 44790 76456 58681 29771 92332 99636 90743 69960 85457 46745 93676 72142 78153 82391 36539 33206 80506 40870 82215 82401 32831 72830 5423 38180 59893 79319 69612 25930 1308 55903 2202 3700 31893 7958 49804 10612 53815 87501 26167 40713 66388 48004 82412 36989 
6610 34
89064 85606 38852 17838 71583 17725 56600 84684 67259 51990 25305 74979 38156 14274 17826 77270 38565 21105 36351 61836 93795 68679 59051 40360 26580 78210 29220 78315 11118 82167 54855 30222 7292 1924 
4110 23
65565 67598 26810 69211 89962 1378 97773 17260 29938 23844 58978 41276 29499 30130 83400 56627 7459 79296 54740 57453 32490 95619 45246 
3545 16
16580 30827 46863 17610 43090 41034 58652 18850 50309 73404 13306 56789 32065 33216 4505 97958 
5263 11
97421 78915 74586 59194 44133 53324 81971 28828 57997 49253 63198 
7012 6
91703 28265 37446 25993 19730 38027 
196 3
54393 33739 95065 
