36
3893 13
83390 71943 50684 88390 28580 33932 28913 12014 33844 98623 42421 65816 93357 
7999 11
67613 50026 95126 296 70640 68351 32895 29226 73975 5155 64501 
8966 11
60977 51826 66105 81604 89512 64514 79117 58871 25755 19063 29487 
676 12
20905 40688 63474 11189 66317 78484 14038 61570 60836 10026 61502 15834 
981 11
72381 30778 26500 85156 71716 99176 5007 29232 85661 47567 24285 
6292 12
33751 55177 42089 99712 74136 46036 32604 70237 21044 5885 90395 16383 
1270 13
79777 90664 85018 32995 8656 99099 64416 75572 70027 98954 8389 28868 94107 
1499 12
18936 97449 50696 92938 15248 94774 17310 50353 19385 91191 46760 93911 
10979 11
54661 95172 52208 96350 86586 66549 73293 77046 62665 79896 21744 
1431 13
48684 44160 25959 78947 85341 60291 39173 44074 46744 21628 91653 61459 98923 
4965 12
77241 88078 10202 14160 10286 61181 91300 58637 20778 83197 2629 46560 
6075 12
52425 92168 16177 17038 84822 28715 21111 80540 56330 84173 6736 52706 
578 12
11520 74942 7243 91121 32695 83704 42959 5138 48525 58815 54959 36001 
11029 10
60659 84138 79615 506 91573 37950 81895 88455 59536 20234 
9743 9
43238 19412 70643 88648 59392 96711 32464 60417 22705 
5989 10
29203 43695 57157 9854 18001 66388 75867 2436 9652 23417 
1336 9
10382 81607 84633 25553 13463 36793 39967 85893 57959 
2084 12
45197 64378 12062 28725 61880 84328 91557 17884 77465 72499 86833 68199 
454 9
74409 7252 13374 21627 77896 57571 34821 59738 25492 
3574 7
28903 61677 17659 17007 53083 61605 75114 
9512 8
57253 37915 84496 96703 45674 22072 97100 42225 
6771 9
40008 83503 13065 80440 17300 80337 54902 62674 22041 
486 8
75835 64692 26167 55369 11631 34325 2704 16262 
9016 8
48271 26795 85817 31308 53050 99211 67593 823 
7510 6
8217 56588 2174 69178 26608 83310 
8476 7
45213 55638 17171 64774 6835 71363 28464 
1508 5
44631 36224 75497 90044 87972 
11147 5
2531 64455 27873 35986 39667 
1553 5
19673 67806 21076 1590 52076 
10713 4
34369 71598 58753 37293 
1886 4
73169 90216 61529 84196 
6772 5
68841 85541 38261 63590 94571 
1287 3
69683 56182 65266 
132 3
96525 59444 24206 
422 5
53353 57926 86970 60884 54772 
6 2
57608 41634 
