67
15181 10
790 40662 78725 53660 55843 10997 62279 8881 58637 42229 
11964 10
62164 29554 26638 69435 73138 83207 40978 54417 46021 25624 
12854 10
45030 65327 19849 51252 76969 16051 84776 60713 26617 53822 
6147 10
37928 34541 25977 75462 57 67012 35991 38814 74571 68137 
1797 11
64973 20016 81173 43215 40501 9555 33918 24245 42940 69829 50683 
1664 11
46218 21405 81443 63276 17877 79315 84969 50980 60444 23304 58572 
1246 10
26736 58689 83566 66923 80337 70404 50528 67024 41919 39568 
9430 10
47577 48525 47675 1921 52369 32024 68197 48921 30753 51414 
10501 10
59460 34779 26422 81333 62270 22664 45220 40074 8435 56359 
79 11
77722 34190 12718 42638 67310 75540 50438 76423 15763 3246 40331 
3754 10
54894 40163 32805 56861 25549 18514 46454 78330 5037 52959 
2861 11
43890 73639 80943 42670 1291 53730 55160 25552 42590 71225 79283 
10987 10
6688 67379 81886 13631 21873 6188 18176 10044 24676 71438 
10937 9
29524 55001 56487 37402 70690 77022 30292 74967 73002 
1677 11
10843 49896 67594 48276 39165 26382 84184 68808 74654 83833 84418 
6754 10
54949 82764 55796 6378 38183 57562 23627 69889 78247 22778 
18043 10
8721 16999 31949 28011 84621 427 50863 74835 7862 72185 
2377 11
9713 24341 4174 996 7800 8810 3664 50171 31240 27886 25092 
13980 9
56825 67877 77784 4408 51391 23533 78474 44520 52502 
9010 8
55182 42543 36900 39369 40692 77388 61052 2648 
2547 11
35156 57482 42911 4963 75705 27465 45342 58510 30551 78209 30917 
10476 9
45366 81380 52344 62398 71861 38087 71817 8217 52202 
374 10
30323 19663 68908 63125 29703 16550 25559 10282 54841 82556 
12708 8
73568 80053 16397 44641 2715 36454 73979 41084 
5559 10
33379 52994 58137 59850 82674 48666 22049 27672 79412 11045 
1287 9
39650 27811 18691 5907 625 82264 81489 72523 84856 
7162 8
38350 81238 18462 77661 60835 34539 68801 35630 
2769 10
18334 22595 49587 46309 40603 21476 39886 35137 67537 50641 
878 9
65161 76807 46473 50063 37779 50852 84346 7764 11067 
1457 8
56799 29835 27797 52058 29026 27890 46706 35057 
4924 7
3059 7981 39563 40301 65490 46916 80191 
4793 8
61043 19368 2525 78555 19833 9767 18353 71546 
10418 8
25834 16695 63341 33024 48866 57710 72264 29583 
5404 6
56092 36876 28408 763 52901 80266 
16146 9
67280 64450 54407 8175 77357 32004 83655 20924 37526 
1443 8
24393 52434 23101 41137 56556 15050 65376 79335 
5868 7
1905 25341 32780 81177 52343 53398 5158 
12519 8
5402 64184 63289 55274 29318 71368 9296 34614 
8526 8
77580 15985 80982 17075 20464 68981 58132 8563 
9985 6
366 82325 22770 37650 41367 65676 
1084 6
15549 18822 57473 77319 26850 72949 
15002 7
11540 34632 601 55458 63929 74784 57475 
15973 6
36120 16417 50071 57393 78805 24819 
17690 7
67892 25862 61329 55988 26592 39907 61849 
1294 6
8569 9110 2663 5966 24448 25315 
835 7
43242 2969 60848 25711 55965 37689 80087 
17522 5
43642 38871 830 38023 36231 
17301 8
56734 74523 3689 7415 11484 38115 82212 73084 
7999 5
25366 52864 36745 67645 30332 
10127 5
59297 66380 11211 39938 12274 
3781 7
65115 82532 75639 1868 8232 8482 28642 
2612 4
56492 32928 27980 854 
1837 4
12892 7323 82768 4805 
5266 4
47352 54823 74646 37999 
4638 5
62196 67714 83756 74094 16828 
11230 4
79858 46108 32340 57751 
8836 4
11760 53574 81257 59716 
16028 3
53065 68442 15592 
8521 5
52646 31041 75651 77426 43617 
561 5
15921 26840 60993 46373 20760 
5576 4
61167 33113 61278 15361 
2206 4
41868 82830 64405 6122 
14524 4
57208 48181 75653 68549 
2788 4
80914 4270 31848 11206 
1163 2
2811 77619 
1660 2
9222 48165 
182 1
61304 
