11
2550 207
231 33380 20344 68022 74390 83600 96810 53710 35953 94391 20491 29225 56830 91471 70294 82854 81786 39027 84132 14657 54965 92858 16196 66700 74733 26267 55256 24367 16624 99332 70581 27098 18471 82438 9690 29643 4959 27283 29710 18084 95717 36308 41009 81475 82184 77128 82821 67247 70929 94809 2207 49696 10827 60406 90713 46020 80862 1841 5275 14915 55071 62617 83764 83874 3026 70726 96531 41282 29146 48793 26813 48700 90616 52670 23802 5589 23449 46385 18539 70740 54802 8064 59815 79258 63140 26094 18692 85925 68412 52271 87834 26969 84388 42483 88630 8316 95443 71331 39440 86849 27207 69925 47098 22312 50503 24236 1487 13220 41318 26047 12183 25068 91367 49911 79780 5486 51866 73734 39357 44011 98748 20362 11176 62280 49907 11412 71294 40727 86062 20833 72467 25236 76946 34253 97717 31113 52277 80528 2756 86931 50956 3284 87904 54620 57695 51373 29497 81335 82744 75517 70194 71482 49521 45373 95660 68507 63864 8324 18278 28155 46247 55873 57639 42115 20419 26992 97146 47827 5095 94680 97469 53865 60390 54910 3981 84427 83167 84122 69919 43043 66253 96792 20515 28884 61318 52932 90739 79852 70621 90990 17789 51852 4887 10357 58580 42224 10854 40677 32865 82056 67766 51268 21902 72965 14669 41398 39237 
685 149
24759 29322 13513 85081 92768 78597 25532 54028 45336 93727 99150 19668 27489 10264 37731 47232 24176 56716 61975 92588 62297 38274 39039 46010 94994 74930 25745 15791 31290 56476 24968 91826 87985 32115 73236 39660 27871 93295 64844 48023 12440 43529 71885 16060 17093 72693 13389 33605 74582 57483 27151 38320 65796 81772 51807 8569 64486 85939 9096 34834 138 6194 66035 10463 80165 61074 50316 79811 60397 36982 16345 29321 6238 42248 39710 53533 73885 31488 56360 89844 48058 37356 83944 29427 15455 93388 77456 84633 57313 94102 26154 95484 8855 32689 37266 37841 76262 70277 45249 73387 89300 34600 22066 55133 73095 55311 85944 3952 32907 12687 2631 62522 6626 69505 49081 15288 3614 69748 45713 97317 76027 29407 3118 75894 19337 9656 41772 20435 28958 59762 64445 69686 53663 26743 72360 38588 24061 29271 26569 48723 84844 35634 24246 54418 45425 15007 71256 40576 14399 
3167 111
82948 44156 74579 82996 57543 7748 58111 59872 43512 78566 11011 50800 31987 15715 83843 65828 46865 72146 8185 31274 68386 26249 90838 50151 28414 13004 30165 57208 87214 91638 86612 86160 49937 84252 11295 64508 90249 72354 64625 37171 40984 10731 14471 3521 17450 41470 13264 16837 21579 66757 20961 91474 29862 76070 38439 16745 17029 28439 69676 89279 5815 96127 82931 57438 27508 35462 20698 24585 25828 42759 61469 42595 75747 30158 46885 26734 29550 39697 44239 69472 31333 34964 50506 24132 18073 11841 67399 57320 28250 25282 7552 85671 25056 71518 65776 75699 65668 19421 51534 13817 91392 50425 37783 91413 33572 10696 65875 53456 2953 49228 79132 
2300 69
91004 53427 24714 15298 74349 31081 87709 31458 57767 90789 51445 63061 25203 89158 53264 48631 58250 40480 59123 20593 60212 58498 6807 4510 17349 813 20409 11361 57491 11915 50543 35952 32683 20588 19383 63734 27270 99065 30574 88042 10467 15514 36960 35860 43971 13782 68171 74981 72233 58434 24150 31698 64558 22754 84599 43465 40616 28185 90110 27194 31500 95935 95988 67889 43830 16603 53298 2813 39418 
1641 70
23943 89033 5224 22148 20904 34683 49661 61649 10959 38758 17444 91301 83455 99226 71026 74666 73659 73318 74418 9552 57440 54756 78169 60513 20900 72166 24273 3838 83039 34232 52001 86498 45672 28852 20005 34431 65979 60625 19690 55262 46777 49665 21137 26276 30474 72571 12544 57916 59951 58148 64481 66323 81948 62219 14467 67696 67042 43985 71604 72625 19489 9405 45454 38031 87576 75437 3802 36302 84504 59549 
1931 45
92376 28914 11542 32189 89236 16306 38550 85058 43744 14487 21024 35717 60098 70184 29583 76260 85416 56852 35329 36623 40464 93982 72206 54684 95881 93011 68783 82824 72436 62227 94746 64961 62332 20276 10500 3663 36239 95505 94702 31865 99465 49155 13645 8070 93624 
4677 32
49337 46052 46962 98212 61413 4827 48351 39885 27423 91886 50080 11423 1306 99832 40546 52426 16621 56064 83778 13915 22950 25083 66565 48394 27057 5108 99707 53752 47306 67039 30716 77822 
3547 19
44697 64058 54017 93400 21159 9117 95006 98438 39177 22729 11022 66147 35544 72777 20368 20220 80677 76840 83337 
584 9
86949 8991 91639 29358 71188 19852 27664 58770 12609 
3941 6
58243 39874 25643 9702 86512 23519 
0 2
48685 74515 
