34
2876 9
22395 48547 1695 9940 18990 61045 8462 73795 65306 
6932 9
71064 32068 24499 71020 38568 72317 66901 26248 68081 
7999 7
54520 51191 32388 72675 33439 61233 683 
4927 9
53119 3912 62236 8550 44835 67542 63312 53963 46636 
5002 9
14149 38892 7066 75482 58224 3834 56129 14662 41012 
11964 6
74583 58199 26636 24786 2202 26538 
1303 9
38725 75850 25481 74155 59228 13338 59031 77125 58451 
954 9
12093 24648 15458 13491 70204 40783 70078 57023 24436 
7692 9
42170 41247 46098 49804 77009 45284 39846 15119 49347 
5316 9
28534 67239 37860 30949 49686 24906 11012 5370 38690 
1308 9
3060 58280 73848 38046 48436 2731 57836 16769 26315 
3520 9
18476 33783 10668 40884 72265 64729 46189 26651 32166 
2847 9
45326 57190 63344 58840 11242 44438 17906 51067 14639 
326 9
725 60086 37220 45880 39430 5504 75740 28140 17984 
4675 8
15744 76345 73815 56592 4570 64581 31073 67992 
2444 8
47968 14182 67826 27081 37181 67582 21335 75933 
7652 9
34119 20995 39480 20692 16159 7983 58506 51643 54317 
5523 8
60824 23855 17011 32595 3056 136 72042 3095 
5139 7
62548 45697 10660 30712 57408 13189 60097 
6482 8
17344 14299 34594 13842 40688 53995 19907 35392 
7928 7
58513 51948 73822 35699 22221 16485 62957 
6403 7
63963 65905 9383 47724 13968 44765 5223 
11796 6
24024 10036 52675 67021 20775 13982 
7283 6
73077 43008 31231 35562 30390 6743 
4272 5
75062 19932 72566 63904 10117 
3087 5
71598 59448 20512 4581 7280 
8491 5
38944 59451 59650 14486 17208 
2171 5
10599 40969 53191 59876 4107 
4536 4
48930 33095 8095 30402 
3949 4
44494 44370 33296 3836 
8827 3
62227 10822 10418 
1065 4
66558 5146 1917 71737 
2942 3
48880 23334 23246 
3150 3
31006 38670 65580 
