13
5113 146
92339 97244 93565 49119 44529 47433 82988 32785 19609 73833 9856 87573 68258 70152 45253 83181 65693 2359 12226 57606 64901 36708 88039 39404 2120 35493 19315 16020 7278 99623 27982 66477 54196 318 59514 50299 56211 79020 1127 96433 9946 7966 79794 60765 57715 28584 85920 53890 72418 63104 68334 81723 48619 18876 65325 89358 24354 28424 75262 46774 16669 18331 92216 88499 9055 38413 80139 32884 19033 12919 9447 46895 77491 16367 49082 7789 17413 89503 41485 40995 21598 14963 7397 24079 52534 11013 87712 11088 8626 30568 72381 66601 86916 1106 82771 3122 69071 14808 47111 47662 13806 55383 19410 41290 33014 83194 73214 38958 69761 67331 97435 93126 4347 8675 157 53399 39113 83817 14845 46751 4639 94235 5109 25084 52397 3796 81634 86930 75400 13522 11213 34965 95193 2861 11305 67341 89812 15294 6470 90607 2801 1258 46655 7674 26182 37283 
1479 106
34316 17265 95076 98190 75330 65151 88577 12722 21572 39978 2508 223 99470 32936 77716 61354 74787 79969 98681 64202 9661 958 63515 35291 40538 81891 69612 96748 40642 89427 45959 25244 41146 60600 30616 64 41076 31604 47001 36042 34144 24286 57457 62549 75490 68292 41915 80281 98032 37209 96593 85952 60876 17572 35922 39459 91699 38938 93819 59488 16274 21676 95578 33185 78140 8853 58402 39741 85436 50562 99520 63494 1615 14420 18074 47032 31753 97367 94252 86393 86874 26264 57371 43070 45190 15549 71976 66103 47450 39146 886 58644 63040 86975 6481 53544 39900 12460 33241 47256 77881 34384 98257 15084 20923 80770 
4138 95
48232 29457 73258 66734 91195 83685 75541 44765 81884 19690 85418 97728 66732 52124 77873 95798 45619 43216 9877 93396 69929 81126 95508 11197 76313 22347 2475 35701 43838 3614 93377 76595 33638 41334 39795 4495 4699 87063 46242 7455 94947 91927 40824 96042 66919 85065 61121 26955 333 33204 16425 30044 53936 24194 3748 21359 33004 63063 95520 4635 24362 43727 78810 10064 68405 522 70006 62039 91815 90300 33124 92705 31549 96780 86591 85222 72787 82889 30034 16494 20630 64956 41703 19041 56332 20438 54905 81873 4933 8511 75165 92244 26507 78519 79891 
1148 71
52873 66758 60821 29592 78533 89715 24949 95807 30467 77301 7218 24772 26022 99738 1282 92830 65327 38628 1249 68309 7658 5277 71425 42732 48392 19335 26456 85528 67855 71373 35375 81469 13061 83179 60879 34139 7099 411 19737 28858 94626 7687 1714 83853 69450 72801 64199 97825 94636 96768 93394 84515 10566 91125 39327 63860 50262 35368 42166 21006 57931 70625 81971 18148 12157 46211 51745 72445 7786 28418 75854 
1211 77
76387 30936 57105 77265 67170 61439 12860 63360 36476 70171 92925 1004 8336 85023 52963 46827 92027 15954 18773 21605 80161 23505 17283 10053 43816 77632 36752 92350 9352 94779 75106 95428 56572 15489 40274 46902 22828 97409 15313 49852 17439 90697 92467 11546 94295 29547 91846 92254 42763 70478 4860 12436 43716 92107 34531 86580 61335 5546 44927 1451 87213 90827 81003 90684 75656 18736 98181 725 94283 53960 81681 36573 71561 48617 48442 77414 27790 
1250 59
28368 79606 76695 80683 19981 66278 5496 60562 10842 15925 51656 919 66715 63892 65701 40794 44731 22443 17681 83073 59467 54437 64828 50404 82437 78594 21919 40763 89743 91740 70182 49634 869 33593 16468 47354 86256 150 19238 60318 32995 50663 36782 51994 19794 4078 87358 24565 48334 64751 31574 48059 38110 53473 17601 35379 86485 43364 96627 
6497 47
80955 36913 69074 49916 76899 12633 26434 38974 6696 38562 97358 21805 22039 497 39698 65008 44941 60195 42171 48 12269 16561 10624 69433 19349 47351 3981 33243 76245 93728 27254 98449 67515 98024 9543 40529 23471 62226 32751 43846 5597 41909 18107 53572 99285 32694 29406 
3551 37
42620 77520 97774 60534 83176 60911 38434 2525 29631 78348 33333 32844 63060 75345 25444 76525 26123 67645 59943 25536 82931 18524 41917 78129 38268 89454 98185 24308 36368 80431 48312 57425 65427 18577 17233 94168 40355 
2333 25
43183 54875 38030 64591 42921 88478 24625 1396 98916 68111 57963 89975 42754 70450 89508 69475 80704 51345 98482 28941 72102 12323 34860 22961 98200 
6516 17
56036 69973 50589 1363 49097 79733 43851 52385 49510 29314 27780 66190 72658 41820 50206 56568 99094 
3960 11
19635 22258 40249 20016 34314 68681 45071 93635 98046 89452 18985 
5212 6
32874 35362 73481 92408 10716 48417 
192 3
97268 69854 64457 
