24
3434 22
38071 52494 38724 53967 16287 22667 46278 25396 55484 31921 6415 71373 9705 4909 35746 56376 58318 6611 61250 25867 39675 57219 
217 22
61860 592 8272 53654 33213 56297 70405 5501 68698 52921 1878 15812 57909 70040 60221 1604 47178 55936 53507 28336 64608 63331 
8048 19
33551 46795 22153 19553 50650 70874 51573 38324 8479 61877 35328 20486 49904 71762 73758 42401 70000 14671 19641 
7999 15
61820 54574 11094 10247 47458 29632 42190 65126 60813 56631 4365 39431 13951 66709 63368 
1142 21
41404 4103 24876 62403 26427 60573 18300 37747 2533 17311 27154 62117 38007 55510 5745 73306 44503 22627 3195 56452 62604 
4914 22
40250 16073 4643 39430 15179 28493 61836 59416 39902 8913 74054 73555 39320 50994 64653 70115 67692 58122 72076 33117 47096 51727 
2863 20
36673 42222 1861 43353 23581 57203 26743 31437 7475 21019 66676 34598 13243 30781 47954 16392 46383 54280 19936 11968 
6022 17
40291 14662 28338 41509 69501 4373 49370 72512 41711 57246 26768 14692 1872 35959 20323 60805 62046 
5130 16
44117 22157 21356 33263 11407 75049 19019 49780 5364 29063 15366 9200 42836 37442 61243 28173 
10817 16
68364 5872 19363 20682 55124 10216 9288 28614 54599 21447 68962 37032 71627 2523 632 66928 
4212 17
29633 45543 28615 39003 51244 43938 71461 11498 60509 40338 33811 23537 35830 38385 21663 32746 46860 
2513 16
51070 3997 72034 4465 63462 32699 14674 50362 73347 31111 66446 40033 17077 65440 23451 7832 
8765 13
2993 61675 33907 32986 24192 64626 21215 5903 38354 31345 43802 69097 59643 
3905 13
22537 33809 23667 34650 23458 36015 29912 36511 20988 16500 72824 12388 58784 
118 11
67135 62166 16184 273 66252 26117 69164 37506 18960 41348 18752 
2023 9
46901 58492 68408 20023 34021 13545 32212 24443 63145 
2438 8
40481 18928 52947 57583 17448 51042 33991 42221 
9570 10
34962 67006 57999 38728 68354 15629 28139 53192 55562 16411 
157 6
32897 46755 28197 13184 55025 67894 
8877 8
60058 57247 58310 69715 23887 39203 50231 74208 
9034 4
18367 3873 28187 35255 
779 6
71202 68647 29041 35735 743 72458 
5201 4
4294 65758 35600 60144 
174 3
29242 50418 11447 
