11
7238 125
38651 65870 61112 13050 95677 67913 70667 53651 12653 81849 52244 94259 19735 97458 83706 24949 76245 5298 39681 79221 88881 71933 43875 57108 42737 17497 88285 58576 63383 48512 92517 73577 14635 84287 81754 400 63051 71298 83956 57199 79194 28560 28418 42231 42828 67482 874 45410 14732 82259 63013 93913 82746 26893 56305 95430 81749 84659 85650 11761 13967 41107 34293 41936 18261 57022 25414 67930 87414 71786 88642 82026 46467 45085 99920 77915 7372 83385 55285 11950 14754 62054 59872 36410 73614 38363 71103 18443 58832 26888 39708 37969 45013 69200 72369 915 79359 88714 97055 36147 64409 42387 94617 89587 4617 76580 71328 78351 63287 84194 23930 97348 7395 34640 41072 40393 64871 27934 96084 83092 97121 66620 65255 70617 39601 
4021 102
73636 99074 68891 13011 68447 39981 32089 28763 86403 90190 80805 98164 17090 6134 50063 71264 75115 55788 6027 58038 409 46056 63995 43699 9104 14864 86997 38487 39885 40773 36010 71685 40635 37910 95591 7642 61973 77920 4339 18583 63451 86993 84324 87290 52187 25100 26865 15201 95299 16915 47045 61081 13072 13220 3979 57922 17155 34301 14197 52057 93837 39035 60655 22197 66045 16750 17558 8380 31868 86250 50177 56130 58976 63815 42048 3682 74673 95050 52168 21180 35679 22118 79017 88808 34470 12223 56163 47188 55170 96268 26820 82097 99721 84187 36767 8592 86085 23322 97655 52207 61142 29750 
56 76
29189 55021 46723 52297 71121 73040 27926 75946 43929 10437 13038 95874 59172 20473 96807 79652 63 29311 71073 13120 84564 44716 26974 23303 17512 34259 14772 80633 63572 10465 61634 37516 90906 75704 59605 20602 80103 14838 65717 3014 76411 74714 70053 78791 24591 14349 56962 13136 56677 36303 59463 92325 29918 14185 19859 8291 23031 94442 12590 72777 37493 16535 22687 77952 22973 80420 63315 55766 39456 37191 12696 9138 51387 90174 24764 77984 
7713 57
8800 92764 21318 22434 61123 30555 85702 55246 4851 89574 59620 88650 64968 12654 96608 77873 60701 24159 79902 37422 56898 81475 31129 65364 63241 32965 82346 47006 27964 36285 16099 62210 86122 76500 81123 37938 38373 55253 57750 72393 34187 43248 97471 29078 73370 48641 78197 35228 17639 48115 64558 63130 39683 11374 11989 46000 35160 
3162 54
43514 27579 6254 57843 49989 71484 40809 77553 79872 48787 35944 14921 73539 90440 59049 46734 49660 98880 29454 94980 78996 88689 62359 71864 41897 96021 68492 36617 800 52417 82406 470 15636 89073 45785 14874 67146 88055 6997 82639 84991 89998 7610 82314 95048 29173 21527 54391 51392 45868 78507 18882 67584 56100 
6102 41
48914 51276 17084 25926 95123 26761 82447 28842 33103 59722 39171 18607 3372 48784 85589 66909 28029 45820 93471 33362 29416 18414 82610 36337 99771 57733 54400 479 68031 77093 94071 87138 46241 25916 9738 23000 75417 68865 84942 84614 13080 
1831 27
74817 30122 79417 49676 38314 90860 78724 56449 96260 41768 13271 13308 20256 55606 31950 47589 68618 1119 36693 72610 85999 38545 4289 83362 64552 34990 32483 
6812 17
78185 11166 25412 87216 4081 92504 69099 35333 19370 33245 59269 7621 59756 94315 25283 8758 46436 
1151 11
28889 69827 24614 81953 23082 96025 63943 86209 61802 14764 83805 
263 9
43785 83809 82829 95426 13649 24144 97012 91500 13637 
14 3
46733 77943 30426 
