54
243 10
77550 10360 3330 75542 53993 19481 43464 16258 34404 16601 
11964 9
3833 78999 70303 46999 24019 63065 46621 15429 42914 
7999 9
77650 62766 12966 9233 7710 32061 31035 78555 82743 
5496 10
66606 32710 71943 81635 3589 42637 72258 70024 44749 18445 
512 9
30390 16082 9078 11092 79673 28538 41312 22188 34483 
5442 9
34218 77687 34743 42274 72609 43454 68353 79378 15605 
4582 10
48039 66284 74497 31589 2192 54969 41695 85148 11868 58163 
3693 10
1996 84012 76762 47416 63409 35100 10968 63493 13002 37467 
3306 10
57156 57011 63667 70523 7735 6099 51752 11990 43760 23375 
14073 8
62487 81317 83710 79843 73513 18889 47259 35554 
10766 9
34834 14156 33280 26803 47229 67282 41633 16762 10889 
1587 9
35549 21994 37784 76615 71310 41207 28543 34273 21510 
4748 10
52771 12152 19871 82046 1271 73801 31416 55545 5705 71988 
2393 10
68820 8796 70337 71185 83549 16896 58595 44905 8812 63106 
2529 9
5286 48397 39427 70181 78945 58685 20104 17162 73203 
450 10
69394 24254 44804 13969 12132 46891 54688 11734 34824 84529 
4258 9
77726 24756 73387 1728 66129 39909 84489 39081 30953 
8687 9
81005 52831 75965 52011 75427 24949 30046 6176 53111 
1191 9
44176 78272 83696 12147 26341 80404 67573 81114 48773 
4332 9
42287 8523 49724 62821 14443 33332 73239 47568 72795 
6579 8
16391 32048 82576 68463 76053 60831 1905 34203 
1847 9
48084 906 85076 75652 61287 52486 83582 1932 74762 
8905 8
81454 61172 7787 56873 73858 33275 16345 64224 
13068 8
77400 6218 52525 69691 54833 37731 74990 8449 
3874 8
28605 45652 48945 70420 31152 26898 53107 32378 
8330 8
26600 31075 41716 46855 81426 48419 46067 22677 
4343 8
33658 16815 65715 58959 35997 4376 43411 78898 
2482 6
30194 1699 14669 58603 13775 66150 
11229 6
10200 76923 6880 33030 49858 28177 
3381 8
37517 51839 29159 52133 76934 81486 48881 3114 
7853 8
38899 8259 34482 72377 10415 55045 67745 39662 
329 6
54158 5094 21675 71427 83345 39021 
9891 7
56248 45115 74543 69961 4824 34193 15112 
14567 6
39942 79012 52517 28592 46710 82301 
5710 8
75014 30931 5740 28914 80396 21109 28129 58657 
3424 5
52927 83347 54607 12654 65499 
4215 7
18947 68399 209 68566 81687 17064 27744 
1890 4
43637 47269 7325 22145 
9530 5
47074 35065 40866 60173 61130 
2799 5
43286 21462 13496 66043 76675 
5005 6
5288 24664 33203 18295 24896 48542 
8158 4
47322 303 26825 71771 
7820 6
61766 20850 1919 59869 81102 42388 
1969 4
7541 65327 47887 41982 
8121 5
74944 79612 83898 71861 46460 
5862 4
51303 1184 25843 3009 
7345 3
33854 57209 72407 
5055 6
14531 71306 52820 6145 43282 35818 
13500 6
58390 60977 40298 8587 77344 14143 
1123 2
75487 57837 
12038 3
68341 6867 8402 
72 5
21311 59690 15149 33685 85154 
2778 3
29144 60447 49370 
3435 2
11067 25933 
