120
15182 9
15964 20501 57876 21751 3667 8504 63390 31745 13437 
15183 9
42373 14451 27961 37379 49348 6428 31331 59786 9203 
15185 9
2585 77006 12945 77799 1884 75143 41607 35972 9208 
15187 9
50042 24416 71866 8407 77276 46627 60676 67893 70648 
15188 9
318 21771 7965 74703 20736 16249 34506 67911 17541 
15189 9
11386 16891 35659 61571 2468 29525 4845 30873 3865 
15190 9
35747 20807 20424 64018 37514 35552 33658 64297 3350 
15191 9
55004 14945 56764 49386 68469 27975 3852 52659 73261 
15192 9
46870 4417 23079 7624 29906 34294 50046 70344 12069 
15194 9
27100 17266 1521 43825 41930 73649 26743 11681 57201 
15198 9
33179 7160 29726 2546 20655 69726 36426 3209 24288 
15203 9
25770 914 30890 20404 75317 2300 74006 54940 68261 
15205 9
25355 32111 37651 975 17490 48388 64070 62251 4710 
15206 9
8584 47318 4104 22976 18560 4901 43509 16513 50003 
15207 9
61422 50513 47108 59583 8823 12270 32063 54938 13248 
15208 9
44176 75936 50978 14672 6120 42825 65401 68721 67322 
15211 9
15897 3215 38088 25645 23532 9414 35031 1219 74005 
15218 9
13162 50236 65796 44826 70465 71965 55151 17533 16916 
15223 9
321 2001 6235 15330 1199 67044 6631 2036 7730 
15239 9
47564 12339 24011 42232 18048 66246 62476 56165 10860 
15244 9
47624 50558 41298 9219 70265 55575 20387 22868 21165 
15254 9
42132 12152 70497 49855 77494 7193 76230 42191 20762 
15259 9
985 11147 69908 25203 17697 47122 49302 73737 16501 
15264 9
51727 9852 36659 22079 51576 60702 31970 66086 17131 
15271 9
29611 1844 40285 54010 74862 26107 3961 30919 8433 
15298 9
12839 62123 18774 24208 47989 20313 11493 25750 6573 
15309 9
32905 16159 677 50095 24377 30713 8403 8564 29808 
15399 9
73201 53863 61825 22627 29857 59027 50616 3714 1495 
15406 9
55031 7803 9397 63589 19141 18235 40140 62182 76106 
15450 9
43630 30801 8866 30809 9872 9391 77377 1904 15666 
15483 9
6819 74629 13449 34926 15141 46013 49912 41301 41517 
15484 9
53252 25287 42379 59761 77175 31341 74160 74518 33466 
15522 9
25930 70796 64161 12681 33456 61656 28280 31761 2475 
15523 9
8439 46986 1401 38220 69221 73647 61257 69321 2383 
15597 9
6997 2449 27306 54725 37887 72139 34656 52980 41472 
15646 9
37614 22611 70270 31323 50509 48978 94 34774 73652 
15710 9
33172 23867 75439 46148 37900 57136 6807 19008 11414 
15967 9
56925 33702 30286 62097 10206 26109 36909 29209 74958 
15971 9
58518 64528 22850 32550 33095 31725 30112 66234 653 
15983 9
51116 45067 50031 56464 11021 43824 50975 22949 1743 
16229 9
43826 22537 76369 47280 70679 20420 74173 63170 37324 
16278 9
69855 76228 76100 5871 71478 72396 5608 34440 27472 
16285 9
4464 66210 15645 18459 58573 75096 25310 36879 65006 
16310 9
43037 56589 73441 16500 59185 54914 55241 9960 55481 
16399 9
45407 50090 5996 49941 55903 74895 37440 41041 21051 
16674 9
70390 11140 7046 6748 4773 77639 50640 15180 23562 
16833 9
24658 57395 51718 71040 29767 34450 15802 63582 17568 
16934 9
43212 44592 20239 6115 38023 67585 3979 50543 34562 
18098 9
22504 64295 55321 19894 34706 53154 42989 72400 2724 
18244 9
76628 73805 68793 54669 70467 58307 47313 58088 67205 
18371 9
54214 53659 5176 1479 72863 1590 72847 74446 2765 
18557 9
66640 68024 7063 1723 58551 37595 38867 65986 48982 
19783 9
44830 8307 10326 18302 14022 12966 13670 26055 41911 
20567 9
40324 13762 370 50710 69966 56412 13886 2098 1189 
21173 9
8053 6181 70775 10071 14086 8971 21891 15522 22278 
21921 9
7449 51673 33661 58670 45683 42190 22305 16753 59308 
24402 9
25111 66042 4035 29927 54285 4064 19925 38608 40830 
25780 9
34853 66059 31289 62887 4410 40486 12419 19954 29653 
15335 8
47085 75416 17134 35387 38173 41615 4236 54846 
15776 8
14839 27190 11732 75330 68849 24121 65668 47165 
16101 8
20378 35931 2212 63111 7776 35910 5693 32919 
17360 8
32013 32993 15245 68589 54374 31088 58013 22384 
18314 8
68604 14485 66766 38434 18112 10745 39217 32404 
18410 8
26779 25767 59373 67934 37153 45510 42069 38710 
18958 8
19580 33396 9119 62999 1144 480 17895 35561 
15181 4
76038 32167 61490 27473 
4175 8
43641 33435 58190 5139 21011 62823 42528 31832 
234 9
20825 5654 25698 29240 2023 60999 35888 33710 37631 
1035 9
14371 31939 43948 44468 10009 75574 52231 36599 58277 
2039 9
8190 34898 39163 76428 21125 19663 76310 27332 67061 
3905 9
18346 66236 53362 44774 31309 4138 6572 15505 36023 
405 8
71219 52730 11608 50430 21817 24134 75958 15753 
1924 8
35838 23084 503 57556 12322 4420 10753 49823 
1976 8
53253 9323 33908 9252 33128 7900 59113 51952 
2341 8
77621 40716 51562 71233 32476 21079 45023 1918 
2690 8
30556 49408 14740 14007 73477 74158 48451 41928 
3369 8
4073 54557 21661 9678 18856 44583 13168 58031 
7999 4
7422 26280 65377 17721 
68 7
26598 2263 22533 75648 71305 50155 35578 
618 7
23466 31107 26563 15160 49044 33502 68476 
822 7
7278 67649 50229 5443 59997 36610 58815 
1571 7
72766 40375 74080 51170 52254 50533 46445 
6564 7
71838 51001 4889 39310 66564 31945 21310 
7414 7
50110 41832 15050 16605 10228 49096 37861 
7715 7
57512 5182 72281 71067 53360 61826 64619 
8764 7
14635 49248 27610 74982 53669 64360 46514 
72 6
32015 14100 69295 4381 4900 67180 
558 6
69429 44841 52190 40173 26113 74513 
680 6
61008 49582 2904 72199 58071 68099 
1929 6
61640 73612 68621 62703 68775 33795 
5869 6
73680 57416 10166 65451 64106 18444 
6324 6
70534 16340 50166 9125 70780 55917 
8739 6
42529 63743 18956 66748 63529 21276 
9545 6
11000 1302 22299 68146 14802 77009 
13013 6
58816 56821 77200 37748 66152 57675 
292 5
8771 44904 12280 6679 55126 
855 5
66532 17415 43736 32388 69911 
2815 5
52195 58910 51845 33515 30618 
2913 5
15099 13745 74032 4892 1824 
11988 5
61078 20651 19026 17287 21721 
16113 5
60338 54265 31059 31529 40901 
16517 5
44547 59656 16726 35616 69644 
22606 5
11962 3582 6886 21277 36933 
23871 5
21854 71330 10116 22816 35393 
886 4
46338 20577 56968 36361 
1611 4
17176 68521 29974 54252 
2662 4
35238 37370 15418 15455 
6886 4
44621 10726 13649 71850 
11990 4
73760 73140 30373 34689 
15656 4
29056 16856 69779 37785 
1384 3
49094 43534 68338 
1747 3
20826 27256 9774 
2555 3
33384 67284 21469 
2665 3
8241 472 67132 
6340 3
2218 12246 16656 
9412 3
61572 75567 60906 
905 2
51073 47459 
4969 2
71060 47995 
8614 2
11585 51506 
55 1
2471 
