15
7760 128
41188 77054 24346 40479 52016 60678 61436 376 81203 1885 35136 75142 63891 32547 3049 56651 29603 63592 79412 67153 9402 57590 67179 23581 14436 73408 17370 3767 35158 36421 80724 8118 51154 61106 11874 12264 61390 48908 86118 70880 87903 2266 10848 92873 96193 42133 99839 3083 39076 81992 24898 23679 31744 21289 91641 15714 49224 69101 60136 40504 37483 7116 16973 74763 33178 76248 53488 9752 16145 10157 32644 57058 79298 20429 13099 82271 64567 50357 65624 45950 52338 58151 18802 85446 2071 59859 7915 48021 94556 3967 81288 50231 56491 61290 54329 30026 50496 77683 84055 87848 17197 35404 61574 45075 63945 13203 93276 5513 25182 97877 53752 16566 44255 97660 5951 63273 46723 93811 66631 23558 99344 28182 60517 91090 24241 62795 64366 78249 
7587 112
45810 93208 67262 18658 46534 48279 54470 74983 59744 5029 32583 48959 30948 95492 48652 57336 72909 16137 57560 69423 56216 75425 83704 1185 61062 75886 27723 51334 96943 94622 3241 91827 48501 7191 79114 83309 31674 31120 20475 5787 61008 96009 65576 70790 71671 32106 40139 98726 41236 11657 49340 41895 59884 5169 54493 86791 2107 29889 39499 78759 9123 88080 81911 23337 76916 46318 45572 35816 76957 18599 31509 35656 12410 92638 74333 47138 70871 64423 55767 75055 32786 56250 72012 88889 16029 54505 14246 24170 91853 55471 63629 77866 58795 47656 44909 61238 44558 13301 6889 16612 51285 24984 44982 1966 14491 4855 67595 96958 95727 9201 34326 49930 
7456 95
82340 69564 21790 52180 58730 58022 55270 90670 89934 2401 29808 56708 91395 76155 78301 3679 78195 82142 20828 84964 77609 42271 73151 47517 65402 48517 58403 96660 99440 43835 94295 31931 18729 84014 61438 47780 85085 58018 38675 17336 71600 29528 4830 68361 52512 6647 1659 7707 99354 10863 93755 8035 4939 87583 17373 65014 92943 86157 3047 76231 92860 46215 41744 75271 1047 41084 78934 82876 776 69375 75426 68515 98256 73694 51004 71589 42042 47508 79083 8432 59127 98817 82467 98112 3780 64183 22478 63175 45927 95118 37986 10008 95142 95473 86342 
7381 61
73002 95305 17915 33373 53193 34162 96331 91754 86236 88961 99188 2181 86438 5105 15283 41493 11531 7446 69273 81160 98047 34635 33687 67319 75574 35315 93930 68180 32157 99174 30522 94607 92801 69854 32977 70597 79250 52462 91855 97876 4582 16844 2492 7633 86553 99834 12913 86217 72421 15617 38772 82368 76527 59305 76580 33692 34930 61554 4908 51876 6522 
342 55
60803 89275 88835 15047 27538 80530 457 54967 47692 55952 14125 13389 795 88376 74019 95066 36038 25773 19362 37801 14801 26268 42257 12326 54486 70474 38399 49371 61768 19606 30235 79122 82739 29641 85876 81076 96653 45741 50984 58999 79693 6682 79682 67998 30835 53520 55487 30271 63102 2924 60342 28878 44121 8668 82620 
199 50
91466 96262 65596 45999 59961 7584 69851 69209 11793 66964 12936 92256 98420 30745 28009 6655 69226 58273 49938 83044 20113 64381 2009 2269 41608 87621 36303 8156 36606 56214 99847 29453 20748 2122 68434 17487 23590 62686 4602 6784 75023 58440 69018 11652 75664 1411 71851 78953 10452 48765 
4164 36
9080 36982 13767 83937 50366 18341 87462 70868 79399 22244 75065 66686 54355 17763 39966 40853 34535 96531 93647 79350 1149 33234 72016 91281 80361 49600 26026 22135 57974 94446 23702 20110 92328 34586 56004 4078 
5468 43
31933 21334 88094 98747 28213 67839 86861 30983 57164 22903 45772 80869 77131 59865 56768 30467 76132 42091 45844 83572 38495 38011 62433 29626 65479 42737 39829 82320 31936 24474 98457 43951 140 90628 76343 19522 83886 2658 8582 96221 99994 11689 3803 
2637 40
31759 74139 19461 70421 75846 48169 26609 65082 5243 48860 59381 7168 33086 82695 89537 66591 48401 76389 755 3533 7848 77945 17933 79736 94022 5848 90673 25395 27446 70783 14322 3714 90860 54026 51203 95778 4588 33342 94525 27083 
1671 25
61985 90422 65011 68644 66025 24643 95729 1071 6506 67392 24503 16250 94983 20413 68240 65464 92712 34539 69894 86240 48076 38355 25771 67074 6709 
4844 20
60423 98147 48060 31608 30705 7339 36523 35000 31969 52840 12 35287 72260 44787 98065 88541 3648 34197 28864 34793 
3443 17
29592 6379 85836 36976 15392 61795 55810 80685 95039 91601 26651 46645 17569 47823 80149 40495 65995 
584 10
67923 61819 86979 13619 41282 9646 14897 94971 37968 95983 
879 9
19045 51549 34477 88755 66789 18926 67399 78118 82659 
1455 5
41304 96191 80729 18364 3503 
