37
2901 30
8610 385 12546 76555 30536 62371 47151 21549 13845 95219 49651 71928 73992 15913 14627 69018 49314 5661 51765 45450 46982 47551 62316 77758 46202 28620 14695 34492 69832 475 
842 29
64658 34962 9134 64041 72176 37454 71355 40443 1699 95653 18211 57978 99640 54849 65635 62176 25966 76998 25422 77878 34472 65522 40790 69955 97113 62247 28386 84301 31040 
5824 28
29685 92876 17311 21262 33884 31909 97447 16361 34319 52129 89748 40287 94595 90768 73371 55643 22961 24071 18576 84711 8050 36693 23064 96036 53829 40923 40732 86608 
1859 26
42259 58868 8340 72953 44990 88621 34817 32559 42599 41885 84479 97419 17536 64038 60048 39938 65318 70355 38139 70883 7522 70177 37428 29847 82242 69582 
5550 27
24807 54647 60468 25820 89568 75466 40250 76233 75163 24907 50315 16478 67749 90541 98868 79375 55743 94719 37600 57419 14718 2655 7518 80695 84813 75928 19886 
1765 27
89867 13355 68417 79146 74992 29632 74159 72093 34792 61714 12847 37000 25313 11258 66687 52012 72039 91161 16387 34251 32005 51453 6731 91635 81325 65446 58579 
583 28
20924 11891 18583 75114 70806 33231 43890 40354 47482 1730 1789 86894 75160 49785 72843 37582 64020 97910 13939 37276 8712 28835 52701 16565 90950 28051 41369 23460 
936 25
59229 40110 67878 77501 36554 91653 89394 20939 35147 53485 66697 56791 98536 35450 34871 79009 57612 93797 45168 80048 88227 65283 20952 28708 98134 
2008 27
57507 7258 72279 15031 41067 83800 91039 75590 61545 39890 25532 727 67652 11089 84013 76487 20420 97572 88600 21036 78828 50967 91331 60466 78273 7542 38481 
4183 25
45430 35732 380 32760 55191 43667 71401 96776 21212 28469 84564 90282 58712 49342 78187 7537 27112 2690 7326 77108 24128 99144 11513 56447 18932 
1804 25
31143 57868 19750 95342 45887 81660 53833 37810 5039 99816 4961 19622 40183 93710 88294 15339 56165 69608 40406 50989 78389 72245 49388 28020 97363 
3084 24
99239 92942 28285 16010 82680 98298 89722 11289 36037 38374 36777 55220 23509 83548 49758 92632 52206 76908 94051 10560 70836 5629 99838 39219 
1192 25
37715 28477 2975 9499 7797 74739 31491 73572 59733 79551 48792 91019 11380 59638 43341 26765 91804 90470 94453 72657 4801 58966 10513 95901 11266 
2615 23
55624 24816 28183 11556 63012 43966 98533 26573 94898 37414 84970 39477 83271 53343 67597 46390 30127 48335 33737 6498 19233 69451 16961 
4766 24
89267 35672 19728 7179 38792 51835 94378 20529 74969 77197 76841 32547 73023 57194 2563 26672 39772 37649 97397 59034 13346 44800 66052 17664 
3265 20
12850 31081 97943 85981 12932 72983 36402 12727 63769 56654 92830 15863 72768 47209 44326 30048 1472 18060 13680 90413 
5130 20
51722 26056 4634 86996 96690 82596 80746 13449 13328 70219 34374 46601 89680 97842 98896 45286 78659 54396 56252 67337 
4842 23
28773 39261 52474 71864 83201 505 72120 42161 85605 44198 69247 79734 34352 48961 95920 74121 11246 9329 62372 60405 66563 39446 32891 
2550 21
48732 92714 63949 58323 4499 10947 29459 87205 27230 44186 33990 6513 32750 94384 21104 80901 82174 54174 44158 51936 57600 
4025 17
63123 36762 9047 34741 45058 21033 37070 21904 89331 78656 32460 84912 83065 19141 77305 74115 98674 
937 16
75010 8269 95988 21140 54674 4430 85138 24289 7607 65911 1544 66170 87100 19399 66382 93505 
2223 18
75803 33594 90889 61694 63716 69578 83269 24624 49339 96368 20047 68766 71797 50196 64585 97542 75572 42287 
5310 16
39128 94740 82285 31745 72480 60507 40312 85760 71178 43252 57185 76468 35784 64324 32362 15858 
3542 17
24035 9388 95017 62520 46532 32385 50583 73430 1975 55772 38829 91998 15309 24240 69650 30692 59085 
1444 16
26423 44211 47928 71562 54506 8716 76558 97022 87364 94560 73009 42746 86928 70317 29305 71473 
4437 15
48839 56997 77261 24711 87836 92934 61776 26728 11505 47644 70609 30431 37583 68779 17917 
3545 13
83665 88609 82201 21430 90002 34545 41954 56014 55142 65958 25887 70938 34888 
1101 14
30006 73317 83226 123 40280 19242 30506 71279 44399 48580 3636 80537 47889 73309 
3676 10
85469 7495 14974 97088 61691 16753 98412 76709 68739 9885 
1108 13
43941 73184 81843 60628 70677 98913 65462 68315 59005 21106 63083 76286 61424 
768 10
12888 52380 97591 46703 98150 51229 39194 91756 15055 60020 
4251 13
85635 58429 10133 87127 87871 59283 86510 96499 44787 49194 13514 71868 85314 
4234 11
68921 91025 9556 58118 23024 29795 17511 76111 4319 79178 10713 
2366 7
73310 46276 4233 8035 26913 30814 81972 
4752 9
47587 74603 98830 2126 1233 58642 34185 50277 84853 
4298 8
37119 24439 64782 12843 76036 24238 33009 14177 
6136 4
19527 98984 42430 90988 
