14
2635 159
24878 87012 98292 15926 14305 25717 74464 70759 41640 59994 188 84813 97321 4224 50825 29808 68627 73547 92628 76799 72711 76644 84609 44925 24454 14714 13098 38769 57498 98698 80003 40521 4697 27686 45308 24829 72719 38962 65721 74919 69076 27411 62003 38387 31077 56737 96933 62117 30714 65947 89629 24888 12349 67220 34850 18107 58726 37728 64575 30963 44996 94479 25718 63123 31213 87359 96749 42148 48437 48927 69685 90090 79501 38736 14299 77892 64982 63749 46254 96771 43980 52724 75320 44198 32327 32990 44651 2661 25618 83841 77028 33881 94601 75551 12550 97844 71757 89726 9091 1255 53100 91718 62187 38821 84110 5496 89782 76336 18512 66624 38876 14682 24179 59837 75675 53556 31864 66215 78670 13353 95607 1975 18832 40867 71099 25829 86743 76934 81516 26595 76312 9408 63266 8707 5787 6860 86002 55579 14702 74904 69709 49117 3217 10944 7832 89573 95783 97723 88433 18506 70521 11626 26760 56985 88772 63893 60399 83232 37181 
5691 133
89659 80442 38957 74846 81610 66155 69415 26025 5407 74055 21228 71187 51670 71753 21975 63892 71446 29172 84742 38461 49884 28739 52424 95340 21135 96900 61025 90025 49564 96398 31871 53840 87210 657 30972 16680 30066 28035 19298 2937 62052 64573 95473 38533 55028 9405 87584 79683 22182 95740 62736 38155 29331 60413 9004 1053 52371 91687 50495 41515 81020 58483 9512 31140 68781 21897 58849 67641 23214 38669 22567 37992 59827 62004 94158 39454 55864 5460 17927 38438 68080 16655 91543 54821 67737 33644 64702 2673 51124 85202 57982 41412 51153 63960 16307 8782 22915 76736 12498 47739 58019 92074 98085 89609 84168 1379 56641 92713 14916 23526 4126 63560 98354 28380 42149 90104 53179 43754 21546 75789 82931 4251 97640 27942 56666 67705 8610 44492 11597 75902 44460 70395 72013 
1726 106
17742 60714 54438 98018 77975 95533 73552 79354 69355 44547 64490 87658 15976 87501 62665 2767 57713 25727 48776 19687 18975 73916 37220 48114 31028 61622 93399 79043 3835 38131 20044 14406 19000 60412 61390 10269 42601 59314 24470 90277 88581 46443 85070 71508 71438 44145 53902 17801 16613 23651 34303 38188 87820 73770 15616 75702 8683 36067 51520 73769 85090 26035 49363 40069 65453 77295 44764 1982 2479 57849 93699 7680 86768 30720 23824 21208 65670 46981 98840 93898 61746 44595 26261 72112 5742 55964 32486 982 72544 71801 86696 35805 77095 69541 85018 62969 33064 21756 94583 76486 79722 43133 76170 23768 76523 38067 
177 83
23779 33634 31782 46766 69997 96668 35687 45736 2358 75612 28808 52691 62863 92444 25265 38062 5898 17395 45337 50719 2454 13852 97881 40882 73553 50852 20318 21974 32319 45044 12255 70434 18180 92562 76269 9638 44630 97891 77697 61857 55428 77831 66124 84148 53240 79687 23487 35732 41335 74847 59185 73743 66063 5724 60145 17886 34540 75006 20860 1109 96004 47944 43665 87461 4436 23043 53073 46420 55632 8673 21891 72671 47488 99810 36277 48968 93815 27399 50271 49523 58151 75890 69850 
1846 85
55916 67223 45652 33337 47518 85946 25788 59111 83100 78261 53607 95610 18812 23056 76135 7945 20470 39801 54577 97840 53299 84323 61756 38918 11226 220 14520 94843 61608 52016 42570 2267 18067 89567 72126 60848 2874 69317 28561 49263 36736 70206 43230 35677 9563 17389 50541 48594 53457 4117 12664 9061 68335 13818 76660 57562 8291 79927 71836 42802 54466 17093 66249 55234 70324 29404 46824 63867 49208 89975 28645 9593 1407 50938 98655 67714 97243 36742 88504 64189 21379 7685 44975 23408 8965 
4116 65
73068 61508 5079 16023 53652 10003 16047 49392 24675 11635 72356 68346 16446 17776 74229 36298 74782 89451 86235 99539 89729 61490 21966 20158 85240 91541 10923 26288 86473 54862 32102 36939 82453 71626 10759 46181 6803 72346 92456 190 10476 15363 40124 48119 9002 53065 14712 63268 40910 87313 20790 50231 46781 5433 33418 15378 90155 85974 17862 45954 70290 3214 23132 287 46548 
707 50
10484 61895 3175 27676 63550 24934 86852 30041 25795 46674 49913 98114 15725 67161 67419 30689 61842 87140 66105 81825 36183 41058 35753 59882 46972 93614 69788 6400 64357 3038 65900 20436 89176 39071 33951 20150 13515 32268 33728 76314 77465 27527 90887 7383 4728 50761 28469 6751 59370 90711 
3439 35
60332 15108 88541 34647 27514 90775 13266 46080 49760 32520 80875 49900 45261 10952 2460 22265 10463 16640 97841 59560 58943 70131 20703 22722 49322 75771 70817 79767 35982 41135 96884 61209 42467 99758 58010 
6250 30
9283 39029 46899 73597 16582 2743 29806 36115 80614 43150 71078 81964 84274 37336 34737 98725 45707 40200 63847 68701 22875 18231 22098 91175 63660 37965 19144 59193 51182 21085 
2655 19
86379 73079 62137 63805 10053 6440 41609 83511 84678 61976 94849 16242 92018 39228 1266 48743 79484 61286 69308 
3885 17
24908 14965 99755 20848 58162 35979 92530 35344 86327 56240 99015 29102 98585 69851 84634 18176 74245 
5921 9
26909 54929 82164 13175 73987 39300 46248 81616 20296 
5094 9
19258 734 91297 31584 20482 8518 15464 52590 83935 
10 3
79431 66703 86346 
