18
7999 107
40132 89987 71740 20687 92254 38632 4638 96249 13070 46749 88503 49873 35487 22625 52321 40604 95250 4595 52405 68885 11729 36979 87941 40374 98638 13674 85695 50215 90517 16665 7779 44583 84810 25553 46573 73332 90897 31553 36928 50490 36064 6996 57984 10635 21854 46439 84875 23086 66288 26785 84311 43192 73276 84594 18528 46446 67664 17680 18245 98855 58390 89052 95003 62334 57921 21525 21465 71038 43878 73280 50360 76976 62019 71328 38306 20628 30516 83489 5514 83071 23731 46395 11288 60945 95288 45207 99940 76915 34642 71395 6350 20259 23930 82794 77627 61716 41085 26891 54034 39895 63236 57838 94946 72245 30861 88150 3283 
6802 100
67771 97335 21207 31800 57476 35742 51523 79673 28026 10972 13276 5262 86123 49538 25915 53499 41614 94266 85040 17230 36576 65710 48479 87301 30497 70942 73409 5137 36410 29708 34355 61412 885 62378 35917 14382 92495 86871 67583 9466 15351 93084 84312 41190 86124 86361 74689 79982 81197 76032 51309 40449 45793 95781 53740 9450 37564 8252 95733 30806 32278 61334 45368 27081 28183 45412 6542 36359 3964 29302 13324 22070 60337 44345 58277 12081 98015 94876 79433 97359 30963 54797 37638 65229 27703 32233 90132 90304 68444 76576 34167 62021 59155 17358 7476 46094 52170 99491 18578 83000 
6777 86
46015 63976 67604 5658 26629 45554 8004 72689 18992 69402 1420 47651 24295 57391 95511 40847 56355 84154 97039 47683 12652 88644 27720 15146 81944 35858 37523 8788 40694 66402 27107 49851 42404 33925 93096 20520 19037 93342 56516 36812 14798 65147 63424 4013 34844 50080 19918 33890 76727 68844 55914 37214 12265 50300 88925 81954 99510 65403 3240 47000 98729 91543 52310 94181 78395 17579 73618 43018 28937 57812 18404 34529 97817 20603 98694 64472 54316 35227 34230 28771 88787 95205 25579 15251 19836 1739 
6986 81
52851 4131 91032 91784 30444 35985 45323 82273 57447 45331 56020 85025 65053 78136 9662 54491 72303 48477 65473 14383 83011 97345 25072 65845 18436 78753 25655 31995 34749 53657 18938 56293 27406 48983 69265 73495 84135 96670 78094 42420 28231 70332 74400 91715 88413 6260 30494 11193 46137 48699 85572 43693 11598 92604 7162 52268 86397 38737 15879 67105 91785 81103 81041 33610 8739 25880 15528 68966 46095 28278 24633 42349 27585 20128 37659 36856 9330 5199 73228 23066 72989 
5900 44
87275 57479 63887 74527 19797 29917 72987 96083 4882 78123 81990 89946 94119 71032 14684 76974 99000 49740 25695 97975 41074 22168 67341 38733 51433 91463 59845 82017 19935 76832 89128 88160 29488 53097 70083 14227 15641 51477 22695 74500 94366 29744 67942 13493 
3699 45
49664 38303 5581 88654 66449 44853 92519 21458 76455 55966 58637 99526 17419 98082 72179 84224 60938 85227 14053 50125 71462 38499 52067 40954 86194 5832 3252 39410 77438 75166 74056 9234 37409 93052 90486 71593 48789 51210 38408 83959 70058 10537 13758 84642 55454 
4746 54
58679 44514 84427 73980 27697 84861 47389 84289 73576 68093 17570 43675 40356 19676 24835 29902 18939 15695 11845 68364 16774 47599 17112 98102 86412 56184 50551 86785 51326 38520 13227 44438 40106 13984 28440 17220 97886 74488 53027 26264 97776 35901 24180 76477 68318 44723 65290 9855 23389 30183 56641 31486 7557 9109 
7136 49
5535 28867 76931 53963 10200 98879 13119 8954 65104 75560 86978 48936 13350 4965 30106 37723 4676 46552 94620 40499 590 60609 19134 67944 21846 10655 32148 87491 11952 27124 91479 53421 67734 25241 92910 32894 45899 90738 17082 98516 69962 10120 86373 86647 8780 55405 16247 79923 95259 
8055 37
41395 2182 25530 34491 79411 16203 59853 69624 89646 44572 88358 75461 45123 87932 15497 98161 86346 97649 61728 86869 92872 85770 35861 49735 73743 78957 7154 26402 85395 1569 77685 34765 51624 29803 21494 45396 48965 
1401 35
42335 57281 79546 98012 77974 44303 7126 4050 49660 46593 36998 50095 36755 37960 30885 86316 87341 41143 25106 37880 70753 93943 87464 82276 54006 40730 30838 93701 6206 53778 85881 79384 97917 27498 4426 
777 24
11861 38332 23378 45655 70003 91789 22208 26025 7623 12640 70304 15881 82320 81551 58055 61146 85415 81146 26032 21469 44540 62758 52844 11010 
2683 14
22546 2622 64444 98791 90988 14354 48958 42423 29118 65480 40024 71509 65161 67730 
8054 16
78420 53711 1037 48473 84350 54821 10137 47772 80507 44192 41835 15863 46435 7715 45346 15162 
8260 14
46821 2142 54113 61137 55816 64669 25321 85073 58075 98304 41937 64963 89196 41547 
5389 11
83517 30115 24994 16288 67809 70510 70032 47068 2842 54795 8236 
2593 9
50663 60355 27334 99391 82928 48366 40520 4782 10415 
3773 6
13531 45256 76487 30796 77178 7998 
30 2
96245 40561 
