129
15181 7
22519 76896 1274 547 83407 87987 81423 
7999 8
12438 90464 23133 26541 55279 47577 19914 62292 
8359 8
59440 21752 20556 3334 34882 92865 9825 28321 
3817 8
1765 5575 1312 83013 5536 63519 85805 36547 
7988 8
43361 9594 87187 25199 62352 69157 51609 48391 
5065 8
62775 69990 51081 14832 89235 43582 34027 720 
9241 7
85169 78096 24838 39253 84888 26437 50029 
4543 7
73802 36626 50944 73612 14482 57789 10597 
5427 8
562 35388 63612 47636 54247 12924 33606 57842 
7149 8
53180 38886 78547 80989 29731 23638 41076 4018 
445 8
92658 31368 70515 72846 84959 25176 89342 4095 
8542 8
26558 30818 48909 41447 64520 39460 78436 57918 
741 8
13890 48838 87797 70575 49957 5491 31059 9342 
2864 8
49493 25922 47289 59262 27290 37575 32348 15421 
4339 8
72352 20707 76074 87688 22855 74191 77171 53716 
7411 8
79552 5847 81933 83600 26950 56049 72617 46078 
16179 7
27217 75725 5225 34922 70815 22950 29757 
4277 8
47718 90064 90413 49204 11720 54775 38925 92109 
1192 8
20066 34132 32284 31635 77966 83200 6833 36803 
9018 8
44498 43151 47307 17486 46341 78084 58385 73315 
3834 8
86837 14831 21345 13658 82757 53946 41027 76925 
7773 8
26503 74243 4397 66899 40633 53930 66672 75327 
6295 7
17818 29685 27375 45811 81802 33848 37462 
2812 8
26018 8721 45249 51065 9013 87570 60699 70587 
6673 8
52342 75162 38883 19500 34990 69574 3410 56310 
2936 8
15767 58187 72383 53886 37445 84675 12342 46628 
4457 8
25609 27106 14923 49435 85488 43853 12538 42468 
830 8
74568 44303 87047 40657 53509 9470 85596 13809 
3564 8
9280 25564 72837 2606 13297 60813 30577 10242 
11964 7
7002 17075 12358 11931 85903 57084 53738 
5529 8
91715 77583 33620 55819 46483 40468 76565 68691 
7083 8
39144 23234 60088 14948 70939 61547 4805 8295 
6897 8
15617 88930 45141 57676 46468 45339 42463 39745 
4463 7
33873 38937 50272 51793 54619 70419 77762 
11030 7
59122 20317 37194 2209 33918 17336 49495 
4568 8
46735 43000 29510 92126 86412 79599 76056 84477 
971 8
44358 34150 4153 70138 80894 92687 57795 37641 
5927 8
86000 91481 14615 84635 44333 12641 68918 81540 
1558 8
33725 65978 16168 2596 37642 73117 6489 75304 
1778 7
52147 86362 78978 91385 53467 28790 50779 
8480 7
91967 11619 92189 10645 36537 1692 77156 
21070 7
80497 76244 7697 19156 9906 51827 16750 
14450 7
62944 62019 58666 65525 91073 8833 43465 
1443 7
76379 55303 25872 76982 10923 69948 88994 
6126 7
4125 45404 66977 65292 24823 66214 46065 
2002 6
9224 21664 41524 32040 16885 46623 
4529 8
67246 48347 65074 29831 62934 11715 6660 39646 
7394 8
53098 57639 61526 37380 71954 22531 93610 83476 
8021 8
18577 48520 46368 47668 77987 8480 72670 92459 
7724 8
25885 22252 16080 64889 80765 61876 65402 92106 
4700 6
8502 41407 1927 6315 19661 25072 
21377 7
34664 12690 81234 12030 38072 68171 42248 
4369 7
56665 17465 50897 27380 20800 61684 43624 
14029 7
82886 52583 59246 89260 89810 23624 18671 
15771 7
74642 78467 17774 70629 89644 70233 93001 
17010 7
18161 21621 65298 61449 26709 10963 34174 
4475 6
66186 91257 72939 53308 76987 16178 
7378 7
71657 87509 50828 42737 26670 28566 52281 
1126 6
82428 7192 75944 47738 6081 33333 
2064 6
72294 70739 38898 36077 49184 14687 
1571 8
91693 72342 38606 80419 86966 44051 18548 2201 
234 7
24203 22281 90804 21347 16162 24145 87352 
1721 6
14863 79927 36984 38189 83512 40092 
2012 8
91111 10396 49625 70723 80172 6288 14899 78372 
7382 7
33593 80083 91663 62736 74032 67460 49062 
14745 7
93060 19588 6867 24048 81513 25034 41935 
18549 6
77548 55678 52933 75600 51275 5393 
6073 5
93122 36456 4043 82968 27813 
4963 6
20477 7819 28679 17493 58062 81239 
19217 6
16836 4725 92133 41964 19019 68335 
8999 6
53550 69779 59696 43985 62224 31703 
21447 5
68263 38486 41375 43131 12111 
1409 7
57122 32728 74841 88689 71451 36296 4457 
7993 5
21013 24030 5297 30272 33656 
14858 6
10012 28930 69099 31532 44446 65863 
1585 6
78578 50954 29338 84631 92859 12154 
5776 7
87723 49220 8446 3200 53314 4769 45686 
1057 6
61693 24554 9784 61167 15627 31332 
7325 5
49088 28873 7688 23535 46265 
4024 5
8568 47755 10749 90810 38839 
7524 7
70978 54568 87204 19114 2355 76440 60671 
18715 5
45660 19288 44386 40813 93135 
7915 7
8525 60228 31400 78265 73803 24109 11292 
20703 5
6916 11473 88360 15335 62191 
5214 6
71210 82336 70184 51898 7432 70777 
18191 5
14688 76585 22262 35851 78493 
15145 5
4441 71026 9876 43932 31676 
3304 4
38713 85873 62102 29399 
12395 5
47868 53329 90297 74540 76697 
13376 4
18215 65908 28587 15591 
7203 6
63238 52357 63050 30512 72810 88663 
19487 5
93396 69200 80068 7968 20422 
14407 5
40274 83851 36976 5193 68858 
619 6
46577 44959 67704 74662 70551 26703 
20133 6
86239 61778 37710 48511 89647 67867 
4243 5
15417 82654 33485 30050 74745 
7118 3
49742 48614 50143 
596 5
41585 48197 87771 33548 35154 
6007 4
77223 24799 45252 19008 
2754 6
8204 91307 2085 76512 69515 28589 
5378 5
58478 52429 28985 55603 8121 
17675 5
71868 68754 50058 90640 50822 
3682 5
9582 4689 68558 59962 66705 
3055 4
83788 71524 18354 22656 
1666 3
16791 61141 34112 
6362 4
71040 92218 17743 30984 
4133 6
89041 43335 21060 46027 5866 50657 
3455 3
77327 55181 85539 
2366 6
14408 39181 20802 65953 79144 6076 
18558 5
24594 87908 62506 66008 21462 
500 4
12788 92634 82506 29074 
18735 3
59759 35283 26946 
10728 3
73297 18419 76517 
6438 3
47523 89393 75391 
21428 3
29771 69483 737 
5493 4
61405 91548 26825 51299 
2015 3
76846 82929 20645 
825 2
40439 18164 
19756 3
20884 82152 57750 
3291 2
31853 51853 
9284 3
27159 50202 86193 
2810 4
40307 12675 63683 74596 
1194 2
77807 88192 
12081 3
14818 56611 29006 
9615 4
56217 4064 36056 71801 
6247 2
15962 961 
6360 2
49600 9928 
6793 4
42797 9781 20455 17940 
12761 2
91014 28291 
