10
883 215
52393 95330 7594 60756 11386 43826 45176 49332 92797 46568 36112 85547 64180 34029 53892 79497 18825 97781 20901 74085 84548 18029 99218 70138 31038 46662 49153 68718 50618 23414 12250 26248 95676 73304 43273 46130 98684 33019 62661 41212 41592 52589 42250 38003 27085 42916 22124 43615 50627 3768 2063 409 92953 28104 44710 69530 37110 11799 18349 17109 36040 61684 22324 12948 8959 99891 48852 13856 24339 85125 34814 34683 1892 37767 37265 25905 44221 44336 54408 82799 57737 82263 39733 66273 36646 53314 50310 69039 4163 51027 37495 89738 29469 35643 55899 96272 1931 52143 68597 37913 37980 74365 99322 72841 38599 30545 88200 56562 40160 50445 28057 47330 4431 78956 42121 1955 96350 56923 86796 7607 93226 54195 4764 7439 55918 84276 92401 37126 46624 34761 51379 88352 1667 86543 61933 1282 20094 40489 60183 80153 13474 99809 49901 82004 6326 75118 30698 88461 42829 97488 28555 86043 27232 41674 21732 26395 16194 80401 51826 28089 81702 24721 25875 82513 11332 72041 6027 965 80895 54554 31074 11303 1236 66658 89317 96346 38603 37903 66750 40218 19699 43680 7566 83513 11060 35177 71015 90009 80863 1437 12038 22906 17221 58080 34736 54444 82272 92310 3668 44191 55340 30819 39071 47509 75534 68962 59169 31240 13530 50925 55962 91257 38525 27906 42010 
854 143
10941 88441 5478 13583 49275 40209 42030 81616 12531 44300 99380 41555 26143 91113 29044 13209 16863 79599 61155 12701 83101 44521 66068 94285 73828 12939 44630 13677 8934 23266 53967 2403 39005 93885 85377 35503 12578 95467 98727 96420 77831 19425 20186 21900 78996 34345 12433 90870 70925 72046 89892 46512 49892 8725 71452 57199 23226 46816 45229 75153 21109 40214 75916 89020 37721 72048 47730 41137 5403 77211 67712 94871 30745 50863 17042 71382 77643 71192 92352 47922 59700 91803 69981 77426 80549 61486 84977 47586 85982 22176 60696 27072 39636 37028 16492 64644 87162 70466 47525 22019 96828 23395 62632 92479 64515 70024 67718 10618 29401 62533 76140 19545 23969 86316 97116 58901 12482 95548 3062 52902 9265 47080 34711 86680 85372 35565 99508 88507 46969 10846 33564 64214 38133 69138 73701 93486 52688 71733 63420 49748 87320 49382 56530 
750 118
78069 23258 92172 75988 74366 17567 40646 67263 69614 6268 49507 61344 91772 21444 58617 71066 96267 78117 84099 47817 48366 99752 47009 95138 63501 44189 20128 84602 79986 51554 41771 72656 40537 42080 97820 30351 58213 14583 73043 12396 34034 97682 10347 78749 46183 81774 32245 65260 48941 16010 58640 40376 85002 84913 41231 71959 25460 81378 22880 67616 29546 27664 97785 41838 49300 90389 18380 93724 34353 74396 20869 75718 19170 59146 47767 14167 98698 43934 59944 24324 90519 30432 35638 44068 57355 42002 96374 25309 19735 3397 38420 78943 10984 26684 80484 54389 6 49903 99353 78138 14818 33508 16612 32216 44825 83042 40150 45377 41296 74099 80077 47194 52279 15379 76235 85485 66037 13275 
1080 75
84771 16008 5569 58221 43463 69547 63174 12488 26431 66515 60312 99331 89722 99683 22142 18904 82422 60650 14354 82084 15246 25428 91237 44879 5913 32377 13411 42116 19566 33312 58263 58392 77790 32741 79378 38232 13289 5654 6551 45149 14569 50688 15764 20903 3021 15225 47900 72990 1264 54212 13182 78428 26262 82032 74039 74574 50201 19813 5137 21927 80925 88351 54646 55279 86213 47119 55607 40773 44111 86008 14123 71013 64383 30120 71221 
809 47
91202 31527 2746 64296 37385 19201 31535 7140 1102 70210 31402 56317 2221 74239 8562 83292 61917 12172 77947 4826 242 7350 53936 65096 51645 1686 30390 11350 98036 65671 88648 42151 55851 4837 9227 23849 77478 6535 26243 70919 15065 96230 48507 6864 99434 39366 10882 
738 26
67084 44997 98560 47046 46769 23152 12092 66100 3622 20260 56694 50699 59462 93729 24138 56639 24384 3483 11097 47723 53848 94519 83562 65208 45995 17743 
222 13
8197 53636 89567 2125 42306 89224 30048 14245 43983 77302 30806 87903 89245 
208 18
79268 69742 53067 42649 82833 87611 55331 1174 27920 4638 12877 63820 78293 77987 64623 50805 14315 34500 
324 6
70519 69142 90036 51908 41123 97602 
4 2
51620 98453 
