42
1559 17
45048 3451 2568 19238 60386 75279 82200 36676 77699 78780 20647 67696 9522 29150 65929 96098 15413 
5153 16
34755 39776 55354 47886 4825 60735 78364 63855 72226 41302 71611 13303 63622 4812 94861 18306 
1188 17
26564 34252 28116 81974 60406 79965 42800 40364 37486 39935 30279 74097 80273 62063 69968 34166 8083 
1075 16
51512 38656 86258 34081 43072 55787 87863 3785 97689 61518 99497 23211 76035 25146 66825 21383 
4298 16
5138 59372 30039 59852 15327 53407 69950 78870 86438 5544 80605 32491 80701 4593 98465 58347 
2618 15
63616 65617 20671 56915 50410 23032 24481 21154 41529 29614 26043 27884 78784 77052 95893 
682 16
40433 63521 3806 37452 24111 42891 88431 19536 8523 23946 6094 19915 14211 67258 43494 49569 
1362 17
98382 36520 49214 82365 63374 17634 50043 988 49329 83832 81944 72684 17496 4455 24208 31423 59313 
6355 15
32272 13811 57430 91237 93510 22889 75922 16532 11505 72621 35905 75025 88717 70046 56975 
3132 15
46358 49044 63113 81016 72481 3837 68543 2731 81731 97974 54793 75241 7734 19040 34762 
782 13
95361 7827 79604 60750 5806 85656 66820 17516 18409 90345 62039 32379 15978 
4035 15
45433 43835 60904 34626 51175 13305 27003 71594 50836 41597 55474 32001 36958 22437 90848 
5316 13
68155 80462 56110 29113 42093 95051 82402 9562 65705 68775 18009 17357 13775 
6087 13
82130 22464 7909 78839 45709 86636 53862 16636 73643 16931 60713 22443 9283 
616 12
40470 2763 59241 69724 24420 87210 34855 71648 94595 47287 83495 72872 
46 11
59834 71169 22594 43042 78027 52467 29277 43520 11701 47766 2319 
3860 13
96498 7900 51775 75444 71625 54854 71123 34341 87387 66013 28361 79191 44060 
773 13
80781 38637 14124 45530 61044 20612 21199 7854 63694 53244 79320 21989 5328 
400 11
50886 52965 74937 61634 3312 83172 45378 92337 63005 16409 3060 
1984 10
97004 20242 1227 129 97397 79708 22508 31738 87582 45572 
5614 13
56332 84828 54734 15319 28594 84356 37605 32414 66634 82419 29367 74674 43653 
806 8
26637 92420 54357 71651 58317 77537 77141 598 
2747 11
96744 50602 60759 46432 71827 75651 34427 55218 22294 3221 73338 
3057 9
79813 31029 69160 3741 83536 36957 47485 60849 85683 
4533 9
74761 95900 84697 27694 92802 73292 96552 98095 80577 
1974 10
50821 50056 62783 60981 67551 49646 84063 39747 62125 64356 
6386 8
80356 29318 59630 82213 18551 19126 71230 72587 
1074 7
22871 44323 72483 52623 58271 58456 93020 
3469 8
4834 99997 28461 6812 6032 60598 21151 12128 
1927 5
15836 48039 92540 71888 35743 
1600 10
92718 5869 86833 4018 9389 88070 67190 87834 37095 20702 
416 4
51273 11789 47264 231 
2567 6
86323 22170 67249 28026 6428 487 
945 4
60840 8911 74505 79041 
2940 5
75912 53463 85322 42569 9769 
4052 3
57943 45501 83709 
5116 6
15972 84308 54979 14676 16980 32320 
339 4
1250 65652 3280 9552 
239 4
7670 16667 32933 3512 
1370 3
69270 71400 25109 
2364 2
6176 75649 
16 3
71587 68302 87902 
