18
1719 97
14279 65970 96609 23614 44016 58036 24845 14161 73821 47283 59541 28081 41682 52640 98329 7822 67015 3376 21826 53313 38781 70233 12957 10683 77695 22808 75933 71969 78850 77781 53912 93999 83337 53678 12659 58796 32045 95149 34255 62471 7473 87461 42143 4232 24355 86654 2873 33462 8071 87845 37002 92217 22533 74230 18878 20835 8158 7562 92944 84338 19109 11400 51054 57784 76848 70748 7573 15092 31456 75251 84782 68044 80292 77197 3406 52175 49925 12277 84816 81286 11726 99803 61126 99184 48540 91784 99581 45893 13055 94942 10866 78683 12340 96932 23710 15355 76873 
5233 88
75633 71636 35811 628 54426 72112 62518 44428 11626 73029 38208 57342 81147 26094 4466 80466 55062 39631 70360 97662 96259 46607 61338 50312 44773 46189 88162 76985 65603 71602 40494 85461 93773 56994 70377 52478 69470 22058 18296 2809 87363 24352 16000 72956 67280 71727 64043 98263 58896 98571 15859 61528 59150 79188 75334 36456 83587 44801 55841 47629 99019 6239 75946 63208 46480 82372 70908 51175 38579 95588 70923 41133 88207 54279 7440 41223 71882 20814 76747 93858 63381 93465 37762 88054 53686 69779 80511 16831 
4618 68
92133 19781 78015 94219 95081 41860 13321 26727 9213 75104 41190 47404 89462 6664 35361 15247 89763 10652 43227 48157 10488 56760 86818 93335 72887 51427 65017 50868 4796 22447 22210 99927 48973 48164 59336 86416 7125 27103 19738 7555 23584 39041 6225 72863 89629 64874 54569 83526 72575 12645 93254 30281 49087 70162 75735 56668 29801 40280 36308 89931 97448 39842 55423 32694 36450 59794 67617 9537 
1268 55
87205 42638 94261 9566 21413 3289 86928 25285 84082 1513 60734 60860 59974 95993 71617 51623 53896 53805 27265 74854 18831 13127 61237 19970 40843 36122 83586 26112 10974 61394 83493 17719 28 82540 45217 34264 37603 42664 46909 54936 4041 89273 30683 58456 35165 18349 91111 26594 26564 45790 8994 90232 22300 43534 16263 
3565 66
37604 96108 18631 10509 38560 32128 59295 91898 86154 94574 66487 68115 23159 41529 6587 73390 99851 11357 62926 35601 11074 7502 80403 39752 2849 89737 51497 65253 5461 76087 88533 49726 97110 57498 82673 59242 92278 65486 68753 77912 59296 4666 18770 98824 3283 5631 63276 1036 17226 16970 78405 14800 94820 89503 70634 91330 6324 83884 9458 27804 3643 56861 81455 65194 7492 12871 
1438 60
58498 85071 77317 85986 97217 99872 56398 41436 22478 23608 62817 75247 32177 98206 91447 44839 89988 65644 10819 24945 45353 11040 10264 649 92250 43623 74482 46586 63402 36639 52823 37390 2370 29772 98403 13478 55458 45412 30198 56379 49213 93966 80822 30736 91153 6383 55659 40611 64571 10981 87021 71804 34185 16546 99457 9867 30622 85280 64438 32745 
1820 45
80283 66008 13122 58543 13435 41351 12562 46115 80518 90757 82424 41530 81558 93603 94496 44746 1569 52444 73275 25776 66488 93300 77059 12543 36109 13470 9588 80755 97805 17003 36519 22480 81000 3956 96084 47841 90972 24270 51317 18013 13498 68880 6984 83936 39970 
6206 39
48400 57526 5083 51292 70856 18007 68078 11699 86151 61823 957 32937 78852 95071 54779 73382 96495 67970 94064 65694 20419 58982 52679 91088 14986 95768 76164 99550 19931 5380 79817 31503 57882 55555 64205 50459 45686 22510 78557 
2926 36
93132 88174 94378 40691 97833 61085 98275 71581 89450 1691 50219 77745 77333 86056 55502 79300 1260 34581 1733 98587 80674 90734 27553 82443 61699 77089 13583 54232 35494 69139 88750 74507 26431 69827 16845 84425 
1116 26
99056 25244 88929 53289 33664 86293 20725 53691 94114 25254 25460 34527 4825 72744 77865 56855 79518 86100 16088 48244 35700 37175 48367 14086 96828 8963 
250 24
48255 46504 84617 15978 8804 13873 17423 4142 25187 89097 26030 23723 46288 50013 22353 37479 23233 39649 29450 99259 74088 84302 21986 65892 
1004 19
10464 84642 98432 25420 53232 19994 76421 44153 32458 47335 86891 38592 27752 64469 93165 28041 37964 57953 67006 
2869 15
35062 87581 81486 82194 9001 65731 50115 29509 32028 75724 99578 81066 55731 53302 23955 
1044 9
53440 52777 79714 5087 73480 55640 27886 97127 39537 
206 6
55901 6326 91008 91354 44757 87270 
2778 5
11089 25575 66723 33141 99026 
4277 5
46503 71625 39212 18567 71074 
11 1
14728 
