37
5116 11
6483 59017 27004 25028 15790 39502 1017 51589 20452 60287 28828 
7999 10
27759 32473 17122 37077 31944 16214 53521 40140 54472 32510 
3296 11
53542 16698 61665 28847 1607 45453 50728 14260 56585 42070 56476 
6140 11
43389 23855 29051 27140 56817 4550 25304 5505 21150 14776 49464 
9858 10
20611 11275 125 55377 1907 20337 34479 62157 9459 46651 
198 11
45260 58353 55438 4626 28815 61390 127 58660 57349 60000 38749 
1006 10
1738 59040 9740 27318 21973 13578 32773 44574 40652 20867 
1899 10
40240 28612 40730 32258 27548 2997 26159 9276 21419 40591 
2963 11
38815 6644 45378 45416 42457 55230 26529 38243 49789 23750 60729 
8533 10
57481 59226 3791 28534 12964 42662 41108 1097 42695 27537 
4908 9
45827 39226 12364 27629 34468 12768 22669 7789 51027 
4288 10
23416 50010 48032 30629 55887 18006 54313 3734 34061 24953 
2188 10
46297 36212 27605 59983 26034 55351 60240 7224 11143 22480 
7913 9
2676 4063 31003 40188 57210 28996 53362 37560 59269 
798 9
14919 1785 35138 24397 54080 43173 7376 55425 10756 
2900 9
5577 61241 6929 55353 60931 50012 32424 36825 8786 
620 8
554 37215 60538 43946 17934 59512 42923 6105 
709 8
3749 34710 41979 14072 44084 20873 30924 20828 
4967 9
29668 20761 39103 52246 10621 18648 32016 40112 45087 
2191 9
25009 52625 53209 47102 52298 55641 58448 44367 28123 
5616 9
41249 9050 24310 27495 30331 49991 58131 30995 58188 
8118 8
57537 33712 2382 13679 17005 17478 12579 9605 
7093 8
23662 12346 42370 55743 49026 46321 10577 22985 
2426 7
26496 51913 49112 60152 46552 32785 9397 
484 7
9649 20350 42646 4192 22470 49723 18697 
365 7
35649 17873 13363 60843 38101 3105 35111 
769 5
56082 52128 28036 45498 25806 
5391 8
33249 17143 4160 41232 15145 5588 45371 46158 
7224 4
14343 37960 25712 33054 
1347 4
17973 9484 13223 52472 
2075 3
24636 25714 52174 
8055 3
24613 52400 17798 
1722 5
33437 36395 53552 15228 22663 
4344 3
247 833 53001 
4445 4
42094 61232 61603 9678 
5417 4
48898 45631 34769 22711 
8 1
23817 
