62
1633 13
51586 47411 75234 18394 7962 75438 40119 78209 19118 35181 4949 69707 88109 
11964 13
2386 27785 73116 67480 84436 64032 56509 76884 57548 78846 80528 11560 71365 
4446 12
36016 42268 82244 21730 12464 9837 33343 76703 7171 43803 25787 62688 
7999 13
17372 30875 20759 9160 42413 85211 1496 59636 92475 45295 74799 72696 36350 
1162 14
51434 94836 746 81819 89303 5543 52221 60744 44191 30160 7189 79097 22028 71083 
701 14
62646 80406 87483 6646 50389 76956 40609 69728 70577 28158 59860 8773 48937 12145 
8869 13
11446 60993 17731 61741 80073 62748 30963 11803 79201 13577 41650 89255 13360 
1289 14
47188 87345 52080 92080 60858 8920 72086 41207 79004 45598 33137 70607 34652 61628 
1065 14
71879 10649 62793 82449 57069 7560 64668 71773 82159 83706 9884 46632 27286 30649 
85 14
62626 76101 16801 11074 20782 12561 94471 76888 85054 93962 28329 57310 51988 25829 
12555 13
69100 42313 64251 4491 79893 49875 77308 10321 7197 19370 95108 89465 65136 
1203 14
95038 2219 74423 69636 87006 23925 95311 51934 70803 87662 32251 25415 13048 14782 
629 14
50062 4171 33993 61087 91965 81938 42107 62556 89488 35008 35474 65048 31087 39359 
216 13
21307 56056 96663 74981 47256 10239 53685 48127 48941 45379 12169 30478 63087 
8091 13
4442 93722 59022 33401 81852 31946 78710 82641 57419 87775 25901 52092 14320 
1026 13
85440 12511 37869 70048 93781 28719 93392 42622 128 70398 7225 46374 88193 
1021 13
35887 63875 24336 40591 66515 68703 53132 3235 33770 24492 37429 34577 45312 
7766 12
6263 77649 56358 89175 34969 61441 70899 5247 27621 16951 93895 60660 
5066 13
73572 88375 13929 17137 19289 53523 49719 81291 85347 2717 24054 80957 96144 
6801 12
42426 95828 71561 12215 22905 79199 42666 59024 51061 20075 78904 30619 
5869 12
36630 53626 51149 59972 36287 89012 8566 104 45650 75209 90900 11351 
11875 12
14848 70826 22222 91933 68500 28190 24450 73023 36327 67074 34359 54390 
523 11
28600 75114 23083 49961 77456 79340 87442 53073 65797 39650 47024 
684 12
15131 18041 38650 60573 79209 73845 95063 32647 6466 64067 52035 94405 
6917 11
38427 18492 81265 52857 96668 8752 64724 57980 62559 89450 83975 
1466 11
43010 30658 92998 11004 10608 78250 71572 21067 41968 93442 13124 
3300 12
6602 65970 76208 73809 72730 23896 24302 78689 6916 87998 31079 12920 
943 10
4676 33073 67138 32764 48407 32116 77873 34748 93897 7131 
9263 11
7194 20168 21855 74072 25681 36341 59342 19558 39574 11636 70307 
12415 11
71486 41189 53194 44289 75410 27606 49147 73646 35877 67204 58961 
8858 10
37540 73391 27210 68782 37728 15533 94475 45032 26686 36588 
5520 10
8929 29634 7542 72237 23373 61092 45011 64667 18777 5309 
5898 10
15952 30333 82674 43890 31338 8578 75918 61847 3563 63239 
8852 9
93127 17581 25877 80850 44671 6346 19451 9284 16173 
1110 8
78036 46908 94995 93655 48874 76105 86053 32543 
7618 8
85090 96513 58478 90958 86603 87319 93785 91624 
1698 10
4195 5745 69772 73613 6213 86616 13605 35484 72957 38712 
5281 7
42672 86599 37576 25491 26796 27932 52533 
6661 9
37600 37730 93166 23711 64886 66902 32233 50829 59246 
5441 8
16868 65928 52428 68653 96736 58174 69095 45104 
611 9
86360 39346 12188 32009 23901 59281 17959 55324 26531 
5178 6
23388 4553 71591 82713 73153 12924 
6301 6
58538 9673 10020 28167 48908 44798 
12240 7
1410 21949 16261 37492 11051 22562 48255 
4120 6
27414 88379 31305 35353 31786 66232 
13294 6
27170 93059 12797 2327 40152 6375 
5638 7
24199 39531 63429 94135 38779 24371 78480 
8565 6
50183 41807 69857 74006 41307 74431 
9688 5
57733 75781 37664 96639 62132 
806 5
75622 65886 17746 64270 24751 
6684 5
75672 722 422 42374 53583 
2391 4
86828 29662 10218 17151 
3050 4
76075 29054 27731 47120 
3277 4
90131 94063 2661 44894 
7417 5
82360 27489 65143 31151 40930 
12209 4
69732 22866 87925 22407 
293 4
54674 22991 57529 84446 
705 3
95291 47962 78156 
9723 3
35209 16629 96856 
4796 3
87361 76124 66205 
8561 3
63131 66166 44480 
49 1
26687 
