13
6123 101
86992 54398 71709 79094 68997 48022 98871 46951 50131 63896 54062 66839 50114 73403 36410 1648 22967 34135 36817 53250 70789 8277 67742 64945 77991 49352 76610 42349 51024 10178 33499 40270 96672 63628 42189 61902 19571 60778 93486 82698 83565 97905 8946 41192 68927 62462 48483 50770 54752 88375 34976 79038 83241 93259 34370 69115 30614 44845 87376 31244 12180 11088 19293 85825 93871 76175 81602 64490 31972 16679 43456 24137 70233 79819 55481 19355 44697 33312 44877 91492 94598 52165 22646 57886 51040 55172 96534 20641 26096 15738 47731 68912 37727 13426 57252 85716 23204 94995 52737 58556 93538 
4368 84
51358 87544 54956 26636 74480 45190 32388 81489 56980 60648 92101 55972 2227 49215 84790 48288 65291 72601 83570 20696 41956 21250 87379 43474 31194 4271 70946 6584 48983 17938 69400 24248 79227 72685 27817 3977 982 32177 20385 55896 88058 48537 15892 17931 41347 87547 1590 12040 28876 5650 90765 58621 24541 95035 44019 39250 60847 63583 34662 81420 17044 24811 28038 19011 90134 64195 72604 56262 76409 10343 57731 11811 21172 89943 27174 61978 41684 91562 97396 55122 60269 68246 12627 38734 
7999 69
68320 92918 43569 72219 87651 76779 67963 79457 26543 32234 4371 66031 7864 44254 41831 31418 51605 42345 33493 53829 24201 82551 21880 41883 61558 31741 5848 18581 69951 90334 90000 42858 12922 20416 51878 11559 20889 3741 99165 71014 59373 77381 23565 50341 38747 58408 61546 95954 41959 99779 53388 87093 71118 45242 78616 98400 77071 576 83392 76636 5375 34563 42004 45813 27796 82407 12422 25008 88856 
2906 47
67282 17326 50053 34398 75484 53625 66444 99023 52333 38574 88282 93759 9834 4067 2491 78494 73781 41411 72998 39911 16182 48044 39483 23003 5348 35154 80070 8362 79428 99847 86844 67250 92989 26260 43634 91418 87822 69632 16976 72611 24076 40037 75879 5412 55588 34349 76118 
4818 59
46971 28285 66914 15643 79296 54975 88488 91095 47237 83285 2602 43801 79158 69137 66405 70792 97785 95342 23670 6672 33843 50511 65526 17563 47837 36533 55540 32982 35286 81793 71561 41303 39097 41037 20098 28584 43194 76065 60813 88657 53149 45441 24451 24671 81825 87915 1690 86884 50860 83404 67444 52557 76568 82259 21801 59462 24687 17731 56784 
4606 46
24934 5401 13419 41511 87278 79955 13021 31096 54978 76043 84720 74043 24506 73861 96964 81499 32633 831 75716 37845 81905 80691 25153 87618 88870 1517 849 83309 46934 94145 60126 43958 95089 44404 12318 45796 90629 59688 77571 3585 92259 98306 10660 7648 7222 63450 
2004 40
67012 32361 9831 56197 99171 28638 72534 42243 42630 24116 95671 90355 89164 4097 72553 20070 33551 87235 58451 40629 80330 90683 28666 65374 87220 45655 15331 37852 67260 34691 85276 76767 30619 17878 19278 45333 29457 9399 26629 53604 
8476 26
73511 25082 55760 3500 72752 51405 52514 4860 76716 3061 88597 44243 29424 24821 31064 98999 8522 46195 64580 61184 5091 68763 1083 65609 69560 84255 
997 22
56706 73527 76297 81603 92908 34895 40247 57646 93012 39286 50892 66219 65855 83142 51108 30493 26264 40250 7947 68733 28743 1339 
6573 17
48456 61506 4207 32248 8967 93128 6340 39399 93541 58986 47218 71504 16632 63853 39509 54216 70306 
5214 11
94082 92419 96878 19536 3057 423 75845 67746 30012 56472 69290 
7913 7
11874 50859 88917 73032 14494 12798 63683 
258 3
32933 73159 65159 
