43
1431 10
45739 48694 49659 26707 50472 14855 70714 26379 8658 77156 
1124 10
25149 52787 65302 22334 48496 71929 72720 75215 8042 86977 
5089 9
55716 18872 77221 14323 93390 55100 87108 67392 59595 
4042 9
45507 9969 24249 88396 25611 78426 18635 39131 55703 
1263 10
39847 15211 16753 451 74302 41247 378 91004 63139 33681 
247 10
45787 25432 74680 22914 22431 34947 31403 42500 35584 15485 
268 10
73485 5068 9176 26182 65155 28805 74797 69308 52238 4684 
1204 10
45007 59620 28773 26435 77327 21154 8453 29331 47465 68031 
4284 9
24862 9650 2517 89637 22647 59422 94940 9870 67914 
3189 9
36465 9716 19514 82639 21702 79196 21570 72611 56648 
472 10
53537 16006 86424 15248 15235 13964 60216 35405 38667 62232 
2025 9
32491 21319 32175 15566 70491 10741 49046 93265 41416 
546 10
49366 63648 23125 31680 82248 90657 19225 38104 73496 93962 
740 10
93458 6413 44291 70546 18189 35915 92542 33777 89433 19611 
1316 10
80085 152 8372 60303 12820 39641 17774 6617 76870 58391 
326 10
23199 12431 24808 54747 4804 82977 74626 18891 14297 38988 
1123 9
45344 88638 18057 68006 77261 5582 19990 53436 4826 
1197 8
80858 13368 42515 75602 55260 46444 23175 48123 
154 8
33385 83900 52196 79697 12047 3886 11198 89259 
6002 8
70809 38396 58366 38834 37752 80027 23328 16884 
2786 9
8776 31128 42562 57692 81574 22761 57980 34208 78173 
532 8
76924 14302 83969 82319 39859 18336 93483 94985 
6036 8
78460 41349 25785 55911 65798 8297 4834 93331 
133 8
32954 65761 52634 29035 1122 83217 28835 26336 
314 7
53169 74585 46667 82522 60723 38484 1447 
870 8
51046 33998 8798 91304 91429 28084 1139 60780 
184 6
31281 34939 43754 91465 9542 12570 
6359 5
29464 62608 26549 65780 87685 
1492 6
64926 24840 54490 39735 67275 61247 
3850 7
297 87942 50898 78576 64232 4207 76614 
4712 5
34492 80067 12679 94916 44672 
2741 6
10575 49222 83351 83786 36740 15507 
6033 5
50856 51074 35559 27256 12848 
1351 4
3590 68053 55209 80471 
2709 5
41895 54782 94315 48448 54424 
170 3
68456 46191 95141 
4778 5
24618 49981 39521 72388 69876 
613 3
52960 63106 13113 
1704 3
44767 84861 24169 
5009 3
74665 72603 51068 
1032 3
65251 35523 86177 
654 2
67706 41805 
1171 2
43828 62086 
