15
1073 142
25322 83063 76525 5335 41408 90448 74380 53127 63102 63414 80845 84276 93038 33241 15307 92249 6268 33524 4697 9271 81864 13336 58838 90975 34198 79617 38011 91734 38232 42603 96570 99322 4237 76589 57513 24926 72629 57560 98153 95835 69034 70845 68782 13954 16033 19448 15653 11891 45060 65814 98426 52135 63083 70816 34640 4957 23317 2785 45398 33238 89997 56700 51855 90125 20071 55543 43880 36600 71786 48556 55629 54712 13405 29195 56692 46135 30931 81634 11473 16838 33235 39894 79844 30091 33832 24232 39193 96969 26922 75498 1466 27607 35248 15950 16014 37609 13128 82745 19717 26414 17010 36913 52646 9524 62950 29159 33697 15327 2084 95518 86367 98945 40914 68819 921 37895 79567 92116 72344 39658 61902 89062 19206 50187 991 27853 34142 50520 28446 66118 43527 38321 16844 14025 4571 75008 27639 82827 59841 35189 81181 61545 
945 120
57477 63307 15455 84067 48254 94086 68047 60399 61565 74588 32363 45237 65582 74652 31312 46837 83056 92898 47206 51982 60529 31340 9906 34021 77535 62770 7095 67582 40082 4622 60238 47061 77889 70839 31358 6052 64651 54781 29660 56938 28946 26509 6688 38894 91545 79818 28324 83190 853 72676 94854 17677 93712 82993 51515 54764 71550 12565 54833 65069 15363 45012 82860 13815 23313 77090 85001 2886 70833 11166 31724 67056 3668 9060 36751 29738 63790 70767 26181 68285 19447 1559 17060 29809 58603 33972 17343 15430 3602 36293 7445 29269 86934 1260 54006 62715 96466 71383 53258 5601 13055 67494 51637 5705 69694 89888 32158 43641 81430 89669 88493 65026 8076 99086 75618 42736 80916 56634 51828 55362 
3326 99
65513 22991 48845 97921 63654 82774 91918 36565 28353 21155 20110 7987 35931 67496 2551 93730 57294 51628 77906 69625 27371 39364 70096 33605 49746 94544 95143 13326 71741 50018 99080 72649 9368 87317 67356 86218 42896 76642 65151 57896 81316 74188 81294 27031 39748 77922 22040 85241 20543 86932 60385 28537 62293 48717 65003 39444 57784 87693 85524 30486 41372 13698 1642 56660 78489 89456 57140 42469 77744 71265 61976 2111 66226 8855 76797 41008 54717 73513 69927 76623 72962 91395 78770 67295 61233 80661 18545 69246 66105 8160 10267 59445 31222 72010 81109 42055 16990 44530 62796 
4910 72
36701 23713 52177 61299 58775 48375 29532 33150 53072 51705 4546 63598 95717 7444 64967 79363 26390 33874 46809 96483 22030 38763 84549 32053 24647 60073 29848 10654 27290 24572 49098 30326 78874 35067 78500 30550 99904 64835 85417 26191 19793 83092 64031 52623 65219 66132 84062 82813 49534 31296 79500 93381 83179 47449 34152 64664 73899 17549 39038 41422 59819 67890 41754 93164 96949 74645 96477 70637 1398 33434 6500 77542 
2865 82
1197 18108 88500 97761 94993 39799 74598 41337 89838 89473 53546 24019 12040 74198 54768 77332 79155 93826 98127 93515 12875 52240 78045 55416 68705 601 55183 88666 75623 82657 35882 47737 57021 96862 17181 66764 38782 97864 54577 93717 26069 90084 77583 41882 24097 70064 92119 59110 77946 72533 73250 52165 66454 93313 71259 62287 85160 30857 94654 11599 78983 18359 92838 10135 43251 37073 70747 36653 38095 65996 88125 6863 44236 75940 41625 76444 5558 11854 9841 30669 63960 11931 
706 71
93881 88535 98097 97321 88444 88648 11027 22950 78504 1037 11197 92197 64339 60148 83197 99298 98014 35066 38384 92740 83158 11794 61815 27939 61748 91788 59602 46442 47307 5498 97123 50148 60273 16133 70987 44485 19582 94258 8585 45510 38815 2581 2277 12793 6265 70707 42657 74884 19351 56447 47653 10155 65752 12614 87528 15075 49023 4167 62943 53233 17829 45150 54612 54964 72733 97237 65111 45040 81787 62451 13461 
6681 48
67209 33267 56649 89833 74638 23290 73607 16847 97161 17651 47451 54596 86532 51735 87505 51968 26002 88028 49943 4414 20745 86562 53765 29460 82247 38714 68840 82594 57944 86653 91493 1312 76912 11803 27131 46712 80116 16468 52062 68870 7265 43528 80417 77446 4133 57414 69720 98443 
3335 46
54894 82853 32266 49670 60183 58368 61231 66977 94723 33004 53216 80792 41568 13008 35027 19238 75332 73584 48627 43902 30232 39710 34675 54057 33790 67567 13617 78176 97892 90627 74733 11400 70269 68084 52283 81670 55876 94664 31354 25897 15457 97698 76606 58799 30313 69743 
4062 39
78150 21801 14477 90613 37413 96765 11040 66957 31359 46628 57185 84646 36012 9544 65712 51517 60322 94346 80672 52879 56438 51812 9086 47798 21254 38020 78552 44675 72183 15399 4990 79161 362 74541 82965 43974 90694 77325 71347 
5806 23
87930 16527 51929 40184 61186 89840 41285 63240 83750 78779 60372 12493 37224 93446 77925 54482 61030 15251 97154 73561 6454 57228 64414 
4445 19
23461 68041 53060 19319 36458 19914 59448 78522 40559 37553 83235 69104 43930 63393 26607 57263 99666 78062 54020 
2647 16
13014 54469 52192 65132 21941 19536 19329 75695 9719 33001 64934 40140 23465 53661 88308 27539 
6749 13
92709 4202 35052 86026 93722 191 10387 32097 45934 15267 81213 93519 7977 
1015 7
72300 84213 24524 48849 35393 97001 24710 
2733 6
4152 94623 32368 86537 70210 40479 
