19
5755 106
88067 10641 57800 87254 7 31032 93983 10988 98530 64749 64234 9752 49377 31205 91647 42723 94597 93704 363 22470 86454 24543 45404 70011 83191 39478 57414 82377 91413 11115 85930 55007 50637 71400 50141 4179 31897 36804 36788 86825 84183 53319 2704 98952 57317 89833 96388 63651 18626 77277 33534 48118 50894 89115 39693 21641 31314 7750 2575 30057 23011 1370 11577 57273 14007 25531 42046 34835 20285 83407 75982 75972 48222 95974 38692 75062 39208 83909 19302 30514 40042 91478 24095 40555 63461 30836 72913 40320 6186 490 70944 44854 88785 17832 48288 24337 18365 75185 12880 81113 12404 45623 99979 15575 66988 1777 
7999 97
4800 6102 56180 48078 31487 96802 33883 95926 75646 45183 80441 17435 30037 48098 96276 9122 48387 3623 30474 70236 16995 6325 57961 47141 69731 78860 18016 75500 49068 29438 92332 51343 4775 11191 93843 75416 5500 89982 62433 60173 67699 81598 67692 3865 52139 4139 5240 74635 51797 67851 66958 41471 54349 8733 13261 38617 76956 66503 13133 98205 81546 36242 76589 77712 78252 15612 66562 43299 66979 86751 75316 86040 23443 74715 37087 23490 69775 35341 7260 8628 60310 41790 91533 82578 66521 71435 373 47264 22175 92781 89764 65269 59328 6062 43466 81837 25619 
3264 83
70571 92209 685 8746 65747 32262 13963 8239 69886 65097 30796 54501 65093 1748 57156 46929 31932 19607 57922 32452 29339 98872 94557 40212 27832 989 81720 87198 73365 70280 63910 52086 57518 25189 74778 64175 91017 8952 12334 74285 87386 25804 33676 63274 60045 85477 51984 38329 43205 55179 14956 46177 58602 22707 97663 99555 35398 63709 78646 8502 36194 2968 36545 47661 99838 12685 71698 78406 50005 58359 31371 34619 39873 29215 67022 15901 66644 59821 81738 7690 1533 23300 53440 
2538 67
6479 48161 46987 46001 80789 52319 87274 68153 65228 50810 20112 45347 23033 74463 55067 13390 30079 20732 9754 35528 76861 34400 41565 87573 87853 14809 520 99799 93222 85865 49350 65001 24251 90312 636 61546 26910 65046 78544 36286 82305 39757 48549 10547 56492 24947 91123 66732 56271 53409 73627 27981 41157 27911 68813 11985 80879 40262 56366 28968 504 68092 74949 75537 18996 41518 81109 
2824 74
38654 30744 94264 98253 77860 49316 59387 76734 77644 48583 39500 65297 96029 63308 3087 56303 26596 18053 58108 72805 15861 49040 87978 81874 67082 80923 14920 45276 46722 99588 12824 93891 20911 69421 39104 6868 68449 69793 52963 44896 26449 54306 56618 94970 5379 60700 23663 34027 63301 13207 34167 92518 47511 85303 80265 56142 65576 42651 47478 5875 24281 32009 22018 64940 74535 13316 97549 48505 22215 17010 48133 58147 78731 7093 
8689 69
6084 85371 39904 46961 14794 23812 50010 20535 65684 39139 26814 33995 35607 87825 30292 11259 47437 34521 71815 29674 96671 44741 9327 60886 14276 60809 8381 31379 72269 95084 32684 28656 86286 11145 35837 46452 85078 48317 47811 59970 25753 29601 43686 48575 5448 4943 76211 94499 32072 93276 57669 79978 56090 34471 63586 267 41920 61287 95435 37239 8991 40587 72635 44116 98455 34550 655 64867 42895 
5574 62
26183 71066 25144 93865 27589 73397 78876 33875 17086 8499 81434 87229 9998 85885 59012 2723 49560 49988 63588 14005 97263 31016 52561 93678 45022 77981 61875 71054 30055 84826 87678 20437 45552 13792 46327 16914 94795 8281 60188 63821 34863 52221 99999 34503 69994 38893 63829 41088 9565 25103 36899 95658 71148 28786 44366 22709 11953 22008 88601 60214 43472 92534 
8528 52
85678 30376 23039 55844 30435 93827 6514 86092 39546 10921 29870 17483 41184 52898 78869 63044 9434 75567 31096 32706 7519 63529 54646 9001 63138 66441 75195 82210 12025 72960 32298 90735 98500 9914 91241 97628 68641 70533 37457 9623 23820 65225 24162 89676 2952 51482 72196 99991 2358 9803 88763 67742 
4166 40
62721 98179 13140 22864 88483 96953 42113 15212 98630 59891 3428 63268 99036 30915 40414 92981 44578 23984 27088 98173 14490 42997 15570 407 7837 6851 75467 76162 40198 73824 27686 22800 73285 80363 96700 5397 19065 24188 13030 36683 
5848 37
5447 48683 66343 90078 22242 65271 47166 74666 80384 97881 55849 39296 25059 82316 18687 73546 82958 76940 63944 14650 85661 17835 97311 56680 31842 68343 26802 8426 23631 14546 26867 18231 21546 14071 44662 38585 87285 
7339 28
50094 55228 41990 15158 2852 46764 79848 97712 71310 62346 47176 88306 11281 76539 70137 34687 52914 80072 34414 19132 44783 78454 84899 57486 49734 44271 74299 82508 
2934 28
63289 87160 8282 3236 5023 72352 38179 69277 6531 14158 93705 33716 42260 42227 75694 10696 67031 98906 96893 76834 52445 88820 93365 68369 37897 25007 70508 77062 
4197 20
15963 50600 85782 77804 33851 71293 26906 38621 9675 64290 35997 14565 61586 93255 65156 75376 50280 28691 32677 88050 
3753 17
33954 78590 15233 94438 56859 94370 34825 85294 65253 72095 50105 80180 53637 10290 1562 98964 15331 
4435 14
9679 29213 61805 20664 99521 54404 15277 82073 4056 33371 27425 21649 4300 56962 
2028 13
18264 54038 87103 67839 73708 13982 41936 46705 54453 92639 80443 56879 33477 
7303 9
29337 15753 17005 86495 71563 24060 50193 84697 42183 
7987 7
19119 4431 26364 58749 36463 9739 89559 
557 5
56057 28420 91564 90505 88283 
