15
1191 132
68529 82072 69848 29862 83842 25835 11905 8918 64708 87145 30953 91948 72154 30666 42059 23662 50564 98698 73770 35619 64311 1320 5753 87282 10668 67692 96564 75037 31876 38768 42146 87132 9251 92348 50546 87656 15091 26843 56399 29375 73625 41574 58292 6377 15058 17253 89719 46865 30806 24164 86463 83740 38130 42873 69508 68723 26126 25707 18440 37946 367 21780 549 6454 71185 8167 22277 42696 22743 58331 94510 45754 5838 38189 47235 43006 75015 30119 91761 77692 89161 21353 97202 33908 11035 31365 14735 78900 96429 242 57529 72810 55501 71050 15653 28964 38576 82831 17101 69257 86166 30345 88764 13285 3076 78407 39305 92691 48641 71153 33478 35263 34414 5968 73970 7573 43934 32104 31753 75687 12510 48700 73488 19231 18507 29685 3462 81323 1876 19049 9133 98858 
772 108
12831 96730 51050 50087 10396 11226 51100 29745 30650 52681 63890 79820 66485 54146 86471 93677 35008 68198 47562 69497 48527 31203 78154 88340 95283 82715 7484 46494 17053 16845 27531 29316 7497 53583 47323 61565 52404 95402 76333 2510 16746 69976 54278 90323 63442 29956 4263 77127 97109 86128 89506 43755 54127 39038 40537 87402 66391 80701 11962 86416 1544 87866 20978 92851 89687 58726 54000 73196 57274 36978 39156 94095 53389 35684 34502 97851 67423 70740 66305 70692 50413 94861 66336 43701 39718 68946 7549 1054 27778 94377 81475 18831 17361 59520 68828 65191 92987 416 42289 20680 56429 32249 49845 48230 64391 4038 6905 78425 
764 89
62999 46431 70307 77796 32044 99650 92936 26819 53779 25599 42814 23407 6707 30080 36551 15600 66794 44069 10952 37016 34681 99432 25759 60112 94302 87095 80254 69387 27883 21193 27203 37044 53973 87861 62432 56116 87102 84012 42412 9309 79844 19573 74468 59661 43466 11376 11135 44384 14964 3878 36425 87713 50071 15821 60454 94884 66946 69639 55626 90512 51954 40319 6148 83068 42595 37908 22391 12936 93983 66328 58886 99420 4079 11448 9946 56945 29600 46091 35027 79920 97832 55304 19834 5800 14458 24904 88424 64589 97776 
1004 62
57814 1579 20104 5980 71209 7013 58102 19296 54864 910 27525 66117 50709 11740 52068 97258 48241 84107 70455 48325 33031 60027 67391 45321 22439 63057 96294 18991 91722 50720 24352 13349 39091 6260 33833 44687 62810 9332 87232 74728 21714 28024 92471 55181 83999 68096 60743 67871 87891 3216 60219 82686 90065 65847 18656 60552 66957 4220 21472 39224 57359 27022 
1177 75
81096 34788 294 54639 5582 19154 71838 20737 44635 45585 42884 74307 75985 51117 72135 29551 51286 74653 56031 59667 71779 25000 43611 18340 21574 5442 53 45035 31057 6799 11250 68471 53775 51084 38851 560 8449 47021 39310 65046 26399 15973 58145 96609 43914 33030 94 98735 53330 70033 66338 51263 92260 16897 14791 12232 40397 10691 47906 79440 78697 47552 5780 8429 46478 25704 87562 13369 18849 45726 54843 56732 8409 8012 85093 
876 54
81779 45262 47852 77390 32568 10497 67832 93678 75673 97809 1194 50854 62115 24385 79826 87806 39308 2393 62408 16917 57328 56533 99433 6409 67443 14800 42822 50464 45215 98933 89131 1877 16217 51919 36070 88434 90243 10339 56766 75034 71001 48465 18977 35354 61834 39393 71294 58914 42011 80696 66105 25543 19121 24282 
157 37
34886 22905 38511 3692 23928 62940 99788 37125 53697 47399 73355 13356 41877 82526 28769 24956 95934 79670 17687 73432 16228 31168 67679 70609 78278 71658 91448 75328 70146 6558 95909 1152 50088 91323 9628 66942 110 
328 30
47756 56151 81993 94745 28253 57404 84663 4256 50848 10212 96991 55081 64229 83950 20632 113 53137 41008 30265 5551 65784 40809 33736 58541 36134 95512 2150 97917 90310 82186 
185 27
89608 48221 53190 15165 22815 6008 6613 98549 74768 3784 53656 83910 8134 15461 92836 98701 74481 16438 3973 2022 15071 40175 81709 37493 99695 71245 54187 
156 20
20018 10464 72849 8566 58520 83456 21425 19682 93023 42728 21927 52326 28697 54992 3057 70364 94509 71721 50691 55952 
1202 15
40638 6690 92683 61799 34575 68983 69041 74888 82175 10942 43932 93353 9420 60983 86778 
668 11
19552 76517 30556 77185 23653 70766 16677 78257 25136 3984 39380 
1220 9
21678 54608 34256 17697 7579 61598 2996 496 73337 
547 4
15883 42483 5939 62202 
44 2
32418 59529 
