40
7313 37
59189 6388 62048 9872 17946 73460 69458 61718 53380 68051 76149 27885 6687 39829 58191 53086 21291 11989 83253 51893 27154 49673 65002 68365 41109 19090 68964 77052 39470 25194 78165 38701 27306 91726 33339 585 31673 
70 36
99652 59330 32536 6878 99657 48712 93461 21463 3315 63560 77362 3468 20774 22640 45457 16102 12191 57279 35860 59811 67972 9899 5863 49803 26457 16633 4258 521 1015 34648 95982 35486 73854 58384 89327 99184 
131 38
71734 97903 47242 3569 86293 11231 23086 8510 87002 24833 64774 60627 1326 34834 77315 30875 64223 59346 91039 54618 67806 13914 99125 91103 352 32399 31237 786 18621 42216 93915 6343 52232 23599 60041 94035 91245 92649 
4096 30
3238 19564 91903 29267 86474 79231 88611 74091 62212 90049 29217 65778 95300 33594 59572 68296 81387 70067 69204 64822 50091 49703 20875 67714 42887 76177 88740 55188 19680 11640 
194 36
32912 30670 96740 90069 78595 38954 15995 41700 22267 28210 5112 30149 689 73203 826 62096 72188 19104 71536 19216 45166 73989 9196 33948 53677 79951 69306 76008 22134 80485 2691 43168 80940 47517 45152 89203 
2909 34
2705 55800 7888 23110 28677 139 88997 36759 59248 89420 98288 17635 21082 37816 57594 98678 99948 46256 62842 59827 84509 45024 6248 72156 34590 96750 49768 64643 1608 41437 33608 58502 64109 21187 
1068 32
54518 98750 24835 66245 90413 25922 39999 33995 91742 34378 35779 17027 9163 39240 5987 7847 52976 4956 60440 4575 5247 79364 81239 45980 83284 37424 14300 90963 91833 2583 38848 36406 
1465 32
82019 32127 26633 26506 91932 18049 37063 91615 28844 77427 68597 88444 75743 41583 19848 44732 59160 69442 25508 75203 59738 7042 29771 7304 54829 38216 13895 80378 95394 91247 10398 75907 
3691 31
2586 94753 31113 47087 98859 52019 91974 47658 11835 78817 97950 28456 46262 12241 68192 79741 16174 89804 84715 24962 20434 62795 83092 80818 36467 80330 29002 62963 86895 62546 36246 
3236 30
49968 11409 71982 70407 12619 80032 58418 9023 5803 82977 68702 76336 21251 98027 54756 43325 56780 89301 76334 32198 38201 9681 24016 99496 36383 19794 5012 60617 53861 47767 
2674 29
414 36507 57959 93347 16451 25632 23160 33054 30148 5048 44471 88730 17895 86905 86512 21911 34351 99882 49135 56288 29707 99987 4820 56056 74771 58151 59374 86715 55310 
38 25
17687 74168 46379 59255 38613 2246 17210 11076 81603 12282 32841 90411 84513 23025 96593 67411 31158 73717 59298 77210 77263 35535 65639 56920 39407 
653 27
79660 91694 84917 63752 2243 25054 87105 86755 16871 33025 17416 38992 5620 37601 57393 17090 58790 11219 37223 64392 13824 17950 65923 80265 17671 13282 82463 
1374 25
12590 70357 95389 35782 50850 7716 30507 5626 80420 87787 72541 19654 48719 5169 16105 53403 73287 10898 12242 36279 28899 67617 67420 73035 86817 
1420 23
23831 66478 28957 59086 42455 69162 14770 93393 95809 87764 60870 23864 19713 72013 92568 55028 98996 34530 39410 28792 85526 82089 90882 
3317 23
65110 47828 44598 29445 46023 78530 78772 14624 78897 57756 73496 15291 8148 24095 11243 4684 86893 68373 38707 67221 44004 25609 4279 
6273 24
3481 81158 95305 67989 84075 49031 77969 29468 62116 21716 10328 20070 45936 18109 86717 24001 98119 5825 94802 60833 14548 18958 79463 80721 
6331 22
61635 66836 2151 76266 17772 31393 42895 63199 21471 43580 85139 22007 28356 79189 70446 27934 33918 33815 48317 22137 88373 5737 
5194 18
70349 35042 96927 97281 75192 11792 21833 63868 22516 97897 32668 45662 53142 19376 66807 62359 11291 65376 
5713 18
63660 35879 86644 86674 96793 3579 15332 57952 10781 8190 98498 10303 79457 91849 41532 22321 27284 75999 
7394 18
61041 33318 36680 97582 79964 7146 57079 36320 49858 88951 3765 4724 30508 48058 33015 41410 45370 62429 
5268 15
75132 48045 7580 73362 73312 45763 16129 51124 81992 23184 12562 98834 49425 14013 86457 
6658 16
66108 20884 59458 64126 5695 76984 99421 40249 16660 65685 49823 10593 15004 59169 13002 70140 
2437 14
20521 31652 6889 83968 37789 87211 37389 95520 53202 50856 49953 71667 43655 41683 
2230 13
62532 79127 82597 24730 66271 44585 36348 53554 12827 32174 24963 39438 1244 
2088 13
12022 83745 3226 99016 11563 53047 67293 18682 2433 66799 70343 89694 36324 
1603 10
79888 1220 64937 51943 54684 66480 83642 85780 78513 86531 
1295 10
27614 9452 11724 85094 78268 33169 73446 65451 49051 89316 
415 10
4742 10990 92995 80351 59161 81324 89564 81765 2494 40022 
2364 13
36298 68858 58186 14059 32491 58213 98079 50198 66231 4793 76137 42911 43841 
3386 9
60137 99995 44957 91215 60614 74953 70312 52119 68492 
5156 6
14078 20534 9306 9486 59526 1827 
2615 5
77867 63444 58302 87507 16898 
5669 7
53892 63780 45055 25090 31493 27859 91567 
65 7
27609 74862 48046 48669 3780 94616 63717 
3016 4
80077 78234 47484 47148 
4290 4
99169 94040 16087 62670 
243 5
59902 21404 14211 49211 84055 
6041 3
68046 71951 28211 
231 2
73872 84023 
