10
1230 132
55110 82550 74533 26444 79302 31196 78504 76723 92394 38144 7770 20501 8214 60844 84379 64421 9981 25607 67583 30477 63940 78180 57515 24111 11372 12473 19780 11060 52001 43334 68526 72550 84318 7761 78149 17458 38191 13867 53971 33603 69622 23990 41366 84389 49951 42631 54724 88418 64462 84904 35264 87629 21067 62925 87370 51895 99451 67726 45717 29725 17938 18550 86601 87122 31906 804 42570 13391 52000 14178 86790 67844 98743 83841 11200 4017 79561 23559 84715 68233 63547 42158 31955 97140 89120 5367 41432 23179 49749 26099 12348 72300 30328 73059 80569 4806 3146 98880 93760 71084 29237 60128 41821 5222 18395 66922 49288 69604 35925 3223 14728 34248 79357 86659 42474 33144 83516 52926 5927 46934 82982 53980 67249 62281 32752 26603 55832 96184 19286 8969 34046 77329 
421 101
96755 93177 65088 63979 4720 81721 87086 73949 54854 15673 96824 24402 26467 93375 53218 62074 27835 47612 30570 95550 21373 59354 50457 71440 93942 59249 66733 52535 79394 49162 42198 28221 72179 23215 91086 71623 86257 61698 5190 90613 10882 68115 13099 20286 44488 50321 53932 2412 22678 22712 3249 3250 46916 20367 48844 56585 67883 48464 75561 83843 42333 23434 57136 96794 35222 21590 43774 65690 9314 65813 80175 24604 45301 60282 58824 6889 50636 72745 42526 94157 61428 88809 81852 42653 91482 83101 98963 77480 30572 33571 22853 79779 44979 32114 10111 65440 9083 92995 70857 39003 62476 
25 79
96503 23283 74145 90397 41637 95737 28566 82979 66610 72805 77475 23970 16572 36785 17627 5499 7666 85289 12351 71805 4298 29162 24028 27697 87440 65151 38366 4751 89043 89479 53966 80000 51553 51725 66269 5638 23683 3800 31984 67173 57391 48472 98383 69537 53091 97147 49508 94909 37824 55 89761 9072 84510 82573 36525 22646 14408 94729 3752 82930 4026 6419 69413 2101 17801 18190 85434 48136 56903 25558 1980 42957 63260 60328 90891 47713 2933 46693 44500 
1041 70
17229 36845 9020 58804 61831 24432 46509 72502 27314 65318 26428 97484 64921 34865 92825 63944 83427 84859 49062 4980 19399 54381 68663 37268 10735 59880 82432 42388 87223 31629 38594 16727 13950 19877 43738 46253 84750 89974 14809 71014 59779 87728 31654 15226 89073 40059 95911 94606 25010 68916 97721 17668 34348 91585 47966 45372 18113 27171 46140 71616 38916 68147 28229 27494 18107 19279 76589 3075 61348 7586 
3246 51
74268 92256 86710 94019 48936 4164 44747 21431 43651 42560 57556 69969 91195 23599 27658 79410 96024 95203 20942 86517 93238 87235 45398 29342 13269 30972 45830 93533 41987 90554 28400 94115 4398 46758 17108 95411 71583 7292 34364 36849 29400 26832 93106 24711 26550 95209 72670 44506 29102 88731 99404 
5425 38
49290 45158 74513 41436 47210 79228 41017 68337 16891 44242 47193 26377 28163 23692 6570 57200 69012 24860 19960 86633 46112 49140 50942 3523 9975 32038 87872 95415 48091 52116 21813 71028 98868 5292 43228 51854 92963 86816 
7548 23
56329 22951 33236 47257 88788 43365 59530 38170 60873 21611 77725 49230 66002 41402 18795 84660 28142 16298 83746 45042 80706 1053 89306 
5706 11
67838 26523 3737 92828 11414 86789 8995 17052 57097 65884 57448 
2796 9
49683 50802 74144 88481 35243 15075 76501 1143 57472 
1970 5
8351 51721 98935 24750 68088 
