17
4718 149
82129 43774 4309 45515 78068 47481 8610 33536 853 21562 23028 44598 58052 9872 48397 86296 16359 85128 28899 87285 60032 1023 14048 48004 67408 85401 8047 65638 78964 28342 17185 47260 29034 83148 22620 30800 45164 37158 36483 91659 63837 12823 79970 64462 86636 13174 30246 97894 88326 77405 81715 76114 50947 27926 89635 91441 66219 421 40375 32422 12127 42423 43515 88938 27329 14754 47773 670 75838 68497 33381 52408 52763 66886 64357 12977 29158 2397 12750 18342 41200 21041 54556 85101 16294 94727 88497 40803 63196 78886 32076 24452 21399 88811 14812 21461 8066 66377 85637 40250 26457 58571 44789 97162 54796 44090 3290 19761 50580 4585 9558 72579 62269 63580 12664 58704 5011 7542 39069 29270 88980 96083 27892 82790 86663 92008 87049 50860 30640 9046 2496 40686 20765 87486 88541 13882 43704 43869 18185 77487 1311 1995 39034 52186 28550 96203 80792 49145 98932 
1769 136
91515 25854 15145 62124 35308 30628 81339 5188 15998 21047 22641 87572 51656 51209 88507 10429 33878 64778 70998 79860 55233 4839 43348 30731 38896 1001 22485 65424 34460 25349 92157 54695 3381 22946 99610 43834 44533 44230 82066 56860 10215 69680 52361 32299 77951 62874 8173 86581 86385 34060 94687 81837 8077 17054 56517 58453 68986 45199 84102 84130 13870 20149 48580 8753 73839 23226 14029 52654 42664 39163 37177 28274 73629 56748 30462 92103 48133 52468 17340 79895 35092 63320 75161 71503 19870 12081 75996 18422 64912 76872 78163 89259 17058 7493 95947 85020 61440 93316 72922 29163 49862 23294 47142 11330 11005 60386 56574 54693 8831 48137 54207 14875 17875 51628 97904 20680 36681 86492 2728 9108 16602 57929 88038 59602 9208 5031 95150 8379 81468 69493 75026 31810 8101 75807 75160 30341 
1293 106
53090 6094 65910 84572 64873 95377 28689 13334 85410 535 21197 20059 13487 76283 80098 8196 47654 79028 27376 60482 70135 58962 63987 84595 62606 38997 79672 46669 55157 44110 62973 14456 75438 52378 55690 40757 863 69652 14191 70100 96839 66537 23522 38320 48409 64758 51648 3430 8537 3151 50006 63617 88261 53148 16179 46723 60766 3242 77523 71592 96873 98883 98135 3395 20157 63058 53153 61135 94796 33116 41285 40636 62534 6740 27619 394 53258 52339 46533 48022 32773 62704 85068 5 6669 92546 20161 5360 48178 99313 24081 81884 60588 76750 48311 69005 76856 44466 19543 10398 29758 20366 34214 72897 87308 28937 
5258 88
63666 5965 60252 37024 29247 12248 78821 89077 71385 19498 94123 70241 45162 24459 88747 9631 41495 26538 33874 73916 78767 85300 58843 59949 8284 13814 4833 43781 64996 49794 11941 23265 68621 34116 94864 71279 99871 74162 26832 50546 54439 16829 52531 59701 83592 91765 15888 22978 38843 2499 24484 59873 87866 70471 42845 3838 59065 24163 20452 86718 62256 82351 51123 27069 86744 29257 48805 25331 15305 98007 71205 40927 77876 53256 88245 37150 94871 8669 71488 18181 2174 21212 98181 55552 13127 30571 82415 99133 
1166 87
4493 24297 75606 217 63596 77040 80250 27911 98204 87778 89144 70926 82653 77601 98933 20399 27205 10275 71093 75905 23495 49754 87947 34242 51658 61948 20646 95350 87104 2011 42060 32509 84675 68992 15565 93891 59674 85472 38995 82984 34826 10234 5898 98878 66822 28100 44830 27568 21509 8135 23341 60149 26279 77863 99640 39638 46200 54459 20267 39963 12014 89304 67948 98462 33774 92138 18744 65411 97223 25186 90676 43634 58698 77533 31077 22448 4722 22721 71829 35167 56763 90896 81001 95206 892 41915 95069 
6253 75
41202 51771 65398 14255 36255 10974 9557 57387 5837 99497 38637 61502 17453 25857 85879 61875 28925 28348 37739 81148 25128 64507 11621 92057 87442 90217 94874 82072 88729 83464 2137 23457 96967 16594 14406 4466 40207 31391 78585 86511 51050 45270 65116 26984 31706 70098 46668 40318 51195 9729 56421 86750 95984 33560 4911 7064 9168 28188 68627 93024 4102 47580 33305 11854 34506 43832 15673 9793 12998 20405 79704 52638 47926 53958 2731 
6695 58
78202 74821 66144 74501 30862 65653 99773 74838 93360 87015 92797 91133 73626 13535 99234 85067 72304 64899 3628 62901 87983 42059 18362 34379 18010 25293 98518 26101 63583 40941 16136 35238 32759 4199 44118 11874 73858 53628 33927 89142 49713 87391 48095 30747 88094 47803 60259 36269 41773 5465 49973 15753 87184 21418 21341 78062 20512 4539 
538 59
58403 9896 54943 906 36653 10341 27470 99888 12430 41089 12505 60941 32867 12378 92373 15460 49756 68338 9160 94643 53131 22397 11992 13306 27285 51500 78112 50332 47860 15738 21687 25004 63993 17075 25966 3824 27026 76081 84523 97583 52583 30637 58049 9105 15801 70723 94780 7939 65106 80630 96580 33181 95216 49311 20876 39728 83025 14477 26872 
2302 45
9451 52434 14963 46237 86889 13059 6561 1790 44311 66833 18866 52935 90812 42772 70523 83230 74981 14834 88376 57301 84853 87089 98610 88403 47903 83793 76455 39232 50902 56313 20629 28131 36790 72528 67638 76009 76835 7514 83819 96106 82528 32765 24197 61358 81716 
4455 41
34348 54206 19976 51327 53859 66969 19672 73699 40501 65011 16547 80420 94128 18400 42564 45909 23548 49064 44715 95516 61201 17971 23287 56154 52706 39516 87352 75828 3441 77984 97640 88011 85291 84279 66784 6840 1868 54955 9594 64350 38231 
740 30
21313 30013 63864 82991 10118 70077 61767 10243 36319 39466 89043 63092 58158 23261 64839 27129 34440 36168 64140 53738 36486 49545 12701 98233 18403 66531 7983 90883 61813 3779 
6531 23
56111 65895 40036 87622 30680 56439 33679 35852 63128 3219 46832 72420 35973 48406 1823 16955 95695 31500 87306 69420 99562 91295 25480 
4101 16
64588 34689 16798 42802 90636 9715 33707 99891 80993 73462 92691 71325 49023 2129 16672 96665 
698 13
66557 92018 36694 6151 47148 80527 54205 50487 16784 2110 9513 84845 71517 
5388 8
76331 10893 75954 40062 38741 44985 7589 70084 
5483 5
39114 47220 90567 28401 78859 
2 2
71637 78856 
