21
5365 94
89340 84014 34804 38687 77973 55899 80889 56287 6337 9849 79194 46911 32594 47717 14710 85017 37757 17939 65276 77058 39874 46489 89961 92449 5496 49691 67011 64587 99698 3538 95602 22337 40867 74574 96972 63863 79699 52436 774 78358 50090 3533 3494 67236 20421 29337 87008 69843 47555 78059 76268 88380 67822 54344 14343 89016 97052 81677 69140 47102 63913 93940 4453 56337 72769 80482 46754 33619 84360 717 36896 2060 67781 95895 99985 89517 64378 45309 92703 90572 97122 28326 79924 49995 69289 23097 64273 81767 55922 31959 60690 41663 77893 68571 
7999 85
99247 32233 67387 40238 19686 40906 36569 32067 84675 1427 14470 64148 16244 67436 67275 91386 15192 9811 3457 73890 55744 70469 89721 64683 53424 96503 71026 75205 9694 11089 86351 646 63487 21074 12114 8569 17613 82187 96941 35124 15803 89075 15039 22240 5558 54720 54994 78219 73444 94197 66934 57164 45262 51366 18278 57688 78367 9131 90788 9139 66017 21802 50087 89281 91030 95559 53128 39065 14847 35708 42122 26045 97829 70712 39290 64690 52343 78949 69253 24031 27737 97762 80379 45933 89567 
2094 77
33742 14806 73197 52498 43960 74205 26896 16315 8549 97190 25052 83723 59894 65537 84049 57000 71045 59083 1948 49989 85587 4606 81149 14787 56405 66938 99852 82394 1185 81498 7650 27660 20920 73565 3255 28077 29343 49325 11303 55337 90956 95548 87209 91027 18839 66198 57708 81582 25811 50401 7142 10316 93546 50326 50952 49250 30718 7643 93280 19682 78709 31495 16280 53318 22667 78859 51225 76360 93905 41471 20855 91887 87867 5386 22161 23467 39269 
2148 67
81460 58041 91253 19983 86082 11382 21607 4082 69702 9889 21583 51866 43248 41565 14212 20181 75984 21330 81970 86801 46340 76105 34533 93323 72071 72333 62098 40954 30584 26462 58485 68419 31775 27281 13225 7338 94364 16497 24122 93111 59962 53673 8999 4077 25601 66731 7923 14023 27492 97628 46327 37128 67529 52749 539 41319 95349 9388 54648 79965 86773 10694 94775 89507 19082 91202 12680 
9585 68
4439 23060 50704 70114 70503 73437 24414 70154 9967 41598 36946 73954 29863 8502 18418 67872 87526 14727 2838 53725 32325 96223 11938 10021 51925 3842 25962 35848 82873 27621 40944 83439 45252 50746 58245 31452 44664 51996 65003 98500 19384 68493 30038 2953 8356 84687 17294 9569 81191 43800 30896 41588 27780 63384 96937 25552 41702 7742 12022 50065 11783 4921 75242 11582 2220 78461 58472 3905 
4699 61
58575 40424 4155 11634 72965 15671 22378 63935 76540 34667 32301 76643 28809 17666 93251 44452 74349 2450 50314 51028 62505 25328 35382 13811 37897 80595 59234 27919 67172 63255 45763 37579 74756 42002 69470 1826 58101 54110 47456 71215 93639 74417 18755 37799 6667 87870 37924 66171 16157 69809 16595 4713 53731 2210 45187 83154 47173 71534 1323 33028 51388 
1049 55
61893 54261 15602 36460 76766 42791 58425 30831 10050 99348 14426 19052 50711 58953 86525 90494 34047 53574 13243 15829 83430 2623 65591 15852 47492 39917 16893 35675 18307 1232 12413 67323 49707 78019 97873 20416 94644 59772 81793 79353 15153 36536 27969 89446 3941 82871 5988 78778 21757 36801 66055 95763 84411 30240 61446 
5584 42
63381 84942 90221 91550 56647 25139 77208 87142 99545 98981 88028 36633 1670 30471 23257 12352 69580 63468 414 98525 96570 33630 1951 61779 64397 31500 13695 975 10106 69556 60471 45010 12054 15936 66247 83683 47486 96439 42008 54765 85693 16333 
6405 40
75578 49945 52834 41600 98461 11526 13656 32974 48904 66922 70167 80346 1877 49005 1456 48019 6188 95425 92598 94609 57344 88824 5148 36150 25859 39074 19936 92459 9486 88464 99143 96336 36697 64789 19545 63206 4504 85423 68791 70720 
9368 40
25389 52222 80763 33238 55500 14648 27504 16034 1688 64210 91195 26109 89099 69229 90760 78470 19312 90239 27267 91802 2260 71031 34397 13969 17454 82403 43171 44038 13755 19050 30592 39926 84459 95054 62487 96242 11458 52165 38430 76368 
228 31
72119 31733 95611 17363 78764 70839 196 56558 93166 85790 62796 76251 89291 10613 70991 57204 7374 13975 17930 83432 37767 40162 54464 10618 5871 12990 71162 81025 29080 57905 99775 
8707 26
30635 2809 72771 44613 13386 87690 90511 99916 99695 68607 99098 65767 10122 6692 24969 26491 15024 85055 74693 66545 67310 21086 48217 81129 96387 93198 
9576 18
69582 20670 66411 10890 24032 98363 73666 51044 70086 42029 11880 1606 37735 67454 97375 35520 59814 95430 
4932 18
77024 36302 60583 85014 93099 20336 65423 79317 35907 6870 34774 2254 19795 4351 26210 88344 49633 72147 
9083 16
41905 75889 60648 22893 17778 27240 83722 39351 46389 50856 32905 86029 84053 17608 39878 14645 
9544 11
61466 69304 66027 14254 34373 3821 58679 7199 63210 72097 41751 
6042 12
76008 14064 22217 55799 46537 60626 95477 17100 58830 15028 56999 8236 
530 7
58584 78045 41292 73632 72785 85992 88074 
3606 8
84046 89411 87911 13405 84358 26401 64902 61636 
955 7
3836 62664 40627 32742 42719 12096 80040 
269 3
49586 58821 66805 
