55
6677 11
90878 29713 7214 23174 94898 33634 61974 61425 84734 90228 93616 
3460 11
56854 23053 45955 74744 21570 52006 1188 61285 45981 10404 77589 
6030 10
61079 31281 49158 12311 19850 48064 44147 23734 24721 24529 
7999 9
29892 79687 38189 44060 68847 17254 50789 68776 93996 
857 11
1921 74017 85148 5924 64754 1135 69778 13295 95339 22644 15070 
7600 11
85727 28518 47223 2694 23460 70340 41630 11317 52974 53044 33520 
212 11
14576 57995 8386 97059 74495 53704 80017 36060 96212 82105 48626 
7050 11
35667 91531 92138 69470 42295 66756 47752 24556 28264 75516 22741 
3292 11
12186 20594 49101 18572 14772 39541 55232 22787 64248 80226 49244 
3639 11
61324 26073 10512 45502 64909 25396 59618 12064 71568 10097 67523 
263 10
80975 65782 33942 25495 61758 89211 29984 74827 67895 56700 
5478 11
36493 61903 36044 11852 75965 5326 89772 29819 59848 61284 79559 
5755 11
7350 4581 96510 67400 23578 52584 86609 71328 74783 4380 22804 
2505 11
14579 7950 43079 7106 90509 2259 8090 91626 88171 30235 26718 
2545 11
30798 51866 87815 94757 25469 41092 32360 36029 42575 69796 10853 
2707 11
55835 71870 82509 69472 29753 17405 29696 6715 65044 19243 70905 
1537 10
43612 86435 46362 32313 53677 23900 34557 16905 97312 21955 
3672 9
47205 18893 83022 89537 65626 25692 35393 18116 21357 
4879 9
96152 78004 91233 98934 53028 9566 36532 99815 66229 
6610 9
4420 26805 18139 14372 49541 77085 54566 15233 88430 
5321 10
41609 27859 19579 90254 34671 23984 64916 85157 89726 40299 
612 9
42172 57041 23861 29623 8855 35277 70003 8278 27185 
591 10
41188 67349 41197 53703 80174 17444 64505 87137 44402 18601 
6981 10
98191 1203 70671 72289 25389 70532 29934 63595 71185 11382 
2324 9
28312 71398 94440 2247 6522 10974 73184 7134 87840 
1037 9
47949 82268 59791 16618 14020 14425 73073 51550 62364 
1925 8
45543 48440 14740 42198 91846 47566 51076 70860 
2538 9
12605 58213 87627 45742 51897 97569 21335 98735 68074 
6817 9
59232 50325 59641 72940 78416 93903 74591 84059 32593 
3892 8
5868 11825 88186 17005 5305 73999 73025 71638 
7637 8
56006 49697 77474 57374 66363 29006 96963 85096 
7015 8
66252 52287 3915 68563 55064 8229 12126 10459 
7229 8
19317 75340 7763 89107 17734 96343 98836 62552 
2801 7
28481 93380 6155 9254 13163 41329 46688 
5908 6
18076 4326 80645 88302 21562 28050 
2770 7
21688 42138 6967 5600 95243 15707 66753 
6774 7
20355 57218 71663 10968 43655 19269 98652 
7493 7
64415 98143 90608 41403 17197 87313 18075 
3018 6
66757 20928 7037 47176 20636 8975 
3160 5
42972 46429 14677 83175 5450 
6893 6
21236 12471 43226 50089 14006 7826 
167 5
83377 80572 47623 63719 43728 
5668 6
31951 52706 45562 82307 78620 10355 
8292 5
59402 39631 41347 26834 2194 
2936 4
62041 95315 66912 80109 
5911 4
92015 14533 88141 84043 
1095 4
21049 97980 82160 81290 
728 4
27344 81147 17497 78683 
7516 4
51467 69741 8295 64788 
1138 3
37762 60797 35887 
4599 3
27546 55859 90405 
6969 3
45678 33902 5044 
5975 3
81614 55638 14370 
1973 3
753 17167 93123 
930 2
61840 90090 
