35
7250 22
33906 58871 48767 64603 37831 66193 69226 43342 41786 76134 7571 31374 53718 42535 17013 24304 3351 18978 26421 65245 48494 46194 
4033 21
36636 16170 69691 3480 69479 18132 71249 44846 29226 9034 57964 50020 9806 13885 57682 726 38894 35291 24521 21565 13169 
7749 19
54398 57262 2872 40479 67170 46602 46863 17909 18059 34154 24199 9988 35993 49193 5875 5597 53401 6226 17576 
68 18
28356 46175 26690 29491 53997 71916 30221 35226 3039 23068 60786 67129 34634 34421 68418 50428 65811 48070 
2265 22
61934 22174 23674 27279 58664 8581 22262 39876 76814 324 11704 37268 58833 63674 20072 39051 61751 78213 32937 23915 44462 52928 
1755 22
66035 6801 59723 59381 47411 12059 51415 17983 77317 69762 14877 38399 19030 64826 22714 66634 34399 64067 16789 59262 44572 66922 
3322 21
17145 36293 20614 63542 13353 52027 68668 58719 37064 39156 15425 67949 46302 48746 1637 73088 66477 48025 75749 28375 16865 
4646 20
3985 58191 37843 26351 15309 43472 4124 77616 63577 19487 11584 56894 14749 1619 55923 28418 1670 64803 3762 29388 
1417 20
75877 56067 15742 65395 28381 2712 66181 31441 67521 69077 71358 43610 25123 49474 60136 74188 34758 25949 58134 8024 
1415 18
30424 35053 32080 31840 33200 58497 71973 57138 1474 14659 484 60801 27467 40023 13747 67139 42054 34448 
2149 17
10513 25102 20115 30406 7288 36306 43351 36214 50702 22399 54767 39510 14297 2126 6290 64426 64565 
3550 15
53309 36880 74048 22966 26672 47281 71381 23558 37194 35172 59274 771 65204 69890 61108 
819 20
12987 34470 57812 76763 15774 61153 8346 59327 42276 38282 62831 59199 73159 2268 27706 46866 64640 16225 28150 14338 
241 17
51527 76207 10887 61316 39528 44440 67557 73163 50636 76998 58713 51591 43018 36670 4535 73091 47733 
3431 16
65891 8115 70328 25162 58276 73530 71904 63767 71648 16233 39672 69897 63733 49539 2472 62496 
2989 14
6899 63908 41588 25247 32657 23169 55780 53605 71545 64193 16948 14126 43986 44327 
3091 12
66126 32444 61693 30922 33459 28241 16653 25913 44237 10793 13481 56107 
2787 13
38809 63914 57306 16555 12553 46735 9044 74874 72858 39483 13764 8338 36618 
7106 15
44508 68549 54650 43150 76591 51503 51148 10103 71649 30117 56302 28806 25557 9792 51208 
7678 11
10665 53131 8008 27534 47108 46761 77907 54062 72066 36579 18119 
443 12
69140 15095 8663 20723 63292 61813 33582 58552 33096 39236 42001 48118 
2745 11
51333 65350 32364 67604 41489 69707 71605 6425 45154 559 25864 
6173 10
40604 20050 26549 5377 19320 54830 12938 29461 775 1114 
1399 9
44904 47415 56838 58421 1865 18498 1123 12697 17050 
4506 11
22515 62349 73241 20268 34472 20372 27956 45859 22472 28816 40664 
3265 10
49291 45180 25773 30799 43456 29886 67627 70356 3357 47119 
4528 8
68256 2363 52681 32968 16148 31769 49049 41830 
525 6
47537 60347 23060 67741 75606 3512 
7555 5
18920 67088 57168 78114 59049 
702 4
16934 49128 73000 26941 
5917 5
64053 53484 3499 20029 63937 
1772 3
40952 53614 45030 
1964 4
62401 20230 21124 34676 
969 3
35887 49170 34632 
9 3
71210 45385 49113 
