14
5709 105
44855 54507 80806 49889 60764 25533 25656 11323 54450 38065 65290 50084 81549 68746 35968 91946 76349 94824 93016 39859 52223 72648 12378 99485 51604 53918 43603 65014 41992 91773 52434 18952 60680 92934 81090 32887 39889 88435 31753 13364 23625 42847 10707 18472 99274 3569 42585 96824 76791 88814 27906 91869 20255 11154 94172 78771 15464 43597 53386 53651 4642 73694 51380 77162 37378 53885 71096 57099 43549 21591 5190 85354 76294 21909 11677 14608 94305 8726 40170 70401 90592 47683 50322 20260 81872 6565 94053 8842 95842 29482 50009 46650 88339 8043 51805 94352 34839 96390 55552 42297 4602 94610 4715 71603 55147 
7999 90
85353 42963 86883 18162 60308 1472 60089 86646 31345 97634 97230 40964 43437 20931 18894 10241 20744 49098 9502 87897 60515 41033 64671 2376 21042 95610 16504 26664 16136 28338 53786 34017 5878 18838 20252 29481 98653 73972 30917 55806 59322 36258 52456 13348 45419 38253 1094 12845 1324 54816 73590 51638 85002 73734 88859 35403 9729 79118 48233 72755 36470 70993 33109 75825 55014 41034 5783 63019 64675 92746 36355 1635 4468 87189 75749 75874 82667 62282 17886 34797 37357 12414 26097 84051 91470 84766 2688 99186 40685 277 
3126 72
95228 69873 99311 38588 43241 22978 54675 40923 24508 2510 11685 78797 8781 79976 66069 65751 34224 20259 7497 59 51675 68508 81387 97079 72776 40719 40302 90332 3136 69594 93165 98349 35757 62746 17767 54489 70296 70516 13902 46464 31232 74779 27559 18637 76642 13318 99450 41721 6497 698 97112 1282 30403 397 32917 35559 45362 78292 50145 74776 11068 94539 90519 32076 62346 34603 41551 20350 61328 1748 46000 43485 
2492 55
61054 48750 55490 50169 98493 45325 45719 71437 72795 7483 62329 84924 16948 24339 68235 71405 6987 24867 79931 63923 91245 34954 66217 56734 54575 160 4156 61806 26840 85451 46677 33259 63817 8578 1807 62121 27112 61969 73218 75385 5849 42667 10155 89065 41503 97814 2250 71670 86439 54793 1196 68913 33220 17986 91926 
4967 61
82936 92756 9651 85000 45771 42773 47837 6215 24689 75359 89874 29169 50440 33653 48078 17469 75577 23857 10057 26961 96002 99877 81790 63726 3941 5461 73454 77938 80932 27144 98347 59612 29327 71782 44509 42944 23040 65370 90051 57093 97640 32424 77100 86097 80548 28158 274 11281 36686 98207 61514 55194 44159 9783 94683 45761 20212 69101 99747 82695 72713 
1803 51
42473 94921 77921 64797 60445 55936 64823 50200 69433 24983 78638 1923 53971 8812 71399 80933 40857 58610 96462 6222 65262 8189 6361 43104 15678 5165 84522 94024 71505 35829 8376 34582 85849 93519 92041 34004 81169 80654 81190 92373 23531 86391 47726 21906 68186 4406 73665 87570 44207 35485 503 
367 40
53201 36351 5708 8146 22724 91267 25199 76377 61464 55160 27743 19426 77116 87793 61937 46010 9821 39171 68545 4614 10677 26421 5897 72423 24908 18084 43329 21565 18350 88834 243 33363 59128 90497 2116 17654 79661 93445 80857 71913 
1445 31
30321 85624 39073 17844 70806 72585 35159 43953 15228 78226 98082 76419 57895 96149 12078 1096 69476 16137 14849 96660 80744 85942 79419 38443 68114 50086 59777 14396 42104 58918 57742 
1241 29
13819 71747 96335 55064 52774 6675 15937 25953 56759 26332 64490 83237 16313 13735 58539 91759 56126 59019 66728 43052 90971 48493 2838 14053 95454 36599 73554 10620 55168 
3616 19
28120 1589 67028 28909 58675 20146 80557 67848 71137 8550 95358 27447 87502 55405 15568 67852 35501 7844 38604 
3890 13
12944 5863 91878 45647 42861 16660 26948 6443 26374 1871 68431 83965 6110 
8714 12
33221 56069 51788 15341 36343 5943 58717 3870 95912 74959 93517 34123 
3226 8
21515 8201 64647 30900 92870 12089 22977 78466 
213 4
97233 15629 30106 67345 
