20
2727 119
76516 96557 21244 66848 18398 88677 49578 83548 31896 12705 4807 72127 66761 59081 48925 68949 73989 92260 70199 20181 47168 91264 24893 23212 28061 39270 90470 40419 99862 58096 84847 28621 88628 34727 36007 6173 74470 8405 49589 44471 65402 99934 76825 98407 67303 92527 32573 10986 91776 31265 98153 40190 44867 59052 63419 36891 53951 19648 32001 18280 69523 63633 12227 62613 2309 63081 71892 34662 1905 78443 34998 24811 35786 40367 67300 32972 31419 99167 74911 26238 311 71816 92038 48661 10899 65235 37463 71296 67439 35690 10578 52163 63976 76629 6967 2525 76538 7413 79953 27361 37299 95464 46639 76936 42649 22418 73037 34580 60486 83788 59545 11881 69289 32471 38880 81179 43691 13006 86385 
407 108
93885 91120 20795 41326 15784 20430 98758 92825 7778 14407 54464 65459 28479 43380 40742 45896 22923 90272 11999 12059 68729 18102 93284 42287 49936 303 1660 54292 98861 25694 62617 5159 5170 3896 24267 34484 44743 45582 15874 19507 63075 95424 37175 17402 86177 78719 50121 35955 58563 82057 4418 93584 29118 8028 82114 71649 9500 52148 23868 71509 88226 3564 80910 93263 41035 61402 45572 96251 9041 92635 62683 39278 35852 76397 66972 86279 7530 95779 83421 36540 52278 19896 95314 15466 24260 64334 79196 54602 43369 73711 12418 68242 87023 70805 44988 25571 21507 56009 8461 11654 22643 83260 76114 68098 31800 73178 42907 23327 
1772 91
17261 94809 5529 11929 27984 72625 86856 4448 8669 29879 37820 69290 81044 19535 20107 94440 7681 52955 7288 44933 98230 27762 7181 36191 43234 65147 9765 80051 67571 26726 21101 72728 68460 48007 61068 43474 50267 37211 88760 69807 58235 18801 62052 9803 12301 85029 7368 82163 71146 70168 91345 19500 59585 12371 80272 82408 4659 68543 98629 45820 31816 44512 74045 75586 99722 98817 78797 68246 72469 97816 12012 17079 99902 61213 41427 93649 64073 59074 79420 20909 78711 9724 64256 53023 52094 22085 98390 14070 66290 25649 36864 
5737 70
72894 95153 16293 43777 38261 63357 22818 45634 18421 90161 44059 13762 25522 20322 39274 89850 65586 34584 40460 26800 1102 65329 51244 68063 2843 92252 85729 8465 62192 43914 91896 68711 28011 17645 94306 87536 86352 42733 80299 24425 33905 82052 28449 59337 50306 53135 35821 75565 65923 56750 72503 24974 27085 70416 36556 77853 25255 24064 66811 62456 21307 94168 7459 22165 14801 67442 38910 40706 70184 20374 
2777 81
21219 66891 78106 37108 35710 83360 43440 43624 75664 80347 82679 53768 42674 13426 83533 90318 33600 28550 65563 3828 1875 32601 70497 10851 14012 84584 68925 76556 85071 8907 44137 67980 54041 58559 33248 9983 51299 94404 83977 73174 33915 10371 28208 7486 12075 30358 44360 73516 75342 17175 81550 7574 56680 52651 10010 23737 37468 3713 56870 93359 28129 14277 19903 69183 34492 68381 34027 9226 88262 71661 28098 12138 87130 31592 92816 9677 76875 53214 85700 6333 16327 
4821 73
57241 74878 38026 16084 99299 2879 50670 32721 6583 55330 23659 53726 6606 35702 13440 13156 14356 86204 96640 13663 15208 80439 9650 80246 54780 7546 43125 23891 16521 29685 11226 6807 2965 31017 17610 48611 9798 5955 21500 29301 79710 49184 14542 56954 95025 43679 93731 82463 74365 75532 14555 74188 76276 31226 99507 94845 27472 13064 26309 64164 49961 12235 92811 29 14130 84658 47096 56118 61269 46023 52009 24352 59857 
5464 58
47196 21382 72304 85559 39074 48568 25022 45400 39588 30902 34011 54351 90862 75249 10377 20346 28158 94338 95406 82212 69344 79770 91016 96097 18541 21173 15223 88489 21036 53766 92555 91037 69018 67174 59339 5555 45687 19532 64662 4486 2389 3884 96267 37144 55861 84582 63063 75048 45614 75208 40465 98417 27775 62431 94913 21620 96355 16591 
3473 52
64043 18083 54853 74909 58362 12453 10356 20855 32998 96492 37101 48112 92235 71951 26371 38786 85423 65204 73932 74981 36267 44006 98365 82177 87455 15018 22913 90188 70178 73094 39687 71494 58493 29358 88340 601 88680 22023 15141 52045 18012 23342 38912 9710 27518 76851 17830 46663 1141 4275 34898 68546 
419 47
77179 9476 76203 42424 61877 37606 18360 36510 82498 46751 65974 70369 21040 29900 69808 16373 10308 53379 52920 36221 45660 63692 16213 50073 81118 86700 3446 42154 39497 53088 18762 67984 33504 62055 62240 11060 32993 38803 74182 41904 68630 65083 65986 76192 29535 14294 95812 
1467 45
36511 89162 57605 8234 16651 1470 11925 91254 76030 84402 50456 42573 71098 12709 84616 20716 30392 69934 89795 72238 78676 90965 533 40737 51978 55692 72313 34033 81358 13009 1594 8638 90880 29554 43287 12402 49572 1992 37063 49984 87696 46484 15390 39559 31617 
5616 37
66197 78056 9140 35341 3199 98562 22381 3499 97328 68383 475 78439 54181 38677 59897 29165 31728 41543 42889 71938 31946 89543 2601 20890 43664 9457 2795 90210 50541 18335 77721 96276 42512 86492 89017 54482 64244 
507 26
42799 86065 35827 80762 83911 23146 58647 78628 88295 40370 34432 73199 90449 61670 95723 22077 7909 18113 87663 92769 80532 95163 23433 7599 89826 85361 
4881 27
59011 42877 91690 97936 42504 531 57450 3082 85383 71404 63199 70909 96989 69094 65548 5621 6697 22743 63555 6074 85301 20679 55509 50270 93459 81678 67835 
3646 17
3503 43501 29651 24619 98960 68111 14946 14732 17750 28922 40909 76150 34691 82999 70869 91140 7632 
5522 17
29766 5105 12834 28587 14953 67313 96478 61252 92351 95369 77008 12942 62928 28401 22119 40165 59328 
1201 16
60969 60590 60464 92459 85842 43936 22345 60001 24 67486 66085 6930 82797 97592 25289 5400 
3880 8
9623 77103 65388 95759 63622 92566 61460 34485 
771 11
60485 72521 66455 24486 64069 44802 24846 89193 11457 23768 90345 
3300 8
45668 49164 7290 87742 37184 60922 77711 15434 
208 4
18909 73874 49604 95463 
