647
9872 12
46559 42558 22001 51849 47501 85527 91580 4537 60493 32420 86685 56111 
1048 17
51088 48944 42369 2777 9323 80509 35936 93924 87605 2719 98940 26530 94677 73942 36777 46095 40363 
1307 15
46815 23465 72959 33850 60016 52535 1529 77218 75297 37105 24787 54991 76167 82495 86902 
2027 17
59244 2824 65283 46951 75633 61374 34445 82429 66356 4442 78552 10964 16995 42711 25881 34060 30422 
6070 18
94225 27336 33580 63603 28214 68512 4557 66253 38831 84262 32850 96793 2446 61639 88715 32494 42821 58015 
4891 17
4167 81515 68083 38593 45691 4718 55497 23737 35489 99788 74078 23732 28267 42432 49811 28246 4689 
1476 16
47921 36162 67602 57158 72019 80283 81097 86219 75901 67690 71712 97603 1961 97715 19419 62389 
5030 19
36814 35724 8186 66633 1763 82133 53718 90423 10444 57136 30735 52071 42899 99897 98456 19728 44278 63887 43874 
2469 10
60170 1645 27590 87765 57522 9735 97430 44522 67973 87022 
6984 14
62488 80484 36779 96671 38064 51604 21336 44630 3119 71430 11186 17785 40224 15373 
1129 16
1840 52060 30442 72190 85699 99305 80633 97345 41598 90120 99732 43757 33649 92967 49311 51561 
6679 17
65843 32194 80781 31872 78144 67448 27102 29223 65611 82681 47119 35817 83887 72151 36508 25368 55721 
5570 14
53291 93673 63811 50259 73603 87562 47429 36077 17818 85598 39701 53948 89836 34564 
3688 15
33853 44240 61439 94470 90882 18706 31926 45311 93777 95654 27789 55980 3772 60808 23054 
2339 16
95783 84827 69216 65811 86162 55998 93801 48621 82212 88562 13989 73062 5851 98479 16402 676 
1977 19
58468 30722 86932 74523 26223 79439 89875 94900 49282 44362 35476 80164 30488 58335 64735 67078 53076 93365 43892 
6215 18
17113 4949 29973 23386 11421 16553 94148 52762 4744 24129 2140 14576 56408 67089 94517 45216 49415 96662 
9253 14
54259 95345 14647 17092 5106 87525 13537 23985 30728 43961 74767 95599 61642 51528 
1923 13
26537 71859 23612 98448 2883 58861 85162 9757 51298 40123 778 33125 99277 
165 18
70232 77458 56855 28355 37089 6338 82111 76135 81958 57068 78600 78531 77356 91426 51720 33518 29967 88798 
9596 16
28257 92897 46877 36022 70628 62020 82845 350 83745 52255 74803 24317 6407 58817 51612 83441 
5931 15
49252 96836 71799 99511 9728 40080 44063 27522 96216 25042 49678 65322 45909 33896 17093 
1139 12
20382 63126 46215 51672 1884 41635 13159 33173 24234 59678 80578 19263 
9447 19
38493 70663 673 76262 410 89681 38320 34612 76725 33653 90735 98621 61857 42871 20351 83518 38150 14339 63821 
5450 19
57511 82616 22566 52840 68959 59419 57238 38670 53752 14522 71235 63132 72058 65428 77409 56603 15446 29993 53725 
1708 18
30200 47750 16336 97263 30138 67395 79508 35718 63266 45679 73555 85474 42746 93112 55210 13969 5363 7109 
7512 19
26310 13473 74 35094 60390 32530 8122 90572 88722 64121 25400 64757 45226 2705 76456 76140 50160 93792 63912 
967 18
99173 2449 5029 16331 93616 1090 29897 18287 84364 8565 3996 70236 5350 68912 59856 49327 95264 63556 
6023 13
92097 27053 7563 61444 94561 82460 33275 99298 21768 60407 64872 65630 90994 
1331 16
69820 69818 38127 59676 12924 25333 72124 3541 86946 72349 81015 31281 36055 41770 59974 82656 
8696 18
35619 45104 44776 17085 3876 87902 38304 24855 77630 82092 78115 2284 82577 94634 66416 42488 5076 65791 
6609 16
26726 22173 78614 73426 64281 69910 20546 84281 76612 15824 8037 44884 34525 91760 17782 6635 
9800 18
29458 21735 37308 50977 39110 83343 72334 97820 62235 42314 23887 27170 4382 16573 84088 65584 29173 87909 
9275 18
10678 65439 54384 84400 46024 73807 20719 44588 52454 74937 24056 81883 34618 55292 96050 68647 27217 96342 
3868 14
35657 15235 15483 8246 20585 93556 71860 77797 48204 36551 14853 79373 45565 38492 
133 18
55070 91673 86155 45686 21351 78260 33861 12428 87782 49987 84646 74057 80314 10438 12199 33453 7565 82122 
3854 19
2245 69562 45850 55034 6534 36681 23466 80787 84046 23882 76913 94929 20817 92790 32246 28893 28622 27739 34562 
5730 15
24823 17026 97370 15805 99539 7350 37474 63395 21283 34036 97162 5509 67271 69449 51948 
24 16
264 79114 1864 17724 47774 44558 68370 67938 29104 46741 33209 37301 62132 480 77741 46348 
6899 12
95073 51050 94621 10095 83721 85338 7382 66671 56318 85529 14246 66595 
1372 18
64553 44736 62050 10712 28722 82692 29144 24810 50293 31688 216 11573 25894 83496 31443 1971 87845 69843 
7956 16
23650 83790 34990 86621 25103 2365 19498 11082 59305 43098 99270 76310 39793 8361 89710 91358 
3852 15
77060 38591 83839 58777 48069 187 77869 53683 15380 60599 40172 78232 30191 74830 9965 
6213 18
63457 77424 13393 29136 94635 72552 46054 82724 63817 51875 9811 64840 29045 32725 95472 58212 40932 82901 
1789 12
69302 77689 77289 39740 20399 97752 84132 88868 30775 79708 20616 13792 
2901 17
21422 6452 19814 20707 32616 55482 94766 67673 88634 58807 13741 34002 32970 85111 16397 71126 55760 
1537 18
83836 48693 12074 77438 74527 97801 42729 91907 10681 87307 37321 69114 17099 72268 54007 2729 6451 86409 
2892 18
51425 30672 26190 51820 85247 50451 56667 55996 15090 20135 74543 20815 53745 9474 4658 72634 10531 69949 
1910 16
75890 32105 38706 10968 90245 17618 11762 90311 71281 40637 48246 83784 77121 44994 88359 4959 
1154 17
76263 89411 4517 21593 94666 38244 68390 33886 87964 22384 93107 44725 45281 78403 13341 10939 36558 
8328 17
86907 3549 46690 17414 8882 9753 74458 76330 45149 70422 22131 63526 42852 86436 45518 28629 1788 
5172 19
51447 57499 4624 78612 70466 52269 6742 17102 52564 57587 22553 863 71104 45727 8430 24432 67828 5955 32583 
6688 18
90381 36135 9103 89247 92751 61095 94490 83085 81121 49367 55025 22578 31119 91570 64789 82872 79150 31499 
684 17
76599 59709 47959 96289 89530 3569 18534 62168 77143 76404 29962 7471 6642 78566 17968 75396 63941 
9406 17
5841 90664 38995 99727 50040 21811 37802 61802 21450 61376 98798 61266 71155 34427 4440 96098 99586 
5666 18
99373 64346 99441 15219 98253 35070 37384 43426 7042 81153 84008 59019 57680 51504 99779 61210 78212 16932 
6636 15
42641 997 71874 5454 54092 97223 34089 1816 60066 95361 75695 47875 47982 88953 32592 
4535 18
77091 28322 69520 66425 25667 36600 7516 58582 4879 96236 81877 60973 23752 57008 17603 59703 30949 28816 
6377 16
59581 9703 5993 51511 8518 38727 27763 67396 27433 79352 9806 87756 53190 56798 19430 66152 
7504 17
84792 70531 51630 94469 12325 56895 61716 27405 25162 55855 47734 47639 18013 74528 43915 77908 50771 
1133 20
89093 48670 67618 35861 41188 21741 20708 87020 41625 20269 4635 80544 50898 23940 6023 84375 23045 24559 22869 28103 
4386 20
55589 76411 81146 63486 27770 25605 55159 51559 8144 74910 53983 20278 58984 1441 41768 41057 51286 70149 2757 50686 
4871 19
920 12492 79041 29616 42134 10014 2030 11543 55914 58146 68337 17652 50357 83073 18945 98377 17164 66996 72701 
1481 18
74501 57324 89739 21795 2528 6691 78483 74128 42698 23414 3516 69948 33411 18457 95592 80569 18694 39013 
4691 17
40600 50465 68735 44956 70930 76397 59008 91479 52718 46621 62766 30538 99457 28684 4835 30114 83396 
6509 16
83114 29630 52728 69889 75152 11922 19691 67193 89183 909 21368 42000 17698 25700 21904 49691 
419 15
50235 1346 60744 38240 99886 82453 18565 83146 17054 65285 4736 38525 79506 36273 49040 
339 16
55575 72357 17915 46187 86688 37593 13498 19998 36061 42160 43697 69372 88088 79228 27942 77635 
8946 11
63029 72323 77733 637 64451 30283 94336 5298 93923 19004 86361 
48 13
23765 22992 25194 35013 36919 83383 60186 18532 67080 20457 54540 97064 58936 
6733 13
26945 93077 40005 89258 49628 29486 95617 15119 99115 22144 37530 16580 43975 
9616 11
86840 1692 17570 99815 1364 75156 7556 16417 41559 78190 26504 
3817 17
84587 27449 37798 84939 20117 12370 88142 35154 1970 76056 23889 99112 88456 97393 99407 554 99990 
7259 16
28997 72463 70983 5724 14752 76191 32807 65832 25195 44513 28395 76989 40686 14943 40291 28376 
3557 19
32255 10628 92543 46084 91890 67424 68202 72189 1414 29299 13712 49773 74202 74924 82178 48606 63197 73815 78521 
6057 10
16604 23430 30803 82939 98002 72172 92341 63838 58911 67348 
6481 16
47001 63549 14720 38835 97550 46228 62572 44018 5972 95828 72894 27742 25419 46836 37282 93625 
5493 16
37663 8693 27536 87767 38274 60778 86092 6136 95323 70064 7741 42751 61873 67861 1846 28167 
2758 16
63492 67451 27155 66710 38386 1171 15829 44627 9339 96632 36947 47758 26666 16648 23044 38595 
6997 16
89931 98688 78792 5905 19589 40161 29304 15745 17992 87668 28159 789 87233 72751 15852 66150 
7841 19
53855 51679 13603 47100 18316 24318 59880 91832 29602 29245 38953 73346 48987 34294 17413 32406 72893 40280 92195 
1002 15
64128 51557 43863 53213 80553 79194 45978 38278 38792 61038 9968 27661 28160 29363 75761 
6237 15
91042 57855 10342 50591 96515 14727 59450 44804 65844 39697 11327 85750 47326 35897 99963 
2426 14
46011 29891 79815 47956 20121 83455 80268 32695 26876 57164 41980 15831 51424 36818 
159 16
77305 1475 74531 28313 17575 5647 42404 33318 69649 75567 2286 41696 34480 38822 17971 95085 
4973 16
34759 46803 66349 65988 77469 63538 91514 68543 80425 40476 5097 90326 57249 31258 48542 98546 
2830 18
73779 43765 27169 2816 85802 50999 24754 93477 11521 52506 81508 66058 69904 2023 22923 62515 3571 65030 
7078 16
6535 33797 18627 83541 64421 29359 2187 26141 51012 73397 74044 43578 94088 37913 13571 64525 
891 16
5752 87948 39858 68095 74930 67375 77788 69921 44791 76477 88916 10855 6322 25101 61413 79752 
3548 11
40089 7620 43615 85798 98495 18494 15037 49240 69461 72581 62046 
8572 17
12537 5616 23157 22464 91093 96767 69201 93536 11908 88489 82427 99978 29877 64529 54514 53430 83108 
984 18
5364 20155 38364 55512 64584 3149 10131 98443 62866 3243 78657 26821 43392 43599 29093 73305 67207 99627 
6338 17
99700 12190 60792 87196 95615 90076 14542 24605 84191 50679 68607 73241 45550 97460 85867 3993 87956 
9955 17
73413 59542 51468 34016 47250 81418 25906 11631 68997 79603 32652 91437 95477 48544 14402 33800 83193 
2394 16
34607 94214 96142 36757 83514 1998 63799 25967 43263 95029 73569 6758 20575 12871 36193 29201 
9629 17
76914 33547 63036 87028 69054 51633 13258 29531 18160 50041 56195 88717 60819 1721 30591 37812 8705 
5853 15
45690 74745 69503 86337 35992 74376 46472 40237 98161 7334 52055 26098 78738 71022 51319 
2752 14
30093 42004 60704 22563 17569 1151 72096 48863 9004 17011 7666 14001 35519 87812 
4847 14
43682 86820 85766 16173 11089 15764 39814 43770 18218 28196 2851 49101 78893 81475 
1952 14
12985 71355 91043 43701 57365 31511 33240 63474 61733 90973 42604 80224 96773 41925 
6235 19
54675 98310 2510 89751 51514 33564 21213 14188 27975 20599 23126 10813 67868 16201 74048 89434 85956 44347 43368 
1085 16
63683 27081 21633 88890 77679 53453 18908 98300 11454 84303 95588 80169 61092 54841 65959 62317 
3080 15
81404 69934 20809 17256 74341 87054 3671 31796 64673 78611 40481 6733 31977 54164 1883 
4355 18
55999 62148 73320 57430 45052 87950 1478 7753 56024 50139 81916 51294 98644 28851 13807 26051 47254 60822 
6416 18
92349 45119 10158 52550 57172 15413 5425 10699 20964 99308 16620 66830 95684 56390 81253 47968 90005 74318 
8273 17
11245 65136 86396 60004 64349 84901 74051 59067 29692 91664 790 9629 35136 3893 92926 75818 11081 
1559 13
48838 83093 90715 51878 52328 13735 44809 57844 91615 49428 21448 94008 32310 
1215 17
11905 93761 76553 72157 32697 74238 4878 38052 92420 51428 38005 31267 67496 78323 3191 28288 87296 
2800 18
77910 56100 12913 39203 5862 90568 95150 54667 42750 56015 97105 99798 30445 8644 15279 35165 76622 29571 
3580 18
54485 15914 26308 68291 74033 43312 88651 94672 33000 7837 12403 58325 29107 47553 93285 84211 24670 22381 
7650 11
3584 2927 93619 59307 77217 98815 62493 24415 98014 9657 27528 
220 16
80199 37332 69313 53737 15813 42679 16920 51537 813 17440 92984 90127 79410 27476 33342 18369 
8705 17
90488 10597 95673 30052 32535 92879 96302 10174 76391 6164 24516 36907 82756 90814 96945 38588 78570 
2998 16
3616 16572 31009 41318 13822 95424 71448 88364 26160 31381 12141 1070 42006 59790 14986 26729 
8498 16
89481 33538 18654 7751 98220 83751 86227 85312 28382 99269 17285 63905 2842 18466 81832 97899 
1939 11
56298 23542 7946 5946 30426 87958 68505 75122 83143 18390 28572 
2457 11
73007 58821 8334 74588 24780 36205 77001 23508 55480 91283 36987 
5281 14
85487 29553 10224 60825 86086 53940 92374 22276 85547 14677 30916 5775 99717 3255 
2138 13
5474 20154 37049 4045 49068 59919 70282 59528 76670 1663 43595 15015 25805 
3744 14
7478 71578 86815 85066 16222 40671 50528 42439 78013 25656 24344 35689 68031 41694 
582 16
75488 59914 14208 85600 8310 52278 42420 31226 50482 75501 47118 6853 95223 17808 55321 1547 
1549 11
52239 47431 78457 39536 92602 36648 5245 52007 61854 98461 25013 
479 12
65438 31568 15780 13011 90023 95650 77731 9176 95716 4191 98692 15992 
3837 17
77213 22974 98230 52789 9470 81538 27601 62685 1730 64520 91342 77605 89564 48163 64117 76390 25504 
81 12
40496 50496 46586 31915 36541 62136 50891 83633 84897 10508 13133 44840 
1640 17
80930 18860 91380 10173 17916 7256 57479 21242 61934 82408 230 5558 45617 97768 46517 33249 28535 
4430 18
44228 62452 81339 52219 68883 36836 55012 1557 92534 11400 12679 37523 3216 58755 80658 73238 80369 93730 
3844 18
22443 73669 86247 81936 77980 77212 16535 47994 27198 57808 48097 99259 74506 29882 56014 28254 9553 23640 
666 18
9951 99567 30881 21912 71517 26993 14705 6572 57487 58181 13783 67875 2834 92957 36233 14885 25193 74264 
9013 18
64716 79910 88859 28809 63012 56101 23750 45327 52400 75957 97195 33431 73728 64041 46927 56551 49605 92583 
6792 14
29429 7163 18607 71996 28459 74662 5277 3160 52189 2690 37289 56258 60785 17248 
5272 16
37152 6228 26000 54677 14946 18631 83652 52185 49264 37339 38740 37519 44610 8396 50995 82744 
3626 17
48568 12872 88247 93048 43673 83171 93140 18769 64512 71046 51156 97070 36207 60051 44095 71871 47103 
1448 14
89811 53233 91418 45379 95566 14370 97191 46160 88725 92889 88507 45990 61385 52876 
4988 17
16906 38009 49700 51197 11200 45614 5799 61986 30035 29791 50618 35058 20568 93955 64253 65045 65671 
2976 11
91557 57087 71809 78019 67248 96358 90825 69552 74210 92701 38303 
8937 16
87974 52734 23877 28076 20494 42326 56985 44672 47333 91470 19409 89905 17544 98946 81745 72801 
9277 19
1677 75269 26618 1404 17950 82049 76296 52765 24431 8730 95698 61344 85535 32901 69537 16941 98478 71851 4990 
860 17
17683 55020 77123 69340 27050 69766 87905 92223 38013 27588 92083 38587 15935 75781 3974 73643 35691 
7737 15
32276 83212 41993 14995 95552 91654 90138 76706 46327 77702 12538 73796 42927 62385 13038 
4919 12
6006 89104 98753 60469 76319 74860 92830 19554 30015 97559 24316 82160 
5315 18
56041 89245 54183 73952 51460 38890 22766 60702 9001 74978 1134 83558 576 29853 19028 65764 46675 70880 
6185 16
43886 10957 64503 26521 88182 94908 13777 85140 39140 75533 1550 81670 53631 4259 92901 49168 
6885 15
19537 17732 85859 63259 5015 92336 6488 51407 82690 55405 57256 37539 6480 66579 69466 
4749 16
81797 1428 38677 3103 39743 77302 16155 75299 82221 56596 44007 21535 57605 13811 26268 61905 
2644 18
45568 25465 76246 86827 8260 25096 53516 35291 84739 45494 57696 45285 86734 21544 6193 27945 43777 91944 
9106 17
44677 66450 97799 11562 1528 62637 16225 38499 33723 7416 15789 44468 88686 86033 37095 55477 62653 
7407 16
71967 84012 19051 99915 65910 88573 56070 58136 75113 18397 5091 72956 90246 64217 46170 41471 
4401 17
13369 8449 55061 92631 10694 90009 53624 96546 176 12535 89240 91057 27963 40054 66987 55517 2498 
2570 17
88910 27784 30061 21405 71151 43979 53405 77178 39517 63845 85561 76818 26652 19550 55084 32152 75678 
2798 19
62930 13972 5547 90997 55073 74714 25320 24639 58337 28463 39151 96876 7485 46101 79291 3363 51701 2298 36023 
4704 11
88817 45187 66137 47679 26048 79826 96939 11965 53376 46492 14343 
5171 18
16578 35832 10543 49129 83485 98516 58294 59834 71222 53013 22050 72825 72316 8111 32968 57161 30835 80163 
2754 17
98693 4700 71756 52108 65435 63882 64367 86571 60594 64036 51675 69218 81834 65303 35310 70011 47424 
1844 16
95886 84941 6335 67733 28593 32769 92028 98585 47525 3226 20577 22883 69508 67700 54363 19179 
2497 15
65230 17597 10644 81091 80191 90565 30941 41298 89009 2357 95546 66535 33888 86828 11387 
1182 17
23301 95944 52519 32570 48025 75054 15796 18469 36608 70603 46771 41677 64053 16030 61254 29198 39364 
6874 16
78806 86267 42765 61356 57402 44065 62996 9055 1395 95838 90385 38894 50412 59062 10907 59966 
604 13
53894 29140 79703 58896 46407 32057 80612 76134 18628 99172 76575 19444 16250 
9836 19
78858 64956 79991 86374 32683 72558 92220 84746 85288 54368 65991 46523 10156 37094 34747 49563 32046 63244 93608 
703 17
86055 73064 49338 23091 66951 89033 56745 36614 70286 79756 49317 45427 10282 39014 97238 73048 75982 
9487 19
24335 64606 62805 32525 32426 98040 76083 26750 6038 75819 54543 30970 32950 2958 75389 35812 72923 9282 52169 
2257 11
37279 92596 8041 97877 53545 49709 35380 24086 83071 26567 44184 
2977 13
55942 3911 26975 15505 5806 59016 22277 93384 51874 12353 17198 1255 2309 
9279 11
24532 91244 899 8995 76171 6564 83034 9652 44752 89798 7327 
8180 13
95481 61325 28946 41992 78188 52039 9612 2533 75155 65147 50585 98201 47789 
8101 17
85863 77330 7489 18975 19326 44892 25853 27883 9825 4386 69595 87425 46390 8586 96290 69837 87912 
9767 17
72338 84385 95529 20734 51380 18458 87893 27427 64491 20073 49839 25318 87193 67431 49889 63897 65146 
9772 17
45682 52743 10161 77264 41179 10639 18994 71956 39849 1331 12919 34725 70656 95372 90925 20394 63725 
6623 16
31681 42512 49504 89744 26996 96838 31814 60235 25918 2008 2855 70799 33766 27997 4384 46320 
5050 17
82370 47576 99354 87247 41597 35893 34949 39820 81078 74916 34350 93662 58581 3928 36060 6422 7328 
1432 16
44014 43667 71266 696 74840 39239 92158 63003 84417 35888 4996 39998 26297 87873 67751 1554 
9701 19
65966 27268 25174 1525 1052 8094 31395 15781 2818 68342 91110 62016 51074 83698 72243 31118 8182 82937 86794 
5159 17
48536 189 66428 72289 33771 91427 28051 53252 40507 44456 96577 18426 68138 35207 60365 21122 14772 
9203 12
24592 81842 27088 71731 83264 8470 38458 6905 8113 67814 91060 87616 
4823 17
9572 72005 77519 91942 46223 6111 64066 73855 88339 75209 39929 1141 40726 24789 78469 15820 43848 
8374 17
34529 23392 61291 30673 81036 3224 25691 18178 66551 78921 40208 14795 25927 52819 42072 34899 36979 
1705 17
50406 45330 54074 27480 55585 26647 22932 60703 28747 29573 10868 85721 41700 76267 5702 26430 20589 
7555 11
80645 59433 9913 34991 98853 49271 33388 28735 93960 62262 31057 
2943 18
89074 42824 10040 34734 14627 36728 35038 19155 56395 38998 11954 4916 61497 68429 56722 48077 8051 90985 
5697 17
46481 70873 31031 87577 60488 1121 55750 95299 20694 22237 66684 80194 87279 71978 85458 15736 64853 
6253 16
51545 66108 98355 77863 34810 71436 51490 43797 83025 25956 9713 56995 98882 51496 1822 96307 
706 17
20841 2800 33992 13147 15331 28375 2442 10091 9322 90300 1804 68665 20981 96598 10130 21956 27067 
6349 16
92433 96766 26165 26396 82010 96477 26540 26147 78121 21212 63767 4120 84043 93970 34113 17469 
1345 10
52360 31986 88362 82341 91428 59885 42322 94509 23559 51800 
1711 10
77518 15318 22263 27128 86544 81455 87749 45685 15797 67380 
281 19
77402 47053 81944 13010 22164 20667 59726 89640 43663 77729 1500 90495 48546 55156 39299 10581 70653 71018 43427 
1224 11
40119 56486 45202 23191 61704 7351 70091 46850 16614 625 70152 
8626 18
90155 1598 30495 65461 2981 16719 79842 38393 80601 44305 35809 92368 39454 42397 58663 31604 72696 64830 
5635 16
43377 86870 54205 94606 61221 25642 60210 72732 32143 57236 21248 13394 85062 76916 50090 23086 
1453 19
17714 25123 54983 15385 56190 28208 24651 38811 66733 39332 74243 1339 59341 61255 12015 70749 68226 51412 22832 
4601 10
78270 77892 78867 686 56663 43468 1446 14303 37446 32506 
4705 16
37941 9691 51664 92431 71928 26982 33664 24661 95102 66365 29112 15961 28939 58350 46654 27498 
4613 11
64159 4585 38373 64138 12729 81600 17347 7768 61798 7670 69642 
1679 14
51344 28976 19995 68538 25432 90049 91367 6282 57066 96725 44342 89694 72933 20174 
4681 19
76932 13242 5920 8956 9211 26436 20058 74041 72529 50545 83177 35887 36866 25106 55202 81294 42506 88926 74710 
5950 17
25452 42850 30523 85222 91878 8827 1357 79797 13810 2055 78148 64882 84196 3008 39675 14756 63389 
628 19
57364 42971 45245 46097 44501 58733 71262 76976 33164 16679 64407 80800 94303 89868 45334 19376 87939 61628 17547 
6470 16
52430 20950 95501 50052 35795 18006 97803 64147 52709 81962 1076 22269 90831 1969 97384 28558 
4758 17
41803 26076 4552 94218 63986 71749 2686 74497 91216 54287 2051 92408 33654 24709 23928 99010 84347 
144 16
17601 68050 19783 36936 74147 66224 51871 82815 81337 98171 431 82951 44290 22337 48185 74125 
1244 15
4661 58545 65878 2194 75652 73099 60745 60374 15399 98458 71236 8718 40847 30477 88658 
2923 15
9779 64384 54171 49587 3340 19756 20732 51640 17764 89943 87908 78873 84721 87323 9340 
4333 13
36076 4619 89336 32963 15539 38383 75385 88527 30546 37171 21268 67480 31836 
757 15
89299 32956 80165 70386 61938 84610 80031 30516 85117 6899 3877 66258 81960 46077 46677 
5878 17
69799 76678 98054 26382 66952 54676 31596 99054 40835 77185 74694 44649 560 37761 84287 3227 9243 
7937 19
32944 48614 7517 78805 4329 81827 13847 48712 50105 34861 92731 97092 79984 74379 3015 12807 3518 12068 62239 
1653 16
37098 38343 23427 57035 29400 96842 94978 91818 93600 28095 53375 28621 32573 13447 98634 85842 
6588 18
60125 88210 75995 48982 50826 49067 50809 7618 42352 66794 98341 1988 82960 38766 2159 47631 37636 36766 
462 15
11995 88288 65678 36094 36722 92412 12322 82077 31505 72407 29109 84319 76817 73681 45164 
180 19
22770 56086 52970 71005 98128 862 79716 20863 72660 75870 84541 97815 53633 57753 65750 31588 87213 35394 54866 
54 16
67037 84312 25896 13920 66803 72890 42403 52778 1443 50638 97254 81349 16396 49211 24468 30585 
8157 18
33974 29338 77610 52112 88748 80572 38401 17039 8976 2164 62986 5079 56037 43416 80212 16395 43003 34530 
5009 18
41038 68079 64435 72454 16985 15 27183 34772 37596 17739 13338 63181 66666 42843 51575 11343 38097 46546 
4609 10
45675 27165 18618 64112 14716 88403 23197 31435 4505 98779 
6960 15
6247 71899 54459 19748 38352 10844 72698 99689 50433 14405 67911 82588 69862 36781 61486 
4717 18
56201 65413 2654 29078 36568 51880 3319 86264 67252 43891 61195 61563 81351 28190 26828 49956 12998 79767 
1226 14
77342 44775 86281 44968 233 62617 22973 94276 96907 8998 64032 95939 46361 75758 
1881 18
16636 94354 83172 75419 83101 16820 47256 96438 34215 9162 85142 64080 78926 47075 4079 82864 80149 78220 
5100 16
70299 3203 75251 90513 32501 81289 3095 8513 96189 3664 63229 57302 46790 65914 736 88881 
1778 12
8363 18335 98875 51003 37771 18685 68698 57572 7926 71627 14180 97633 
3313 18
15087 29810 39101 21240 78315 27001 16056 55400 69247 61534 27145 76838 97791 29372 86764 13500 54001 15393 
4084 12
43610 22613 28414 80992 63578 68634 684 28011 7800 37389 41848 47224 
438 17
66969 35391 83889 99274 35054 32649 42082 11330 66175 69232 60434 89610 38629 79345 26861 63712 27092 
3186 17
15050 64921 68807 31037 33520 37262 25812 12675 11697 5550 12170 15814 96963 9898 63734 4252 13938 
5227 13
47732 7672 83714 81167 46717 56598 62742 40790 20469 93187 33407 74622 25082 
8283 16
21288 75797 34666 69572 52552 81890 94482 96375 29584 93762 84177 91275 77395 93624 75951 13885 
1088 17
77897 28737 9932 1990 5058 78484 14098 44960 39916 41657 50247 95320 9564 78091 78373 13404 70275 
3050 14
7507 17096 20053 89911 80440 31709 57053 55851 41617 77035 63291 69020 14042 20139 
4381 19
21975 38669 40460 75947 18215 3505 1852 49126 46161 24950 38524 81256 47841 58217 4894 89736 1734 31979 50195 
9312 16
88158 34322 5353 76324 96352 59080 77836 93431 41740 95765 72320 17594 88418 70382 21840 20782 
4374 17
77843 86257 46345 83665 14610 35776 7662 23023 84396 82383 36125 32556 91289 21304 65200 5748 76539 
6388 10
25759 33785 14052 57679 70658 78503 27325 21305 35798 6068 
6594 14
50315 54261 23659 31640 23273 87680 56405 86297 84968 83086 28837 78452 62447 67175 
1692 17
12711 51199 1643 13679 56466 17111 19384 87509 75801 36480 56858 97683 93935 68516 3721 44581 45606 
9974 17
84938 67287 38381 3130 98977 65344 94198 74953 97944 92066 90364 96448 44834 40907 79498 23324 99437 
4275 18
46631 60857 63686 80892 86342 47970 99148 21220 70417 71821 2809 4338 32042 39744 95189 86091 98905 92110 
8530 20
11503 81373 87719 5892 26138 53582 59089 88957 32631 2304 20859 16064 42760 19448 98024 99723 22968 96213 27044 82458 
4380 17
20565 20263 82752 43103 66833 52213 38621 93492 44273 11324 61185 42963 18963 5229 46072 45042 21474 
2935 18
79361 34906 91478 75105 37916 29005 89387 84668 37879 44126 89879 34047 94414 14544 7784 63695 68413 1992 
7120 13
92811 52987 81466 78578 55580 49243 86758 84236 98211 19466 32987 58277 46518 
2297 16
32352 98491 19238 67018 61759 74118 54343 20451 72402 48161 5511 6718 42504 70960 26037 44219 
3356 16
38066 31997 17012 94735 80365 96652 42623 66926 43469 57441 37142 32482 19472 6191 21895 2418 
4924 18
92541 59614 93078 48782 56151 13354 87012 66749 44645 21951 44115 66609 99110 59889 33792 71417 66797 6532 
6779 17
96152 42236 97360 81514 80698 32041 23458 26920 17379 28854 55496 41851 47812 2282 47364 64426 24773 
6241 17
36531 40462 42960 25240 54471 21600 74814 40351 66575 48146 12416 61451 13562 66639 31889 86442 88617 
6816 18
6601 38424 31124 12193 95174 73451 48405 14906 98921 70492 94138 69605 97106 25735 60288 35697 87883 48701 
8392 15
69215 80643 41824 29951 42060 20066 99981 6519 28228 96946 32513 95714 96203 2231 36885 
9027 15
30917 80014 57018 65839 672 33279 66363 7339 7881 32154 87363 96865 58873 65327 16771 
7159 16
78410 34573 84649 1623 72887 39578 7829 53138 130 79578 18427 99647 66644 38087 4463 84160 
8338 14
43634 26755 20665 77152 55329 2866 50955 1492 92112 68732 12663 39620 21354 51741 
5348 16
2519 30289 22038 37958 43951 27669 16521 30371 60666 44592 63951 6144 42335 75228 70428 9820 
2778 15
53630 5212 64301 10732 12271 6688 13424 95289 7237 11107 75312 92159 5981 66600 95839 
7164 19
16300 88532 51927 46932 93598 11034 22616 51026 11250 1665 26683 11969 92743 59655 89788 4667 1126 32675 43695 
1661 17
24511 85544 148 38934 31834 63329 54200 11558 39745 99581 61243 24792 88907 35534 41620 75322 86486 
3899 18
77763 94267 65256 57756 51086 501 14286 3164 37706 34694 31861 61790 39555 53892 62006 96065 87204 26833 
7218 18
75619 53763 17868 42873 41014 91340 46565 67526 32922 9385 10604 19101 45458 68180 21624 49821 58235 88476 
6318 18
74471 73217 44655 43660 21769 49973 44607 64541 36051 44494 41606 91698 53343 24144 38149 4346 25910 5330 
9149 16
32620 10985 96588 67873 26325 37557 69311 9349 2335 36627 91243 73783 6371 13653 57954 54782 
1204 19
691 88684 78355 97140 58673 11271 6582 12557 64777 79823 86720 50420 91388 54349 27545 29562 11677 31487 85773 
3613 19
37763 43355 30742 55759 4461 14696 64790 44158 4368 28634 91166 77609 26915 25581 27244 19254 31038 63209 21856 
124 19
24621 61355 24050 73992 27245 14060 85089 95809 42217 1761 15639 22781 50535 14797 90452 15396 72008 98554 59965 
868 17
71352 20414 52243 47902 44131 17941 98580 50525 50252 42156 55200 38056 4267 19436 48775 26508 4022 
4284 17
20698 72299 37144 79590 23103 39219 74488 33387 94524 79501 99442 84059 55489 91306 76024 95026 40266 
3552 16
43720 31819 89918 68779 4127 85967 42 12167 69434 15879 53591 77022 64890 39157 46670 58989 
3406 19
39556 22649 28551 67680 2525 55139 82917 53507 3749 37390 86556 77535 82683 84299 66604 2838 36740 33196 91345 
2926 15
54429 40328 65807 38518 73405 71063 64459 40243 766 79790 1535 3508 43807 58374 28810 
1737 17
11483 75184 75599 7055 24216 41108 1912 35667 75169 18610 63090 10209 39513 96574 74518 28258 7610 
1777 13
18594 13881 96529 65113 45429 12658 77184 12267 93435 89216 43822 45486 90073 
2023 20
44072 19183 89505 14117 10811 4709 71120 68558 25754 68773 65288 65821 32472 29948 80121 3966 64230 17888 96004 16809 
4072 14
49199 82737 24964 82192 45975 79313 66899 20136 40813 72640 79547 20232 68899 27998 
8181 18
82963 39996 15098 76450 45999 80560 83126 56979 34337 7259 52171 23141 74272 59532 29408 37489 56597 40430 
8616 11
70430 97818 38923 96194 82814 71062 75987 78358 68422 65752 38917 
2194 16
63168 68833 86306 67640 95689 76571 28894 3153 79382 76826 75332 12244 42125 16174 31423 33178 
7496 15
31034 28470 15189 65539 42372 18581 83511 72242 79063 42525 11057 1708 41918 19343 32602 
1984 10
41551 29613 12902 95766 33464 33105 92038 32744 60456 80178 
9793 16
22105 33714 34477 62251 66386 66722 41565 75649 86745 79106 55245 20778 41827 65939 49750 45172 
7438 18
92491 76815 43162 1137 35463 42865 51686 50938 85581 86426 68645 74677 82920 7093 59314 89848 39760 60101 
3034 19
44302 45572 70245 1035 25349 47277 50059 69266 18416 28057 88522 91869 64024 67044 64825 65198 41881 86482 97841 
7491 17
32661 60681 24104 14389 29611 21049 67568 89044 70505 75423 25513 39338 6316 43424 48935 8221 69142 
9071 17
25835 31204 95547 67721 40649 90759 41982 21056 71336 69935 86439 12463 56557 9845 2797 96832 42509 
9069 15
95092 89554 33268 78606 17788 65985 37582 95127 9262 65971 91062 42563 6298 77156 28846 
2919 16
66105 92778 36953 45296 26334 37464 81202 22402 832 36354 22673 86866 41339 35907 43217 43173 
3767 12
93034 1089 40631 78158 48637 85214 34176 32577 88197 30125 81517 63332 
7197 17
33752 79354 40527 45087 9789 70548 60373 57881 35493 57825 50884 22905 29183 47711 32052 85002 23852 
4713 18
7840 20958 42024 16018 4500 47016 6256 15110 97498 15233 2430 70362 79089 344 86903 55232 20393 76521 
2065 19
32432 82327 80974 27879 97684 81298 91884 96522 72615 86063 20447 93607 57532 55547 75472 56967 43614 75920 68313 
1966 16
96754 69105 79121 89946 22877 83505 51362 78308 57809 14222 83275 18759 44201 8523 42289 60672 
1617 15
77589 93865 59984 29324 3912 28758 2333 90550 29606 91605 26184 19774 91056 47934 70432 
814 18
41032 23036 55991 74620 46466 84848 52641 17022 94732 93376 50581 84488 75362 49076 63855 36942 5977 97902 
1045 19
17105 25087 20595 95978 77344 63622 90560 21886 41485 54028 20566 44114 43439 56316 91949 29992 39892 38313 49560 
3026 18
33065 5173 77824 54088 6166 91727 28839 96927 2743 9895 22250 34292 55319 59129 77345 95553 95428 46120 
7358 17
8226 6016 41726 81897 65508 65619 36550 45114 59605 34271 81543 47834 46203 67570 34122 51487 88944 
4312 14
32165 98144 99543 95081 40563 12108 17978 1857 99058 731 94750 36515 48902 64507 
7158 17
40639 2849 27371 22878 37513 61394 14926 28227 13724 74952 5742 46217 60655 92938 31955 34980 78097 
1876 14
73738 42203 59688 36846 59643 47861 89753 46246 36623 69212 62546 70547 64029 32017 
1803 19
55820 11354 66257 6187 40407 20220 4746 88812 30171 99296 99959 15430 29714 49557 60834 74092 90642 4666 39287 
6900 15
70957 61143 95188 26881 90465 40778 31425 33507 30226 17678 49873 65779 9796 56122 84837 
2075 17
24782 49072 84055 68423 92693 1448 18433 18122 39879 70852 86288 50393 41424 99139 69430 39111 38228 
445 16
27036 14411 24640 90346 86612 92413 24482 59344 35349 36172 32384 2014 69678 55148 18854 47090 
2162 17
31645 49668 54504 17961 42376 81610 63614 31401 84861 54449 34879 81932 66269 35593 33165 44531 54155 
2440 12
36019 32503 17250 95621 29022 52280 48961 273 51054 38466 44569 95859 
8634 16
23976 34853 42327 6769 9430 88575 36577 48702 37942 52063 35963 91775 54945 69194 96264 91370 
6054 10
4824 58795 69265 4114 19734 63110 15284 56202 52082 61539 
6370 20
33734 88380 46583 427 32239 37690 34253 18097 91160 32566 93870 93433 94898 3501 84683 48312 43840 60385 40362 25601 
5971 17
29132 22135 38344 22971 30555 74513 36326 83747 37400 48281 70249 29902 26586 59170 89985 17058 33269 
5798 12
93871 42982 96481 41195 16994 23591 99945 44434 48048 5857 58620 17308 
944 15
3662 37178 73488 56522 77768 59276 96608 65507 8566 45558 38539 37072 73974 76846 90983 
8591 17
31632 10379 50910 84079 55863 31112 79328 4367 30074 78446 94483 64419 60267 60237 2595 49613 58214 
1246 12
30500 51374 25166 98774 54425 80211 20097 93683 11177 80527 90353 4487 
1815 17
46231 11472 77584 53452 93261 73409 66241 96408 32932 62223 72567 19271 20432 52911 21898 7803 36287 
2596 18
7317 89768 13673 27348 39432 81132 77235 62448 55132 61967 85984 92388 99555 99463 76435 34838 8770 27542 
3963 14
2032 40951 9198 77271 14372 46136 44899 40175 5135 8815 85557 84695 86171 38634 
7833 18
48921 80729 15040 75439 28263 13413 27970 13335 6455 25955 17284 55296 951 65603 77924 82706 28929 96292 
2414 11
97573 7645 85993 8296 61711 80871 72821 67102 17574 3831 44723 
5695 15
74870 84961 62670 79721 62794 18147 47200 97966 95640 44162 53145 99533 17485 29776 97536 
8427 15
3442 82839 98543 79441 50819 82993 85828 10276 43211 3291 28841 79329 63169 33516 85437 
6826 13
44766 75337 52131 41184 46958 6581 98963 56931 18798 49952 17486 31516 45341 
6152 14
28053 5991 71306 14160 6747 94538 6315 3713 75597 71362 23049 16806 24180 33034 
111 13
70445 38153 55457 20320 15253 61427 1559 40466 79430 45472 8792 78382 97759 
9294 19
42080 72711 16973 96726 23597 68640 97076 42870 89243 7009 57516 37909 747 37479 48181 54341 59429 33522 57295 
5857 16
6504 40680 22716 72811 85184 94779 99699 7444 67607 86694 44471 65193 25390 58643 76320 32808 
2928 17
97630 84448 67282 16309 16159 18109 12157 57257 31414 15036 82132 50115 47749 63149 77931 83392 63521 
9143 18
49178 60772 25932 45158 48011 85265 88929 13122 91287 57260 52799 66006 96999 88337 40948 67560 69322 42356 
993 19
37640 5913 15551 93522 98506 73163 73605 65658 98571 82869 96099 1939 76936 61584 62743 3923 2896 81791 83276 
1486 17
26716 11094 72111 40667 53225 78407 14278 72607 13851 18832 44282 5811 39766 65666 12250 79319 96627 
3708 18
42834 52573 91748 83868 41962 57344 26006 9115 79985 62570 80897 70739 68448 20149 90844 70782 34595 58657 
72 17
78903 86298 89314 46450 48253 11162 4881 4102 54942 91784 59615 12452 60433 38635 16099 63639 52737 
8345 20
82423 48534 68835 91466 26350 85410 8689 8265 16200 60517 28727 8424 81178 86617 81694 84526 63738 60500 53372 12395 
5337 18
35646 73977 34927 64465 76649 89116 64741 78638 44852 25542 89207 91595 62762 39789 85424 21581 83241 24497 
2331 12
99421 67429 47495 77431 7728 99841 78051 95845 35191 82730 79548 86018 
3869 14
48515 55228 31830 54037 57746 53228 50738 55058 80397 21665 31896 22059 96220 44843 
350 12
63551 16689 4757 28363 2565 10810 43238 77936 8204 39345 55647 34408 
3418 15
19757 8222 92780 21134 78891 98243 4314 39322 12207 65342 67750 37794 96870 28143 48325 
383 15
4838 88866 94394 94186 69734 91316 32051 92070 54707 23838 928 82241 20909 67988 4887 
8415 18
49937 64311 95206 35542 22281 12713 60657 84351 58378 72796 91987 49044 33500 69499 75736 39777 99057 76527 
8912 18
36219 9206 5735 53735 31202 11771 61440 51355 23631 24608 57032 74752 37555 69852 33840 67082 76800 51469 
6743 12
44681 32687 7377 86606 30014 63411 54489 5617 28607 7930 49522 37829 
3289 14
10448 52384 59597 93301 46612 37342 72724 49749 93236 26706 76704 50625 88478 36689 
5752 17
17600 78501 67987 49030 59570 74346 68601 36865 83835 72565 26997 60909 99666 44716 7877 53650 23046 
2651 16
87520 7277 69343 6709 84919 33345 15485 51735 90615 34930 303 66504 87639 35995 98402 89695 
6665 15
94640 35658 78328 60207 88816 50515 21582 31325 96148 67942 14148 49364 20270 15422 90309 
6821 19
34765 13254 40424 1631 64475 6120 40734 65710 47392 99232 74059 38721 85849 36401 82842 95339 30421 2614 93884 
193 16
9885 62625 77694 98527 33768 14292 52786 1573 96349 82723 33772 24075 15259 5101 23224 39433 
5611 19
74241 71461 68127 59874 1458 44380 34901 35853 51929 21131 38897 86168 57637 35957 57407 20569 72148 20555 50447 
5948 13
80915 42117 4378 62993 57115 37934 28857 21026 33742 84791 50950 94212 73319 
2429 18
68148 80317 14201 49180 50104 11679 8951 57579 14625 87863 37185 11092 16390 65499 2292 14546 85520 79520 
7819 20
47416 71839 45905 88097 42215 89224 58796 8183 21414 86747 20549 60221 53006 39170 32704 86604 1367 37514 58040 85469 
7739 16
69544 11215 42148 58625 67403 93056 43944 96318 18705 19893 35185 34932 20740 17861 91052 14132 
4387 17
58918 94306 31932 40894 87709 35950 67898 56953 13442 5374 25562 9395 65472 72884 58327 78543 40262 
6980 17
53205 55463 46236 96257 95986 5817 40284 5705 37419 57681 25220 52865 92148 18909 10247 345 57447 
794 10
74291 19230 26937 19564 94453 81411 19740 14396 9991 64596 
9713 19
60065 19566 25139 23881 78852 16817 95474 2191 67220 80613 54868 18116 30492 6232 91090 48285 11934 62078 27696 
599 19
65840 77874 84613 56373 86730 12746 11155 89722 2772 70241 78333 95277 91700 23800 20019 25834 77534 87674 87928 
2631 17
28844 95646 53154 48846 91910 65968 46628 98470 51443 72913 92325 86463 39248 63405 11334 72613 30747 
3677 18
68410 91765 20528 83601 29016 53283 10506 70927 31189 41247 44734 17520 59578 83843 41096 91475 52122 26387 
7755 11
54764 8084 55723 41405 33371 19806 60014 64581 8982 36466 10059 
8862 17
64911 61951 22413 40222 51933 80888 95974 13733 95484 85213 21263 61649 10058 95183 4895 92624 48111 
2021 19
1843 27794 71286 50373 37252 78156 81421 71534 35269 23418 32198 37960 74288 59167 51017 34561 78468 12950 64069 
61 15
26401 83635 17897 30734 22628 26630 270 91850 91434 4280 78493 81777 99911 74641 38128 
1340 18
30989 48422 2184 79385 26338 29399 66307 7179 83278 2239 7227 11220 46563 56105 9369 42587 18235 70815 
8409 15
82810 70955 19868 56398 10599 64630 30021 69191 38887 98392 38604 65606 59291 86197 66290 
6491 15
42330 70668 15707 53293 52722 86064 53581 98042 683 12191 56274 28843 16541 76255 96622 
2097 15
71974 13950 4479 36914 56512 59220 99396 58614 95184 70408 55915 30639 72902 35119 84576 
8917 14
32911 3456 38007 42526 18745 65614 10177 14901 40941 61097 22365 60134 39083 6604 
661 19
48941 87312 32402 83190 46618 77606 25973 15297 26557 49350 31489 55860 41272 44823 15973 86001 9112 5110 66405 
1967 15
43927 40905 58156 8369 33135 86026 92869 11981 43534 5236 44470 26335 73638 40595 82135 
6528 17
25347 50675 47273 75647 95983 26612 13492 15264 66048 94286 7474 56565 44540 89483 8991 31839 52222 
9610 16
26024 15889 72458 10310 80133 73708 51124 99410 59639 7226 82028 46899 81281 94445 8256 61799 
4630 19
91356 7100 57171 43959 69243 368 84719 66660 28823 79817 94786 7177 82768 29479 48216 47610 72945 54033 67946 
410 16
86274 75795 10196 16982 88539 51626 62165 2155 2897 47334 80829 65641 58919 41174 36890 78865 
3124 14
99244 31431 99456 1683 57835 79809 42065 11593 4303 89360 88888 45851 24803 7441 
1172 10
5986 4972 25746 53813 53936 39355 43743 73560 5600 73063 
3730 10
53438 71144 68549 12766 87049 77932 40837 86078 69943 54628 
4490 18
58202 71337 81386 16060 70238 83630 44635 62514 77937 19038 95526 49258 94608 73041 39788 88257 73008 6041 
6644 19
89990 62465 5281 47332 52990 87633 79918 60249 35676 34217 91504 10816 32722 59710 43182 39066 67532 73905 34688 
5403 12
6510 7098 35235 27414 91840 15504 5304 57799 51696 42005 21780 15278 
320 10
33873 2459 39993 49966 38859 12364 17918 76245 41305 338 
6976 19
81336 89056 92586 97336 11231 2163 56081 92699 97119 69510 89120 74902 32712 66507 34239 26150 60936 80822 64849 
1014 15
62913 33578 74625 67950 21950 76791 55274 41197 19587 77146 7927 74634 65429 46274 37599 
7075 17
26973 99835 92121 86304 37195 2387 66289 27107 91201 71055 29624 88983 17920 52111 92755 69741 753 
7474 17
31076 28069 56439 46285 10368 56389 96179 10447 37821 50513 88361 26720 40882 74623 20262 52192 55913 
7602 18
19354 16194 55866 51179 92992 68971 35322 8564 73009 69532 35406 93420 84010 24569 66308 62940 46366 20107 
9956 13
34601 84525 73679 97509 38387 83481 46911 26478 32066 882 86895 39065 51185 
9469 16
31650 99494 62718 43010 35641 78113 31485 30660 4172 39753 90241 47485 8036 81909 24870 38285 
1790 18
79007 19253 27793 52660 54235 83874 15140 45430 39903 79582 24251 27380 9859 59698 12947 28179 12853 49580 
2366 14
77114 65455 49331 1973 51078 60684 39807 1659 49368 15075 93864 31925 6938 90125 
9404 13
7960 95816 46729 11865 91156 35453 7255 39069 79211 61003 99267 62796 53876 
9686 18
12234 58585 1739 19857 67539 67202 98885 18898 4984 65300 92969 3052 66874 89718 91702 29417 65441 82545 
2006 13
94498 96323 16873 36998 3964 20664 88446 79411 27157 42790 96719 75657 42447 
2610 18
1382 65479 61304 49113 77032 48043 39325 66708 4174 7820 74761 25060 53356 30494 52297 11071 10458 48745 
379 17
60701 50125 58268 83468 49135 86948 97853 93399 40299 32075 6458 48493 89172 72588 64684 47267 97232 
9848 11
38687 31778 66696 59308 50014 78222 19846 50894 19154 87308 25141 
9802 16
72406 27461 92855 88568 40515 93802 58827 69765 94219 5178 65730 59626 51137 66206 23443 8000 
8178 10
9401 81080 40436 45833 4923 53621 40020 50605 50677 96730 
5569 13
64850 34230 84254 59384 3796 62797 42224 9565 17805 83966 1429 54440 49204 
9349 15
22034 46782 27110 16772 49333 2672 92927 61627 40337 29017 25475 12036 2822 82705 4859 
6897 17
56907 95402 28038 71074 14860 10856 3932 87937 54263 43423 14925 48793 75602 16476 73295 54084 37550 
7318 14
48205 9167 61079 44140 9290 23189 49480 31961 48578 81759 17126 15066 60486 60185 
3938 11
83826 75092 43547 68684 20791 92820 70893 38662 16110 37595 12180 
787 16
93804 28454 97031 28770 56648 68117 26830 58404 22951 18196 14260 39007 87547 65673 28862 44816 
2130 18
87897 51601 61137 33267 18476 14037 61213 42601 42588 28842 43888 82757 14483 8298 93764 7622 8319 21974 
1807 19
99187 7847 92886 74681 89163 86753 77216 55560 8010 39933 93474 63275 97929 94259 60598 88738 48294 88360 49334 
6913 16
77077 14559 46107 90774 16714 87433 64705 53882 15183 36458 28372 46861 47134 39853 7138 5856 
4116 13
9338 40454 52495 28986 19149 61807 43174 67788 14922 36488 70766 41152 10414 
1351 11
89302 21165 47154 31055 36187 28930 19843 91501 59813 2942 36129 
1420 16
76512 26410 18028 72371 28783 88102 89894 11526 24206 24401 46426 80524 39276 82035 1597 84686 
526 13
87714 67485 29292 2504 33586 98157 9200 69570 54307 62761 16735 33981 1491 
293 16
89089 32085 1378 30919 15322 88008 35161 19233 74344 52805 98159 66807 21757 87656 46410 23028 
6029 18
85567 90447 75020 96859 93137 9711 19924 93439 11396 15123 6174 20803 86811 88249 55830 83667 83137 3780 
2287 19
37959 29041 76604 20311 9081 19265 25463 53458 43334 19960 28412 11353 76323 79671 61029 43938 28578 35555 67123 
8869 14
50700 62772 27848 25250 9550 52124 53509 38328 82758 61039 49369 87161 13964 36087 
5320 18
27114 85283 6616 41447 73769 5314 51558 53019 53247 13886 93826 41113 97334 65081 67045 71175 57004 47922 
3794 11
61049 77809 73939 2033 59590 20429 67482 64506 75484 90603 9590 
3583 16
53798 90911 68581 4863 47975 88876 70855 70646 75039 4142 10296 84632 25809 26736 66245 51240 
1668 19
80410 44718 9362 36335 24030 55783 58743 88494 67446 45921 46296 40392 71723 97548 21420 77215 17657 54122 77181 
2217 17
34384 2258 75914 76189 76516 77362 66 79015 26516 78480 21551 89459 22787 6107 9062 90451 46501 
647 17
19201 28501 54768 60715 71328 67588 73330 56933 56401 38027 31548 84906 44367 38448 40551 74144 88898 
7351 17
54109 67279 72240 58439 61674 34023 72391 40042 38075 13311 36168 23973 14182 22850 3102 96421 28531 
5020 12
72364 56306 61717 28296 24078 84053 23908 97385 71679 34753 70976 11335 
6285 15
10892 26159 96251 10521 50044 41241 94245 93151 14578 86520 62169 24073 32485 86974 83809 
9420 16
34552 26102 97260 42389 59462 49022 85528 55072 58999 54466 41226 75873 23300 93952 698 5949 
8887 17
19827 12560 89506 96383 42539 41297 74971 45450 67211 80223 73556 69321 26988 19482 50060 87881 6956 
2089 12
54279 70459 50096 89998 80168 90061 79692 35134 65452 41311 90595 57289 
2595 18
68600 24051 74434 65394 6211 14294 53077 7402 43589 89403 20237 37988 99774 85163 21527 32210 58789 4574 
5193 15
57071 69331 45002 31968 60938 74255 32326 84756 55715 28848 89721 78377 21798 78706 36532 
2802 18
50397 23499 96771 9668 8801 45811 24226 16711 84309 99840 82962 35866 99134 36731 50305 12886 72496 25769 
7349 13
59041 85279 26091 79362 33490 16892 31597 32445 80668 74246 84314 79401 17422 
7920 18
88474 39962 74158 73462 82750 9604 32889 99381 808 5772 13218 16447 22341 77008 12732 89857 42019 75802 
7791 16
23942 27113 54133 35109 83007 41427 87331 49959 81321 48237 26638 84014 32187 91641 81874 93181 
7839 19
53652 80364 56161 24635 33866 99122 60653 74508 26812 94038 16484 25222 33645 66130 4628 13704 25682 99997 67734 
6409 15
57875 6406 28494 7006 25469 11627 36878 98997 76413 6061 9160 67297 40316 30185 39456 
5873 18
51111 71845 52916 49162 80581 64148 25664 54746 72106 10884 31494 34432 30683 68214 76811 11228 45383 26816 
1029 10
2582 19794 64097 79024 7468 15258 90196 25966 52505 55391 
6793 16
5382 74394 79152 6450 33019 42097 67385 11329 35889 19311 77295 93306 57183 28348 17817 31062 
1488 13
24347 5672 94462 22695 39288 94939 1762 80258 33891 32887 97224 14619 37975 
6236 18
95663 46152 72514 26472 74537 37495 85494 49075 43916 71100 88550 89773 67257 89011 6736 31748 23755 97316 
7442 13
43972 88066 83475 51910 88608 2411 75666 7033 95694 18588 31144 60742 84007 
7364 12
24187 12977 37247 44785 60129 48412 66842 30341 37675 89453 82903 35173 
5344 16
71504 98424 30122 98052 35267 900 75513 29585 96473 68654 19443 36148 57290 44429 78143 11734 
8795 17
47816 36151 89427 30617 31898 51607 7588 75616 72714 7515 35653 81608 33606 34827 20115 11887 19282 
8129 11
62293 63713 34904 2959 72455 15553 70005 29696 49453 74479 39681 
803 17
53927 70093 90712 81940 38793 16274 97193 67839 50810 13551 64953 46309 87528 31818 80392 39931 8554 
7281 18
4425 53518 35664 83800 8971 20628 33026 12771 39968 64213 88047 87511 27077 15340 74003 3009 92440 26693 
4457 15
89928 29127 89588 48851 72070 90672 43625 29944 10762 39188 52833 87383 13166 72866 74825 
9060 17
17460 91847 85768 78524 58438 32288 49125 82115 73534 30539 2832 39421 51498 28418 47744 3631 21954 
1161 11
41509 24904 17614 57095 31630 50715 45754 83258 35684 47289 6615 
1948 15
51547 21221 44912 85158 90682 62011 21302 39560 47299 87494 27621 80843 99273 14595 55184 
1361 18
2574 24193 8013 66725 49862 245 23315 37985 93481 98455 82665 67742 36891 65315 13303 23169 77140 36320 
3612 10
12164 75570 74097 94125 16598 22854 26970 15834 60652 25134 
7308 14
10896 21713 75913 48460 67249 11678 78871 24598 24479 38808 97823 29482 31752 40867 
4383 17
3660 88191 37770 64548 92898 51153 49762 21265 40441 14272 79012 11447 6329 81907 93416 15791 12670 
8222 13
74797 56920 89187 98195 45179 96763 82830 4986 80975 52797 63316 5394 32921 
9128 15
26264 20291 77778 14032 6199 22056 76510 59735 41170 48531 56152 43449 6763 88368 76763 
5530 17
59366 81846 95967 1436 94165 8809 6221 3036 51062 71384 15173 78721 36305 76723 81028 19170 38569 
6229 10
76302 75827 28422 81657 24198 14751 61540 8106 10817 17584 
6418 17
14997 22844 79744 82879 91998 96150 57577 75744 3708 39035 4176 71901 55251 7124 81382 36770 55802 
4241 17
65406 22983 57750 63342 28901 11817 80956 62174 87208 32512 39604 94093 69432 23074 72229 5812 16678 
3742 18
22010 98741 57230 19787 93305 38617 40542 24138 39609 38515 12235 70768 90056 27890 10046 45008 53473 43408 
9064 16
53135 11002 26172 48449 81296 36301 27417 75503 50724 59567 14144 68486 63288 65751 67031 97723 
5311 16
88308 47594 27 73422 52285 82953 37385 75001 71301 41168 81510 56186 66267 5980 26765 31674 
8301 19
42833 77553 60520 77403 8668 33035 59243 80421 56580 68204 25209 94550 73315 93091 86813 91618 79257 44378 79564 
7713 10
22803 12043 26360 21411 2676 87456 40319 29200 95984 76137 
1418 20
36158 56241 48647 41546 70987 26719 76551 80455 90864 45974 37168 40677 20226 76713 55364 5959 49730 16675 56066 84881 
1356 17
83283 52190 15920 49706 77787 89796 61543 74453 1718 98328 70779 66975 63860 57786 7850 74656 13975 
1963 17
41579 22925 47421 21730 53039 77314 41118 27447 85379 41602 65636 41207 70641 95370 61203 33341 36653 
2819 15
53398 37738 73219 94870 3543 84131 84230 49564 70051 75810 11173 37410 66875 43177 43189 
2641 12
96904 3248 43923 13761 15562 27714 50442 26495 79805 93687 88965 49008 
9807 19
70357 75046 28046 11262 70931 17926 56356 50486 21311 2996 17472 54826 11704 7706 59896 88376 21997 70097 35041 
2737 19
1780 35484 13839 78710 64827 77444 89450 43703 40330 3905 46156 80130 33748 31512 9560 3325 25708 87118 78758 
9096 12
22767 38478 95825 41134 37455 83646 37806 56082 30748 85824 91376 35543 
896 18
10622 79679 51615 84771 65633 73411 55381 17942 32544 31190 43258 23617 91672 27111 56854 95797 72230 11746 
5565 19
4315 56005 51182 79310 77462 5639 91866 48934 72878 68023 95217 14332 3209 64592 29798 66873 70688 39586 70730 
6169 15
22312 773 34910 84868 62599 89854 1464 10193 30701 85733 37842 41216 10619 95129 22133 
1515 13
74559 61927 54137 42788 64359 25660 35100 77174 86824 82275 17660 36317 3235 
1682 11
95196 21978 71806 3620 15285 53116 78983 30759 64179 4814 67791 
2607 17
59797 66276 68756 50563 60773 20853 19986 26259 48538 21475 79583 74969 41352 14038 80190 19021 52364 
3205 20
30243 89005 34194 809 54008 48744 20758 78036 40700 96931 71591 56958 69207 76807 69228 42953 82634 72304 84068 67438 
9461 15
16352 9925 87580 40413 8414 19856 78587 4073 40090 87140 63315 44422 35751 29586 1827 
5555 15
43114 26780 15588 5128 48511 40617 72557 77368 44824 52666 43089 53231 21604 3773 88406 
751 18
51453 15151 91075 275 29854 5449 33695 18471 15535 59538 92605 74094 70627 59492 94239 41058 65399 15713 
4170 18
24690 78045 62164 13380 21707 9654 8546 56800 84045 22287 3723 52006 39584 83717 62841 1918 80354 61321 
3593 14
47659 34994 54417 63957 67321 86790 43069 4356 93767 97806 43298 25849 63730 56321 
8509 17
43691 51038 28184 76382 1031 19652 20134 16006 29118 71242 36537 751 18181 22417 56204 95215 84855 
8384 18
29310 76168 27699 71023 90223 79781 84313 24067 67329 15212 84933 67804 54344 37923 69826 34713 81966 89482 
4154 12
2105 3619 50924 32941 51548 816 66068 1117 59035 63752 35994 89968 
2250 15
38008 10297 87671 68845 14779 46943 19243 87037 52198 54812 3417 3737 95542 84817 70257 
8691 18
48126 46058 1012 55052 80049 35565 87419 18437 15480 78477 20152 78715 55714 29434 85175 15371 11153 59290 
3840 15
96164 16237 5334 57288 77180 16075 82945 78316 22963 81718 85873 35383 99721 87178 21985 
5707 17
77110 55450 94206 73003 64178 76052 46879 82908 45800 24447 88993 29307 1421 52522 69918 49598 10591 
3713 15
66585 44324 41562 34631 45293 77959 34201 63670 75529 40989 35961 32078 40990 33442 56048 
1978 13
39689 25345 65957 38207 98454 26571 46371 98923 92074 89758 76064 37793 14277 
9934 14
62769 40644 26078 85896 76048 33290 31611 48939 61475 13865 42785 12599 50954 74498 
5941 16
20646 85311 7996 96649 25014 71829 86692 79241 97423 8370 93933 79925 54837 23183 59284 58082 
7630 14
2334 70287 37838 23548 58172 86198 64382 60555 92006 1471 79061 20506 47513 7311 
9070 19
1833 95623 26864 50741 79699 34749 28391 18933 34078 41616 95459 18941 78692 78830 22344 46400 78622 12507 12301 
8931 19
44975 46470 5681 56908 78860 19568 95780 30542 85129 9389 68618 14462 48430 99045 14270 73278 51296 64479 79669 
2708 17
82422 64931 96552 14008 57484 96343 58419 73774 34517 28024 74184 39506 42940 56282 83932 37677 75651 
2992 17
60307 61417 11357 3561 72952 16692 23535 83804 5446 25118 13816 60782 64644 89410 43192 88976 93737 
5771 17
86501 33122 1209 99914 72219 64988 59863 66534 3612 93974 75809 79899 54432 93188 49265 33987 61655 
4364 15
21995 61301 70129 34699 24242 83347 15208 94136 36672 34216 95358 7404 30905 33386 48440 
205 16
48013 59987 38482 66489 17610 89409 35266 64997 5036 28752 22789 15899 54398 81965 8895 85922 
6380 14
96388 80460 22929 80653 55784 80477 62129 43186 64808 94526 87093 39333 20074 90161 
8864 19
45015 2765 98952 52428 9988 68425 89664 66286 58855 84343 25442 59322 3644 123 10942 92168 98665 29077 74161 
3307 17
60928 23112 62701 61555 95164 3028 29291 80457 25869 44376 53292 43229 91693 19159 24629 68951 24765 
5210 17
60421 91960 33317 67092 67304 79948 63038 45720 40985 7538 73313 18281 60180 22429 38985 42281 39728 
7621 10
83304 49166 74425 18660 33046 14524 3490 20930 31520 54070 
6441 16
69323 78139 30909 89384 5683 2647 32392 48752 68267 9868 88836 85948 74361 34475 25434 72742 
4074 17
22232 75565 60749 92803 66165 33235 7282 15039 47160 87003 95431 39999 40629 87243 71391 99133 87114 
401 19
76985 17057 5896 76566 13170 58449 2236 54414 4749 45239 13769 26745 61483 75380 48257 37875 88244 86633 20960 
9080 15
62283 62624 88381 36678 10837 22636 82772 71727 61045 50566 65491 25423 34134 95328 27874 
8364 16
4091 41327 72560 81998 88838 97319 11546 24009 12066 96410 97865 83689 61859 60410 27425 57450 
6979 17
89839 41474 32591 40294 57859 71246 93347 41412 21211 30325 25493 15498 43631 3425 18600 22906 76206 
8293 13
17380 91979 33711 37854 93954 71402 15833 36977 12837 27697 65286 31580 17275 
2359 15
9508 55889 14067 60259 78319 30503 98686 63497 83803 19053 20678 28632 12451 52615 85810 
9250 14
64333 91350 85035 44363 81473 22362 56990 26902 40283 47229 50572 401 36413 13243 
6446 19
15900 97353 66792 68545 68205 46530 53448 69144 69387 36923 35735 27618 83774 98393 35871 99013 78839 10142 58291 
1349 17
28366 22375 94002 11511 19353 74174 82237 75381 17539 42110 32056 50069 8164 86640 63894 44508 75694 
6378 12
50575 2759 36286 25257 49726 42644 11653 77298 73365 97554 63749 85709 
2110 14
24868 61289 1347 39568 34012 21009 59501 33033 89707 86964 76856 26358 51188 91268 
1721 16
96680 1328 66601 92021 12706 26762 75648 9681 13436 1271 45900 29998 6368 979 46182 49144 
1949 19
24096 18968 71256 82966 98832 52845 63589 5658 7767 96757 99572 99686 77607 75188 21318 29512 46254 41367 1416 
8390 18
32568 42303 48266 60519 49743 87760 1030 90866 56049 52167 83316 27709 65036 18962 9561 93150 90497 44742 
7329 16
36041 6974 33372 40915 10995 67948 44482 49621 54767 12897 22373 4662 7340 77390 65062 52917 
521 16
57801 7326 82837 88648 85149 53166 61408 4233 76673 2254 80393 35549 98259 2059 84559 11261 
1367 18
46282 13827 45539 22765 84147 66062 86150 51336 38559 9091 16532 15715 47353 98276 82433 75717 11608 91069 
5006 19
54408 54828 50106 68314 43268 21514 30427 91079 53649 6050 25614 12938 18289 57867 64415 76702 95257 35815 39830 
3177 19
11779 77499 35387 42259 8418 41280 3463 95748 36917 47795 72611 87898 3862 20571 70659 95194 6937 22071 61995 
5219 16
22188 22397 30980 48243 90846 11650 65749 94762 15058 27426 2318 89641 50308 4727 86054 68110 
4254 18
28275 67206 48074 8107 9616 30532 77255 58242 92546 51757 93322 81601 38563 93768 37649 55735 74004 34673 
7644 17
43396 26476 59212 89347 97054 43063 69898 62560 11830 14944 22370 79845 7510 86800 37473 51970 14114 
2766 15
63970 67435 29003 83218 98781 64813 8959 87284 25862 75043 49417 362 95311 84355 17508 
7366 16
21410 8121 71278 37221 97508 63615 43530 70600 99933 83223 50284 36123 17681 31079 62596 74171 
3428 19
612 47401 28439 69864 36727 51354 44929 88298 49856 49358 71379 56796 53296 25787 94797 87468 63123 39161 61709 
8818 14
62386 42040 94583 98773 70211 39943 2506 95488 294 27965 86782 18827 36626 40659 
736 16
80486 89382 15321 76784 76582 52536 46878 13549 10445 34748 77280 35901 7876 34902 41885 39795 
8137 14
92511 79951 61271 99971 93445 50711 57208 45335 17341 4070 17619 56364 23685 376 
7881 12
30489 8436 94115 69356 47235 30549 40758 27882 50018 12040 95013 29647 
4496 12
65932 51627 92646 61278 53580 54582 15628 93963 95947 86869 2210 94856 
2770 13
70380 82834 38940 90269 81100 71010 59207 29312 26100 39826 65761 31747 79297 
2960 15
34976 12111 55584 43250 87793 81236 86783 45342 36144 51282 57689 45574 73536 63754 93223 
4402 11
12941 59661 92752 56187 15847 94612 47813 28026 31459 77337 4185 
4040 19
82759 22430 11924 65694 21499 63898 45873 66779 96219 8867 52041 26095 98640 99214 67458 30424 14432 12231 89659 
8122 10
93479 98957 6121 22757 55650 93036 99042 62802 53274 70857 
8404 10
13529 44882 38866 96954 82120 37115 91728 36801 13368 58196 
2276 15
16594 88880 49600 40974 53887 39529 60061 28198 83080 75298 80809 50057 59168 43859 22235 
7653 14
61981 15142 74535 46959 67146 96204 72998 87106 72832 63045 75607 7168 74280 81156 
8587 19
67325 4685 62910 76951 56007 61696 64378 35465 37892 89433 96446 44756 2274 32612 61852 47251 79082 75555 39498 
5532 16
77124 9624 58431 75618 36759 45150 76154 64219 20449 84803 81458 4594 70554 56444 8841 99553 
9992 16
65697 18310 12834 19245 84675 24118 50037 21906 60898 2448 65970 94642 54487 28487 97315 11896 
6175 20
12358 60953 18537 10039 40408 6439 87538 74460 74707 67606 47858 96787 69334 26121 77856 38729 97980 564 84691 39664 
3991 16
13418 76039 60091 84748 965 19820 53412 90156 47613 18276 89303 14661 49440 63001 46311 59533 
9633 19
93360 30444 18561 80346 92225 73445 34777 56849 71935 23837 61279 3389 85855 47195 90869 70737 32380 60893 65790 
7429 18
58852 19871 35175 35101 95903 21014 90788 22838 44322 84284 99863 49286 17580 89356 771 4756 70015 9608 
2373 17
95985 99184 91996 57460 60194 5275 42763 81065 90410 29834 80114 79075 80700 56102 90475 12505 2562 
6423 18
16915 6832 18339 40246 95350 95909 60935 7116 51462 64766 77451 59936 10228 83681 23991 28524 92164 29438 
6977 16
66128 32183 70449 71114 50143 34286 75975 32393 26326 17293 1942 99975 97203 48057 70124 99006 
1561 18
30326 71237 38789 92091 25619 18027 58267 92126 9880 16710 37006 87458 53032 16984 90433 5669 37612 27889 
8148 16
77328 798 80619 65106 61448 38314 94396 74372 8749 7387 13337 78940 92203 90519 14128 33056 
4055 10
62326 20119 72834 24286 54818 46505 87860 89428 37116 22090 
3605 19
8975 83102 13642 45987 61346 66554 94252 90870 23769 87257 68443 72147 31578 25793 27779 4942 83853 98521 42192 
6772 13
95671 19919 86445 24112 75938 62509 23500 45113 88834 90050 95512 46842 68161 
122 10
89613 22078 37843 98090 47800 78834 12344 70053 13385 55902 
6313 12
93797 31659 43265 78987 82829 28797 67578 11942 40845 71033 55835 87162 
5942 15
28518 16285 38755 7265 75667 97150 13868 36810 46122 4449 9609 84071 62284 71138 6297 
9564 17
78145 39193 32607 38194 65091 4400 3879 47827 70424 56167 77329 94564 87438 92259 89514 36491 69604 
8513 18
27196 78999 80326 9355 8451 70395 57138 63122 58511 80430 23203 73576 92868 18214 90384 88078 31214 23562 
9873 18
75357 71994 34943 83456 4663 31850 12600 61023 45056 31740 95099 69032 69151 46637 786 13861 26306 96284 
8397 19
31210 9817 5590 49023 94061 69177 51866 1354 44684 1579 61890 11572 97489 72996 60563 93644 31618 65404 11403 
7207 12
8898 42705 24748 90275 64712 91952 38630 1000 85165 19813 22799 97776 
6805 19
8175 5852 63182 87313 12103 12320 4740 21120 83178 49444 72651 83935 6252 7080 96088 51279 85071 20240 59020 
6550 18
94970 97138 10051 35700 31067 49892 65313 11530 97857 7958 93066 63103 12759 33058 80912 57286 85050 57527 
1189 16
18505 83259 27803 92432 97821 79407 87032 76647 24042 15220 4207 96492 42713 95218 18054 822 
67 17
97380 80138 17819 38474 53171 23088 96609 19160 43532 29957 3776 56251 8420 70823 43389 66461 13875 
9508 18
24235 75059 85016 85823 14879 67267 98168 34392 11493 97151 76912 40741 5450 97289 7592 92230 12510 78213 
2115 19
57393 56546 631 52372 56731 70698 30329 99970 67550 40196 44940 50089 82299 3811 72783 62652 36470 99988 28285 
5339 18
74857 8649 63380 97317 93773 61805 72427 57668 56296 82022 11166 58639 40789 57166 68007 42866 58878 12125 
8751 14
47966 98134 97838 72545 86186 14149 95125 2229 75430 64277 4492 18817 11360 5650 
9787 10
4320 22920 9694 89953 10729 10500 7021 5200 2616 15218 
9985 17
86708 18118 352 81477 35989 4521 95315 81469 46976 43277 39791 57997 13262 94829 27065 31641 71651 
8677 18
59762 61954 69066 98603 36527 63444 84362 27075 87787 86212 5765 75934 11813 57476 65537 70719 55736 54100 
7709 18
99195 24499 69407 9816 71892 58854 6194 78733 23021 56021 67654 91415 53259 88615 70512 80735 37972 17174 
2868 16
97267 93229 13782 28241 26426 62894 50956 82584 77889 13959 58064 64559 74618 68021 16062 97707 
2305 19
71856 41775 13779 51651 34646 97576 68432 68312 42829 8465 15683 75993 38883 29152 67030 89882 75577 29008 65640 
570 12
46901 43624 48556 33072 41613 41333 95930 64999 43671 77538 19972 7533 
3999 14
97302 56661 65489 13657 77440 48817 87352 3733 68419 12382 98584 34483 51204 22678 
6342 18
92024 83420 56610 14438 78035 17891 21926 72245 32670 7859 54197 66637 69395 9810 92418 82294 55491 15146 
319 15
71080 56712 1286 108 55351 44632 75106 65450 13491 29987 61579 12761 3195 30045 2162 
7822 13
68283 74828 20701 66124 77976 550 51399 48849 70296 15773 45966 75535 86967 
1478 18
29736 81910 56764 95287 31959 59763 21990 29280 16091 11030 70272 94114 89956 99281 44076 3165 94760 88154 
7108 14
54978 90784 99096 5157 7068 68338 74552 6588 84838 48577 33285 12876 31126 17639 
5762 16
10865 34053 72092 72097 91385 95884 45505 36852 40740 92593 40705 86526 35867 99799 18910 48595 
9847 18
40102 53569 49572 25360 83320 76930 96190 11764 81346 83562 67470 90236 51583 34886 42249 31148 37905 85170 
2269 19
13151 68373 36013 77141 83406 7341 54550 37632 27432 25367 24443 96431 16400 54049 48995 21349 79711 60244 96225 
4024 18
85138 7872 61395 25713 67415 62073 97843 74750 47185 88984 40333 56147 96867 71537 67597 74278 70994 71113 
4351 16
39778 19361 62473 29015 12710 91438 46872 11978 63437 74284 87581 79471 16849 38794 46112 55224 
9577 17
39698 2887 83169 49745 82330 77890 47865 67762 22691 61011 47131 83488 70471 93253 25852 21792 81441 
1813 16
15149 72561 86728 94960 8506 31624 41353 71192 92945 32864 86714 21712 58637 68464 55178 97048 
525 16
94441 92659 33689 6186 87052 36685 25909 54681 25874 50718 62853 88009 55125 27442 62749 84806 
5397 15
53613 46379 25888 53554 78555 3816 53189 54150 71639 5699 77282 94475 90129 15078 73351 
5238 19
66727 84530 71719 59851 53017 82245 95925 29800 58281 44578 78150 5168 6188 21785 29597 77122 43640 6658 43619 
8998 15
80193 56607 45739 78129 93149 1144 29626 10281 92089 20109 4177 43062 91401 50559 38033 
1618 18
30016 59773 98289 41190 34808 30245 87687 19733 97250 2216 37148 89628 39408 59552 27330 43601 36 16210 
4193 12
82470 16068 8596 51587 29869 52011 58278 97482 99564 34675 49397 24403 
7914 14
57089 74671 81934 97637 1456 96940 44292 66882 49133 46977 74167 16138 59744 21151 
832 18
86392 98497 29746 76482 42719 89198 3870 4567 54441 4118 53142 17213 12923 1489 44419 85275 75680 29059 
6133 16
71467 86575 72064 68820 8887 6366 69944 28856 55928 97822 89538 49229 30365 24389 83538 33681 
5169 16
77688 12931 31372 49902 9265 81107 56605 7598 29783 96286 32860 66741 60266 84648 55356 79585 
349 17
83215 64201 92378 49971 45706 10212 55168 56492 71808 87536 18167 97265 39545 59352 73350 99807 34171 
4194 13
40861 16943 13128 73906 53815 56177 77193 66263 54420 21300 23520 7184 19288 
2762 18
91667 25305 60104 41582 64889 51939 64425 41243 64328 35912 97493 98228 5100 79870 80991 46548 61888 11579 
5023 19
71227 57179 42712 75447 32205 66078 8667 54788 85676 13803 72850 31201 82184 73933 50887 5825 90649 87136 44869 
909 19
89774 42366 87173 17502 33171 23621 27663 24854 75877 65927 51278 94417 31093 87262 3975 8163 92502 53707 68062 
4395 19
66605 93942 77725 91034 9978 90725 91851 84928 93784 48010 82899 80554 14023 68609 78663 12772 69050 97933 19596 
6910 20
1819 1461 29866 84035 24360 92039 34096 77514 68231 29904 15916 59656 83844 15432 42546 74100 30148 79901 72794 10629 
1864 14
30623 34568 78112 35086 80808 46864 18625 94551 54703 96511 52248 22717 43957 33943 
2587 17
59099 87346 97852 40473 8286 88240 19186 99422 19530 95181 43071 35217 17487 30053 66321 8813 79947 
305 15
88245 52791 44536 65060 54303 67848 71609 76488 72726 80424 79673 76381 62511 71153 13143 
7344 17
77416 66432 90169 12714 8712 77088 22816 26817 10626 61206 3380 91488 48724 46076 36586 81481 65945 
2028 18
78044 32231 55712 8471 3199 80948 78759 72342 56065 85262 5657 26692 5747 77285 31085 1 50008 95755 
2657 19
12476 24266 47663 66936 60851 70935 67057 20372 29608 68893 46433 83921 86839 36709 69036 14268 32792 86153 42175 
9855 19
60258 74200 83257 45533 55738 34698 84226 14014 94033 64392 21342 79077 31629 2999 56073 18568 51479 24583 69233 
1872 18
10611 60464 94228 93092 57820 62337 49544 35451 70689 37214 98775 74465 80328 55179 13028 86373 57652 45957 
7099 16
47399 17825 92480 44858 42133 25972 57840 50485 43684 50093 30175 72976 87543 80436 24441 87568 
663 17
61535 42913 52132 21828 721 17212 91194 65858 43553 73079 13016 20835 85305 24566 4304 92994 16357 
9101 18
6785 64819 86821 19066 58552 77147 50232 82354 48757 81259 29575 21606 68857 10730 75021 45693 53852 72384 
5091 16
12683 88734 69124 8330 79615 89906 31388 10382 44496 25414 38037 57384 28866 21570 39856 28304 
335 12
47002 51965 37895 80480 93125 67888 94501 37203 76675 29236 14122 96982 
29 18
93750 80532 77682 66311 68449 12708 33042 69361 80009 55674 33336 68691 77350 99675 97733 50056 23600 69534 
7922 19
71172 98150 50517 28021 44733 97664 40713 55821 60934 53090 98409 68941 27539 59814 66895 93038 27402 87544 30135 
2173 16
32546 71167 51897 33439 12607 32753 65624 93331 23723 16757 23658 73730 22842 61124 31904 76018 
9053 17
40703 71014 5886 1638 87880 16455 62941 99762 85879 60614 5280 47051 76721 89802 21702 55265 22199 
2044 19
29958 39554 69029 71861 27066 89068 25945 63471 64546 92294 79761 7230 69976 90947 34336 2766 73699 63723 84863 
3038 19
54995 77961 87132 35781 39108 69583 39175 6670 78023 15187 77621 54771 6021 85081 42724 15116 83715 87299 88556 
3944 11
31866 21773 39648 64848 31687 72868 71849 20268 340 45395 24737 
2312 16
13823 98469 91794 81542 59775 68329 28085 36522 85350 71048 13730 49408 57537 96364 94581 52696 
2732 14
98643 96872 34513 60437 17453 48868 58308 55683 61549 12612 45352 30026 16158 32601 
576 12
27135 96841 61498 58222 39389 35371 16664 30843 68442 22253 35571 47697 
2052 19
13676 51552 9028 23868 35474 24808 47943 81526 9021 17373 19915 79375 67046 51723 41650 90795 23671 4242 3675 
853 18
6295 91403 59277 32160 83199 56000 28523 35198 32916 89060 29122 12851 13958 57405 11000 78235 22336 26715 
1648 14
89792 51245 53710 26815 74578 939 87324 98662 35960 34363 63041 89332 70080 2815 
2161 11
85231 60933 8541 77726 35535 42313 79403 33316 54735 27813 29731 
2004 18
54809 83519 15913 85088 39549 46185 40756 4856 69728 43945 55372 17201 50973 67926 40864 95003 81855 28476 
34 15
89682 58167 34868 54026 37051 6351 88521 94768 27800 78776 66243 95869 22903 97750 83619 
4037 14
14868 10238 57868 36940 47427 81436 84441 54646 25943 37484 15345 90516 79528 56820 
3250 17
24436 18470 53961 37840 2956 87903 74616 41381 82689 3942 86017 13094 83947 85404 64919 30398 58421 
1201 19
78818 16196 58677 48464 28933 91106 33588 99331 63192 4850 8851 93111 8585 6471 84256 26759 66837 33482 99899 
