48
745 12
23159 16845 81486 87363 10652 40494 63208 73382 78557 9566 55659 88929 
297 14
3406 30281 50312 13873 12645 49213 10819 87845 44428 85071 88054 38579 12871 28 
5542 13
55062 91153 10981 95071 3643 71727 93254 64874 18349 76421 46586 57953 66487 
3295 14
41860 13470 91330 95081 39970 84302 1569 9458 31456 10264 67015 6664 98263 96932 
406 13
42664 60860 22300 89763 74507 80466 55731 99851 6239 4825 65603 45790 35361 
529 12
77695 71969 18013 83526 54779 51317 84617 78852 7573 93603 16546 39752 
3258 16
55423 23608 63402 55458 72575 32937 75724 84082 81286 93165 38781 4666 68078 97217 94114 79300 
4681 13
96259 13435 77745 35700 34527 36308 59794 25776 46288 17719 80755 98275 29801 
5428 13
73821 15247 29450 27752 78015 70908 13127 88174 87021 91008 82443 99184 23710 
4572 15
85280 41223 7502 65253 19781 18878 10974 48973 9867 97662 61126 77197 22058 80822 26594 
700 12
5631 73390 45412 11357 10488 52640 46909 76164 97833 37390 49925 79817 
3391 14
92944 25244 83493 41133 91898 95768 53289 45217 38560 97127 3376 40691 53691 98432 
34 12
20814 62926 61823 61699 52444 53440 53896 52679 75735 22533 75334 56398 
1214 16
56855 92133 92217 58796 83884 52478 36639 32694 20835 59974 50459 56994 74482 79714 64438 53232 
6373 15
45353 34255 86056 11626 41190 96084 16263 67617 15355 53912 79188 93858 95588 50115 37175 
4309 16
89503 82540 6324 65486 1733 8071 88207 12340 43534 6326 80511 31503 89450 19931 99026 90757 
3389 15
37604 69779 98571 14161 81147 94064 57342 4796 9001 45893 3289 97110 64043 51054 63381 
958 13
16831 76873 73029 48244 78405 61338 34264 10866 6383 57526 33141 69139 18567 
33 12
97448 84816 75633 35811 18631 69470 53313 12543 32028 54279 8158 68044 
3247 14
93132 51497 32458 72956 32128 4142 47404 13321 77865 2873 65731 11726 44757 96609 
6620 17
62518 81000 48400 27103 41530 86818 42638 37603 56861 92250 81455 70377 39649 24945 10464 99578 67970 
3279 16
36122 42143 23584 83587 44773 21986 91111 82372 44153 76087 7822 61237 53302 15092 96828 14086 
6696 15
7492 36109 1036 65694 48157 7440 39041 48255 61085 32177 13583 22808 73275 11089 70360 
5362 14
65194 27265 32745 35165 70233 30683 7555 24270 93966 65644 20419 71602 71625 22478 
813 13
1691 58456 58543 14986 99457 59541 37762 99550 97805 93300 84338 37964 71074 
860 13
2370 90972 81066 88750 4466 23614 54232 11040 75933 86154 22210 2849 59336 
2090 14
41351 23955 89988 70748 47841 68115 61528 94261 74230 55901 99581 39537 54569 94378 
5142 13
89737 94496 16000 47335 78850 13122 26094 8963 26030 62817 46115 59242 37479 
4952 14
89629 6984 71581 89931 72112 58982 15978 80518 32045 75946 95993 24352 82194 46504 
4816 15
62471 5083 12277 94574 80292 80403 84642 82424 80674 24845 72863 25575 26431 13055 11699 
1927 14
86654 89462 5087 86293 74088 22510 87581 85461 72887 44746 47629 55502 18831 44016 
2989 12
12562 54426 21413 18296 43623 93999 13478 64205 9588 25285 44801 15859 
933 13
35494 69827 52823 71882 67006 85986 86416 1260 46607 14279 65892 12659 46503 
1908 15
40280 70634 649 19970 49726 20725 46189 64571 61394 75251 96108 89097 19109 52175 74854 
530 12
21826 46480 51623 4232 66008 54936 8804 39212 15198 99056 77089 29509 
3523 12
77059 67280 75247 72744 18007 27886 5380 1513 27804 36456 22480 71636 
6440 19
13498 16970 41436 40843 98824 89273 55841 2809 68880 86891 4041 52777 57498 84425 65970 86928 99019 73480 28041 
1535 13
93773 86151 43227 70856 10509 53686 51175 96495 27553 84782 7125 35062 23233 
4766 13
79518 39631 628 11400 26564 99927 11074 57882 70923 86100 47283 98587 41682 
484 15
48540 25254 33462 25420 99872 91447 58036 94219 78683 81558 17423 91354 33664 58896 957 
5602 15
22353 9213 23723 53805 48367 59296 10683 12957 50219 65017 48164 34185 53678 77781 26112 
695 13
83586 34581 80283 87461 39842 93465 24355 5461 87270 3956 93335 70162 76848 
784 12
38208 95149 83936 36450 45686 17003 91784 3283 55640 30736 60734 71804 
6575 14
83337 77333 99259 90734 59295 57784 76985 99803 55555 37002 51427 28081 38592 63276 
3416 18
75104 71617 91088 25460 9537 30198 56379 44839 36519 40611 7562 8994 94942 98329 6587 7473 51292 68753 
5095 13
29772 56668 49087 90232 88162 18770 59150 88533 30622 50868 14800 64469 6225 
78 12
35601 77912 98403 66488 17226 25187 16088 26727 19738 66723 22447 76747 
4040 12
56760 92278 58498 77317 41529 94820 98206 50013 87205 19994 82673 14728 
