116
4228 33
16268 17348 17152 174 9722 14137 18508 11223 6150 8879 2904 2217 1997 17014 17493 10351 12399 5194 5181 14254 7937 7229 1307 12755 16166 4535 10627 13270 3427 1168 2574 9354 16920 
5847 34
2309 18585 11946 18302 8076 2450 8156 4737 14364 13683 15205 2612 11400 1957 145 15230 4047 16120 9201 12623 8080 10788 13818 7947 13862 3064 11666 16983 3911 16049 4150 6108 8814 12949 
2385 33
11836 8618 1723 13974 289 18391 13662 11673 1697 17466 3297 7248 17223 16969 17798 5769 7674 1998 14389 17352 17384 1527 764 12000 851 12497 13374 1678 1125 13455 670 6010 6314 
1239 33
16261 4539 3583 3756 16742 5139 17105 10778 18035 2680 5074 5240 3227 231 694 12239 18632 17527 16517 795 14398 13121 18323 4006 17144 7173 3560 17291 3474 6090 7661 3822 13252 
2484 33
15773 3001 5432 13745 9613 7211 3811 16724 527 6627 3635 880 15349 5210 13117 7445 5760 13596 5062 13975 16509 18481 12864 6456 11717 3742 4822 14337 3514 4343 1972 4913 10071 
6296 34
7159 4468 6329 16142 10664 14520 4356 10433 17162 2105 11364 13936 4774 13925 7164 5672 3713 18360 18704 13063 13629 12316 1951 18835 16147 14126 390 12353 14218 14618 12966 8326 17200 8668 
2252 33
4292 5825 14035 8225 2204 15422 4127 16448 1782 274 433 9985 9304 10571 13785 6587 17787 12088 14233 5154 14668 10593 15357 11127 6829 760 16948 16497 1346 8966 4798 6209 7022 
3026 33
7837 16623 10199 9946 17226 4857 14191 12031 9133 4549 11708 14097 17338 6601 319 10057 11760 2616 17034 9694 11613 4190 12241 4554 10572 15564 8792 12295 715 18649 9862 14359 11671 
7460 34
18650 9552 18688 13530 12756 5727 10712 17854 3525 8243 5055 3320 5587 13980 17001 15475 7156 10077 12173 14387 8304 11738 6471 2665 16566 9111 18677 6844 6180 17673 8216 18710 4607 475 
2821 33
14741 10645 1581 4756 16022 136 12397 1489 9935 1593 10950 17414 8032 11903 3617 15817 12072 15670 13409 3164 18292 13755 9952 15755 15070 9891 9227 17498 15926 5925 10685 18023 13147 
5344 34
7599 4148 674 18110 13492 2159 3071 12788 14823 10288 4311 79 3389 4968 6021 1971 5318 17433 5671 6682 5679 15863 18784 12800 6185 8854 17771 9128 6497 2211 18620 6145 11202 9163 
6595 34
17881 2209 11546 12368 12765 979 2559 10151 14891 12857 13675 537 17985 17731 6260 6429 15351 2896 7427 15413 10985 4624 1714 6307 14380 16777 5554 11918 12789 5529 5499 8971 7990 11901 
6767 34
6800 4229 3447 4900 5669 11604 15347 14000 14975 5993 14797 2708 8589 10816 4601 17296 1454 5479 16827 4324 16601 18474 3104 6428 10466 9907 18125 9785 3268 16707 3678 15165 9701 5476 
452 33
18263 1705 7407 13490 18706 13770 9752 13248 18397 4817 10615 11547 15531 12450 5144 7106 12342 15269 16184 16058 7457 11064 4317 711 4205 18166 790 8429 15199 9275 16498 8336 8526 
6283 34
7667 10080 14366 13834 4124 9345 492 16594 13348 10614 949 11153 15522 1392 1781 3963 8070 13685 3580 5860 18773 12275 8155 4091 10746 14674 3928 13827 17137 12754 6948 12602 3087 18536 
620 33
17858 5205 2626 11711 14919 10521 9605 716 15195 6517 3011 2382 16755 2073 9109 12810 8045 15823 16090 7906 14846 1827 5911 12540 10644 15343 4914 7687 13515 6899 18701 8466 3717 
2346 33
4257 4487 5165 5752 11492 11318 10924 5005 5486 5491 15456 13851 10832 18421 14427 8977 12980 4020 13735 16603 6508 2132 7849 3387 5581 7756 647 2600 18268 6721 2906 9205 10948 
4202 33
8387 3696 13560 18570 10418 6937 13408 11523 5934 2709 16999 3864 15020 17718 12930 13151 6235 5284 11557 13681 13238 1365 9230 3439 4596 599 12298 7692 10926 6619 201 6293 15870 
104 33
17404 17336 12288 5463 11868 18673 5843 8849 14780 2899 15940 17564 1120 9645 8511 17670 1606 791 5115 14163 10653 16196 13748 16775 7722 419 15615 15261 5105 11238 2652 9731 15204 
5768 34
8665 1448 2919 4953 12645 10278 12313 5233 11495 788 10465 8702 17213 7866 17121 13211 12444 12831 18341 11601 17190 14009 12184 7531 1386 1708 9198 13126 2203 5215 2059 162 16437 12595 
4869 33
9449 3142 6159 4898 15470 14705 15692 12217 16561 1868 8222 5392 155 2733 17397 3393 15054 13595 11834 13079 5239 14020 12825 8627 12917 16020 11593 17811 6836 9001 18541 15488 18572 
5996 34
1320 672 18667 14536 11949 2694 5877 14134 18326 660 4195 2787 12654 1412 17262 6893 8736 3326 7246 8658 8453 915 15492 4807 12152 8496 16146 11407 6463 13036 15880 13035 13314 14927 
7620 34
17254 2609 762 12866 13923 5496 8165 7578 5850 5478 6598 10348 5017 15833 13939 6752 10972 8530 6788 5336 6448 16608 2432 5836 17799 15308 6824 12667 898 8872 5190 17047 12363 6263 
2963 33
18410 2813 4049 3988 6231 5942 6596 4552 7441 16096 6777 7046 15972 18329 1275 9627 198 15387 16273 10431 6202 17303 5420 13720 15608 8097 13746 5300 18634 15192 14854 17528 15221 
2915 33
10330 5711 12686 524 3546 2112 8853 10449 5533 9023 9235 3960 6831 1250 529 4282 18269 2829 959 1674 3342 18613 2512 7166 5724 1510 5505 5328 17431 18612 14379 9401 2487 
4816 33
16521 8593 16876 18505 10890 18282 12692 9589 18717 18529 3915 6241 4472 18491 12028 14989 7793 7327 9048 9393 11383 14544 15754 4836 6524 11850 2126 9310 2437 15965 14752 6063 18690 
494 33
6871 7558 16487 17642 3172 6338 2415 18744 298 17410 18735 17365 1966 15684 6966 10724 1558 15803 6867 4048 12308 18812 1156 15578 5459 12294 5695 17168 814 11321 11614 10240 2550 
2515 33
10269 18574 6357 9032 5321 2697 9384 11278 9905 5211 10000 8118 3404 6879 2922 6842 13257 10481 4270 8998 6958 9467 4057 4780 12573 9937 5945 1106 14965 486 11539 7052 17963 
6301 34
8297 4734 10711 3338 12471 8963 355 5803 16632 14437 11329 9011 2087 769 17676 415 14870 4882 2912 15547 18019 2991 1478 8563 4406 1491 4960 321 8394 2667 16127 16318 10321 9735 
1149 33
7350 3318 4056 773 498 15372 5279 15834 11291 5327 3460 15801 14263 11059 10207 3366 5979 1193 17868 4650 6636 15736 11705 5571 1512 10455 2438 12509 14306 8929 2070 15699 9098 
4809 33
9494 9914 17374 11767 15246 13955 10915 10923 15264 4483 7431 6577 12431 13192 6746 9683 7881 15108 1687 11993 13592 10866 16068 10677 8670 6554 16436 9846 8063 14847 7326 1102 3744 
387 33
13799 16281 3045 16860 18254 3937 10090 2988 8908 2038 1671 3652 4363 3018 2838 6572 5378 14681 16740 11912 6901 12021 15844 9959 3861 4517 9855 8362 7474 4827 13625 15072 589 
4754 34
1805 8906 2575 11472 18559 10692 9002 15482 11893 16869 12228 17892 493 14098 12929 3726 8525 6727 8197 17630 5977 3424 4726 7621 3174 16819 6297 13992 9120 2718 7190 16589 9520 18770 
6723 34
17452 13608 13670 15208 10774 8002 2954 13716 1812 15814 15899 2482 4550 10296 1442 16766 3425 5103 6678 9259 17087 18465 2018 5755 13922 15316 86 6219 18628 1061 3029 4332 7448 6711 
7775 34
8312 13917 857 12576 13950 15525 5182 6588 12432 13412 18369 10911 17637 2201 2314 310 974 11898 8918 13647 15765 2071 10484 227 4977 10211 18307 2108 7962 16097 16788 12007 10554 17763 
2207 33
14386 252 5698 16783 10735 8706 9058 9250 4005 11279 4076 17886 2735 1334 16744 12054 6374 5252 7952 11500 297 14533 10210 15398 4264 6828 17166 2476 12801 10964 13458 7615 17483 
2645 33
15763 14034 15852 16461 18005 643 4105 13399 3743 11835 16230 2480 1908 11210 4730 12386 6279 12596 7496 9039 2736 18549 7027 9545 6890 3361 7265 8158 15024 3199 6183 13346 10604 
6415 34
7333 1607 18342 17683 14282 3222 15135 4443 3714 10221 7802 9328 10187 16993 9513 8936 17636 13639 15419 3113 9573 10443 320 14235 17161 10803 461 1453 1340 10284 2734 7133 2329 18748 
5281 34
9516 4437 4061 6356 12019 4888 3186 10480 5402 15500 3639 4615 12177 3360 9018 10740 7908 3579 5030 12301 12245 15064 12324 2057 10474 10406 5373 10109 2066 11867 5523 3470 14412 4017 
3943 34
13914 3309 11818 4181 16007 15010 2085 2659 7946 10539 318 9462 9667 3101 16116 16584 13031 3081 18351 14314 4617 2764 14187 3612 1892 14478 1042 2820 10573 16360 3295 1913 9373 12093 
1435 33
8688 6048 6585 5068 282 10741 14290 11000 13102 15243 919 16407 3932 10356 14957 11192 4625 11628 4345 2636 7733 6612 3624 3681 9404 7635 16978 17334 7963 14273 4767 5528 5053 
4826 33
8504 7466 4790 2879 17198 12513 15017 18664 553 14644 17514 3484 1572 17091 16727 10063 10986 5742 11250 12905 16198 6238 2943 16555 18087 10190 914 17489 11890 4845 7686 2802 16577 
1948 33
2731 17849 5018 273 15977 18665 6041 13948 17016 9140 1642 5485 13268 15487 838 7078 2934 17241 14731 9367 12948 430 15127 14726 6484 4516 12137 994 6286 7456 12690 14244 5376 
106 32
4168 5260 15184 18195 18046 10345 13139 11229 8457 4004 9061 9540 16651 11839 18232 18514 6492 14162 8121 1598 18708 9167 3925 15223 6278 6007 471 18233 18018 16241 3178 14351 
6074 34
7929 7911 4809 7898 9091 17085 5225 10379 3644 4799 16848 2608 3908 4958 18767 11226 1803 10823 1144 7054 15574 13246 10813 7747 12065 4603 15484 5203 10815 12182 17165 1786 15211 17023 
2496 33
8023 8140 8363 4545 5728 11120 18542 1298 14573 16071 16613 5884 8270 10235 3897 4055 666 798 10485 18398 6326 5398 18322 14428 12395 6164 12089 14684 45 8274 15703 978 3068 
4664 34
1760 2837 13962 12632 10306 14452 2187 17315 5386 4458 8732 1194 519 8126 9295 9962 9677 9861 1401 1918 10085 17370 10637 6270 18226 239 13292 7637 12533 1482 6654 13288 12404 13953 
9071 34
8224 9939 16124 12842 9179 18432 15942 16140 11479 7953 7788 12211 6199 15820 11690 11909 8730 9331 6312 9598 8743 9025 7241 14203 12499 17651 17196 10417 10592 8508 7581 9456 6368 5058 
2303 33
18279 4173 3686 3730 16770 12696 12062 6384 3984 1990 7391 14976 2056 10131 18168 10217 10017 18439 15389 17880 3982 6811 11600 13320 11778 2414 13797 12733 1888 15567 14176 17888 6916 
6169 34
9857 4301 17306 17859 5780 5228 18554 11583 7807 5426 15786 6444 2944 4775 10326 7402 4015 15071 8624 1666 18587 13921 16154 2527 11571 11031 14685 10102 9729 3824 16388 8328 12161 689 
5620 34
9649 8768 17978 16757 5936 2096 10999 15166 13093 4479 15924 11830 5594 3853 7400 2737 11747 236 1533 6832 18422 13814 328 13289 14212 16085 12159 7186 13480 18469 11332 1364 17131 10683 
334 33
17448 3237 5851 13195 13077 13977 8148 1087 13046 9301 5713 14157 12302 5424 5715 7642 18457 6797 3490 13224 5920 11788 1299 14393 13822 8206 14686 1475 10600 12767 4196 3313 17993 
4383 33
7010 4157 5390 14588 8198 3527 18174 9326 8549 8592 14834 17688 3299 15125 7570 4348 9679 12057 6684 12959 15701 12376 3132 9239 10880 1148 15918 13944 718 7649 3670 734 11444 
7014 34
4660 17832 11663 15183 14145 13740 7131 3927 4236 11075 9090 1701 11983 3554 12603 9740 341 10244 1789 10949 6567 2621 12538 16464 420 11887 6115 12418 3993 15970 13427 15802 16076 8952 
7895 34
4284 5653 18621 11858 1750 834 10552 3516 10732 6347 8551 9213 9577 16690 1611 327 8845 5256 992 13540 13598 61 15306 7003 804 787 8954 14744 12549 16670 9441 7597 2622 4659 
4446 34
6465 17243 2419 13271 18809 13053 10734 548 15829 13694 13877 6536 144 11385 10725 17992 17300 10730 10441 2058 14111 13690 11388 15344 5469 15077 16404 3357 11176 11686 13332 5786 13911 8754 
5740 34
17544 12496 346 10553 950 15504 9930 13872 14410 9316 924 17065 11054 2436 13931 12099 13039 16554 9681 17548 2845 16730 18578 7681 18420 4084 18306 6331 12989 8454 14406 3206 11991 14027 
5731 34
7766 1802 5598 13326 12338 12494 14729 9526 10885 16533 4880 18742 13207 13094 7504 9835 3517 13065 8484 4341 10844 7155 16511 15653 7289 13928 14085 4644 1683 15496 12988 14147 17052 1949 
4442 34
8323 15902 3243 2439 5950 11996 2646 1344 2496 9994 2246 10630 13360 11620 15509 7550 10285 15405 15288 5975 5806 9754 10570 17055 8061 9029 11584 13293 2725 18224 7676 9837 1113 6298 
8313 34
16242 9699 1362 15850 13481 630 12094 14038 12170 202 13043 7613 12990 14709 12208 6337 4308 10161 14340 13704 14165 16821 2804 8972 15618 18515 6379 11099 5933 7060 17242 12790 18800 4586 
8104 34
6846 7324 15532 6051 5234 15294 12833 518 15305 12223 13838 7534 18264 4213 1068 8922 16102 10974 16896 1395 9843 13660 439 12329 14924 10913 11865 5745 8779 6939 9880 12670 293 11756 
4427 33
8375 8878 2631 18656 385 4663 13384 1261 14291 15284 1958 13052 15073 3870 9850 8166 14026 11828 14642 15945 15503 4240 4742 16019 6974 17179 4295 16201 4320 4026 6505 5097 10012 
1757 33
17864 3504 2599 13615 12206 2197 1897 5921 8477 14079 11569 2878 7835 275 17036 14507 15362 5568 11424 12958 18679 2727 6427 15324 2344 4696 18600 12963 9014 17511 6523 11452 8719 
2818 33
7389 5104 5619 11563 13761 16854 13428 8820 10399 4394 12318 14766 6431 11130 1798 13520 1066 11161 4215 6996 9119 11402 4329 5 7741 5865 13058 2195 18501 6404 15825 8360 15169 
5086 34
1725 10314 9187 13547 14132 14413 10158 6703 16834 17057 7221 15245 7192 14423 8645 14763 4224 4986 1736 5762 17432 10787 5375 13406 8939 7430 5768 11154 16311 11442 10094 15423 6956 11416 
3558 34
8102 17665 3348 3895 5022 2475 4107 3452 7815 15889 14955 6801 936 7230 18699 11274 9764 18044 878 1473 11055 3986 15052 4723 6026 7228 7076 10928 2526 18381 8219 7370 2563 14703 
193 35
4538 11506 18749 1141 5734 16204 1360 11372 15309 7884 3784 18644 4499 3598 15652 14994 7983 12447 406 16370 5467 1783 3054 14068 8833 10968 837 1072 18718 664 7915 4957 4418 18813 9539 
7578 34
5075 15248 11957 8229 13123 17890 5145 18523 12263 17321 17497 7023 6521 10430 17552 11257 2219 7195 12272 12880 7065 13343 8196 14142 18029 8858 8656 8626 10867 14699 9294 12704 334 12277 
3920 33
5927 14598 18615 2635 18666 1994 17702 2894 11373 12142 1613 6930 11214 15837 5189 2369 16715 11243 1332 18161 7356 9470 15753 10777 16081 4738 4842 5326 6716 1619 15541 11051 17502 
4257 33
16513 6936 7693 7691 9741 4331 3611 11172 18707 12114 5999 7258 11490 1287 14779 8894 1270 276 16 17316 17491 8306 2976 17553 982 1417 15328 10439 2796 8111 10393 3239 886 
5195 34
3302 3731 4844 14113 18206 5778 1295 5158 2301 3621 11976 6261 17508 423 16910 4064 15585 11848 10152 870 15224 1207 4395 16029 4 7678 16508 4029 8231 5267 17708 12314 7609 2507 
6478 34
17421 3244 15124 8677 8361 3188 1177 661 12837 3684 16021 8 2508 7006 11844 17601 5992 16489 7717 12916 5057 16490 2079 2483 2115 16650 13071 16892 6040 12433 15705 2353 7415 10781 
4224 33
8278 9290 2348 10438 10471 13702 187 11799 10353 9763 17696 13839 16795 18524 11386 8195 927 3992 7193 9359 7784 5990 1965 17458 13976 5596 4191 4994 12036 15338 8474 5324 9988 
6082 35
1849 5892 2338 13819 16901 7633 2908 9457 17634 1775 7268 16741 1231 1445 724 3950 17207 8513 16026 15890 15055 7376 14106 15348 10584 9484 6094 10967 18251 18494 8353 14954 9308 3457 16387 
2870 34
18252 18378 2141 2454 14666 15092 9674 13505 8381 3463 7944 2178 15293 4244 10468 4265 9808 17675 8619 1239 11043 4463 10209 9380 17794 10312 2640 17053 2102 9102 8437 3120 8335 3335 
4645 34
7254 11947 14401 14786 15252 11709 15458 14568 16606 8374 11042 15395 17140 7813 14960 522 17092 16758 10616 11967 17919 13230 7334 3646 13528 12748 8449 1403 4044 11900 4515 3216 18480 1166 
6792 34
6814 16355 9340 9117 2660 15137 533 14776 14941 256 10505 10841 14193 8302 2418 11827 18011 11275 2155 16607 934 5784 14152 12372 9606 17116 871 13395 12041 7757 888 4919 7743 5377 
4580 33
16254 7831 7494 9344 17412 17496 3674 13029 1462 8974 9073 10889 11447 15650 15843 17951 11285 14391 9298 15029 9031 811 2592 2960 3955 5814 6124 5282 8448 14025 12004 11344 13730 
5005 33
2554 17973 5468 18783 1945 18262 6070 14867 8751 12635 14977 7137 16956 12219 15505 4766 6027 9360 14182 17538 15227 17377 3834 3098 2026 7315 5868 18247 6078 5020 13766 8554 1556 
2092 34
7047 9551 1545 6550 11215 15250 16111 2175 4050 8291 10108 9926 8685 14432 15489 18042 4160 7002 16134 10537 13444 9723 7202 13182 16483 13194 8515 13512 6642 11792 6546 17175 10048 4837 
3674 33
1263 12371 14016 15822 11412 12214 12389 18365 18086 5462 8795 13099 582 15367 5832 1022 10425 11921 16737 7554 4638 8053 11800 2739 13769 17101 13816 5795 2923 9087 482 2288 13145 
3859 33
8272 7586 2836 3547 15040 12005 10989 13982 11358 6697 17484 5532 3209 13133 7287 5964 3556 7650 4791 11155 12655 15666 6144 12348 6137 1959 7072 14670 16644 13555 4645 17706 13161 
1148 33
16345 8725 2444 11699 10475 15147 18729 12466 2188 10514 1054 15710 5898 17149 17877 1675 5897 17372 10233 16108 13245 2843 14764 16092 12766 15738 18598 12605 6061 14353 8739 16180 13637 
1234 33
18304 15864 17193 14332 12982 6169 10525 9652 14993 8228 14164 8910 11998 6147 17861 3008 16205 14817 6590 6033 6970 8403 15119 5395 4956 1797 2174 14272 5038 2654 2869 5886 12306 
3157 33
7809 4722 5079 12757 12465 14438 2034 15317 5382 9078 9733 17398 15393 2721 15478 3030 18462 18566 7729 12190 10206 9394 9768 16828 13103 10492 15256 14769 7253 12434 17267 1686 7847 
87 33
2670 17796 16918 16676 11629 4792 10494 3042 1024 13553 13913 9738 6558 203 16859 633 7260 18299 16952 2610 10721 4420 15797 5893 7368 7548 6850 968 12388 4286 16099 13723 8122 
6054 34
9320 17689 16647 10044 6833 6346 2229 3105 4140 9579 18294 12626 10423 165 7501 7594 13352 3629 5514 1632 5584 761 15275 3902 41 4313 8499 12006 13885 13118 5536 9196 2687 6109 
4025 33
16750 18795 5914 16881 6151 14526 10387 7670 7925 10367 6768 12171 11808 18693 16125 2881 3182 16351 13825 17830 10578 5558 17570 5041 14791 1785 12061 3084 4881 7523 17424 9274 14325 
6482 34
1543 5918 5555 744 12753 579 12516 1230 1716 1579 10054 10389 4911 7843 3797 18402 2002 15904 8653 15416 4522 10082 8646 12238 12735 4218 10022 7822 4585 17714 14790 952 1682 11796 
8761 34
8265 1165 8822 9474 3473 2280 10938 10608 1203 8512 16113 17450 1438 10290 11789 9280 3262 10134 10192 1450 7960 16064 17529 4473 15622 17786 7634 14144 4018 13964 16232 14384 8451 6322 
8411 34
8358 16534 7697 2916 12168 14361 5500 2830 17006 11082 7371 18181 11972 6981 18602 4514 5508 169 8611 1155 9995 5325 17917 12760 14032 5515 13991 16057 6771 6477 11984 12286 1468 8986 
6210 34
7388 5904 6498 5605 16585 5962 10888 6709 9164 3750 10808 5823 10174 1659 1591 16206 15676 14613 316 16974 18716 6415 16681 17732 6306 9234 15189 5947 9999 16785 2849 8267 16426 13255 
5878 34
7824 7913 3994 5838 14288 4943 5549 16462 1583 5731 1996 10733 9093 15644 7124 953 9263 2901 7120 13420 12701 1216 12458 1285 10598 13138 8467 5124 15938 13807 1432 9993 1331 6065 
125 33
9437 18327 17626 14970 5366 14465 8636 12738 15778 10420 4293 17170 3093 12251 9182 5001 14285 6352 10458 3418 14245 1952 6475 10234 4474 15720 18721 18599 14241 17197 18723 18106 18083 
1418 33
3408 13609 845 15466 9802 7308 13059 3303 8741 6423 5333 16411 13696 15041 4605 14047 12816 16160 11396 15479 4291 1636 2326 10165 16299 11067 13265 18156 4385 17606 2253 14692 6467 
5219 34
8419 9866 17402 12547 10976 15301 2216 8210 3664 5785 6591 13250 10944 381 2806 6511 11894 8037 307 989 14634 14202 12419 13483 5000 4654 15721 7104 1499 15734 15244 9047 14466 3907 
2447 33
16250 7922 11336 10690 9465 14172 16343 8430 18681 16528 8851 2710 5309 10979 15576 7677 11303 1804 14799 18778 15190 9578 16713 14158 11178 2045 4850 9840 7731 10545 961 4924 14471 
3246 33
6953 10095 17323 13510 14123 17819 10424 9705 18111 9060 14445 1896 17895 4917 11702 125 18033 14820 16307 16719 705 14256 3118 17837 16802 5421 13061 7025 3530 11484 7537 6535 1759 
3391 33
6512 14551 12812 2763 11269 18624 15194 15355 4033 3380 16729 17867 3952 13565 5015 10274 8999 6399 6167 7048 1470 1481 2791 13223 5114 18580 13904 22 4003 7591 1280 15508 14312 
8211 34
16638 11323 11026 13908 13846 7015 14284 15898 8150 14005 16547 2273 14831 16366 6561 16305 14633 12620 8678 18159 8415 8812 12359 2980 12714 7086 16038 8491 6562 16688 5789 17454 15035 1985 
1694 33
8281 1924 16938 13134 592 15361 7565 8479 15640 13080 1559 7958 11074 18190 16886 10590 11595 15000 15168 11870 7234 4335 11542 15872 8837 9356 9956 11871 18280 12900 6632 7226 2316 
447 33
1440 2241 2368 12895 12122 15883 13358 10694 18207 37 4439 8057 9079 13544 9010 13714 14124 11002 14055 17754 17800 10939 12722 18740 8983 4641 14153 6565 13169 3718 2761 6520 11813 
3006 33
6545 17110 8674 6133 15968 11587 9658 5493 7513 17863 14895 13845 11462 11962 8266 8014 6245 575 2164 13070 17070 9854 17250 18067 5014 16492 15450 17845 18516 2778 2784 14455 2484 
5968 34
16474 13472 469 13073 17672 14579 4808 8006 15257 12951 16739 7107 3078 2447 10884 1817 2918 8852 12455 6968 11825 16560 5697 4260 1528 8538 5073 15995 5259 7961 9874 16253 4011 10518 
8539 34
6266 15080 12410 13075 8748 883 1335 16689 7992 10060 17981 11489 12691 12273 10995 14110 4484 1999 14665 15724 3403 12878 7428 16867 18132 7645 16958 2619 2920 8235 13529 11310 10548 372 
5889 34
9430 881 2465 9557 1095 5100 17472 3500 9057 17900 7342 14986 5511 9435 17674 7165 15095 8961 16344 1733 13347 2262 12928 18594 13996 8868 2416 10550 2740 14530 14146 16663 10117 3459 
5917 34
16001 5889 5223 11206 13217 4727 14822 4165 18653 18122 7903 14415 16356 9172 7622 18121 11087 10249 6195 403 4427 15583 12661 16272 1863 17875 3350 9199 10368 18236 6743 10031 4201 7082 
3562 33
15545 4146 11766 8571 335 10146 216 16954 9138 8722 18339 5578 5296 13858 1992 17749 17876 14315 5183 6891 9129 17380 10294 17924 3225 14969 5878 1503 17028 16598 17004 6153 7493 
3416 33
16212 10229 991 98 440 12909 8187 16043 15161 16310 10713 13354 15675 10266 15202 56 13085 16725 1051 4975 12847 9124 1396 16712 14281 8607 4318 2214 17791 16580 2579 2929 14036 
3145 33
8759 895 11662 7808 8836 8276 8709 3006 3253 6066 5481 3442 14885 17395 7470 6617 13566 5959 16995 6216 286 2182 7916 10749 4065 5779 16151 16371 11079 16855 17742 11695 13462 
7621 34
4546 2907 13297 10903 15434 16107 9637 5623 1692 235 18736 5521 4366 1855 7264 13985 11052 16468 13335 7261 13400 7419 17218 10509 1876 3847 18668 2412 15299 13496 115 1923 228 9628 
4380 35
10133 3576 6081 262 7217 16573 3968 18222 17003 13198 9346 8574 3725 9896 7369 3910 8092 17457 16630 17790 17459 1770 16973 5047 4820 6052 4219 7671 10827 12836 18702 10309 2156 12545 15617 
5391 34
8115 16403 9210 5322 11126 14067 933 6272 10496 3248 12430 6782 4497 8147 6282 10839 6637 17561 5319 9332 2840 12230 8501 16197 14707 7935 16072 18118 1767 15181 10021 6706 11417 5056 
6398 34
18437 3475 6226 5408 17113 1182 17115 8773 18059 16642 12282 15039 16477 4527 15777 3441 18182 742 15978 13056 14717 15960 14972 7158 800 6574 16386 15120 8488 11369 5973 1830 11552 13131 
5199 34
8313 10200 5353 2822 6184 4053 18803 9831 2664 15969 8717 2367 17041 3999 7585 9580 12340 9966 7673 10675 3201 10984 15544 5940 16427 12409 5628 2420 5541 12337 12973 70 14722 10706 
3916 33
5910 248 14694 12134 4894 15350 15594 13782 9847 17645 18362 3152 4376 14788 3752 8188 6118 3905 9258 10504 7912 9547 9565 18520 15091 12885 4599 8408 3221 13669 3537 2387 9761 
