106
4411 2
25581 31488 
4150 3
70170 10742 87221 
2841 1
34503 
5286 4
27341 25747 68923 39118 
637 1
33389 
3142 5
93970 83168 79962 45446 87916 
6519 3
68343 20295 64250 
2974 1
97846 
6376 2
67729 69188 
1847 2
42273 88350 
5345 4
86342 87672 74671 58933 
1422 1
66047 
3515 1
77713 
4470 2
36074 36270 
6028 3
37066 68004 16010 
4502 1
26318 
4335 2
64266 41765 
1978 1
88391 
4076 1
34775 
6353 2
70741 14803 
4506 3
12174 29802 290 
6810 3
10475 5086 41969 
7173 2
60083 8064 
5526 2
83397 24582 
5416 3
54576 32157 91364 
6437 4
75103 15869 65118 22423 
2807 4
31041 63434 20607 36071 
4817 2
25158 68211 
4388 3
19820 78204 46441 
2500 2
79147 36897 
7200 2
80518 52790 
3082 4
22408 85311 74131 71553 
4851 2
94124 59728 
2490 1
57698 
897 2
59923 81252 
6655 4
59957 30294 95051 74487 
2982 1
69894 
3356 2
74044 86890 
872 1
71844 
6381 2
65703 69577 
488 2
11697 52559 
3853 5
74122 29427 18017 53755 64242 
6667 3
11244 86211 57692 
5670 1
80547 
1329 1
73570 
4550 1
86024 
2420 1
45898 
4596 3
52036 74284 72952 
3857 2
79901 38516 
5607 2
82464 72105 
3095 3
25210 72627 31736 
2621 1
190 
2180 2
6204 28297 
6560 2
95665 78291 
4781 4
17732 98013 70156 59044 
2910 1
52509 
2331 1
17075 
4387 3
70332 18293 35814 
989 4
56786 89286 61002 51264 
1091 2
38442 60789 
5523 1
33627 
4177 1
87508 
4495 2
52101 86712 
315 1
59931 
5953 1
97090 
2012 2
7216 93531 
2197 1
45340 
4794 2
28173 67474 
2241 3
73962 59448 79277 
4960 1
53914 
7245 3
11506 80174 42975 
1125 3
64940 747 82336 
3760 2
79935 34536 
3640 3
19683 6103 35529 
2882 2
48485 77979 
5217 1
68066 
2082 1
9612 
4296 1
66909 
3705 4
92246 74513 62072 80777 
2328 1
78363 
1747 1
75663 
593 3
55817 84242 78486 
1602 1
20551 
6345 1
84519 
6225 2
29987 96988 
3259 1
332 
5683 4
83484 64028 85806 80434 
5731 5
69551 82016 61715 48828 45118 
3849 3
77339 9433 47214 
517 3
3889 77577 13440 
4975 3
27242 11018 74788 
6182 2
31698 84948 
3809 5
53778 45519 29824 38458 81159 
833 1
3211 
276 4
94752 48334 14981 56247 
1502 2
64774 1283 
4691 2
48363 10489 
1232 2
65541 38581 
5213 8
9457 98486 17912 57760 99346 33505 21081 36727 
5100 1
96512 
4285 2
62857 78929 
5769 2
5727 73676 
1175 1
93822 
1148 3
21672 67495 33442 
3325 1
85990 
4042 1
93528 
