223
48 1
65713 
7374 2
95699 17012 
7245 4
69663 87956 402 72403 
1842 2
54954 32877 
5459 1
44713 
4718 5
77588 81080 78373 77399 15770 
6218 1
82978 
7288 2
84228 13473 
4302 2
17367 28554 
3635 2
72199 71155 
6796 2
81439 54209 
3006 2
44787 61572 
5237 2
58504 83765 
5182 1
13049 
5264 1
97220 
5740 2
99579 26734 
6915 1
53355 
2224 1
54075 
5616 1
44883 
3873 5
97568 26895 13434 85047 51168 
2277 1
98606 
4691 1
52957 
531 3
56930 64861 57605 
577 1
53880 
2774 2
24916 99218 
4727 3
3054 25107 25466 
2182 3
52713 8370 93275 
5216 2
29278 74171 
6318 3
41809 7240 40439 
3642 1
24195 
8048 1
21343 
6136 3
8424 73493 81131 
863 2
90500 63875 
3575 5
88537 6315 72459 26911 12465 
1411 5
58797 41829 11981 30547 4586 
6614 4
40475 70110 31049 83734 
5810 4
49603 19865 46560 52089 
6282 1
28418 
4521 2
20444 12881 
7828 4
96690 51926 54256 88308 
8390 2
31025 5152 
5104 1
42106 
1211 1
87262 
1296 1
71183 
6274 3
31877 78504 21282 
3270 1
560 
6206 3
74230 65615 50327 
1891 2
93676 90678 
4722 3
22067 26240 70372 
6261 2
87119 11376 
6481 1
94702 
367 1
86504 
7108 5
60896 66225 58690 86528 37666 
7855 4
7048 8690 15559 34047 
4434 4
72877 56651 58094 97691 
4668 1
89637 
142 1
58619 
2389 3
41457 24322 95632 
5192 2
59181 39898 
3426 4
26640 82880 24413 95858 
154 2
21865 44069 
3637 1
67346 
5424 2
97929 30641 
3131 1
47697 
1935 1
85543 
6042 2
93643 38970 
4874 2
85822 63381 
6978 4
88493 52497 49313 83502 
2309 2
36145 36850 
7248 2
35216 86975 
4293 3
44036 11239 88310 
7333 4
45588 40982 2134 4382 
4620 4
24345 1009 56270 19735 
207 1
39067 
844 1
64618 
1378 3
10374 42248 80860 
2942 1
30098 
3794 1
34391 
3149 3
57888 16851 22984 
7692 6
53250 5998 29801 84748 40259 92029 
3364 2
57775 99113 
3097 1
360 
5126 4
77997 8266 39911 67138 
6180 3
92886 37880 52046 
4931 1
44596 
7451 5
53739 91109 1561 75899 80766 
3138 2
21450 69326 
3177 3
67043 460 43118 
2813 2
68599 88593 
4242 4
96797 87824 83152 91949 
2185 2
67628 44986 
5100 5
98844 7726 29417 520 65020 
2324 1
11283 
1862 1
46172 
6228 7
72155 80274 78882 33719 99031 43850 73930 
1577 1
51736 
6718 5
45656 11095 67251 66325 88352 
6016 1
19707 
8287 2
11982 30356 
282 2
64481 76100 
4250 3
68119 70509 2081 
782 2
42503 80343 
1115 1
95258 
529 2
96158 10045 
1229 1
62190 
3117 4
26122 45407 79712 13525 
552 2
75105 90583 
3600 3
4860 91455 47894 
1134 2
63984 80779 
5319 4
55170 47977 48465 98061 
502 3
75391 97790 41576 
826 2
84128 77228 
5997 1
3520 
1626 2
35014 48552 
7685 2
69747 2679 
4583 3
84822 23472 6697 
1849 2
14719 30191 
4320 1
353 
4756 1
60472 
6833 1
59523 
2008 2
97316 90324 
2849 1
9994 
8563 3
83124 53929 67377 
935 3
76968 20492 35281 
5871 5
18227 82683 15013 22585 50794 
3831 1
5165 
6249 2
56174 60355 
3082 3
85037 25942 50887 
601 4
67034 13047 26290 44117 
7124 3
18232 47230 7332 
4469 4
60229 283 1291 58580 
4336 2
36040 15497 
1888 3
82154 24187 67806 
4400 2
4106 71367 
8522 5
65173 30870 26448 47208 4522 
3655 2
29955 7615 
1539 1
8312 
1558 1
44477 
6670 1
65134 
3842 3
85337 7970 29055 
2126 3
27516 9752 44228 
1182 4
71499 20036 532 32627 
8142 4
73199 53430 56194 51866 
1216 1
15352 
5345 2
68007 80589 
2358 3
13673 67658 49949 
954 1
69355 
3506 6
30363 68979 30271 9060 27943 13037 
3784 1
42445 
6843 3
95937 70562 40800 
5230 1
96538 
7256 1
66056 
1762 3
38171 83526 38934 
6708 4
59308 84374 13219 17436 
6846 1
6644 
5873 2
64210 13260 
3922 2
31337 12071 
5166 3
76352 3865 65204 
2510 1
69178 
1273 1
33617 
8492 3
21729 75263 94911 
6792 2
77435 3477 
2782 2
62747 37361 
3853 2
37827 63311 
5438 1
76970 
3263 2
9186 61933 
5791 6
79612 98175 44557 76926 74286 64033 
7120 3
39050 74620 19382 
7056 2
9801 13680 
3003 1
61117 
2618 1
85739 
4346 1
36529 
7558 2
76213 21273 
1133 4
13090 76337 76535 82107 
5019 1
91117 
404 1
1826 
5967 3
85138 68684 71944 
2990 5
91987 37412 82949 33280 59863 
8370 2
82259 50663 
4880 4
6291 33353 33269 96140 
2957 3
89382 19655 49910 
2761 3
8589 14299 99521 
6663 3
39754 31119 65999 
2630 3
90551 90153 4652 
2344 1
17181 
6065 1
8061 
6156 2
61469 96470 
1570 2
9546 12405 
4193 1
45235 
2076 3
17842 78306 60632 
1532 2
94158 40071 
1162 1
79195 
4334 2
97454 44092 
707 2
38075 23684 
793 2
38068 29779 
4306 3
97035 15356 60711 
3899 1
56899 
6493 5
8127 15165 35234 47662 42109 
4305 2
77620 7494 
5087 1
45349 
6436 3
22964 36604 47785 
3878 2
34179 26858 
8018 1
3948 
2930 1
34266 
4298 2
63883 69465 
2096 2
2245 10267 
2993 2
80519 56121 
271 2
1150 40864 
4271 7
76921 61989 97673 45456 13781 47669 81266 
2014 1
40772 
978 2
4463 95229 
1796 1
64463 
5018 3
18016 63048 65687 
7689 2
56719 17038 
5197 1
33643 
4610 3
63595 20981 13421 
6026 4
67250 79244 86156 78566 
5567 4
67339 3837 84854 53320 
3565 4
84833 4436 19027 33268 
2330 4
8430 36342 71055 78418 
7646 3
11312 25900 10338 
4567 1
17469 
2830 1
2468 
