37
2665 17
2690 7258 74121 35732 84013 85605 12850 88621 61691 38792 64324 23460 52474 39261 24128 12680 87736 
1889 18
36777 44800 8610 84711 61776 19141 32760 51936 35672 79734 9047 87127 98913 81843 22724 47644 69247 71209 
1827 17
64585 24907 67652 77758 35450 48839 13346 52129 96499 3611 78389 60542 74848 76558 1472 86510 9309 
2735 19
47928 72245 71868 65635 6731 38374 32559 34472 28477 37000 11513 53829 12843 16961 11089 75803 23024 75010 82201 
223 17
58323 41067 24624 39128 78187 98533 65522 88609 24807 94595 98830 123 70258 40354 76709 65446 68315 
2273 17
50989 69832 93797 90413 91331 23509 94384 72983 29632 58642 15309 67577 84853 51722 97113 58579 12655 
3407 18
9499 69650 82242 80746 58868 99640 72279 40287 12888 51229 97419 30048 94453 11556 21106 77305 32547 96491 
3338 18
78273 31143 29676 84970 76468 91804 46703 9329 92934 10947 48580 73310 10133 81972 71864 98270 73184 77878 
3353 19
4634 44399 56252 21104 49785 97022 380 26728 20420 13845 9885 92714 7537 68779 34185 1233 18508 45450 11567 
5581 19
90541 46982 63716 95653 78828 45058 19622 14695 55220 20924 89867 11289 15055 37276 9134 48792 28285 65911 94051 
2447 19
34792 38481 60466 91756 68921 58966 54647 42599 51453 32005 13449 40790 4430 60468 7797 61424 92830 85314 31396 
5924 18
70938 20529 55772 72657 26056 14974 63123 33990 52380 16478 71279 70317 12524 76908 25887 84813 44990 29459 
5560 20
59733 74992 70806 41369 28469 90950 71401 82680 56447 79146 42161 76286 35784 47551 16387 65958 90002 66697 56791 80537 
2319 18
61545 11246 15858 54674 95901 34545 71562 1789 34374 83226 59085 53343 56464 38139 56997 27230 74603 93415 
3580 20
93505 87205 91653 39446 28835 17311 37582 49342 97943 55624 13355 84301 86894 45430 42287 92942 26765 28773 72120 52587 
5444 18
52701 10560 90768 21430 13939 90282 90470 32362 31040 43341 41741 28620 86608 8340 4319 54849 25834 73309 
772 17
34251 68417 16010 70883 15863 8050 32460 43966 65462 49339 34492 33231 70836 78727 31157 45713 38585 
1813 18
78659 87364 34871 7522 18211 66382 98134 12727 92632 7607 47151 30127 97910 48961 34817 40923 71928 19527 
5550 18
67749 55743 57419 2655 94719 37600 75928 19886 98868 79375 50315 75466 41885 7518 80695 37428 14718 75163 
923 18
11258 15031 72843 4233 70677 37414 66687 26423 28183 59283 14627 39772 7542 37119 24071 40183 3710 64658 
2761 18
82596 99838 43252 33884 28051 25966 93710 39219 13328 25820 7326 67337 17536 73009 7179 96036 39938 62385 
4579 18
61694 36693 18583 75590 65318 18932 86996 54174 87100 70177 50217 84365 70355 58118 23064 72176 66535 89748 
723 17
96690 59034 94740 58712 8035 70219 19728 30814 45887 8269 85469 69955 385 29895 83800 98412 42448 
1875 17
49388 29847 7495 75572 40280 63083 91019 43890 76036 98150 18060 85981 89680 81660 31491 44198 66563 
936 19
79009 59229 77501 35147 20939 65283 20952 40110 45168 28708 88227 67878 55643 80048 57612 76998 36554 98536 62247 
3471 18
25313 74159 79551 21262 73992 87871 13514 75114 97591 14177 87836 37583 94560 3519 19242 10513 82285 84564 
63 17
72768 55191 15339 1975 99239 60507 69018 39890 96187 83665 50277 31909 25581 99816 73044 98984 46532 
2904 18
81325 36402 5661 47209 8712 61714 12546 78656 36037 17917 33737 95342 9388 99144 29795 91635 10165 36762 
2087 18
97397 74739 49314 26573 68739 19750 17664 21212 53485 37454 26672 88294 15913 27112 84912 24439 5629 63769 
2760 18
89331 75160 98674 4961 95920 83548 44326 91039 13680 8716 12932 91998 6513 55142 34888 29503 24816 54803 
1895 17
62176 30506 28020 76233 95017 98298 37649 69451 47482 21902 44186 64782 34741 42634 51765 66170 5508 
5962 20
4499 72093 89568 97088 89394 40443 56014 40406 95988 24289 505 46276 3636 1730 96368 39996 52206 88535 33009 63680 
5385 18
97447 64038 39477 37715 19399 67597 73023 25422 85138 54506 21140 89267 11505 31745 24238 77197 72480 12847 
960 17
20047 57978 45286 21904 29685 34319 10832 62316 21036 10129 18576 34720 14616 54396 70609 5039 73572 
3144 18
43667 80901 31081 74969 30006 57194 30431 64020 48732 77261 24711 97842 38829 51835 98896 63949 85635 46601 
3184 17
85760 56654 2563 47889 72039 59638 71473 11891 83065 11380 30692 40732 16753 16361 60989 40250 40312 
4943 18
56165 94898 50583 48335 53833 2126 97572 35891 50967 73430 22145 22361 24240 62371 32750 33755 17511 13065 
