105
11181 5
8566 45379 70607 95108 30478 
542 5
74981 9837 82244 65797 66232 
2369 4
4491 71365 8773 5543 
1834 4
49961 50829 95291 3563 
9920 6
24450 8920 35474 28600 33401 63875 
2549 4
58174 60573 53523 68653 
5599 6
49147 47188 49875 75209 83706 34652 
8010 5
25877 89012 59246 25787 71561 
11784 5
76105 7131 36287 87775 7542 
5255 6
88379 82159 53685 7171 88109 73809 
1029 5
62688 69728 12464 39359 68500 
11840 6
27785 51988 23083 41968 30333 32116 
8087 6
53132 93895 93722 17746 33993 86616 
12353 6
5247 27210 42672 87345 2661 18777 
3914 7
37869 17151 59024 74423 46374 71879 29054 
942 5
27932 96668 31946 25829 93127 
5151 7
28329 48407 58478 1496 93442 75622 63239 
907 5
29634 89255 86360 39650 87319 
165 5
79004 62559 20782 71591 71773 
11893 7
7225 25415 90958 86599 44289 6346 87662 
3500 5
11636 4949 75781 35877 33343 
8640 5
78480 45312 69707 16629 27489 
4128 6
11803 12169 88375 46632 38779 422 
2815 4
68703 32764 12561 7962 
378 4
25681 23901 28719 11004 
1295 6
96663 68782 78250 42413 37429 74799 
1162 6
71083 81819 44191 746 51434 30160 
6185 6
30649 52533 2717 15952 24492 22866 
12265 5
84436 78710 67138 67204 41807 
4718 8
62748 72696 36016 57069 62793 12924 16951 87361 
9633 4
94135 9673 17137 37540 
3956 6
7197 89175 95828 45032 67074 21949 
11619 5
34748 17731 31079 64886 26687 
60 4
42107 27414 73153 24751 
7875 7
73391 6646 2219 70826 73845 10020 78156 
701 6
59860 62646 87483 70577 28158 50389 
459 5
32233 53583 56509 19289 64724 
3680 6
80406 11351 62626 62556 79209 50062 
6088 4
69772 32251 64667 44480 
8089 8
89465 73023 70398 87442 36350 19451 10218 63131 
13012 6
94836 79097 82641 76101 27286 71486 
10100 5
36588 10321 34359 90131 43890 
13035 7
8929 3235 91624 10649 30875 93392 47411 
4404 4
81265 61092 81938 28190 
3574 5
9884 81291 35008 35181 12797 
2493 5
48908 73572 57310 78846 62132 
12661 6
77873 47024 15131 76956 54390 22562 
466 5
69095 87998 13124 75438 73613 
1897 6
48127 34969 60660 95311 31305 66205 
400 5
53194 64067 42268 94063 37576 
884 5
24054 14320 59281 41207 38650 
42 5
10608 85440 69100 6213 72086 
1071 6
57548 7560 4171 86053 57733 47120 
11596 5
78209 92080 36630 83975 64032 
736 5
75918 75410 2386 82360 76884 
694 4
93897 24336 58538 14782 
12074 6
35353 40591 18492 65886 39531 74072 
5375 6
65136 19558 13929 22407 44894 80528 
2212 5
35484 15533 80850 55324 28167 
4099 5
12145 56056 4553 89450 57419 
5700 5
64668 36327 37492 65970 13605 
866 6
40152 32543 6375 85090 70803 95038 
6261 5
53626 94995 65928 44798 44671 
924 5
76703 90900 41307 64251 46908 
11153 6
78036 24302 85054 79199 86828 67480 
9711 6
77308 8752 80073 66515 47256 13048 
8478 7
27621 20168 25901 70048 11074 60744 59636 
7390 4
86603 38712 74006 93166 
1124 5
26796 10239 48941 52035 9284 
1251 6
93655 35887 21067 96856 32009 12920 
6765 6
88193 45104 91965 96639 23711 4195 
3828 4
93785 42426 6263 69732 
538 4
70899 61628 89488 43803 
1887 7
82713 61441 12215 32647 31087 17581 4442 
914 5
50183 72957 87925 6466 22991 
569 5
87006 45011 92475 23896 20759 
971 6
52092 23388 65048 43010 59342 60993 
309 4
31786 7194 93962 40930 
8869 6
79201 13360 13577 61741 30963 11446 
836 4
73646 12511 79340 45295 
1489 4
27606 74431 16261 95063 
11082 5
104 31338 37664 52428 51586 
5108 5
22028 16801 89303 7189 22222 
1375 5
82674 57980 42313 85347 37600 
6672 5
77649 51934 6916 1410 33073 
647 5
30658 76075 2327 59972 76124 
8953 6
42666 72237 21855 64270 19118 39574 
29 5
45650 94471 30619 70307 33770 
1725 4
40609 96736 47962 42374 
6956 5
69636 34577 40119 77456 75672 
12280 6
80957 85211 96144 51061 49719 21307 
4533 6
76208 42622 73116 6602 69857 48874 
7182 4
82449 11051 11560 56358 
176 5
53073 23373 79893 26531 16868 
1968 4
8578 35209 66166 65143 
6811 7
23925 61087 52857 60858 94405 48255 57529 
11978 8
45598 20075 5309 128 92998 29662 94475 81852 
3609 7
75114 36341 71572 48937 25491 22905 31151 
1224 5
37730 63429 72730 5745 39346 
539 3
14848 93059 17959 
6436 6
59022 4676 19370 27170 33137 78689 
6311 5
38427 9160 26686 37728 18394 
5784 7
52080 41650 27731 58961 61847 21730 18041 
5719 7
16173 91933 78904 76888 63087 722 51149 
1215 6
96513 75234 52221 93781 84446 24371 
