155
1296 2
38176 77197 
2207 2
47314 1698 
4113 2
81447 45453 
5022 1
10824 
3783 2
17076 74623 
4200 3
50597 38387 39844 
1268 2
52721 81663 
4791 2
71360 71880 
5356 6
47110 58026 15345 16507 68487 44499 
3574 1
73231 
4957 4
78965 36691 40240 37950 
4961 2
34581 29639 
3732 1
81067 
4477 1
11040 
3403 1
29311 
4667 1
35683 
4734 2
45870 58265 
4861 1
31696 
2920 1
6007 
4450 3
866 8444 43420 
4432 4
56396 79436 80786 1358 
3610 3
69830 84064 41215 
1089 1
65567 
1864 2
85584 5083 
2430 2
45101 14605 
349 1
16393 
1930 4
20690 43251 63684 60582 
3604 1
70715 
303 1
75161 
4890 1
76468 
2543 2
60797 75704 
816 5
20662 55295 15172 74449 51335 
5328 1
51998 
1097 4
44379 63875 65176 38906 
733 3
34706 81852 48953 
2483 1
84654 
728 3
54562 41976 71662 
812 2
8902 42223 
438 1
86430 
3772 1
44439 
5058 1
74620 
5047 1
28457 
4434 1
77646 
5435 1
11898 
5304 4
40269 84726 24676 84828 
2480 1
46692 
2738 1
5560 
1779 1
73332 
5178 1
42925 
5422 1
77310 
4362 2
47906 64913 
1601 1
13047 
797 1
64315 
2215 1
35970 
2365 1
54 
3601 4
50990 68561 49373 53034 
2158 1
71568 
382 4
82780 27701 67126 28915 
4235 2
52315 15365 
4119 1
53244 
5259 1
35854 
4998 1
59730 
927 2
85606 50406 
5384 1
14923 
1492 1
17819 
188 1
39669 
3759 2
53847 62953 
1542 1
41587 
3303 2
2526 69019 
3505 1
75574 
3999 2
17185 47592 
886 1
81060 
204 2
31436 16784 
5416 2
745 1879 
4661 1
27776 
4261 2
40306 19824 
4104 3
68960 64622 71513 
3847 2
80647 31342 
4819 6
34605 27884 80687 78170 80384 32140 
3095 4
51454 48548 17194 17146 
5333 2
3408 8253 
3479 1
8951 
3017 1
3162 
5214 2
66623 40048 
5308 1
41726 
426 2
72993 20793 
3087 3
77281 76011 45425 
637 3
7959 9048 54469 
4437 1
47531 
1919 2
57295 37450 
3218 2
25137 61445 
4707 1
69728 
59 1
21257 
164 1
53703 
4059 1
54157 
38 3
82334 13886 27579 
5075 2
45523 7072 
4846 2
52077 63886 
701 1
38947 
4470 1
44361 
949 4
80062 16624 47285 67481 
1678 1
53636 
1332 1
13595 
571 3
63044 53779 17040 
2339 4
21491 27187 40546 43376 
4956 1
60175 
2728 1
20151 
2747 1
21926 
799 1
63707 
3788 1
18205 
2661 1
62069 
3049 2
20650 39479 
5050 3
32010 47202 13905 
5027 2
30424 74838 
92 1
48744 
3169 1
9799 
362 2
58432 77831 
36 3
82699 52247 11 
4660 1
2928 
2792 1
40564 
3142 3
11102 24898 31325 
1462 1
75078 
4603 1
18250 
1265 1
21781 
3277 1
63851 
4926 1
43606 
5180 2
66818 81576 
1569 2
18155 7337 
3540 2
58172 45951 
2943 1
30954 
348 4
45700 55825 57273 64208 
5291 1
13744 
5032 1
31845 
2782 1
36506 
904 3
5945 18669 12149 
3811 1
69894 
5086 1
35987 
4090 2
75147 12602 
1111 1
85492 
2584 1
16786 
16 2
83176 40310 
4273 1
80835 
2768 1
75189 
1204 2
71294 65608 
2125 2
11809 56375 
4565 1
70477 
3192 1
36468 
3995 1
80633 
63 2
66848 737 
4507 4
70894 77172 79543 50550 
4793 1
12224 
3797 4
17785 15768 77214 17335 
4098 2
63983 9908 
4703 2
7631 86703 
1894 1
58533 
