134
435 6
42793 59196 71284 18736 44948 14313 
155 8
88077 70096 64950 53462 37994 54584 27363 8435 
1364 6
4311 23600 54899 53425 64057 32899 
896 9
26564 23377 50473 198 65331 87955 88558 98390 45799 
1298 5
28349 78709 10175 36529 41997 
1144 8
80805 9263 58630 8462 88679 59617 77632 21006 
996 9
17847 31804 69448 49312 52754 84750 47857 3228 57207 
572 4
34737 62567 62720 60418 
1313 11
14262 38705 19181 57188 20568 49465 66026 4798 41985 69454 39205 
285 6
43178 9884 51970 21866 58251 62269 
877 4
72327 53882 48347 15978 
256 7
55902 13926 76288 86317 92679 80736 75704 
799 9
36472 81925 78278 21276 24205 44137 9302 57343 93760 
782 5
23510 10867 351 32193 9945 
1192 7
3630 99763 86073 82474 20528 40370 11750 
1386 5
35104 50331 80429 11243 62872 
45 5
32645 46650 86980 48281 12723 
469 8
4866 19868 43512 19273 26196 40718 19465 23910 
671 8
36225 68401 76705 93885 88266 40923 41181 23054 
133 5
18177 52711 52811 25823 28106 
196 4
37534 81424 22120 18803 
894 8
65996 15471 78860 30238 65389 66976 15791 9376 
1363 5
63717 46033 82491 10259 80445 
414 5
40933 58808 22757 77551 70146 
278 10
12499 35807 83018 10646 29667 53439 7755 96481 36104 39560 
1348 4
85626 2867 3932 16366 
491 7
80809 81863 91179 45746 30797 56920 31230 
527 5
48824 53370 61969 60948 88135 
519 8
36376 66881 92299 57059 55647 90832 72152 44928 
653 5
53515 45596 74881 85241 7998 
222 4
79890 55931 17768 72447 
116 3
84771 70632 16645 
1206 11
63323 69769 74184 70376 23504 20299 78692 43460 3694 17668 62700 
78 4
46025 19848 19926 29958 
962 4
40146 87490 20487 64048 
224 5
12905 53295 40056 50754 66430 
1329 10
93389 47216 20541 38476 80940 26874 29314 37516 77310 4758 
325 5
48006 92410 93002 91416 74780 
1338 9
65671 39169 66142 89166 6770 10759 823 39540 55509 
1174 5
71141 93491 77389 48677 4005 
22 8
52388 94994 77018 47700 76985 67423 33415 57194 
148 4
30931 92312 80528 46893 
698 6
3812 85968 57278 52706 2470 29730 
477 5
72956 97255 42512 3045 40920 
932 6
34857 61315 30603 18070 49717 32888 
792 8
79374 26792 65363 37302 26733 50199 31170 699 
492 5
39480 45217 55539 74770 6826 
271 3
70129 6846 33583 
1076 11
78442 82937 79516 26951 73967 98923 27848 71001 69483 51346 35884 
1053 11
34007 14552 3223 91469 14600 13331 58848 32110 79249 67440 19580 
753 6
96899 88527 5594 34063 96711 92761 
928 7
84004 26396 99008 12137 57821 4033 78105 
358 4
2113 51986 97193 76279 
487 6
77543 28743 35314 47572 38730 70790 
682 5
6966 33604 27551 72158 69428 
631 6
41326 2013 61980 4476 68325 24351 
848 9
57809 73665 74512 51287 95826 73349 2733 65868 3157 
219 3
40184 48338 61817 
1168 9
21073 40422 48056 11717 2438 83716 86912 16902 94719 
225 7
45795 27510 75167 83233 25367 56425 67006 
332 8
50262 40975 58990 88274 35052 15616 48431 31375 
204 9
87352 65136 18596 84585 82690 59230 1196 62058 31895 
212 3
59275 16431 28160 
710 5
56805 74021 67469 90354 19581 
720 8
98539 7769 93128 65795 55291 33790 90609 97787 
836 4
7220 51184 23568 60410 
431 6
59769 53208 49368 90292 21628 12970 
541 8
14244 82324 77613 39263 18585 44748 16861 3724 
261 6
76860 52694 14274 26849 28640 81533 
412 6
2546 63051 27340 84232 42337 82976 
714 7
56939 81200 21196 73883 16994 28062 41363 
522 6
77419 63083 42332 97538 11324 79924 
4 6
22104 37208 406 57128 28055 74756 
56 9
84438 4032 28578 61599 27516 81753 8587 2107 87914 
846 7
51448 63441 29641 76890 37951 36154 29060 
59 5
53572 76432 6172 35948 1066 
512 4
67036 60239 12191 28755 
679 6
25787 42175 51242 27180 34586 80385 
1278 11
55975 86215 29634 6117 93995 78051 49678 50016 16481 63941 85913 
1155 10
99171 56051 7438 62351 20986 34708 46286 47926 80250 54759 
599 6
95835 25654 61346 3830 93098 50509 
766 6
63984 89027 225 37487 99068 1166 
452 6
67430 32187 70128 72381 83203 40488 
24 3
68460 56132 69653 
1359 6
23360 50372 33086 64788 78736 5420 
1221 10
39798 17544 17077 42279 33619 37729 50790 81948 87576 76462 
603 6
61221 36565 91243 1477 96384 83193 
220 3
82064 13946 93599 
553 6
78989 74432 53931 93429 775 26069 
934 7
67685 49307 91236 92999 69817 70650 25276 
75 6
11599 50038 47094 62737 39241 644 
637 4
7526 91943 91343 68496 
652 7
26282 31850 10092 32327 99860 80112 82042 
230 6
73113 5873 48269 74301 51061 13024 
743 7
1704 20278 31301 12582 34099 28537 68566 
30 7
15835 8021 96689 70006 3149 50471 1207 
471 9
48907 54614 2599 7743 31000 44405 54587 55226 53445 
1176 4
73568 49172 58320 22749 
941 9
84557 43072 7613 35640 18665 18946 23735 21951 98568 
170 5
14471 35605 81472 56676 91804 
308 10
31498 71626 94274 33539 60819 82411 16844 95260 76088 61188 
959 5
43878 16701 84570 2682 75323 
324 4
93368 92454 17026 26077 
333 5
74668 67107 11510 18962 79562 
331 7
57043 491 37285 91966 21742 769 47576 
359 4
64758 65895 7961 26138 
840 7
75458 71812 8361 60833 15603 78505 30414 
1019 7
71966 71208 68243 44978 40874 15324 25656 
181 6
12056 22774 35931 16833 17446 53497 
288 9
71240 26837 68181 26451 58585 55449 56089 96448 46634 
708 4
87272 44197 60996 31187 
1314 5
90853 28045 67828 4960 90392 
506 6
60519 81843 16360 78566 647 12329 
724 7
70145 85558 88446 76130 29854 57871 42739 
831 4
99439 73983 15694 71415 
110 4
63082 93033 10754 92599 
878 5
6603 67467 80083 98698 89423 
367 5
38986 50409 82195 33215 71802 
494 9
88863 38446 21107 97584 71718 38091 75145 61195 10528 
191 6
46345 28766 60486 24286 70413 96177 
564 6
35315 74023 71624 58082 8740 52036 
919 5
47821 82606 37221 15239 98682 
28 4
45373 52230 43000 26799 
1347 5
39923 85000 91512 36506 8900 
742 12
18615 17248 83789 83156 44474 88975 61087 51727 80538 38394 72300 78993 
1018 5
50490 5315 94665 50867 86138 
842 7
36576 36025 37581 24116 15332 73631 41942 
1272 6
25499 74700 3239 63864 95155 15858 
580 5
5572 74118 66690 43096 25259 
1232 9
74825 30730 87676 53318 75485 22680 48597 93221 34893 
690 4
8524 93574 84107 94603 
1083 6
30367 9268 61988 373 48771 60746 
328 6
10334 58925 23920 66610 95758 58129 
165 6
63312 59219 58760 87620 98703 41276 
