390
4887 2
40356 2842 
8966 3
28183 95250 28231 
5698 4
86194 95733 26402 5832 
790 1
3283 
4936 1
87464 
7338 2
62019 40730 
3434 1
22625 
9040 1
36359 
3297 2
96083 65147 
8108 1
36812 
1372 4
28771 89052 44572 28278 
4819 1
61334 
8720 2
74527 99940 
9195 2
46137 87275 
8824 2
30494 70003 
5645 2
10137 47068 
844 1
38408 
7558 2
63887 57838 
4377 1
83517 
954 3
26785 95511 41395 
5160 2
32233 91463 
8892 3
40024 29708 8739 
6980 3
46015 5535 14354 
4790 1
2182 
3761 1
45412 
5197 1
76487 
2380 1
17419 
7659 2
44438 7557 
3371 1
4595 
8456 3
28440 22695 62758 
7252 2
23731 76974 
8516 1
23086 
9266 1
50080 
1011 1
70332 
82 1
94181 
8255 3
53421 48789 48699 
3487 1
8954 
7541 1
81197 
8033 1
64444 
1185 3
13324 79673 17579 
8454 1
21525 
8113 1
65845 
6857 1
23066 
4381 1
71462 
6172 1
45655 
7753 2
70942 67734 
2941 1
40374 
8928 1
83489 
5496 5
91789 95259 79982 87932 11010 
4726 2
93096 67604 
9232 2
37214 16774 
5407 4
62021 20259 71395 42423 
4816 1
6542 
1111 1
15146 
7623 5
85572 75560 48936 52170 47000 
9131 2
79384 84642 
8972 1
84875 
72 2
10415 92604 
7837 3
65053 94266 13758 
445 1
77438 
2135 1
49660 
3953 2
44514 9855 
8306 2
79411 65710 
8622 2
16665 81146 
260 1
93342 
8004 3
57281 3240 25655 
5987 1
54795 
7948 1
82017 
3889 3
34230 40499 72245 
6792 2
71593 51210 
2675 2
72303 97649 
5516 3
69962 74488 26629 
2535 1
88503 
7093 1
64963 
8795 1
84154 
4765 1
84810 
1572 1
26032 
9100 1
9234 
3925 2
98102 91032 
502 1
53657 
3568 1
52268 
159 1
35985 
187 5
39895 71740 25241 97345 91543 
2305 3
42349 40520 4782 
6929 4
38499 30115 8004 36755 
3003 1
90132 
2483 2
2622 12265 
224 1
30861 
5350 3
98161 1037 37659 
2687 4
59155 37523 47772 56355 
2252 2
82320 21854 
5769 1
77178 
3844 2
21458 9662 
4055 1
23930 
9148 1
41143 
2145 1
71032 
5558 2
93701 5262 
2193 4
68444 84289 38332 98012 
7452 3
20603 78420 17220 
3592 4
76032 6996 68885 27585 
7550 1
93084 
3422 1
46395 
3776 3
27107 74056 79546 
5745 1
53963 
6802 1
27081 
8223 2
98879 26891 
5358 1
85770 
7826 1
95679 
8959 1
99526 
9063 1
47389 
945 2
38733 56641 
1192 1
45331 
8844 1
7162 
5919 2
73409 58637 
4534 1
56020 
2888 2
50490 86869 
7873 3
31553 45368 11288 
6732 2
81551 31486 
1347 3
10655 28867 36856 
5267 1
24994 
5998 1
50095 
7600 2
55914 88644 
8333 1
70510 
8931 3
87341 22208 54006 
8469 1
84311 
1478 1
6260 
2903 1
27124 
7470 3
55966 5137 73576 
6181 2
30806 34529 
8960 3
78395 13276 78753 
5176 1
10635 
5773 2
81990 63236 
4075 3
73743 34749 45123 
6013 1
83071 
5989 1
86123 
8881 1
51624 
711 1
50125 
7923 1
52310 
4829 1
37564 
8124 1
30796 
1794 2
30444 51433 
8020 1
57391 
5728 1
90517 
6809 1
50663 
5660 1
16247 
6489 3
21465 7998 67809 
4856 1
66402 
5447 1
99000 
7397 7
57479 60945 16203 98694 43675 49664 85025 
8244 2
14798 96670 
1178 2
66449 48477 
795 4
57921 32278 83959 40954 
7787 3
41835 90304 27498 
8379 1
60355 
128 1
44540 
4792 4
590 28026 48473 40132 
141 1
67730 
3222 5
58277 11861 9330 80507 68364 
1236 4
8252 63976 18992 99391 
8989 2
50300 27697 
4957 1
44192 
5238 1
35917 
3064 1
52067 
4280 1
78094 
1292 1
9466 
6230 1
91785 
1881 5
65229 2142 36928 70304 86785 
4357 3
34167 90486 8788 
401 2
98638 88925 
4352 3
29744 11952 94119 
3282 1
35858 
7246 2
13119 86647 
5111 1
34491 
8935 1
37638 
3939 1
48983 
1268 2
84224 29118 
7309 3
885 38306 73618 
2895 4
89196 25695 48366 46095 
8117 1
85881 
4399 2
52405 82794 
2160 2
20128 49735 
642 3
43878 70058 3252 
301 1
4676 
1029 1
27334 
9257 3
34844 22070 57447 
5129 1
86373 
3995 3
53711 41547 4426 
1323 5
76477 94366 81041 67771 88787 
5171 1
25553 
7013 2
88150 35742 
7919 1
91479 
4923 2
53778 16288 
5189 1
61137 
4236 2
67664 45346 
2157 4
97886 35227 72987 76931 
9151 1
22546 
3786 1
36998 
7608 1
14383 
4199 2
57476 73276 
5796 4
29803 33925 56516 68093 
4927 3
6350 71509 38303 
2798 4
47651 42404 18528 86316 
7903 2
89128 85040 
8552 2
47599 50360 
1283 2
93052 65290 
94 6
30497 14684 79923 40604 45396 37880 
2107 2
90738 36576 
9130 3
55405 7126 92254 
8810 1
84135 
4170 2
1739 27406 
5915 3
44723 53097 25072 
9247 1
19134 
1549 2
15695 59853 
292 5
53740 98855 70083 92910 13531 
4129 1
49851 
202 2
69402 19797 
2314 2
99491 41190 
1177 2
52321 19935 
2600 3
78123 89946 10120 
3363 1
40561 
3737 2
88654 6206 
7491 1
64669 
8486 2
98791 92495 
7556 4
21494 37960 73280 75461 
6107 3
68318 42335 84427 
7477 3
60337 21846 68844 
2741 1
61146 
6651 1
40106 
3867 1
72989 
8741 1
97359 
4358 1
92872 
1541 3
69624 12652 18404 
4307 1
64472 
4339 2
76832 52851 
3687 1
76915 
5772 1
67341 
1090 1
71328 
2318 7
58055 94620 7779 82273 98304 7715 45207 
3038 3
97776 81944 86124 
4126 1
46094 
6288 1
54821 
4271 4
37409 60609 23389 25880 
2199 1
20687 
3891 1
93943 
6725 1
17230 
2986 3
53027 15528 92519 
4602 1
7476 
9027 1
85073 
3330 1
65104 
5996 2
98082 33610 
5976 2
61728 86871 
2239 1
17082 
7461 1
48965 
2457 5
50551 56293 1420 85395 85415 
7587 4
43018 30106 19918 84594 
570 2
94876 88358 
4401 3
48958 97335 35861 
2278 3
27720 48479 4050 
1730 3
44303 25579 44853 
5491 2
46593 58075 
5823 3
67944 10200 30963 
2207 3
98516 20628 70032 
9208 1
77627 
6131 1
11193 
778 1
66288 
6978 3
24295 54034 29302 
5058 2
99510 8236 
1748 1
38632 
4695 2
12081 43192 
8973 1
29488 
3056 1
13070 
4245 1
67942 
431 1
73495 
1199 4
23378 76576 40694 82928 
4168 3
25321 15863 81103 
4522 5
65473 95205 13984 41085 9450 
2580 1
36064 
1470 1
11598 
924 2
90897 17112 
3641 2
3964 56184 
7128 1
4638 
6159 2
28937 17680 
869 2
90988 4882 
2321 2
5658 15879 
8382 1
55454 
7441 1
19676 
3414 2
32894 58679 
6271 2
40847 55816 
787 2
97039 18939 
5375 4
87301 94946 21207 7154 
3133 1
19037 
5006 1
51326 
2818 4
27703 33890 38737 14227 
8594 1
69265 
1663 1
4965 
6572 1
70753 
438 3
96245 7623 61412 
9044 1
57984 
314 2
82276 1569 
9016 1
4013 
6005 2
43693 49538 
7197 2
89646 85227 
4948 1
88413 
1896 3
96249 30183 13227 
827 1
83000 
102 4
41937 49873 86412 24633 
469 1
83011 
6621 1
79433 
8046 1
85695 
9032 1
71038 
750 1
67105 
4798 1
10972 
3685 1
46749 
6777 2
63424 81954 
4182 2
15497 35901 
4287 3
31800 91784 36410 
5368 1
30838 
6628 2
84861 65403 
8165 2
18436 5581 
8619 4
78136 95781 14382 40449 
1523 2
45899 26025 
9042 1
95288 
7806 1
25106 
6933 1
22168 
5906 1
65161 
3457 2
52844 62334 
1912 1
29917 
7824 1
15881 
7508 1
49740 
1125 4
34765 84312 76455 76976 
7051 6
8780 74689 88160 72689 65480 13350 
7895 1
44583 
5537 1
51477 
6248 2
76727 13493 
2824 4
73980 54797 59845 97975 
3747 3
21469 57812 38520 
6749 1
24835 
2556 3
54316 26264 98729 
8736 1
46435 
5214 1
46552 
544 3
36979 17358 97917 
6021 1
98015 
6902 1
86397 
329 2
46446 15162 
4875 1
47683 
3111 3
10537 5514 46573 
5649 1
35487 
9006 2
20520 86346 
7927 3
45256 73228 67583 
92 1
74500 
6692 1
87491 
7213 3
41074 24180 73332 
7779 1
39410 
3535 2
44345 42420 
6019 3
45323 12640 86978 
7588 1
53499 
7707 5
5199 14053 46821 45554 78957 
5323 1
18245 
1849 2
62378 13674 
3080 2
15641 30885 
6829 4
95003 19836 54113 17570 
6220 2
87941 89987 
5969 1
11845 
1211 2
54491 46439 
8679 1
77685 
6762 3
9109 75166 68966 
1866 2
15351 29902 
3278 1
60938 
6174 1
37723 
9256 1
88128 
6848 1
58390 
5726 1
97817 
3217 1
25915 
8754 1
51523 
9149 1
45793 
4835 3
30516 51309 11729 
5017 2
32148 86361 
8573 1
77974 
3629 1
91715 
6553 1
61716 
4220 2
18938 34642 
7945 1
4131 
9259 1
41614 
8740 3
34355 74400 25530 
6631 1
84350 
5273 1
31995 
2277 1
72179 
1779 1
15251 
3835 1
50215 
7370 1
18578 
