179
4569 1
46098 
6258 1
40969 
3426 2
39480 45326 
2902 1
33783 
5815 1
59451 
647 1
65905 
3972 2
73822 43008 
5421 2
62227 4581 
8732 3
40783 53963 28534 
6268 2
49686 19932 
5485 2
3912 34594 
627 2
46189 38725 
2267 1
45697 
7040 1
2731 
2860 1
40688 
1434 2
60086 24786 
6348 2
73848 6743 
3679 1
24024 
3991 1
27081 
7484 1
54317 
554 1
17011 
1011 1
72265 
1553 1
22395 
3889 1
48880 
1251 1
48547 
6316 1
74583 
9331 3
56129 38046 38568 
574 1
2202 
1255 1
51067 
4944 1
8462 
471 1
22221 
3799 1
71020 
1338 1
35699 
6232 1
67021 
7182 1
65306 
5568 1
49804 
4800 1
62548 
2636 1
14149 
5950 1
38690 
93 2
75482 11242 
3233 1
26315 
5987 1
45880 
7785 2
41247 37181 
6550 1
53191 
4978 1
4107 
532 2
13338 1917 
7610 2
54520 72566 
2117 1
24499 
7326 2
73815 63344 
174 1
58451 
3874 1
20692 
5299 1
10599 
1758 1
5370 
8452 3
24436 26636 725 
762 1
9940 
7402 1
10668 
7460 1
58280 
6008 2
70204 58840 
7825 2
7066 48436 
7522 2
63904 71737 
3014 1
14299 
3438 1
63963 
2214 1
44494 
319 2
24906 30949 
4133 1
70078 
1579 1
18476 
1112 1
15119 
4927 3
53119 44835 63312 
1779 1
5504 
4357 1
14662 
6485 1
66558 
3666 2
13189 25481 
3474 1
26538 
7428 1
17906 
4395 1
67826 
1715 1
34119 
9226 2
46636 58224 
2623 1
3095 
450 1
77009 
7025 1
28140 
5360 1
56592 
5902 1
8095 
7521 2
62236 20775 
2605 1
10117 
6574 1
30390 
4215 2
17984 59228 
4269 1
7983 
3126 1
60097 
6698 1
66901 
4184 1
21335 
5127 1
37220 
1824 1
33296 
4859 2
10036 59448 
6608 2
39430 16159 
6732 1
30402 
3703 1
75933 
7688 1
39846 
3200 1
51191 
6448 1
13982 
1421 1
10418 
7247 2
77125 38670 
352 1
23334 
8686 2
71064 13491 
6395 1
72042 
1893 1
136 
4391 2
11012 44370 
4151 1
41012 
6228 1
15458 
1458 1
68081 
774 1
44765 
394 1
57408 
7243 1
33439 
765 1
58506 
3859 1
49347 
4981 1
53995 
6670 2
67992 10822 
10678 2
38892 23855 
4797 1
47968 
3583 2
61233 57836 
3768 1
12093 
3050 1
31073 
7331 2
40884 7280 
4108 1
75740 
2447 1
62957 
2782 1
52675 
7189 2
9383 5223 
7722 2
74155 71598 
515 1
38944 
7449 1
32595 
5053 2
75850 13842 
7675 2
3060 35392 
4563 1
19907 
7276 2
4570 31231 
6333 2
30712 73077 
2923 2
3056 26651 
10824 3
8550 42170 20512 
6800 2
3834 1695 
7201 1
67542 
2406 1
73795 
4675 1
15744 
2041 1
14486 
3288 1
64729 
4262 1
33095 
3901 1
72317 
6394 1
67582 
526 1
47724 
881 1
35562 
7548 1
75062 
1898 1
61045 
3932 1
31006 
2481 1
24648 
5729 1
26248 
3367 1
17208 
4183 2
59031 13968 
473 1
3836 
2767 1
72675 
5007 1
14639 
3454 2
32166 57023 
3101 1
10660 
3827 1
16485 
5146 1
32388 
3903 1
32068 
6885 1
45284 
4057 1
51948 
5871 1
60824 
2022 2
17344 14182 
6226 1
59650 
3650 1
683 
12251 2
23246 59876 
5193 2
64581 37860 
4051 1
5146 
7466 2
51643 48930 
10331 3
16769 67239 58513 
6619 1
20995 
7591 1
57190 
3546 2
18990 76345 
1142 1
65580 
1295 1
58199 
6965 1
44438 
