113
5093 1
40848 
6671 1
54150 
8046 2
28375 123 
6119 3
29816 33292 34566 
4120 1
48491 
1956 1
52546 
2477 1
33949 
3389 1
47481 
6560 1
13029 
4781 1
7163 
7791 1
19997 
4294 1
28121 
2651 1
26333 
7925 2
17924 44791 
8042 1
28654 
6663 1
3138 
3822 2
20827 39527 
3606 3
6661 6044 20815 
2075 1
24956 
448 1
48294 
4468 3
29156 45505 26747 
5665 2
36067 39464 
7608 4
8169 54642 27648 6095 
7300 2
26742 40815 
3250 1
28481 
4403 1
24086 
6575 1
5699 
3208 1
53555 
5675 1
22304 
7155 1
34176 
1870 2
34994 24343 
5961 1
35035 
7843 1
51259 
7879 1
29464 
6953 1
47287 
5944 1
54115 
4549 2
53792 10144 
7332 2
24300 30891 
7960 5
13650 4395 35813 53237 33383 
1077 2
21566 16874 
5879 2
26928 23073 
6772 3
2416 12492 28581 
7849 1
32331 
4259 2
29307 42300 
1286 1
12651 
8007 1
10142 
1409 1
2111 
2046 1
53328 
3994 1
4355 
4714 2
55176 27949 
3231 2
24011 20232 
5586 1
10620 
1102 2
21577 28888 
4140 2
50627 52075 
592 1
17213 
6041 1
13161 
2786 1
31576 
4680 1
20607 
2545 1
36946 
7804 1
32846 
6012 1
14694 
2379 2
40230 48304 
2636 2
51316 43785 
7912 3
33607 18174 33271 
446 1
24356 
3223 1
41619 
3778 2
46565 30225 
669 1
35076 
396 1
21422 
4753 1
41425 
7780 2
14232 36577 
1364 1
45163 
3531 1
41319 
7829 1
8763 
4570 2
21854 16585 
3078 2
2795 12802 
3699 1
25808 
4613 1
44717 
35 1
37755 
1451 1
1985 
8009 1
50920 
1242 2
43018 16136 
6989 2
5538 25008 
4072 1
21190 
2901 1
15958 
3716 2
42325 30224 
7585 2
50131 8883 
2001 1
23531 
995 1
6872 
7142 3
35740 1022 1627 
6862 1
5294 
6720 3
15110 46813 37608 
824 1
7733 
1205 1
12784 
1416 1
8447 
997 1
17254 
7519 2
53833 39528 
2314 1
41453 
5444 1
14649 
1663 1
20254 
703 1
52437 
7390 2
9814 22757 
3960 2
5999 52339 
3648 3
3226 45700 54342 
4992 2
21798 52229 
977 1
53285 
3764 4
42023 8156 36345 53636 
7278 3
15675 15375 27982 
1385 2
46274 54448 
408 2
35426 32559 
7781 1
4358 
469 1
13018 
1892 1
38210 
