97
9485 7
64380 83281 45378 48593 71727 74088 39314 
7318 7
66067 59798 93584 94524 72224 7328 30192 
3374 5
43632 78832 36199 54805 37657 
8042 6
30482 1217 26308 1898 26307 78212 
11265 8
32867 88773 4942 83819 14200 54843 49242 63628 
94 7
47656 38058 28924 16235 34025 43335 87359 
3442 5
11395 7630 97800 44874 6636 
7793 9
23354 7324 26596 51721 5357 1427 27855 40501 52233 
7309 8
83103 24952 54762 63857 47340 53547 82087 30187 
9454 6
97564 2537 98830 14148 92991 82426 
2503 8
65102 92386 21822 4077 5925 36068 44910 98862 
1426 7
13640 82680 89196 95005 28899 8429 42019 
566 6
43496 52158 55648 38209 4180 96614 
5148 8
62525 97976 47625 3601 13235 50877 49081 44263 
2257 7
31728 36138 48962 56135 11654 11 31164 
9777 8
55649 61718 17017 19712 79830 16969 12878 75691 
9778 6
63595 1874 41406 15949 28157 22091 
624 7
17222 32876 12679 1275 75697 46691 86937 
7140 7
40835 56188 90871 95808 34324 45025 76948 
396 8
10816 7182 86362 36113 46703 1238 20076 22006 
6446 8
35195 34825 81603 2623 61650 73118 15017 7051 
2475 5
43333 5077 9812 98897 13162 
526 6
38803 60970 26526 73611 81861 33695 
6696 5
61949 32914 8934 11139 56957 
9226 8
10486 3393 95178 88660 80263 89759 60763 29603 
7133 5
75907 60030 8136 23736 93697 
2122 6
34372 73403 69836 2866 54812 9029 
2004 7
52480 66035 95502 16753 51506 9445 7534 
377 7
29400 69158 32273 95801 62039 21045 16155 
652 5
25552 91112 9758 40636 51661 
9738 7
7687 78830 38819 11637 25824 50201 19429 
2194 6
79950 67911 22833 61278 79040 11618 
4412 6
97731 49537 67182 73986 15193 76685 
202 6
7028 46549 25954 97544 79079 36626 
2297 8
88231 92309 6564 7352 48192 32466 59003 42756 
3209 5
70232 48000 7446 64168 86718 
100 7
22096 77035 11955 24795 65122 16470 28381 
718 7
3355 18882 60852 15628 4638 28971 11288 
5516 6
17502 38573 80776 96550 77246 85685 
1347 6
42525 73372 18427 21782 98029 69831 
282 6
42290 19746 98435 56700 73555 72650 
7200 8
21137 47499 32827 61009 18196 98050 30835 4176 
237 5
24982 62536 72545 70279 93470 
10054 7
77757 64706 83450 77215 16903 72945 63709 
10617 7
86839 34599 44990 40322 38345 86155 94472 
2387 6
10758 5717 90870 25654 64206 20863 
8946 9
86085 81745 80136 55585 24877 60510 86868 42868 81383 
452 6
21410 52925 72235 71803 40066 19786 
4508 8
56292 5917 63419 80044 58213 82297 35212 39212 
3062 7
6147 55268 84955 77206 63973 13614 77973 
461 5
78621 13932 44165 4002 58730 
1374 5
28258 70104 60823 50636 55049 
2745 6
29881 44176 92517 61690 3513 97310 
2595 5
64429 37388 90096 49592 40862 
9173 7
18757 53122 67981 28491 41692 22732 65627 
632 6
59784 6562 73732 7741 43140 71336 
265 4
57102 35323 66980 48732 
7880 6
15484 20740 40677 61396 60016 64729 
6640 6
34086 3604 65919 23570 17414 61392 
506 7
20072 81053 65394 10704 70816 47438 14622 
4936 6
2087 58482 58281 20462 88924 29021 
2301 7
20711 36287 51724 83705 64124 90935 58470 
188 7
41042 87230 63043 85836 65596 15818 74645 
4585 7
60475 44235 58811 56447 22099 72683 69574 
8755 6
98195 40924 28588 86518 75621 89297 
54 6
96599 55886 261 28622 86356 6514 
1125 7
68647 82813 86710 28122 2172 61289 78124 
7865 7
4611 62616 65340 60918 78989 70855 84168 
8340 6
15549 2645 54523 30487 77755 21562 
7044 5
69735 44160 95238 95764 9257 
10350 7
25029 3472 50226 95869 27556 61487 61793 
3027 6
46607 23032 88196 46282 76335 11241 
7087 8
31419 53448 94667 42317 50569 7118 3643 72694 
9683 6
35553 19570 58218 57092 1049 29068 
6086 6
79057 82623 52860 25851 44547 62341 
6836 7
25883 98084 69416 66201 56659 13218 23904 
106 8
61283 62835 81165 88201 23836 55706 7265 6381 
6427 6
45579 85156 4417 11072 78979 34251 
9799 6
43432 99905 71026 32931 51659 24570 
939 5
84580 4214 19630 16114 99335 
8568 6
74215 83556 50043 31237 95540 31982 
2736 5
69548 79024 5680 41391 80650 
770 6
40972 83905 98617 31335 89556 96569 
6600 5
55489 38539 58946 53743 3264 
8059 8
67604 7277 91441 3422 32828 12563 53663 65961 
7139 7
81196 99081 31986 22115 49804 27259 52490 
1496 7
41945 52727 1423 42632 7368 69540 68275 
3000 7
8267 90141 65661 81670 16755 47185 53532 
134 5
67084 45457 97031 33163 29890 
48 6
11975 59725 28904 7543 78971 62080 
6536 6
13781 23940 41653 12318 85714 99385 
10410 6
40571 28642 90498 85508 15499 33088 
10455 6
78146 40347 10446 30176 39208 87711 
1303 8
64409 18935 21195 72288 36582 39164 59189 85288 
659 6
1276 71671 85053 61801 92775 65087 
522 4
18367 56391 49174 66376 
4092 7
50983 17495 25367 52657 67184 75841 60234 
