143
4263 1
28504 
5952 1
61820 
3076 3
41656 75767 15744 
6101 2
27678 20555 
169 1
26167 
5553 5
61714 5867 61082 68802 16006 
3968 3
63372 4044 78471 
2153 1
38701 
3388 1
2785 
5048 3
13664 48143 7842 
3473 2
41128 15678 
5567 3
15792 36388 26923 
1941 1
53652 
5348 2
44732 10586 
4716 4
51453 49704 67048 78919 
5572 3
24202 54908 38105 
5495 2
13782 63946 
5352 1
1550 
3349 2
9678 16870 
639 1
49945 
4778 2
18430 71972 
3967 1
18429 
1966 1
5237 
3581 1
36538 
3172 2
40078 17545 
2668 2
41608 19458 
1444 1
64712 
63 2
6228 46798 
4914 2
68505 58117 
2480 2
42841 78892 
2986 2
37959 17390 
5438 2
23290 41203 
2939 1
43049 
3258 3
40087 13687 23028 
4795 1
45785 
2796 1
62903 
2912 4
50420 40240 15808 11373 
624 5
18699 26397 73709 20368 72193 
6144 2
27829 60709 
1028 1
949 
5734 1
48209 
2076 3
56114 66683 69013 
6253 2
4097 20848 
4734 3
49311 53542 10443 
4911 1
29216 
6159 1
49913 
1032 2
33703 28129 
5867 2
6389 65953 
2182 3
27714 56723 33351 
3056 2
38182 48575 
3058 1
34326 
5332 2
60313 42067 
3880 2
75702 15995 
5435 1
76660 
610 1
22678 
3381 1
70025 
4900 1
24444 
2364 2
19530 78258 
4824 1
50117 
5167 3
18570 29662 5460 
6209 1
78056 
6000 2
62402 78292 
3983 2
74372 57825 
4241 1
47576 
3225 2
1203 77169 
1657 1
75829 
5736 1
68249 
2116 1
39900 
1709 2
35974 28472 
2515 1
66233 
4051 1
61931 
5272 1
77298 
2315 2
65245 13322 
2643 2
38382 72416 
4697 2
23308 71325 
4328 5
57461 14820 55475 13252 42573 
2329 1
41367 
2183 3
55173 32059 32462 
2855 3
33586 32922 62747 
4342 3
19155 24894 69798 
4246 3
25562 28088 20111 
3384 3
13526 53000 24421 
5700 1
48141 
4700 1
50290 
5721 2
1364 5818 
5568 4
76599 13694 71419 35819 
473 2
47438 71727 
2951 2
59109 35344 
5119 1
65551 
4119 1
70820 
4038 1
56697 
5047 2
36353 61859 
4131 1
75474 
6201 2
59070 2818 
6010 3
40990 65387 29709 
5691 4
15646 28253 64647 47031 
2394 1
30059 
5316 1
68123 
3021 1
3128 
4941 1
7782 
3852 1
17206 
4922 1
24802 
710 1
55873 
3920 2
21984 70061 
2318 1
33054 
126 1
55623 
4085 1
69816 
4701 1
32982 
2102 1
65935 
3689 1
75376 
5109 1
19382 
1366 1
33275 
6173 2
9383 45680 
3558 4
74247 63260 31029 69561 
6196 4
36725 39156 39106 35402 
5486 2
45019 14406 
2738 3
60209 71388 76378 
5978 1
17616 
1312 4
43010 3311 21982 50439 
5364 2
52982 26917 
1357 2
13632 39504 
2143 2
40933 60352 
3053 2
68704 5520 
1262 3
70125 2124 43252 
290 1
35027 
365 1
9275 
314 1
38841 
1402 1
35779 
781 2
27482 26753 
4760 1
19359 
3845 1
55008 
5588 5
68433 15793 25461 24433 15635 
1170 2
31431 55760 
5006 1
2976 
3448 2
71294 76339 
6047 2
27737 55893 
491 2
45190 69276 
1407 1
30309 
468 2
27436 54668 
574 2
74742 74984 
1502 1
77183 
3097 1
75667 
3779 3
50020 46669 40808 
