137
360 2
47423 92556 
419 4
99593 56024 27087 47101 
5671 4
42037 649 40510 10524 
758 2
44415 40693 
5108 3
73247 78492 44363 
3496 3
38876 48568 66740 
4901 3
20383 63179 97632 
842 2
68471 42642 
115 3
82049 99732 82897 
5246 5
57669 20150 42466 24711 57128 
686 2
89327 97360 
3638 4
17834 6123 56710 24465 
2162 2
26780 85615 
2368 2
33508 90198 
418 2
73350 29235 
1373 3
72974 38710 85702 
1973 2
50393 54318 
4354 3
18298 99481 42340 
3312 3
57541 17906 73493 
1293 1
75312 
3352 2
88213 87137 
839 2
67836 8584 
1887 2
69916 66884 
1755 2
78163 49856 
3730 2
34921 10129 
2684 2
83147 77373 
4390 3
43042 94566 46811 
3053 2
16673 53817 
258 2
42389 60799 
4710 3
59334 80622 77871 
3926 4
10496 75281 78272 33401 
1274 1
94034 
1940 3
1241 37000 92680 
3348 2
26549 99786 
3077 2
54848 6769 
3492 2
48959 49072 
831 2
26283 11423 
4890 3
3645 67467 89431 
5309 5
74136 10729 10687 65638 36919 
1380 3
71604 56667 93711 
2529 3
29557 59460 49387 
415 2
89726 26629 
4310 2
85595 53772 
778 2
64356 49084 
1847 2
5250 32168 
2750 2
89309 44846 
2988 3
11521 39349 23307 
1257 3
33898 14613 90703 
3485 3
91653 68602 27275 
2536 4
32929 31676 90776 31847 
3567 3
77847 94076 94235 
2168 3
80200 12971 72985 
4454 4
36224 92792 97027 82082 
3116 2
13948 72819 
4843 5
96214 28660 62876 90524 49742 
2351 3
75177 1908 68768 
2376 2
46883 49162 
1734 2
23100 60808 
5539 4
71721 51557 87790 37773 
2909 2
41887 67958 
3347 3
1619 36773 64069 
5744 4
73284 63094 65980 11059 
5388 4
11657 34836 31347 31490 
1357 2
57539 3614 
843 3
19193 14440 66558 
3239 3
20058 5954 76308 
4314 2
11462 30922 
4316 3
27177 47438 11417 
2082 3
3659 85707 71310 
1765 3
49577 20647 65448 
2952 2
61084 46271 
3227 2
11878 36363 
2036 3
82987 99447 39597 
2955 2
59008 35093 
3695 4
95890 24188 55247 3412 
2131 2
52984 2934 
5372 4
76749 45982 72386 2502 
199 2
4702 98884 
2223 2
6006 69527 
1524 2
3342 47761 
1429 3
75032 16100 64401 
4527 3
31464 82148 2529 
4070 4
94426 32227 35869 41904 
2723 2
38719 673 
1145 2
79095 70738 
635 4
55236 19792 42173 20076 
3647 3
69935 85719 39199 
5303 4
73191 58339 76878 72368 
3325 3
20514 58945 96741 
2551 3
75996 9625 79268 
1994 2
54430 88376 
4431 3
27380 73568 55276 
5748 3
85774 93275 63337 
4347 5
42684 67621 34705 12037 41468 
2726 2
51534 20093 
2788 3
47899 86910 6427 
2019 2
36957 33097 
2290 4
90248 46019 25712 50491 
4394 4
82426 26009 26492 72642 
3472 5
67449 51168 77170 78254 32068 
1020 3
58991 58244 47036 
2245 3
15481 99180 12543 
741 2
95973 88547 
1008 2
26546 52375 
2103 3
91831 61078 25426 
3861 3
84248 20782 1355 
1329 2
54615 70449 
3734 3
9418 45897 140 
4542 3
26169 32925 36682 
1338 2
32446 70292 
2523 2
12318 79261 
1802 2
37045 3693 
4681 2
4970 18615 
4956 3
4929 7504 24909 
552 2
37307 2973 
3453 3
60201 57738 75562 
2313 2
28526 49975 
2371 3
8898 56523 58793 
30 2
74706 95628 
1389 2
79710 91034 
1184 3
15862 91001 86334 
3038 2
28631 24647 
2283 1
36034 
2815 3
18241 72299 52987 
4040 3
36795 42914 91098 
3293 3
86928 97750 26429 
97 2
45231 56684 
1892 2
89887 41565 
1834 2
94029 45420 
27 2
87007 95760 
1710 2
72563 75749 
1105 2
99605 15465 
253 2
94636 13657 
3696 3
15984 53102 38137 
1693 2
71413 61424 
1262 2
23002 51698 
1774 2
74619 6304 
