85
117 9
38026 53711 45147 7508 50186 14386 13624 67195 81452 
3498 8
98998 18759 1324 39682 62865 82421 14738 11427 
799 10
80084 83066 33927 84933 60646 78551 36339 48799 33450 3121 
4417 10
55444 99881 61585 31471 47853 10322 73220 17536 62656 59090 
3663 9
56423 12415 31989 63344 41986 98938 31636 56882 15083 
888 11
24776 22205 76466 98386 60672 48746 72768 31633 8770 81715 94337 
570 6
82674 55109 37268 83321 94078 68525 
3248 7
5489 63993 75613 53535 8906 32805 8070 
4393 9
59495 89091 15823 45156 55125 3212 23170 50592 45752 
1401 7
9822 17263 83892 11443 5778 65771 51514 
3742 8
21917 22002 67140 86701 7784 26946 42476 90915 
2806 9
37742 94229 12570 9293 86714 19780 61183 44902 71028 
3842 8
40821 72666 69670 5785 44104 93817 48915 79478 
2970 9
28241 15902 45441 80404 11464 67733 76116 78782 83781 
2418 9
10183 9182 66686 29277 55674 20155 72877 62204 6779 
1910 15
99693 48874 79600 87695 34855 87375 71184 25343 86868 93471 33470 15021 49271 95079 47293 
1049 7
41698 14598 80297 74053 21200 14837 70515 
304 7
50665 77947 87864 58978 344 28977 21746 
120 7
15639 68850 36893 49953 97675 5448 8418 
1481 9
86548 69834 56215 91346 887 57878 70762 52135 68181 
2125 8
63049 26877 85998 37383 83929 83139 48637 50823 
449 7
49869 87400 14734 20939 5972 55872 96990 
431 6
4453 28492 60562 94847 5295 90738 
741 7
16585 90095 76685 73937 97241 60208 80044 
2616 7
92008 13441 59740 99366 13582 9251 7329 
337 8
87258 71779 2905 80554 91374 24173 53444 4963 
5209 14
23539 72744 83232 30111 76159 95737 83014 99425 80883 51129 11029 85053 32261 11305 
3527 8
9381 33241 35129 56051 13706 55206 27458 10656 
4050 8
78316 39197 12609 28711 83412 74648 67677 72311 
1645 12
10523 67134 56108 18442 96318 39851 90914 25824 82522 4374 42044 46129 
4099 15
92190 49651 41082 7970 23707 71309 33249 83475 20318 57429 17962 85550 70047 15585 59382 
4591 8
21659 30247 81249 87396 96564 48869 53284 26856 
3046 7
30014 9554 93356 9886 56336 54576 52819 
4118 10
5316 90157 13890 17834 41342 25548 78248 47237 86074 82919 
3689 8
21610 57291 41756 36721 42926 3654 24586 86697 
2736 7
44095 93964 76426 21224 7465 47549 28141 
2149 12
43081 50627 97032 99109 64631 32489 22259 6428 78881 38443 70166 10166 
5198 10
41534 55042 83009 93548 69297 99754 42697 17149 25786 28310 
1340 8
7237 80646 55131 90072 32772 88769 61241 83586 
2383 9
33145 12147 74769 37438 80293 51239 96766 75240 37006 
2908 11
99563 41843 16058 49298 44639 28240 39144 25848 5612 30676 38105 
1543 11
17237 29228 90963 82806 82878 98432 83773 61136 35979 55259 63621 
1752 8
45657 91205 79859 4643 19063 17326 12462 98891 
110 9
34620 4295 77002 33570 95485 25433 53123 53279 331 
3708 14
71211 52823 91235 9476 65881 41745 74893 77408 31990 14821 25593 32904 87137 13591 
3228 11
48998 69668 12137 11816 99104 66179 1950 45114 39899 71161 30205 
1601 8
80590 55429 91209 30271 72796 48257 41061 65827 
1801 10
25240 35418 67835 64774 9618 1199 96939 97746 93892 33292 
1956 9
20665 32837 72631 19052 45416 58361 56840 96475 23436 
4153 13
40079 1257 69615 680 99303 69049 20383 18413 76618 25534 62951 27296 6709 
2026 7
72705 65721 87184 96095 50905 54730 49137 
377 7
30941 72935 96105 38217 85386 85034 86275 
846 9
572 63845 48498 46511 32720 27290 69596 79777 59546 
2353 7
72619 92445 34811 47706 96727 95041 60988 
2801 7
87033 49746 73276 33034 96187 36041 56131 
125 6
59419 63166 38299 54706 2100 77872 
1092 7
78724 35729 8711 63814 48389 59086 87923 
1094 8
59050 33402 1658 62779 73703 51270 96559 23747 
1685 8
17551 58292 45070 49724 38571 96433 50008 69492 
3352 10
37367 59225 86778 24965 26598 68451 9096 64749 130 62119 
1923 9
83251 20948 91373 71313 50353 23294 11665 85407 39990 
729 8
68207 23632 31960 47887 4684 98148 33489 71610 
5250 10
11741 55595 9630 99689 72215 20107 702 98614 62417 95081 
2922 10
39624 46359 94925 84119 55126 3873 32922 3043 98777 37473 
2094 11
62036 6671 16738 49376 46895 88313 29093 78770 87532 86838 31414 
4654 10
59332 73210 45777 32396 8726 77432 411 87374 29375 96951 
3568 12
50379 81806 68652 78829 6031 35937 39093 44837 80577 56074 24451 70695 
3035 8
75966 86486 55311 68846 39482 8326 42325 78573 
4727 9
96489 3209 95731 67645 79604 72188 13850 59147 7210 
1186 13
14078 68718 18672 37590 87961 47155 20415 26361 45876 13859 16244 54761 12515 
1119 8
20185 43369 14607 73954 42330 25765 62428 16068 
1872 9
26238 78863 81771 19108 82437 43980 34829 29858 11823 
999 7
52843 17350 21072 28802 21832 40218 83837 
111 7
67654 99974 26101 97861 24774 87047 56590 
1277 8
97095 53115 31080 90115 27019 39832 71304 84696 
5543 9
83878 12413 39763 91658 30294 96206 84188 59866 37922 
5177 8
35772 41631 90410 22087 729 46559 47397 68580 
3285 8
75608 1380 59771 37979 75841 11662 69071 58004 
225 10
36316 99064 16104 25980 39441 27061 43584 91991 96567 12793 
4932 11
15152 61722 87376 2150 32463 95799 58032 74643 61285 190 16289 
2324 7
34014 24167 62033 71586 43573 7738 71013 
2156 7
74412 11640 25392 23016 94774 45267 39130 
301 9
67222 38561 32975 86704 81659 97691 46997 31551 83304 
1716 8
60801 62555 31805 62220 357 99727 18485 87990 
1646 7
69232 44329 52771 59322 54312 7864 36351 
