129
4617 5
34968 91702 27490 34273 71250 
716 3
2765 26312 7270 
2962 5
94936 9017 86180 64669 4683 
1795 4
702 31771 84649 69623 
1109 5
5090 20814 11842 25089 80702 
5145 4
30161 69644 64892 78126 
4262 6
50285 92725 85760 41061 59948 4660 
4389 4
31197 41619 54632 7980 
331 7
70932 91127 18674 82214 27356 60784 51084 
3083 4
37461 2920 67681 2635 
1723 5
38766 77812 77404 55919 81223 
2217 5
10916 51882 31054 68833 85962 
267 4
87089 79132 70631 19805 
2152 5
89131 21750 12016 36010 19653 
3701 7
66007 78811 83268 36857 3316 4762 61016 
976 7
36485 96799 64482 63889 77090 3343 72459 
2064 3
92699 73876 12879 
884 6
55242 96978 92817 69147 86598 14579 
463 6
12010 97563 9842 21738 83753 84752 
558 7
3692 33741 24553 35652 92790 35164 71124 
4857 5
57626 76911 87845 99120 31208 
4149 5
20402 17721 52464 98095 76073 
4360 6
48097 19559 24683 56191 32808 74407 
2265 4
5858 79756 68563 9644 
1181 6
22039 37902 77997 37634 47677 1487 
2501 6
17436 5986 16347 27124 16931 97342 
2419 5
30040 53118 3019 70486 12459 
2528 6
95525 62514 60847 78308 62154 77409 
1221 4
38124 80902 22638 48846 
2565 5
69974 39185 70973 69947 4900 
4535 6
21141 27200 98535 75965 46649 94002 
5313 6
8263 79423 18444 91557 30616 12192 
2182 3
50288 9744 36438 
3830 5
32392 93914 87732 76208 27247 
4569 8
24463 93351 37795 3655 35981 52834 63494 87030 
4314 7
47431 84186 22458 61079 9448 36094 70504 
4453 5
36408 94285 18434 4734 27347 
4798 7
17631 82964 22178 23038 95190 47361 41133 
1045 3
89428 52710 17565 
660 8
16999 69556 88844 87258 64752 35265 62717 60688 
94 3
2384 58006 19142 
1211 8
75157 81110 63894 80906 14477 37527 6549 73955 
3227 5
35255 35529 97080 89774 82042 
914 4
45071 19526 22987 81457 
3222 5
20571 54056 19663 25247 88839 
3948 4
98452 43714 44092 76406 
343 5
40614 52864 60598 79510 18158 
1214 6
68800 601 34764 46168 52614 29135 
1882 5
6704 66477 64314 89894 98419 
2868 4
72606 540 12640 8818 
1934 6
81871 78113 49409 62595 88094 69920 
2902 7
69188 20625 76828 27362 63343 1220 49921 
2688 6
774 52753 23948 50208 97494 2431 
628 3
19830 1178 60740 
2632 4
26477 3383 85978 5411 
1928 6
13575 7769 59716 9081 94790 82318 
1940 5
63618 96144 98947 32430 73280 
2567 8
45366 22106 85601 82838 29572 31082 18322 31785 
313 4
48710 81295 25833 62899 
1831 3
8380 93725 77352 
4724 5
50353 86394 87183 42207 3465 
4232 4
38022 32822 7323 23443 
1387 6
33964 58434 68337 3434 7848 15386 
1433 4
54678 68509 29419 70439 
1606 4
41588 39737 26768 63048 
3589 7
43022 2125 56997 17502 34692 57404 59771 
2747 8
6119 29852 78835 24508 20207 77116 68214 26168 
1609 4
76168 28149 50356 94276 
1403 5
42178 14175 68799 22048 28122 
1520 4
48199 66402 17576 28528 
2500 4
15436 74845 45030 53877 
305 3
99264 34750 43180 
1238 5
57059 36132 20271 42952 31906 
3122 7
9892 71813 55173 98151 54273 82730 75134 
5192 6
5744 49981 71449 2248 71799 37368 
1352 7
26117 61473 60262 37763 19689 47020 60967 
2640 5
70622 75942 71864 58555 24864 
1708 4
8903 92062 20177 83564 
4635 4
48026 1810 11079 4976 
2857 4
31402 71603 493 96283 
1305 5
25761 71905 1336 71672 42278 
1956 3
66050 90079 46513 
4856 7
54802 97978 22478 17053 46794 23868 52876 
3982 4
35990 65569 56585 67415 
954 7
30212 2503 57102 79159 34880 52113 10762 
1596 4
53563 19415 81122 17861 
1298 6
44694 52948 39831 50081 5785 56210 
1425 4
70112 38534 91040 8019 
616 5
18087 11628 32048 74922 309 
1110 6
13939 28460 3515 35696 17405 59178 
2062 3
82355 65740 99458 
2471 3
95134 32747 98112 
3139 7
53845 8578 51906 61732 83692 55309 3924 
5220 5
59034 34871 22564 19105 29645 
2304 4
62501 3568 9048 98420 
2571 6
10398 46674 97825 32237 38393 68373 
1407 6
23554 96151 89981 34668 44312 56178 
4113 5
42721 10896 23312 75793 42600 
1537 4
82405 89317 47858 9041 
2123 5
16671 48203 84261 45758 39952 
2865 6
66321 794 90606 58035 93272 13567 
851 6
85291 6183 80696 28057 91961 37758 
2872 4
54569 88626 26345 57826 
1222 6
93610 62782 64406 81079 51285 22757 
1500 5
91084 15278 18652 54261 77083 
803 4
48842 31566 94078 87547 
392 5
13341 6712 84079 47305 48957 
534 6
39189 24672 58360 96479 86216 72109 
1785 5
79604 64495 93362 80141 13899 
3420 9
18024 12885 3635 92824 86108 93100 25346 7359 87024 
2413 6
72355 99481 78518 87627 52888 58243 
960 3
42408 20742 16160 
4031 5
11455 80042 46975 59159 10464 
5183 5
93280 22388 21311 38221 87633 
2214 3
72455 20269 20257 
2099 3
74526 39081 96952 
1986 6
52910 73229 49238 31885 11560 19725 
4343 5
2241 8351 21095 86903 53670 
4156 8
79498 67554 89487 7763 69714 58584 34458 10687 
2690 4
66370 38814 63038 43490 
1853 5
66691 48720 96602 37943 36831 
1266 5
41852 82860 5166 12765 24325 
89 6
22592 45221 26826 98472 71482 44689 
4067 4
78246 51582 52355 9591 
1850 4
33664 83928 635 53132 
844 3
36615 76264 6343 
1314 6
30795 63683 67900 7234 76294 83783 
384 3
43564 69719 95185 
2372 10
54883 75941 55328 56645 76234 33806 93281 71043 28309 96509 
