325
3286 25
19243 61372 34969 2282 73041 26653 69257 59866 7072 94881 89640 46564 98640 54538 44112 45145 96812 41157 90753 24219 70108 42681 69228 33318 23166 
699 24
70906 77580 71490 3857 60313 51120 30188 61970 21441 41509 89808 93229 94322 83990 57887 50312 32914 77081 82206 85062 99995 9314 77222 87129 
4266 25
85153 45340 42411 65669 87744 19376 68125 11401 75006 84362 71268 52307 6390 57532 59163 34104 41403 21248 41589 14621 78682 17941 14666 12601 54859 
550 24
71504 13079 32143 20398 43828 94195 91814 91486 87236 22310 2064 42742 18568 62944 31527 16595 62910 9061 37909 58837 43246 72886 44116 35958 
5622 25
29056 44828 15893 12130 79786 50987 57446 56392 15735 98556 85804 73158 24520 28418 42030 89587 30940 43728 87574 99063 17545 40250 88126 6755 7718 
4419 25
33831 3517 96738 81650 80511 60955 68861 83264 22303 2498 80980 72391 22758 26646 22354 61576 18235 28304 67175 86385 48556 64666 18816 24043 48149 
1778 25
17517 83325 25976 26539 93958 7909 35105 13379 73124 32051 95336 6100 84081 67683 99454 87920 41744 71642 35819 48146 41040 95608 3080 18496 54271 
1558 24
51172 85898 32891 11228 13918 47030 33914 10458 59649 14027 73642 42433 28126 9475 37486 84091 82776 97612 74455 40969 83032 78967 1775 12498 
1822 25
23031 91176 70886 22215 83347 9542 1861 97395 81783 10644 68475 38852 49009 66979 15818 43310 15160 30291 26208 52110 13765 61628 66153 78544 49122 
4973 25
37056 10397 50787 30943 85436 78283 47818 24150 58797 783 66351 10409 16724 91784 54626 30270 45560 47661 12082 3230 79784 33111 86625 76222 98069 
1120 24
88856 24776 24661 37774 37041 3386 88700 11375 39005 50795 24419 82227 65363 15215 1642 83370 32630 78775 10936 90323 78264 29494 3500 23197 
4200 25
55595 22042 57038 82538 27176 51787 88931 47633 10343 98094 52362 59227 56125 85520 12188 87105 35426 85936 56335 51044 55460 4587 11695 98170 67927 
3810 25
26070 10335 31971 62803 41329 66294 87579 6796 19846 50575 69922 28755 26209 67051 85879 11783 2826 42686 18650 65036 91614 29805 95379 44736 46825 
994 24
39071 30277 44270 24309 25191 50671 29002 55929 55500 93852 86220 17799 66132 18928 81073 94880 45207 28150 91146 22204 83214 59851 39941 14060 
1095 24
42200 84133 2044 52941 72377 56665 97666 95693 71266 79246 42480 34435 41340 14751 17731 51310 74589 88887 25498 74812 13633 90208 211 65852 
4119 25
42706 52340 80003 88156 85643 98338 14520 63261 51258 46237 97926 39440 3075 7989 30293 29351 24546 53392 94372 12337 10930 7625 28964 65098 59074 
2519 25
53525 16891 98476 81536 9511 28549 29569 68538 34581 20062 72405 48426 36202 66159 89980 48429 85315 50236 18812 33554 65608 78462 29883 30904 48976 
5666 25
54455 1424 9737 30113 99421 93220 69939 33847 90120 37393 36701 2460 95924 45319 22349 98010 35769 70665 90849 32179 31820 94441 51730 36623 56057 
2937 25
53495 46433 81744 72081 68635 13476 84836 7628 29339 18218 97797 88745 24139 99519 13714 40495 18453 43034 67609 11619 29242 8468 18871 70592 15712 
2810 25
89337 7185 41153 23820 5428 15969 83272 67995 46185 45034 88476 75617 35764 57110 31783 25694 35233 20808 27499 45882 95627 61540 58337 6961 24521 
5014 25
9736 98508 17923 41781 15263 82623 81600 41217 89145 57701 30217 46090 93964 58285 43641 27615 94302 53006 82001 18434 41036 43151 11412 95412 55469 
1202 24
37422 87218 56690 41916 86750 48514 3460 87279 42817 78683 70594 59296 18514 68336 90578 62991 84567 37019 29198 10944 83053 83433 82845 13596 
1210 25
65611 95653 89528 71216 3604 19796 57463 73865 53591 51133 76431 71509 17166 24817 35553 28636 58566 96651 46787 17322 91647 62310 33424 88533 87040 
2161 25
34054 44821 86372 47939 42145 17428 859 1122 98466 84527 7354 80781 21770 18556 69405 84149 13760 55539 7118 64448 43848 88203 96572 27216 45245 
5643 25
25739 31839 24195 56947 29439 79485 17672 57050 24569 20586 74517 51709 91063 59569 30176 48583 32190 88921 20111 28619 93519 69429 15433 49396 61575 
3402 25
6569 80815 92795 57416 54901 15214 90243 1809 78020 57172 54098 37318 94685 9089 9102 60624 16785 83151 60887 13078 81585 61503 60837 36602 74998 
2691 25
78110 86253 93733 72887 9040 40600 30415 355 4767 94278 16062 92863 97788 63722 79806 2912 12288 90958 77300 92117 34889 4438 55920 95532 84964 
273 25
43746 33553 93843 74104 32063 76082 67406 49153 12017 42793 16615 51476 73825 81644 42133 88257 24894 42131 6825 57074 16603 64043 53413 39190 90888 
5565 25
27982 22222 77912 45827 64520 31342 81542 54848 16413 75494 34515 10414 68261 19105 76725 96381 67534 53783 74968 87743 27717 51565 49795 56040 93034 
240 25
59393 79707 28497 10741 41586 67460 1252 23350 50244 35852 70801 56912 83998 9871 76602 638 20571 64591 47709 73055 24955 97647 15520 88839 96667 
203 26
47902 84500 57183 65366 70447 44095 95325 22150 77719 65037 80418 57608 27930 55071 71152 13364 87629 24791 36178 39242 45498 22182 16758 98309 73659 44374 
800 25
61648 78180 44997 8535 37941 16387 29830 39463 38937 58584 14378 85595 98844 63927 66708 21619 30915 88959 35121 80482 51402 96567 91686 90239 88115 
1858 25
42586 93179 33435 14409 75094 8121 64074 85978 82120 56812 16982 73108 15756 70434 19805 91102 44870 63756 1841 8618 76623 46412 99953 31786 85877 
523 24
81303 59413 59121 40584 5664 72218 42529 68842 69889 94305 92637 1379 78499 28440 44474 37407 25008 68830 59153 61881 78855 25421 13804 66585 
3242 25
24719 795 83289 54938 91501 79760 76669 40564 83983 21508 78096 33069 7282 2241 61211 33274 81743 37298 30951 48560 36808 55688 28768 73229 2357 
1812 25
90353 79411 80745 84730 4717 5283 50035 34275 10174 9313 12983 92568 6913 19985 65275 83412 69834 3582 22281 1650 60191 84674 10319 70967 20453 
504 24
76353 14200 74258 58190 53441 83593 66572 38220 43973 26094 85780 23740 86798 16883 39875 91084 10010 63419 376 35238 7586 82939 73233 29505 
1337 24
9137 95857 89907 84849 72173 64012 83846 91879 60835 38514 59969 38673 74537 81349 69490 51795 53613 44079 69620 64198 26674 1606 8363 6590 
1577 25
48938 91697 52517 16143 49348 32773 35468 34103 59198 32637 53499 43931 16624 87473 92684 88386 31061 27339 36298 25047 92562 32522 86801 96992 5618 
1953 25
66706 13060 49962 35242 4279 67057 79336 61688 54748 60406 87898 37153 83372 85004 85692 22607 57305 24402 112 66528 25343 22996 65051 42575 66977 
1208 25
37799 15390 40086 30956 2817 36287 12550 57158 92987 46012 70282 31741 89776 11692 59065 58194 90736 7002 42991 42327 45181 41369 72318 86150 84906 
565 25
68826 79900 54034 82988 73650 71434 55161 95317 33323 751 21896 33848 59606 8697 76924 87959 6426 41313 66007 58914 35798 90496 95974 74760 52944 
901 25
80102 22165 36063 478 43312 77508 158 73835 30920 10969 99386 46757 51157 79149 65954 36414 18733 15920 33999 56069 55790 42764 10999 7699 44555 
2392 25
99451 55233 98855 77812 96510 3832 94790 60777 96346 34778 57739 27897 68665 50862 50760 51018 57604 10039 9514 29777 42948 86708 40603 6920 33971 
3563 25
70806 79210 46812 79084 3553 15293 33181 81846 31554 33567 55167 63154 59003 28707 24316 47134 89189 45617 97945 18714 39108 39142 41873 70299 36082 
5632 25
32477 43949 15402 58313 60387 8213 46221 73461 7674 3457 20328 68417 15310 43684 32883 45733 51027 30727 35542 26548 55573 26940 37521 39146 48619 
4485 25
61721 14864 98950 2550 4230 32369 94001 7160 91200 95852 52238 75039 51907 26182 89879 5797 20933 82427 37889 78950 16584 82898 11923 44150 76354 
2280 25
75171 6521 60066 58488 81844 34498 28183 79338 14026 2286 90121 13982 43770 18868 73065 73128 50203 43483 63784 3504 36886 13335 32225 58152 49554 
4519 25
76382 26514 41487 54051 67540 8610 60554 59432 35502 17210 27333 59233 94964 3069 79845 67166 13946 36990 75016 72864 21707 93266 13967 93641 35834 
3670 25
40682 9791 63732 20262 17107 10209 24585 90959 60673 9169 87241 83025 54658 28323 996 84069 83118 65475 7467 53854 80860 29967 64208 24057 89520 
503 25
18232 92040 38572 50404 16703 40961 37902 58646 9503 43538 10480 90576 9533 91828 42272 65015 44294 12701 72001 33924 66527 70262 68901 44482 84367 
1852 25
77916 28945 21505 48897 61052 74861 1657 72210 48000 32872 83422 67237 49466 69636 38786 83750 78489 48992 25807 64067 85615 45312 48057 65892 54788 
1856 25
91312 90931 46763 33261 35841 81546 43187 91132 81528 13426 9326 64306 66867 1593 96961 52117 88615 56088 87190 32923 91919 93486 10452 30780 29362 
3624 25
37884 21819 10833 52132 64889 35070 45533 31688 27018 24120 48561 76006 68401 76098 69653 76296 69634 35760 32603 30841 68630 22529 86129 65373 80905 
5589 25
79974 79510 16344 64159 69869 59274 2943 25292 19039 37626 31495 70077 71530 88687 72349 7433 98959 53582 81996 16395 94439 17134 20553 66119 43980 
308 24
42513 30985 101 62972 17624 2038 32948 89781 10853 24621 13696 4371 32560 3139 25689 21083 89506 50077 4707 9905 57862 2584 75679 51176 
1823 25
55873 61142 8221 12480 67551 40125 35376 46197 33123 3624 88482 80024 16895 74790 86564 36074 75026 61412 80761 31411 39411 7537 19660 40752 20017 
3981 25
17894 13610 12088 54417 34669 98484 27953 56918 11755 78160 58544 9349 96100 54293 83184 91852 41906 14070 71092 92387 71211 37971 98125 45954 36449 
4917 25
95729 3026 84014 8211 15072 13907 4523 2942 88006 34021 36608 25703 28219 33632 83609 46663 67633 40996 9345 88081 38224 9267 95802 87243 66877 
5320 25
73768 20497 24673 45555 46566 40749 82201 14661 36032 43658 60974 94552 8921 96390 19272 19190 44448 62223 55027 15542 35365 99703 67115 1340 43695 
1972 25
15733 14142 25780 12825 23658 97466 17079 77878 84049 75458 39693 17353 59517 10972 39846 28644 28895 38923 76432 73884 51477 72865 8291 44025 19168 
4406 25
57601 78275 91274 15227 13998 21220 96492 2104 15994 76814 72567 46279 20357 1435 2911 36132 95812 32243 70673 51735 69247 79265 90879 94561 25063 
5649 25
15125 59199 97601 29185 73176 690 5489 27332 45084 35411 2978 34788 48971 31737 87966 30667 71339 79003 40586 8302 84951 74476 20654 61820 35909 
20 25
19749 2191 68357 22807 38797 27468 83889 75258 37192 25788 41406 11735 58088 18184 39890 1587 73193 96884 46958 39007 91279 98442 31257 89829 12574 
4580 25
77386 67129 71974 83198 35964 57940 92609 69829 35142 760 43496 27630 82407 65695 22348 91246 57863 9831 37620 13468 52997 32739 29538 79818 74592 
1910 25
60986 85528 6548 73070 62778 5879 35601 28653 4792 36531 65307 61593 13933 84908 92006 63109 13504 88382 66655 59089 85031 50858 98921 31659 60392 
3206 25
53147 54937 155 95636 22419 41706 92057 66264 73395 16593 74719 56228 22796 55141 23544 75830 98907 24160 38295 72529 12634 99430 61707 32240 40964 
1875 25
54113 17382 81734 22844 44413 52736 40073 32912 8820 84413 20118 8950 23983 8919 78987 84203 32490 28110 11809 62175 63996 3643 38441 4583 20792 
2995 25
20275 22813 91718 80406 68708 24480 30709 28962 59323 72900 61352 29643 31284 36081 92067 84611 92302 6549 12930 34467 33530 53967 33162 9173 58289 
3522 25
41048 1617 97505 15548 71841 27008 84427 89976 17713 14154 8555 29153 7733 10531 94829 19050 40420 54040 94044 27234 5388 52005 38763 49372 71145 
3134 25
5901 91125 95426 87721 79952 24662 50038 53317 14369 19659 41526 18288 86571 3810 92010 33076 24405 37365 38251 93976 3338 52229 26866 56223 6749 
1883 25
82903 99380 34729 4774 87880 48523 74125 80194 22416 30019 52277 86617 38193 75224 62046 5256 22309 6511 43810 19362 8976 75452 49775 41233 53103 
5217 25
90164 35145 18698 8126 74181 61907 7915 84022 24124 57298 18823 13494 76622 62756 30885 60346 90170 76519 96749 26381 15341 69465 56932 75542 72694 
5034 25
85507 59116 37576 93975 38233 41026 51442 89204 48309 35980 38545 83793 49107 16788 75899 22026 42535 16664 23702 70131 45166 72403 33965 29735 40506 
128 25
30638 6077 69045 62687 63838 32201 10354 9934 81268 64681 11533 19078 15367 85623 31665 98832 51110 29383 99541 59406 84957 52330 64455 67319 50966 
685 24
9154 82078 20135 6157 31117 15838 57900 54207 61244 99585 72531 55686 26157 70461 95329 48453 25043 83320 76943 32869 6416 21393 58477 2109 
2621 25
13221 22338 75997 31408 97999 84956 74584 47343 93990 74174 24828 84312 12835 18578 91905 50133 99558 42661 69049 95527 10256 80352 26729 86505 28193 
952 24
44891 94451 85943 96032 87110 12264 7707 70264 25992 37822 18228 33581 36462 86894 8986 99061 97709 94772 14072 32755 5859 93343 93219 4372 
412 24
42763 14572 12798 20228 75117 78106 92503 71878 67098 75293 90666 77006 90371 46077 81152 64204 61495 55389 16714 69514 6557 79642 93491 82309 
218 26
99668 80957 42196 53715 69447 70893 60653 40907 27757 91169 56760 51952 67514 3731 50403 52676 11452 58381 46151 7932 79905 25432 20806 90401 87642 1835 
2329 25
29623 80884 62788 71769 49895 8522 19205 91995 39275 97495 2202 24840 25934 12700 99315 84451 92644 88026 15663 73941 88124 97138 76437 51438 39784 
2613 25
28927 60933 92973 13692 84381 27558 60757 63443 60886 27741 47452 41725 69386 61083 72573 1672 3163 99471 8915 50698 81116 4815 68910 66601 8029 
4644 25
87087 92234 58085 80371 97457 14050 91774 13120 61205 97353 79628 37264 79102 64553 27489 76497 39766 64788 66607 25518 53097 67932 34198 62356 12407 
3490 25
35691 61267 32509 3002 87612 48208 13432 3451 68750 17715 56793 18224 94049 71690 14964 39749 26687 15660 25718 17603 82271 99048 30248 41742 25493 
2796 25
88522 91999 14726 49903 14024 90615 68314 95801 5992 45600 81693 19615 54127 25056 87362 9780 8423 34582 77211 67748 39326 87709 67327 48498 96503 
499 25
55785 70935 30976 55271 31225 97165 96144 75784 17914 43345 42689 83454 13139 7711 62645 34252 76727 26643 68066 46838 83102 41523 83281 52811 19718 
3932 25
9328 28045 99468 67033 79415 66430 214 55800 53194 36034 41985 78572 89262 78842 14778 45264 64228 88367 13282 92990 82250 88178 8170 43407 9816 
184 25
34995 92462 87417 51862 92835 51794 93713 9063 82917 13245 66328 8056 45836 97897 95513 63953 81535 58666 36251 10018 88319 18513 83636 38315 81641 
3379 25
75240 26589 33686 68135 28174 49216 18665 56432 65469 51662 18921 25212 67433 86142 81132 76225 82540 84263 25659 20424 14893 93084 3389 28025 68252 
4000 25
83034 72656 12964 37748 95290 23849 12236 62795 55812 50217 64146 81005 929 71900 20668 13478 81235 71277 27946 53136 57093 63509 70160 68195 41991 
678 25
11109 3476 75561 22946 18482 60509 36911 53335 52511 1275 25679 42937 50008 62477 55291 87138 79976 82711 20409 12878 23492 31010 37312 92120 16105 
3380 25
63977 905 78940 83681 58083 61218 84946 19509 91592 20899 60461 307 92895 16716 52031 54613 40631 51606 23153 11358 87284 7695 45966 76688 31543 
627 24
47641 66677 95166 57745 69005 24599 7127 66027 38607 13560 52012 45726 32012 70514 64016 92710 61741 13025 7231 36454 14269 12900 91213 82555 
5732 25
66029 31371 92162 12194 75278 96765 62689 46449 7966 46961 9380 66088 77224 16722 45576 16026 82417 99235 19737 64251 47910 38855 58917 96468 29902 
2141 25
55110 4563 78688 75176 75331 2136 3147 25216 12479 34113 81144 68949 62811 89962 79496 33062 74884 18643 20846 42779 54432 65491 54173 65421 38479 
734 24
65709 71417 86373 59426 62345 3199 89364 63978 45386 97486 17760 43145 84147 67296 79762 28712 43364 38348 37714 29085 45261 64423 57267 64126 
198 25
80515 70929 27709 183 51859 25537 82693 88874 93871 59222 92747 9379 12559 91435 7206 32410 57657 77470 41294 47787 35094 91861 20163 89084 41887 
3924 25
94973 8226 6493 13650 8276 79486 92177 9238 76879 10057 22515 51571 48694 69684 92612 81233 94900 60013 10245 75628 26725 62360 95268 99693 84408 
4371 25
72939 69324 36288 51106 88975 3716 28797 5522 81563 33721 18280 79708 51491 80898 5819 63877 13856 178 91212 87109 19821 5952 82345 21837 39542 
1734 25
24459 71046 93334 86606 6713 12931 58615 37273 53575 85775 29388 39587 45254 61739 73556 20786 75034 63703 5414 44843 43199 66308 62219 64257 25221 
2305 25
7327 50687 40753 86025 22582 28426 45460 82134 91315 5178 29719 74477 58631 67282 1389 48083 32476 57144 54107 79552 2900 2477 70368 97913 20972 
341 24
21723 27587 22282 96500 24050 9547 71297 60844 40143 53209 24663 35308 61992 50540 19921 59405 41228 38026 94491 61993 15272 70185 50628 89350 
1777 25
87907 34085 14607 78871 37746 24914 5413 68128 91868 15110 25606 57789 29008 76945 94391 81710 47553 99280 32268 49266 65145 68691 91002 56904 69755 
5105 25
5623 81822 90103 99864 42071 85613 73483 16189 70401 78994 78418 12669 81357 10743 5150 92777 41879 85410 99825 27534 38568 74772 95438 98957 51771 
2981 25
92577 71972 53788 78384 17896 34330 88891 56510 110 87811 46026 16376 17788 30933 1460 38724 43156 80555 62790 21578 41360 62720 61766 88640 87371 
4147 25
26857 57853 87829 38271 11956 94343 70992 18573 82545 16227 87341 57773 90988 37447 39998 54677 6210 31535 88110 66483 98331 90726 70102 64541 4215 
5563 25
88830 32572 80174 37495 13016 25527 23809 43270 56795 56639 48477 48056 95126 94015 25782 35943 56567 50173 89023 15392 37463 92530 81041 92264 35371 
3365 25
2909 58577 72683 14949 41506 65797 11999 14822 67151 38684 5631 83894 20998 5275 31392 47246 82854 60238 19178 3468 92131 56586 65155 13565 84571 
213 25
41465 73591 90874 71869 62008 19037 75023 60360 47289 89785 79106 73424 50898 65805 33059 4164 13877 63251 37983 73354 83517 64476 80266 44323 52525 
5700 25
15448 95465 89375 53142 75609 86171 80219 3469 28211 66514 88157 71112 61149 74177 68676 69769 33962 55565 44533 78693 79450 22771 30934 80523 34260 
265 25
13717 76404 43522 56135 55382 32550 24088 22893 83339 86008 8435 9144 23554 74756 11471 23653 27096 58899 64892 42851 15035 72909 83486 7677 50931 
4897 25
62758 67266 33842 66392 81936 16691 31314 49644 2051 48606 75459 65467 69326 2033 94110 82756 66022 28184 3573 26735 42172 97713 49870 32728 7546 
762 24
30881 2522 80982 73101 67227 32724 33044 20247 86842 44714 5435 74108 7268 6596 47069 13558 83922 54019 35952 85112 57089 8722 99899 39785 
2148 25
97233 45273 97060 87996 62938 11514 31134 85207 58384 6002 77897 20400 75724 30431 71904 70574 25996 42831 21305 52296 82833 94930 92556 99165 45869 
81 24
81241 48948 93039 94750 95873 15882 71811 13509 20800 12447 72440 48929 1903 46283 30106 1937 73377 38578 49184 77514 607 94216 96554 55609 
2218 25
83187 2075 17645 25999 66079 78919 7708 89920 69220 27638 88043 2497 66621 54399 11344 73045 80110 17730 18340 98155 84802 89298 12534 74980 77030 
1062 24
59434 32662 62960 63309 11145 49112 32209 3612 98073 83614 70981 73583 27175 53818 99249 94294 39260 79048 97142 6365 4179 30064 25962 5339 
5404 25
46661 18702 63573 49382 10243 54252 42365 53765 74447 38857 41486 448 64433 61744 65727 29004 85611 23841 61633 68034 38056 44479 67363 57478 39864 
3328 25
41650 61748 70666 45241 51885 93301 5571 88854 37064 77180 17907 26215 92122 37009 77287 15465 41156 78143 69818 78437 98439 30356 63945 77544 6760 
3323 25
23106 94094 89261 32154 92543 28490 90041 47613 33139 30787 84503 67195 31766 77707 43633 28185 3874 11083 92094 46006 39695 94596 64263 64489 98436 
2155 25
67952 96654 8219 11617 33482 72965 71902 79132 23957 96708 9877 18887 10851 38559 9686 24751 20639 76611 879 83367 75104 1123 99640 90265 51134 
4710 25
73290 35357 41722 28599 21768 98419 24126 78278 2822 27582 58132 74449 44630 15168 15120 82544 76249 22961 56758 25103 88487 51096 40207 41389 76242 
3205 25
42538 37815 36596 60293 81848 51508 48872 61692 5579 6299 23952 99406 31264 9544 1766 64983 24157 21826 29940 88434 98339 57821 62857 57129 68038 
708 26
38825 13878 94540 33549 42346 79986 26292 44096 17560 85522 25157 35274 14384 38130 68430 87871 52604 46212 90693 70622 1019 89112 73894 17482 34933 42048 
4391 25
8563 41225 54224 10485 38589 34907 94363 69320 76555 52306 40042 14972 80156 1407 12814 40992 61795 20472 12041 10072 70484 12144 95466 61632 327 
600 24
66823 9921 23098 74461 90678 16723 65696 42488 97109 88209 85735 87521 94362 96772 61691 77618 66096 94395 70386 29090 36770 34048 3580 29046 
4974 25
83180 42251 55603 87222 67802 73795 18805 80857 66684 69291 3409 30542 42324 81305 80881 96096 8158 38807 94850 37920 34339 35598 8088 6976 25749 
3908 25
30859 17426 76331 93081 10628 41242 52278 53035 43776 46320 22600 87800 11377 19251 92349 55047 62205 20795 27019 96839 31418 40916 7787 2066 34987 
2797 25
70290 62427 60449 28640 51 9133 67900 56894 89086 12006 57874 66532 4655 61623 84940 42867 51507 50279 71863 26126 96713 14561 33758 38208 73207 
863 25
49201 56084 61319 57036 62917 37020 31367 59146 91595 98533 67301 56813 35041 7190 38632 4131 60169 15323 66059 58047 82964 10435 40417 30828 88304 
546 24
17375 8964 99287 26042 24713 72066 23109 538 24102 90616 41556 21961 15898 2090 27208 42210 58696 34820 55716 63947 99775 74109 83566 99427 
4173 25
88056 64201 52339 15903 20657 38443 60397 84398 61173 24603 47285 14120 68636 6154 74881 3601 82034 60834 75517 5853 27560 63985 89770 38320 80018 
4234 25
98824 92388 64039 76383 6862 19633 41734 70349 77570 83231 70294 43533 21531 96248 24919 24957 96910 31975 28230 69924 40713 2535 94952 58224 80652 
4929 25
70074 92819 80261 14145 35346 20292 10849 92654 98043 14905 68325 54095 56959 77522 55707 18240 17420 54720 70494 65027 20765 26334 32255 77372 51228 
22 24
92826 27617 49232 64880 25520 89122 29747 81722 91469 48702 81916 13653 73509 7636 10290 52095 85236 9981 22692 4553 99896 38092 5827 22036 
1015 24
31969 20325 11186 96469 61483 78093 42770 99653 48384 10375 71093 31515 84626 50191 53895 41576 88144 83493 65208 10982 75894 52285 1414 24511 
3324 25
53827 91885 59563 86654 19916 34897 55472 9224 93190 15738 17750 91522 20979 5902 24562 23291 19432 9907 52014 97835 1184 26285 36173 76826 24407 
1073 25
50164 8656 42703 67217 60377 76185 40490 50001 25089 48399 43398 13460 5793 84501 1531 50261 87828 28828 30294 86401 62152 24924 27519 10011 85297 
1413 24
34031 96522 43948 60700 78108 61595 24306 7103 20868 95657 79120 55677 88014 6980 62220 10663 11480 71432 85133 54084 96149 29802 21521 93309 
353 24
65347 9707 12522 24797 37310 42333 97157 40268 37838 43531 20092 75791 90806 54822 44424 69252 59684 72737 4659 23191 17004 5972 4075 67049 
1634 24
66644 4869 97979 57156 22346 94943 93207 11482 60277 63574 3470 88772 61367 97509 89027 47068 31911 53095 79098 9823 6745 96630 45104 23881 
5368 25
21589 94219 84340 92926 10781 16197 29721 53902 94483 29075 78262 71479 69865 43795 11423 61055 90470 73392 30255 29167 22286 18274 48074 36940 65091 
4488 25
57595 66157 71178 75182 28455 308 50705 78748 50116 96086 43196 85616 66177 4824 31251 19494 91618 13442 25486 97933 62515 16360 91962 24153 49866 
4229 25
83671 84625 55489 83598 15757 65397 16825 25053 95670 50697 57530 87567 46915 24350 97827 24041 54645 95095 13408 47895 89913 1479 18334 56264 19429 
1009 24
12889 66768 74598 34353 66236 87124 85051 39908 60625 29550 15582 45197 82032 71840 11920 24785 69298 75888 3072 81747 37750 4174 9710 17749 
4418 25
20603 5447 60136 85624 93692 69212 17440 34007 12585 21359 39978 62290 88569 20393 79080 20025 22140 7745 96813 14215 62423 80450 91539 56390 6584 
2596 25
47053 47144 11801 77086 88881 50072 7049 41796 10968 38119 4005 16694 73417 26672 43477 16293 39578 21323 29885 98910 21920 78145 7975 37814 76903 
915 24
75866 74385 40300 43870 5367 93479 59601 88928 22044 86035 32077 82027 17430 81839 49693 30006 55587 12414 77001 10588 79205 13987 13246 50969 
5393 25
65934 84067 84341 41617 56608 9715 20583 51968 98674 31590 65420 39318 49191 34876 6765 74845 37695 27405 94556 25067 73876 37534 18778 98962 71758 
5237 25
64522 29599 44047 4377 28393 88964 32587 68990 58593 96878 47232 58143 74315 5829 57768 53015 74237 55150 2185 74675 14272 60408 11192 83088 34484 
425 25
42645 90887 59308 54262 45164 57637 12191 27242 2272 37627 97787 24161 83007 17484 78158 39207 98347 34965 52556 33970 97543 12490 32574 20248 51445 
2338 25
55977 19604 30390 24820 97636 54605 29357 67231 76620 63533 53607 58718 65839 59108 35518 27942 5799 68341 7727 70480 37109 66813 85111 12346 63092 
5103 25
65994 70740 38953 36511 79043 7750 92419 75880 95654 11478 97335 12921 33174 97410 19931 46563 1978 27186 84510 81221 40000 17285 65567 70871 36159 
4514 25
59220 98418 73988 88241 54815 34461 36158 39225 9469 48136 90535 82861 3482 13305 64844 38270 43195 49798 8155 68056 12164 48947 71528 91344 34084 
964 24
42194 49433 18044 59806 17314 68073 46630 76636 22531 56978 94520 23266 75537 66099 47072 53984 6716 84915 89644 22128 60395 23801 10184 81735 
2034 25
91819 33018 25244 11507 86351 87693 63974 11101 77930 32463 62998 17650 3276 40668 55127 40541 42775 19766 73830 70112 61635 52782 79811 7776 2608 
913 24
69422 5940 29041 85245 10565 57344 89959 92156 72844 87661 31289 76705 84406 8322 18261 75844 28462 50000 31700 45372 99876 77507 1961 35496 
3071 25
23675 34404 32478 87565 5974 840 69203 3213 89179 65614 3477 42767 66651 73037 33402 47064 81878 80069 89096 4347 49826 45611 17899 84242 4290 
3186 25
8115 29069 33915 4437 1940 90106 65315 30266 97083 36671 5152 90914 42607 4501 17262 44457 30557 71801 90195 27070 3893 89029 76742 52943 85247 
4540 25
94688 95916 21734 39521 79723 39131 94599 74409 77450 88784 23416 85447 64498 34764 19127 21991 15416 84024 88508 18872 9855 58768 41288 11311 31453 
1060 24
48975 59651 95371 35523 67826 67277 98736 60083 84060 1637 59223 18829 4759 43283 65297 59492 16513 34440 46224 26990 39652 57057 99940 82812 
665 25
67310 74241 41091 88535 22964 23679 52270 33951 71525 67657 21919 21643 1729 91478 90456 5360 56861 38588 51544 15095 84764 97523 4125 66831 78 
7 25
45037 11396 88303 27553 13852 51802 53878 15934 71486 96229 44759 67610 29207 40696 79466 34335 33148 77815 605 22917 67124 1085 72832 74961 14144 
4001 25
19833 96155 95407 72189 97290 82103 29865 92613 1281 77483 12975 48215 32712 6109 24626 4588 23949 62815 4835 91054 9113 77696 40440 5887 2563 
151 26
31465 57324 76650 14009 87508 83139 68631 64605 58437 65453 47843 2363 17141 74645 78429 57077 72320 25258 39276 15767 68081 18670 92205 3111 98305 82933 
302 25
22716 79271 84815 72830 99428 54408 2854 97762 61646 75388 38771 91681 4460 22637 27929 12742 93139 76443 22842 91384 98279 80819 3944 31477 27021 
4853 25
35591 27035 95322 60851 8775 12824 490 83618 41696 4971 63195 4804 1248 43991 72688 34716 54511 74280 92193 97560 70527 16205 21894 14323 9759 
78 24
75971 62009 80718 77755 38396 2034 11819 8644 89616 8628 85777 47790 18792 82300 99439 87179 28311 20943 57794 83954 13263 60780 85900 35677 
1430 24
94526 31427 27853 82663 81607 52756 36970 10198 19505 28724 80133 63317 59159 53769 3741 60614 36088 41349 59183 94217 57593 88199 12478 23530 
1750 25
12985 85518 12281 60591 80710 5093 49684 89260 51428 2008 27955 68156 69092 30355 13127 74059 12060 91095 33552 13123 22761 43191 80951 44782 36428 
235 24
87615 5191 75244 14971 49251 66273 68178 56600 17667 75882 48937 59038 94078 28031 81977 48292 9082 41469 12923 35832 14175 42116 59708 2825 
98 24
78992 92952 36423 65302 1212 90665 41878 9527 57908 55492 90702 49665 33377 4594 31778 97719 79759 25397 44724 94390 45078 54349 29562 67006 
4181 25
32678 55516 67680 63325 66066 15938 30507 66285 52398 57782 48327 5071 30603 20997 72518 77315 50406 4161 18947 32468 13425 19508 50566 66128 48482 
5126 25
74373 99354 33037 92424 14768 13843 96336 11472 32364 85773 74538 37319 30247 71378 16693 60969 93267 26430 36874 67398 24978 92948 48340 10247 11869 
4467 25
68449 16684 61484 7930 81134 19794 57011 15821 98223 22224 59439 40457 79351 46115 78623 60216 51045 48863 22851 17451 51008 24884 40519 97006 48444 
3532 25
37722 69437 87590 80698 85173 14643 33316 3277 94206 45315 45105 69729 55177 89952 20773 96939 36204 7419 62999 72193 48838 29624 72662 96040 78536 
2275 25
54118 80862 72588 19398 82775 84134 59702 1807 12580 64354 58254 59882 40471 47420 9955 55990 16663 94342 6088 42442 43968 47383 21153 3133 4139 
1324 24
52494 65144 78922 18840 8250 17022 49038 80171 48798 88711 27807 48054 27675 40059 75970 21084 99101 92661 17574 27878 25867 5679 35990 22875 
53 24
44211 87747 97397 92869 13979 61200 53831 62578 61794 76964 74789 61048 1073 87107 19755 43869 70695 47044 94399 9473 36611 26617 54733 86935 
2676 25
71206 55549 45309 91664 57233 18965 61624 41325 40210 82710 41808 83797 31620 21684 13858 78829 56442 93151 8329 90212 69145 33218 13637 2215 47978 
1426 25
12149 10788 6895 77848 2001 56566 83402 74266 30252 97500 11604 93059 83205 7672 50136 21765 32766 72020 68843 4312 7866 90998 99110 63863 80800 
1779 25
2043 72303 88087 14686 98678 21728 32674 73507 71084 72374 25201 22649 90640 59775 42352 73192 82337 57447 52048 95143 67117 2953 59356 98813 65252 
4581 25
75995 69304 99718 12992 59313 76194 35596 54215 97099 29234 2261 76550 39375 96913 89140 83162 5485 61998 39417 97641 91378 63484 56501 70013 87956 
4224 25
86010 12610 17666 92632 6794 39928 58954 28829 65012 4518 83528 55330 32014 32987 61397 98360 67256 16183 92226 14823 34576 98325 23079 21227 72455 
5357 25
15394 19726 25501 46424 74 80603 47759 79228 34397 29321 41238 72358 35296 98648 6035 65304 79684 70630 92401 53346 58064 70790 5752 13222 67225 
3009 25
99071 16297 43923 53712 5897 68490 96004 66513 22171 10766 21237 7685 15148 30510 20947 42977 79825 85665 11966 31184 16454 78559 47258 3521 72719 
5307 25
79389 92330 89568 34214 66204 46903 78780 70111 35268 94224 80279 65887 41900 62762 39618 67971 72197 79924 67261 38395 88346 13880 71510 75747 87838 
160 24
66343 35050 84867 54347 40613 63853 44757 29206 17 15833 41103 7377 50392 90581 91409 83346 22540 60576 14559 48450 34818 51017 32931 35081 
196 24
33992 4603 77057 99434 57201 19569 97264 33165 71976 62441 94879 27659 63477 47056 49471 68142 48924 79078 38032 446 75740 91019 50804 94576 
295 24
69876 52089 39268 39211 29105 85145 78977 86011 96420 56949 943 21101 93426 30065 72682 90977 31803 51717 50240 70289 12141 22073 8638 42697 
620 25
58701 10314 84919 71425 73600 70698 65459 11881 85317 22535 79904 6098 31226 53239 76384 46803 38655 44403 11924 46715 54586 58197 66627 74238 87433 
2333 25
28534 11649 57241 54054 49148 55531 77862 58574 98195 57757 34332 82850 7709 21308 93331 75367 29792 80919 78243 39687 35443 53202 16130 65379 92168 
212 24
33859 97315 19136 96643 52291 32379 48921 31730 44494 21607 99882 10566 60026 59927 25775 67715 9757 38183 66737 5912 65621 31957 76942 88915 
1360 25
53848 43950 56844 49842 37957 78793 80886 5450 78281 33197 79044 71874 48590 53075 45811 93825 596 69406 69968 90956 23500 75968 30454 93686 50492 
5473 25
73615 93483 400 64004 90669 66413 61663 41637 83117 45539 4803 55874 5733 90061 12895 2819 15718 12326 61247 72018 27785 16244 58737 1272 73766 
5771 25
13038 81157 64704 20635 63124 90351 5250 28297 17217 35685 56134 73604 80632 72950 93770 65728 15786 99794 3044 18468 54350 69732 24871 49508 32682 
5154 25
44712 20711 56386 79955 35656 56808 58344 67495 33047 90748 86956 49465 96638 52562 46990 9916 93460 35395 95033 70521 80964 5418 12795 39341 40152 
57 24
50569 99157 74660 51910 4992 11785 49805 35940 92224 44858 80934 41013 10044 1058 62522 48004 58015 68021 12492 39806 24253 95879 98269 64151 
3566 25
78797 22542 80867 84491 60993 96724 85523 64385 62470 4814 52503 54062 2409 31011 58019 62402 99224 85304 3233 97152 47745 60190 14615 69250 86285 
2947 25
46473 11007 42560 8307 98922 51619 49445 44750 68100 34134 24498 95679 57568 93532 67638 60559 44266 96186 1086 73511 11941 48626 36438 53027 55332 
788 25
77466 46005 54533 80726 27022 13162 37871 73579 41705 88207 9956 31464 25620 93067 83186 24434 77359 20871 70145 75674 10306 11595 57785 76966 31654 
2342 25
58243 36955 97229 81755 28011 68265 42530 26402 92608 64931 14592 84593 55765 19936 82059 73423 41463 51848 41534 30402 95277 17066 20625 44716 49457 
5639 25
72474 76768 24259 48830 44986 46599 83733 13621 70854 87213 21330 67941 7285 78662 97597 95485 46129 94557 42387 23462 56631 3465 45482 41149 48615 
4614 25
1051 43339 84694 59437 62270 72207 56676 51732 16430 44925 44094 32944 53086 59549 78249 7782 31380 7717 36277 80445 96375 96866 97113 13398 23669 
266 24
11469 73910 95908 55375 16741 62660 20071 11305 65563 64262 28266 71944 57515 30044 71574 53865 48524 85422 27007 76747 59801 36762 35312 88039 
401 24
44553 63957 6401 68821 16872 8581 43610 38105 30265 91100 7607 32241 73999 390 14049 38281 8192 11728 64606 59284 39825 6255 46007 64220 
5296 25
6018 36702 13827 39350 69446 22083 6090 95680 46345 76984 55757 99124 87183 53676 66819 79866 44519 82834 28993 58513 70359 15509 67986 69493 87151 
773 24
86121 47924 39345 35986 52454 42934 25505 43325 44465 79979 44876 4486 82494 81574 69941 59302 2579 21565 40711 81877 19776 9530 83396 70549 
1796 25
78762 54351 26769 3547 52758 70318 45951 63256 8228 71393 1029 39997 22541 71928 68387 28223 44080 75845 59525 23371 47909 29284 96268 16824 87879 
3660 25
31584 13520 98843 73250 75756 86706 35901 74131 36516 94666 3237 26200 32104 47150 11394 89119 74060 71668 60880 53195 18576 74378 34688 62813 84679 
5591 25
44805 62137 37424 79054 93071 15621 68760 30970 5846 16214 68311 2235 57677 89766 37383 49010 58463 31435 4173 12712 15627 46096 22625 73542 29427 
3061 25
82088 55301 16242 7207 61675 17703 19522 84772 35614 88740 44994 35295 96863 28247 91626 37923 44078 90093 23725 76224 1053 56026 46038 52765 13341 
133 24
41112 34865 99571 64921 23506 22062 65216 54482 10812 33755 87416 47089 698 12779 3155 63720 61181 56930 95962 67562 13331 50920 91740 68250 
1705 25
34345 5745 52665 60947 13137 69349 999 21840 53893 44273 84929 7053 7637 77727 86196 96172 4314 58585 3785 5938 95593 86374 57578 11200 98820 
4731 25
84955 61294 24291 67422 40604 96391 47929 91703 86672 74607 14885 58920 13740 85233 8478 93441 55307 9367 21100 25174 14452 66848 97383 86047 20767 
706 24
55804 54147 29672 86409 14804 30283 20158 43599 8998 76090 27292 98610 45196 56807 92713 57599 32441 47982 64136 86592 47773 83669 30539 74582 
5297 25
97525 39094 8871 98572 29723 14427 63566 57283 61286 91662 16732 6392 73758 88919 71992 1138 93759 16386 3775 7113 48417 985 13126 17021 64917 
2394 25
30968 75159 53273 71074 98032 35194 80491 73898 40556 2663 19256 3211 33127 86392 67642 67800 5751 75373 59508 20113 72040 6051 62180 31199 54080 
1532 24
94148 85455 12578 68424 92946 21185 19465 32342 21712 56452 39628 40051 14447 44582 19047 51585 51682 56475 265 54263 70709 276 38989 51240 
4767 25
55081 56338 62574 49267 4958 1912 36383 53232 37788 64994 43102 56269 93344 83065 68023 17343 60737 97942 87131 11548 85387 2442 17238 64077 87265 
351 25
58913 13254 87982 82590 29913 25848 8093 75661 20591 6251 77765 87392 44397 59807 4732 31928 93079 2193 21383 12788 67258 69690 34024 1439 79453 
701 25
98453 77732 70068 74648 99772 53206 80067 16700 33233 29644 9867 36190 82666 26505 74534 31385 83794 37861 31716 62254 56742 86173 30652 91991 49529 
252 24
75785 32516 40264 55982 70356 11201 85320 1838 3835 69146 4714 18153 36692 52602 31150 79533 93584 21119 37848 79031 84052 65148 76538 90617 
639 25
4524 27115 84141 65976 64674 90306 55652 46816 8442 41757 443 10654 12371 89304 30558 75414 70559 29294 99742 18533 34692 60469 28737 6492 32056 
1113 24
37349 97260 10438 97116 29360 53467 91004 18596 65863 32988 51834 36541 22342 24456 15984 24001 3427 57425 31885 85186 37345 17099 82350 73922 
4152 25
74683 33592 62059 98252 88790 89200 40326 77017 13002 41304 87005 79826 8065 21579 72863 27196 55570 58739 88143 89910 93555 59117 47774 36400 33152 
4809 25
86477 79993 2330 89028 88180 20356 18760 70985 17408 91159 9673 47110 4605 85429 94626 89734 23067 80991 54734 59474 71171 23071 53655 52794 55369 
1927 25
20485 599 62799 55823 88715 67294 9803 26250 98473 61443 79844 41783 89791 74669 92582 70678 20510 74667 40160 38694 63893 23290 54462 10439 98662 
4502 25
43282 44467 23668 91749 99732 45406 38561 39694 29833 70641 90870 66289 62316 72021 78924 74119 2280 55014 84628 34284 85885 92001 61306 55958 75644 
1055 24
21650 84650 14750 33930 97173 46555 69150 56083 13612 62060 24084 29934 45169 13121 34608 93425 38185 28034 16815 88301 41419 38563 29771 31041 
3644 25
82447 45210 7007 41597 98643 23967 11899 31933 8098 3603 58555 6021 71788 45608 94329 64300 91467 47894 61140 66951 36603 17423 77374 49131 27828 
3630 25
53140 81090 98646 27869 10984 41023 29515 23301 10396 22822 90058 84481 55136 38774 61783 92975 69466 44510 39648 53112 30969 99638 22820 34872 55009 
186 25
42468 46701 32235 38501 52698 15948 57665 23440 38917 73480 39465 79791 2813 18715 2959 22193 22221 24835 64997 6509 24866 81530 50257 13146 95069 
477 24
53877 18870 57552 37283 31128 25687 59049 50323 42180 12879 67461 4756 64071 16692 34880 66125 6126 13402 70320 24344 23747 33856 19588 79273 
1388 24
50686 57689 1481 2178 84973 61369 67467 5874 46089 82237 9142 1455 30183 66612 91908 24479 96857 2133 19388 26802 80497 77458 779 96895 
1887 25
34251 43992 73166 51755 82087 40044 66871 77004 20825 4249 91186 24145 62164 30782 3558 68553 65689 42617 28795 40247 52513 29328 85770 54286 22743 
4280 25
3489 52921 58962 66047 63416 54885 38557 75364 90843 87757 47129 29288 47121 19211 98203 58951 87962 3402 4306 61047 9569 47292 1178 55056 21722 
5489 25
35559 54149 23558 4833 36637 62182 31970 28280 91833 93962 57087 16115 3510 5003 54743 69598 9965 25671 36751 4769 11282 90315 28547 42564 20397 
1509 24
3876 54536 37062 9470 66837 63636 99602 14525 94740 16508 55965 89693 2309 84788 3561 92683 80732 90953 87971 64577 75141 68212 25534 77093 
4623 25
54954 37156 69078 10757 16542 15539 75212 59522 56565 62581 30280 49489 66012 90288 20735 66982 72335 56191 73715 74416 2849 81110 83035 22586 17151 
2350 25
58215 74464 86164 71592 26986 94208 75455 15241 8209 31017 14249 13871 49222 45501 11690 79701 14591 25510 11272 37656 61930 3252 81709 47862 44628 
2220 25
48725 48277 81864 11404 64667 26711 6738 63238 27730 8989 12262 52485 93359 8117 62489 59280 77334 43918 12299 15949 11528 2368 47827 14267 10513 
1911 25
31083 94821 4333 48622 5278 16924 83626 28862 55813 83159 98307 137 4668 2435 21177 30687 94122 45277 44598 28301 53639 75303 3846 61162 44514 
2847 25
95877 20441 39140 38190 18200 69210 31038 35533 23840 64229 1185 56682 10083 82820 56347 58478 35361 23750 51324 99892 32909 32428 36654 78776 75154 
4482 25
87741 95663 16171 68214 86611 68491 88940 92475 44041 65505 55302 92467 41688 86211 83831 36629 33605 52216 68987 8720 39210 35906 17023 13728 14653 
2166 25
29149 76337 62069 40683 68270 14656 31677 69338 42894 22001 17448 20911 13092 44104 99870 13033 5554 8267 83728 88860 58510 66072 28416 73127 61327 
2320 25
77 1017 66656 25640 88688 75736 92918 76977 28615 6219 91770 28918 34829 90358 55082 92350 73289 40216 45919 20313 78593 36552 6954 62237 54370 
3531 25
57547 78835 88332 43021 5843 81697 58327 12265 37181 57587 82485 9912 59490 44496 32653 98384 34200 95785 35517 57841 31247 72477 43115 85698 50952 
315 26
79914 77200 58072 48586 27328 65810 40406 62494 804 12381 99863 1343 38394 18629 70966 51224 15990 42356 84542 52766 77646 24198 74641 6982 22937 70759 
2007 25
19960 75532 80315 42476 33976 87755 82897 95238 18392 11654 50917 31914 36859 58208 72142 22568 2467 26788 92603 95861 59531 59164 31162 82430 37993 
3162 25
83247 97631 32264 25494 5083 84236 88808 8208 43025 35624 71993 39863 32026 65043 98578 36852 10019 51879 1440 52293 67899 21841 16837 25929 53288 
3813 25
45040 71868 25842 84768 94227 20086 56340 2661 23112 50673 28726 23723 73274 72872 64310 5259 61920 21858 68775 58126 9720 30231 63211 75752 71858 
2518 25
78592 63241 35362 44904 2589 35421 41822 73189 86555 46484 47885 31701 96252 78934 4498 96575 69871 68255 66226 63852 60448 82378 15086 2124 16106 
1084 24
81559 39701 40619 37320 71734 99669 35802 53 76988 94426 9182 49835 93886 47242 89232 28343 84722 61667 94795 67600 28956 8470 85612 62191 
1278 24
50543 15752 67023 55065 55200 74809 78410 76334 29977 93057 23872 80669 4184 39248 74674 43630 70165 33846 21842 67075 80775 19132 29144 12821 
5617 25
39125 65181 49196 11082 47406 50618 63912 47336 17387 68403 21414 34232 76084 44855 65126 71440 60415 85416 19628 21023 21229 72901 49164 82108 16930 
4201 25
62544 91692 25897 17433 944 66064 1355 86596 99992 21212 58698 98986 57945 51702 76450 47495 11797 99887 58081 38873 48994 21733 97005 28253 18616 
4232 25
4384 46656 25778 20971 823 81541 3690 72343 527 31250 69665 63556 80162 72060 64919 37038 43935 40829 74405 43871 14308 67109 80697 83097 30312 
379 26
33419 88989 7287 92188 64329 93702 48772 81044 52349 96844 72235 73335 68530 63 7344 8996 64686 46340 99147 15930 72121 14400 17359 97875 33009 17206 
1612 24
83072 41600 99129 42019 27854 49084 89901 13354 23374 60268 89883 56030 23281 93758 20484 92492 7067 45405 38302 89165 40472 15046 25389 71795 
2174 25
36867 70040 26295 32521 61326 25078 33525 32325 21013 10725 53830 78171 63657 3136 56718 36549 12621 49537 43440 32971 93913 76795 98395 11759 37866 
3929 25
90363 12363 78185 57175 47716 106 34444 56897 52065 30991 98783 25823 89669 60931 91625 98899 93646 63480 91805 84447 33576 40998 1408 88876 45349 
4248 25
95489 97271 30151 1829 49361 51548 7706 69452 48612 1663 61666 40136 15698 6252 57016 70618 7946 96994 53395 22950 41559 59389 85491 67091 92121 
632 25
63774 46341 2039 66418 29164 21356 74843 99688 23014 88320 25944 35621 40185 61989 82622 14288 4976 21847 92204 47972 83784 70532 74133 39168 13686 
747 24
85396 95824 95842 50007 86287 21205 70365 11281 98171 69619 20333 28965 14706 22198 68069 63780 53874 70288 33586 10516 92304 56236 98911 60245 
2192 25
37875 43817 50104 9961 99919 90814 32661 55093 92917 72982 22681 28207 4344 84229 16173 23699 95936 52085 35198 81431 6697 12848 13561 67099 14234 
3579 25
49276 81398 82769 78006 14812 70969 64451 40645 98434 90744 99774 93789 84003 9841 78492 71632 32401 83973 62883 2789 74162 3955 94026 36177 46395 
4038 25
57920 5237 33075 12852 32828 68859 49490 79982 99831 23588 53128 87803 68168 82172 5582 11626 23189 86470 46631 42206 72563 32108 29408 10522 10735 
1489 24
51280 11632 79579 9480 12460 59399 74652 20386 26435 72935 55242 63371 41795 69727 54160 83747 14204 84497 7860 1237 46988 86050 48287 11841 
3547 25
51746 66846 72388 11525 33599 49894 12631 52 37864 7414 48059 46957 37564 30606 89966 42400 66919 65258 64154 19856 28102 63118 80670 24063 63190 
5695 25
60919 85398 45422 77913 7134 84797 70683 37543 14353 78187 11296 3379 92951 55997 56255 27743 38483 11277 33313 24818 26280 90045 68052 59813 95886 
554 24
91778 26546 30426 19220 17613 82762 43182 26917 2925 81003 23172 34027 31987 44752 88359 60338 43054 99680 47965 17519 47760 44169 56722 6233 
2321 25
91369 43091 66744 33329 89315 98321 7088 18902 2612 57813 91090 83050 85269 61866 38498 26217 57951 62548 92411 7517 25265 88035 97090 81775 95287 
2327 25
87302 11175 83900 51546 28435 98880 42751 46574 52846 45553 54893 20501 88010 41232 68824 35318 93471 38550 64682 15176 68810 90431 47901 4564 81160 
5460 25
24609 80274 52966 88580 39950 9904 33187 72992 27093 39739 32226 79789 11747 96805 5894 57969 62467 32710 88258 13317 2596 77274 70178 3530 65412 
5804 25
30154 84943 19535 41599 73130 59580 54821 7260 8026 33043 54716 48983 31897 38402 40178 98107 68287 94199 83600 79640 16246 58275 13099 57030 40465 
4636 25
45161 83106 45262 7994 36446 35246 57098 58380 34283 31109 92752 33339 45391 87593 46490 54639 5753 82978 43455 24658 10915 56132 53576 50863 53808 
5764 25
68151 54555 77356 57477 22173 73031 86280 24836 86861 36707 50843 140 96264 56493 83529 41142 89042 93769 28836 56312 87177 74161 39866 90191 22857 
2490 25
42921 94804 55482 77880 24786 81931 74627 51938 44065 88894 8515 14150 13493 38860 31863 89578 30544 46582 64478 88861 96944 25855 18393 67382 40227 
4261 25
96363 35773 37617 76757 15187 85128 69 31989 50769 76039 32813 44275 68217 23505 5024 72479 27124 91260 89158 20483 34490 51366 272 36972 48436 
667 24
91295 41077 29020 18899 86679 74064 43214 9006 24081 41848 42125 78342 76179 58392 59411 38089 99052 46926 46376 4928 55759 74389 73770 97162 
1029 24
65203 56508 63054 44796 95041 5340 29346 24172 15385 31302 27610 8751 25791 54816 35545 40425 87345 59152 86188 67176 92988 46362 1183 748 
251 25
74906 57438 34664 54420 87334 15638 36853 30573 67060 59130 81075 44445 18154 80869 32962 29992 2246 48697 9152 22613 55096 81316 84112 74696 13165 
1010 24
27920 59367 12005 58393 1202 43563 18796 75564 4749 48351 28318 15672 81370 77607 84271 29720 60093 74265 24166 80488 91112 39202 78978 79354 
5671 25
8357 2031 54005 67351 37987 77697 30493 6834 61976 75872 62832 16558 41370 98212 25387 42025 97067 43501 63295 19153 55325 38332 63618 91928 47596 
1600 24
70492 33709 94768 7375 57063 10561 45022 9603 80093 35193 89219 3082 26185 82441 91855 43379 14476 93577 76726 67909 64442 67001 4986 12961 
4443 25
12257 14585 58985 49818 18302 14173 37655 33132 23921 70988 33431 68730 77352 68749 14123 31642 48348 95826 653 85625 46045 50770 28792 67076 75219 
4656 25
40755 86028 301 93166 57484 29706 92627 91375 18773 87099 19863 43322 12234 5766 34721 34826 31899 82605 83250 77761 10756 3747 38817 4970 54875 
4674 25
91585 11638 12375 62821 7786 5044 87390 51741 45042 70811 83597 69147 24581 9898 75069 40806 81545 23693 81151 8217 44748 54328 2970 60795 12439 
1681 25
66423 48320 93625 24650 57023 3821 52476 42924 61798 49802 63215 39095 97135 85681 5815 29335 70281 82318 18186 5214 13495 43868 45045 41311 89187 
2886 25
28437 23000 11232 85256 64699 30957 98965 49210 84249 36230 57065 15302 17800 80228 9031 15689 32483 52833 10708 47720 5785 27017 194 7452 26202 
4508 25
8617 69551 13330 17913 74661 71843 69492 842 69280 11120 68291 63968 17609 59561 23682 10721 41088 85817 63980 10615 73949 55596 82669 54654 5065 
3060 25
69973 46734 34376 27867 79931 13415 31689 29155 18941 54486 70089 26183 8702 65579 21307 14549 14018 17870 48354 58053 81967 35930 81912 46910 92257 
2633 25
84890 55592 83739 51969 95052 1697 69654 30605 60090 70875 95035 39217 91888 78471 82129 77977 81426 79481 9038 49048 81868 85755 60598 44850 23187 
2736 25
38532 36387 95403 82871 8665 59455 39205 58971 24468 96892 35494 49995 97168 3605 29531 23623 75930 19219 99455 16701 18106 53954 12398 50333 38627 
116 25
37881 53345 31419 69610 50749 59132 86676 5703 37954 93933 89003 46693 17087 90855 94373 86604 98358 48818 4966 74597 70291 23115 95104 95989 70853 
5668 25
96063 60706 26320 30347 66953 4323 79740 15186 58334 28604 67608 2523 59241 52322 85268 71154 42197 96604 19033 44197 28676 40355 55926 83446 63998 
29 26
85117 37727 98873 44017 52016 13213 40213 12386 13093 45030 22825 82049 75461 1539 59554 58826 79269 37611 23274 22490 58993 44214 99907 3511 41146 85564 
292 24
54364 62903 32852 37699 41134 81021 3826 86448 17756 53313 95692 30144 80607 33790 52617 61098 37930 16938 5528 62378 68999 6270 57064 70071 
758 26
24990 69710 20074 4339 66495 40071 76408 98947 95002 25313 94060 71469 70338 29582 12089 35474 89904 85266 35853 40995 81815 2735 60175 77615 2427 21447 
815 25
38606 67214 49023 79689 60219 49781 70555 99889 71238 11598 15650 70375 60799 13853 79452 13376 15429 62632 33115 29781 36244 72808 64646 37677 16831 
2905 25
21001 31133 11341 97703 93703 58259 49702 78690 30882 55658 80357 24193 95408 71410 31395 31710 22824 47535 63984 2496 57711 88224 55752 87864 40311 
4493 25
79387 1780 66448 39914 72433 37563 67183 13467 48457 87266 85029 57454 44102 93991 58777 92278 72628 20796 61165 30730 15404 56747 98055 60982 12979 
3013 25
88572 53437 26054 20305 30071 29052 20923 5020 25175 70908 49810 72966 39807 40046 98862 84670 82477 56694 63034 5270 46248 28159 72244 885 27114 
261 24
43650 94177 10175 73762 47120 31679 30712 19009 14756 23628 3175 29449 14401 36092 62078 4573 36366 84243 51954 50560 34317 96028 4252 22608 
1187 24
2998 16771 22674 88137 30896 62555 41514 84488 49917 44190 63746 18040 48714 52345 18692 14262 70541 40989 73599 59918 68744 66613 5696 76198 
3459 25
18146 6427 48473 19973 94766 73629 19968 31564 34558 78729 47947 87267 68692 54804 20815 34743 81147 63257 36394 67044 67993 34871 80708 26561 71684 
5177 25
98858 41163 13622 12087 40338 9774 67805 30537 24281 36675 72191 20225 46024 40273 19557 40735 86408 49037 935 43371 17700 5082 78733 13450 68281 
717 24
92526 54073 50951 58945 1446 95735 84293 87792 70792 90350 13956 36710 19106 86621 31657 20226 29139 50445 81324 81824 99158 17336 68897 29898 
977 24
32439 11513 57370 2845 11710 11127 27479 82773 63333 5070 50206 26958 10464 76979 2504 63146 52150 81258 18174 23423 5791 97265 45645 53338 
429 24
15574 22075 77949 35001 4648 15817 66586 56798 32699 6571 50857 46331 29786 31754 14826 40289 86018 63580 36459 88995 572 62683 45870 20466 
4969 25
14659 82123 59933 14099 17477 90134 32645 76508 2889 30511 87557 97217 31387 53151 93707 93779 847 64108 9029 23695 12444 46702 90327 46942 76540 
1251 24
65042 43184 52914 22556 49304 92237 25384 34457 79790 2713 2675 55013 56543 41525 50292 48842 13264 23976 84668 26422 61195 79568 74656 22795 
1598 25
15788 35091 1487 20999 38837 49129 69031 9494 63705 56700 84559 18166 30024 78760 15438 90837 74571 28050 49892 86660 86914 17838 5758 60437 16268 
5266 25
2521 16339 59173 16151 58758 64804 31186 83717 21113 16764 68421 23764 1980 38122 46922 70712 36924 99626 6591 62913 7480 98168 63608 69994 10227 
741 26
83189 58290 63999 31304 846 46482 56615 41271 26805 65604 49729 33986 92836 93150 58430 76107 13220 66411 93930 77729 28579 53618 46709 41936 80278 84648 
3769 25
42816 71289 18345 41064 53491 97830 72869 59937 29392 61759 40485 62377 67786 46623 46572 46018 41933 5801 67313 53956 97074 31556 41116 3247 12981 
448 24
28863 16086 35370 39064 17444 16681 85645 43332 63723 49212 22451 10642 71660 42747 91055 96919 99629 21419 28152 25064 82305 99458 75818 42787 
1543 25
99193 94667 17561 96918 44680 44121 71430 65024 48073 84007 89651 90518 5864 51865 71007 66284 40408 76327 38468 67084 84110 99877 99900 43117 54582 
5405 25
37597 54575 18843 95561 93563 31526 3021 29545 14416 11756 22158 45701 63143 9458 10882 25414 2920 61814 81576 49811 99233 32434 13500 67856 76265 
1658 25
40077 33012 38958 5121 43268 37904 12867 59542 38027 63391 17412 75013 63815 99850 62352 31932 11729 49297 36477 84595 36781 18472 45601 79268 86974 
479 24
50477 9853 70637 10828 72715 16709 30794 7052 57598 34026 36554 15501 47141 2622 41078 7565 15519 35564 81837 22170 22299 4674 56509 15729 
1913 25
11708 89655 57399 54877 92725 84643 58444 57696 63664 27400 75338 6711 56140 79267 27369 18787 46375 59772 91952 99998 13333 47566 66507 93974 71148 
25 24
47311 78765 56154 75565 76379 12211 88273 99639 68407 56438 67948 93090 10870 8015 47313 56496 6575 25006 75322 71035 96448 98151 81857 20157 
3127 25
96409 96974 42164 88411 38099 49089 41105 5620 88159 34961 94215 16557 32655 89998 16162 29122 7612 32022 47118 19885 80499 91945 58076 40962 2029 
