56
1060 12
20128 74404 75779 39069 22349 46866 50793 52856 8752 8475 31666 92113 
1565 12
35024 21197 79077 3429 46170 2069 65735 59775 48685 91789 34404 73758 
1806 11
56240 27710 39634 34173 65724 24945 7316 7241 41994 83749 79495 
1756 12
46774 6950 75590 85127 63707 87067 85080 483 76390 1876 83407 90210 
1206 14
43099 41844 76667 96252 8188 47166 60152 71703 47560 46265 97121 70546 81040 37284 
503 14
94143 42273 14735 73656 13400 7960 6800 25928 33113 43391 85920 3493 74194 63102 
1082 12
75358 53314 82498 1842 79250 57219 43344 50607 11427 40212 64361 67593 
1317 11
11107 3871 75950 13834 3783 68729 27145 26730 68672 18093 59351 
1997 21
88210 11273 3573 68190 80278 96453 31495 82264 2909 49558 76720 15580 64555 74380 19491 75564 7923 81241 79701 84121 96342 
2800 11
64501 52522 42308 61414 27904 89413 18091 34125 7184 77200 97992 
649 12
2547 69319 29638 80795 9151 83926 63381 76043 62568 71351 13904 37798 
2662 18
35471 92357 28505 47317 19539 58552 73753 14940 55173 72151 80303 9468 16749 65598 484 27430 69943 70023 
1708 13
97973 13910 42754 25574 28828 20568 33015 89678 23973 57322 61817 4176 95898 
988 13
81615 73680 74680 55910 5981 19122 16605 76802 21938 95711 90024 74714 49232 
1762 12
91421 69825 12354 71409 73776 13305 57338 37381 63994 20135 59282 4960 
404 11
81855 3618 42847 86723 87343 79804 87979 80989 83963 143 45553 
40 12
6985 81948 58268 68958 94985 13924 52688 86534 57605 84734 77646 60641 
1415 17
79132 8729 85371 34041 33432 25010 68199 94618 82434 684 67627 48286 35704 98107 37964 52801 76981 
1621 17
71030 62322 39841 47746 29636 39191 7694 64079 98784 17640 98284 32452 35992 82437 67490 88332 64100 
685 11
44528 5551 57727 59306 41356 51967 31746 40664 79169 37157 87751 
185 11
54468 41461 41775 29606 75491 2484 88358 18635 28191 2449 45977 
2447 15
69037 80947 33468 713 38162 82042 71060 83669 98462 49139 35767 5931 13391 1989 66484 
1195 13
55433 29975 67129 13627 57503 82564 66377 35628 14116 39811 71189 46389 33838 
572 11
68906 12120 70057 52254 95022 31685 32903 74916 92943 71921 60805 
1527 11
18622 15240 83953 21734 83748 97229 4220 48565 99745 26792 28330 
417 12
15708 66675 44577 94456 34354 3684 25810 46384 8027 99346 48493 92559 
852 13
67362 18067 91331 47740 61888 83399 54726 7173 130 83004 97094 23915 24830 
342 11
50433 17248 6885 25874 39965 52818 62292 73888 80660 50167 29046 
1957 11
99338 77670 97382 50327 49449 86671 51075 70284 54411 52167 96194 
56 11
98786 92060 99390 92963 96526 20272 8116 36560 55192 44452 37063 
2231 16
66199 99650 39126 41756 85163 66980 83342 32527 94643 94626 21109 5464 56828 27194 55394 3437 
909 12
19504 68846 1896 34212 6012 60808 87092 40543 52787 15174 22063 94291 
2651 20
1290 35285 11322 19826 11096 62675 3282 5297 22740 21621 61977 87694 94429 10737 18762 22220 17167 45840 64181 18730 
494 13
5520 27895 59293 12978 93337 60458 40757 34077 74536 79908 71053 73698 76862 
1045 12
76516 3885 596 63408 16546 72895 34187 8445 69547 42871 60803 39255 
1501 12
58399 27240 53145 89470 9294 38878 63180 25324 10866 95006 80135 87872 
2835 12
11755 29168 28037 52898 2315 13344 2372 38723 1700 52202 9722 1648 
2291 16
8154 86890 28575 36460 62476 98585 64981 3392 40829 80041 16365 52816 17434 66016 22947 28656 
111 12
30437 79661 76385 11870 23510 15585 16491 40786 71446 22520 26300 35185 
1721 12
70149 97945 46077 57476 8883 48838 37722 2886 67231 48021 49159 4258 
2923 12
29971 5122 36801 71353 13193 50410 20673 75188 56236 87862 37561 53045 
2568 13
39106 76091 41387 40909 55644 21642 64611 30770 31319 83439 64783 32236 78631 
2905 16
70557 8976 35042 72572 1503 8072 29294 57323 96122 33876 76852 9458 98485 57575 86197 90629 
1234 12
72771 56008 95752 16659 20347 5326 39078 33135 90206 18541 43169 92238 
89 11
41773 81025 92115 15269 68357 75871 71485 86638 26627 8122 78221 
1542 12
18342 68456 1794 77144 6259 21888 31124 41035 22759 67333 92973 59710 
877 14
7956 75225 5221 56962 37666 19183 10284 30419 77486 61552 58097 29574 32335 35210 
475 13
8973 23302 65242 75906 99883 76139 64367 92017 15892 89039 26868 20980 49900 
2565 14
49684 64752 82830 20255 76338 38751 97180 61691 91989 47846 20801 18791 51067 39111 
2281 15
30351 2878 84979 76639 64129 2109 19835 67662 32167 75277 44993 68713 43990 64635 14588 
141 11
64231 35224 23087 11802 61531 50885 69924 83513 87719 55126 64362 
2362 12
1233 33813 11254 46700 18603 15338 24112 93587 78617 69297 25794 12820 
1084 11
98360 22402 96387 61787 23580 77643 86751 89540 69503 43382 86485 
570 15
12968 89280 73677 51626 84682 46813 16930 92576 31121 93257 77803 97405 22513 50556 20560 
1848 12
17803 29884 88248 99352 6912 71155 67092 4391 52895 94377 80961 13112 
529 14
66512 15943 10020 40009 89288 42155 32218 50245 81112 30116 98261 41101 5424 27220 
