160
581 1
3887 
1580 1
2291 
67 1
67737 
1336 2
9408 899 
1372 1
43912 
1712 2
40323 69515 
3863 2
41719 45966 
922 2
770 35130 
1422 1
56500 
2989 2
67012 17229 
606 2
42235 43518 
1601 1
9141 
1907 3
68673 40086 28663 
2505 1
81382 
1656 1
13849 
3032 2
34963 26186 
232 1
18646 
355 1
1686 
1284 1
53731 
646 1
31566 
888 1
70545 
197 1
49645 
3058 1
52150 
1010 4
10640 25181 31590 77188 
1224 3
50667 72684 62648 
604 1
47364 
2779 1
35654 
1572 4
34299 50018 62937 30756 
3907 1
80525 
1632 2
41067 40844 
2942 2
21631 28812 
2104 2
35550 43230 
1490 3
31805 73276 48111 
37 1
24209 
519 2
77082 25894 
122 1
29003 
957 1
1825 
2890 2
47339 46374 
1028 1
67895 
1545 2
5616 80039 
2644 1
24140 
217 1
80838 
880 1
23736 
2863 1
73713 
3742 6
36688 43711 27795 34202 27011 40539 
3149 3
37993 44062 12499 
1047 2
21753 53027 
631 2
66915 26040 
3084 2
51803 52974 
389 4
64072 18859 67882 62504 
1375 1
77591 
3655 1
59407 
2185 2
54310 70268 
3105 2
51243 78232 
114 1
35102 
995 1
21443 
2941 1
22799 
739 2
62021 46762 
3840 3
64458 8473 17584 
797 3
35412 33878 17998 
2664 3
48353 1510 76270 
1878 2
6464 56591 
3577 2
56870 57995 
304 2
59911 60911 
1278 1
39387 
1744 3
9135 80702 27167 
1722 3
11629 42787 13974 
845 1
42372 
3153 1
28030 
1931 1
34330 
3002 3
57206 3108 75799 
1922 2
73715 33585 
622 1
16869 
1316 2
21355 67110 
1990 2
15221 19336 
3731 3
68452 76550 19086 
2952 4
902 57727 62011 69207 
1227 3
44658 5213 51288 
1657 3
15114 6300 14121 
1637 1
80415 
1174 1
39453 
3392 4
60552 38235 20666 65613 
3444 4
17608 186 13879 54543 
134 2
9389 27376 
2349 1
27212 
2196 2
71978 60008 
1542 2
36883 7456 
32 2
68091 42522 
2978 2
2326 15209 
3000 3
23680 71829 38311 
1684 2
77179 53807 
2457 2
26643 50489 
1805 2
52572 62372 
2602 3
43047 4364 23984 
559 3
39020 78130 20382 
3180 1
42397 
2765 1
7618 
751 1
45967 
2668 3
35293 18030 45977 
2696 3
28814 29397 75884 
1666 1
66841 
1255 2
36603 77210 
3133 2
68747 12167 
2828 1
44142 
2283 2
14829 54106 
2370 1
65898 
883 1
27384 
2262 1
47475 
3991 2
43162 8186 
1668 1
72876 
335 3
52447 15873 76451 
3970 2
72768 23467 
714 1
41179 
551 1
22632 
535 1
60832 
143 1
14860 
1566 2
80221 27611 
1167 1
13366 
1739 1
81147 
3142 2
23594 34776 
3348 3
11472 14628 21156 
1277 2
34017 1486 
2116 1
6974 
1789 2
8329 41600 
2552 1
17850 
33 1
1466 
153 1
74413 
2181 2
37363 64552 
3596 3
58039 57325 50815 
2187 1
14734 
1280 1
2674 
2337 1
25532 
2811 2
19416 78664 
2592 2
16737 10349 
2990 2
14426 54126 
2288 3
62481 8354 78197 
2791 4
34421 28379 39134 53642 
781 1
56212 
2708 3
54853 7078 60974 
431 2
72896 6253 
1072 1
16716 
2357 1
10163 
1701 1
13018 
1437 3
74320 73933 494 
2210 1
33603 
3052 1
21166 
3082 1
76903 
1785 3
26435 19756 43402 
3012 2
56577 76782 
2044 2
60126 21084 
2579 1
64327 
2956 2
18396 31420 
2703 1
24256 
1381 1
11215 
2463 1
67890 
1132 1
48248 
1920 2
8393 49400 
3760 1
32693 
2120 1
38538 
2910 2
4551 44089 
