252
8753 4
39764 25405 75303 86050 
2598 2
38616 22284 
5782 1
29976 
937 2
50724 38403 
4328 1
35385 
2426 2
12035 19437 
7199 4
13665 89894 77103 62600 
7810 3
34624 34569 88019 
1267 1
75197 
6285 1
57236 
2123 1
86762 
67 2
53601 44657 
2153 2
31430 47717 
7163 3
38947 93476 55519 
6262 3
50832 1070 49191 
458 1
3981 
6386 2
22163 11972 
812 2
40694 63505 
1271 1
1099 
2787 2
81052 66997 
9513 2
8224 59016 
3823 2
96566 64968 
6901 3
58746 76479 61480 
4073 2
29546 80242 
6497 2
59419 245 
6733 1
70202 
6468 2
7391 35996 
1603 1
67191 
90 1
3502 
4334 2
7379 11322 
2589 2
23414 40810 
7720 3
53903 32587 18274 
3288 1
29085 
4380 2
5479 68935 
5682 2
68026 61444 
1640 2
84212 68273 
579 1
4669 
2933 2
59513 34229 
7268 2
16259 56082 
380 2
79641 20133 
1038 1
69179 
4229 2
47553 68174 
8147 3
70575 26430 91692 
6969 3
87769 30160 1952 
2992 2
75497 41063 
6089 2
11910 13046 
9014 3
97483 73817 70475 
5762 2
60803 49615 
2124 3
86964 43903 75590 
3269 2
38893 90411 
6725 2
15470 74893 
36 1
84868 
3250 2
36363 28336 
3251 2
51329 80572 
714 1
22034 
3080 2
33873 22903 
4521 2
30523 74327 
2040 3
12886 91916 11351 
6508 2
80989 81775 
3085 2
19529 61543 
6057 2
76723 51634 
4395 4
93178 81619 12599 39535 
9257 4
24140 11020 19209 49943 
7721 3
16528 54934 25550 
5499 3
22204 25964 94875 
6311 2
17216 43122 
70 3
82230 77225 8196 
9699 3
30188 98753 43944 
4058 1
46325 
1672 2
3724 76673 
6976 2
74065 448 
1276 2
59308 29660 
6534 3
32543 24470 71307 
3380 2
86695 51740 
1507 1
5466 
4081 2
97170 56909 
38 1
22091 
1471 3
46646 48350 48338 
8815 3
98499 34107 24536 
5384 2
97158 38777 
6967 3
56338 32220 40629 
4934 2
95537 81737 
3792 2
42281 32898 
2485 1
54694 
2406 4
67019 50120 15213 52177 
5473 2
4730 66153 
2162 3
61196 32483 28100 
4979 2
5829 88059 
4084 3
9865 2603 91107 
5317 2
30301 50011 
7811 3
21265 76862 6667 
6535 3
5638 63659 53106 
975 2
94884 57954 
1995 2
49298 36808 
2180 3
72296 33995 72203 
6605 3
67028 17198 21128 
5961 2
45624 89603 
371 1
29072 
3322 2
70289 31244 
7636 3
45886 76328 15313 
7230 2
2203 6337 
5909 2
5279 23586 
2954 1
24577 
4741 2
27601 8451 
6295 2
20804 19898 
2140 3
8659 32369 71167 
7143 2
80510 2285 
4301 3
93451 2452 13274 
1651 2
8007 77183 
4482 2
51285 44429 
3907 3
36417 21506 67199 
10122 2
7515 97567 
2891 1
32958 
1760 1
50643 
8049 3
50827 93327 64659 
6340 2
52214 7818 
2716 2
91979 67541 
3073 2
3860 75128 
339 1
61708 
1035 2
89268 51873 
2999 1
14435 
2748 2
27074 95167 
4716 4
50156 52013 68526 23186 
194 1
92400 
4715 3
30149 35003 88994 
387 1
91804 
3425 1
56703 
358 1
37564 
2242 2
75755 18378 
4988 3
78144 87743 86043 
2385 2
66652 77962 
9773 3
64384 98020 80981 
7716 2
14050 8709 
37 1
4613 
6213 2
28446 26318 
777 1
87324 
8921 3
3928 86550 15325 
5275 2
41490 32994 
653 2
88098 27268 
3645 2
44338 47730 
3233 2
44861 94135 
4742 3
73464 29108 91868 
7644 3
73438 69068 6181 
2276 3
67033 21710 46406 
6868 2
27682 75082 
5350 2
5459 50501 
362 1
98710 
7959 3
85734 3479 33965 
2809 1
10069 
5059 2
7813 96454 
2964 2
18599 40423 
7261 2
55260 61722 
926 1
16529 
7581 2
55095 66273 
3318 3
30736 74578 92491 
3459 2
19890 12559 
7204 3
773 41771 13015 
3496 3
36959 16270 48081 
1936 2
26265 28688 
1844 2
79228 63959 
6280 2
57771 58414 
4524 2
29525 69850 
4651 2
40398 84717 
7396 2
60361 39282 
7282 2
35716 14752 
1739 2
63778 42523 
44 3
42100 36738 69859 
2228 2
51171 61281 
5566 2
69579 54841 
569 1
28676 
2628 1
43158 
7480 2
48315 17762 
715 1
9871 
3435 1
96900 
1815 1
1243 
7297 3
84280 13468 94260 
1441 2
14049 32541 
7212 2
31424 55177 
6074 2
74898 87344 
6829 2
70174 4631 
9741 2
92232 59420 
4309 1
84637 
3224 2
93109 6937 
3817 3
4600 57216 61102 
3303 2
36661 97332 
2115 2
34684 58374 
7072 3
10259 86528 32379 
4051 3
9785 2493 40533 
6776 3
76366 90752 61163 
222 1
35149 
6811 2
42282 18911 
5532 2
77172 32103 
7784 2
62751 63456 
4194 2
51556 17975 
5674 2
52116 35178 
3758 2
40193 77569 
7825 3
14907 92352 71422 
3663 2
39922 90390 
2372 2
7394 53715 
6294 3
7575 83092 16231 
9575 2
81267 18410 
1508 1
81587 
3484 1
56417 
6591 2
7706 25501 
2970 2
82523 87866 
5293 2
80554 59977 
10037 4
31106 62047 56320 72580 
5890 1
19605 
7055 2
46333 86537 
7162 2
98084 21693 
2444 1
15855 
901 2
52490 4778 
3401 1
21587 
7453 2
18841 66909 
2769 2
63728 36630 
7355 2
31149 26818 
9056 2
27813 30090 
6175 1
63918 
1372 1
59696 
3132 2
41045 15773 
6956 2
67142 45685 
502 1
32192 
2524 2
93640 6575 
1317 1
68503 
8220 3
39214 90433 49545 
3139 1
23204 
2202 3
10302 27265 98504 
3192 2
79845 39226 
3148 3
7180 47986 96052 
5264 4
4041 40794 6255 44474 
866 2
64430 76819 
5100 2
20548 45928 
2012 1
59022 
7061 4
79495 3264 38526 60044 
184 2
79804 32032 
5192 2
42169 60144 
3360 3
78902 94624 93371 
2492 1
59067 
3753 2
72920 18111 
6456 2
59202 83950 
7234 2
79330 9328 
334 1
39799 
7589 3
44658 8278 63290 
4277 2
16178 35602 
5009 3
79893 59461 37554 
5042 1
26903 
2009 2
61486 17472 
1970 2
74207 88650 
7422 3
90600 55951 2758 
57 1
18054 
7946 2
36485 64003 
2055 1
3030 
