122
1039 1
16181 
3581 1
2050 
492 2
8951 35426 
5140 3
82670 45889 69999 
1465 2
17677 67474 
1467 2
74190 28333 
3715 3
48126 5635 45388 
1569 4
23484 31090 46224 5090 
6525 2
77771 61077 
6229 1
36645 
985 1
62428 
6746 5
72437 16081 62722 15445 54355 
3270 2
5025 49779 
219 4
57377 46423 62107 88255 
3463 2
61736 77784 
2910 3
36267 23563 26347 
2983 5
55254 57995 58649 63550 58389 
2995 4
37968 24441 71491 29572 
2140 2
66473 42254 
1055 4
5854 4424 42825 60847 
3636 1
41693 
885 1
68003 
2823 4
53429 64309 702 18007 
1443 4
72447 44851 39059 67589 
3409 2
187 26249 
413 3
26666 76380 50850 
1591 1
29232 
5598 3
24464 45940 41612 
4710 2
64350 12011 
1069 2
3270 82314 
2049 2
18774 77407 
1169 1
35657 
5521 2
30910 19521 
1567 2
15936 36555 
3682 1
77607 
3200 1
31589 
965 1
87514 
3539 2
85111 16488 
2650 2
39580 82839 
3131 1
20185 
1210 2
58655 10084 
3245 2
43676 30008 
6595 3
57460 42897 82069 
3105 1
59113 
1961 5
38709 7219 31048 19079 43709 
2923 5
46296 2174 47896 78301 23868 
394 1
71159 
2081 2
34738 33150 
4042 6
16278 10015 75185 27082 28765 14118 
3376 5
4064 56752 53733 48528 57297 
5198 2
65655 62141 
3189 5
1992 41446 6008 64774 53459 
1720 1
63966 
2752 2
57551 5224 
2404 4
25072 22339 41616 66333 
3758 5
38440 26235 79196 13987 80301 
1752 2
66683 68107 
2825 3
74120 37331 16426 
1550 2
19260 6749 
2333 2
40744 24847 
660 2
6409 55211 
735 1
23948 
5516 2
32412 44081 
34 1
31441 
4086 3
48847 20498 19773 
7027 4
86854 47106 14840 84811 
1369 1
49458 
1334 1
52978 
904 6
7302 56546 43910 3181 18375 20122 
3654 2
60939 68779 
5499 1
50877 
2506 2
31128 54498 
2396 2
53365 38032 
609 3
52582 52560 82120 
2257 4
83616 65065 39565 27344 
1133 3
77950 76046 16308 
1524 2
80496 49309 
3413 1
26472 
2215 3
52785 41126 40985 
2514 1
14004 
4961 4
31332 50159 40560 74219 
3070 1
48737 
6967 3
33363 18231 36620 
2173 2
25051 86361 
756 1
64293 
3007 5
23080 23775 55982 74471 84743 
5468 4
32392 30636 37886 20363 
6021 5
69988 53915 16886 8625 24893 
2953 1
30869 
3942 2
85477 46070 
4423 3
46408 28794 39560 
1686 1
67795 
2829 1
57040 
2423 2
3098 9408 
6790 2
27271 25000 
2212 2
86948 57453 
3870 2
55938 18021 
2445 6
15451 70614 23644 72304 54451 6524 
3468 1
45770 
6979 2
74762 28394 
3458 1
34377 
5227 3
67155 838 60500 
4711 2
23038 47135 
2100 1
22358 
1525 2
25564 132 
2804 1
39534 
3246 5
55091 65882 48258 41664 36420 
3488 1
65798 
2178 1
55191 
1830 2
36721 83965 
2863 1
12561 
473 2
32297 17347 
6134 4
63668 40250 86636 50884 
611 2
23979 265 
3325 4
49302 39585 80785 71035 
2370 3
4560 43780 6727 
1091 1
34684 
4018 2
70524 14567 
4278 3
34455 69118 20552 
3368 1
36132 
3161 1
88003 
2036 3
44927 18982 74409 
