379
11119 2
31525 44027 
13195 2
4439 7504 
249 1
48251 
2642 1
30052 
15063 3
40233 69704 74533 
4454 1
1518 
3260 1
62031 
11120 2
56740 45476 
112 1
60431 
10519 2
72960 47208 
10347 1
63610 
590 1
31422 
975 1
29971 
3363 1
29892 
3808 1
71052 
14912 2
74844 20724 
2116 2
51383 8301 
12929 2
58220 56709 
8682 3
43132 50085 5798 
9301 2
1719 43748 
12633 3
15303 9999 54384 
11166 3
6612 51568 49570 
2999 1
50722 
6087 1
38607 
9906 3
14907 30731 69144 
1918 1
57358 
991 1
61365 
11865 2
9633 37827 
6793 2
70302 21976 
7551 2
64527 41651 
6263 1
59491 
3854 2
78234 80719 
334 1
27911 
4859 2
66542 30953 
4511 1
6452 
8670 2
16909 36949 
8325 2
63209 16582 
7932 3
17806 72427 59548 
12770 2
4206 13957 
765 1
61636 
5369 1
72964 
2547 2
73302 60670 
5198 1
31829 
10665 2
69237 72166 
2641 1
264 
12122 3
54383 65771 40373 
5969 2
39020 50068 
678 1
46253 
7054 3
36409 78379 36358 
344 2
4954 65578 
5569 2
32080 25590 
6479 2
37361 36970 
758 2
1723 20535 
1124 2
62949 49221 
12283 2
2121 78427 
8054 2
26135 40484 
11054 2
55715 13286 
11843 1
26695 
2311 1
11190 
9898 3
13276 36499 42492 
4917 1
40300 
1747 2
12955 27523 
4270 3
6835 54436 22837 
12153 1
1098 
11312 1
76692 
365 1
29241 
9697 2
35143 62269 
11189 2
74742 56197 
6952 3
34845 46087 52569 
4702 1
6082 
3187 1
79720 
6182 2
23363 13999 
7835 3
21804 47570 66513 
4194 1
41649 
6753 1
44019 
12095 2
18080 38610 
6612 1
3654 
12304 3
68784 27407 22356 
5040 1
34554 
10726 2
77922 38299 
9484 4
4949 30317 51564 66179 
11916 3
50992 81034 29918 
9241 1
21518 
4008 2
51634 18301 
7282 1
12050 
9044 2
60551 23749 
2032 2
59708 33017 
7765 2
23884 28282 
7441 1
41666 
5095 1
51031 
7879 2
64710 54786 
2003 2
51923 3863 
12891 1
77306 
3521 1
75269 
10619 3
63433 35175 76950 
9605 2
41134 23944 
9292 2
40246 20526 
12791 2
16612 74239 
43 1
72574 
2568 1
54408 
2603 1
73200 
4486 1
44564 
7255 1
59726 
11011 2
70337 311 
2231 1
52220 
9844 2
67017 48969 
12724 3
53441 77983 1476 
1737 2
44356 2419 
3343 1
51833 
1325 1
19453 
15425 2
9010 9693 
666 1
70718 
1384 2
25115 25724 
9513 2
61488 19007 
10118 2
15542 75352 
887 1
35956 
10032 4
59210 53693 72283 66076 
11816 2
16746 671 
3131 1
50698 
17807 4
55993 65336 71260 65692 
12731 3
79357 63235 46973 
12468 2
25446 21833 
3413 2
39841 48174 
8781 2
38550 61691 
4409 1
56929 
2756 1
65728 
4118 1
29112 
11770 2
28493 79254 
12592 2
22315 46418 
6179 2
70092 40496 
11840 2
54909 70998 
7337 2
31630 12713 
15692 2
29890 4116 
2107 2
74324 39467 
5970 1
56604 
12109 5
25463 48976 34636 35798 42625 
6809 2
47735 9694 
366 1
55405 
2570 1
14549 
16662 3
64304 31018 21949 
101 1
16231 
1465 1
32082 
10099 2
49003 53939 
9364 1
78854 
10824 3
41140 41522 52390 
4806 1
66558 
8434 1
15911 
8759 2
17013 19714 
4526 2
8783 36617 
1321 1
60570 
5346 2
74133 75284 
2272 1
18770 
9184 1
785 
2817 1
20880 
7329 2
28770 11131 
10044 1
7968 
6201 2
56121 37806 
10469 2
54222 6463 
11902 3
34795 18113 24337 
8787 2
35206 14140 
333 1
31767 
16506 3
51838 37773 40404 
10075 2
78533 50869 
8684 2
78070 2858 
1224 1
9645 
6422 2
37692 11299 
4029 2
76245 74452 
4902 2
76966 54372 
9422 1
18733 
9151 2
13488 69052 
11225 1
65287 
4538 1
77097 
2005 1
46491 
7383 2
10837 38001 
6351 1
77234 
2017 1
52481 
5371 1
3592 
8349 2
17970 68048 
4708 2
78073 76633 
4570 2
66706 10906 
2313 1
72145 
3356 1
36953 
7614 3
48461 46106 5665 
4475 2
11085 32111 
9121 2
38853 20340 
9414 1
73863 
3587 1
9793 
8236 1
50322 
11783 1
62400 
1815 1
5152 
3689 1
35164 
2998 2
41540 39202 
8028 2
31660 41020 
6078 2
38313 8652 
9559 1
3008 
10194 2
20166 59624 
9712 2
73904 9208 
1811 2
17544 63887 
9493 1
6124 
9388 2
58462 69454 
9825 3
9515 25698 62317 
13135 2
46008 29175 
12027 2
14382 43796 
2088 2
35387 73949 
4933 2
62681 41324 
5530 2
15120 19331 
1980 2
38570 51215 
12161 3
15353 75040 61794 
1091 1
63957 
6863 1
20533 
2933 1
71631 
1381 2
69396 53673 
5622 1
41447 
3984 1
40454 
6148 1
76530 
9310 2
28986 18193 
9343 3
78801 69287 49292 
1467 1
26768 
11366 1
4745 
53 1
31850 
5448 2
55790 51548 
8001 2
44115 29968 
19307 4
32889 54730 3962 40901 
5636 2
45308 5442 
809 1
26106 
11862 2
28603 67287 
4685 2
13782 12742 
10913 1
6192 
3223 2
18921 52618 
4630 1
9117 
7093 1
71956 
6265 1
20030 
8567 1
43285 
5092 1
35036 
3540 1
36512 
9835 1
2254 
1125 1
22786 
11124 2
43703 79058 
9303 2
64567 76265 
17650 2
71504 38555 
7425 2
36493 80295 
5971 1
60688 
10976 2
57076 70589 
5885 2
68714 53866 
10022 2
70409 78573 
5644 1
12559 
5672 1
77613 
4296 1
13752 
3653 2
8754 65337 
12222 2
77846 3111 
4499 1
32184 
11887 3
64299 1089 72843 
276 1
47691 
11744 1
1896 
8731 1
15093 
8500 1
4774 
3473 1
27276 
8605 1
47276 
9429 2
55355 21698 
12650 3
70610 48696 69132 
318 1
34244 
1526 1
80494 
7779 2
41168 18562 
6902 2
33621 7068 
8554 2
40426 6312 
9123 2
72719 70764 
660 1
43521 
319 1
11081 
3986 1
28999 
11978 2
74684 18894 
10016 2
34152 31786 
8256 1
75460 
6175 2
5694 32042 
11755 3
11969 2546 52025 
11858 2
35780 12788 
7019 1
53554 
4752 1
72293 
18489 3
33812 14657 5579 
18277 3
12626 38792 80566 
12806 2
3942 61505 
7385 3
55938 35735 32350 
15111 3
63620 45585 3785 
9799 3
22462 5985 23130 
10898 2
8519 5717 
5460 2
9613 80169 
12656 2
42344 64292 
5593 2
77387 48391 
3935 1
73423 
10843 2
67405 58162 
15029 2
58440 8583 
13443 3
46422 58159 20327 
9667 2
56902 28621 
3749 1
41955 
2719 1
35330 
1380 1
33794 
12493 2
79521 48775 
2583 2
8065 31267 
13924 3
42733 6106 17693 
12651 2
30222 66462 
8577 2
19770 74434 
8943 2
20942 72191 
10535 2
20083 34591 
9428 1
8852 
571 1
37848 
4324 1
36028 
6416 2
45304 66362 
6875 1
14347 
7484 2
45015 11020 
3539 2
109 56909 
220 1
21808 
7822 1
1286 
11138 2
816 51537 
5873 2
15914 61835 
2343 2
30724 3405 
4215 1
634 
9876 2
75575 36849 
4507 1
70739 
2234 2
2108 42863 
3582 1
54370 
9000 2
60527 21196 
7814 1
46209 
634 2
62744 24160 
8286 2
44232 34855 
5424 2
20155 3906 
7716 2
51279 72560 
12296 1
30027 
3602 1
11877 
7683 2
80015 14856 
4275 2
43517 32589 
12618 2
63344 53610 
861 1
48859 
6980 2
11082 32600 
7877 1
32328 
2828 2
60935 17333 
9554 1
40640 
9705 2
8318 49904 
9077 2
12343 9726 
3116 1
77412 
11281 3
21990 56788 57374 
8706 2
52522 57427 
3188 2
39356 2418 
11282 2
4856 62798 
10054 1
60698 
8282 2
4664 39601 
3700 1
40024 
159 1
32004 
3670 2
32084 74635 
8844 2
38108 5610 
12000 2
70178 10664 
6168 2
40606 4436 
10906 3
13367 21365 55370 
2351 1
17558 
4385 1
52600 
565 2
38508 17490 
2598 1
26413 
12828 1
51455 
7668 1
73615 
7406 1
41317 
309 1
11922 
8333 2
67099 8687 
8388 2
11776 11687 
12350 1
76228 
913 1
2260 
399 1
29955 
4965 2
1164 43188 
4109 1
53599 
9046 1
62766 
1341 1
38934 
5096 2
53248 10330 
3418 2
32792 55736 
4690 1
13255 
7679 3
12125 72673 67726 
3161 1
62115 
8558 2
10841 48926 
12348 2
54337 75305 
6731 1
34896 
12666 3
30888 57355 59010 
4097 2
48617 58285 
7038 2
43220 33622 
