148
106 30
88774 81280 87754 19941 68225 17653 64996 63789 32902 39599 96259 95465 35757 26225 46778 10875 89558 69878 21244 48271 71096 16967 95124 88415 95393 12695 66528 95778 66138 68818 
1681 31
81975 22416 45398 50750 18476 17694 71570 93321 10333 81440 25382 56354 13506 21792 71558 58797 49323 95151 47142 31402 94212 20605 34119 99347 26399 78787 41821 32253 58748 4983 33888 
1067 30
84333 21261 39991 13907 71851 90927 2986 35015 36989 32437 57163 46706 31937 19321 93208 42805 23610 75544 69587 32267 26040 63465 89575 8375 43202 63406 91751 16792 6252 85387 
1682 31
52127 28553 99462 78424 41121 14155 28138 91406 84824 6267 66623 88314 99850 73961 93221 90025 43336 78300 54441 31605 72665 5139 36223 73080 79230 67901 30883 69054 25599 59086 78440 
74 30
70623 75624 9464 25209 50027 20712 70357 34644 94678 45482 10174 38129 20504 50331 41635 46293 35178 12524 96309 85371 96055 32421 44593 79399 68968 22848 43899 29291 16441 10731 
1116 30
75784 3601 98544 35437 56623 54502 94439 56495 36485 46132 48760 73712 41802 85093 16458 13583 70631 18207 40275 65258 37769 50975 63892 29315 15464 39385 64940 86843 84539 76553 
471 30
69147 45353 97200 37512 93715 37737 92863 58508 99413 24481 68804 74251 86141 64618 44442 22894 27354 46145 53247 15720 71710 83108 74871 79151 57958 66322 4014 20405 37059 66708 
388 30
99910 91339 90006 65645 4836 81856 92575 99616 51300 85167 71550 32102 82729 63039 19663 56949 66397 41566 80005 72471 27760 19079 85468 34264 91521 57394 7964 34254 14612 91390 
1342 31
39448 35667 11834 46717 3614 86610 38796 6718 43508 33438 18396 15011 54635 21555 49555 34519 48926 53551 98825 51199 19123 26014 27499 58960 48854 75771 92855 13429 51559 69642 61446 
491 30
45762 89840 66879 59396 46017 46485 90690 72074 41336 83916 60507 64500 95126 30813 78945 27186 46545 77156 23153 37331 26776 2990 14894 90699 48193 16742 73448 18031 86794 82124 
81 30
22043 14675 44737 56889 56012 96534 73908 10016 78739 65871 39902 45328 54375 31784 15042 74441 77557 30698 72411 50016 13805 41709 10165 46975 5202 9119 47858 65092 81361 97003 
380 30
35197 28354 43743 81748 5955 58287 10117 99294 43840 91185 53522 97821 30097 67153 145 66673 37003 6464 64553 4552 79348 7057 29669 51947 99448 80819 36058 71384 59120 79405 
375 30
41748 22067 47392 83720 81075 69826 29038 63923 47357 23801 21052 15097 28400 71911 70827 80482 92549 94431 65492 63619 78268 16026 64536 73290 3113 68733 20580 58472 85438 67827 
1624 31
56482 60159 70522 60205 78264 46028 69671 50678 7779 52234 6488 31575 38164 98056 92629 74507 1020 72969 9630 75481 35597 81878 35662 21071 98793 55891 40372 76601 31475 29573 68175 
447 30
51002 68298 31353 7066 98755 88566 64669 63017 94046 45417 34316 40598 48841 39030 69026 83044 92809 46714 75853 49865 95918 57106 63518 50434 465 90678 88772 51290 35572 88746 
1224 31
82583 58097 57817 24283 41886 9403 28169 99113 30515 30088 29171 22728 92055 30112 6058 36588 77223 74229 69796 86412 16127 96443 69191 84899 64668 46203 74097 53342 5369 86285 21402 
169 30
89413 46969 39891 59913 36383 96166 90785 30003 51059 66570 8796 36215 82736 53317 82018 21353 16022 84508 72097 92293 22430 93305 72365 81317 53265 95389 99857 91755 68081 42821 
98 30
48482 2934 42954 25639 4509 37517 38971 60266 89832 52079 17448 48791 89156 82244 9638 37300 46130 35116 81968 92090 11625 18014 10768 82908 98436 86633 13673 62809 84741 35834 
216 30
47530 8742 89126 7525 61877 46026 41554 71006 22575 67752 84848 98982 20478 41698 54926 87679 67098 71201 91134 7623 12612 48631 73113 12939 69541 8688 3286 23341 28559 88344 
1690 31
2074 14778 62189 54435 89285 88299 77058 41191 48667 90361 51303 8262 68577 79582 41968 86600 19006 60586 25433 7016 14992 19935 37846 43270 67836 85106 84227 59802 30792 78076 19114 
1369 31
16893 93616 99333 55388 66061 57608 31832 35344 93728 10267 782 48116 58219 77052 28410 69493 23157 62680 84328 95836 43783 79253 71936 24807 77999 4962 2909 83509 37411 44771 53092 
379 30
90079 66400 58948 5052 30888 32583 40041 90880 79552 87945 17238 41188 22810 20559 48388 58178 33142 59540 74965 43704 53764 79099 82037 79763 77820 43272 31387 50446 74375 29447 
62 30
38481 8138 15991 93758 86639 87689 56817 3940 21601 39345 9463 81506 137 85153 88137 4694 80914 13606 9735 41510 4309 83099 81876 18734 78194 21106 25861 16459 87600 47044 
352 30
55637 48790 56863 10991 4682 83129 87186 97025 58573 70669 91876 4545 54218 75067 93898 34325 64864 55403 70674 40738 40936 72778 69192 70398 22748 67734 41125 93881 95586 94462 
438 30
31498 87131 67713 42117 39659 65228 12364 27002 64349 17949 225 11748 81752 29040 12544 16875 59786 99703 1002 57388 21292 79572 60807 99057 69358 65070 65362 907 57189 12973 
1167 31
33296 95905 99030 18968 71377 64506 76119 42212 81967 62355 13394 94161 519 30535 36327 96225 57413 97438 88719 35171 44079 80065 59979 61916 10193 84671 62882 28050 45986 54256 7807 
1148 31
34240 74408 69546 2764 29993 36672 17697 17516 73155 39106 41972 4621 17008 50721 73882 40131 13764 5875 5883 6937 27546 80246 9850 26514 32337 20879 60491 37695 22316 45346 48935 
1174 31
58756 99679 81530 47889 97324 40650 76556 25229 63540 28314 34856 4463 83847 75849 14783 17469 51064 25138 54249 74346 52833 71284 94716 43167 92746 3659 47050 13338 44160 27201 9318 
414 30
68148 78072 11288 44715 88803 86006 58837 46652 83755 91157 19940 56321 38166 69975 91831 14464 40948 11068 14763 5630 53616 42755 28568 8115 88183 29339 45492 44965 61991 5860 
382 30
95519 12043 75605 21210 5193 37957 80376 14513 50738 64198 57676 23380 21459 940 13378 15047 55702 21927 72295 99638 15824 87660 19309 3813 2737 32216 39711 42059 50109 48690 
208 30
74220 60070 70708 56756 68131 68638 64542 71799 60550 4897 47217 44182 58118 59059 59117 42004 41739 68970 68655 83740 76214 65324 73153 61370 82125 1804 87140 45395 99428 42443 
571 30
44757 88908 25626 85613 36730 68609 9976 73248 96408 97781 80556 31283 77576 68716 35672 78922 99296 37938 3279 88388 16267 12513 80414 18433 71508 77627 98547 7255 57655 69595 
1124 31
47922 33272 93350 69659 77017 12423 85907 56811 88871 30886 60969 63396 70247 20668 47012 42458 60781 1119 68981 89253 61513 35538 7939 54869 33444 8797 650 49526 34944 30745 10648 
140 30
69812 58000 66503 66095 41276 44489 35601 48153 49771 60568 778 49464 49243 20178 89321 90602 74184 68440 80576 88938 58844 96169 31622 14391 16182 80789 75140 82006 52438 45830 
1599 31
81296 10503 18627 96170 8754 33167 83025 42853 46449 23029 45029 49891 28566 8507 38006 43890 91708 84703 74126 70292 84691 78452 23722 82306 17009 77159 36396 19267 14305 55034 54391 
765 30
7095 30865 17563 86228 30548 66694 41048 30106 90039 87706 6324 93085 53983 74485 70560 97000 94592 89267 26224 66758 73744 25489 80927 73895 85780 86957 76329 88668 41655 10913 
67 30
51977 9824 21265 72696 31535 34003 54247 14115 60717 78123 35554 57402 66713 91139 79374 46849 83650 11874 42137 89384 76168 19977 69063 68186 92068 823 43957 11084 33871 49167 
926 30
30972 62135 85762 64970 17633 92289 72370 20293 68796 71061 90088 77641 368 22738 68667 85460 93841 49681 17916 72095 65821 40147 61303 69463 88389 78093 79114 42236 25532 30771 
162 30
46988 93498 51908 60544 50623 40802 87344 34275 61294 60543 78144 50564 18045 85492 45891 70287 61115 52900 71261 48404 8984 87472 82059 97341 99409 43372 46745 18237 31567 34753 
1396 31
23822 41743 84282 68878 22243 29958 47459 52502 64905 4044 68303 73097 45780 17178 71841 77710 5574 28928 65991 4220 10151 7366 48694 64090 29458 93801 82267 99316 29514 10091 75426 
879 30
5922 7192 7009 33559 72767 46062 69272 11966 87508 68777 84150 92898 22908 96152 59705 25770 15591 51628 27249 10574 9823 10138 98238 69574 83343 1581 73993 32481 43312 75405 
568 30
60451 33616 49473 22153 56155 17671 68042 37239 48447 67059 19555 65463 25054 65921 74574 4757 99709 38262 50523 76426 71638 73714 88309 20999 27053 31190 99146 92485 56381 89403 
1689 31
11949 45530 17246 386 21594 99546 8616 86482 72178 75652 51151 5800 39240 41486 39348 17076 74557 61230 1217 19227 46445 37730 96061 10857 27131 44292 4251 57269 56835 51443 2999 
1002 30
26659 6184 88244 69233 99259 1788 25593 85040 46291 5649 92585 14553 57431 91815 57066 54273 19878 4058 57417 22774 27083 98590 2683 32002 12575 32030 67864 40531 19044 76783 
1591 31
99841 54569 16598 86417 41474 47665 52238 69328 77913 99278 60428 60336 38707 59791 80046 19380 38313 1022 43956 10657 76296 74379 27506 9648 98357 2004 37041 20487 33594 28467 78333 
238 30
8067 42980 63781 63240 60136 51183 28679 92939 48274 15703 54700 45561 6500 88787 76336 47953 79200 85265 93143 59968 58836 30594 52812 7068 38776 84730 74443 34664 14114 62225 
402 30
78505 96756 42970 23514 95908 13950 25338 27365 95620 55526 68898 84655 65326 60385 245 55707 61970 27477 8916 98216 68556 38621 80241 9459 28297 85164 30077 41725 24328 16186 
1453 31
84632 20888 42723 98332 12012 93101 45374 11095 14646 67265 88028 5662 88141 82227 68755 34992 38778 22583 9308 49523 190 99411 13065 37154 11858 11292 2089 80018 59837 98811 19778 
1430 31
98591 52243 44974 5214 53519 85522 2231 51864 18360 13760 53243 35505 40202 23285 1689 94039 36913 92005 25046 85308 18344 19577 13592 70137 41169 98059 4689 9466 33674 30000 54199 
1606 31
42354 15790 51193 16452 42061 1696 29883 28834 76986 16974 67381 35691 24431 81488 30766 11474 86913 18864 60621 56995 91348 55525 11227 28146 39397 33152 11667 49100 60204 99288 79401 
667 30
7981 23713 94290 88360 64480 790 88733 95432 80201 5049 21175 81634 67005 62625 12671 71676 36213 68540 28572 52685 66357 1564 33039 12345 35277 67821 36955 6273 92551 12377 
1585 31
22080 82400 75033 59838 51047 75181 49332 19686 31338 5951 43133 47920 38906 50905 25680 19649 91986 24223 54207 92836 64581 80763 66573 14759 5316 55945 28036 15102 87267 72397 91108 
815 30
11471 81839 58070 99861 1492 98053 14355 60747 56760 45114 80331 37994 71622 93260 2555 82071 86295 36420 66807 20369 98105 92159 77326 78338 14756 95073 83023 70036 73128 28653 
1083 30
19180 4416 3733 77273 68489 66408 1132 25960 62925 41563 29515 1542 64361 96670 30629 21001 21831 49192 82696 92653 6738 38678 61220 95932 78392 42068 91484 7613 72831 23046 
528 30
79075 12810 72971 99574 6521 63906 93659 68031 66362 39143 12014 23499 67138 79504 83935 76083 7527 97834 47515 19162 18590 46603 20511 82849 75201 53594 1684 59779 16152 86714 
473 30
13580 73074 49882 73978 26269 90401 12154 1081 34804 43390 58737 82510 66788 52924 59580 75610 15768 25879 16601 12701 89496 22364 93225 74078 31576 94265 56771 92236 15319 80109 
1298 31
34130 74426 27606 86858 69083 93537 89604 81670 55564 89864 25600 84481 65035 55671 74882 3622 30642 89567 77818 6093 85688 57199 69959 66410 42108 76517 38888 32709 99136 90959 24168 
973 30
8144 21048 49038 70721 12777 33823 89900 75836 39785 75434 85300 78784 34789 25437 17804 67936 97486 12469 14007 77814 16245 6054 6869 61408 21339 20404 19395 38323 23479 46359 
317 30
64622 67193 25232 105 48133 93376 44988 53357 17807 23596 61853 19757 43485 6599 38115 89718 7792 4805 72356 32809 27638 69223 41212 56315 84707 87117 29393 38762 68078 71935 
335 30
20005 41853 19021 69992 28666 87524 73295 62763 33248 56857 86475 28757 43931 71005 21197 93078 17622 53230 63507 72416 11896 32458 7313 76942 22226 44940 12333 93783 92851 13865 
703 30
78792 44791 39451 3966 58601 94795 74288 39144 55049 61263 47327 3367 81612 37819 86953 49704 33285 82323 55523 36258 27707 94266 63982 3757 23719 65528 40262 69062 91616 71476 
1566 31
42801 61360 44012 97887 67774 41703 31924 89657 14727 22548 69730 86091 36466 52703 94809 40241 73656 34952 41149 22406 42827 76261 93717 40108 67499 46723 18127 37047 71419 63717 31617 
1444 31
75235 91207 40174 72039 36514 19473 85020 12647 33059 50239 92640 44260 28715 56101 14684 8112 59840 82676 79561 77826 5229 60369 45514 9939 15247 15407 592 25628 24199 17813 5725 
885 30
73766 67373 1819 15532 89836 24374 51732 52099 43562 43766 74222 99232 59191 24645 52194 57489 56960 41597 40216 12089 17520 13763 65314 27258 44282 1885 16091 49213 64335 66001 
1170 31
85207 21343 85591 42941 84442 3354 97906 55126 31105 59122 33109 3784 80503 59893 23180 59020 54212 78357 98712 36134 71764 12491 7005 57679 30957 1790 63084 53218 62337 30933 79982 
442 30
26640 64695 27439 78042 22921 8328 14571 83730 33159 26683 54463 9691 45779 67552 64142 77598 51145 73994 12234 14395 18473 98413 87892 44355 83277 43240 88297 2331 26159 42017 
1096 30
62811 39798 68917 27690 84420 1051 18165 99608 52410 56959 25067 90816 18036 79131 61366 36435 55733 92184 40566 86294 66995 91888 88441 92941 14183 72028 98232 53163 23652 92030 
57 30
4637 53130 10188 65982 74304 90547 43934 3657 78558 84926 53610 97680 82003 19640 13311 69382 34147 75937 11723 14870 70670 6954 10060 95744 22883 42544 93028 82942 77525 73995 
69 30
90299 81192 43707 56500 1267 98765 93729 20465 76739 82097 94534 3645 14203 52758 33737 31525 31095 928 43267 27998 97687 56653 13123 52463 28134 21477 26595 10772 68183 41608 
1557 31
71586 67607 38281 60219 76101 88873 11813 83385 83491 49084 37159 97205 89223 31329 6856 2565 14672 99952 49354 55238 87831 82743 94093 47683 79224 94782 30804 5258 40952 33086 63634 
1378 31
19996 86927 79636 81094 96339 16185 19477 93540 45156 78970 81384 24188 56070 32534 96986 52391 25215 61596 78851 88927 35473 63637 76949 78503 51267 60892 12059 97023 57760 24603 77558 
395 30
70611 14364 98292 48771 55836 19198 86276 15998 41646 81792 17841 8263 21020 49906 9299 45631 2437 48741 42393 79899 31077 98761 49356 27801 72926 55082 74739 55053 21586 55061 
1196 31
79308 51888 37476 57335 24711 95235 84086 12639 48551 74391 45127 87306 62206 45190 78349 20794 7566 25291 8159 50118 3801 82108 33703 9524 95567 59854 26928 50235 54821 67387 90823 
166 30
95790 66800 56805 72344 19212 36375 33914 99997 16928 72627 4786 65225 51656 94318 84963 4564 22928 38137 80558 39734 22206 81145 85614 98690 95373 70285 80980 5068 21676 17675 
295 30
35588 7990 13129 26539 4312 5414 43938 76057 93257 11034 22815 80614 72035 36233 46451 92563 42748 93519 9758 78639 25786 86530 17086 25265 55268 69479 97734 53703 68377 23376 
332 30
91199 44080 90665 79688 26115 44466 37790 83451 51714 31865 59084 26876 91263 7193 28807 50390 34873 88627 29943 55233 28375 90214 30382 57308 147 52715 87006 69916 2315 88754 
1316 31
51842 94064 46059 92652 26358 27774 29157 9484 89876 69958 69492 25431 80268 94438 3293 84842 33483 73966 96484 95212 71158 51965 82843 89935 90896 57991 76805 65886 62622 4197 20077 
551 30
19105 46310 29510 60532 79905 9579 97705 30255 79706 93342 8468 52558 28043 21765 37000 21267 56766 46260 63392 73552 3744 38985 30783 36815 33817 27938 11260 99794 44189 7416 
658 30
43290 88671 6980 64196 30313 78324 74624 13933 45130 38452 81483 85059 83515 86769 43758 6527 95675 47382 19713 43954 84312 46002 87770 64406 24391 23589 43861 28031 73910 14332 
133 30
22212 24399 30955 44716 96196 68820 19009 58375 50845 7978 7305 94525 83337 58122 55484 85171 17355 72142 87927 13105 7773 67925 78494 73583 45355 19081 32638 68427 6585 82496 
1638 31
58949 83074 48068 8254 97555 9675 82750 34828 98960 38411 46716 9628 29745 82829 71959 41832 39665 14776 29811 16562 78470 99281 5740 32432 42958 65353 71531 82791 51475 54307 46178 
18 30
12064 58772 50551 81200 85828 15174 42270 51198 313 35513 88451 25924 69576 72311 4269 9974 46184 91319 3499 56239 23443 776 5528 26530 29708 95055 65471 80259 52475 89545 
961 30
94845 98032 30441 22793 29953 84880 21064 34705 7391 74541 46712 62386 60584 78276 59406 97636 88392 77152 64723 93486 25623 24684 81098 54723 74339 78450 20723 31992 51442 23817 
1579 31
35595 69785 68082 72059 51245 70680 2205 57449 55295 99179 57257 92615 90071 28253 27806 93824 36475 46158 92329 96726 58041 17185 57987 36746 71115 31126 98844 13545 26986 99731 37223 
1248 31
14871 98659 42828 18637 89520 90862 23769 47489 56171 91671 19754 57872 1513 46045 66462 72335 34473 20200 77088 48129 56130 2611 5566 92823 1409 61078 1630 98780 46228 19282 89399 
104 30
80028 83201 59520 14808 63546 22433 25501 94041 26397 8264 98158 21581 2466 10915 9857 78618 69973 3184 3647 94367 61244 50676 27702 64643 75455 28245 20674 3237 71689 85885 
460 30
44488 69791 15493 88230 53582 95382 40630 15465 29224 13828 69803 16205 27388 21045 15880 40085 73911 42534 49438 76414 36069 95116 21556 23923 64761 43695 15393 32058 49144 39627 
1470 31
39280 75225 13380 37022 71504 23974 46524 10296 61811 85763 68038 12638 59967 57696 78279 88206 29188 74938 5262 29008 4620 423 75847 88629 66251 49196 66122 62574 59205 60662 34656 
1532 31
13637 91428 14674 348 24065 15335 64378 987 57187 39310 30334 61098 32405 89690 69596 29296 71632 54411 98924 67512 47577 16771 62567 24885 35981 28705 15303 55318 50205 44772 5666 
1187 31
99751 82640 1403 51378 2016 34865 83959 27916 89544 91978 77100 31187 35422 44272 32628 36298 79566 60441 64132 61392 82346 41870 59355 6690 59916 57271 16903 44293 99196 79271 90421 
1493 31
97456 1202 26212 90811 60998 90062 37469 1754 7815 13206 78609 18110 96941 14615 39524 57577 99228 74026 19999 64183 90752 11167 44211 23885 40679 79556 53394 44591 65103 76430 24313 
1293 31
45285 68928 6731 98417 99220 568 97453 8169 14431 57783 22912 33424 3334 41669 51583 92713 63444 93367 372 35570 71589 96512 94510 7331 91111 82639 88187 50752 63339 97639 16554 
1362 31
77851 49493 58965 7956 10709 6204 67377 8650 25223 69174 45588 24512 49652 18919 431 52264 75148 89983 6947 60501 23160 57253 28204 86591 89145 90003 46454 21342 55432 52608 85345 
614 30
78233 31432 81463 30122 71057 70326 25206 869 39033 78375 57010 45922 74744 81035 45429 11643 61929 87995 14043 10054 54955 93001 48342 42676 20409 69370 12318 73725 42338 74087 
420 30
53466 67258 31632 89677 26017 20389 37665 51287 62890 19110 74392 29842 67371 22732 6613 43004 2397 94237 93214 82922 22624 36788 11794 47249 59423 6085 20028 13988 55087 33807 
111 30
31555 530 95572 80373 8192 42129 69811 39700 31915 1827 31455 45005 36554 1980 11692 22849 89738 41475 62516 79394 26501 94181 66243 36686 75218 38630 672 87101 8312 67520 
1066 30
28826 17358 23506 39619 54702 52965 39324 68518 612 67606 63430 99110 68072 55777 30020 82326 90871 70671 43384 66297 50612 88279 73989 38067 95513 77469 21037 56913 36044 40173 
1226 31
57225 90057 10656 93448 40487 74827 44138 82207 86545 34606 32069 92059 20832 22601 4588 53984 18564 85698 6243 28195 39124 43970 57270 39588 51876 4230 39918 1420 3667 44702 23696 
200 30
12718 51253 22194 92822 84379 77281 20869 68771 71452 47793 45468 21132 64353 51521 50730 41957 32924 25814 8518 84200 77907 15471 4478 37808 55883 35579 3787 73940 23641 51203 
686 30
80062 57078 47974 92450 82885 55904 77769 56203 40542 98481 63814 64029 68658 44679 11010 88257 50212 64711 40504 93377 44749 42065 21567 56406 78310 17129 47580 88404 77875 73698 
443 30
39358 77786 93351 58928 10871 41015 61007 22708 44440 25461 93044 3873 89393 30518 39380 18693 26682 62717 73729 95434 78954 76908 39465 6074 85039 30418 43980 22163 80634 97644 
1683 31
84762 84391 56261 23143 66872 35139 61674 34089 89138 468 381 98040 52561 67276 1059 80514 95563 28382 39689 83622 12474 79977 82386 71836 68514 85561 48649 28302 98993 65517 64060 
1341 31
13775 88031 25255 24543 47611 22370 58615 82280 3852 60982 72013 7967 58298 684 66999 24836 97995 85724 81622 21482 44280 6774 79426 56776 6866 82848 48852 50465 11218 59298 9112 
748 30
86835 64616 44191 75991 9090 92415 36509 54806 68476 93737 8054 68578 94851 77414 17051 76316 69995 4009 34232 81017 46516 96192 89333 38116 90238 90866 20414 66637 94811 65295 
1008 30
98118 95883 95714 97875 2665 20872 48189 45793 98311 51214 97247 61695 66281 25727 37174 29878 69833 84788 63858 49536 76445 48732 72437 75794 90904 77584 47242 24952 57605 98439 
322 30
17321 43121 21484 50902 27653 73888 12979 27046 96088 49837 76473 63621 53564 73700 28873 77896 43075 55658 2836 57048 46573 51190 40065 54350 63853 44294 2470 74388 41792 5126 
89 30
5391 28885 20239 3243 26025 48031 64792 38135 42774 35303 20735 14575 89875 93242 53109 56415 45522 95210 5270 59461 70601 80494 39980 64950 83443 52324 85498 7311 51329 68984 
398 30
80282 87033 47558 13480 41120 22697 45704 19669 64850 57341 86361 30635 40392 47069 5766 74691 46336 47623 63706 55190 79523 71432 26786 14835 98304 54644 25374 88358 38119 75296 
807 30
78027 96687 48745 76352 52557 77439 34212 33322 56667 6851 66632 69199 78857 36882 79302 656 87633 58410 83097 25001 60328 371 82021 2141 78094 50860 12822 6769 87481 30987 
177 30
28338 5564 59165 10040 35099 40928 71481 37098 19407 33044 88375 11368 93872 98442 78763 24937 36340 21969 5733 81125 56516 83715 61880 53543 38874 43789 95785 21093 53246 9412 
639 30
9802 90760 84859 85984 54833 34747 5299 44886 41181 3229 97718 93539 46458 73385 33413 3691 70801 97198 81977 93756 78471 35426 73852 80555 78894 2382 95904 83087 51703 65768 
148 30
54482 87795 4246 95989 66864 57214 72056 4668 8988 90865 53975 6423 55753 90320 96732 39573 54236 32531 65943 42426 23414 93808 24500 85911 54310 66170 13107 55365 99144 91622 
814 30
33908 84946 81619 47844 32696 84704 53471 68029 83584 26984 42503 35486 72336 8242 55125 18114 83411 41206 72845 64851 34584 4982 34702 19770 10785 67297 22467 1474 70873 27683 
371 30
24876 75007 54695 92913 80625 79781 81751 45606 40205 87807 42071 28535 42728 67893 9788 76061 22397 53078 13393 98092 64149 78428 8714 78674 81238 22189 90395 67543 20509 7048 
534 30
46421 95556 81611 18664 83444 74698 52166 51966 37561 64928 49904 36836 99537 34408 25274 19471 93356 42491 86722 49036 91970 57098 71559 11639 59262 40411 1899 5465 40801 88573 
207 30
35964 39229 91085 67395 1854 38992 31815 38118 40942 45745 25105 68254 67880 78386 26062 99247 26178 7701 88122 47598 67226 65423 25290 34761 96705 37002 69738 76300 18328 72473 
340 30
82957 38774 84161 73453 11829 83139 43734 65993 40015 53507 57936 54950 85853 55211 96344 85483 23905 39383 919 14576 3862 52500 53716 62311 93030 30156 56063 6338 27156 85165 
947 30
89528 29540 29443 13643 1426 14168 63223 50084 29210 46965 49583 61452 31626 94365 24417 53920 28402 98414 43010 70194 42764 78529 16011 75308 43761 6026 79594 58105 743 50052 
963 30
76671 79801 37719 39517 84961 34375 1863 1768 39041 50150 50822 96502 80286 72547 7355 96613 92515 16453 50755 85068 84623 45663 57403 57333 91962 81779 28608 43847 28744 51981 
709 30
10932 75705 76373 94080 3901 82812 50423 62105 18691 84175 54201 40464 42215 10270 8631 86422 8340 67976 60844 60240 9046 34445 82575 78572 74962 14250 79989 8487 56319 21056 
112 30
26183 17025 35328 51326 14276 7059 41977 96051 83485 8954 75339 11017 69689 83507 15827 5021 37166 30449 88386 75770 67755 47548 9682 80486 20183 20767 75108 49838 78591 66801 
323 30
1998 22253 48552 22786 31741 48539 58026 88119 90854 87787 94264 98191 39038 89859 52142 34498 15719 27200 7554 76504 37578 32224 46843 92687 89173 23936 56569 17881 76528 11176 
582 30
77651 65008 37101 90041 98377 71596 81235 79704 93007 72551 21345 81481 40960 91677 32418 3633 97182 44761 93939 46791 67330 57364 39837 39261 30353 57107 36592 11346 6123 75983 
1269 31
62910 1126 35326 32732 41012 79468 57421 23264 64906 43620 89268 80786 36378 37973 43199 90997 77498 42299 34717 98013 86750 84274 51975 12022 81495 67631 53706 5204 7678 13989 10630 
490 30
25921 90537 73185 54299 99055 21491 10804 97383 78369 64770 94967 54962 94348 44843 31238 71910 19814 99718 13453 46124 7179 62138 67120 81774 38436 22888 89953 5078 32585 48395 
525 30
19697 50963 66859 13131 68847 67066 87069 30855 36754 79671 5015 6278 76881 7761 89765 70807 79410 23770 29417 25144 39114 51085 15309 93347 25474 93456 24814 64485 99282 42820 
19 30
48335 27978 48471 25976 79547 10866 6016 51312 63500 52804 52935 16868 65130 36617 10839 91668 59012 34434 75129 83390 64646 57868 78846 80550 10720 79016 42696 82663 17308 18261 
190 30
26669 15207 26083 73247 37859 22472 98940 98065 7677 48550 70876 31269 78943 65948 93542 97720 45869 75718 83586 96967 43299 47495 82544 37200 61556 17360 35565 68718 67117 34714 
642 30
20564 52707 82600 79789 79434 86980 72217 92388 10387 9980 75894 83541 39939 18753 96213 66326 42621 30511 67831 8906 79917 50216 98029 61441 63454 92637 43249 4010 22464 56185 
1603 31
81822 83960 87445 31692 34695 46680 51140 2627 15040 13937 94397 71516 34266 13021 74227 46948 78733 99604 97565 69197 48453 17291 73982 64471 16169 62542 75842 62241 86418 78385 88322 
1157 31
23708 23014 8497 14112 9456 73658 33664 44353 96060 28870 10169 13815 15074 65927 13713 51200 81628 69520 89526 96025 39128 4038 11579 9885 27319 39988 80093 13801 81225 72835 8056 
289 30
62419 49085 94155 31951 62349 32330 41966 10106 63460 55868 24779 62441 99629 37073 83488 59777 4073 71147 79971 94050 58442 17177 14453 67325 6463 39912 31727 78371 80801 97479 
1461 31
70976 27397 8423 42935 70933 18429 12288 93611 54477 25791 23933 83771 70459 23532 17032 59900 5523 21872 35359 25956 38687 7035 7535 14747 98784 2527 61933 89540 72474 54584 46460 
318 30
18774 84544 40370 121 67576 87307 36434 41532 46667 55325 45778 23150 33029 73762 91850 85732 84233 76175 96446 95601 37046 94301 95598 69178 87885 82023 60916 35191 18630 92395 
721 30
66603 48381 21495 98850 47852 31057 82337 35794 92092 10180 17654 34484 70608 37222 5479 97187 52296 45646 40204 62488 76674 20902 72431 80371 16238 45455 33997 15320 43361 30108 
1377 31
6504 11375 78113 13273 31348 38340 91817 65657 17910 31336 35279 77133 30581 91122 90713 97334 72559 43801 93275 85391 93771 84968 42123 98473 20391 61766 43476 44486 85595 1094 15432 
1515 31
20733 47943 38768 6902 76435 39534 33596 41591 90046 70988 12860 50124 49797 20029 33655 79237 59613 85579 99218 52574 71808 49481 16288 82083 40929 2240 94455 7632 37168 90275 81052 
965 30
68549 54921 54344 58742 96459 12506 69742 23081 66140 59131 14386 70400 33132 51044 99726 29965 60222 88560 22188 93267 19229 45999 81078 40890 6271 12075 65694 19241 83174 81889 
512 30
84028 64324 55768 22578 15485 24646 80293 60922 74206 88978 42552 85491 80523 12084 24623 11602 97969 28964 14928 64600 839 3196 88223 52793 3035 79079 29486 67062 62594 27089 
248 30
27042 56253 62943 65703 76068 40479 65140 11162 92736 86874 51387 64461 5448 44084 54445 43614 90498 95137 4107 72266 48810 30309 38437 75173 16774 13667 90064 90568 75284 22340 
813 30
32887 91665 84625 64590 76993 32408 10357 87949 78011 49062 59143 17543 54021 70250 94627 75903 36398 55319 64548 50081 41334 24613 35357 31527 31458 64331 30439 16739 53812 42627 
552 30
38827 29781 41976 75773 16331 47386 97496 29584 5481 41272 35468 88920 52835 25166 74753 31000 47298 23351 92839 61828 16516 25037 83439 37467 16850 86395 4609 20502 27981 84944 
1306 31
98721 50176 89369 65177 64347 1208 22620 8271 37606 85261 30824 86078 16982 20720 85277 78403 63325 6771 25836 71862 91096 66592 82854 95053 84212 43025 23433 72019 30395 73790 23723 
1560 31
79455 258 47708 18509 20463 58427 91421 37463 84933 8449 5276 70226 21751 97068 78738 47413 91423 97485 10216 78240 33615 32015 57663 77846 47615 67268 48163 9929 94805 6506 90432 
895 30
76152 73987 31322 44496 73348 65555 65687 91321 13518 45661 28844 55816 26422 89600 51755 72309 32318 24360 56165 49941 398 71173 59429 80626 45928 85458 53831 62656 73901 42815 
253 30
26030 33093 27712 49005 98626 56751 96790 92529 84300 76738 47095 34142 21240 46824 5088 36269 52775 69038 3201 12305 87383 35813 15871 90750 97643 37714 35679 53432 35583 88265 
270 30
148 53489 883 62477 38925 39572 35133 47085 23468 70356 44952 81831 26089 53472 43732 77433 16490 5017 85596 25650 5626 79489 77335 14514 63667 59137 46538 97197 98309 57053 
55 27
87258 69899 31698 38186 25837 27443 82638 89512 170 93805 64929 46612 65686 495 58154 76990 68188 22331 2112 82884 66581 22925 5105 33696 56484 19583 98334 
