27
344 106
57116 97487 22112 86621 29426 38227 39445 45052 53407 85348 23293 28718 37109 70053 92318 2898 65803 73272 49203 28273 44100 31570 40016 4859 95880 17594 77014 77733 4104 99627 95725 78109 72704 24990 33010 18647 64670 38857 65870 63436 71956 79855 18003 24653 91712 39269 52003 472 31177 64657 74588 27594 26095 20659 23085 26253 53219 62242 95919 29582 8587 78512 20131 4806 45123 74933 96024 69132 3545 3646 10808 37214 14671 7063 18868 65441 5329 75738 77981 66652 24745 20687 40434 98314 31826 67284 26418 1293 32493 78599 61126 21730 18895 54578 37701 60763 56702 22385 45228 32803 95858 18862 29715 85004 27514 59204 
19 97
52234 29443 81301 61568 6283 21650 89714 22620 9697 44992 11934 64765 58645 84969 83002 53266 43244 93221 51146 26756 23158 69759 69980 39003 53971 51501 75423 91764 30800 33682 31419 51482 10102 49185 71935 27890 74375 65919 13182 41135 76579 48322 15257 88370 77544 15716 33761 61454 41531 8505 21778 72779 88506 46444 84158 82920 16787 23153 37213 26147 11544 50654 24536 51538 28064 18106 40698 70377 21833 853 17098 49545 49304 75610 18160 22740 2071 23899 24630 34583 95021 7922 34290 38442 68755 57617 50329 94141 95464 97800 76498 35787 38143 17791 63639 19862 4820 
299 94
89841 39814 7255 56178 72614 96676 73561 5317 12756 82754 99044 59490 52289 74818 41479 15143 11009 66919 37159 22666 37411 23115 23444 70561 90415 61762 86167 64528 7199 12001 52484 9671 94525 59513 46622 42628 23054 90860 76822 81125 92703 44537 89064 11839 15076 99376 61561 89918 73165 530 38844 61059 24336 24978 94054 46462 60284 28489 60197 34153 4043 32523 69445 63606 47345 60080 13748 90148 27927 671 48248 40975 16396 50796 19677 92433 74659 45465 12246 96271 48746 12213 3303 49322 35266 71487 92787 25504 30072 88487 41896 78688 56052 95345 
508 90
81623 10125 9261 24764 79614 54638 51793 17674 25382 75220 11232 47097 8853 45309 17336 28281 18013 96008 74173 97684 63056 71301 30437 55678 62613 53965 33951 72639 18871 8239 61920 79708 6099 58475 74311 22878 96491 14277 51577 36636 92814 51002 22745 2738 20357 52713 10931 96822 73087 13365 12084 13374 61048 83202 14281 28363 72595 85436 85828 4162 97435 17201 26887 66759 74696 47351 58048 36680 86074 54938 99242 14134 44156 93593 84482 94749 27023 6755 45284 83028 58688 19681 13962 51244 97039 47507 78376 57254 60867 60661 
728 87
1784 73117 85603 26798 25884 8796 12527 41056 27824 1977 65813 80041 56114 34380 96641 84994 79033 70658 70768 73066 54418 16223 77639 37608 50406 95108 75600 84449 60101 21888 3623 1162 70310 23192 17868 59874 6884 93226 82739 58584 89139 30930 32353 41317 9 60926 95120 2651 38640 18700 28517 17206 51709 37474 94084 80609 85309 95913 17856 79863 48455 68575 46544 73493 55808 68062 17188 62214 49731 88255 95830 22200 64277 20152 53065 35316 5763 7559 71397 35960 64722 87341 25136 39498 72359 50755 47157 
694 86
53787 51032 77978 45553 8345 49454 18984 70846 93 70239 44928 39116 9396 9773 51749 78936 32173 43397 38580 17722 47684 29472 68572 4129 53193 97321 36488 55143 16119 36840 16743 30100 31885 89058 84770 57906 24107 86070 45310 5618 74186 12568 76788 21857 27559 20425 58122 94976 29608 65655 39013 20718 16928 32499 8181 8033 72489 29976 49630 61324 50560 81699 63441 94995 49043 43209 51256 38328 46001 70807 199 7581 73152 11074 81489 61441 57810 51861 17850 13595 28331 9365 93058 37603 35462 35444 
516 78
6968 27167 21243 48642 84897 57452 20765 69192 29749 36815 12563 22003 7846 76207 39396 84976 22919 71537 69312 30408 78771 22815 71853 2672 88489 44129 646 25506 76568 7298 85792 63886 65546 69184 74756 35637 15188 69523 10529 45911 63908 81969 68350 32966 87681 41450 88251 80191 93663 17473 36092 10367 18416 13167 4760 82359 33888 16260 43669 87929 77208 1364 77507 90105 47723 32727 50643 80660 10958 82782 3384 91836 49097 76963 62579 38040 31408 99645 
267 74
65207 19172 14790 15645 79199 91359 52167 37277 2821 19690 78867 71669 40107 32729 41854 22819 23255 18098 88895 61635 85024 11537 76109 43291 54064 98427 19643 16349 27583 47516 73971 92350 56125 68414 37997 37216 383 79362 75353 31384 13177 14211 48013 5953 16522 68272 52250 70924 94951 86737 17243 26747 60252 63382 82729 32832 97633 35561 99476 45931 9833 76894 57207 61374 14254 46079 69876 59943 42369 7094 68307 74342 4021 65069 
690 74
64396 85610 18559 1231 77438 56063 72688 12804 98357 64645 38728 89628 68799 21769 18744 84443 19568 3293 91288 90156 3374 81095 630 1988 33298 55572 26931 52431 74939 56629 82077 67050 63331 41463 41361 16217 63964 80905 73903 53083 57375 5203 13305 34746 50823 93588 94082 37073 61149 73535 82981 66648 10619 29527 92812 36372 82230 73886 84174 65969 90264 74517 1127 10543 94524 36589 18919 96971 57840 30300 82371 1285 40008 33215 
142 67
95757 19017 35495 28341 48782 29356 41743 29407 8652 23185 37345 65300 25437 51711 20366 46499 11510 80027 3832 69022 45249 28379 46921 14724 23638 9174 74038 21571 64659 15190 67572 49161 28084 13070 45439 18191 59291 14776 72731 98576 86223 2746 89137 42532 2307 19511 81904 22336 43765 69954 28280 11864 55149 54742 61810 66148 13899 52620 39800 87122 49027 3158 73086 67113 82791 35456 24422 
387 63
40393 52965 69595 33611 45420 38310 13935 13382 2609 91527 98767 70989 36140 73262 9618 2509 78819 11745 35280 7769 94259 59424 59788 69762 59057 46502 6584 22024 98655 12693 24816 41204 16761 8840 43491 32468 43478 35047 16345 77549 55893 59550 89674 75341 33233 86468 78682 18839 35838 61411 56552 33340 22338 16658 2252 74394 72852 33289 94277 25248 10779 21032 59120 
125 59
38491 98782 69528 52694 45491 57604 27682 72802 97423 73439 27635 24425 83883 25840 2629 12766 62376 27902 31343 66047 82365 92552 50891 54615 28168 63837 51348 99741 78539 29501 42474 16096 66253 25575 28898 62765 12119 83435 12210 70186 17496 63219 819 74277 58893 41396 34819 58650 78902 27623 83110 58829 3347 12733 99609 48179 43997 35655 37188 
651 59
76193 43373 60452 86929 38945 23738 96089 99774 8295 40365 14595 19228 44816 69056 86870 98401 78416 72814 21569 96248 6716 32988 26010 66508 56243 25381 94948 54988 78048 7381 49134 48241 46402 44526 73963 30869 69293 24238 90665 12150 33465 33058 84972 50497 87668 98634 89659 92565 77325 31908 43577 64492 30269 41287 87357 9753 60639 47529 7661 
584 50
27973 1535 62500 24361 90818 87499 80248 48796 54295 10764 48305 9406 66855 12266 34978 26793 48929 41466 48993 24979 70308 80768 38153 62950 80156 53834 61871 43419 24228 21965 96372 27879 76112 26414 76995 20146 90093 71898 22875 21796 24340 772 93061 42231 44074 47641 17059 83979 36038 40954 
79 46
146 81624 81298 32642 55038 70147 12967 28053 43315 16409 92988 65733 42293 38308 56400 67144 36045 32203 47137 36160 83048 79458 45541 19056 33875 70770 65521 38670 96074 36521 28586 37294 9624 76538 96681 93542 16385 3893 32260 96680 36608 36525 36249 34760 70854 23181 
109 42
70010 11016 97998 24062 9794 77490 31258 63500 34567 49584 18306 50985 20440 91 12502 74304 40918 92994 84725 64147 39521 26267 55353 57696 95022 69591 46889 50821 18655 72352 84285 69640 85690 191 40441 92760 56680 52186 51801 94661 58595 18554 
329 40
58637 22351 57910 53691 17232 50524 38641 58895 41756 27356 25689 77814 87199 36556 3917 12067 47177 8972 80189 14677 91886 90348 74099 79852 43217 74759 93079 56154 97141 77562 52875 49927 33059 11078 74752 89016 57107 27430 26101 98012 
215 35
30896 69282 72676 79845 95655 32860 82940 15419 31452 69427 86213 48544 70941 78879 87417 32763 81756 23596 61959 48837 32270 97916 96376 62065 24265 55575 24940 43033 34826 23686 71620 6593 9196 63334 62008 
190 30
80949 58390 35585 68543 19396 52043 96697 11412 21521 87506 29094 43642 35164 14463 74929 4223 95010 11051 47817 25007 90196 44306 73174 6262 89445 62011 60399 93970 62298 2385 
768 28
48547 98611 70897 18848 86212 26440 52750 52547 97614 57288 88633 6233 79683 81046 96975 60949 67000 63525 79770 6209 22344 7693 81894 3681 85424 26417 90886 73642 
65 21
20499 67114 45661 7393 55105 55956 18066 12861 60094 19607 24251 25426 86995 44833 27091 21474 5263 16165 67305 8798 19281 
785 18
54672 79331 45427 14604 23073 31815 50619 25672 94486 38610 1419 71996 23297 99227 44934 72176 11310 80130 
540 13
60822 99419 18078 41805 7011 30863 34002 98068 97597 44378 28357 28146 56392 
413 13
83401 46196 60977 99884 61830 84386 45504 52891 216 26470 22310 9649 86509 
301 7
94744 96472 50527 51772 43734 80546 12320 
643 3
32081 51310 19128 
29 1
17705 
