276
7124 2
25495 7134 
6522 2
49697 87313 
4907 2
80174 23053 
605 1
22741 
6088 2
23861 14372 
4722 1
71328 
5005 2
50325 46688 
204 2
59641 88186 
5451 1
35887 
3767 2
92138 87137 
640 1
14576 
2726 2
59232 10974 
1176 1
45981 
7832 2
29713 4380 
5993 2
14772 2194 
366 1
44402 
3519 1
35393 
7158 3
65782 29984 24556 
4923 2
32593 52287 
4373 2
71870 21688 
7234 2
43612 28264 
1864 3
96152 53028 68847 
4026 2
45562 77474 
2401 2
10853 28481 
3672 1
21357 
7472 2
62552 21562 
4152 1
15707 
6733 2
89772 19243 
6886 2
55835 70905 
5442 2
66757 48440 
7334 1
57218 
6685 1
53704 
348 1
36060 
2720 1
82509 
4683 1
43655 
1751 2
72940 20355 
6787 2
41197 63595 
1630 1
97059 
4445 1
64415 
212 1
96212 
3838 1
80226 
4976 1
12605 
197 1
14020 
5913 2
6155 85148 
4216 1
7826 
1054 1
42295 
2420 1
22804 
6346 1
27859 
488 1
31281 
3741 1
69796 
4607 2
98652 23984 
263 1
17254 
7628 4
23900 26805 75516 45678 
7818 2
52974 64248 
5696 1
90608 
6469 1
73184 
5988 2
87627 30235 
3320 2
26073 7037 
2607 1
52584 
5518 1
74827 
7037 3
74495 51550 89107 
641 1
10097 
1804 1
68776 
7147 2
25396 50789 
3390 2
79559 22787 
3287 3
6715 34557 31951 
3639 2
67523 45502 
3843 2
97312 91846 
5922 1
47176 
5581 2
69472 35667 
993 1
17444 
1376 1
82160 
724 1
26834 
1564 2
42198 44147 
5462 2
66756 33634 
4079 1
90878 
7254 1
66753 
3214 2
94898 14533 
3155 1
36029 
6583 2
4326 78620 
5942 2
41630 51467 
2094 1
61425 
702 1
86609 
6208 1
12186 
6140 2
4581 29819 
5328 2
67400 83022 
1595 1
92015 
1180 2
17405 95315 
4333 1
33520 
5157 2
38189 25389 
7729 2
65626 62041 
7111 1
80109 
5622 1
61903 
7190 1
84043 
1389 2
12311 11382 
7506 2
19317 93380 
4321 2
5868 64916 
5835 2
85096 97980 
2850 1
11852 
2523 1
75965 
5714 2
11825 16618 
2503 1
73999 
6802 2
10512 34671 
213 1
45543 
781 1
18076 
3303 1
9566 
3435 1
56700 
7661 2
29623 16905 
5026 2
8090 90405 
3484 1
91748 
5857 1
73073 
7592 2
5326 25469 
1051 1
49101 
5175 2
43728 7763 
7600 2
70340 47223 
278 2
84734 59848 
4275 2
77589 13163 
1793 1
82268 
3720 1
70860 
3305 1
14425 
5627 3
29006 42972 66252 
6673 1
61285 
56 1
41092 
6810 2
12471 52706 
96 1
30798 
6570 1
7950 
4676 1
40299 
5445 1
88141 
4820 1
89726 
4495 2
14740 21570 
170 1
64788 
1644 2
19269 8295 
4539 2
18893 27546 
1490 2
32313 90090 
4135 2
41188 8975 
726 1
66912 
901 1
1135 
5563 1
12126 
3428 1
54566 
1287 1
74744 
1836 2
80975 22644 
6785 1
99815 
2716 3
61284 5305 35277 
3825 3
70671 1188 17005 
5883 1
81614 
3919 2
48626 74017 
6061 1
9254 
5350 2
20928 90509 
2123 1
55859 
787 1
6522 
1568 1
98143 
2366 1
24529 
3336 1
83175 
3250 2
57041 80645 
3098 1
62364 
1062 1
17197 
637 1
61758 
5582 2
48064 83377 
4705 1
33942 
5853 2
15070 42575 
316 1
78416 
6489 1
80572 
5599 2
93996 1921 
4687 2
8229 97569 
1729 1
28312 
632 1
12064 
3120 1
17167 
6826 2
41329 93903 
5198 3
70532 86435 49244 
3651 1
42138 
2681 1
27185 
3491 3
53044 87815 18116 
1381 1
2694 
6641 2
94757 44060 
6521 1
59791 
1831 2
13295 5450 
832 2
29892 29934 
1506 1
24721 
1931 1
10459 
351 1
70003 
3624 1
55064 
5456 1
53677 
2296 2
61324 74591 
7 1
71663 
2599 1
68074 
3432 2
63719 49158 
2873 1
47949 
6529 2
75340 29753 
6455 2
36493 60797 
5555 2
18572 66363 
5483 2
37762 93123 
3052 2
10355 98836 
5546 1
1203 
642 1
2247 
7657 3
41403 10404 4420 
1981 2
18139 14370 
5899 2
15233 69741 
447 3
82105 88171 49541 
1422 1
7106 
6212 2
89537 17497 
5489 2
41609 68563 
857 2
69778 64754 
6187 3
58213 20636 3915 
7416 1
39541 
904 2
41347 78683 
2028 1
98735 
4288 3
85727 47205 67895 
4630 2
11317 51897 
3535 1
61974 
7634 2
90228 61840 
897 1
91233 
4928 2
2259 5600 
6447 2
61079 18075 
1708 1
21049 
1773 1
7350 
680 1
21335 
8136 3
23578 98191 88430 
3503 2
10968 96963 
5128 3
8386 90254 59618 
339 2
36532 89211 
1064 2
74783 64909 
412 2
96510 8278 
560 1
73025 
3734 1
77085 
7050 2
69470 47752 
4035 2
67349 14006 
3465 2
45742 65044 
4977 1
56854 
1263 1
23174 
2099 2
85157 53703 
684 1
55638 
325 3
80017 88302 46494 
2413 1
43079 
1195 2
5924 27344 
3161 1
95243 
5815 2
32360 18601 
6559 1
52006 
5027 2
47623 21236 
6500 2
51076 50089 
4710 2
71185 26718 
3186 1
64505 
4389 2
57995 87840 
342 1
56006 
2758 1
79687 
2939 2
17734 66229 
7569 2
28518 91626 
3415 1
19579 
1293 1
28050 
1891 1
82307 
4570 1
36044 
5416 2
47566 25692 
3466 1
20594 
48 2
95339 81290 
6769 1
71568 
1017 1
81147 
3874 2
14677 84059 
4205 1
7214 
7056 2
98934 5044 
3799 1
33902 
1575 1
57374 
400 1
23734 
661 1
96343 
6726 2
8855 39631 
4243 1
55232 
399 2
71398 46362 
3009 2
71638 59402 
2125 1
23460 
2949 1
93616 
2520 2
14579 21955 
5603 2
43226 753 
4388 1
46429 
906 1
78004 
3762 2
42172 72289 
1872 2
91531 94440 
3356 1
45955 
7265 2
51866 29696 
