363
13491 9
44792 48109 71746 74958 18678 32662 31999 37782 27516 
1861 9
50323 46589 74227 73933 68240 12931 16986 35974 29413 
3672 9
58088 74721 79642 76194 100 31780 28446 27570 27952 
305 9
48922 44972 71273 12073 18371 3219 259 30914 35176 
2513 8
54355 55850 61352 12798 7069 32661 31812 31488 
17158 9
57243 47958 46664 10453 12012 7662 8005 30772 25861 
4843 6
67154 13320 6150 6739 22456 21566 
6605 9
58456 56951 74639 64043 61608 7115 34691 23981 22415 
22217 8
43053 72537 74668 68513 12639 8114 39379 35900 
14251 9
74019 75589 11838 18960 16729 3807 6477 24666 22298 
17555 9
55821 55110 56477 69903 71177 64174 31214 20135 27726 
18365 9
49625 72735 12242 18079 8401 9892 6678 34370 38388 
17314 9
54770 54068 50474 70741 61418 68457 5928 29549 29737 
9115 9
40129 49764 60810 14808 15090 1801 34568 32172 39748 
8223 4
51276 41660 17714 19566 
14634 8
59468 69418 13661 891 32319 38396 24471 22417 
4296 7
52885 50336 51555 48093 65437 37589 20730 
10450 9
48290 63048 15951 16865 6504 37905 39815 38742 28101 
4711 9
43379 70591 63169 13533 3850 74 38992 24640 23952 
6084 7
50130 51608 42157 68703 10525 12426 15141 
10314 9
58486 59493 58885 59924 67084 33572 30107 32299 37923 
9269 9
52503 44771 46028 70577 3908 6254 30525 38268 20028 
8141 7
51335 40942 48451 77443 16911 33583 38794 
6576 6
51345 56852 70528 64343 13421 32718 
14088 8
70638 76269 13094 10426 16479 7614 4993 32449 
6570 7
40934 77877 64330 15280 7224 23496 28232 
19581 9
40595 76028 13224 17832 3304 1866 9508 34836 30754 
8093 7
51096 56256 60609 1036 30234 37798 24475 
1768 6
51964 48567 69994 74943 66240 37192 
11627 9
59622 42890 33364 31058 32316 37687 39319 24678 29012 
2082 6
43828 70756 68853 12689 11562 17494 
14966 5
58754 48883 72414 2327 31888 
3309 7
54535 58389 58726 73221 12741 15715 35277 
20361 9
43703 44116 47770 72134 79073 65781 4561 5891 33127 
6958 7
56025 45886 14831 4821 32562 31034 27055 
6288 9
58143 46300 60875 65766 17830 7956 22185 29148 27333 
5456 8
72568 71173 75021 65999 16011 4665 1625 38399 
1402 7
51462 61692 65485 65490 66041 6243 23195 
21837 7
58140 57098 47807 74698 71731 65030 24209 
12594 5
57008 44565 12586 18375 1026 
8424 8
54233 56942 74077 59921 65038 2586 7446 36468 
9619 5
53651 52045 58311 78532 18264 
11589 9
57442 58848 55061 40294 42330 46914 74145 67575 25486 
20280 7
74743 65193 9663 8748 6292 30109 28610 
4083 7
48463 48423 71950 66879 11770 2670 33481 
16655 4
67196 15713 5598 32287 
22767 6
53317 50320 49316 48825 69003 13510 
9049 5
58895 48259 49594 45055 25375 
11940 6
50182 58157 42849 74442 67529 69667 
2757 7
41882 47353 76886 64551 10407 16090 38314 
7566 7
52350 50342 56848 9990 11987 18004 32057 
5353 8
55037 55144 57248 47774 18313 9642 37433 21619 
6224 7
58810 74491 227 36886 21886 21518 26934 
12557 5
18886 15475 3309 3693 22985 
5110 6
55122 12713 2318 36895 36864 22436 
172 4
63803 34738 36675 26018 
10134 9
51375 48863 69591 13553 2127 8441 6899 30155 30005 
13248 7
45371 45319 17490 8358 5340 33701 39624 
19665 6
54931 75100 66011 6298 20003 28672 
6378 6
60159 65556 4345 459 20554 26360 
8772 4
41912 13278 13894 39517 
12127 4
54488 41102 14670 5507 
8846 8
48278 70982 68331 64916 18969 4304 530 31374 
13745 5
59266 78316 12353 16182 26781 
3352 7
51767 79388 75751 75710 12681 23391 29667 
16834 4
79296 3568 5026 35781 
12495 8
51797 45244 70731 60620 65731 6090 34128 35178 
9484 6
44551 71325 63319 18568 16638 39085 
1575 4
18150 16771 39011 20272 
5891 5
48404 75057 66711 16455 27840 
4409 6
47272 66637 12312 3820 31150 32065 
18498 5
51546 45013 66659 31296 36135 
1089 4
52326 46750 34622 23882 
18587 6
51968 56192 64684 18324 7521 5505 
4901 3
16334 2394 34866 
1058 3
59536 43296 40232 
4810 5
53853 44648 47425 74232 4974 
14307 5
57029 45471 46570 78672 60523 
7571 8
57646 55258 48865 74626 72039 79433 78776 359 
8340 5
59159 75294 67904 69016 19708 
15014 8
50111 57443 63942 18188 9915 5650 35948 36920 
5814 5
40805 42081 45785 7743 23849 
17174 6
42133 62916 19326 2540 34597 25514 
2810 6
48015 48736 70938 1225 7332 27421 
7895 5
53888 57895 55264 45096 5681 
13045 6
53508 40906 70962 61638 64909 7561 
2303 5
43441 68101 13620 8434 32134 
7441 5
74205 17712 4680 33829 35299 
4055 5
40471 73752 11607 15881 6146 
7039 6
43531 44995 76585 63861 17173 4289 
11541 6
55959 45687 78612 67881 19343 5810 
21664 4
59837 67876 39707 35398 
3635 4
54326 71919 67476 25642 
7813 4
44453 47567 46838 19770 
21260 5
53429 73962 72005 35326 37260 
11181 2
62901 18451 
9715 6
40113 76473 64244 17814 3124 33102 
12485 5
75772 60045 67898 19197 9497 
2527 4
62559 31199 23468 25923 
5858 3
45999 72448 63753 
12044 4
56589 61457 17212 7458 
5153 5
63705 69595 11310 27062 27052 
11719 5
79362 18453 36497 25331 26929 
3187 4
72637 70145 37216 22070 
22287 4
51062 57877 69611 12826 
4200 2
45813 78019 
8506 3
34671 33699 26724 
16667 5
57832 64115 67578 19000 9960 
817 6
51012 44824 6773 23723 28883 27175 
12052 5
51800 69249 9944 7286 32432 
8979 3
51420 60201 2972 
14847 3
40218 74811 2962 
6752 4
57281 60285 39579 37014 
8577 4
72118 74910 6042 22554 
5530 1
61936 
5921 5
53733 42894 16581 7580 37409 
4873 4
56384 63877 376 30071 
6641 5
70360 69420 2987 8377 26588 
4998 1
52425 
86 2
56209 63537 
19262 4
54504 51218 70043 78680 
1893 4
48500 18830 35502 21399 
1432 2
54487 32548 
9166 3
51022 43783 37834 
14926 1
14373 
4057 5
58451 19710 7294 36011 23508 
17951 1
13509 
22339 2
66656 35105 
1619 2
65602 976 
6431 4
43337 3293 20722 21567 
16716 6
79736 61126 12252 35141 28260 26027 
17328 1
36724 
1385 4
50487 43425 8137 7966 
14792 6
47777 15488 648 34091 20842 26819 
7947 4
55621 42286 8983 38058 
2716 2
73983 71306 
22338 3
76951 63719 15949 
5980 3
12361 16242 22160 
18708 4
10772 10296 19531 36472 
889 2
17527 35409 
4658 1
77544 
1237 2
56945 48809 
5762 2
66933 16115 
19143 3
44344 76790 68017 
17269 1
4699 
20454 6
51824 40329 63365 8886 31685 26195 
8314 3
74021 75356 17621 
641 4
65318 14009 17469 4392 
8814 1
25951 
5953 1
11071 
12039 2
79377 13240 
12712 1
51611 
5253 4
11171 15095 39268 39738 
8402 3
57228 13815 853 
15358 2
58571 61505 
5935 2
50707 43087 
7505 4
58537 2422 5429 25745 
7519 2
41726 28724 
12665 3
74888 17936 30000 
5959 1
45975 
5782 1
1284 
5561 1
68176 
6385 1
73532 
19697 1
18094 
6948 5
46200 70312 77011 38299 25685 
3596 2
61558 24216 
2240 3
58390 73158 15714 
12875 4
48520 5579 20301 21680 
17940 2
47053 31565 
10815 3
43319 41006 65914 
10411 2
17211 23983 
6917 1
43595 
22049 3
71129 77273 4474 
287 3
44730 40316 13716 
3972 4
67585 8340 31578 27258 
18860 5
54054 57200 66355 3396 1203 
13210 1
50649 
21882 1
41327 
8251 3
4051 6149 27977 
9482 2
77700 32214 
7091 2
51697 6031 
12272 2
78843 33109 
6106 3
46717 8628 29508 
392 4
44047 47746 21965 22381 
4639 2
13991 21583 
21095 3
13211 1766 36780 
16235 1
30151 
8830 1
4793 
19389 2
51857 12245 
174 1
55018 
11228 1
52273 
894 2
66968 8341 
2726 3
50051 16492 25370 
9976 2
71050 64774 
11048 3
56615 18000 19969 
3129 5
54921 43528 49691 61959 31715 
10081 1
76677 
4518 4
72603 62627 5317 27573 
2253 1
40816 
9460 2
61563 19851 
6347 2
49943 7975 
5691 1
37041 
6406 2
79313 5671 
11152 1
36000 
4086 2
70646 75085 
17807 2
78863 26728 
5238 3
70576 4361 33643 
4632 2
45316 1506 
11411 2
5963 31835 
13324 1
24380 
10834 3
19887 32554 29844 
16055 2
68227 23822 
22483 2
42261 70784 
8189 1
78813 
10333 2
10729 3715 
13397 1
21083 
7788 3
43022 45972 73472 
7261 2
10559 6312 
3536 1
42423 
4623 1
78408 
10985 3
10061 32965 32303 
7980 2
42100 79398 
17566 3
44914 19659 32828 
584 1
44863 
4302 3
19193 7604 38666 
9974 3
50885 11344 25282 
20135 1
48100 
9325 2
62551 19440 
20816 4
44923 77823 64955 66076 
15150 1
17939 
1339 1
42601 
15569 1
9210 
13899 4
45699 71608 10439 6126 
17463 3
12474 35527 25402 
15946 1
31099 
7223 1
16373 
2094 1
54572 
297 1
36648 
7001 3
46846 30389 26229 
9991 4
2867 30621 38795 26859 
18345 1
7529 
8229 3
76535 36834 27233 
3396 1
59223 
16982 1
57796 
16534 2
12062 19667 
1978 1
75441 
3442 1
32063 
2130 1
25057 
11320 1
78910 
943 3
55321 75444 3483 
16122 1
44521 
22097 2
54468 2333 
965 1
44448 
1772 1
24408 
909 4
78684 10250 17686 33243 
12326 1
47076 
9321 1
41872 
4186 1
22054 
8537 1
26766 
5103 4
59394 49431 45605 25341 
4500 1
34006 
4881 1
40799 
18250 1
17319 
9340 1
7302 
234 2
19042 49 
9383 1
79039 
1972 3
57419 60548 26949 
3826 1
17512 
4265 1
2580 
16033 1
24459 
18010 1
47696 
5810 1
22065 
14642 1
74347 
2769 3
42405 65926 8925 
629 1
59201 
6624 2
44717 40864 
6330 1
23375 
6383 2
47032 32939 
10797 2
54584 67492 
18759 1
63882 
1225 2
41429 78363 
3974 1
5208 
18879 1
7251 
7755 4
61456 32976 20541 28820 
12575 2
51343 55411 
8254 1
37840 
4519 1
27632 
1261 1
62744 
9725 1
659 
10304 2
43235 46114 
2829 2
40397 992 
8181 1
26288 
11226 1
64703 
20220 1
74804 
20774 1
51469 
160 1
43678 
10393 1
37597 
790 3
57331 72635 8459 
3890 1
46356 
15707 1
58089 
5672 1
41204 
15208 2
43757 42123 
15973 1
34343 
2078 1
36623 
770 1
79508 
1443 1
54533 
9035 1
47907 
987 1
65913 
9330 1
57615 
60 1
24636 
5562 1
12240 
16733 1
31253 
7202 1
69396 
16693 1
57461 
3443 1
23788 
7218 1
4865 
13554 1
1066 
5477 1
45197 
20194 1
11723 
523 1
69134 
3773 1
45626 
18714 1
54193 
3303 2
69009 1907 
9066 1
77364 
3776 1
41338 
10229 1
46853 
3696 2
52992 948 
5190 1
21480 
9515 1
26778 
5380 1
61493 
20380 1
4317 
21433 1
7914 
3975 1
65849 
5532 1
14270 
22481 1
30743 
16197 1
48107 
5924 1
11684 
4584 1
17323 
16507 1
22308 
4008 1
58192 
5113 1
53471 
8634 1
76888 
5182 1
62008 
8472 1
33808 
4714 1
56735 
3381 1
67385 
8940 1
53638 
13955 1
72741 
17713 1
24402 
9406 2
50756 46026 
10392 1
17782 
4445 1
19815 
9783 1
56904 
9370 1
6302 
7821 1
58762 
4568 1
47599 
389 1
3307 
7318 1
2080 
410 1
42622 
6888 1
20025 
13978 1
62213 
5411 1
19776 
6810 1
30720 
