225
2723 3
26603 3075 88809 
1336 2
98383 69969 
3775 2
71623 51895 
4702 1
1980 
1239 4
93375 93238 4164 13269 
707 3
67726 48844 79357 
833 3
31196 37824 96794 
5918 6
84750 64921 92256 86257 93533 38366 
5758 2
65318 66922 
1535 2
84379 41821 
4118 3
25010 2933 63979 
633 2
21373 9975 
5529 2
30328 96503 
3739 2
23692 87122 
5977 1
89043 
3035 1
71616 
1522 5
96824 16572 23599 81852 86633 
1467 2
6570 84510 
2719 1
17216 
6586 2
4980 65690 
4141 2
57391 51725 
6707 1
83427 
7006 1
27835 
2352 1
71583 
2425 1
17801 
2781 1
69413 
5730 1
77480 
6937 5
23683 98880 88731 66610 65151 
14 3
71084 68663 39003 
3812 5
46934 11200 50942 4720 58804 
2433 1
6419 
1646 2
54381 79410 
2137 1
76589 
7508 4
31984 14728 45717 82432 
1625 7
68526 69622 57200 95550 59779 30972 25558 
6363 3
59880 41436 45830 
4718 2
2412 11414 
5355 1
46112 
1772 1
43651 
2318 1
24111 
6478 7
83841 42198 21431 32038 85289 74145 60328 
7326 2
28400 47966 
5162 5
94115 64462 67583 87235 74144 
6640 1
49288 
6002 3
7770 50636 66002 
789 3
75561 30477 26523 
3818 1
23179 
329 3
87728 9083 13099 
2247 2
55110 47210 
7425 1
26099 
6492 3
95415 49162 57136 
1146 1
98935 
2385 3
35222 4017 16298 
4435 5
94157 74513 91585 23990 54724 
1762 1
7666 
264 1
84660 
1081 2
97140 46758 
5404 6
46140 67249 10111 17052 62281 83101 
1268 5
59354 52000 98743 97484 29342 
2800 3
56329 79561 31955 
188 3
34248 68147 71805 
3250 2
88788 96024 
6748 4
96184 35243 17458 1143 
5906 3
3752 49062 10735 
2336 2
65884 24604 
6409 1
46509 
5113 3
63940 38594 37268 
3003 2
49290 50802 
4668 2
57472 8351 
7015 3
44506 38170 41402 
1332 2
41637 42631 
7461 1
78149 
6404 1
72421 
587 2
26444 92825 
4192 1
22646 
2891 4
9314 83746 21590 49140 
6396 1
19279 
5086 1
17668 
882 3
69604 14809 67844 
6094 1
24711 
5969 4
5638 76723 88481 99404 
3363 2
77329 27314 
402 3
45301 8969 5927 
6802 1
62476 
3430 2
48936 42957 
1388 3
60844 89120 52001 
755 2
99451 93942 
3409 1
5292 
5097 1
41987 
5996 1
92995 
5314 1
12348 
3807 4
11060 56585 54854 61831 
7246 5
92828 3146 10882 4806 5190 
6414 2
62074 24860 
451 1
92394 
5305 3
21067 71014 61428 
6939 3
42570 20501 88418 
6905 5
27494 82930 27658 72805 42388 
6657 5
59530 84859 41366 80000 59249 
158 3
95737 87440 84389 
2484 2
86710 34865 
2756 3
79394 79779 23559 
5620 1
52926 
1643 2
21611 4026 
3438 3
93106 51721 48464 
5588 1
82982 
1022 3
5499 52535 6889 
5344 2
5367 51854 
6348 2
29725 65813 
5694 1
94019 
1892 4
86789 96755 60873 3737 
1316 1
86790 
3916 2
15226 49508 
2417 5
43365 42158 95203 74268 42560 
6953 3
19780 93177 3800 
808 2
46916 8995 
1285 2
32752 9981 
2369 4
22853 46693 12473 82979 
3644 2
15075 42653 
6435 4
28221 63547 77475 69012 
1861 2
36785 51553 
1257 2
44747 98963 
4897 2
30572 91086 
4719 1
32114 
56 1
95209 
6014 1
38916 
7245 1
43774 
5825 2
68337 25607 
972 1
36845 
4458 2
87370 53971 
6347 1
60282 
5938 2
9072 7292 
5976 2
13391 82550 
6412 1
46253 
5943 1
3523 
5802 1
68233 
6349 2
22678 36849 
6022 1
2101 
7119 2
69537 60128 
2624 1
72745 
680 1
18107 
7019 1
26467 
842 4
18395 42333 40059 72670 
4511 1
28566 
3483 1
80175 
4598 6
97721 81721 67883 33236 67838 92963 
4563 1
33603 
6631 2
28163 57556 
2018 1
67259 
2230 2
47612 48091 
3955 2
47193 86659 
3720 3
98868 4398 1053 
6576 1
83516 
5594 1
56903 
2825 1
68088 
5398 2
29237 42474 
1805 1
19877 
7407 4
26832 83843 86601 26377 
4406 7
44500 87086 57515 17108 31629 57448 24028 
6181 2
73949 90613 
5159 2
804 86517 
6196 1
68115 
974 3
4751 48136 89974 
3923 1
53091 
3404 3
43228 7586 41432 
6901 2
29162 20942 
5937 1
22951 
962 2
72179 11372 
3676 1
79302 
760 1
16727 
6048 1
35264 
271 3
34348 5222 93760 
1350 1
45042 
4006 4
61348 68916 89306 26428 
4020 1
50321 
3584 5
44979 16891 28142 7761 62925 
1355 7
90891 49749 44488 63260 89073 94606 8214 
5067 1
53932 
201 1
50457 
6846 2
20367 71440 
3603 2
9020 76501 
7200 2
72550 78504 
708 3
87872 89479 78180 
3486 1
26550 
6238 6
4298 53980 43738 3249 48472 49230 
4220 2
13867 17627 
424 1
84715 
982 2
45372 49951 
6844 2
57097 19960 
847 6
17229 90554 17938 85434 44242 70857 
3709 2
33571 15673 
5606 1
55 
2124 1
30570 
7059 1
77725 
6672 1
35925 
5684 3
86816 38144 80706 
2408 3
65440 13950 47713 
4553 1
33144 
7098 3
91482 38191 72300 
5289 3
12351 22712 34046 
530 2
14408 18550 
628 4
42526 24402 65088 95411 
6660 1
27171 
5269 5
74533 95911 3250 23434 84318 
883 1
90397 
7061 2
94729 23283 
4872 3
45158 87629 24750 
1254 1
43334 
4066 3
73059 89761 19399 
6411 1
53218 
2571 6
14178 36525 72502 3223 23215 58824 
6637 4
61698 79228 45398 52116 
5975 1
53966 
7267 1
47257 
1949 3
24432 87223 67173 
4266 3
66733 20286 19286 
4454 3
18113 80569 82573 
3009 1
31906 
1883 7
29400 91195 29102 64421 84904 63944 55832 
7157 2
21813 97147 
6509 1
28229 
7438 4
66269 41017 27697 49683 
2989 2
18190 18795 
6389 4
34364 31654 23970 71028 
5059 1
94909 
