305
6247 2
96193 22244 
63 2
10863 96958 
6226 1
56214 
5426 4
88889 67262 1659 64366 
2632 1
67179 
3898 1
30983 
203 2
17915 38011 
5281 2
34326 35287 
4654 4
16973 61290 61985 10452 
5556 2
61438 68515 
687 1
93755 
4815 7
60342 18729 93930 59961 69854 20828 52840 
5245 1
81160 
340 2
76580 47656 
3113 3
49930 58730 36303 
2719 2
91281 98256 
3339 3
76343 18599 7168 
5752 1
33373 
725 1
47508 
1277 1
27723 
6399 4
92943 32644 38399 27538 
3035 7
50366 99839 79350 57974 67153 30467 5105 
669 1
75023 
6865 1
69226 
2246 2
25395 75065 
5030 1
78759 
6912 1
84014 
5474 1
3679 
5540 1
28182 
4890 2
11531 62433 
6535 3
75664 98747 15047 
2178 1
17569 
7784 1
50984 
2018 4
61554 99354 62686 75846 
5645 2
58795 13619 
562 1
71851 
3731 1
33342 
2077 3
9080 755 7116 
1434 1
7848 
322 1
74333 
6242 2
51334 58151 
791 2
14801 58273 
224 1
74763 
6168 5
2107 87462 99344 6379 31509 
4603 3
75055 79412 1047 
4720 3
53488 64423 6647 
5781 2
4908 14897 
6533 3
47692 7584 50496 
556 1
89934 
4472 1
78249 
5805 3
22903 6522 3780 
7386 1
66686 
1961 5
19522 44909 7633 70597 47138 
7045 1
64381 
2111 1
94446 
6624 1
25773 
6572 1
55810 
4215 1
90628 
4332 3
31744 42271 61008 
5305 1
42257 
6906 2
2269 18341 
326 2
49224 13301 
7625 1
1966 
7790 2
8035 34635 
3150 2
42042 16612 
1213 4
76957 65082 17336 14436 
641 1
34586 
4655 1
3503 
2913 1
96653 
3061 1
70790 
2988 1
98817 
3451 6
41493 9752 69375 48021 93811 82620 
3072 3
61238 45927 92256 
3932 3
79122 56708 48860 
2880 1
77609 
6126 2
98457 37986 
204 2
54493 95118 
172 1
37968 
3849 5
34162 1071 16566 12 61819 
1507 1
92801 
1999 2
3967 60803 
2811 1
91395 
2637 1
6655 
304 1
20113 
2512 3
12410 22478 60136 
3211 5
12264 40139 72012 16145 54967 
7365 3
56216 82739 67392 
2772 5
79083 25771 54486 91853 82271 
6736 1
65011 
3187 5
77945 91855 69209 69851 76132 
7475 1
83044 
1247 1
55952 
851 5
92712 34197 24898 36606 91601 
5086 1
48076 
2691 6
71600 9646 94525 65464 44121 11874 
3697 4
68644 4588 67998 76231 
22 3
82695 61062 17197 
3707 2
87848 39076 
2572 2
55471 22135 
2977 4
99188 95039 37483 35315 
6704 8
10157 5243 44255 64567 6682 14246 51154 457 
7640 1
63102 
4911 3
67923 32157 18658 
3214 2
61574 69564 
6381 1
77054 
241 1
30835 
6298 1
98065 
33 1
54026 
4777 5
69894 52338 11689 17370 84964 
2416 2
27083 45772 
2011 1
86861 
6576 2
15283 3533 
3848 2
82876 96191 
3420 2
11652 73408 
1767 2
59305 59127 
2686 3
31674 49938 45999 
1652 3
57164 40504 12326 
2767 2
92328 36976 
6771 1
14125 
1276 1
48959 
6335 4
94295 93276 12936 1885 
742 1
57336 
2280 4
3714 98112 24241 51203 
694 2
83937 21334 
4157 9
94022 13203 65624 59381 95727 86240 36523 35000 90670 
7438 2
69018 54505 
6764 2
3241 76248 
5800 4
8156 33086 4078 88755 
10 3
37801 15714 44787 
5137 2
30271 99174 
4968 2
6506 98147 
7330 1
73151 
7732 4
71589 58018 76155 71671 
737 4
96262 82340 45741 38495 
5826 1
56768 
5258 1
86791 
1334 1
59859 
855 4
5951 67595 96531 34793 
6451 3
27446 32547 2924 
4536 4
44982 38772 30948 21790 
2441 1
60423 
306 1
79399 
6394 5
48060 94622 13767 42737 26268 
1902 2
30705 59744 
5751 3
55487 88080 94983 
690 1
28009 
4860 2
43951 31120 
7492 5
18802 56250 77131 8432 82659 
7226 3
45950 25182 89537 
6283 1
65479 
5489 2
91090 8118 
2368 1
87621 
24 2
82320 97876 
6127 3
24474 44558 69101 
421 1
75426 
884 4
79693 78301 376 86118 
4840 1
70421 
626 4
61768 17487 83886 88961 
7011 3
41895 36982 95142 
3116 2
11793 7915 
5445 1
1411 
4116 3
67074 48652 24643 
3640 2
20413 48169 
7513 1
14322 
5659 3
90673 30522 2266 
1440 5
16029 5787 46723 66789 51549 
1098 6
88094 24170 36038 95983 97877 86236 
226 1
6784 
2405 3
19362 49340 83572 
3065 4
45810 91827 31608 26026 
7476 2
89275 28864 
7783 1
79298 
7738 2
28213 58403 
1466 1
91754 
6193 7
68434 3083 63891 4602 46215 69423 35158 
6583 2
40495 5029 
7125 2
23558 57560 
6672 6
42133 39829 51004 45075 70880 53193 
2680 3
66964 88376 11657 
5608 1
35656 
334 2
7446 80729 
7351 2
78934 52512 
1020 2
2181 86553 
1173 1
6709 
7314 3
10008 29453 32977 
7382 5
4939 38355 23679 81911 52180 
1312 2
54329 26651 
6549 2
49371 77866 
5746 2
24503 19606 
7287 5
41282 79682 31969 80530 15392 
5009 2
32106 18364 
6992 1
90422 
2662 2
48279 86217 
2616 2
34477 23702 
6835 2
95729 74983 
6521 1
9402 
5720 1
94607 
7510 1
95492 
7410 1
45572 
6269 2
29626 96660 
6706 1
96331 
7558 1
96943 
313 2
33687 48501 
3655 2
81203 28878 
6303 1
78118 
5250 1
63945 
3537 1
20748 
1110 2
86438 98047 
6795 2
52016 795 
1933 1
72016 
3248 3
14491 80685 33692 
4404 1
48765 
466 1
92873 
3235 4
6889 81076 54355 97660 
1831 2
74019 98726 
7499 1
39966 
1348 1
5169 
292 1
20475 
3426 1
24984 
785 2
41744 5848 
5310 4
61795 13099 65995 86342 
3913 4
15617 40479 13389 66591 
7091 7
99440 3803 60517 81288 87583 79114 61390 
3850 1
56491 
1956 2
65596 46645 
7193 1
38675 
3103 1
66025 
1531 2
75886 99834 
288 4
64183 70868 1149 32583 
5001 1
4855 
7696 4
39499 65402 56651 5513 
2485 3
70783 24346 31931 
1822 5
41084 50231 41608 7339 20429 
4712 2
86157 72260 
6506 2
59865 52462 
961 1
41465 
2993 1
19045 
6346 4
63273 31933 46534 82467 
4893 4
84055 2071 4582 80869 
1733 1
76389 
546 1
34535 
2462 1
16250 
5909 2
76916 63629 
3589 8
55270 70474 2658 93647 30026 98420 35136 73002 
3845 2
30745 2401 
5868 1
48908 
2054 5
35404 60678 59884 34539 140 
6681 2
57590 79736 
1468 4
51285 1185 2122 30235 
3057 2
77683 42091 
2044 4
58022 53752 58440 43835 
1266 1
85836 
4405 4
82142 99847 17933 3648 
5691 1
75425 
1829 1
29641 
468 1
41304 
4748 1
23337 
5370 1
75142 
544 2
3049 9123 
6790 2
83704 7707 
4498 1
73694 
1721 2
41236 67399 
4033 1
18926 
6852 4
21289 61436 20110 9201 
2864 5
54470 78953 46318 31759 2492 
6590 1
48401 
7049 3
35816 26609 79250 
4623 3
56004 68180 72421 
6077 1
88835 
2670 1
40853 
7780 1
58999 
3578 7
29889 51876 96221 85085 49600 66631 99994 
1987 2
55767 33234 
3231 2
95778 62795 
3142 1
29808 
2094 1
50357 
3323 2
23590 92860 
7442 1
8582 
3531 2
8668 88541 
4836 1
93208 
5627 1
776 
3533 5
83309 70871 78195 80361 65014 
991 2
91641 69273 
6 1
4830 
6046 3
17763 47823 23581 
7574 1
47517 
5211 4
85446 32786 72909 63175 
3084 1
31936 
2496 3
94971 45844 19461 
5018 3
36421 3047 80149 
5052 3
63592 67319 33178 
7760 4
61106 87903 81992 57058 
7685 1
53520 
4024 3
41188 94556 29592 
1121 1
16844 
5951 5
48517 2009 85876 3767 82368 
4784 1
90860 
3896 4
12913 95305 17373 68361 
4189 8
68240 95066 96009 34930 10848 47780 75574 91466 
1158 1
7191 
2587 2
29528 65576 
5886 2
16137 75271 
1265 2
80724 95473 
2804 3
86979 67839 76527 
1667 3
92638 74139 29603 
