190
2714 5
71507 41453 61308 3120 69307 
2167 2
46916 5967 
3941 3
21290 87207 61223 
768 3
39853 98298 92005 
863 2
90002 40182 
408 3
85755 85026 21149 
3674 3
47761 61516 3321 
1892 4
68870 32336 98237 24558 
88 6
58869 76971 35749 84048 49636 38920 
4073 3
71150 52652 42208 
3429 3
42303 80285 71233 
2411 2
20690 28090 
4333 2
28048 94647 
2378 2
8980 48501 
2491 1
29877 
4642 3
12220 89301 70896 
1536 3
34753 22606 38638 
4214 2
82278 3551 
729 1
44320 
3778 2
9020 74992 
1383 2
78035 44048 
919 2
1340 99915 
4421 1
12918 
1041 2
53552 90733 
747 1
39301 
4585 6
12713 57479 6111 71466 72209 37123 
213 11
5043 12187 33517 75075 29841 39110 13550 55777 59544 65139 47240 
876 4
9306 33799 20878 22341 
440 5
34108 86662 83677 93867 42326 
865 5
33869 43229 28580 72932 22019 
152 5
56284 37430 23494 60003 60424 
3322 7
95004 89497 67909 68942 86333 47574 63021 
4739 2
94558 57343 
4251 3
7860 50128 98496 
514 2
50995 48957 
4768 3
83355 36720 43193 
2481 1
30574 
4586 1
80679 
2164 1
51883 
4295 3
80776 29754 11974 
1090 9
26432 94526 63320 77992 32247 96886 85703 59437 11840 
4213 2
38284 75060 
4565 3
7532 82302 44070 
552 4
44498 47090 37400 49446 
1556 1
51039 
1186 1
98296 
2222 6
88607 89626 57576 7459 19248 13697 
3576 1
60097 
936 5
9869 17506 21170 86601 96709 
4643 4
55993 45279 70000 18394 
439 1
93587 
4205 4
88629 46600 24718 66834 
1038 6
81321 87960 88671 1273 18839 23282 
1811 1
73499 
488 2
87857 64833 
2976 3
94365 30185 95037 
3592 3
36153 20688 22841 
1146 2
12 33728 
1616 3
739 86307 47390 
1177 4
53061 81381 87426 76895 
2853 2
98785 65984 
1712 4
803 49338 25902 91536 
2297 3
4803 11690 63594 
2917 1
46860 
4092 5
93073 494 14907 72193 27617 
2584 1
13336 
3184 2
76543 85003 
1939 4
22216 78662 30798 14922 
4654 3
77800 169 93995 
101 6
18734 22466 30204 97248 50624 55300 
2538 5
38670 9451 53353 4561 65579 
1039 2
83321 2231 
534 3
25101 76926 25898 
2382 4
59999 48723 6307 77391 
3468 6
88236 12087 39129 62106 64984 38074 
1750 1
8253 
1432 6
7941 39209 3163 57155 20760 54263 
1615 1
95267 
3524 3
67285 25895 32638 
3579 3
99006 25634 38118 
3728 3
45951 39417 88062 
4115 11
459 40129 92319 20446 38967 61574 79493 1454 35286 41046 80671 
187 1
81620 
4514 2
35412 63022 
4010 4
52971 82029 4450 88289 
125 1
49048 
1049 2
14418 14775 
528 2
21482 44364 
2414 3
18458 70081 15203 
4538 3
56582 43808 92421 
4843 5
26566 54554 34205 53248 92403 
2769 4
15039 35148 62075 29929 
1928 2
97023 68674 
363 5
79476 46132 96781 56346 14746 
2253 1
5384 
1677 2
36810 98930 
1758 3
73526 90461 79823 
1100 1
35108 
4692 5
75429 11866 62297 19227 69550 
2798 1
24775 
1919 2
54650 65167 
4419 5
55185 3457 5309 27321 86642 
1981 6
4615 41534 41967 67368 98338 98187 
4245 3
87403 94960 89580 
1525 2
88589 90210 
4291 1
7124 
3217 3
10532 88638 65506 
1127 4
92268 39887 81387 59502 
1917 1
95095 
4456 4
91937 61182 68319 23286 
3559 3
55783 30992 13724 
2777 5
4231 97826 27540 31691 48639 
4199 4
16799 24823 97951 6640 
1666 1
36464 
620 3
41012 19834 8891 
4727 2
31261 88762 
1274 2
79592 11152 
3004 7
43020 46314 82770 72769 20085 51938 71462 
654 3
80290 33442 85088 
2748 3
9615 91559 99506 
77 1
74606 
1961 5
33722 30902 84464 54024 50354 
1782 8
33623 75739 66012 10819 9745 99892 13055 65522 
4070 6
41239 45999 94397 92460 41145 52402 
986 2
96251 25107 
4155 4
35841 64055 49808 11510 
2400 2
23169 62406 
4110 3
36944 76265 30976 
1220 3
60929 86103 75597 
1599 2
47662 33423 
3555 6
86450 1886 84425 95818 5064 20334 
578 6
28133 72136 89464 22888 74045 36788 
2034 3
77966 22535 75280 
597 3
11186 29164 82858 
288 3
28091 21945 26501 
1500 2
50278 53315 
658 4
14386 26633 88102 50471 
1914 1
45940 
2336 6
4160 95446 98516 33466 86 33917 
3232 5
87985 69096 96495 55464 35264 
588 1
9739 
2564 3
91512 43217 21585 
3105 3
81398 97618 76748 
2332 5
32074 72124 74931 10159 42848 
2551 3
52813 82098 18282 
3315 3
51122 76096 1467 
3642 3
73852 41487 15302 
2264 4
9528 76723 76340 79112 
4945 3
68512 51765 19057 
3882 2
54088 2311 
2151 4
20502 89161 476 39991 
2897 3
25756 35926 28381 
2901 2
48987 63110 
2948 5
951 81551 95493 86743 54553 
4975 4
69956 5809 53054 80346 
2880 5
61822 21384 87935 74602 30892 
247 1
31876 
2958 2
69010 57556 
661 2
17413 40521 
2936 1
77026 
4117 4
68404 27871 82543 43499 
3328 3
23468 68828 9607 
404 6
32682 90179 90280 4394 48996 75278 
4815 3
82446 23944 287 
2271 7
28472 70183 57149 12659 20634 13609 47115 
2654 3
81302 93525 89806 
808 4
14060 47931 40999 89247 
4258 4
47232 2235 6914 81811 
1722 2
90242 89409 
1708 4
78972 32476 4438 72476 
1502 2
70481 66320 
1343 1
85971 
2136 1
84079 
2795 7
90862 88841 94297 67637 51791 22233 57039 
1767 2
75861 74445 
296 2
64654 52737 
600 3
37527 13075 32774 
2435 3
28629 99897 71854 
413 3
19332 9915 16 
1926 1
27438 
103 4
34677 20312 50704 60423 
771 1
12023 
3970 4
64701 72601 82111 65426 
4192 3
24258 48962 88503 
2821 3
72668 93528 33717 
4432 1
5229 
3766 2
50674 21244 
1420 4
76995 85731 14123 46776 
3929 5
75720 5599 26880 43219 18604 
2808 1
4568 
