169
1690 2
20157 32925 
8065 2
86818 15991 
5548 1
5781 
1685 1
52510 
7716 2
61264 27801 
6573 3
43217 26570 47288 
4960 1
77599 
5331 2
90566 46634 
2731 1
13031 
5768 2
68276 2037 
1382 1
28887 
1575 1
77902 
818 1
782 
910 3
8901 15310 22760 
4597 1
50941 
6822 2
22076 73074 
8444 1
13393 
6856 3
1875 15160 8656 
2031 4
11895 6508 6674 78994 
4800 2
80632 78499 
8764 3
39113 80015 28552 
4794 1
63800 
8107 1
22231 
1846 2
87935 32286 
618 2
28518 31517 
4819 2
69255 83681 
5020 1
2792 
587 3
66899 36282 1204 
7219 5
90330 44542 78235 58799 60243 
8750 5
44227 81506 28789 20174 60425 
7835 1
26634 
1057 4
32016 16096 54298 27587 
2695 4
22911 25287 31661 13139 
2023 1
90246 
8229 1
56520 
3041 1
62647 
3431 6
51391 23451 16538 71034 90767 23523 
8123 1
49573 
5055 2
14377 35068 
7319 1
50773 
4238 6
40867 45467 30357 11 41822 14092 
2102 3
90148 1071 68402 
8389 2
56081 7706 
647 1
69383 
1745 1
66639 
6335 1
53175 
8487 4
60721 79152 52494 49551 
5314 1
18817 
768 5
23420 19610 82604 47065 83157 
1427 1
15247 
4792 3
14726 91032 47192 
7514 1
50579 
6407 1
4536 
5386 3
65424 50825 64913 
6204 2
49627 54973 
6113 2
50582 51911 
6515 2
43733 6034 
3306 1
6027 
6580 4
64319 36288 1606 91179 
511 1
62279 
2637 4
90773 2854 89616 67218 
91 1
34014 
4976 1
81964 
4946 2
62263 2185 
5939 1
15525 
315 1
33814 
2830 1
84212 
8300 4
69327 13876 9519 46200 
2594 1
88804 
5275 6
12207 30955 55890 65251 32790 29778 
93 3
88552 15733 2724 
6043 3
17826 89911 70998 
5727 2
9103 40566 
2793 3
8387 90620 52593 
4710 1
31260 
7771 2
37690 52679 
1341 3
50426 31942 88841 
2619 4
30997 37713 4394 8612 
7579 1
63479 
6051 1
17262 
1450 1
66336 
1655 2
25960 42168 
3403 2
37600 9588 
62 2
75501 65838 
2269 7
4275 37656 30442 22877 76309 72935 42195 
2187 1
11118 
7975 2
53582 45855 
3583 3
45104 29203 60000 
2263 1
47563 
3604 1
87808 
3991 4
41631 17957 13669 31542 
1682 3
6286 44480 52074 
5874 6
77885 9687 44289 77911 38559 84847 
5970 2
44767 491 
287 1
29857 
495 1
32975 
1361 1
38283 
3427 1
10089 
8101 2
70500 3535 
4409 2
64098 55980 
7256 3
57923 55506 73142 
1639 1
31465 
7329 1
80563 
1087 2
23519 38944 
2491 1
65368 
8204 2
40354 11409 
7859 3
77192 35941 6194 
2612 1
47855 
3784 2
64978 17332 
6186 3
18017 41336 20903 
8745 6
11629 83902 12027 50886 79714 40206 
7144 3
23747 77722 5961 
2808 3
76063 23890 39944 
2720 2
67659 7780 
2641 3
3544 61335 81350 
2137 1
35580 
6179 1
46292 
7398 3
47371 50020 58274 
1142 1
56005 
6917 2
1387 90435 
8739 2
7324 22645 
2618 2
69087 5271 
4931 1
24586 
4680 1
53415 
3725 1
17172 
2980 3
47407 38250 6055 
924 4
39885 70170 53498 88619 
6816 2
61446 49843 
5772 3
31229 112 26574 
8320 2
44620 54410 
5262 1
76825 
1518 2
25714 75146 
1856 2
65281 23005 
4650 2
21948 82274 
7601 1
65154 
7839 1
10496 
5547 4
86995 71253 10265 65896 
623 2
19877 23501 
7734 5
19852 65207 52771 73761 16723 
584 1
39473 
6497 1
68314 
8133 2
77789 17067 
5953 4
88443 85451 43143 55711 
4234 1
48202 
4519 1
44645 
8650 1
71647 
7173 3
36035 23848 25505 
7099 3
84540 46825 25349 
6147 3
41484 5064 20561 
7888 1
58457 
1722 1
46723 
2672 1
25858 
8178 2
88123 83647 
4706 1
31572 
5342 2
57712 42909 
7993 4
83839 21883 4441 18736 
773 2
88702 86567 
2614 1
62088 
3346 1
48804 
2168 2
625 6197 
5119 1
10513 
3284 1
40793 
2877 5
42129 88359 74476 22731 23160 
5072 3
41793 41247 24395 
8716 3
72528 10506 72698 
2461 1
60918 
6052 1
16813 
5583 1
74742 
2977 7
71769 34587 79685 42716 10872 11685 32227 
