167
3823 102
12681 5609 2629 27487 4292 5310 15709 6753 26724 9081 20005 25080 8783 8478 1417 22825 4450 8652 13742 11349 17762 3742 26119 2092 5432 8154 6585 17975 5663 21832 389 19976 14855 757 21281 8926 26910 27467 9711 18124 19185 6536 24514 23452 1757 12731 6368 17134 8750 16475 18555 27188 17742 5198 4248 14879 19956 8545 7164 24348 7582 18586 21395 22812 21026 20961 1339 11862 25404 1683 2339 10195 17505 15260 5053 16185 22312 25537 16106 14368 424 9164 1838 15304 15219 4558 17188 1216 23538 2814 27850 22516 7094 6472 12812 26172 24696 17833 12415 11643 5317 15512 
1195 101
2541 18287 2038 627 13034 20267 12900 14941 20823 16210 26043 16951 20375 22653 13702 16652 9719 7071 15234 23822 9818 105 4470 13784 850 4341 19269 20581 772 16421 11046 25028 13030 5414 14697 6291 24507 25154 14339 16579 19720 6469 21876 14694 1759 5413 18275 26634 23588 11156 9478 25053 21032 13907 2855 21872 11181 24994 26170 7653 10252 22713 20162 2382 6822 9811 7817 3037 2967 9986 14212 3811 13819 25551 13803 5770 6524 6961 8514 11308 26149 2737 8137 17477 22494 11719 6658 17104 7781 15986 17851 13228 24398 8707 10374 10565 5102 5966 7165 7226 15786 
4182 102
11734 3097 22515 4524 20936 24797 20356 16734 16702 9325 7964 16050 21511 21676 3935 18444 811 27449 6928 496 9215 8046 23268 10909 1766 2601 21656 21607 62 21153 21239 13279 10473 3640 5517 1310 26154 13592 75 4666 18574 15436 20231 10532 9070 18486 4388 15139 18617 21160 12318 3414 4389 25831 11999 18607 19008 23778 8561 18074 21408 19650 8748 21017 19466 4313 15805 8648 18575 2664 20207 25314 3965 23828 14490 12521 27212 14434 21419 2351 10482 7912 24545 18642 4164 9219 16625 5047 21761 10100 25481 17119 18838 7524 4702 13636 19120 12733 11304 25252 18705 13712 
3602 101
19524 19362 14383 19573 23539 27004 12104 7188 9723 23316 8334 10148 17292 6849 14028 7017 14375 16305 8626 9783 6948 24256 10445 1077 26418 11646 7287 26850 26675 19216 24372 21513 24368 24016 14184 12328 1695 2056 7506 15130 16083 2995 11663 19289 5683 1627 6404 10626 15584 241 16693 7848 13421 15810 22430 6422 13692 16797 4331 13920 17384 20440 15956 7900 21633 2979 27796 7446 3634 19041 12146 13419 16892 7125 24209 16851 11778 24408 13866 936 14120 9468 22900 13453 19102 5024 20938 3024 13142 15583 17896 7784 9162 7823 15546 4464 16042 13329 26008 4922 4614 
3424 101
25586 965 27833 19982 7145 22117 15423 19942 25021 12278 7167 15505 22284 8789 26061 14910 5387 16956 13467 5197 16607 22805 5665 6587 3283 9367 5403 9208 10636 7816 21683 26559 7474 15967 12025 5751 5640 8705 22108 16293 20686 7620 20949 11827 27545 22190 15715 9513 3031 5005 27772 14350 3675 11208 21335 16518 9807 9101 21360 14668 21243 17365 26122 25757 12663 21143 5674 16321 4365 25742 21526 15154 8493 4804 23886 19773 13433 26905 4401 4700 3183 19110 24626 16801 11118 1404 23670 23489 2160 13748 3154 10019 3782 8354 11518 9446 26335 7915 7881 2000 2530 
1478 101
11470 22788 3913 18585 26520 3320 11340 16341 20137 20893 5178 11548 15200 17427 22203 6427 20022 21170 6235 23826 17109 15187 20190 17942 7734 14603 22343 18606 1978 9284 19811 9663 7882 8709 4477 9869 23592 23651 18243 14266 10787 13730 17827 4425 15851 22385 22052 7281 7146 22513 27367 6506 16574 9398 19118 25948 16073 328 26624 23407 2611 6820 12952 6046 24862 14602 6104 4837 26485 25041 17696 19624 12128 17588 8585 15176 27726 15610 11677 24140 22119 22492 7459 4368 8901 15643 15342 10330 22694 11052 3040 20607 15306 19878 26708 20037 312 5438 19992 8343 14567 
716 101
26310 18232 2077 9694 20714 12528 1107 11669 6095 27280 6940 2084 8653 1784 26643 9131 20956 12268 17581 26703 3222 26055 3740 5168 6420 26853 25910 14566 7377 5624 16116 15856 10804 26786 24217 7040 2741 17443 14089 20545 19996 26411 26946 24131 2630 12846 17458 707 2296 3121 13437 5335 17092 15243 24925 22601 16562 27488 14327 17120 17627 24920 6126 15794 1081 8962 12021 14353 10084 23794 17674 8830 9389 14614 18536 13961 3805 10408 17332 23743 19047 3075 7400 20166 20794 23402 27419 19095 14422 10871 12692 7005 11847 4186 14885 4344 14976 27193 27030 12336 18987 
3118 101
14347 19494 11907 15814 23772 22166 23906 26805 6842 12631 17340 15224 8817 10910 25453 7376 16057 2620 24831 19114 22857 10387 568 3373 25615 7239 31 9839 16213 14242 19696 10079 25105 16257 4960 4645 8760 3532 20386 22757 38 8474 6244 11120 12958 24070 4744 17200 3563 25860 26410 7896 6705 5341 5145 1335 19952 26282 18557 21622 14063 4678 14470 24425 26810 18246 8383 12794 14302 10196 17879 20210 27142 24830 25072 9861 5845 209 23893 17814 12445 16830 2626 7595 23114 3954 23365 12107 22282 18393 17607 6073 18612 11702 23722 684 5937 17211 1192 3693 3844 
1507 101
19103 10609 27634 8184 27203 11163 20237 22869 13823 3201 7282 12594 25270 13541 26903 9705 12657 8595 16354 18464 17716 14688 16506 9772 15650 18954 18908 7409 23925 10700 10673 4870 7796 7600 26782 8395 14412 23227 7589 9830 1109 3912 21173 11798 21214 17285 12630 2733 26522 26889 13754 4562 2731 178 1068 19602 26987 10068 4215 21796 4760 22384 23737 5890 4298 17959 2702 23912 27013 22536 17919 22080 9704 2113 19719 3672 25426 7006 20891 5637 19300 7556 19925 10207 9883 13929 26506 26181 14665 5819 7355 11683 7319 15818 21091 21529 8960 21436 15633 27063 6391 
2581 101
23940 19756 14953 10834 4692 27345 16177 21182 27776 27636 9050 7130 6989 5036 10549 18767 19319 19796 13526 9267 23810 9693 14593 27144 20589 1050 23972 13229 11100 24178 5916 4312 12784 18299 19246 5273 13726 4821 23139 17219 25380 11589 13073 621 2528 18092 13795 6735 23172 14304 9884 27260 10381 25255 12654 20728 9068 27707 5077 4130 15444 4735 16666 26292 11951 16119 20677 16443 23934 25852 18067 3473 2570 19609 7233 20247 25610 16274 4027 15116 9939 10033 22181 6430 14728 17500 12667 20521 14364 18511 11472 25304 1734 11894 15108 5072 15644 12943 1413 19355 13000 
4333 101
23647 24833 3010 17873 22779 5447 89 12332 6543 22031 24868 4875 3369 26599 17003 25280 22045 9843 23378 2054 25095 25067 5982 24401 24078 17033 11856 9606 23163 8780 6745 1142 5350 25911 26554 11710 7357 3890 137 5785 5046 25521 22732 3959 24185 21838 22359 15301 14117 12783 22594 25553 10320 815 27107 6378 8555 23231 10383 14624 2805 12897 22144 19616 11410 27474 1380 9932 7703 3989 3783 18958 1816 19359 5407 24791 11070 20947 16200 11309 12034 4192 9138 22983 20479 19332 7482 11439 12774 978 9595 14391 11249 18601 9369 1877 9746 18201 25076 3106 3865 
1123 101
27118 3128 15706 20209 18628 16276 13347 9236 10987 7335 2365 25666 27371 2052 7489 3004 21610 16211 10423 139 3462 12946 3115 1016 22519 15773 12137 4436 17298 14080 14102 10852 14969 11336 25425 24367 318 17191 26869 27453 27160 19310 3661 17844 26610 3406 19367 15308 845 22324 20197 4855 25143 20463 4634 19555 17381 11025 25693 17704 11919 11745 23423 4551 27479 9665 20312 27056 26241 18073 11224 929 13895 20215 23441 19143 957 12699 27745 16470 10390 20136 8718 7700 24565 24402 27807 3825 23956 19133 27296 22484 1024 3605 5521 23156 8491 10339 7225 7683 2675 
4312 102
9815 1515 1208 23409 2972 3491 24012 22098 689 447 1987 21347 17071 15013 6561 10930 10903 6871 13169 20740 11644 5865 14428 27699 22097 18088 5353 13045 3720 16422 18543 5071 774 9175 15239 14166 43 17048 26570 8669 19292 15327 13508 10867 24714 13662 11602 16723 1591 26916 4394 7798 13788 26101 3746 22382 18806 26277 9547 24067 4688 5813 3313 4318 18153 17428 23943 10506 13916 1180 12156 23632 27821 18620 11467 17712 27783 24542 24637 1671 23622 14094 8177 21996 18409 3510 8703 16349 4147 24280 11031 11617 4020 4270 23233 9801 6794 3548 16368 12467 13703 19014 
258 101
10763 20006 2367 8340 24918 11675 2188 22542 19180 21349 6468 24747 10696 10509 20568 23779 27167 18618 24145 22749 18134 4675 785 3410 14187 24296 20623 20270 8140 13338 12882 12377 8023 25662 18214 20510 22803 13134 25703 20381 7336 25427 12447 8323 12568 26076 21024 8078 24900 8050 17082 27442 26160 12988 17216 8169 24322 25786 24684 3343 3180 10868 12205 14330 12421 16923 24365 17460 25480 23204 23623 26238 20640 20901 7350 8440 1365 15913 17566 3870 2091 513 13486 17296 4639 11346 23396 21632 15606 8467 4998 7750 7792 15330 24683 3447 23724 4882 13985 15742 15876 
3357 100
23817 13110 6222 21003 26087 15921 3415 15587 21433 2385 25172 19492 21605 24329 18645 13386 2754 21617 19455 4812 3025 566 7141 16326 13766 18083 4085 22148 9133 3091 3615 19011 22013 4680 21785 7382 26488 17312 6124 26492 10208 10430 26689 12613 1630 13756 8196 24516 27678 18890 22831 26313 24015 2393 5174 1629 2491 27470 21794 10102 27214 8541 10870 22088 5149 24416 20236 24126 8404 24560 12085 17491 935 2912 22783 13309 21112 25787 1332 24929 11042 13935 14605 27243 27405 15146 13340 19213 15230 19054 23071 22259 7194 11445 4080 12429 2716 27184 13982 14618 
2066 101
25083 17496 13736 12969 8364 8402 3225 5629 2462 575 26772 11857 5362 13861 26228 21824 12744 27645 21478 25339 8376 26 9959 15259 13996 2815 809 23039 9331 472 17750 24292 25144 8501 16169 8544 13283 9119 12793 17783 9167 5823 22302 19912 6530 9045 6180 9740 18756 24678 1728 132 3492 5856 17253 25709 23159 3136 25582 8148 19411 12334 15712 24245 11751 2658 23652 748 16776 24625 18520 8429 7645 10449 3948 16627 11363 18825 7110 13361 12279 5448 23537 8947 587 16178 19617 23186 27227 16960 22806 4075 7596 21079 19086 8460 6751 1640 18877 18162 6732 
478 101
4024 17640 9930 2128 10788 20996 3437 18206 22567 21366 12572 9139 6253 24939 18263 9107 2220 10602 13215 22068 7190 26147 8446 20262 5267 1750 14300 5709 10141 26253 18623 26812 24916 4689 15971 1722 27822 3654 13603 10926 1689 19190 21831 12915 8596 15555 2011 11761 3649 9074 6258 18007 4924 7517 15460 13026 22126 16629 9305 5658 17489 4910 15923 12019 15653 7297 16482 5506 13680 222 11112 1175 7014 22508 19553 23061 23142 9255 5814 5895 5278 16595 6025 13005 10515 1680 26234 21394 26668 4973 21699 6208 9987 13295 15783 14277 25620 14396 2791 20592 2219 
3799 101
15383 13908 15488 21027 20436 7976 16317 14137 25940 27435 3078 26001 16705 21397 20888 3241 20035 7557 982 505 21960 2495 26107 14876 6263 11581 20458 7296 11106 25775 11961 11376 27537 23599 14675 13737 13333 17244 6231 1828 25925 15292 25974 8112 20111 2779 22241 23962 26233 7074 18813 22849 21440 8717 337 16816 19670 13849 6582 26205 26396 13298 24761 19495 2667 15068 9437 22555 2985 26226 22520 1306 1607 2940 19694 12735 26117 6357 15638 17347 25084 6879 10961 4269 12640 12590 21141 14971 915 18337 19585 14549 20419 7855 10064 15885 15645 16594 4455 23165 6342 
968 102
16887 17574 18126 379 17055 290 4324 8650 23919 13010 25044 27666 7028 17671 7713 16736 23293 27353 23964 6770 12827 12270 3830 25898 7833 17685 19330 22810 17582 5357 14073 17642 171 13343 7563 13156 5518 22449 5445 23108 778 26099 5630 24699 1049 22726 27549 22121 17242 3239 7501 3812 17679 19345 20200 27805 5177 17352 22853 25317 19138 5182 8160 561 9093 10735 11656 21449 3630 6432 6421 22087 2196 13289 21871 12373 18976 8569 16231 26813 14869 14601 24298 20110 2448 5755 25811 26515 18068 15874 16428 9709 11431 5768 8964 24288 4772 18970 8047 24108 24158 6281 
753 100
20328 15389 21737 1891 642 25310 27308 16217 8056 9066 9181 19523 9935 18722 858 16338 204 10809 1199 2533 11123 457 9108 10524 2420 25229 14824 4167 5364 6685 27534 14532 2241 10296 20368 13263 16933 7490 13638 23762 8644 14064 8366 21413 27729 5646 4204 22502 13648 19314 10781 16839 25402 17874 16673 6141 5288 3520 5225 15123 21784 16196 21191 17856 2895 6761 13952 6198 15237 23744 2830 12230 20606 27177 14779 1377 4774 25163 26857 4037 15680 12768 24522 20470 17780 13601 9159 11034 18742 6017 15333 22412 19955 16137 13962 12043 10029 3217 2226 27081 
2338 102
19234 8863 17171 21320 16493 15254 26976 17806 25150 22686 25963 12017 16175 26787 22666 27163 12231 24671 4362 12643 19493 3236 1460 17562 12687 14988 11338 8921 1520 11449 21192 15377 17481 4964 15586 22994 7002 25667 149 15475 23791 2198 26142 15131 18966 26790 21668 9583 4753 14274 15142 6099 12504 13038 7460 22861 25779 21731 27727 17596 19822 20772 5238 17015 1737 3456 18091 12624 24615 5290 11501 18365 7649 15872 23035 19491 9799 7576 26845 25497 17062 11805 14276 9156 4499 21388 26481 17306 3306 10912 27622 14246 9877 15181 15511 8630 1673 23704 13380 6694 18094 18055 
3220 102
846 25261 18875 24708 10174 25848 12942 19211 21446 14729 9405 23573 25937 17305 24248 10031 24688 23862 15776 16208 2132 20489 27481 25248 13287 8683 4338 12462 12842 12614 9912 5222 13436 14594 7304 24776 25374 22221 9465 27089 19813 5137 3229 2572 22266 8272 17493 12836 5976 21251 21035 11454 8571 22887 20704 15599 14374 12347 27472 24736 1210 13771 4669 8443 3689 14338 8800 14407 18324 4208 5378 11117 27441 10807 25119 26637 16369 6818 18755 18171 12267 27430 20216 24490 8525 15012 4410 19904 11381 2225 20943 17763 26348 26382 10962 25946 17635 9712 21612 10282 14687 22230 
1705 102
2034 10245 23198 2326 4072 24738 12866 18422 15127 23648 15459 154 19057 16147 23989 2463 5450 22867 16818 21217 14615 24182 2179 3122 21386 4603 2649 14707 6434 20296 21604 19540 22698 26508 26819 3918 7835 10295 3471 19821 23511 3925 13172 24129 2302 5653 2014 11395 18661 24771 5098 27436 22182 2758 14283 25406 5670 24732 11437 21253 22082 5385 25183 18164 27812 19430 27847 11573 13487 6815 17281 19685 21073 16503 17396 25700 24098 8054 19116 20140 27337 11373 6881 7039 6396 19570 15366 5391 24746 16128 24039 12752 20598 4014 11446 19751 13210 22076 20540 7330 2193 15091 
2762 103
1150 9230 27665 27123 6063 21453 13068 6804 16487 19261 23099 27793 21333 25914 4770 7424 14021 17046 3264 14401 1880 25618 3842 26706 25739 15424 20480 13904 13075 9744 19518 15016 9217 25845 19109 23669 23854 13966 18395 4296 679 25265 17022 15577 6519 5416 1312 23490 11928 2042 9644 16991 2230 19986 18942 26713 22153 6058 17937 18078 16204 65 6690 10621 26935 2710 18144 7155 2112 13837 2894 24600 11782 17137 22967 18542 6448 1908 8837 3734 8642 22498 27115 1692 9575 25849 26800 20570 3577 10517 10020 21470 11065 8729 17316 24928 12835 3202 5782 14554 5891 2594 6056 
4141 101
11426 23829 12559 1803 6595 15207 24258 16089 14148 22580 27540 24567 20084 23505 2651 24999 27469 27373 17743 6219 14004 16586 26593 14564 19881 24444 27347 23493 21895 13106 11880 25772 14983 8424 14124 12611 1450 6854 15598 2190 27762 6623 12635 5725 2534 471 17988 5925 18904 18828 23038 11418 15873 23049 2866 23368 15870 12965 19206 6574 15510 23691 6057 5576 18712 22124 20730 23898 16915 19596 17519 5427 2692 11754 223 27383 4289 9762 21371 13211 24424 26193 4305 19826 19709 16826 7770 13006 27275 14062 22954 16638 12743 16417 20389 12378 11774 15124 23354 829 19007 
2930 101
11998 13269 20559 22350 13882 11772 10212 7565 23320 11341 20866 1688 25578 19042 8679 5991 23223 26096 21379 12393 25440 23974 21301 23536 14103 5452 5543 14057 16375 2088 22462 9831 21803 24906 10692 12680 6733 26431 5686 25938 7240 26837 12532 22619 16845 18891 14544 17579 13722 22622 507 24354 27480 20761 16405 7705 19999 20735 26254 23558 17807 25495 13634 8536 17364 9946 25147 4495 27834 18888 7470 26999 8368 969 3843 4317 9796 5397 8161 26728 20493 13327 13412 5713 20097 5635 6106 23388 16002 23160 25635 3204 7793 27265 15626 15009 17471 17256 3698 550 16141 
120 101
23581 10612 19413 22079 1678 8983 18080 26747 23254 13 7997 16340 9621 10861 18598 9321 16545 13008 8588 12113 11384 25313 7177 21642 24505 24622 2214 25592 21763 14430 18799 5973 14747 14456 25354 7494 17324 7606 362 3940 19125 7903 380 18294 12664 26069 5128 4243 15420 4400 5573 11400 18459 9015 22102 7037 20499 27302 25654 23848 11614 19948 12217 806 10990 18291 20634 14473 19146 2458 7443 24804 24259 16423 8633 15580 4776 2859 3467 17372 17885 5498 20798 18087 10177 17915 5054 13303 11607 21753 5446 17417 9675 27289 12807 24036 25957 19121 2185 20401 24413 
4286 101
25748 23836 9333 8353 25423 7630 16046 8204 12649 19505 22383 11741 16331 13122 7234 23501 12271 7018 7066 25092 25536 13944 370 5594 5343 3270 8574 24521 8285 1394 9993 4999 24902 11125 17309 1200 15471 5080 9868 923 20361 24577 9808 11318 25325 14085 8604 23859 1176 1598 17238 23191 3404 16728 12273 17341 7099 27548 12501 26461 3779 16425 7151 12301 7160 11265 16559 13449 22464 5042 14498 11538 8077 12005 12973 18886 18030 7390 6834 21739 18411 6274 25200 2682 6978 26203 14031 18621 5933 22509 15877 21640 11392 9846 5733 1811 26924 1444 24515 3421 22801 
3910 102
21787 6026 713 15676 19729 24892 25501 23450 7380 8062 20204 5442 1937 7583 251 18648 911 6903 340 5797 8759 26275 24405 24757 22966 26464 4583 15744 14527 23513 9717 2927 3521 5864 16569 10894 2506 20708 13974 10229 16742 19903 22902 10619 10123 6526 23642 9067 21623 21359 24689 1064 13598 27761 10751 1114 24418 27679 446 8394 21268 4435 23784 17953 20495 7966 8456 14931 15791 7279 18855 25431 8279 15895 24744 15309 19000 17853 15355 20966 23851 26150 24557 596 17101 12959 9088 2832 22164 6534 19662 21776 10977 15785 4115 2947 21855 20755 5291 8851 2961 2349 
2899 103
5147 15184 12480 1036 3651 21601 13495 5567 13855 5996 9279 3623 24665 6083 6047 18943 26710 20298 13099 9630 4265 13420 13458 160 8836 20880 17810 13769 11747 10021 26423 14379 26665 7456 24032 12298 22739 24988 12675 10615 8643 23008 12250 9375 18371 22532 23922 15427 19799 21639 6398 20749 25260 4529 12786 21760 2059 16193 16076 8181 23010 26943 13646 21442 20273 8500 17017 20465 7205 9872 6392 9238 23239 12839 27067 25924 22244 266 7935 13725 18933 18273 22377 8202 6013 24084 15097 13579 17190 200 10902 4810 21245 3964 11630 25025 11896 16539 5259 8698 18710 25818 1137 
4027 100
19987 18984 25751 7149 18242 21269 198 25042 24471 14019 13954 15421 643 25550 24685 17700 7303 9258 8439 7940 27225 25399 20177 16612 4519 3361 13352 20535 2453 8970 13127 17020 8762 1800 9003 22128 10394 24954 14411 10643 7374 6535 9669 9117 2868 19001 2828 18447 22023 10117 25486 15085 22055 24175 20199 23474 5067 20783 4722 4900 6388 11115 9079 26447 2913 17468 7398 2512 10722 385 11301 22811 1372 8913 3287 15666 5508 8681 6602 11793 15378 1582 20826 20687 15664 16376 26519 6323 3831 17866 6603 7525 3324 16091 22374 13064 16802 18157 11310 6213 
2697 102
23497 5336 2502 17888 8441 27737 11885 12604 27014 13770 10838 4671 8685 9758 4756 16564 25302 25826 24543 21911 20784 25715 25465 20656 24681 25242 19 1055 20271 18271 7857 13237 20624 7879 27760 4712 3896 7542 25444 7711 17846 20242 20911 20292 730 19757 1517 21272 21909 19630 1408 789 8001 16838 4507 13098 12090 11586 17444 7962 22360 26023 3143 882 18155 5947 10533 17753 15149 27317 24385 23281 1829 26341 6341 22095 21051 1834 10793 1670 3958 342 16680 2411 10776 12770 1275 8131 5983 22786 27547 3114 12419 3928 19601 22772 14258 16095 25298 6414 19550 1093 
1735 102
6892 8043 931 17142 6880 14806 24377 7049 1500 1214 14313 10611 9521 21167 22041 19989 12196 14273 10758 24965 16113 19183 187 5794 1999 24116 19750 16218 15901 22934 21488 8945 7422 3781 7805 16334 26400 7561 21867 11084 1898 27054 2404 11375 1755 22380 5961 11344 27721 26876 17398 23760 5694 22300 24710 235 25434 15202 5911 24661 21066 27829 12274 27688 15987 24081 9319 11797 13245 21169 9817 8398 4653 7354 12309 8892 24157 24284 19401 20516 22917 11545 23627 165 5603 19283 20062 4188 12311 17659 26454 8741 26280 5842 20902 1160 1947 12193 2663 821 10884 5750 
948 101
2376 15571 17950 9591 22273 14367 9490 17494 19010 6127 22685 97 25986 4916 11382 21746 15699 762 3903 3741 8649 10286 6345 9651 25796 10238 18467 13086 4980 13858 17593 4093 23256 5231 842 3785 13509 8437 2536 5175 10706 13990 22747 8271 4259 23633 4149 10323 21437 7544 18264 16634 17227 13967 7782 22071 10941 18168 2288 6012 25737 21962 7029 103 8215 11923 9541 21635 18319 19713 26249 8327 23587 23032 12088 12226 27379 4154 4676 20474 23370 15216 9425 14964 9690 26047 20129 15269 13500 17360 17318 11261 9875 7067 16262 462 19978 2265 9426 1843 10567 
624 101
4716 15513 8990 13054 13964 7310 8845 15008 14672 4173 20858 552 15894 5551 13537 17462 686 27099 10550 12423 27432 7425 22246 21132 3646 5899 26475 19069 15183 2350 26104 10831 19758 18453 14750 13069 819 7085 18766 7849 2996 21907 26949 18018 9436 6094 27151 25794 14667 10578 7222 13745 15581 2638 22813 9232 20473 17949 17786 2817 5239 27101 12276 17147 9597 24742 5247 3327 19655 15397 4035 20830 12487 11559 17115 26407 11611 8668 13602 18149 25827 27295 21206 14740 7153 18604 23582 6608 9122 9670 8127 7200 2115 11612 5836 14933 7118 6999 17711 17209 3902 
4261 101
12431 24196 10259 11725 4815 17133 23873 1360 23004 1436 11818 14888 569 11107 9533 8101 16877 7911 2852 2800 10203 24725 7124 14455 12158 27475 2503 6518 10369 16832 22628 15185 15394 8414 13125 19883 336 5136 17580 8993 22454 18245 1393 10384 14686 8984 25167 25970 1639 21332 11628 25564 22768 16681 16284 13815 7465 23868 12584 17927 12174 17935 3047 25583 5988 21380 23333 4786 19610 26311 15642 20745 11465 2950 9220 13902 14237 3670 11269 17131 22687 23608 18883 16006 20371 16993 2605 20379 5186 16228 801 15402 5027 14680 26356 3751 15734 1711 11399 23119 16436 
2661 101
20150 18650 4635 17355 27319 25289 25186 20498 10179 14281 12828 23944 7019 25878 20539 4120 17217 10409 4523 17308 11121 1198 3541 13701 25321 19201 15963 11270 10291 14392 14730 4498 6236 6501 995 12888 18682 14501 14986 27558 4029 3228 27786 4473 17767 26014 17297 1018 128 25660 10052 24310 5652 23526 19648 5647 20795 14185 15945 9196 21145 4210 21147 23181 941 14359 17370 989 20824 27759 17518 23888 15880 6930 26696 10646 10496 22774 17761 695 1593 7708 2449 20994 11790 3018 11569 15670 4247 24657 23271 19023 1233 9476 14956 21154 24100 21402 26456 22063 2743 
1977 102
6740 7455 17689 11758 3002 23364 17197 22905 11293 4597 27141 24571 20776 17869 26245 12711 5248 1379 5539 2487 18175 23376 24559 25897 18353 18760 7090 23996 9876 21009 9191 26265 12653 22755 20724 1073 13050 26541 13053 15170 3968 2338 14215 14832 16541 25020 22807 17467 906 24139 5025 338 17573 27031 16364 717 18154 23703 18446 12612 25011 25661 10268 678 9908 19781 10248 16351 15173 21888 4633 16389 26823 18397 18563 16874 7626 13195 12824 22598 15178 6070 2221 20476 7088 25360 8178 2089 23011 20612 22463 16683 9261 30 26499 18507 13409 16172 23329 1434 10116 21893 
2231 101
11294 21393 8840 2878 21570 2197 12803 24312 5564 19433 27570 15491 8885 26494 10182 26994 12163 6455 277 16985 469 1910 13014 23746 27650 26795 22085 18627 612 22554 6206 10220 23988 9205 7619 21809 18597 18220 18462 9775 10571 917 15741 6417 18532 21213 19705 10272 27385 7271 14196 6379 16929 19040 12442 16982 20452 25745 18518 14568 15017 22557 13138 16418 26627 359 21129 1374 13043 10143 9225 12740 26493 5166 23431 22976 1726 12874 7794 19452 8696 16265 20582 1921 463 14446 17791 4532 14128 2285 21657 6933 4233 11000 25490 27797 20523 20481 12305 13297 4522 
297 100
8615 14299 3629 25008 8518 23356 9152 18827 11075 25420 21581 7776 16453 13667 1244 17688 11484 12510 21965 19244 24836 8227 7743 9700 10352 6532 27204 19614 4856 21978 9653 20630 22623 19849 20532 9790 10661 2319 21078 21903 3436 3945 15277 6677 2703 2916 24468 20232 27262 23725 11692 10136 25612 25127 26948 11277 10069 3418 14796 2478 23797 4581 3296 24008 10662 2810 18219 23730 16573 21240 25560 20471 3747 7522 17337 18478 20093 25752 8796 20496 27525 4493 16990 6684 11213 6952 19034 8284 10631 18046 26783 24969 23102 425 17961 11250 11108 21425 26628 25684 
1280 101
14536 19981 21621 23835 9833 8887 20278 232 8528 13808 19068 1526 13250 480 8974 5346 10206 3005 16247 5620 22534 7214 24555 24338 14096 7364 6471 25650 6611 4720 10221 18491 2746 10501 11637 21409 24152 9359 8239 19600 27601 20941 13253 1381 10984 20183 23182 3353 24703 1580 25822 22043 26294 10404 14781 14445 25790 13936 24117 11236 17636 3210 6145 21887 17906 22877 24188 1120 1883 19197 25113 13544 270 23486 10175 23213 22437 5002 13670 5493 3363 16771 4861 4009 10925 7978 14454 1818 3790 24333 1815 10633 11749 4907 22814 20541 22391 1148 20952 27670 21989 
613 100
1933 10232 13743 13577 23867 5150 11342 24945 18771 12358 20802 1336 13296 21943 23631 25046 8929 18348 1062 2045 23346 20517 16682 23043 14500 5107 367 26658 2060 6075 26435 22708 24504 18383 11263 16111 25917 8094 649 12862 22398 9505 10860 23564 3699 945 7463 21544 24252 17350 6610 25683 25507 25140 23259 2886 9179 11601 2308 14311 14049 24871 10736 17925 6451 20219 15067 18015 14706 16685 3425 7923 19843 4092 14863 26504 26291 4612 3174 8098 6122 26884 21874 9316 7936 21252 12837 16131 15291 14224 22232 22161 9300 27129 23517 14256 12801 19150 22611 15521 
3685 101
9084 14640 14530 22688 21687 8022 26895 16150 19227 6327 14726 11540 9840 26612 11312 24370 25032 11957 16294 12277 439 27643 14011 26471 13747 8348 16940 20752 1428 23282 2174 19117 6553 7640 26331 27610 9751 524 22670 531 3644 6284 26086 5631 26016 16345 5369 11549 21100 800 21459 11802 23554 12919 9397 17782 16478 10088 9682 21649 24629 7541 509 13353 20537 5436 7507 5731 23976 3688 1146 3813 23095 14234 21050 10917 25589 13489 14181 10514 22663 27324 23331 23449 24080 20326 25682 4646 3240 15120 10285 25760 14318 9226 14380 15622 7022 21416 6359 12600 3900 
2892 101
24715 13159 5762 12280 18221 5944 26552 6780 26970 26035 21865 3289 12829 22367 1929 6759 5829 6632 25174 19414 8551 12481 14644 15836 25390 102 21663 14883 23717 26633 22165 12938 7031 27149 19147 26322 12746 14119 11701 22985 23321 20705 25353 12200 17555 6022 7968 23503 22816 2621 5342 14868 20974 18689 26364 11210 27257 27208 23338 27724 15934 26766 7893 14815 22125 10608 4050 1565 181 14093 175 8229 15265 12985 18049 12655 19453 24283 19081 17842 17310 12486 7497 11517 14153 14268 21080 6079 19667 13241 17705 5116 1288 5873 20855 19606 21177 8701 9216 14528 22396 
3335 101
10357 24854 21246 5406 20072 27100 23093 17981 21142 8320 11672 24360 23645 9943 6116 19676 3873 13371 1685 14474 2134 23002 24261 4547 6302 1442 10574 3445 27531 18704 16078 23355 27420 12008 152 18330 15819 24449 902 10557 19580 27025 9605 2217 25624 19217 27255 13522 21486 6196 877 6550 17804 15757 150 2473 27655 3848 22400 407 22932 7061 857 5301 18412 26527 10490 9218 16324 8052 9390 9336 7395 2811 8081 12259 5127 16244 14459 12869 7257 7979 1956 10 21712 20010 16310 27629 23521 18193 6515 26148 25858 14173 20240 21381 9283 18696 15052 25777 27096 
319 102
23034 3061 26861 1547 12327 6918 609 20821 27758 8810 21779 11442 27683 8882 25268 526 3069 22643 10168 1348 20557 16525 86 4995 22457 3020 13548 23757 19326 3753 11780 4889 19410 27062 7134 25040 11234 21613 17670 18010 11351 13998 9520 14251 1295 2874 26171 10278 14337 13887 21317 841 7180 13751 7655 17102 22467 7929 25634 12881 27161 11651 4931 11288 15148 16311 16291 20881 27003 24562 18406 13025 4287 22062 25856 12303 19465 8989 21764 18207 4032 13092 22672 6300 6579 18593 21970 25939 20128 26075 9636 13457 293 4876 18122 11901 14483 9451 23456 808 17985 26606 
2026 101
6332 14104 5185 13181 8672 12962 15204 19770 7106 9291 1738 8105 26917 25476 21088 15686 8435 2759 25477 15000 17815 7836 24289 12597 18101 25875 19145 8797 16959 3829 13414 4595 17868 3168 24373 3791 1957 7503 5569 15975 26762 26952 571 15191 25609 11665 13570 3917 6578 3459 26676 4076 24601 14442 9473 15696 15748 1291 24394 22943 20658 1848 19084 16350 6512 3192 18862 16465 24858 5487 9243 12213 9007 848 14358 16198 26688 3969 26386 27651 16118 1190 523 4662 20310 12483 23504 10562 15701 8621 19186 19097 8262 16248 19098 2684 2282 13432 23030 19659 7209 
3543 101
511 8819 9481 27219 14574 3063 18519 17551 24412 16814 2424 20995 7800 1946 15211 3332 18882 9388 10904 813 26434 13820 17423 7305 19924 8675 14400 12097 16328 22977 8507 2615 21492 8295 6135 10957 19225 18632 19391 10499 16520 1079 21467 13465 26360 6166 17165 24751 6547 18732 15536 27334 23678 23351 24526 12089 26859 418 4894 13825 23781 16192 14424 15736 19571 14340 16206 21122 12201 8458 12216 2545 3179 27649 8057 1696 3872 15128 9567 10319 4220 25825 1388 23636 5584 11792 7025 18515 19318 10938 9637 20222 23171 6090 3171 22037 6495 25165 4034 5765 3887 
3090 100
25625 16794 3079 26128 13960 21385 24272 17204 16093 13208 23770 13610 21299 4906 4867 2713 19873 27849 18762 20159 26332 21900 4511 3208 13889 22661 15656 24241 8087 8427 12834 9453 26236 9873 16792 27687 10680 12760 7614 7026 18915 19695 24375 19957 3319 16374 19123 2736 9671 3834 11078 5473 7476 26825 16138 19290 3433 24659 21741 23716 6601 12066 3477 9168 8425 453 26316 134 14115 19815 3151 15733 1494 19936 23523 7434 22291 16433 23676 24511 10737 24238 23768 21634 25893 25001 6544 23510 6111 24878 4717 6216 11975 9497 364 16809 3851 21720 19417 2477 
2592 102
7540 26858 24676 2963 12455 3500 8640 18859 16523 6650 20313 12018 9018 24445 4521 1028 19632 26521 4543 24711 10531 9361 4040 5720 6671 9209 25292 10743 8274 4385 27560 3871 19980 13596 12668 19158 22264 9929 6314 25718 18202 6292 19612 23341 23723 12468 17289 2300 4335 582 5428 24483 26120 27684 4500 14489 25104 15732 9950 12150 84 27792 13246 2316 8195 13764 12143 20691 5738 1743 9211 14949 3876 19053 8509 7564 4763 24951 9469 5707 18845 6134 21858 10128 13627 15410 17378 13765 9980 5065 23549 1067 10125 21014 2892 25272 26644 10280 24488 24968 13415 2521 
2336 101
22277 7870 10269 19500 7778 13984 4475 22176 14839 12044 1262 4953 22599 27556 11924 20852 14754 13201 3776 8162 14562 210 7072 6273 15361 12422 24799 22173 19604 26187 1020 13337 16104 17351 15882 20788 20319 20460 1773 14922 905 13810 4749 24852 25070 22898 22175 3439 25743 20180 11619 3727 22410 17326 21515 20991 7420 12283 15368 13341 477 20083 24950 23761 403 19328 4211 9514 24816 13469 27375 20046 11432 26947 1136 10520 8093 23789 16970 25877 5123 14693 10757 11596 22961 10358 18065 428 26202 19458 16858 24184 16817 15272 10304 1713 22341 1550 21046 7483 2531 
2650 101
11143 3206 26758 23936 25782 5224 23391 25346 11061 14835 3916 14377 24880 10223 24775 21703 23104 26997 21295 27038 5215 8739 9165 9146 11248 10400 26811 13969 20272 6494 19800 888 25658 5039 4045 709 15337 7991 2573 13507 5312 22208 26248 15981 4535 19191 14701 3235 4598 23896 13460 11137 487 24096 306 24350 23876 24731 21765 3159 11865 5085 14909 19382 14608 9395 6408 21507 7156 16962 8764 17910 21363 15129 21093 3946 3604 14923 7715 11629 9852 9626 11845 7605 4246 17272 26817 13235 16342 24856 2340 6992 500 15867 5373 15822 10435 16037 7269 5722 22237 
1155 101
19170 3824 15999 10648 17004 22389 6215 17266 3401 22949 4713 6768 14218 12202 16957 5084 14295 12822 14238 23006 3446 18053 23594 17748 6957 10546 7803 27728 10596 19753 3039 23914 26110 22797 19679 19141 6955 2904 12001 25483 19779 2272 15359 13989 14226 1705 10712 7057 6985 19119 8829 5490 26908 5153 1541 13763 19675 8848 23459 5601 18410 387 25225 7539 4171 24290 25363 27216 2082 22821 7972 9461 12751 9945 16230 22808 8113 5161 6055 17545 1314 4238 3176 22211 7943 7341 21184 4228 15088 19408 3309 19365 4249 27012 10583 13189 17459 3044 24325 11973 17452 
2775 103
24150 6035 21081 3366 8283 9792 1945 14960 19340 18050 23048 10774 22083 12122 15021 20870 11188 20773 11393 16836 23277 19374 6426 892 23229 25379 6170 8082 7207 14517 27606 9378 15374 18112 27313 25361 18505 27544 8686 8712 23437 17768 597 24957 3587 2804 19427 11096 17307 25328 6352 24517 8399 7950 3631 15768 1810 964 11705 18283 16468 14647 189 21282 16958 3057 11784 8130 19574 27183 4773 25287 2553 6846 7168 25329 3140 1222 22310 11696 20572 7967 6409 17111 5943 19711 8920 13569 11508 6117 10091 26002 17083 26141 3565 7328 13699 1110 13180 1850 5616 24948 2694 
787 102
14768 7814 27326 25087 2311 19783 7933 2678 5210 25400 12345 7826 19470 14684 24991 12081 9647 19967 2373 20970 18535 6441 4449 12726 22677 9536 3955 3639 15497 23907 2922 2383 24874 5180 2774 12906 4687 4582 1948 23324 7838 14453 11223 27192 10754 7417 9346 21461 16696 20986 20439 878 13796 24630 9494 14070 7036 7811 7276 14745 21168 14429 22604 2428 17515 1917 3430 9200 5216 20645 12269 1604 16604 12229 10075 10056 16259 13339 18210 25121 10214 5959 12232 27766 13785 23129 2067 3317 2177 12141 26720 15651 17117 11379 22703 19104 27722 4321 12349 24211 9293 672 
584 101
13019 1551 26992 24014 7872 11796 15615 10313 22980 14201 6161 3458 18610 25322 18443 12561 20288 6898 8900 18100 490 10254 4016 12922 9345 25212 15481 8624 8785 764 8790 22692 11650 14055 317 18660 18545 2849 3944 3298 6661 12245 25007 11024 6867 9214 5135 6634 2284 1478 25189 22875 19837 14559 14714 12355 11079 6001 10237 18686 24430 17466 19833 289 11934 21920 12320 17205 21980 12966 2318 26535 17752 23553 18920 18471 13364 5851 17418 4559 11129 1097 12464 27452 23440 577 17901 12778 27695 12741 11786 5788 13506 26964 1212 2017 22154 21262 9206 4610 8606 
2155 101
17304 4274 7342 1048 22039 5471 16346 14236 8855 14632 9134 26770 6148 14314 25855 17208 16380 26328 1960 12580 19640 1542 11727 26755 23635 11603 21745 27754 4286 16943 186 944 24050 10253 23666 11350 24782 4549 16187 18485 2848 15404 24122 27276 26768 4222 179 10244 3877 6663 15683 16028 21426 16047 17438 13369 5479 22773 7259 9890 25333 19704 12986 6312 26618 27300 2994 22309 25257 19490 17512 9229 26591 23335 19313 12736 11032 21498 1231 23973 3837 674 23929 25570 12662 17619 19876 13917 3971 7981 5853 13886 9954 18425 20234 663 11908 19501 10869 33 6339 
1660 101
23404 23640 26089 23296 7802 22695 13427 22066 962 26862 14003 7295 5181 2773 17167 22669 1649 14035 25176 13284 11536 11027 19046 14348 10848 19157 6805 12293 25675 20664 1392 24679 19357 9135 24215 12603 21318 4863 8638 21743 5485 22022 16071 18016 9803 6583 16983 23161 24788 17794 8844 27039 6278 15835 21578 6123 12826 4794 23986 20333 1412 13435 6857 14207 27831 22748 9708 17060 27735 20518 4527 27181 10808 12698 2589 7292 16907 19786 21480 24552 20839 23196 17145 6336 23461 13310 2766 388 18900 16021 27623 13521 27691 6085 14677 20767 23319 8141 11244 22375 15655 
2415 101
21611 21232 17878 5393 1677 22606 2578 17110 2474 2479 23047 20418 1448 6844 10518 8617 15061 18431 19037 24947 8878 3624 6350 13118 7601 10411 4306 6199 20779 18048 9764 3977 24237 12519 722 21750 5276 9638 27613 6445 13918 20377 18876 18622 10392 21258 4396 8495 13668 13046 543 4391 26608 21370 18034 10134 24881 20853 19009 2515 926 6328 2889 2901 21533 475 26201 10271 615 4405 5660 18775 5324 24741 15255 8692 23417 25993 21877 727 6669 2592 565 9738 4661 4883 18864 9486 20289 21234 10849 24190 18327 4066 15111 18781 5514 23559 21189 49 18086 
1524 101
9975 12289 5173 4615 13879 10911 2366 7618 16619 8408 14371 20987 18752 27266 18184 981 26926 8302 11995 19174 24464 22444 7772 5570 25148 16199 10559 22951 18630 4168 23663 7345 2654 26998 24796 2924 24212 21064 23540 23932 557 11804 24707 23127 22521 143 27020 23275 4754 25744 8207 26301 6875 1132 2475 13687 27500 7910 23217 15590 17747 9973 17952 20566 350 10971 17311 260 19025 13450 17172 2690 12029 11769 13549 16803 12707 5021 4096 18256 26815 19808 19577 21427 10093 4704 18549 10586 26818 4345 5789 27251 19295 23665 18860 14837 2571 12471 10276 23683 15593 
2653 102
20571 4986 21514 23845 26380 10539 6809 6242 14469 22729 13644 5538 24396 7788 26906 15572 22938 14982 10345 17090 10969 14877 25994 19139 10076 1820 6403 22253 13400 12787 16289 16529 26457 19075 4187 3088 12367 8421 25387 8124 26306 17128 25909 24510 16395 10888 25479 24287 18635 5962 749 13732 1867 4421 13392 3371 16966 19450 22342 79 1100 25466 4197 16963 23674 11299 2423 14678 18626 8311 6839 24879 4336 16973 22060 27817 708 17749 14816 19400 4902 4513 22242 20088 4432 23288 11949 21092 6604 6042 15813 18129 11652 8881 27073 16399 9770 422 9962 17999 2313 27079 
1947 100
11331 6721 19438 10311 25891 12224 2574 17485 8106 13163 3707 17234 27755 16772 9245 19275 24891 16270 25226 650 14405 26546 21894 13622 2150 4742 16547 17843 24996 3290 3291 15167 533 25071 9041 8156 11846 17532 21798 21357 19798 19030 3974 16954 26242 23840 2204 19851 16469 23470 27106 10440 11133 909 23653 11145 7824 20301 18672 10114 510 23133 8423 25881 1117 20552 13484 21542 11422 26057 10407 7150 13281 3898 7032 1922 16223 15826 8351 265 18173 19317 18730 27511 18547 17424 11674 5193 5695 2674 13585 15845 26640 16445 18413 24085 1187 9444 9094 20920 
218 101
1354 15601 18130 7672 22762 24051 4545 11296 11684 13923 5382 15534 20845 20900 21276 13715 18082 15809 23110 16626 538 7629 22406 347 27529 7591 19062 18738 16486 22655 8935 10686 25356 633 11473 8607 16353 4281 26996 21554 7667 8804 12466 15029 16146 10552 13430 5044 9914 2111 15908 8358 27078 7828 23960 11157 20972 24058 20790 8380 27344 19237 2808 25892 2787 7841 5718 14346 23202 918 12564 3597 7519 7324 18427 16045 2141 961 12438 2988 1636 4367 2497 11811 72 6773 13949 18748 16598 3962 9826 8384 14906 22913 20103 1431 12469 4383 17656 19921 16149 
254 100
13503 20593 2930 18309 21111 23565 5131 12745 12451 7829 21116 15456 24869 11808 19405 17631 18355 15829 26058 15506 12053 6245 23801 5868 2248 9185 25050 26802 6766 6005 6080 6937 22411 21102 10030 26056 10065 3395 7253 23643 22572 6821 5844 23184 23140 959 9550 7243 12492 23818 8247 18345 6197 6454 25916 10708 27162 19517 19681 23795 16090 3752 24971 25756 22552 8367 14575 20404 26904 11624 21959 25075 27801 7183 10560 21328 24506 17068 11763 5179 3116 27093 18312 15561 8213 21422 343 14759 23380 14496 23468 18472 4872 25503 19026 6108 25888 18666 24952 17121 
3377 102
8335 17870 3702 1725 12849 6971 485 122 11867 25769 22879 27059 24599 4627 13578 9998 13581 7362 1255 22569 27349 15035 1025 16361 23432 2756 1919 7219 12656 15630 2095 11409 18638 27562 13709 2047 4840 12955 20556 5772 23628 21362 19404 23742 19725 22386 7815 21484 7166 9212 27437 11902 1710 4935 316 2312 4315 11935 26019 6400 21770 10492 6934 26034 310 9354 1307 2161 25581 23506 20366 17240 15027 2455 8190 20314 21864 18706 27355 24109 7730 27574 22904 18761 27513 140 27827 1272 10028 8388 25774 24495 22908 17880 24566 5606 20330 5101 23726 5824 438 24214 
3506 103
12511 15938 3280 11371 20308 10538 1870 10582 10393 22795 9058 12652 8463 10077 8504 8231 4896 6307 19293 20494 24961 18286 23055 9351 26600 19629 26370 7275 8609 23624 6716 27705 27604 18369 17336 16082 18796 12065 26851 7384 18458 8534 7779 21848 2394 5975 9841 23041 10694 24485 13546 5793 17182 20442 8238 12299 4144 19073 17538 10481 6129 21241 5176 5952 13255 15770 22193 27810 9905 14913 4834 2140 24786 7747 20427 20411 8592 26263 15369 22149 2447 16441 9028 14734 27551 15841 14484 21730 6965 26074 4090 19973 25169 161 15749 17125 17247 17909 21521 20352 11921 8436 3184 
428 100
19587 4919 1315 4891 7251 10994 6048 27484 13136 23894 12905 14659 14803 18336 13475 21510 19072 11937 15095 2432 18125 15005 8138 7467 13249 26847 16474 22219 7569 23158 4300 20347 18357 1433 24009 25922 9198 15157 4881 20786 12629 7442 16171 1207 26890 7432 24491 27509 7571 1799 21837 2876 6014 8433 24172 3760 16825 2616 26414 12126 25505 17733 8111 14476 23895 4094 8754 23419 8037 21353 3931 16761 23206 8145 3724 22986 26036 20980 10891 13845 24617 2158 25457 1560 5832 2846 12211 17816 3276 25601 12390 11967 13817 3809 12386 4426 8126 14857 17052 5648 
1762 103
4648 5333 16164 3712 720 25318 12537 27658 8324 11604 15037 3932 12513 12176 13734 1059 27723 506 25082 27784 26489 10415 8499 4170 13776 13504 5037 3375 7293 8298 3260 22839 12497 22859 951 63 16844 13594 9149 17947 12284 22968 19020 8074 7633 6667 14087 2118 6701 13629 7105 14942 20486 22609 19569 22250 20785 13003 24975 27465 4256 9552 18521 13597 2334 9052 10335 24202 22870 12360 13198 26044 9253 8015 25828 10396 15902 4291 22878 22348 19593 2706 17830 9531 11051 23659 16132 3138 6433 13649 18 25655 14586 9710 22684 8026 11408 24944 22796 18577 5078 23877 17594 
230 101
16064 23967 6098 9161 21367 13036 3982 666 13941 15833 1632 15508 6599 16003 17788 3455 12050 3454 751 10811 7880 2709 22227 18843 12724 5211 22151 9503 27341 998 26472 19511 20882 20028 26754 1065 16513 6041 8003 14621 13518 11936 253 22659 5907 2153 21946 25343 10403 15275 3142 8532 27016 14149 9475 27559 16891 4194 16348 26413 2612 14481 11054 19387 1774 20579 16012 27673 12099 6931 17051 25983 21999 21602 2238 25669 9036 23808 13490 21697 12472 7965 3182 14970 22020 2431 21732 15208 25728 4196 9768 12101 26174 25900 25096 4415 7555 18142 18909 20475 10420 
643 101
23985 5509 13799 13278 172 11620 3627 18017 15294 24164 19257 3988 15542 904 3244 17000 10152 7191 7076 13132 13042 16760 7386 14240 27840 22272 17531 14929 12617 22423 4111 17377 1243 6324 6926 2910 14814 8971 22586 11173 14095 14711 6201 5666 23117 5348 6347 3053 24974 9089 19919 3967 12135 2389 5013 18469 22539 16786 17650 18903 27611 10778 26589 26865 21338 22597 24432 17796 2187 3376 19522 15695 3840 6935 11170 17784 24163 6311 21758 9120 2613 6030 2782 17231 4506 8010 6266 16842 15951 26940 15767 16435 17881 5706 25616 13389 1709 24295 22233 3528 7004 
2678 102
22447 13120 21539 5461 14973 988 26100 3635 8118 10472 10406 8172 8510 5783 5675 19830 2500 26037 24361 10209 16650 953 17502 2256 7038 10853 14144 21938 4216 23993 638 9924 22792 17553 1927 22819 4992 16590 27485 14272 15496 2873 10356 20149 11194 9439 13694 12057 20721 23776 5019 18898 20378 22697 17926 12264 7144 12928 14570 15759 25162 26530 21151 8986 6024 20778 22081 19588 591 17526 8419 22632 9697 26281 27767 2540 12672 27281 17235 22862 13840 3885 26652 7745 27175 11645 8745 14291 15724 5992 16246 25543 4364 6325 1189 22257 9338 21458 17085 1044 25055 16151 
2867 101
7286 12811 8352 5340 16925 14656 26304 465 20305 16197 3996 26156 18178 23130 15847 17480 13028 15197 16880 23556 844 21085 11621 11889 22415 1979 25187 23843 8251 3533 20329 2013 1949 734 22394 16770 14772 16872 25458 23994 6065 27399 21165 11062 7267 2489 23604 19633 21351 26556 17158 1616 5835 8765 23101 17220 10854 18866 21628 19923 18414 5451 20951 6246 23317 23118 24013 21899 14289 23015 3338 489 19698 833 7196 3502 27304 2173 6280 1707 22142 4091 4235 6617 25116 10018 11300 19768 22909 25599 3963 24691 17734 26024 18479 26350 14447 1510 16550 19689 19356 
2322 101
1840 2345 12659 25644 22129 19059 19856 18745 11232 20719 10746 21228 17303 3407 20156 11035 26714 26680 15721 19322 16491 4836 15107 4531 12362 7381 18254 24792 8985 22439 12893 23650 6500 24851 3933 15559 7806 13128 23999 15792 17330 11242 12924 1473 3054 22021 23731 25965 18239 22570 15743 8543 23598 20223 17019 6008 26250 9252 24291 10681 23803 13017 27166 12412 3203 14944 836 26305 20958 27586 6478 19848 17343 7064 23619 3570 19669 10877 23221 8565 10554 729 503 18496 24821 17483 15401 219 22381 9747 25219 1912 18603 18189 27084 1118 24990 11022 23727 7087 2445 
2397 102
3920 14010 12627 19508 12947 23052 21630 5754 58 14344 21273 12206 23728 12251 19440 7961 24633 6860 14052 11726 16174 20339 24125 2124 6354 8360 11370 14722 17787 24980 23673 10467 9618 579 3012 5082 10703 7229 17583 24331 20195 8727 5610 23589 24656 6605 6004 22854 15003 25656 7825 22647 13992 8378 20895 7721 3213 21532 2273 147 15113 12262 26169 16092 5500 5300 18437 10639 7096 18473 392 1376 1543 17210 14342 3936 22453 1476 27231 8242 1504 25441 11748 7052 113 9885 13650 20997 24720 6018 16125 22644 7012 17036 15931 12806 1121 9244 26188 11077 6782 23065 
3318 101
27064 6344 14545 7055 18236 9824 18419 10616 20565 17455 21719 18076 21966 2344 687 22680 1763 22440 25864 22676 15698 628 1980 4403 19375 2307 13867 6556 7198 19083 26102 24313 12175 548 21193 8170 22399 21704 7918 15924 8016 7651 8973 639 14024 25487 994 1941 23858 26131 8448 11722 7971 23482 25066 1878 8357 12228 1467 9132 6125 25640 26022 17921 368 5820 4299 10169 4179 26045 136 5100 23983 307 6757 8695 1553 11094 9527 11671 26756 12606 19653 1099 16511 12330 21956 3905 19746 17822 9449 2554 7695 4028 26480 18823 14486 17668 4990 21275 4620 
3804 105
24619 11085 3389 3073 19376 13618 3991 23090 934 21512 275 22963 23525 18367 10417 3064 744 23472 243 6876 12967 5194 15229 23667 23170 8824 13319 14518 20722 3084 15248 4762 12071 25913 2646 24048 25510 4849 4190 15115 18938 17517 6798 925 15048 20926 4081 19152 17454 24690 22136 2 20081 404 3758 3713 6945 660 8713 2104 25151 18460 26040 27564 3608 12713 19372 5727 27415 24966 8393 8397 7033 25901 1483 24315 20738 92 25867 2021 5326 27477 21226 23390 11228 23145 11457 25699 9909 5649 11506 22471 3350 9854 20896 10108 21203 15843 7809 24042 26716 19151 21873 18734 2116 
928 100
3711 1206 20087 16393 11401 5296 17715 1965 2087 25971 21615 26776 7934 22084 11837 21398 27048 12157 15415 21316 27080 16660 9021 21157 19537 26655 13305 7732 8338 1535 1813 20049 20001 22238 6033 25459 13645 11698 22933 11124 14841 5938 22064 13494 20681 6452 27299 20663 7785 11989 19480 11695 21201 16611 17667 21652 1226 7797 860 7656 16888 7963 20224 14607 26113 2262 4198 626 18927 12288 23141 174 25254 27603 3050 22392 13846 22665 26130 22137 4492 18102 11736 22743 21721 18581 5233 7728 25281 963 1294 22366 3732 1001 23585 853 9992 13182 21976 6329 
1878 101
11658 4347 25250 4255 4402 705 27421 19983 24669 6529 6914 2459 12030 18360 6271 8860 21998 13589 21846 13290 18107 5028 10303 17196 15385 18069 10460 10886 20441 10655 23257 4087 24106 5307 27007 25514 14009 18718 5566 5219 1188 14793 937 7128 13440 4380 12406 18270 19688 12444 27279 12892 16459 26207 26109 5618 4071 24634 22761 25101 15382 23153 7813 21447 16409 2130 18455 2208 326 2535 11812 26672 5468 20208 483 16980 5791 4406 13794 3033 26801 2608 12149 18483 2785 3874 2753 16157 16337 17677 22091 20316 17660 23766 6816 20284 20373 10073 1976 13304 22373 
130 100
20647 1007 17081 4478 20942 2681 18763 25278 23148 26738 24765 6614 1585 17212 22014 10377 9368 10792 11328 10147 5339 11580 3358 7752 4480 4659 23638 17991 14193 1717 20101 26621 5213 355 656 24069 18250 12982 13306 14864 675 25577 6572 8309 16227 25989 6830 18541 27644 14561 15483 24004 14164 3770 206 8100 25031 2434 10678 15373 12411 13723 2738 13107 239 13872 25565 8778 20585 14946 18495 24602 13196 10452 25949 2083 17589 11212 1345 22403 27228 19029 11869 24344 11809 2870 18561 24841 9347 3185 25249 8369 17450 22278 10505 26732 9662 20154 16241 22782 
3958 101
5313 16065 2223 13572 3145 14365 14126 14905 9177 22899 16494 16843 20921 12249 12064 10397 8472 22075 6729 4983 23591 12868 10967 25617 3801 23405 24724 21007 9292 5626 216 26609 21901 6807 2159 23044 5264 8893 20885 20455 5146 19772 22835 6286 11071 6114 17391 12067 27423 17054 9860 2327 19409 23522 486 14108 12935 4743 20818 6091 27119 18204 4833 3953 2936 5074 5325 4579 26006 19697 2937 6514 9432 2556 7706 20605 10627 745 23428 8976 9901 23700 23773 27672 4361 291 15782 16097 15250 14152 23664 27195 23995 25445 17254 14046 9579 900 17407 4011 25717 
2933 100
16316 27040 10185 22448 6762 18247 17376 25506 12258 12950 10795 11380 3197 21068 8676 12823 14590 22295 23572 24395 5164 26626 12234 14737 25622 23524 20094 10478 8304 25306 24492 6416 8526 2303 27404 21664 6059 11510 15930 17508 26729 8708 15152 8250 26864 15252 22294 6633 23433 8375 18331 9098 17411 3667 22741 17941 27813 4974 27074 11562 26219 17401 26369 18228 22828 23173 10948 5703 851 17474 7754 26463 24268 20588 20609 18212 13455 4679 14573 19370 20504 9176 12306 14082 23626 2939 6470 23756 27802 1567 4555 11917 3370 5383 13429 12287 23518 25106 7491 2484 
2688 101
14582 14000 14158 10940 4302 22737 6326 18314 4237 10354 11323 13605 6459 9140 26070 23326 15195 248 19076 15473 25296 18277 16099 13540 18674 26368 2687 10318 15212 14660 9988 5328 18261 3000 15310 2364 5710 5950 3574 19403 2216 18079 12236 16299 9002 1236 16275 23028 18790 12857 18639 7437 1113 14433 21012 19818 21786 8406 7753 14682 14766 21463 499 17327 26642 16637 9517 16302 3735 3719 12625 4848 11750 22651 294 12677 25984 19377 18893 5939 11233 27112 16000 4718 7839 14018 9006 415 12403 15030 3828 6381 8212 25138 5599 21444 18021 1178 9515 23870 26381 
9 100
20344 11114 14413 3599 13660 18600 3847 27158 15889 16596 1540 13591 17261 24832 21813 16288 694 10227 25464 1992 20102 5590 1668 25641 8662 8011 22331 14713 19231 10176 11174 20253 20214 9060 26814 17965 18342 16496 16258 52 653 19033 3576 14716 26443 21119 8426 21775 2844 19012 10096 12388 18637 20051 20937 10679 1686 21494 11161 20648 16100 22892 1782 12960 4329 4566 23874 9032 14458 8743 22874 13439 15155 21448 22751 4006 14161 27770 8040 11806 16497 5237 21321 16608 11895 4584 11273 23137 22481 1618 2772 13488 3266 21063 7348 15214 27431 17770 27818 17523 
3493 102
25930 23212 14131 16323 19654 1419 8542 25723 3340 26286 6774 22486 4544 15169 17079 21975 8214 2387 196 3804 5963 26161 5245 17214 25182 21094 16633 13177 27033 26209 6205 17774 19583 11192 22363 20280 16505 11116 24544 9643 18062 20409 11547 7922 10918 18183 20318 20863 27070 26180 1546 10009 9915 13265 14719 12620 3438 6746 7945 24702 15539 21136 1409 23194 17893 19127 25944 10835 27381 3095 19311 17648 26274 24652 27287 8666 22758 11354 4929 6907 16942 23519 1884 12186 16622 8079 14552 14556 25520 8799 3921 13114 4503 11021 366 26078 4095 7223 8931 5143 3329 2244 
2009 103
24850 13162 8201 11059 24844 20175 17451 1672 1634 20008 16886 4379 1282 24964 11779 22006 11882 13878 16599 1083 5227 11438 27631 24054 19945 25959 26752 25118 27527 16592 21748 3191 27689 12402 4418 19160 1330 15236 14746 3511 6335 26221 799 24231 10419 21726 25218 17260 15878 9129 10687 24218 1967 18946 7570 8116 12920 18595 20413 9171 9423 19908 21057 4163 4205 4969 8991 11092 24808 26383 4294 1280 16922 17986 19188 7723 22573 7363 22329 13568 18821 18527 11226 25647 5118 25451 8155 27264 24501 15658 15143 3668 7661 9593 2864 7373 20263 7579 3466 1278 17727 4468 15811 
1326 102
21644 21538 11756 20601 24277 13476 5272 15830 14950 18058 17637 1913 16017 215 27458 8065 5130 19838 14204 3894 13248 23942 2861 233 8908 5778 24541 20416 17387 13760 8724 25392 25587 17692 17436 22893 21756 3729 2903 22477 20184 3970 4218 18931 19914 18231 10960 27380 2246 10007 6254 17063 3011 15799 23278 5425 4350 3133 20766 22625 22216 8598 16546 16813 23792 11963 24244 13324 17799 12634 2989 12542 27825 9320 15177 8767 12553 24609 7228 14539 6523 20406 7182 27593 6277 20435 21101 8139 5796 3387 12076 25995 10167 11918 14293 17078 8226 7083 4955 311 11253 6146 
2253 100
22198 27718 26934 8288 8280 5469 3110 1403 7953 9498 14859 10782 788 20079 24755 19984 26066 2069 16916 4489 15884 18223 8432 9095 22168 4437 20548 25005 10495 27233 3067 15325 8854 14951 9046 3265 23214 20676 11216 25544 11920 16476 2705 7738 4325 25091 19416 7894 15453 26126 5863 21842 25064 13584 8691 18347 13108 1232 26951 21545 23073 5232 9043 1902 10184 17034 26077 25015 13330 8233 47 5749 7309 4862 10133 16094 1610 15944 6656 2131 23250 11492 23228 24186 18512 24235 9428 3692 26490 8014 473 5879 10951 14341 8620 6983 4574 21139 23655 13554 
3550 100
24197 17193 4613 16542 19434 17039 10932 15381 27179 23880 7684 1615 16617 3761 23325 13600 26054 25850 7744 20694 19566 17221 16714 1628 1715 27288 26279 1384 5585 19882 14381 16881 12763 10246 6086 25859 119 27043 22482 24275 24453 20147 13780 2697 7898 16357 7642 8702 651 20283 18926 15145 17682 1842 24645 7762 19064 14612 16618 23411 25731 15682 20021 16383 26750 960 2286 15673 16402 20282 27124 9991 16509 5825 16882 5651 9549 24982 18918 1341 24754 19464 21541 23323 21839 22010 20960 6887 1499 25195 2075 1005 18895 6841 8006 24203 214 3766 4253 4723 
1913 102
26511 8228 24358 19745 8665 3858 20362 12941 14639 17270 18934 3567 9075 9699 15569 16378 1558 7436 19055 5799 5759 16411 2907 4814 2121 5289 12052 4251 16688 24000 26878 17729 13877 6283 27321 8243 18992 8805 18819 16848 8513 1045 9377 2166 7830 4041 20574 20806 2581 771 22608 9064 18835 9571 16419 886 20954 5940 17654 14993 8240 24706 6932 20661 26560 2542 26548 13835 10799 5423 11347 22518 21825 3691 6884 13203 6407 17313 14811 14319 3205 23879 15346 20894 2798 17728 1502 5612 16606 24142 17622 7469 6915 7527 15025 26453 25193 17349 13410 10545 534 15242 
517 100
19947 14462 10805 14560 9124 11286 1089 27408 4746 6862 8244 2476 21734 7020 1925 20945 7575 18566 22311 1518 8409 26538 8265 7986 24592 16678 11888 26449 25094 14109 7682 25942 26712 25180 17694 15411 4932 15458 6972 22914 11387 21047 7447 21614 10847 13976 899 23948 12539 18928 19060 4656 13566 865 8503 13947 8619 22577 25215 946 19004 18346 21149 22538 9492 1004 19917 21990 1608 26020 182 157 22945 7827 22445 24739 794 8039 26727 11947 17604 2336 4874 8657 6700 23512 747 11039 12324 24643 4453 18341 624 27542 4714 9504 20529 21706 14045 2081 
1918 100
12062 2637 10201 9023 4890 9342 25223 8417 2720 22953 10082 15451 27567 21941 25896 1422 14155 6229 24895 11271 6049 18305 19126 5700 4933 10121 15528 3374 24675 3506 10947 10112 20856 5761 20238 9364 5978 19684 25980 6785 13049 6833 4501 15380 5613 8818 26307 5942 17148 8013 1590 4824 7367 17488 14823 16144 16597 4002 20202 12435 22637 25800 25606 22304 9911 25788 5561 19173 654 16269 20838 12191 24083 21298 4912 464 9525 9974 12132 21468 2012 24923 14662 8317 5454 5849 7867 19558 22937 9936 18556 25026 19028 24591 27482 7179 10874 9834 6689 5859 
154 101
2993 1758 17010 16266 640 8173 18678 25345 16152 11394 22275 25442 726 27197 12518 20684 21336 12716 23063 4520 3333 16075 5167 15134 1794 20520 15246 21016 6885 13782 12718 20233 25381 9323 20066 24410 26657 22662 22220 20276 22206 20003 3080 10628 16557 2068 13031 18454 27823 20712 562 1716 4052 19623 3220 2898 11912 17157 4732 8820 5787 15943 21923 2628 26613 4273 23342 8281 11057 16115 23639 5577 9916 14992 2509 10432 8216 8275 6340 23480 353 18311 14698 19526 21680 8862 10083 2202 9430 21152 11434 2968 14638 16031 19308 21715 22551 27502 184 15501 25964 
433 100
11324 3705 7538 13115 23547 20542 26919 13707 1429 7255 10634 5344 5903 5380 18198 24326 26446 16967 20731 21041 9373 20299 11153 24383 13911 3043 1830 23937 18035 10442 7550 12979 25376 3221 2660 12709 25237 17738 26371 6376 2427 17541 11041 16400 9173 19660 13529 20336 20483 8978 9855 16837 5250 10640 22431 21411 21910 9038 13079 17183 14934 3314 25538 7742 10989 25685 9976 21643 10090 17666 5191 27273 22388 15136 11933 17939 1675 7318 24143 3708 25670 391 23136 26894 13355 8618 7852 7439 13536 2520 21701 16287 12586 20355 372 19048 25708 23750 19144 197 
475 101
14651 14147 22334 14098 13496 21762 22716 9601 101 532 10483 18807 26516 18375 2730 2418 23543 3807 5828 24399 27751 9538 24433 25729 4244 231 9463 15264 8667 24101 5162 5806 12831 22626 15161 17245 3664 12488 24345 10302 22858 16754 20757 12936 3557 6709 24636 9091 23260 1969 7113 6919 2843 17800 4738 2342 5299 5203 8761 2443 13735 8372 10262 17096 21898 11496 26989 11900 2278 2543 16112 23347 18553 19896 6696 14972 14420 3346 26010 20513 19841 26376 1930 25022 10365 22214 24200 21086 8531 26549 25017 18615 21892 25710 10002 19203 17369 6790 12458 5349 12776 
4085 102
13280 23001 23831 4332 15824 22305 26062 15014 15647 15900 3250 1155 2884 5968 21373 16335 13671 6009 24293 17690 21008 11983 6665 3616 24324 17930 23190 1727 10908 21905 27664 14425 7068 10157 10526 21759 25089 18252 11690 20017 10641 7973 19106 7063 12302 9692 17917 16632 3879 17430 18808 21048 9894 21801 7984 5096 8381 17338 2324 24187 4780 5693 2505 22578 11069 21811 0 25785 16280 24612 5141 7312 13356 706 22008 10855 26887 9646 16401 13809 21560 23775 11001 2883 11746 12291 6707 26402 26839 16946 19657 669 25865 227 8318 13024 10822 25889 23566 27536 14180 18579 
158 100
21880 7475 6156 11455 18677 5528 14378 16236 9370 10714 11311 4310 1346 15731 8981 27148 26184 4686 18629 7955 22240 14628 2097 2599 870 26421 5429 14259 4816 13604 13681 22218 141 27616 4354 6078 10070 19832 4670 9570 5189 26394 11716 16941 22722 9322 8567 10494 26268 8508 2481 19634 14623 23732 22847 1955 16556 26199 21844 14620 2252 1724 8716 7302 25338 22116 16697 21474 9931 11361 8468 4175 19268 1327 5729 13103 10953 21800 19787 23384 6828 11965 17739 9683 9845 4407 16692 10734 26427 21836 1785 26607 16130 2148 20655 27393 21257 20836 15596 2507 
692 102
15817 17613 22906 7121 13789 22776 25846 5332 10510 4408 11251 9312 1353 4972 11452 1837 1704 27694 19346 16828 23520 9581 11413 16414 7429 2669 6943 12310 18669 16121 9202 15674 16789 14101 18531 10183 8048 11179 3975 10617 9539 21583 8779 18959 18098 2076 10699 23752 7679 14609 6947 3617 9412 15607 3650 26200 23068 27314 27206 4004 4626 11555 21270 23755 13374 2100 10124 4337 26460 10773 16396 25967 18222 17899 9777 23590 11724 27097 22393 27839 1296 19512 26357 19502 3105 26223 23492 18440 25211 220 20849 25638 19803 2593 928 11655 8129 8430 23675 13232 22290 7092 
500 101
16221 12476 14595 2925 45 1247 18773 8193 14543 12094 9262 9474 14597 8952 8564 712 11757 20629 6096 19364 10629 2151 8314 7902 27072 8462 16767 12929 5954 4625 23454 460 27814 7344 15679 20743 19831 27676 3855 17964 16876 12361 22090 9394 10508 18960 16298 16439 14423 9857 11044 2561 23164 4323 194 15985 13097 6373 22015 6752 7142 14817 8333 10418 16672 13408 922 23394 7230 16854 27121 21406 6998 27757 9921 3744 22690 17713 13755 5964 25991 19281 27609 8466 12526 7737 7361 8659 1963 9099 3137 23856 20903 26486 11202 12454 10439 8664 12379 5195 25516 
444 101
6564 18133 18783 15365 16747 16635 24890 18991 14798 20395 2415 7339 12956 16261 702 24390 26213 26405 25408 1871 12180 2072 21389 9664 23998 16636 1383 4433 12282 22408 22926 15053 13901 20421 23361 7027 7573 15100 22901 20012 22025 11231 20898 22511 7931 27071 27753 144 10733 18284 27223 24998 19828 16458 26915 3420 9192 17135 24848 26496 18945 773 15290 10058 11132 382 4442 1221 11660 1698 26483 2181 26503 20534 23618 18374 15024 16457 17558 18152 13052 9281 9688 14777 11868 11799 26986 11953 17956 5633 18123 7370 25985 21773 5634 24056 9889 24564 23806 2277 22958 
736 101
19287 22127 1612 20673 2024 6285 23040 14106 3767 14529 22288 24393 14833 24932 13219 8918 25214 2328 9025 24379 13016 20925 2493 3923 8602 19194 12673 11874 7851 4587 14598 2943 11668 11679 19520 9433 5441 2559 25555 21857 21392 18359 6019 26430 14 16281 21705 8646 19291 7481 4975 19425 7858 27518 14182 24673 16397 12474 7874 20397 4899 20575 14145 24777 4340 24694 4905 5847 16684 20034 5579 23057 22397 4886 2749 23649 23751 8063 23078 456 24639 24282 18616 22733 18300 27686 13493 9793 13968 3687 10191 22034 18985 26863 15608 4326 19507 15164 7221 25680 14162 
4104 100
984 22720 242 16965 24518 27747 15430 22960 10145 13857 5099 27843 7635 2403 1702 9 16277 5320 9374 4445 16020 20615 19209 6542 19562 19124 8999 22972 5258 23339 15486 451 25664 25320 19844 21744 11478 10975 17406 16252 1168 27440 16446 10606 11833 13910 2838 21742 20258 17894 3367 27127 7914 8092 3853 10857 20603 537 1012 459 24047 26794 14349 6052 9387 20399 14506 991 24077 22004 27730 6176 19351 26432 20388 5560 5293 22787 15026 19017 20832 8655 12695 23658 3354 22880 19656 25805 12785 11154 19560 12832 12541 22442 9814 13470 3199 5314 7868 2315 
3941 101
21992 20825 23668 14253 6490 24473 9951 983 6386 24 18554 2147 9182 27646 1485 26063 24901 2388 631 15244 6922 11453 25475 2234 35 22652 14084 17835 6212 9735 13061 6486 23208 8587 18680 2048 17375 27539 11527 7904 26617 25410 3453 19426 8339 9576 395 23498 17269 3030 4231 15413 19221 16589 4528 24297 753 14067 25469 9604 4796 12795 10622 17801 7615 780 16490 19267 5597 8519 16170 20879 19111 17299 795 24527 23686 22946 15557 7810 16870 14241 25629 5858 3312 17561 19816 5972 738 23079 24111 5753 20964 6066 22314 6567 19890 8293 5041 16609 25847 
3159 103
17199 22957 3495 553 5133 18817 14807 26346 9645 18293 11099 26518 15925 572 20189 25300 26806 21503 5833 25330 4181 12503 26778 14223 10231 6370 9004 25111 15171 466 21708 2619 1193 16063 15605 7860 549 16101 26329 14315 3591 26153 13749 21531 4278 14826 6643 27661 15815 27315 13082 14893 9082 12182 3524 22918 4113 1659 17808 18524 212 2875 3224 20016 6723 15258 11359 9029 5466 19576 3764 9287 24046 15578 9748 16577 9970 13772 16969 1775 12244 21829 2941 15261 1131 25048 11414 13463 19565 1371 25531 27620 25645 17435 6262 20164 10325 9464 14220 11843 23681 18370 17651 
1788 101
6435 8086 12877 4124 11729 20706 21175 21036 24072 9707 14002 8613 5134 11243 16517 11606 16864 23788 18508 11987 15093 26988 5995 10166 20317 10690 9728 3357 26479 22962 5792 17409 4920 22928 10500 24307 21904 7337 2430 5530 9510 3759 18930 11572 432 21841 21083 23990 9642 7399 731 4844 15440 23469 14673 14786 11389 15746 12589 21816 15281 19368 9672 25799 10959 24133 19690 7670 27023 19927 6365 3238 26395 22603 18398 24386 13139 581 1664 17577 14336 9565 26886 12522 11229 4764 7899 13067 19164 25468 4705 10760 1631 1125 8539 18296 26497 10779 25439 3393 11238 
3740 101
15102 8128 26111 24672 6499 11198 13599 16724 23462 18784 2337 5017 5204 21891 22038 16004 2391 25438 14633 25716 25120 26444 22775 24044 16109 23201 14250 7769 7533 16833 16434 22339 19839 12465 21658 20878 6272 17924 25735 7508 11560 3399 10265 5401 22591 3129 2641 16229 20595 9311 20095 7725 15974 16044 25342 24734 22231 25908 14308 27446 22089 21148 12809 10156 27011 21584 19363 12961 23971 9774 20613 4641 16739 7127 19666 8337 125 16180 76 15360 21452 10561 15439 12031 5740 19563 21049 7210 27008 15603 14935 6233 15210 840 13176 9329 1474 4068 12046 4939 19067 
469 102
7921 692 10620 1855 24824 25862 14649 7534 27165 13750 7761 21346 15838 7199 10823 13665 17534 25102 23435 24343 10151 16648 320 5062 17031 23241 21109 25238 3817 6367 20041 24135 3302 6784 22012 24302 4447 24737 1693 12747 2003 25598 6900 9640 1536 17513 18571 20248 17403 17691 11119 14017 10594 10293 25869 2633 9623 3897 27173 26936 23705 15600 7107 10814 22434 9767 27346 25695 4392 11588 27136 16917 24387 7272 13212 27103 20988 1924 5456 5390 15582 19179 13451 18565 16662 25637 10048 8940 13501 21069 16362 24421 26572 23721 24860 18968 4623 13700 13926 3281 16986 3071 
2701 103
7070 6195 26930 1060 14168 19621 6411 27036 10366 2699 12637 8457 14691 21593 19277 11093 3336 27239 16860 26445 3006 10324 25628 23852 5138 20370 12326 14782 2472 15515 9380 2762 21401 19442 10333 24586 18733 14925 24476 7388 18605 23542 27120 6467 27457 259 22883 237 10376 14068 4690 14854 14523 1845 12619 1523 19224 6356 8857 2933 12963 10160 24118 576 6020 21896 34 12079 17222 14151 2863 19135 16894 3530 1277 23105 24323 24141 18777 2019 27388 12144 16254 23286 17449 10653 6260 8812 4593 18318 17811 6638 6666 6736 9071 4695 27005 10623 18323 1557 17315 4748 15612 
3931 103
8523 6027 3190 378 15948 2405 25014 20723 7311 24942 12632 15688 3126 4864 22738 16578 8953 18352 17779 10630 9681 9658 7410 5641 16339 26950 14146 11910 2900 3149 21618 14563 14397 21144 20076 20707 12530 24574 5957 14631 15433 19531 6243 15357 4950 8248 25596 20771 26883 9327 25919 5776 21225 22489 25155 11377 11653 22618 871 4250 13899 11268 26583 2266 732 19389 12073 21377 25100 3219 11639 19528 24462 15558 22836 26116 19991 4343 13625 23287 665 6962 27478 14742 10585 26114 10466 26681 9460 7372 8853 4290 14715 23367 19802 15853 7977 20907 26523 10003 6362 12805 4505 
3679 103
26829 10744 13783 9856 11104 1158 7249 1293 25371 22056 14056 27499 1066 19865 14809 335 9956 10672 6548 20163 25467 18313 11787 1770 6549 758 8772 8386 11579 11830 24204 10783 13191 23857 5070 24846 16644 24234 24508 2719 5200 24455 23115 9020 13609 7864 22730 24351 2722 23306 2704 24778 95 10575 1325 24311 2893 6137 18103 15362 4295 26084 8814 14825 8710 5795 2149 3726 18947 15868 3311 22981 22441 6044 14252 19178 5404 17323 10334 25472 15756 20528 5455 21972 21875 22911 478 5006 12901 7109 9983 16297 17719 27171 9944 9810 3035 1172 1220 4697 24374 27456 20106 
668 100
10349 3508 1576 17570 23187 16239 19590 4628 24649 20644 10705 15227 23692 19339 7495 11525 20533 3762 18671 21072 2007 3034 419 21043 17865 27293 361 15408 26330 10448 13286 25534 24446 15220 15914 17662 26345 24700 11770 7454 2250 847 22223 19241 2792 25191 21537 19061 10421 3911 11411 9685 20861 10677 22372 7169 20718 3904 26645 2788 17977 11836 8580 19503 27108 21155 10761 26828 22922 19167 25673 21314 8682 18196 21260 6570 14930 16222 20934 20492 16779 1739 8730 22416 4225 11087 5531 14232 11090 11583 17492 23089 9487 10025 20186 20 164 26269 16718 3728 
3379 101
27697 10459 11613 25688 16919 2207 8554 24102 24817 25621 13811 9761 16931 19744 18140 12127 2655 339 3058 17018 9256 1935 16687 19451 22897 21821 5274 5737 5541 27333 894 15621 17760 14959 3662 3413 12414 16534 16043 6251 14332 17484 25033 26852 19885 25763 6637 2498 9724 529 5869 13239 14303 15125 2499 10786 10433 15915 19805 19279 14048 22876 23383 9263 25177 12321 19765 1201 85 16707 2211 27098 12207 18939 26478 10424 20398 20563 3153 7224 12256 803 6963 2227 1874 12102 3777 12851 5553 20115 10882 27283 3582 6715 766 20989 2454 18474 13009 17027 25613 
2467 101
18138 6636 323 22873 24206 13165 24168 22545 23314 18190 3536 15755 19303 18552 5109 5400 8733 22061 17818 6765 27719 26679 8009 240 6481 19703 17821 18146 10529 11066 7079 22429 6232 26514 13958 27312 24382 13129 9721 21768 1881 21590 26300 1539 9479 16085 10016 12800 2550 20688 11257 4118 25524 15503 27237 14478 6764 7990 2566 11969 4649 24089 15589 7001 19331 23830 26539 22196 25019 11374 20554 6406 25724 13543 22279 8465 14143 22226 23022 648 16976 12569 14245 183 15213 22964 21912 13048 14850 16524 2008 13870 15328 1237 26289 13275 1648 21054 4387 18504 25488 
2068 100
27401 4101 20622 3733 18588 16603 2765 7486 20367 21722 14409 16927 6053 26899 11820 7152 2618 14264 19250 19448 1224 11842 8356 23951 7401 19153 13326 9382 18113 3915 17895 9655 17367 7042 25130 776 5496 6456 14914 27600 23711 9471 26257 14751 14263 22527 16975 21134 980 1679 18749 15745 8000 23690 14980 14987 25485 6169 2841 25058 23244 27662 24729 23606 25806 7878 3344 12040 17461 24563 4668 2080 22003 26649 3245 3383 13032 19396 7496 15920 16205 7690 16359 24823 816 25152 488 12048 18333 7865 1462 5497 5816 4518 20000 20805 8584 12181 24772 21651 
1002 102
1824 15312 3588 22352 15954 3360 14298 2659 7515 19165 1268 18008 20851 27712 18641 13978 21296 142 1991 16260 25000 19963 467 2529 15727 12359 19880 21432 9344 15635 16640 19578 7189 17395 10765 4260 16670 21677 4264 24608 7726 21587 1052 9977 9631 5723 17521 23340 13160 25418 5354 21042 8735 18482 9035 19748 2144 16207 11012 6986 7543 18225 18490 3984 19129 7371 20264 2182 7696 26588 26922 25447 18837 2823 6509 9629 5803 2921 15298 26892 21988 1446 5424 15432 20927 23162 5800 8605 9554 7427 20594 12588 1194 20604 26105 19639 16327 11284 24698 5717 13498 18912 
3082 101
20909 16852 8004 8903 16201 3166 20142 25795 26428 11435 13292 19710 12343 22916 24239 17041 23295 26015 22634 8826 14133 10742 17421 3465 11986 19607 22133 27090 1218 1530 18869 15918 8988 16054 15660 22600 9459 16911 19867 13221 24199 23211 13731 10040 25282 12550 22032 26742 5840 11706 2513 12084 716 11305 14749 9275 23270 25642 17267 14099 1039 14998 26359 5547 5120 7123 10880 15011 13852 1663 12628 22607 18097 3124 793 2133 18354 22504 3233 16859 6852 7674 10367 23923 10115 13085 16921 24147 3464 24144 15840 7969 14739 12195 10287 23360 21971 23534 22499 16022 5124 
536 100
2623 13781 12715 1308 20844 9112 9014 2522 11385 8697 26288 19887 18039 11221 13242 2143 11260 23837 8149 21810 13631 20074 23392 18128 19449 17958 13441 1453 13713 696 20433 15604 7193 19766 21491 16873 27111 19625 25936 22270 15279 25526 3227 2267 22204 14387 22077 14174 2504 25961 10340 23764 20205 20697 22224 6787 12601 37 19727 17175 1319 23147 14461 11419 5331 1010 5659 15245 18794 6313 302 9363 8506 7946 13516 10771 25697 15619 3295 17838 20764 20918 6801 4483 24028 27272 13833 19395 5696 1292 11184 14480 830 4805 16775 2123 17206 15144 25038 6168 
3046 100
22450 4221 3339 4356 9240 23508 19472 16807 11178 27659 15324 5152 1714 11169 11171 7906 12558 1744 24627 21774 5513 7941 7886 16750 18735 18546 24650 24524 6136 4482 10331 11043 3656 1173 13884 3426 20550 22952 12015 25665 4083 7530 16977 16756 1981 2471 20009 20422 5886 10547 22065 13448 16741 5697 6901 24818 26276 10921 16488 20650 15474 23603 3994 1681 3130 5075 3878 16438 4790 19134 16955 1899 15861 12560 19251 23759 4949 23555 2269 15209 10597 26577 21199 4146 21681 10480 21342 9116 14834 21696 8608 24355 25815 17882 703 13869 539 4129 18657 15340 
764 101
17550 1644 27504 1786 15968 23682 7047 20715 19260 19056 10845 14966 21957 18717 9990 19361 19394 8956 4214 4820 14026 19105 2992 20043 1019 21417 680 13331 9448 13567 2606 19344 11252 22855 20924 21931 903 15447 11290 16784 24130 11831 3282 26173 15266 18851 15978 8515 5910 16987 9753 15988 9022 4842 2803 24646 11136 20023 22891 23975 10057 7263 16194 5764 18093 25990 25741 14141 21550 21691 10228 25904 18990 7157 20239 10241 26261 10027 16273 1000 22225 16381 15268 2919 6819 14619 26125 14606 2727 8629 23749 8994 19207 16649 19039 11165 4546 11970 13213 22997 2577 
4163 101
7975 21150 16159 775 23195 9017 11158 10092 16972 20490 1253 15527 19393 15886 2456 21674 26507 27268 23302 17620 2538 9878 13652 23782 19776 20892 8888 26190 7201 26991 1993 20564 10380 5449 13555 26705 15490 19637 5119 26500 2984 4180 6000 5271 861 1571 10542 16219 14565 23816 5395 7008 11495 6749 21415 493 947 13492 26832 26923 23399 13385 2751 9362 315 21358 17968 138 13096 8482 16675 10988 17703 17397 11775 11362 9844 7100 13682 27220 17023 6728 5285 10355 15844 27117 12105 27584 18646 18361 10172 12223 22332 23106 15801 15318 22044 3581 25324 20410 11631 
3386 102
6287 10685 15493 670 26743 7452 1250 17038 27310 16558 20602 20168 25500 11500 20651 2732 16904 6692 15064 15594 22636 18716 14034 7393 1730 22369 16033 22930 15106 2642 1085 1534 22612 27583 10217 20646 442 12690 18020 10723 22358 16370 9310 3823 15641 13021 7365 7260 3111 24750 11217 23177 8134 2501 13377 15138 8841 24752 4909 1430 3914 27675 5676 16868 15354 19547 20178 9967 18268 16483 15565 24378 22289 4731 1603 9265 27417 26967 18624 6629 1240 10264 11700 24814 16820 24434 11298 733 9999 7883 599 19266 26484 20030 27236 4386 20179 9421 880 19099 6480 2189 
2536 101
18516 610 21700 13238 10762 26129 10543 1477 18849 13077 10219 5949 9785 22522 11625 22167 18363 20346 5458 805 9755 5771 9947 3081 6917 7588 11017 12092 20976 4025 2071 7735 20973 5632 20348 546 24800 8734 3861 6758 18449 18691 8833 1876 19809 4575 10310 17329 26272 8344 8704 18418 22678 8549 26647 11893 1223 18719 10584 9563 4073 18392 20229 14655 3127 15837 450 8548 19306 15010 1138 21866 25866 2348 3489 7748 18611 21740 21606 19270 3144 9757 13640 18027 26891 27191 18829 24812 25954 25519 3273 15965 5055 11505 24935 5655 1872 27710 11200 26326 19498 
1961 100
27815 10162 24216 25997 14535 26638 7598 3429 12439 17802 3939 19938 25029 23693 13860 17568 22956 26011 26985 710 24406 17282 7317 20737 12238 6651 4952 21828 7404 895 6172 6460 449 27156 11424 21304 12187 1304 25039 3246 1006 23305 18758 22281 13545 15735 27019 21291 15051 27464 15270 8051 822 12764 1544 25894 23398 3986 1405 2395 15890 22007 14720 5971 7069 15 3999 27069 27517 23515 21993 1002 4554 19156 4134 16759 2685 9250 20392 1854 24759 26636 1745 27450 7445 4552 15966 25956 18251 21536 22744 2117 18274 14372 19931 26290 5269 4258 19708 2582 
1110 102
19462 26601 8877 15722 10821 4155 155 21675 26354 15344 14865 14360 5951 24441 15470 16735 728 19354 22823 601 2850 18384 15936 17805 13664 15257 13367 10879 12509 19916 9013 21565 6621 8943 20279 7148 6322 8454 20459 1134 10568 1135 19437 2673 16019 1163 11879 8603 9072 1041 15416 20741 17357 19024 27046 11948 27330 14248 769 2240 9544 3593 25049 8117 6878 17672 8415 23408 27846 25517 23905 4517 20672 17592 12660 11509 1741 14233 3820 13511 19336 1762 27656 5338 4724 11762 724 14118 25397 26841 18388 4560 17150 15717 14512 16026 6465 24274 17476 13932 11502 18653 
519 101
12325 13315 16895 25161 5492 16232 26232 22078 15206 3434 2400 4651 23507 25331 14795 17354 5642 3102 10966 4734 27398 21585 1038 4903 9850 13406 12538 18558 18709 24123 11563 4301 8256 15969 358 23276 4082 21055 6927 9042 12203 18978 8305 27819 22701 17912 22912 14808 22229 8377 20018 4589 8444 6479 3569 2390 48 1609 20820 25873 786 9511 27690 21200 267 17649 24153 27714 25016 2064 11712 7594 16914 6750 18853 19371 22785 11204 24802 20071 15807 11512 6405 6239 5022 2867 17024 26902 27052 5698 21001 1661 454 6786 13897 20801 10350 9188 15659 20444 13365 
4151 101
6438 17584 15431 11246 26723 16011 24225 16934 24535 2485 17448 3516 7073 9729 25175 13612 7996 24664 3655 14285 21574 21115 19253 5316 17687 23798 8107 5202 18768 3793 15993 12997 26660 10588 3555 17600 14039 25170 5524 11954 25611 19243 3284 15101 2295 23909 22860 21672 2469 5494 27506 25791 3703 27224 4965 25802 23545 16056 21987 23656 16303 7016 3863 6171 22243 4578 15726 22425 18040 11783 15616 12110 18995 409 22110 19820 8249 12477 26029 24301 21075 15960 4189 12676 23116 18892 11909 27709 7175 23267 21 3348 5854 9771 18216 14604 25171 15716 7729 7413 16404 
402 100
22443 25385 10188 12014 14001 16477 11752 8012 16510 23334 10972 20131 704 5812 22 25335 10614 3243 16526 14282 2309 24440 24917 18983 5664 17164 24340 27572 3941 305 11398 20405 24064 14735 22322 25256 17979 23499 3930 26378 11883 10952 13471 14769 24136 12404 27359 8259 190 6702 24888 5760 25552 26216 4565 13055 4865 6006 837 16642 1228 14788 6925 15764 1918 1260 20244 12033 22982 12338 14984 377 24061 19288 26259 27409 2951 17945 7892 13454 27170 19248 23303 21863 8520 6158 14363 12548 9302 13366 21104 22856 26487 17163 26179 7999 22179 20732 9512 19045 
594 101
9880 1509 19113 9674 7764 958 16616 27406 12460 24242 15516 24807 11109 11699 9666 14307 20019 21187 25419 8205 24417 15802 24781 27028 26877 4384 18022 4781 13158 8498 13477 21443 14475 5159 25454 5379 16948 17717 17897 25812 20218 19801 24062 9806 2078 10456 3534 2451 23532 23261 16502 13173 26920 14828 7850 15079 17657 2801 7681 5220 24959 17371 19337 12168 10005 25533 18887 7473 17325 18583 7854 1184 5728 12261 1410 17203 3150 8784 20432 24549 9926 27428 2061 7218 20447 8470 12899 15846 2290 12434 4279 15551 27438 12679 15752 10954 6484 6744 12845 12281 15403 
2070 101
18003 23072 14441 9415 7103 7471 13384 21454 26224 15449 18118 22765 3684 21551 7353 10716 9039 24267 18526 8600 16188 1471 2631 22115 27128 19646 25443 5352 5688 9786 20165 1537 1370 10698 19825 2136 27746 6741 19551 23279 3364 19049 3049 10273 23315 15526 19933 12742 9952 9686 23881 5920 19366 18702 13359 2146 8151 6249 13826 26785 2750 22493 4097 22770 10724 18975 949 2696 21469 16235 9048 18973 25288 6128 11906 4126 4465 24561 6888 15961 3098 16103 15468 14157 2653 15350 26567 5798 11464 26846 16647 6182 8831 27514 27075 19489 3637 9237 14778 1472 19481 
3181 101
13184 690 19962 9870 14504 5110 2239 11622 2353 13124 10013 619 4424 24810 15334 19712 15428 26115 25928 25233 9142 14278 5418 27376 24941 13155 18150 9419 13202 19862 2355 25626 4561 7323 7768 13733 112 21883 18562 16154 12440 27267 10211 15110 5979 11 19762 14812 873 21782 5488 18415 8234 16271 3255 2953 16710 17723 21948 159 22016 26835 1299 13539 8582 12732 20170 1271 9085 9677 5398 10683 16862 11731 5435 7403 14884 21751 12155 14886 8290 9009 26027 17969 16249 3170 8894 3226 13294 9034 23344 11739 13842 11515 6909 19343 3042 11535 2015 605 9348 
146 101
8255 6218 14663 9096 2254 21882 25312 574 891 3385 5038 2603 18435 2721 1195 4185 20931 5207 5736 868 4841 6265 27515 27412 6372 6220 12495 26569 12717 21487 13673 4431 9467 15348 17852 22593 6267 4280 17053 2380 677 23735 16080 17066 6698 25797 3258 18378 20172 3641 8731 9898 24582 6346 23092 4514 16961 6691 14540 17617 15443 8835 16748 26000 4177 22111 19871 6754 4576 18047 2677 24540 11997 18442 13551 25558 5411 15315 16865 14030 1 5330 17997 4417 6227 26314 18513 11101 2369 4456 5831 23865 19692 4213 25141 24132 23738 755 9754 6457 2406 
3833 103
26293 5546 26060 20611 20151 12100 6493 27150 10841 4077 10580 13417 4701 10801 15628 12335 24363 10103 19940 19093 6554 27563 2609 40 20507 7440 15296 19247 17603 9366 16928 20126 8488 6002 11605 21573 19539 23385 5144 25136 20171 18391 26176 16432 6428 11537 17507 15302 19998 25687 16591 19282 13805 21029 1676 2546 20382 17746 5747 18911 24222 27851 26007 15448 3882 14257 476 4967 9183 14936 11474 9289 26701 16407 17721 1154 10635 17386 24502 22011 24285 1387 16098 14813 8034 8278 19219 19964 20293 13851 15358 8258 6706 23255 15803 25446 14900 6712 950 16766 1958 133 15322 
256 100
4888 23709 5184 1182 20287 6413 5970 19893 20867 6835 16296 1309 15747 5242 7607 24992 5857 4795 9303 23654 2686 18932 2291 20228 27507 2980 22170 26513 10548 11167 20675 24174 25473 16413 24243 3633 12344 18182 1164 21502 1475 4880 21156 6247 14902 4644 296 18390 26927 9897 16780 580 24278 24179 27000 3216 4193 18694 13277 25463 26247 12312 13913 20649 15349 9586 24207 9797 11657 14526 13214 14915 26615 13865 3736 12381 2102 25061 20616 7045 24154 6693 16412 12401 11030 4162 9957 5779 16013 11694 23527 7917 15729 19429 3985 14464 14312 24321 7499 16027 
3790 103
15693 26836 13651 8856 17611 24931 13254 22613 16225 27213 9477 23685 5188 12109 8477 14831 14487 27798 1095 13336 2488 5562 6597 8631 5270 5867 671 11544 26442 10803 12117 1071 17601 4276 19615 7970 17737 15691 8852 14047 4461 3972 5881 21350 6939 6810 5953 18420 14509 10110 1699 4655 27657 21802 23714 23097 22252 27390 20464 12994 24658 9277 23550 24500 1997 17678 7368 512 15418 9207 24936 13628 6193 25979 11067 8019 2022 25405 15623 26017 16979 15049 9543 20781 13898 16504 26220 11183 25351 12061 15869 3997 24436 1751 13029 17522 27132 6906 3514 4103 26881 15137 12252 
1773 101
24956 21897 17264 14209 20468 19726 11978 25838 2831 14849 25547 8080 1037 8253 8578 11952 5965 27497 25530 8910 24328 21323 18450 124 13959 13272 634 2171 19384 13565 10739 9849 4536 1643 14867 3716 17016 12856 9778 18894 9706 22308 22024 4283 18810 16531 25323 18061 19635 21881 8330 9560 7856 14848 1169 25674 2643 23045 14105 2769 3838 25045 25880 8827 20912 18703 22799 5015 13744 2030 6644 15299 21159 16332 15096 5282 15881 14626 20584 22965 414 17903 3884 21137 8951 369 17077 5481 12798 10707 10592 24232 24912 17293 3164 25945 23930 25220 2040 10944 6209 
4282 101
15122 18424 11718 13090 19476 20073 13167 508 10768 22794 21807 10657 27486 14210 19620 2899 7621 21286 3103 7804 394 3331 10684 26543 15396 25126 15953 14091 5368 22742 9730 19840 1086 16366 20430 1185 2885 19693 17103 8586 12971 6969 12416 27109 20627 15502 1359 12802 8230 10983 20641 25471 27771 11574 19022 8416 6847 309 6557 7875 12222 6105 10600 4631 14121 9726 20674 26733 16744 5459 9635 11011 20908 24073 19352 5214 12027 19870 14525 9144 21830 22413 6539 10294 17848 11097 14975 13473 15952 7247 1022 20703 19484 26678 12671 17482 4807 18994 19402 20024 16040 
1967 101
7181 20733 10818 18233 4348 9832 3017 5712 13914 25713 14112 70 4240 10665 10558 9434 24273 24686 9480 547 23961 25137 20297 14775 8535 19065 9996 13207 27455 10815 25383 6592 13393 13739 26775 26175 10995 22336 18889 6415 9466 17963 6060 7845 11390 6890 17088 7876 1561 17280 16699 25890 22998 6360 12767 17348 14235 17271 7054 4542 17680 26198 11095 4703 12658 3288 14449 10154 14472 24257 17246 22326 9442 19767 13893 2584 11083 17707 21457 2236 27715 8322 21421 9005 25887 14858 8090 22948 13937 16540 12670 19937 12036 26537 26939 2247 4808 19548 6419 12397 20742 
4296 101
22140 9077 19892 12400 22615 13373 20796 24909 26026 12248 20505 22258 6812 5540 5848 13220 12346 10471 4854 10764 5103 25639 21710 10709 21278 20828 12684 11441 2332 14862 25755 10122 21387 3100 23357 9789 22707 11785 23230 27372 23369 3983 9241 20078 13227 22996 20437 18351 11873 18172 15781 23310 1344 19731 16084 12000 20077 18325 23569 10024 18057 1653 7780 6856 24494 5644 19972 9660 21403 19749 3099 22283 23982 443 20390 11985 15059 1084 19441 17967 13945 3867 14452 5726 21186 7406 21641 17544 20320 4502 16427 14270 6737 10755 5280 2139 2183 14732 21483 21594 21071 
302 101
15198 5265 5444 13027 3976 13104 23529 1809 13704 16799 430 1819 21852 27053 23389 2049 17317 17839 23580 3544 20873 6565 22925 16829 11297 6622 17032 13987 7928 8355 17684 2384 27186 1211 12799 22474 26108 27400 19929 14588 16605 14399 27736 3155 25943 13787 24568 3868 26517 26097 21884 6502 14994 13481 3947 6139 27384 8867 22485 15591 6410 22262 9224 3957 22719 6401 8975 6675 558 14584 16580 17213 9410 24357 21399 24774 19013 3086 18957 7184 2374 1258 16936 1302 15438 22299 20451 14217 26830 7097 4153 8332 5309 1124 15758 20448 5329 24520 1263 8392 908 
304 102
7765 22049 5841 9227 24595 11131 25863 23832 6942 24002 20659 27832 19572 14394 19732 17021 26215 11858 19680 2942 26734 8157 12609 2343 6074 1170 23439 19459 17251 3308 10730 11723 10364 8815 23583 17506 14448 8222 3223 12556 6102 10451 17933 2058 25525 21586 24877 69 9788 19584 60 411 14907 24701 26112 17720 19208 6951 481 1592 5615 2715 17520 23609 22800 5581 26843 1778 19950 23406 9557 13806 26533 11164 20751 24882 24863 15409 27647 26969 18776 2090 594 14789 10689 24006 17086 25470 9867 23629 17073 10862 9972 26491 2347 27247 27218 25158 13209 13619 617 22745 
813 100
10647 1601 1069 6175 5422 1179 1279 21418 23661 1914 8453 18176 22287 6668 12418 17557 17012 25689 9572 25128 24442 25332 8791 10300 1637 4206 7528 6431 14977 1863 22297 11159 8102 12674 26646 26325 1251 23375 10159 25771 20815 18432 20477 26532 13721 7035 19613 12257 25355 17542 10255 25098 14843 15832 22646 2971 25231 9737 23274 13880 10939 14320 23530 26957 25633 17931 13391 26309 22840 24584 12932 17883 23189 26278 15307 15518 18159 20799 16576 12714 27711 14947 3792 4696 27018 17314 8527 11610 8125 21967 20315 7132 23883 8 24576 8445 13999 25798 25504 20226 
2917 102
4860 4003 3592 22641 26632 27734 1742 22526 6861 4102 13442 15099 25672 8905 18878 19652 19035 6304 8487 4381 18647 24687 27768 13847 16360 27590 24052 3428 19324 16129 3572 25915 2647 21310 7895 23613 12470 15065 5421 16841 21540 18619 15548 5419 6755 13991 21434 12047 9044 18306 17854 1102 26700 25868 6464 27331 26403 5018 1638 19852 3177 25449 11676 22500 22991 6299 18177 15765 12023 515 17241 16190 25389 20573 25947 23924 17130 17002 23336 22323 22919 11803 9616 1791 18389 16551 435 15887 1358 12591 10738 20813 13965 5322 12581 14092 22681 1703 13059 17013 5708 19380 
119 100
67 23614 27693 17185 6974 7235 25035 25117 6731 23290 9358 19265 16639 13512 21771 5898 5719 19965 2138 3960 19050 6652 5977 15225 23014 15566 7241 26135 8175 15217 2461 11289 26163 5985 14328 17591 17058 20638 2511 13018 18127 16704 16308 21937 7274 22251 10651 1058 10682 22346 7077 3749 8787 26498 14674 27316 10454 11670 20515 13083 1406 18744 12247 7510 16355 2683 1564 9386 3483 4100 1347 21236 6600 24753 26197 26854 16420 16447 647 15043 22387 14558 12152 24269 2862 18798 1157 19627 11222 5000 26049 50 20063 25201 27765 23846 18321 19817 16466 21795 
3627 101
3432 13398 10523 1512 16740 13119 2771 18792 7758 20875 13552 22496 13316 16909 15941 10138 2399 20503 17094 10900 9008 15055 19884 19677 15893 22809 1964 22344 912 8199 7387 7985 25694 19229 1425 24167 11343 15933 13323 2127 7349 6297 22576 10766 20561 15714 1594 11570 1793 5671 1581 24451 10026 23176 13456 24149 6936 11279 18769 286 22345 13468 17735 5512 25262 26399 22693 7236 2998 24588 19085 19988 13187 25696 16720 26856 8614 23343 7585 12940 4802 21667 18974 13792 4494 21818 10012 13464 21294 1712 14065 8980 2617 27521 21749 6795 26827 59 4001 26408 27153 
1111 100
11280 24963 2152 9741 1008 6461 23765 7407 12980 18468 12531 25003 6831 1254 6959 12003 17065 15140 3316 4771 1605 20414 11558 6769 21682 4715 11488 22222 20013 18488 5315 16038 19605 18998 12820 3886 2331 646 5739 5510 16871 27492 12116 12199 8269 9406 11060 9596 1264 27116 19192 20052 6734 4268 27599 20760 10922 26338 17374 4954 56 14578 11737 1982 17936 23612 21950 14269 1389 9679 23111 20978 22174 10368 9555 13791 21280 6230 18753 16897 27002 1983 25987 4089 4252 18848 18714 24635 16066 23610 22533 25736 10715 7980 16016 22422 8473 17840 20007 16587 
828 101
10087 20692 17030 14271 4056 11425 7084 7329 26302 18329 4166 17154 6320 8803 7771 11291 8143 14679 1790 11175 18707 9403 27538 3518 17530 18956 19737 24733 14736 6674 1326 25749 3951 1415 17629 8583 25941 10015 5334 19864 4512 11220 17139 14142 19658 6076 5592 20067 8538 2460 19159 4509 26796 9592 20203 6084 17630 10011 27178 26429 9499 16077 15553 18072 9210 17132 3123 24910 6987 25527 26251 4457 5083 24865 18910 4608 24457 25057 17731 15267 10105 12208 1754 4541 7724 24391 17366 18728 15190 7518 3175 24913 25732 1017 8475 13608 3694 24546 3956 1807 17047 
4208 101
16384 15996 13864 11852 11568 2142 12430 5034 19259 27392 15989 18343 17908 21932 25478 737 18334 7369 22321 4320 22293 5611 13264 17775 4107 6653 6763 11499 9562 11180 19447 3924 12456 13831 14261 7709 5657 12957 12446 12452 14384 16878 25047 25496 11976 2945 26391 10892 6353 21716 4654 24362 20699 15153 14650 23080 8811 19487 21591 13274 8870 8776 19446 25079 10360 7270 14043 14406 7717 10668 8489 2689 11405 15338 1503 27047 5608 6958 22549 16621 9862 25532 585 8286 374 25204 9251 16679 14081 17475 24019 18240 10671 20944 13970 2176 3355 25263 11801 17578 19263 
722 101
13624 3552 22589 27790 27201 24809 13378 17778 19460 13807 17495 3560 20868 13251 24420 26151 14577 22635 17938 24897 21015 6240 24919 27087 4761 12016 18979 17162 9457 21220 8961 1548 25722 13975 11974 10281 623 12484 21670 16041 21997 9620 6269 12038 13499 14692 2809 15477 15375 14296 12010 11571 15917 2210 19089 9587 1719 23151 12075 5934 11267 15151 12058 1074 7714 8179 22213 1666 23928 938 3725 7250 21038 20130 2775 8771 3212 16932 11546 13288 14585 21535 5112 2154 14780 7636 7217 25841 7609 5790 11155 19664 18238 1996 1822 11946 9887 14801 2259 20965 2074 
4199 102
7268 3036 5872 20058 15417 21077 15189 3755 26842 27343 1522 16553 18952 8742 16764 15946 10607 4460 3254 13443 10826 24647 25086 1378 12133 17126 12490 18174 23094 7720 9978 10846 16406 8591 4098 14076 9491 10353 17984 14012 27146 22047 20400 14203 13403 16896 8146 24439 1449 26451 18530 1395 24660 10928 8187 8496 25416 19901 16285 9384 27476 21339 1440 2233 11076 3419 4510 386 12525 10194 8096 2184 26235 19715 4375 18194 11259 1126 17877 17549 6149 10576 12371 26132 15150 10317 14110 11892 5026 27749 2902 19482 13896 15175 24606 27159 13301 24498 20466 10301 26698 25631 
1205 101
6511 24531 5108 10402 26760 15303 11732 16279 24727 23059 1139 2672 26759 25068 919 11844 20182 5059 7301 1484 12902 4191 15090 19015 22999 3579 12042 12861 4852 11372 25580 10165 17586 4606 283 26392 19915 18907 15332 27354 3148 19323 25309 8661 9222 21233 23138 5989 4012 15592 26299 27298 14961 21984 25720 12508 13559 16709 8084 10222 26474 2120 24253 18525 27612 4488 24885 8886 18106 25584 6725 14290 24246 4209 1626 23904 23708 18205 1421 26079 21569 4758 7897 6131 26867 15568 4898 2180 18339 14771 10659 9061 24456 12626 19687 3573 11481 12197 2039 6157 15862 
950 100
413 3757 23330 11543 20249 8634 12118 10675 6288 1736 18594 19407 22525 22947 2569 21473 11853 6767 26390 22306 23121 14962 22699 10247 10817 16176 7673 17974 27532 24911 11436 4359 620 5261 18085 18213 12686 4741 26212 4010 21348 588 14414 14555 20586 6641 13223 7102 13037 19581 19651 25907 12491 746 11982 18499 26467 14042 18099 26406 25386 19166 2964 20765 5345 10963 23460 7131 1962 2977 9953 22645 7238 16278 6429 19961 19647 20220 24716 9286 324 22771 1285 6140 11383 23699 10676 27820 11587 19148 8442 1076 26564 329 18906 19399 1831 16725 19149 19385 
2799 103
5557 25164 4399 9633 27105 153 16998 17014 16727 25395 13900 8484 14390 27816 11626 16755 8890 18751 10336 23841 23132 9654 25962 14244 10428 2440 3388 6739 16753 111 6719 4557 23516 26635 544 7101 4923 13786 16212 7861 20668 9111 19036 8029 26246 26509 6864 17754 8942 6115 9150 21248 26065 7873 12689 12478 662 2948 24170 7920 18156 13981 22303 25663 27447 24074 8957 18315 3673 6361 7554 24155 4398 3120 20710 25293 17098 9103 21624 3074 21724 1657 24616 4944 17978 4778 21105 7449 27092 1088 17464 19958 21205 14511 8166 27788 18165 10270 9324 25074 22714 12644 11397 
1899 101
23349 2199 14436 12852 18013 16060 2726 2108 6648 4941 8928 2482 20621 24320 7532 2222 9010 4084 26725 12363 24953 24022 6575 8757 12855 299 1506 8042 20467 19473 15702 3231 21082 19296 20583 8925 25271 14542 8540 17795 9600 27396 19513 21471 1317 7104 5558 7751 5058 6155 13144 14894 11988 13643 21736 1936 10053 22562 8601 20874 9019 17076 27130 6029 10120 7010 26605 25836 24020 7847 15371 13401 6330 8808 17995 14636 1572 5777 6061 13462 26531 5347 21391 2568 6383 2778 18902 18302 14403 24597 9125 21208 22019 16472 23696 9648 8002 20119 458 3253 2441 
3962 102
17994 2125 9641 6366 8469 10045 16462 3427 10144 21161 20808 10055 11245 15084 27555 21725 10363 14810 8502 18533 26788 8769 21870 1459 24003 3721 26771 4267 13942 7701 25027 7133 27795 20031 23783 26018 18282 2292 6475 15891 13623 6087 20277 20038 8307 6991 2036 23987 22654 22145 25678 26807 12641 6485 23812 4516 21936 8641 16268 2793 26611 9678 27377 1690 4683 1574 1731 13422 23328 27301 777 7837 15425 5358 1990 797 22614 26081 10305 25107 26243 25595 17035 24641 24596 8755 22706 13553 27407 19454 11597 22451 6069 13178 27808 17294 15376 996 7060 26821 7162 25902 
2352 101
10573 26602 20117 24794 4993 11981 7791 22159 3249 3158 26871 20817 4239 25133 17643 6964 20531 5295 16416 12605 16543 5268 25407 15395 4765 20340 9963 8904 27565 9414 1667 12499 21546 23453 5586 14760 1994 20999 10839 13728 24201 12333 22072 8872 6382 27571 1986 8163 516 14699 21378 24813 825 11565 18115 5165 234 8722 7662 17404 25245 15464 5463 27800 23514 1051 26844 110 20045 15379 5882 21158 14502 11444 5892 20191 13793 13407 7 10978 23736 5522 5206 13720 10604 25809 20357 11486 484 20959 13834 10769 8923 11326 24533 1533 26315 2110 11795 23584 12697 
1281 101
16226 14521 21374 26218 13620 13224 25062 2392 18387 17836 6183 23671 16215 13532 8715 24092 20979 8632 22978 24104 3756 16655 23911 22731 19200 13538 24704 9172 12167 27681 26465 7500 26674 8494 2496 19743 26664 15118 23447 8110 19714 1303 18408 2370 12220 18433 874 14791 13418 2718 8203 21439 24768 14895 2632 13841 13183 19789 21504 22185 11360 14494 8210 21099 23593 16945 26308 12878 26379 23311 10905 17834 5063 12683 17693 17797 9399 14875 23978 6541 16602 17405 13642 4444 25523 15531 3621 4178 9285 12190 19575 27803 4030 23301 27750 22556 19187 21925 16890 7140 23150 
2964 101
26980 14643 12639 20353 18368 1588 26284 26344 18863 13060 9391 19485 8793 10590 3609 25357 14797 4691 6503 18644 3731 19728 21519 9109 18537 8450 21061 15808 8349 4108 7334 15879 5702 3326 24165 5958 22543 4013 16657 5967 3457 4525 22187 23042 13829 9585 22048 18981 8939 22114 10386 88 18011 12701 15461 8846 15646 23466 15793 13491 16295 4640 26565 22316 27703 15911 23866 9842 24795 7989 12489 15499 15522 9920 5627 20176 188 9763 4895 19954 23984 3300 8198 18084 2205 15617 18260 3315 26953 10810 176 18430 22711 15535 25783 23634 1684 9204 11691 4376 17547 
2904 100
24578 19529 17955 26888 1501 15273 15576 6525 27068 27026 25574 332 19863 25421 24978 20185 26555 5834 3052 4123 13924 5687 14154 11633 657 177 15831 12608 3888 12567 9639 4285 12650 15282 21495 1075 6152 14702 17442 14324 725 6062 9027 19554 20560 17943 12078 4538 17626 9493 11688 17358 10447 9056 9069 9332 17646 15060 8297 14940 22069 11463 8622 25923 298 26662 18861 1528 13953 26983 24989 14255 13633 27433 15215 3765 14587 21125 10284 4817 17425 6832 20027 14198 24018 14891 12039 21955 10477 15400 4160 10104 20800 14471 4044 17966 18949 16893 18200 6118 
651 101
6551 20469 16996 16855 23533 1266 5969 5462 6165 1141 13894 19002 3048 22475 4994 24899 10772 16711 14467 10920 16810 13595 17862 23086 23248 26438 26372 13348 5862 18584 10119 12647 21090 6630 6301 21637 22274 21455 13679 10610 21185 14438 8300 8850 4226 14610 23412 765 14416 21922 8031 1968 8699 11146 16631 26417 2818 16140 24949 1469 27291 6380 12903 6590 10489 3066 18285 24091 1183 10906 4148 25489 6463 5874 17605 11667 9062 13166 25297 10741 18332 2467 22890 17563 16344 11788 24389 24493 19516 24585 401 25677 24409 213 14548 11493 14072 19797 14362 10410 24623 
356 100
20729 24512 10321 27732 20403 13236 24970 7529 2178 16716 718 17872 19541 4570 26566 13994 17632 933 208 25437 9057 24651 12026 20014 27250 27516 8714 11416 17239 17155 22249 2790 5190 5105 21728 23 6097 19456 17841 2836 11618 18230 13525 16018 24134 10950 9891 23192 24330 10080 23337 1905 24873 17345 24097 8570 11258 10837 16939 24536 15276 17946 9341 3359 7648 7948 1625 3636 2023 12032 18996 2671 27335 21462 12757 15668 2317 2518 9049 18580 13675 25185 16554 8966 14172 16953 20626 2026 6101 3188 4224 19136 6838 16544 20113 9865 21549 2969 17695 19421 
369 100
14546 1122 17127 974 20625 5087 23570 16162 18298 14731 24528 26587 26426 14505 16394 13057 26942 22895 10935 1152 15855 24876 6720 19869 13146 17276 9313 17087 13091 12873 2755 11364 5381 25608 8135 17433 19142 17539 13170 22610 24537 20127 4826 3531 12566 2763 7216 7954 12322 12095 10598 5927 23786 14329 6252 1143 17 26874 27102 15507 6893 13821 11776 11764 3537 6043 24618 417 12410 24024 14136 25294 23299 20600 25773 25707 6760 1974 2191 13690 21575 18659 492 1746 17328 814 24353 2437 19810 15871 4395 11122 5821 20883 12545 5122 16484 22255 2783 2728 
3142 101
21916 27495 12610 13063 24086 770 2946 22495 20181 27125 8479 19735 10060 8060 7504 6040 4853 23921 9608 6695 27416 16051 24166 8035 14370 17153 5374 26237 21382 23955 6343 10186 23720 8449 14738 10327 19273 18014 6390 9837 18977 20787 22764 14991 25734 17608 17187 19307 1652 14919 17932 17699 23611 13689 15964 15126 5780 12883 16811 6436 25702 13839 7844 25043 8095 5298 27789 8566 11993 9776 21130 14426 25714 11876 24429 10732 12115 13276 18051 25885 5260 5894 7402 12706 1951 2352 4938 23123 21944 13564 24369 25808 11528 17934 1356 25227 20865 13225 3485 18687 16322 
3451 101
1961 11187 25241 25414 8183 26067 21914 9080 18844 15662 5196 8182 11591 5079 4458 23046 26740 14999 11926 6979 4588 7740 23154 26695 3715 13459 10919 12555 373 23780 21490 2276 22993 16001 23427 26072 13479 5158 8896 2908 12160 3810 27397 25981 12583 5433 11215 20628 866 19774 17284 13461 25668 5900 3619 18780 3612 6899 2949 16108 3869 19122 23003 9985 6580 7578 25199 9661 7947 21689 205 11006 15737 25093 12925 18497 14432 6569 10187 19691 5822 608 15609 17233 1488 3007 27508 7560 10037 2551 4046 23833 27370 13632 6154 9355 3658 7644 17198 8068 2997 
2570 102
20512 19979 13830 22832 23434 27306 10261 11689 754 11834 23327 6988 17453 11940 7117 2378 27113 8997 19184 5811 14163 6100 24128 26312 18652 8158 19738 1909 26826 104 22036 7129 21769 22186 10534 27842 6261 5439 763 26164 25754 19162 15834 16824 16309 18023 12723 23698 14125 7731 26287 23218 5804 15922 18922 8899 6203 20050 21018 24031 15414 25461 13186 22210 1174 12931 26409 24973 12204 22371 2416 2975 2565 1868 13257 78 13571 21305 15719 14571 5537 9522 13683 7577 11139 10876 25157 21261 16168 1654 20955 27794 18457 27468 11355 11063 25905 8909 8167 24986 13311 5052 
1922 101
5986 5673 6649 4674 23027 4043 11616 14622 23824 23029 3774 18754 18475 6241 22826 24705 4901 27625 20213 3381 27230 4979 611 5758 6865 26404 2255 4767 25508 25398 4951 426 16451 23350 12056 12762 7719 20461 10540 8331 21659 15588 15718 9545 2029 5645 9260 4378 12124 26866 17647 17140 8847 21265 21355 6294 2595 1455 10197 22584 27692 21820 8822 10341 21039 8434 20304 12450 6742 3745 6221 1849 26603 12870 26941 7820 25166 23697 13980 16745 14305 12987 6552 7266 18379 6202 13332 12463 19304 11287 23560 21856 8412 20759 13759 14015 7994 14821 12693 19309 16463 
1822 102
26059 229 12131 6778 77 17362 19835 11172 12529 15910 22215 11105 6520 8325 1694 26918 18328 10898 27114 19586 1873 15570 20396 6045 5554 21376 5741 20633 15045 24403 24889 17529 26553 14908 10308 10306 24721 19468 23745 19977 246 20957 25352 18132 1650 2321 636 22679 8306 19935 21772 6591 985 19477 14928 7647 2926 16733 24026 10992 12544 23126 18587 12850 22886 20105 1879 6031 4161 13576 15904 14957 12913 14904 26412 13943 13583 13561 21588 6088 27044 24943 2333 20438 3330 19506 20840 20294 1836 21284 12847 15465 15740 21006 18850 16489 7278 24530 1106 13550 17725 16442 
2885 102
12880 100 3060 525 21127 15022 23890 9030 21123 714 9455 12678 8219 1234 7535 24173 18633 25428 22189 8654 276 6606 12376 18105 23992 2218 1606 23739 21654 15262 13376 19920 13399 27512 14007 6275 22602 1496 2796 4665 18338 20679 4140 21322 5183 26931 5051 24499 5748 17156 9627 25912 23157 23740 27439 15032 11777 721 27190 8933 16791 3347 21216 27164 13175 12916 7846 8313 20123 16535 2882 17661 13818 9470 24306 405 15351 19897 790 22209 16507 2401 25522 2917 21522 23885 4327 25286 23916 23113 24838 16306 21555 7842 27459 4314 11073 13779 23838 22188 19556 7862 
125 100
23272 8744 18163 24121 15240 26440 6616 21464 19682 4184 9526 3584 11477 21717 18785 9804 3606 20349 25375 18335 5281 18295 12121 22446 15002 6868 2842 27740 15661 24137 20750 19568 2923 1977 9482 13260 16912 23395 12263 1771 6334 6902 2020 13328 25290 18757 19599 23308 3875 2523 25037 3822 20905 20696 17166 6412 20042 10943 16069 9919 6510 3603 1286 257 26928 7592 15329 27809 21840 19626 3450 27082 970 14134 7995 9113 12739 10190 10502 18867 26804 15172 20070 16691 11735 15484 15720 13267 26320 24773 2362 25336 23373 26574 15903 5887 20811 11459 13130 15939 
