164
866 1
85528 
1520 1
35749 
660 5
33812 3961 3415 21719 43138 
747 2
3995 83648 
1982 2
22754 65148 
2124 6
54540 79161 78683 78182 91331 14627 
1180 1
69172 
2402 1
21277 
2209 1
74251 
3001 1
87074 
2841 4
79387 25009 68901 79850 
2310 2
48330 95414 
2937 2
68631 24765 
3140 3
8518 90757 88717 
1745 2
14094 50544 
2210 1
50366 
3503 4
10272 80704 36920 59693 
1668 7
33961 82259 40495 60022 95383 28305 32765 
482 5
83235 5561 28962 35850 54132 
1323 3
298 61201 43368 
2532 4
80605 21850 13990 81383 
659 2
61777 12222 
745 1
80088 
532 7
14099 74808 13756 22158 42522 92110 14728 
1948 4
86445 30427 47996 78307 
1288 2
50788 59005 
3176 5
43615 67826 3642 25122 29283 
2226 2
47070 73362 
2398 4
54619 503 79000 71005 
2190 5
12344 48400 68609 46274 75081 
1149 3
90843 87994 48781 
722 1
47892 
1084 3
52151 98661 49679 
2166 4
92946 28379 16565 27015 
628 1
63211 
98 5
90069 98482 69117 43276 22643 
935 1
61834 
1283 3
20850 93255 61983 
2553 5
69880 30246 50824 50071 22415 
834 1
39666 
315 4
77577 30019 59533 23341 
3437 2
89638 7395 
3221 7
49881 23432 157 46905 66281 93499 97975 
2351 4
40521 39226 45507 68587 
2117 1
62327 
3101 7
81820 74911 71313 80011 48428 58464 29033 
301 1
94475 
1314 1
70038 
1159 3
83174 96989 41152 
1912 2
99027 1599 
3164 4
29767 56726 35963 45656 
3417 2
39796 2530 
2123 2
40097 19168 
3643 3
82231 80209 47933 
519 2
81452 60991 
857 1
9105 
3638 5
7874 76463 78401 55071 98478 
1775 2
52878 76595 
2790 2
20113 54247 
3580 5
33197 17227 28612 80293 14748 
493 5
28185 24185 64515 74287 54669 
538 2
92391 77067 
1337 5
90685 76736 16988 48566 9557 
497 1
58452 
3412 2
91806 7488 
31 1
7265 
3421 1
96038 
2061 6
76598 74531 70754 8135 23008 76970 
1510 4
73294 32927 21280 48743 
2039 1
62773 
1779 4
66585 57484 98363 69740 
1695 1
71491 
1165 3
88181 59479 76550 
841 1
12703 
1409 5
86904 55330 24150 69133 85490 
1623 2
62534 27556 
872 1
53221 
2133 4
82704 83046 72601 14088 
266 2
65507 63839 
1584 3
16530 45573 36636 
389 2
9159 21792 
1406 3
59238 24946 74146 
759 3
79567 42272 41308 
1621 2
12591 1739 
1459 5
16397 83522 10490 3912 68648 
1061 1
37601 
758 2
31636 62156 
1343 4
33947 16892 67048 43089 
196 3
26256 65201 8187 
809 2
88857 25743 
2417 3
70932 88445 42077 
2400 3
97332 37121 23315 
2095 2
54876 33657 
3171 4
86075 25811 93133 73177 
2652 4
58715 80779 58905 19499 
926 2
20633 92832 
631 4
33299 36906 68683 35422 
3085 3
14005 82111 52823 
1218 2
67488 88053 
645 1
13117 
2778 8
54347 43957 6090 92837 61198 36568 59651 23029 
878 6
53989 69725 34844 41072 4185 37613 
1972 2
45064 82802 
2189 2
62584 20127 
3362 1
42799 
5 1
20337 
3659 2
41344 85985 
1896 2
30329 92618 
3405 1
16897 
3667 3
7690 17618 26717 
666 4
92696 87374 98974 85346 
2871 6
38804 25380 25205 24550 9864 99258 
699 2
9259 65660 
2348 5
62826 860 87831 60514 14296 
2381 2
37150 45422 
3136 3
28926 75941 64740 
1300 1
90662 
1809 2
72624 95447 
2204 4
21591 80680 94461 64497 
481 1
16496 
1770 2
86716 37915 
2443 2
79215 14717 
3172 1
443 
1793 5
86609 85445 97956 3053 46383 
679 3
31354 15360 71644 
1724 3
34461 68864 77377 
2115 3
86734 60901 35363 
1004 2
20632 14681 
1622 4
75608 16997 89802 85806 
3372 1
40635 
734 1
75409 
1937 2
50067 7312 
55 1
65685 
2301 2
89458 35018 
655 1
98539 
2745 1
92954 
1069 3
20868 71151 36839 
2313 1
510 
1999 8
7833 56040 1296 5387 85887 53604 19759 20759 
3131 2
85017 19463 
1207 2
30096 25697 
657 2
8928 4013 
2113 1
40204 
3066 2
96098 21103 
3578 8
52836 70529 47731 31726 51987 47800 32844 7705 
1274 5
972 96050 67450 79222 11255 
1821 5
84954 22891 56418 55312 76599 
2028 2
82104 22843 
2160 5
91086 95023 47111 68063 17184 
83 6
82878 20934 93833 42736 33888 60052 
338 1
17111 
3159 3
83331 28617 77975 
2687 2
74333 99140 
3097 3
67244 85714 91373 
197 1
88591 
393 1
88937 
3283 3
44002 61170 44258 
2285 3
85672 39329 77854 
1973 2
51011 23855 
836 2
40046 40045 
714 2
96713 61157 
1530 2
52045 73887 
1987 2
56714 33506 
2444 8
29993 82265 29344 80633 46569 86994 86164 5689 
