260
5392 1
54684 
6231 3
37805 14454 59586 
305 1
34056 
5323 2
64013 191 
4454 2
65188 27853 
6104 1
50398 
6696 2
63690 33664 
22423 3
20611 7214 64178 
363 1
10511 
16918 3
307 14792 54546 
441 2
69672 13944 
6158 2
28123 87288 
1994 1
63865 
6267 2
10728 26400 
6357 2
34627 30193 
4726 2
34546 89356 
1073 1
19854 
287 2
69191 81200 
9690 3
16513 49108 52193 
3933 1
38188 
22306 1
2753 
5450 1
22864 
3254 3
91007 2874 65809 
1726 1
71726 
5284 1
42120 
2473 1
4074 
2687 1
77871 
2009 1
53359 
18880 3
81352 37386 34438 
1876 2
59155 6823 
24470 3
4721 14960 92737 
6048 3
47150 22111 10700 
1552 1
91061 
543 3
43350 91696 73121 
890 2
61882 85613 
4201 1
70173 
12912 1
57169 
670 2
15768 26644 
2231 1
37819 
4109 1
44625 
2803 1
23303 
22837 3
4344 81099 10670 
1101 1
6515 
2315 2
81118 15189 
6057 2
23790 53274 
166 1
36308 
22602 4
26806 33058 11196 16453 
4830 1
42173 
386 1
33304 
2141 3
6143 53805 17147 
4256 2
22563 11062 
19307 3
35771 88955 40651 
2076 1
26974 
19502 3
72414 68627 63422 
182 2
58876 14218 
624 2
93443 48342 
23490 3
59175 87630 61243 
1086 2
13780 85947 
4760 2
78314 75013 
4097 1
61610 
4703 1
31478 
21023 4
67893 26925 6508 18364 
2117 1
41771 
100 1
61505 
1996 2
79644 71291 
3194 1
51467 
9799 3
82847 51609 77988 
4281 1
89778 
5233 1
44844 
4744 2
68147 61085 
17922 3
12268 72142 43412 
5153 2
92119 79154 
1317 1
55316 
3882 1
52776 
3370 1
27125 
999 3
12771 15304 28382 
5471 2
71717 59964 
9638 2
32770 14566 
460 1
42417 
21837 2
72764 76252 
11317 2
52814 1525 
6286 1
6457 
4589 2
13554 70292 
5037 1
68718 
2336 3
52452 44756 1656 
4613 1
992 
17064 2
56380 40366 
6472 2
48192 73552 
23629 3
37397 5342 77490 
1836 1
22281 
17187 1
2249 
17018 2
90806 58349 
4249 1
30854 
280 1
4573 
20280 3
22089 4778 19186 
755 1
71311 
4992 2
13945 61571 
2472 1
38996 
403 1
82282 
11674 1
25434 
523 2
94203 36102 
21537 2
61115 8958 
3363 2
9935 11902 
7108 2
92328 90118 
5885 1
47443 
2730 1
13257 
4107 1
10167 
18364 2
59694 41922 
12272 2
64320 12343 
5749 2
35283 10284 
20458 2
91076 62800 
2992 2
12485 5893 
3734 1
88043 
3562 3
52017 8328 59339 
9713 3
39757 79376 40207 
2885 2
90998 62942 
5771 2
53898 65947 
3572 3
6150 35573 64592 
3029 2
25857 64895 
3983 2
3499 37292 
4555 2
22574 63662 
13475 4
1643 58218 92571 87526 
5117 3
8173 80207 26315 
548 2
67151 13735 
17269 3
49720 87523 40040 
3465 1
39820 
760 1
29491 
19955 3
9164 36 83104 
3371 1
18301 
3848 2
35315 6590 
101 1
65890 
11912 2
36602 43425 
18788 2
19579 60589 
4710 2
53056 68243 
9069 3
93402 50378 70757 
6665 2
42121 89651 
6091 2
92815 22902 
19487 2
26766 35978 
4777 2
27512 74369 
109 1
36877 
3097 1
39570 
242 2
50162 92894 
10647 2
57600 68442 
15340 3
91430 22677 75263 
5921 2
67944 93990 
4803 1
83879 
4751 3
34081 28338 57022 
243 2
38795 48246 
717 1
65236 
2515 1
80331 
2947 1
34374 
11152 2
79831 69490 
235 2
28884 68738 
6229 2
56799 87392 
5953 2
81242 29142 
2641 2
91509 55017 
4057 1
75801 
3170 1
49214 
4130 2
76151 22119 
4988 1
53658 
3629 2
91710 74762 
12518 1
76138 
632 1
73063 
970 1
63401 
286 1
76976 
424 1
12850 
6333 1
12478 
2488 2
19042 15159 
18927 3
63335 6052 82391 
3630 1
21561 
3619 2
84252 59554 
3303 1
20306 
1001 1
35331 
1845 2
81474 17849 
2624 2
42897 82920 
694 1
27317 
5836 1
60520 
115 3
1950 81174 53076 
5804 3
37766 37462 7601 
294 1
51774 
22861 3
45577 74230 71310 
24427 2
62270 69868 
853 1
19344 
24126 4
77041 15749 84908 81889 
2523 2
80797 46815 
884 2
17915 24498 
328 1
56196 
21152 2
18373 77634 
15672 2
18119 33849 
5850 3
56649 52525 9434 
10392 1
87210 
22822 3
35127 86791 79364 
5058 1
18600 
919 1
20665 
6380 2
18386 29416 
1546 1
28831 
82 2
35983 71560 
13617 2
37002 59197 
2989 1
75877 
1063 1
52246 
5630 1
83847 
21693 1
18036 
81 1
11612 
3964 1
90036 
13313 3
35208 4224 70709 
8038 3
57127 73201 69516 
6270 3
88415 67888 68228 
1811 1
79970 
517 1
23146 
4735 1
41002 
15842 3
74902 92906 56188 
335 2
40901 55018 
13549 2
70280 27149 
24652 3
84569 92646 12907 
12221 3
60142 46344 60400 
659 1
76882 
1575 1
46192 
4602 2
46385 39225 
1846 2
94308 69448 
6385 2
41535 51175 
2936 2
94629 40948 
24731 3
94661 17557 3797 
776 2
28153 43420 
1476 1
11712 
3632 2
22824 11872 
9108 2
62508 17805 
5672 2
45015 35057 
13753 2
19805 52217 
23408 2
34758 85957 
7268 2
13329 26487 
4102 2
79371 65306 
4909 2
46397 59896 
12779 2
79494 60539 
13482 2
54451 23131 
3777 1
51003 
4092 2
82267 35473 
5926 1
94004 
4451 1
26714 
3338 1
57613 
4222 1
20518 
13228 1
81669 
4163 1
17470 
5814 2
74159 12180 
849 2
15474 3772 
24326 2
64826 13591 
19596 5
32555 57711 86071 57378 42025 
1240 1
42152 
1947 1
54465 
21346 3
51730 10425 17249 
18583 3
71678 54125 94544 
11574 2
33009 21522 
2432 3
25745 60823 69741 
4352 2
42876 2671 
2158 1
40150 
20166 5
88187 16291 33786 49929 41926 
13356 2
12435 60337 
5441 2
57439 3749 
126 1
40130 
1313 2
57612 27600 
10304 1
89612 
