190
2900 2
65742 85683 
687 1
42918 
4789 3
60177 25846 92080 
2030 1
44041 
1251 2
96437 69446 
1344 1
9764 
4149 1
76617 
1530 3
1493 74547 52564 
816 4
25372 42875 14090 46103 
2767 2
85377 76665 
4124 2
32788 662 
5286 5
35339 36681 99215 19263 87615 
4918 2
54764 2760 
3749 2
3566 88570 
3252 2
99447 6090 
3807 3
84657 40157 23836 
4410 1
85237 
4587 1
52339 
250 1
56303 
177 1
47985 
5581 4
20926 80421 82534 60534 
1040 2
64207 39861 
2406 4
71093 94601 54071 45744 
4850 3
39987 68255 92411 
1340 1
715 
2464 1
91975 
2006 2
37800 59314 
2047 4
65224 41107 85019 60312 
4484 2
90791 80826 
3136 5
71300 36956 87776 62562 47786 
64 4
47097 58935 78249 75323 
1474 5
72510 67094 27839 77964 80861 
1529 3
67182 8356 45155 
4534 1
46537 
65 2
9727 20049 
3411 1
31804 
3427 2
1235 89772 
2688 1
60439 
5622 2
23891 70557 
1489 2
91779 27627 
4340 3
31426 83799 33509 
4983 1
16265 
3044 3
59900 23940 7039 
1018 1
93542 
4631 1
58670 
4783 4
21170 97004 20877 91814 
5394 1
67487 
2507 2
19212 9391 
644 1
18044 
3390 1
70646 
4100 3
46244 12602 86972 
2263 2
93747 51014 
4233 2
85879 78473 
862 2
4774 42171 
3645 4
41736 44476 31707 22282 
3423 2
71520 33133 
3 1
78880 
2137 2
5910 80836 
4802 4
10286 94676 68064 28488 
4041 1
17331 
759 1
87043 
2508 2
20125 27015 
5014 2
31791 32496 
2491 1
57632 
2471 3
75884 28492 30432 
3703 2
82591 45601 
481 1
31253 
552 7
96491 84263 54094 71049 46687 19156 69536 
218 4
13855 14878 97865 37635 
4427 3
7000 20339 49547 
2708 1
37327 
2971 2
63225 73822 
3824 1
79566 
4081 1
37116 
5079 2
13424 12690 
5013 4
96102 84411 14803 79870 
828 2
20045 86170 
1782 2
87432 4398 
5769 7
7963 54014 67618 73951 26288 77756 91553 
3531 5
53706 14429 47386 60866 81766 
40 5
51986 12611 19886 73170 43044 
4914 5
23669 81038 35300 34728 47512 
3615 4
78818 91812 25829 83089 
4955 3
13750 96365 80593 
258 3
30674 3773 86000 
3062 5
84322 15132 42676 89706 63339 
4271 2
20544 97243 
3223 1
40542 
4220 1
91334 
2005 4
6073 27256 63762 78744 
5555 8
38781 8223 77105 48009 49879 96355 26257 52524 
518 2
18259 46972 
5150 4
99002 41011 90071 94871 
3206 2
61052 14975 
2829 3
64012 19967 50134 
5258 2
32149 83140 
4792 3
31497 43904 96313 
2073 4
82850 92424 37947 88230 
3629 3
12953 78139 23446 
1388 3
32541 40764 91365 
567 1
33702 
505 1
42172 
5693 8
84311 59346 35944 1401 3505 46401 82379 26981 
4622 1
82057 
256 1
68666 
463 1
14571 
5343 5
97826 58780 75995 51984 48218 
4745 1
34078 
3869 3
46670 34499 83682 
3487 6
63717 35980 23027 68760 35677 43339 
4775 4
51195 59441 56936 15954 
1926 4
77204 83652 5670 19441 
719 1
72662 
1866 1
59121 
5279 1
63027 
3563 1
4018 
5918 3
84805 56773 13329 
964 7
95297 75029 52052 87144 43276 85354 76198 
1082 1
15205 
2423 1
37146 
1268 2
98350 50037 
4488 5
16141 972 18700 22562 20043 
813 4
96607 16404 20265 95748 
240 1
8597 
3492 4
99249 54770 93284 79670 
5485 1
13713 
224 2
28456 91078 
4205 1
10770 
3713 1
74846 
3574 2
98920 51251 
3272 8
13577 84827 71223 11211 94082 96176 49816 94076 
2239 3
95121 8095 5496 
4180 1
45027 
5527 10
93297 43621 76509 10616 29010 78224 33303 41267 91958 46558 
501 3
78717 77133 70865 
1401 4
84418 616 18880 76947 
4401 2
94492 58128 
3507 6
8916 66030 26823 86423 38868 88268 
3459 5
54544 43869 87504 22699 17940 
1862 1
86565 
3238 1
11316 
4217 1
23854 
2664 1
19354 
383 2
84072 9986 
2143 1
43681 
1411 3
73925 49725 68740 
5424 4
72241 77011 18552 25514 
2200 2
6446 92832 
4450 1
95546 
5395 4
20810 81438 72593 318 
4421 1
18937 
4330 3
37066 32502 25410 
4128 4
97443 91223 99482 90620 
4424 1
15967 
4560 2
23375 82564 
4206 1
24996 
5669 1
85645 
2872 1
19096 
2668 2
84676 24668 
868 1
57856 
4681 5
52915 43031 29105 48609 31015 
4826 2
29971 5061 
4593 2
96315 49956 
2883 1
73332 
1424 2
34897 10466 
4564 1
54349 
2593 1
3674 
3556 1
71402 
4321 9
87605 81519 55764 23988 22056 49612 49870 58666 17879 
2951 3
95899 1985 27524 
2039 1
24175 
1407 4
29920 68975 55707 19104 
1408 1
46795 
4267 3
50168 15740 59844 
542 1
2498 
790 2
15121 61998 
4208 1
32510 
3435 4
38020 98545 64190 19241 
5636 2
93123 59434 
5281 1
99191 
1419 1
14906 
5909 3
95531 49266 10564 
2206 1
83702 
2874 2
23630 50294 
608 4
56152 11431 44930 50731 
1248 4
90875 42851 11736 98626 
4452 1
8489 
169 2
94403 82704 
2170 1
14733 
12 4
77858 96063 16216 18456 
