614
13254 1
68558 
14047 1
13452 
22336 2
17707 84924 
12857 2
11136 47915 
21660 2
16310 3537 
1898 2
42998 16104 
28467 1
56444 
25570 1
71906 
12617 2
53730 19194 
27858 2
58775 77825 
27602 3
22477 19460 39132 
26232 1
86974 
3861 2
82448 77960 
29214 1
61768 
3186 1
48560 
14912 1
49391 
25243 2
31441 90419 
2373 2
93290 11734 
28209 2
77018 32692 
19345 3
88949 64683 95214 
434 1
49002 
16253 2
11183 86322 
4385 1
19739 
10418 1
83060 
13253 1
94250 
25876 3
46889 65352 51553 
8113 2
15846 78808 
12919 2
53804 45458 
17812 2
20006 25419 
20945 2
89245 2963 
9154 1
12736 
13083 2
72463 54707 
2558 1
11416 
20085 2
54599 30820 
982 1
57741 
15611 1
4353 
16667 1
16257 
19872 2
24323 25378 
20251 1
25624 
214 1
57231 
17732 1
66057 
4632 1
78121 
5292 1
18638 
15060 1
82387 
1831 1
10901 
5331 1
17961 
20920 2
33365 52789 
13050 2
28260 77797 
12027 1
13154 
1435 1
18248 
23778 1
3480 
14764 1
76180 
6905 2
78283 46632 
1437 1
47830 
6378 1
14048 
37 1
11784 
19689 1
51327 
16296 1
15193 
10373 1
7367 
10392 1
81160 
27914 2
64471 86838 
10563 2
25571 84866 
19429 2
21918 90493 
2844 1
43504 
23673 2
41881 3149 
17 1
6974 
18857 2
35470 12531 
9164 1
52299 
23307 1
31792 
1724 2
24904 65228 
603 2
54895 94060 
28223 2
37602 81590 
27421 1
5741 
11902 1
91685 
14488 2
17972 77282 
16966 1
45819 
5155 1
44749 
19157 2
7781 42816 
14333 1
44720 
22440 1
81031 
1327 1
70115 
22779 2
1415 71071 
5007 1
18026 
3745 1
80220 
2832 1
88612 
25626 2
62000 35677 
29126 2
32070 69096 
10490 1
54957 
10048 2
5241 28241 
10797 1
59239 
26815 2
919 15548 
18653 2
8734 89053 
26061 3
82426 49407 81223 
1237 1
39759 
27349 2
85144 70959 
19862 1
34981 
24470 2
86466 83352 
17160 3
25136 7944 96552 
28943 2
16440 94387 
1772 1
64923 
26116 1
21405 
11901 1
13140 
2139 1
81285 
1350 1
41524 
8907 3
46185 77880 46820 
9690 1
90658 
2044 1
11281 
23047 3
41740 45223 88784 
9311 1
42012 
60 1
27019 
22399 1
1400 
24427 1
24245 
22925 1
40659 
13482 1
82966 
16841 2
6798 5750 
13383 3
18561 86566 75164 
24563 1
15229 
24310 1
9341 
12030 2
68240 29378 
16817 3
58607 27870 48280 
12120 1
65887 
20033 2
71154 64650 
18587 1
93011 
592 1
67701 
6809 1
73155 
3294 1
9825 
3263 1
37901 
25854 1
63883 
18313 2
92384 92121 
781 2
93871 15171 
5563 1
70193 
570 2
1016 39359 
12519 1
32227 
9220 2
89055 78708 
1957 1
44234 
22755 2
21970 57587 
26694 1
24390 
10967 2
7229 52900 
9331 1
35536 
2888 1
65240 
5598 1
4567 
14490 1
87149 
4266 1
2177 
5288 1
65660 
11237 2
24639 53990 
761 1
92428 
4049 1
48373 
27152 2
78123 37054 
902 1
59314 
6188 1
42950 
26135 2
43951 3419 
11746 2
4142 77411 
29006 4
70422 63061 4984 29063 
16772 1
43052 
16856 1
65613 
26895 2
69301 48843 
1392 1
56750 
20183 2
7393 75384 
24896 1
40844 
13986 2
54261 6932 
2540 1
84437 
17079 2
14974 49659 
28803 3
2179 59336 85153 
2639 1
95793 
4052 1
16152 
1224 1
32642 
2873 1
4673 
6185 1
78551 
9781 1
12327 
20612 3
11704 32429 62163 
9388 2
29467 83031 
15678 1
31663 
21562 2
72780 94382 
7877 2
87747 37289 
5450 1
55606 
25752 1
57144 
22014 2
72610 20844 
25453 2
20476 80823 
26552 3
32100 21005 86641 
1367 1
8034 
15310 1
57631 
20257 2
95203 17076 
20458 2
40663 58429 
15299 2
65852 27378 
8001 1
45630 
1477 1
62905 
5080 1
89841 
21346 2
56343 12807 
23314 2
93918 48904 
12819 2
80871 28226 
18563 2
54010 48995 
2345 1
94793 
20985 1
78524 
13114 1
48327 
1077 1
57625 
10537 1
6777 
23017 4
68540 29766 26090 64216 
6853 1
57511 
19491 2
28344 89518 
23014 2
28716 642 
21327 3
63452 45433 52584 
27624 2
32532 89511 
517 1
85900 
10903 1
69074 
25122 1
67708 
19516 1
52265 
27568 2
90049 69383 
21761 2
53316 25938 
9793 1
48022 
7894 1
44646 
26489 1
86030 
1944 1
92860 
6533 1
89758 
16875 2
44414 3610 
13339 3
96260 73205 82970 
5421 1
47247 
19213 2
25868 41340 
18031 2
37011 30789 
3619 1
88249 
3322 1
68769 
5902 2
6729 63741 
2903 1
45627 
14799 1
94957 
24998 3
20703 51873 51703 
26416 2
72791 8513 
12798 2
50815 35448 
7089 1
80880 
27827 2
19684 17256 
21162 1
16966 
3661 1
70175 
5411 1
43342 
20179 2
96603 29105 
27347 1
29714 
680 1
36867 
25057 4
5388 11639 54275 61661 
15171 2
53560 86304 
23031 3
17338 77378 26077 
2570 1
18696 
13828 1
43732 
25741 2
49956 16668 
27301 1
9672 
22896 2
62627 82655 
20519 2
29185 64534 
9252 1
87144 
1836 1
73474 
3808 1
35744 
16695 2
69959 15962 
24096 1
46928 
8751 1
19093 
307 1
86396 
2826 1
80534 
354 1
87951 
6641 2
37277 263 
26140 1
79719 
10698 1
55543 
6503 2
68995 17250 
2175 1
66736 
5067 1
11233 
7039 1
48050 
2816 2
53068 32648 
27978 1
46496 
20327 3
60890 81057 23152 
2656 2
27638 55254 
25647 2
73735 36824 
18424 2
62091 60423 
9578 1
41002 
11317 2
38334 70118 
26444 1
58243 
27097 1
79977 
21201 2
61256 49591 
29044 1
85665 
11380 2
41305 28231 
22502 1
84979 
15152 3
46128 56425 65909 
16909 2
17820 78376 
554 1
18091 
15394 1
84030 
5422 1
76142 
1406 1
54366 
1884 1
10340 
2347 1
39545 
21877 2
54958 38546 
16432 2
71190 29348 
4536 1
34680 
1101 1
83456 
9633 1
37483 
14076 3
13272 52043 91901 
12006 2
8637 39689 
26896 2
32398 27616 
4806 1
84577 
5338 1
72486 
23313 1
84850 
5644 1
30533 
9920 2
48224 89197 
28967 1
59210 
13432 1
39697 
11797 1
93128 
356 1
18352 
17749 1
51520 
521 1
39468 
2410 1
30043 
22674 3
66960 77400 23629 
3951 1
26557 
14609 1
52751 
18153 2
21242 83475 
29177 2
33727 45335 
1061 1
71737 
7326 1
41616 
25149 2
61737 90387 
27572 2
65795 65 
15779 1
39172 
2379 1
48185 
28668 2
61793 20509 
27888 2
32354 9681 
28649 3
84119 64393 41983 
24416 1
71620 
20129 1
85735 
27645 2
70980 39273 
29212 1
41528 
9451 1
95267 
25712 1
61241 
24777 2
59294 63318 
11349 1
72166 
20372 1
90885 
22928 1
46136 
24146 1
62186 
5850 1
55891 
13456 1
29341 
10302 1
87839 
3464 1
74789 
19667 1
86666 
17286 1
53469 
19067 2
85611 24370 
7092 2
11117 22566 
10927 1
22079 
11264 2
7967 59120 
2971 1
5329 
12575 2
95759 57828 
12687 2
88708 54658 
667 1
35777 
16381 1
25873 
27290 1
12454 
5925 1
47242 
22536 2
3641 65982 
28215 2
90295 42100 
24747 1
2416 
8714 2
21343 22672 
15231 2
34419 9232 
17018 2
53780 68649 
28709 2
94908 25684 
28641 2
88064 10190 
6024 1
49765 
17566 3
15071 55544 35439 
18773 2
73374 62604 
3090 1
52694 
24523 2
33071 1071 
13024 1
8689 
26015 2
17803 18421 
12755 2
84544 16140 
28513 2
21491 42424 
21124 1
94896 
9254 1
87460 
2830 1
90380 
15898 2
50198 73507 
5529 1
66186 
3784 1
21794 
1526 1
25669 
82 1
58862 
3303 1
77679 
2849 1
24263 
13617 2
12203 24065 
276 1
27639 
22857 1
7759 
11597 1
42686 
15715 2
94109 52954 
2484 1
53509 
498 1
28388 
3076 1
84393 
3130 1
90456 
1705 1
78100 
16409 3
81552 23827 71502 
5019 1
42008 
694 1
3484 
21333 2
88166 58608 
16723 1
39602 
3250 2
13703 90958 
1317 1
74733 
8381 1
76311 
25968 2
32662 56097 
9313 1
36305 
3453 1
11944 
8371 1
42404 
1326 2
44790 5584 
27303 2
6109 9746 
18880 1
75001 
26771 2
33569 86099 
14315 1
76649 
1887 1
9942 
27099 2
68121 22146 
270 1
68466 
27966 1
19582 
678 1
15861 
5821 1
42431 
18372 3
76956 6586 76479 
3051 2
5798 8169 
13913 1
81980 
11392 1
79146 
12053 2
10150 83924 
23765 2
25262 35377 
1152 1
95358 
19287 1
50042 
27555 2
65094 57414 
9045 1
68866 
2303 1
12706 
4901 1
89027 
1399 1
9713 
6810 1
66451 
15740 1
33121 
14090 1
66727 
23506 2
91196 93319 
1153 1
8385 
21764 2
41064 27146 
13496 1
32319 
14422 2
45443 79080 
1978 1
57688 
13615 3
83776 84819 71838 
136 1
32397 
16525 2
53284 42113 
1942 1
62977 
21118 1
91906 
1776 2
39497 4658 
27364 1
68643 
22424 1
19443 
6959 1
80798 
1883 1
18797 
20218 1
10274 
546 1
68342 
29083 3
828 35441 48081 
14601 3
74586 69825 9708 
2038 2
44752 49890 
17701 1
47404 
8091 1
42572 
1549 1
72200 
17650 1
79159 
24882 1
30482 
28102 2
29471 69597 
13001 1
64607 
17780 1
42957 
817 1
82396 
18989 3
3011 3251 12059 
23485 1
25910 
671 1
91069 
27625 2
42821 43062 
5987 1
62359 
19249 2
36640 5035 
23688 2
22490 16838 
29240 1
76275 
7539 1
34703 
22549 1
77446 
1712 1
26164 
3931 1
35797 
7696 1
68379 
2812 2
60903 58158 
1272 1
92847 
18883 3
21053 68371 65644 
19874 1
70989 
20797 1
77576 
10432 2
14622 71989 
19937 2
34404 68103 
16843 1
77593 
8729 1
18467 
4287 1
49579 
6270 1
2827 
7247 1
18401 
8622 1
56536 
711 1
37189 
6326 1
63320 
20497 2
46578 60389 
5970 2
22330 4760 
6996 1
34546 
1489 1
85405 
16444 1
67426 
8587 1
32577 
12512 2
81034 87548 
6460 1
80600 
16870 2
76177 13255 
968 2
49476 29818 
19942 2
59190 88715 
8707 1
68974 
27952 1
56244 
13330 1
89454 
3007 1
53850 
3752 1
69459 
19841 2
75757 30538 
23626 2
83261 73313 
13569 1
64633 
27115 1
53716 
7795 1
12040 
12407 2
92440 91265 
5483 1
82041 
9991 2
74372 94996 
28263 1
62134 
16374 1
42028 
21773 1
13105 
28418 3
67995 12165 2838 
4738 1
40869 
28949 2
16141 12587 
8710 2
16360 81832 
29060 1
40439 
16818 1
93235 
3072 1
47975 
12304 1
9060 
26541 2
44433 53315 
21620 2
4398 12467 
5256 1
84560 
3999 1
58970 
10609 2
16988 19942 
26485 2
47834 92908 
21821 1
78841 
16950 1
20586 
888 1
58486 
853 1
41672 
2419 2
36884 78068 
1575 2
20278 92778 
12648 1
54739 
21340 2
46223 56430 
21182 2
49877 95561 
7555 1
82773 
20565 2
43415 73550 
11029 1
55933 
13030 1
65651 
22338 3
56099 84466 40640 
10297 1
57209 
9008 1
94224 
6206 2
45744 11019 
16639 2
18869 89727 
23933 3
3844 45468 21078 
7636 1
6567 
16462 2
37635 34094 
14329 2
15752 78791 
26049 1
3793 
6683 1
52531 
1386 1
47003 
15155 2
38720 43175 
20806 1
74905 
1063 2
78754 65797 
12495 2
57478 27983 
24971 1
23217 
11803 3
70704 42531 36175 
23707 1
51236 
22648 2
57786 19023 
21693 2
67789 19117 
2515 2
90506 31546 
24018 2
15283 51019 
3980 1
25187 
21752 2
72379 30738 
19306 2
42739 3072 
18345 2
41751 75426 
19133 1
86280 
14459 2
95887 93076 
2641 1
52277 
2521 1
5962 
16244 1
31393 
13435 2
13157 10773 
11011 1
40592 
19295 1
89667 
21178 3
10414 62252 10206 
11307 1
95177 
11290 1
47101 
2463 2
1639 28604 
6456 2
58286 20031 
11879 1
19320 
17707 2
77666 58037 
26873 2
63909 16109 
14414 1
80452 
11273 2
37299 43862 
11864 1
85566 
1985 2
85816 79572 
861 1
64029 
956 1
24090 
16556 1
23407 
11748 1
41453 
3126 1
70483 
3859 2
94521 93749 
2246 1
53033 
14581 2
76032 20633 
4998 1
25334 
7573 1
15145 
1229 1
53345 
8600 3
13515 44162 56904 
910 1
18899 
10315 2
38974 34578 
3805 1
33717 
22217 2
71288 11623 
6263 1
81242 
4973 1
66991 
20860 1
5867 
18722 1
22278 
2473 1
45984 
21918 2
51344 63147 
16123 2
89784 95285 
9541 2
36992 87357 
18958 1
78771 
11574 2
51715 1192 
11865 1
49832 
257 1
54862 
26384 4
60815 65202 89764 62370 
6576 1
58710 
6256 1
73578 
18787 2
11917 29454 
26307 1
19646 
12039 1
53672 
18825 3
16875 54583 88864 
2260 1
63042 
