141
3029 4
13303 7827 59313 34427 
5158 2
73643 20242 
6017 3
92337 42800 79191 
973 2
75649 29150 
5985 5
85656 5328 26564 59241 3741 
151 2
37486 45501 
202 3
72226 22889 69270 
1927 3
48039 7854 71888 
2787 3
82365 87582 78364 
3132 5
81016 72481 97974 7734 81731 
242 3
96744 83495 66634 
4098 3
63113 37452 9769 
5265 5
38656 78870 43520 94595 75025 
71 3
52965 18306 84308 
484 2
88717 68302 
300 2
78780 14124 
1159 2
96498 59834 
4612 3
14211 56915 52623 
3697 3
28461 1227 54854 
782 3
63374 17516 90345 
624 2
61518 62369 
2881 4
79708 22464 51175 54357 
2668 4
45709 15836 80356 49329 
816 3
37605 60735 54734 
4641 4
15327 99997 18551 62783 
5216 3
24420 44323 6812 
5794 3
74097 80273 73338 
1012 2
9283 58271 
63 2
22170 86438 
6115 3
90848 95900 598 
4605 3
40470 82130 85683 
3793 4
22443 82213 45530 58347 
1146 3
64356 13305 62125 
1 3
15978 92420 48992 
716 3
84697 84356 67190 
1582 3
22508 15319 79320 
923 3
49569 5544 15972 
3640 2
37336 65929 
2411 3
22594 30039 71230 
2850 3
49214 21151 52467 
817 2
21154 79604 
3661 3
49044 22871 50410 
2565 3
13811 76035 49646 
1937 3
3221 32001 4593 
1514 2
71169 16980 
4440 3
28361 65705 69160 
2482 4
43042 97004 3512 81974 
2182 3
41597 98465 65617 
6324 3
87863 7909 68543 
1227 3
4455 63622 66820 
1466 3
55474 29614 59852 
4238 4
47287 95893 83172 3312 
2618 3
41529 27884 23032 
5814 3
34081 99497 60386 
6241 3
60904 98382 20612 
305 2
9522 77699 
6810 2
24481 7900 
832 2
129 59372 
4283 2
9562 50836 
701 2
56332 74761 
4802 3
34166 16931 3280 
810 3
23946 8911 39855 
6752 4
95051 21989 98095 93510 
3425 3
71651 81944 83832 
6702 3
5138 7670 34252 
6135 3
68775 97689 58317 
3362 3
57430 17357 69968 
5125 4
35905 60598 53862 37095 
6021 4
47766 71625 92540 29318 
4245 2
21383 60840 
6355 3
75922 32272 56975 
5890 4
54793 32379 25109 65652 
1788 3
56110 45048 71123 
5700 3
60750 4018 94605 
5971 4
8523 19915 23211 80605 
6298 3
28594 36676 79813 
1656 3
75651 11789 6032 
5593 4
95361 31738 66825 67696 
5885 3
18009 6428 43653 
2802 3
16409 19238 43072 
4135 5
20671 17496 3451 47886 34855 
8 2
36958 53407 
505 3
94861 86323 43494 
5031 3
26637 77052 20647 
2805 3
2568 74937 9389 
6348 4
77537 61044 51775 50602 
6088 2
31423 20702 
418 3
55218 73292 87486 
2749 4
75444 4834 231 59630 
1022 3
80781 62039 3785 
780 3
50821 22437 59252 
5429 4
29113 19040 67249 16667 
1395 2
42569 28116 
147 2
45572 84063 
6776 4
34341 71648 35743 61634 
4676 3
3806 82200 75241 
2392 3
80462 50043 72621 
269 2
72684 67258 
4309 3
34626 36957 9552 
3278 5
3060 40364 60713 4812 53244 
4217 4
96098 93020 66013 71400 
1054 3
4825 80701 97397 
3095 4
26043 55787 88431 51273 
2211 4
40433 29277 32933 60759 
3462 4
67551 31029 57943 87834 
441 3
5806 11701 87210 
1805 2
8083 92802 
3775 4
63005 6094 46432 92718 
722 2
87387 87902 
1767 2
83536 68443 
4985 4
24208 3837 63694 12128 
805 4
82419 74505 71827 32414 
5639 4
63616 43835 54979 5869 
60 2
75912 27359 
2062 5
86636 17634 39747 45378 44060 
5180 4
21199 55354 22294 27003 
3036 5
63521 2731 32491 38637 84828 
6080 3
39935 50056 1250 
281 2
60849 69950 
904 3
50886 86833 47485 
2865 4
42891 19126 71594 28026 
6478 3
91237 24111 82156 
2918 3
39776 30279 62063 
4008 3
79965 60981 32320 
2859 4
16532 68155 80577 34755 
1367 3
72872 96552 15413 
4114 3
36520 51512 53463 
22 3
78027 19536 83709 
3340 4
2763 46358 11505 42093 
4068 3
45433 29367 14676 
6674 3
63855 77141 72587 
2549 3
18409 988 61536 
5171 3
34762 2319 82402 
2698 2
70046 85322 
407 2
25146 79041 
6118 3
86258 71611 88070 
4581 3
41302 16636 69724 
353 3
47264 27694 6176 
492 2
78784 30982 
375 2
78839 75279 
653 2
72483 60406 
