261
1912 10
46986 47318 44583 46148 61825 64018 9219 4892 31945 38023 
8671 10
68775 61826 67132 12246 14802 5871 31059 36599 20807 26109 
21840 8
49912 59185 66152 318 32404 22299 20825 21051 
14505 9
51116 50975 57395 43641 69429 60702 15753 8433 37153 
697 10
40716 71478 71040 74032 73261 61640 64295 15897 37785 26280 
1898 10
41832 43630 65377 13449 3961 7046 35838 21891 27610 27961 
2417 9
56968 70497 12419 18235 16605 2383 9203 23466 21771 
4419 9
49248 43826 76428 63111 15160 33466 21661 28280 26055 
10392 8
49823 50042 56821 17721 4464 9397 9391 29525 
12323 8
44547 71219 75648 58551 64528 31289 36610 20424 
242 8
50558 50978 69221 73652 10009 11147 17134 4236 
25326 9
49094 77494 12839 10753 18048 32550 33515 22611 20501 
5424 8
68521 60338 12339 17266 6631 33502 33095 21276 
3899 8
49044 42191 42529 15050 16753 1824 38088 21817 
1392 10
53362 55321 43948 67061 17415 8307 5139 31725 31970 31088 
8779 9
42132 69321 75439 11585 16916 2546 1199 34656 36361 
26485 8
42379 74160 12270 14371 11962 3350 30873 38434 
1235 10
43534 40285 48451 77009 62823 16501 2475 8407 35910 25111 
8141 7
52190 42232 40901 41301 48388 75567 7278 
10297 7
58307 44592 71067 61656 16891 8439 21125 
5019 9
40830 76106 77006 74158 18346 14839 2765 2098 32919 
2110 9
41615 41911 43824 14086 1219 7730 5608 33435 22278 
11307 7
49348 48982 11140 14740 1844 21079 25645 
3833 8
70390 64619 10206 19141 7160 30890 35888 22850 
1856 10
50003 53669 75416 66236 12322 2471 2218 8971 35747 22868 
13491 6
46627 14022 11732 15645 4104 24416 
4319 8
51718 53253 41517 39217 47989 35393 24121 21721 
9775 5
71330 64360 3667 6997 32111 
12462 5
51073 56165 57416 59113 11681 
3158 7
50640 50710 57876 42373 63589 32993 38220 
18761 5
41607 14485 37440 35972 24658 
3785 5
39310 68024 985 37631 34689 
12557 5
49096 44830 59583 16856 19925 
12127 6
41930 61257 16500 8866 29726 20420 
21776 7
54265 55481 70796 76038 14100 5693 37900 
8340 6
40486 44621 62887 370 9119 33384 
12780 7
72199 77276 12069 11414 4420 32476 35387 
906 7
70679 74703 62097 15099 6115 23079 27100 
9070 6
55151 42989 14635 2212 30286 20313 
13376 5
68099 34774 35659 23084 25310 
4389 7
50533 47459 74895 14672 16726 20404 26598 
13255 6
54725 32013 36909 38710 35616 25767 
16840 3
55004 63170 6679 
26416 7
77377 17490 480 1590 6748 21310 27473 
23817 4
72281 11021 6819 36933 
245 4
55575 68146 61422 33661 
1024 7
14007 10860 9774 19026 18856 16513 32015 
11940 6
54938 47624 68721 12945 14451 4417 
476 7
57675 41298 63582 2449 9125 33795 27306 
18127 6
74173 9678 6573 19894 21469 26743 
2141 6
50616 42190 63529 29611 34898 25750 
9354 4
51001 77639 8504 30809 
13421 6
51952 50236 54252 66246 5182 37324 
2687 6
76310 74862 64297 17287 31832 23562 
2224 6
51576 56925 69911 15330 4900 37614 
5110 4
70270 2300 7624 29906 
14088 5
66059 13745 11000 6428 19954 
1093 4
76100 66766 321 22949 
20280 5
75143 59373 4064 7063 25770 
1513 7
43736 40173 68793 68604 59761 18956 8771 
13745 5
49386 54214 77175 74513 59786 
9249 9
55903 44841 69908 73649 66042 7965 8564 37595 34706 
15053 6
47995 69966 73477 66640 15180 22627 
7200 4
51673 69644 15455 8823 
12606 5
49582 58013 72863 31745 36659 
5065 6
44468 74080 74518 60999 32063 33396 
3870 6
63390 2468 1743 8403 19580 25698 
15358 5
51562 41041 47085 70465 18774 
18587 4
39163 58910 37370 20577 
19389 6
49941 73647 29767 35031 20736 26563 
19581 4
67180 1302 29653 31529 
22976 4
68476 65006 11608 26107 
4266 6
43212 47564 45510 4381 34926 25930 
4495 4
77200 7193 32388 27190 
16546 5
50430 75096 64161 13248 9872 
15719 3
70534 11386 22537 
14195 5
54285 73760 29974 22976 24377 
10450 3
58031 66532 10116 
10163 1
66210 
1426 7
54914 44826 45067 66234 12966 1918 20651 
13968 5
50543 50229 70780 15141 30919 
25751 5
49855 6120 33179 36426 24011 
21664 5
55917 47108 4710 914 7776 
11922 4
9960 1904 8584 33710 
1681 4
70467 66748 33456 31323 
2741 6
47122 68849 68589 76228 60676 9323 
16667 3
65401 8190 21277 
10191 5
53154 56412 70648 472 34450 
24388 1
20826 
7039 5
49302 68338 64070 3865 7803 
17555 1
53863 
14906 2
3209 4035 
11221 4
65668 11493 975 9414 
11674 3
68621 77799 21751 
2951 6
50513 57136 47313 61571 33658 24134 
1768 2
43037 77621 
14912 1
16159 
4901 7
57512 70265 9852 18560 2036 31939 30713 
25637 4
51506 13162 17568 18444 
592 4
44904 13670 3582 7422 
10314 2
29240 34853 
17951 2
43825 9252 
3761 3
55031 47280 73201 
2147 3
51170 73140 5443 
848 4
40140 66086 36879 35561 
3259 2
62251 7900 
2919 4
72847 68261 3714 1144 
817 1
677 
104 4
43509 4773 8241 4901 
6576 4
42069 70344 67044 29209 
4200 2
69779 63743 
15014 2
52231 45023 
6641 1
59027 
15783 3
61490 29857 25203 
24198 2
1401 26113 
157 2
46870 30556 
902 2
7449 37514 
24164 3
1479 5996 31331 
4353 1
73680 
24785 2
57556 65451 
1514 4
74958 62182 64106 2263 
4612 3
61078 503 37651 
4410 6
50090 44774 3215 653 94 25287 
9115 1
10326 
3263 1
20655 
8542 3
41472 71060 34440 
17328 2
4889 5176 
14635 2
17131 15666 
1267 4
59308 15418 34562 24288 
92 3
74446 2585 2001 
665 3
76369 13437 36023 
8223 3
12152 32167 30801 
21981 2
53252 20762 
4055 1
61572 
10418 1
58815 
14926 2
76230 19008 
18365 1
75936 
12412 2
1189 31107 
6979 2
1884 22816 
7214 3
71838 67911 19663 
812 1
52730 
22877 1
50155 
3635 6
40375 71965 66564 17533 32905 35578 
6959 3
52254 53360 71233 
2888 1
50509 
6022 2
68469 15802 
5376 2
58816 30373 
10411 1
54010 
10273 1
62999 
5858 4
46338 31341 30618 34294 
1670 2
50110 21854 
26165 3
51845 14945 27332 
22579 3
58071 35552 27256 
21987 4
71866 74982 10228 25355 
22435 3
70775 74006 65796 
6106 3
46514 46013 37379 
7276 3
56764 20378 27975 
6958 2
61008 10745 
7715 1
33702 
4810 2
57201 23532 
9690 3
54669 75330 58573 
7561 1
51727 
4617 1
17697 
5310 2
15505 6181 
7379 3
54846 71850 62703 
19262 1
21165 
5987 3
55241 76628 22533 
3752 2
2724 2023 
11719 3
10166 15245 29808 
3223 2
35931 20387 
4296 1
38608 
10834 2
62123 30112 
3224 1
27472 
3006 1
4410 
10815 2
69295 17176 
13324 1
37748 
868 2
52980 17895 
17209 2
56589 74629 
9482 1
22079 
289 1
72396 
15150 1
54940 
7188 3
50166 69726 8053 
22985 1
6807 
3848 1
58277 
10388 1
58518 
4632 1
72139 
2937 3
45407 12681 10071 
641 3
45683 38173 22504 
1460 4
58088 72400 16656 1521 
13948 1
17541 
24050 1
4073 
2217 1
1495 
17628 1
21011 
86 2
75317 67322 
1852 1
3852 
9541 1
26779 
3207 1
15522 
9974 2
53659 6235 
4463 2
37861 35238 
2844 1
33908 
2517 1
24208 
11273 1
16249 
7569 2
52195 59997 
4326 2
52659 13886 
1465 1
34506 
5107 1
67284 
13135 4
41928 13649 18302 1723 
8852 1
18112 
764 1
6572 
17160 2
46445 75574 
12272 2
54374 55126 
3952 1
71305 
3393 3
67649 67893 23867 
10693 1
50031 
327 1
4138 
4886 1
50095 
6330 1
73612 
10985 1
31309 
1047 2
58190 58670 
15861 1
6886 
14642 1
13762 
2198 1
67205 
5727 1
38867 
19841 1
69855 
17940 1
18459 
10679 2
59656 31761 
2100 1
33128 
3678 1
10726 
11411 1
62476 
10384 1
13168 
23055 1
74005 
18424 1
16340 
25906 1
37887 
9071 1
33172 
699 1
12280 
7972 1
20239 
15208 2
42825 44176 
24038 1
40324 
27222 1
56464 
2192 1
2904 
3697 1
42528 
5672 1
47165 
21053 1
3979 
26975 2
48978 15964 
6624 3
54557 67585 5654 
4588 1
72766 
25356 1
67934 
12044 1
4845 
17650 1
65986 
25788 1
22384 
4500 1
73441 
5096 1
29056 
27303 1
29927 
11370 1
75958 
7202 1
73805 
16693 1
73737 
11266 1
22305 
5001 1
50046 
16507 1
60906 
13754 1
49408 
565 1
9208 
