249
6919 2
38882 20407 
8763 2
71460 41787 
3425 1
43329 
5487 1
24112 
6821 1
57945 
7073 2
52481 42310 
9011 2
70763 36275 
3800 1
16879 
1502 1
57783 
6341 2
13730 69734 
8326 2
44447 61465 
3942 1
31833 
6616 1
38541 
5357 1
70342 
2074 1
69020 
4200 1
29035 
8922 1
26821 
1679 1
10869 
7748 1
59828 
1332 1
66572 
7838 1
67470 
2712 1
36653 
5237 1
59907 
1291 1
56032 
4608 2
35806 24363 
5292 1
27210 
3216 1
71330 
2450 1
24522 
2792 1
28177 
4823 1
59445 
7790 2
70784 45489 
3275 1
20870 
3439 1
39851 
4374 1
37110 
4170 1
43494 
3018 1
13266 
3890 1
59120 
4164 1
46703 
7818 1
3183 
6640 2
17906 63215 
3652 1
23283 
8649 1
41605 
6773 2
52723 41648 
3200 2
20294 23064 
4793 2
1491 35871 
2019 1
19984 
1543 1
23470 
3283 2
64167 26169 
5004 1
43909 
9620 2
27283 12614 
7259 1
4645 
8131 1
40744 
7229 2
74701 13757 
1790 1
31100 
1643 1
15161 
7615 2
70734 21854 
6210 1
23206 
4986 1
52892 
3862 1
41806 
1022 1
32654 
2263 1
31105 
2211 1
39465 
5529 1
14066 
1077 1
1882 
2985 1
38555 
8818 2
14382 50623 
8434 3
74890 12633 69713 
9697 3
70550 64658 64159 
7948 1
19290 
9797 2
75218 40800 
3802 1
19211 
7644 2
75182 15085 
7678 1
51503 
6376 1
15758 
5042 1
12050 
355 2
50107 62107 
518 1
30955 
4719 1
17323 
9398 2
2096 72756 
3758 1
702 
4919 1
38762 
2000 1
27447 
3548 1
7790 
1489 1
29087 
2439 2
59611 67296 
7289 3
41939 7845 27890 
3303 1
57091 
6815 2
27080 31632 
7707 2
66773 13311 
3187 1
44490 
3062 1
36801 
6415 1
24472 
9580 3
26489 66499 21989 
6645 1
29341 
5294 1
64820 
2704 2
71127 52718 
387 1
53187 
3976 2
70220 62171 
5664 2
2990 72880 
9027 3
3019 3827 44657 
9330 2
10182 15040 
5193 1
2710 
7163 1
37032 
4536 3
11375 26832 8505 
5748 2
61276 40997 
3587 1
74580 
3389 1
47066 
7578 1
37017 
4291 1
33252 
1021 1
865 
4702 1
22436 
6397 1
22607 
7598 1
10857 
8409 2
31030 10805 
6578 1
20592 
3575 1
42202 
3064 1
68486 
7169 2
10309 16923 
3889 1
42526 
5557 1
48523 
4360 1
39755 
6101 1
387 
6219 1
50634 
1318 1
14790 
8016 1
53738 
4223 1
44871 
4307 2
36796 64779 
295 1
42209 
8607 1
66248 
3505 1
70940 
2566 1
72253 
690 1
50042 
4173 1
11562 
7949 1
10651 
8438 2
35965 14915 
7618 2
10727 71207 
7449 1
10943 
5556 1
73551 
9321 3
27206 27635 17565 
5587 1
45518 
2517 1
52697 
5272 2
41499 71846 
4582 2
10550 75113 
6471 2
70384 64158 
2829 2
43839 69412 
8523 2
46141 64042 
2912 1
63699 
3467 1
5199 
6508 1
52890 
7476 2
4908 72673 
6359 1
25443 
8879 3
11019 70598 71861 
54 1
56825 
2619 1
908 
7037 1
51822 
4932 1
53021 
2528 1
71629 
7226 2
24167 22115 
689 1
49264 
2526 2
48083 15514 
987 1
46996 
6173 1
37400 
1811 2
8071 56533 
7119 1
37384 
2044 1
69624 
2811 1
51225 
4188 1
64842 
2460 2
29126 26778 
8990 3
49910 39478 18937 
1670 2
31661 53283 
5136 1
35896 
1190 1
50657 
6653 1
74595 
1389 1
39105 
2805 1
8460 
1840 1
45278 
6207 2
5781 43333 
7679 2
45397 23336 
9363 2
51972 29136 
9833 3
56297 56795 20411 
2162 1
43964 
8421 2
43739 11320 
1577 1
8176 
3093 1
22294 
7929 1
28724 
5318 1
2772 
8154 2
14421 37265 
1752 2
45620 70834 
2848 1
34505 
5305 1
46764 
4142 1
8380 
3511 1
56862 
1578 1
6578 
7417 1
23084 
9312 1
35408 
8042 2
33275 6921 
1089 1
17494 
6565 1
24442 
6463 1
33931 
6093 1
20906 
1976 1
15469 
2192 1
11991 
3015 1
50469 
5657 1
34000 
2661 1
1831 
8202 1
54346 
2443 1
8295 
3845 2
23338 7041 
9837 1
44302 
2808 1
37708 
7302 1
26325 
970 1
67075 
2809 1
12923 
3111 1
61626 
8540 2
21149 30767 
3498 1
60291 
3177 1
22240 
3600 1
1676 
3358 1
60307 
531 2
69536 20666 
7754 3
59118 6802 55140 
1590 2
274 52633 
3943 1
6856 
6282 1
63975 
6722 1
73411 
2122 1
16955 
5286 1
43559 
2419 1
65697 
6496 2
35507 29474 
2790 1
45304 
8283 1
6149 
3674 1
3815 
7963 1
33817 
4056 2
63291 10905 
1666 1
66826 
2499 1
66298 
2013 1
8585 
1240 1
65916 
6240 1
59150 
2850 2
6487 20895 
4881 3
56134 3415 37950 
7527 1
35458 
2688 1
18661 
5426 2
17640 31024 
5405 1
32360 
764 1
42118 
365 1
50000 
4117 1
59549 
5665 1
43195 
