89
5564 2
24118 42761 
415 1
18572 
4869 1
11145 
4346 1
35927 
2950 1
30054 
418 1
11369 
3202 1
24377 
4416 2
6819 14550 
4531 2
4421 41685 
3696 1
32345 
6699 2
28710 31080 
4312 3
28791 33386 16733 
5983 2
34881 40466 
5592 4
28628 25732 2304 3270 
5851 2
45894 19512 
3906 2
19678 23305 
1484 1
42583 
2204 1
9357 
818 1
38834 
2336 2
7757 15314 
6899 2
27795 1834 
1883 1
24339 
5036 2
25698 39156 
4273 4
11833 22105 16348 30117 
5674 2
44918 21922 
3183 1
20045 
1954 1
42169 
2267 1
21579 
3411 1
19202 
6761 3
11978 9840 17907 
4096 3
40772 11767 41728 
5273 1
31813 
3336 1
37684 
3505 1
5708 
3401 1
194 
6183 2
34711 43554 
6360 6
1805 41721 19146 23878 23670 19263 
386 2
39570 39293 
954 1
21453 
3312 1
16801 
6146 1
15836 
4976 1
41627 
1436 1
30167 
1750 1
19820 
506 1
29522 
1768 1
42445 
987 1
34946 
4486 1
6192 
1919 3
4905 30389 2757 
3661 2
17082 43017 
1456 2
401 23540 
1219 2
29006 45915 
1567 2
28922 43744 
1912 1
25958 
4599 2
15606 46396 
3167 1
37873 
5465 4
10059 13366 19626 5324 
4411 1
40809 
6703 1
41087 
1425 1
6444 
1752 1
29068 
3184 1
27926 
2208 2
22570 5773 
3564 2
40501 19022 
3874 2
40102 22147 
3460 1
25259 
442 1
22325 
1511 1
22917 
3932 3
16539 17274 26291 
6551 1
27706 
873 1
15466 
5594 3
24916 36713 27194 
3722 3
31559 22311 32536 
1017 1
32050 
133 1
33781 
171 1
18215 
2016 1
10008 
1308 1
7628 
6380 4
29062 23474 46226 37292 
2990 2
5455 38272 
2833 1
519 
5359 1
33969 
2691 1
22244 
4723 2
38754 43646 
6668 1
30734 
6178 4
22277 10885 35652 14519 
5221 5
23021 40117 9224 21460 42558 
6322 1
7664 
734 1
2454 
