287
21779 2
95871 22077 
11042 2
26887 25373 
20131 3
16031 72859 81217 
8757 2
63226 51485 
7897 2
19443 13378 
10903 2
42297 11816 
5210 1
34550 
8817 2
46999 8236 
20656 2
19450 4758 
12617 2
88561 91861 
15008 3
72920 82318 3893 
10475 2
2199 69303 
1531 1
88858 
10048 3
69801 79180 61520 
17190 2
1784 90437 
9069 1
73396 
1038 2
77559 21498 
5910 2
21275 60348 
5097 1
61950 
1153 1
14263 
667 1
9371 
781 1
68784 
7188 1
40484 
6361 1
42333 
16296 2
51289 11991 
16667 2
43752 15117 
4077 2
62716 12329 
6720 2
56908 58056 
12225 1
64282 
6042 2
9464 60702 
17934 2
55917 43813 
7508 2
68436 44389 
15946 3
81107 63874 70626 
15308 2
79207 70463 
4810 1
73610 
2301 1
95421 
965 1
5439 
10432 3
85318 91232 49070 
4192 2
5473 77347 
1160 1
54036 
18765 1
68988 
752 1
26873 
21050 2
67824 67711 
16616 2
40617 38097 
10625 3
37397 47494 45817 
6858 2
94345 96427 
4359 1
13370 
14061 2
425 23620 
843 1
54029 
20179 3
5673 24687 31354 
19306 2
34595 74639 
12869 2
91223 19750 
11901 2
94656 59748 
5585 3
57915 58427 41080 
8929 1
43169 
19078 3
31852 6189 34641 
8811 2
94168 15935 
18913 3
47972 49522 79007 
2112 1
43920 
4109 1
4090 
1802 1
33358 
13237 1
37618 
772 1
49074 
5705 1
68040 
20797 2
60087 50247 
1109 1
43338 
20200 2
66282 32064 
4334 1
53276 
10116 2
79198 58891 
6842 1
86394 
17250 2
17992 20857 
11290 3
38111 8915 62071 
10266 2
30003 11470 
19268 2
44430 8507 
9904 2
28856 48770 
10573 2
13530 58944 
13569 3
46117 29930 33733 
8763 2
6456 60998 
15673 4
38246 49086 62868 68347 
338 1
26751 
18543 2
73580 1892 
1424 2
31862 1417 
5817 3
53117 61457 30711 
4124 2
58813 14940 
14530 2
31315 87327 
17020 3
31196 38806 74628 
774 1
31169 
20257 2
1413 32438 
7983 2
40150 87693 
5323 1
64356 
1472 1
64439 
108 1
95076 
1541 1
79690 
5026 2
78657 13813 
2565 1
4012 
2579 1
22154 
6326 2
29471 30136 
18927 2
72476 31278 
3157 1
70758 
8233 2
40693 28599 
19487 2
43937 40972 
312 1
81811 
1232 2
47915 89635 
9107 2
45134 46205 
5689 2
87230 69441 
18107 2
36770 588 
16381 1
90989 
1633 1
123 
3037 2
87004 55610 
6463 1
31957 
1522 1
42929 
7819 3
51016 47185 29980 
12455 1
83915 
8500 2
58223 8418 
4859 1
83127 
8751 1
70473 
8973 1
41166 
21886 3
64620 71763 34952 
7835 1
46371 
18168 2
70244 14197 
5150 2
41135 39662 
6378 1
77936 
11541 2
78318 31104 
10921 2
74104 20443 
11210 1
34756 
9697 1
21280 
12130 2
7607 39710 
9119 1
29343 
8779 2
88173 38363 
8691 3
32734 57684 87017 
1188 1
64999 
2353 1
84634 
19311 2
74492 50900 
2957 1
62053 
5984 1
59827 
3377 1
56623 
16118 2
58835 90374 
11805 2
94310 70503 
1210 1
88522 
833 1
65648 
9851 2
81462 84989 
3896 1
38832 
4596 2
90263 33882 
1163 1
56709 
21338 3
67288 31502 22819 
949 2
41572 92023 
13285 2
13137 34814 
8519 2
71381 13360 
2883 1
46003 
922 1
26774 
12944 2
37518 71105 
1538 1
24185 
3231 1
44210 
3284 1
5133 
16523 2
57964 45267 
8443 1
26584 
233 1
6435 
5160 1
27184 
1357 1
34586 
1081 2
23258 42572 
5742 3
21668 30742 82150 
1448 2
5112 5450 
682 1
55461 
1329 2
51815 51896 
1501 1
43869 
3763 3
63292 179 71228 
914 1
29481 
15672 2
28521 95724 
2212 4
2394 84651 2384 37418 
214 1
20035 
20945 2
88395 83904 
3613 1
39267 
6912 1
59653 
2810 1
36053 
15635 2
35721 39035 
11544 1
48296 
10302 1
85047 
7999 3
56939 23617 75562 
14331 1
26414 
8455 2
14259 83347 
533 1
22856 
13135 2
49102 67221 
6011 1
41183 
12425 2
32975 993 
4922 1
27967 
447 1
7422 
3536 2
9536 66304 
18133 2
52112 86526 
451 1
4925 
3612 2
85726 59867 
5561 1
77344 
16299 1
42194 
822 1
70130 
4080 1
15862 
5995 2
26301 73902 
9173 2
45329 52642 
57 2
39953 10051 
764 1
85671 
4309 2
56216 55683 
1251 1
2819 
9057 2
87120 76517 
19182 2
21341 7975 
10581 2
74099 1902 
3026 2
11174 45090 
9048 2
83363 12162 
15294 1
49814 
583 1
16524 
12120 2
90173 68568 
8598 1
29224 
11045 1
94479 
16385 1
30662 
18708 2
61315 92542 
16942 3
47298 69157 94536 
6292 2
57375 44263 
1107 1
5367 
1715 2
15127 56993 
6206 1
64780 
21134 2
44690 93772 
9134 2
94470 53315 
9980 2
24891 12738 
16197 2
66633 85338 
5644 2
51268 84497 
16422 2
91743 46387 
20112 2
68862 74171 
2429 1
10734 
11450 3
30018 43179 16893 
9906 3
26945 48757 55505 
9034 2
78278 75618 
12127 2
33429 20903 
19261 2
61571 10226 
10401 2
3752 46315 
508 1
52328 
1859 1
37015 
1572 1
14478 
7165 2
17861 80197 
974 1
72696 
10529 2
9591 80404 
10551 2
55534 70378 
4548 2
5110 66077 
9715 2
76676 80470 
21426 1
34831 
1813 2
20805 43192 
3752 1
54969 
9056 2
59495 39352 
8100 2
82310 15017 
5529 1
23336 
11237 2
40225 69997 
4783 2
71166 53591 
1215 1
11007 
9280 2
1047 33691 
10393 1
70523 
2736 2
56360 80605 
21708 2
10629 91146 
20348 2
49878 57275 
20214 3
86775 2978 44878 
481 1
8734 
9614 2
94633 49652 
2046 2
75784 25022 
8076 2
54894 36302 
3188 1
59010 
17486 2
45853 35737 
285 1
13392 
1618 1
42055 
9113 1
56929 
10427 1
3013 
22059 2
31608 73898 
7683 2
24302 81248 
7800 1
3530 
5193 2
70467 72783 
5015 1
45822 
20728 2
11578 70991 
4634 1
7448 
4938 1
78161 
2553 2
55095 67486 
10426 2
3666 50139 
12044 2
78152 20020 
1518 1
55559 
14425 2
62849 22431 
1566 1
38638 
9705 2
11995 86656 
15066 3
88527 48539 13207 
17650 1
79663 
5180 1
26889 
13313 3
43273 88900 39175 
7829 2
61158 7090 
19389 2
9279 3946 
293 2
2842 29402 
