120
5508 7
74464 69850 62004 75890 33644 23487 59837 
5430 6
66105 48114 60332 74846 11597 73068 
3734 6
55579 85974 37728 52016 40124 79927 
3045 5
90711 60413 9004 98698 13175 
5151 7
81825 37992 18107 13852 53299 88433 30972 
5824 5
13353 8683 44460 38962 31584 
4345 8
44975 69541 71438 220 36183 58726 18067 45736 
166 6
28561 31782 20703 94583 20860 21974 
795 6
4436 21966 50938 62969 16655 14714 
194 4
70521 58019 99015 34701 
1350 6
97844 657 49363 80614 63660 24179 
1259 6
64357 38067 45337 79484 59827 1255 
3860 8
45707 49322 24878 10952 51182 93614 70131 92018 
663 11
86235 85240 98085 41058 5433 63805 18512 2743 16582 7945 61508 
5789 7
57562 16613 77295 49564 53652 69685 54929 
3905 6
52691 24470 19687 52371 3175 76799 
559 7
25795 35344 36067 83935 29808 27686 27514 
3915 9
49760 14702 23526 70817 79683 49392 982 98114 51670 
6247 9
71753 43980 10923 86743 13098 55028 70759 36298 52590 
5695 8
6400 35805 37220 61390 46824 42601 65721 99758 
4832 6
28380 73547 9002 9408 89659 56641 
724 5
81020 27411 58849 98585 49263 
6051 8
21228 42148 75320 83841 86473 76312 83232 72112 
5648 7
44651 72719 18176 17927 99539 76135 38876 
3686 8
7383 95473 66624 57982 14299 97891 14682 62117 
1416 5
77465 12255 15363 77095 48927 
105 7
10463 87461 62003 27527 41335 43230 8610 
1776 7
63867 89609 20436 47488 59994 53902 79431 
615 5
55428 98725 38957 40521 21379 
3223 7
95783 20150 57498 25718 92444 20158 86696 
5548 8
46080 98840 87210 38461 10759 41412 38155 90090 
5772 8
14406 62863 87313 8782 76644 73769 58483 31871 
1339 7
76314 33337 53556 76736 28645 86379 91543 
1795 6
12664 22182 65453 55234 39071 30720 
4058 8
74847 89567 7832 59314 2479 50761 31140 70434 
3782 7
23043 29102 48437 95610 63749 58151 75006 
893 8
1975 73743 5898 68346 82164 40882 17776 21975 
2754 7
23768 11626 79767 11226 88541 76523 44764 
738 5
5496 14712 18180 24675 96771 
4701 6
78261 32102 47518 90277 61895 38736 
3220 8
57713 26760 92713 19258 34737 22567 12349 45652 
3084 6
61842 61857 92562 45044 4251 10003 
5201 6
67737 94158 76336 81516 30066 24454 
2361 5
70324 50852 28808 22098 27942 
4812 9
52424 9405 65947 75675 23824 85946 87012 66215 93399 
2404 5
98354 34647 91175 20482 46674 
5622 6
61490 53065 67641 23651 83511 49523 
21 5
38769 24934 15725 58162 23132 
6233 7
35982 33951 62736 4728 91687 89451 16640 
3524 8
10484 54862 86002 19298 66063 40910 69788 73552 
3270 6
43754 8291 98292 37336 52724 79687 
3407 6
25717 16307 39228 4126 53240 97840 
4785 7
20318 76934 46181 56737 85090 42570 33728 
5878 10
88772 54466 32268 69308 3835 22875 1053 57849 23214 47739 
2421 9
71801 77975 67223 95740 89573 38062 69076 33634 66155 
1006 5
96884 24888 77697 31213 734 
6110 7
71099 98018 3038 93815 21208 69415 24908 
476 5
58943 73597 79501 12498 24829 
3391 8
49208 1982 51124 72013 90104 23779 68080 65900 
4889 8
94601 60714 21546 8673 46766 79722 6751 29331 
4922 9
9563 44630 39029 63560 94479 74055 51153 86852 74904 
2338 5
33881 9512 2874 36939 58010 
1964 5
84274 39801 61286 59111 23408 
5663 7
91541 21135 87584 31028 2358 87501 77028 
5930 8
16047 287 2937 6860 4117 18506 97243 46420 
2318 7
26035 64575 9061 30041 49900 72671 36115 
4717 5
17389 38438 73987 71078 66703 
37 7
94849 17862 26288 50495 53457 35677 68701 
1367 7
76660 92456 69709 1266 80003 96749 46899 
336 4
16242 5742 64189 93699 
5129 7
94843 36742 64982 68781 60848 75702 42149 
1211 6
49884 49913 88504 81964 59185 30963 
4495 8
97841 2767 15108 67419 33418 37965 5407 84634 
5268 8
53100 63892 55632 72711 40867 99755 75771 71508 
3647 13
87359 59882 9283 25727 90025 14916 10053 14305 29172 84678 20848 19000 9091 
4878 6
21891 15378 17801 18832 4697 42802 
5047 10
44925 85202 46443 71187 16446 78670 86327 73079 74919 35979 
672 8
89726 76170 71757 27676 63550 21897 92530 90155 
5922 6
98655 26025 15464 7685 35753 17742 
967 4
8707 70395 87140 61025 
2436 5
56985 96900 9593 44547 76269 
2483 6
69997 16680 27399 97723 20470 48743 
2305 5
13515 46548 56666 32319 54821 
2090 5
46254 90887 70206 62137 72346 
2790 6
95607 48776 69355 96004 62187 41515 
3151 9
45261 59370 11635 50231 95533 15926 90775 26909 97640 
5973 8
72126 71836 92074 69317 73553 19144 53607 44145 
4894 6
7680 38821 15976 40069 81616 74782 
1500 6
18975 29806 38387 55964 22915 82453 
2420 5
82931 89629 84110 25788 67220 
2550 6
83100 50825 53840 43150 63266 10269 
61 6
79043 85070 89176 190 59193 5460 
713 4
89782 38669 73770 20044 
5721 6
1109 28035 5787 60399 37181 60412 
6107 9
87820 35687 84813 67161 89729 80875 14965 25618 9638 
2038 6
15616 61756 22722 30689 46972 88581 
1897 5
63268 63893 5724 67705 77892 
3942 10
61209 84609 2267 46981 5079 28739 99810 75789 48594 41640 
289 5
86768 26595 74245 1379 1407 
9 4
14520 17886 85018 2661 
5483 6
20296 38188 42467 13818 84148 32327 
3910 7
50541 97881 62665 68335 74229 77831 96398 
2207 5
23056 75551 43133 75612 18231 
4571 7
17093 80442 12550 61976 2460 53073 72356 
1397 8
45954 60145 188 64490 50271 55864 38131 47944 
5577 8
96668 2454 25265 39454 43665 97321 91718 95340 
2673 6
67714 4224 40200 44492 93898 72544 
5098 8
71626 26261 38918 21756 32520 33064 92628 10944 
4737 7
54577 28469 22265 64573 10476 49117 63847 
820 6
16023 71446 48968 84323 32990 41609 
2256 8
55916 46781 35732 8965 86346 69851 32486 91297 
3113 6
51520 61622 34540 65670 31864 66249 
2262 7
31077 87658 30714 46248 50719 6803 44996 
827 5
84742 68627 44595 29404 34850 
106 7
13266 76486 39300 56240 81610 2673 17395 
2542 7
3214 75902 34303 48119 73916 63123 41135 
2328 4
36736 64702 62052 59560 
2887 6
66124 44198 61746 63960 21085 79354 
6129 9
20790 70290 25829 54438 45308 36277 8518 3217 84168 
539 7
96933 53179 18812 61608 6440 38533 89975 
