106
4009 5
33653 7497 32917 24508 86439 
134 6
18894 52774 58610 63923 79419 11068 
5390 5
55147 18952 81872 48493 20259 
1469 5
97814 85849 71913 39171 94824 
5002 4
44855 62329 59128 81387 
501 5
94610 59612 73734 1748 55064 
8764 5
39889 18162 45771 19426 88814 
3023 5
99747 28158 29481 277 50200 
2176 6
503 39073 97640 78466 8189 58539 
2019 4
40923 77921 90592 30106 
2115 4
96660 20350 76419 97634 
1803 4
73590 24867 78638 8376 
1445 5
98207 98082 10707 58918 80933 
5947 9
4602 1096 43104 6987 92934 25656 71096 73972 2250 
6059 5
33220 13318 17654 78797 55168 
6995 7
75749 1282 12845 6222 79661 49889 80744 
3955 5
70401 93165 65751 17986 97278 
3957 5
11323 91926 34004 56759 65290 
3887 10
17767 3136 61806 86646 5897 4614 78226 27447 77116 1871 
9392 7
20260 92041 44509 5783 61514 75359 96462 
2065 5
9729 88435 6361 56734 160 
1585 4
41503 75874 84522 41064 
457 6
53885 65014 40170 68431 85000 7483 
3871 6
36258 74779 90519 69476 81169 11281 
783 6
59777 38253 55552 51604 84766 27906 
5970 7
60764 51805 17886 68913 71405 24983 95228 
3279 7
40719 87189 46464 27112 90051 91878 97233 
2202 4
72585 26948 32424 96017 
4873 6
91470 26664 76642 37357 5708 73694 
4613 9
82695 56126 12378 46000 42847 1196 59 91773 75825 
2934 5
41034 21906 70516 80654 66728 
622 5
15937 64823 85002 10241 66069 
4197 5
71670 85353 90497 66217 9821 
1619 6
42861 22978 88859 55014 91267 14608 
5017 5
68235 43052 81549 10677 85942 
2279 6
96002 69433 48750 31345 71782 31753 
1455 4
5190 74776 63817 60515 
3257 6
71505 50322 93517 98493 18350 49098 
2116 5
50440 33109 41551 26840 91245 
1045 5
82936 26374 20212 54675 86391 
4953 7
51675 44207 8726 33221 58717 36470 54450 
1709 5
29169 26097 34839 15341 34954 
3373 6
45647 2376 54816 72713 70296 68545 
4510 7
57093 4642 12414 76349 94352 47837 18637 
2650 6
45761 64675 274 13364 38443 38065 
3160 5
1807 69873 36343 78292 40302 
2321 5
23040 22724 85354 397 43597 
3033 7
9502 27743 5165 38588 97230 84924 50009 
9423 7
26961 61937 1923 74959 46010 48078 44159 
8006 8
42585 62121 99311 34017 35501 94539 72795 68186 
1102 4
23857 26332 54489 70993 
4803 5
16136 21042 34123 60308 30917 
6704 6
16504 11154 43329 91869 43953 95912 
3020 5
4406 72776 4156 35403 85451 
2625 5
90971 96390 30321 5943 13902 
2670 6
8842 14849 40685 34603 72755 11677 
4054 9
47683 76294 83965 21909 69594 13735 22977 85624 88339 
2930 5
4715 73218 88834 55806 78771 
5263 5
67848 28338 62282 71437 21515 
5683 7
8812 31232 77100 8781 41033 50169 52434 
351 6
60089 65370 11685 86097 95842 42297 
926 4
57895 60680 8043 65262 
1739 6
45719 89874 46650 1324 91759 42104 
1531 5
94172 12078 83237 28120 42773 
4156 8
18472 59322 95358 72423 5461 28909 42473 59019 
3089 5
81190 50145 25953 23531 25533 
987 5
43437 61969 27559 97079 6110 
3699 4
71747 75385 2838 6497 
24 4
94305 73454 32887 3870 
2440 5
36351 64647 70806 53386 45362 
2281 5
53971 38604 93445 55160 57742 
7746 7
68746 92746 60445 94683 71137 16660 42944 
2750 6
9651 35485 79931 24689 20744 36355 
1754 5
16948 8550 61054 21565 81090 
4400 4
1094 29327 93016 5878 
205 6
64490 76377 99485 33259 35757 67852 
3064 7
15678 55194 18838 92870 84051 14396 20146 
187 4
41721 3569 52456 2510 
4207 6
53651 80557 63726 94921 14053 9783 
1980 5
87502 6565 16137 26421 36686 
113 4
12944 90332 95610 95454 
3622 6
35968 20931 5849 72648 10155 79118 
1997 7
96149 1589 5863 89065 10057 87793 99274 
9407 5
80548 80932 20252 29482 91946 
5181 5
94024 37378 99877 73554 63019 
1618 6
43241 39859 24339 16313 4468 13348 
2951 5
34224 32076 30900 50084 55405 
7659 5
92373 98653 54507 40857 81790 
1888 4
55936 80857 45419 98347 
3209 4
40964 99450 24908 98349 
4097 5
54793 53201 17469 51638 96665 
4643 7
54575 3941 27144 73665 77162 8201 41992 
5835 5
94053 23625 35829 45325 35559 
1476 5
21591 87897 1635 25199 71603 
1646 5
42667 34582 6215 1472 15629 
7173 6
46677 62346 43603 15568 12089 8146 
7444 6
58675 93519 75577 43485 8578 55490 
8074 5
42963 69101 53918 52223 13819 
3235 5
77938 71399 57099 43549 96335 
4294 6
20255 18084 64671 15464 2688 7844 
1465 7
50086 6443 86883 48233 61464 51788 68508 
2512 7
35159 34797 33363 96824 92756 698 6675 
4882 6
68114 79976 243 53786 56069 67028 
8568 5
47726 62746 82667 99186 67345 
3172 5
80806 2116 15228 76791 36599 
4360 8
51380 30403 61328 97112 10620 87570 17844 64797 
