235
637 2
9928 34646 
4778 2
53659 83396 
5674 6
55129 18560 45870 59193 78822 82386 
5296 2
68142 21355 
8286 1
78008 
7316 1
93439 
6036 1
16455 
2490 1
26136 
5810 4
86356 33021 89996 94592 
2314 4
15634 40140 93156 48019 
4846 4
82146 19874 79087 74432 
5004 2
53367 10746 
4246 1
88537 
4377 1
34191 
2570 4
92600 30332 2877 22790 
4803 5
25372 738 68999 51565 77374 
2638 3
15843 27995 34028 
734 1
31702 
2956 1
73922 
4089 3
2353 8337 81548 
4235 1
60902 
7498 3
93789 49615 78122 
5561 2
56760 97527 
3486 4
78183 82256 4664 45151 
841 2
22613 80632 
5433 4
96923 73844 66554 52906 
3519 2
49273 43143 
2207 2
43568 13699 
5062 1
76410 
7745 3
95971 16114 63547 
5979 4
69334 57870 7945 80566 
3135 1
69535 
7053 2
2784 44983 
4366 1
16209 
3703 2
74690 16011 
783 3
67474 51290 83736 
1464 1
71449 
6897 6
6342 2980 61279 95263 77626 53472 
2642 3
82262 33946 74433 
4588 1
60408 
3908 2
82128 38746 
5151 1
97093 
3674 2
67024 41658 
4191 1
343 
4961 1
84561 
3741 1
51483 
5598 3
79844 25614 98674 
3497 2
95930 67133 
7803 2
54590 37472 
4483 5
46768 31877 31621 54077 75936 
3744 1
81461 
4674 2
3868 5539 
7026 1
20057 
7347 3
83128 24299 1154 
4993 2
10801 43186 
175 2
26993 5276 
5953 1
74627 
1993 2
72989 86466 
6918 1
93114 
1623 1
8021 
4515 1
12828 
2411 1
11773 
1830 1
82396 
5746 1
68105 
5986 4
68311 75654 62383 64092 
499 3
68955 58765 64900 
2923 1
69671 
3387 1
60796 
5807 2
47905 62600 
6769 3
98371 19864 25520 
6589 12
30424 44618 70628 79124 78221 12695 57925 21545 77686 15526 85890 2541 
34 4
27580 65813 40742 99536 
4093 5
12327 37737 41958 64708 35932 
3158 4
33882 82741 4046 19276 
1878 4
80379 24352 13614 54367 
6746 2
64930 75052 
2575 1
71759 
2297 3
35604 86863 19030 
6895 5
81561 40785 27221 42739 52222 
4048 4
632 52616 57699 54976 
6875 2
49278 81614 
5304 7
38205 92736 48691 73516 19795 80189 68435 
100 1
93669 
2856 3
7139 31361 5326 
1013 2
19467 71770 
6935 1
69219 
1463 1
1817 
1585 3
2111 56404 39519 
4621 1
39669 
3963 1
51231 
7748 2
95911 75653 
2770 1
40206 
3917 2
66087 91597 
2123 2
7774 16695 
1867 2
74640 57595 
1983 1
53343 
6877 3
95610 37377 48402 
5597 1
75245 
8193 2
13235 57914 
6977 4
46226 85532 87352 93005 
7673 1
15344 
1588 2
91391 42805 
377 1
27413 
205 1
7084 
1768 1
57735 
4337 3
75077 26293 73612 
884 1
4972 
3888 3
49098 24191 91036 
5161 1
67753 
2321 3
6389 17328 31351 
5571 2
80024 76615 
4503 1
81821 
6082 1
49360 
1589 3
60199 369 23856 
8025 6
51081 56485 64570 52751 27335 3232 
6833 5
61747 3169 75938 15473 80336 
6810 4
33359 70256 38818 90947 
4918 1
33897 
4546 3
7362 82173 14623 
3833 2
55438 45653 
7586 2
2748 97760 
8055 1
43820 
4356 2
55974 92525 
5199 3
72039 59557 13019 
7425 2
20909 72142 
1322 1
37264 
5631 4
98597 44020 75676 78055 
6156 2
36043 59853 
3434 2
261 10568 
3580 1
8839 
2746 1
98318 
5896 1
23556 
4522 1
16499 
4028 2
61313 85337 
6478 2
35930 32429 
5445 2
70568 13464 
4321 2
571 69686 
3480 2
79652 19174 
119 1
51948 
5216 1
69097 
7526 6
29155 26078 30177 14338 33986 79310 
5436 8
33893 27274 62726 59675 14966 39020 4884 55201 
1841 1
31203 
2604 1
44843 
3526 3
90234 76745 14627 
2035 1
2703 
1565 3
74730 96367 14084 
4378 1
56630 
957 1
95986 
1679 3
23588 87196 28995 
6003 4
37759 61557 98714 15251 
5965 1
48060 
3521 2
9445 8166 
1458 2
28414 87317 
4164 2
36113 5942 
6510 2
81974 55423 
471 1
33487 
3740 1
52649 
3978 1
53487 
3760 2
70216 64959 
5283 1
2332 
3455 2
54830 6761 
7529 3
4055 14878 31941 
5449 2
32731 99365 
7174 1
44288 
6263 1
17364 
1895 1
95835 
6313 2
44321 56468 
7407 2
16432 81049 
2884 1
65117 
2003 3
87930 87810 85074 
7830 5
74548 50937 199 20416 72780 
7402 2
35780 28482 
3299 1
4004 
2093 3
9213 90269 78690 
698 1
53879 
1661 2
51410 22119 
374 2
92082 99579 
5551 2
78217 63071 
1416 1
10461 
4030 2
87273 32393 
4115 1
21365 
706 1
38511 
7677 6
104 10353 69230 75545 83385 16610 
3303 1
93608 
2166 1
21172 
1123 1
42610 
4675 3
92423 90079 61048 
2626 4
2811 82275 27824 93468 
6741 1
60762 
7094 3
39241 1615 45555 
8003 1
59239 
8038 2
48023 75226 
4687 3
38726 65707 28081 
2657 1
12914 
7698 1
20705 
4913 6
34857 33924 86410 46992 94841 72014 
3165 1
85474 
5226 9
28103 90188 24741 97028 56284 83535 66793 23378 44998 
2282 1
93380 
7888 3
3977 51005 42702 
5243 1
8266 
5098 5
12096 80018 48297 59980 9485 
7305 4
56026 83171 73558 54592 
6781 3
65505 50989 27246 
665 2
86274 56998 
8208 1
61918 
7479 3
56861 40893 78761 
3339 2
38936 18379 
1437 1
5881 
6408 1
76370 
614 1
16159 
7557 1
64280 
7718 1
88570 
7423 2
57960 73709 
2555 1
71593 
2514 1
79940 
7782 1
14969 
6229 6
12558 72678 67251 40398 23392 63575 
2825 6
4351 20767 51289 14832 25335 14720 
4920 3
95209 63688 15800 
2114 2
13414 89336 
6674 1
41792 
4113 4
56675 95234 6948 63956 
4185 3
28022 73362 40831 
3049 6
9754 84260 87565 39267 75221 82588 
6832 1
69140 
6258 1
77790 
2468 2
37782 53205 
6972 2
55735 96817 
5710 5
60251 2173 39122 68420 49940 
834 2
87452 52647 
5639 2
95644 49716 
3792 2
63364 29507 
3366 3
54368 24654 62526 
