161
5448 2
14246 82575 
5530 1
50963 
3350 1
73377 
4096 1
7622 
1493 1
47456 
4691 1
20792 
5462 3
1841 13635 10965 
6171 2
51801 29823 
5647 1
20135 
6409 1
37397 
5861 3
49163 36552 87207 
1410 1
3742 
6795 1
1078 
2236 3
49928 15863 44839 
4578 4
2435 19570 39494 52252 
1987 1
48978 
49 1
55290 
6359 1
46223 
5720 1
63335 
6783 2
39289 80729 
6522 2
39472 25865 
3238 1
13988 
5717 1
12876 
2632 1
63979 
4473 1
31428 
436 1
14793 
3144 3
32306 2281 76501 
5200 1
71878 
4420 2
13583 35771 
456 1
50735 
6672 1
9308 
655 3
61819 56951 84907 
4892 1
34646 
799 2
67552 10000 
3318 2
37992 39423 
77 3
52490 61823 67369 
6867 1
66465 
4397 1
41204 
1544 4
30834 27038 33619 35910 
3571 1
69442 
6835 1
13363 
5284 1
50320 
2542 1
44955 
5078 1
57825 
744 1
68810 
2731 5
41232 7082 41967 25977 75909 
5302 1
693 
6781 1
4842 
683 3
85794 48557 51832 
4990 1
70201 
5445 2
60793 27097 
6085 2
56183 69231 
5971 2
52090 1587 
820 1
69159 
6554 1
9498 
6813 3
3182 38294 22251 
2011 2
59365 68458 
7 1
71723 
1883 1
23173 
843 2
85470 29413 
1950 1
2464 
814 1
38821 
3834 1
45961 
6468 5
27462 5749 32971 81443 64486 
4952 4
24396 11307 63305 46156 
3946 1
15065 
6599 1
10128 
4407 1
59314 
6852 1
79680 
5444 2
63597 81383 
4717 1
49056 
4917 1
65840 
4270 1
67331 
2372 2
61403 26333 
1622 1
6663 
2945 4
80904 12143 33458 25924 
2380 1
2418 
801 1
50945 
5786 2
31046 65420 
5950 1
48130 
5650 2
20278 19641 
6216 2
77986 40729 
5147 2
16912 21338 
4760 2
83555 39775 
4503 2
79740 36566 
5408 1
21218 
2651 1
86696 
6476 1
71398 
1722 1
10451 
3642 2
5548 47267 
6091 1
51274 
6507 1
25728 
4651 2
17995 49624 
52 2
8337 9990 
1824 2
57064 8584 
2165 1
28259 
2954 1
28282 
2663 2
76336 13547 
709 1
83798 
8 1
54956 
6780 1
87125 
4089 2
4399 16952 
1144 1
5806 
3358 1
42785 
5799 1
43013 
6606 1
66710 
6406 3
54968 11239 59706 
3116 2
23350 22081 
4132 3
4506 82536 9729 
2504 3
88903 56889 15127 
2680 2
84178 57442 
2425 1
62548 
6682 2
60046 81483 
677 1
50728 
2896 4
81839 82296 7807 82909 
1102 1
11263 
341 3
34995 78982 45482 
6225 1
85807 
4603 3
29891 25446 10980 
5575 2
13292 59558 
6092 1
77152 
5612 1
41099 
4455 1
32131 
5050 1
48084 
6793 1
13503 
3313 3
50808 69996 21246 
6597 2
59414 12160 
6785 2
18657 77761 
6019 1
50533 
2983 1
17295 
4945 1
55087 
6471 1
38481 
6164 1
952 
5633 1
41620 
2662 1
5898 
2205 1
28826 
1256 1
40975 
6352 2
71025 24840 
3263 1
48872 
1240 2
9143 61142 
4180 1
8744 
2034 1
48112 
4094 1
32143 
4281 2
24259 38463 
834 1
56702 
675 1
15357 
5341 1
5162 
2103 1
39838 
6282 3
87874 47651 19773 
3558 4
72426 21970 84717 49017 
4738 2
40473 67655 
4584 2
48722 66988 
3927 1
1036 
1962 1
44922 
5337 1
55994 
2532 1
49154 
1324 3
41701 63658 22875 
3807 1
83035 
5570 1
88862 
2329 1
21655 
2250 3
88143 76633 64734 
