91
1465 7
37063 82019 59738 41109 27885 38216 7304 
2248 8
59086 27154 98119 91694 95305 2494 19794 47484 
1068 8
14300 76149 9163 25922 4575 52976 59346 66245 
5808 9
93347 15995 32174 57393 21463 99125 66108 59902 68046 
361 9
14078 84075 21833 91726 66478 85526 19680 76266 94040 
2499 9
69162 4956 75743 6878 75999 47087 86457 42911 74771 
2379 10
90882 11835 44732 2433 86717 30670 4820 65451 3780 5620 
3357 9
77263 13914 55310 81239 12827 98288 13824 45055 28792 
2321 8
352 21291 19564 44598 11291 81387 20884 92995 
480 7
58502 12590 86293 78530 14211 81324 44957 
1254 9
62795 91974 49823 39438 95809 83968 80420 34590 60041 
4436 7
95394 72188 49768 5048 16102 91103 91039 
223 8
32912 79964 39470 48045 35782 68296 59458 41631 
2684 9
9681 17772 689 17027 94753 59255 61718 41683 52232 
4658 8
33948 19848 53086 21716 52019 31393 91447 88740 
6575 7
414 18958 87002 84023 68492 95762 10303 
1340 7
29217 7847 22321 91247 33918 33169 22134 
5556 8
98996 38707 89564 84513 97281 28456 79364 6388 
2909 10
23599 64109 17635 36759 2705 45024 33608 37816 55800 84509 
1831 7
88444 139 62116 36348 23086 81158 48669 
870 9
9196 59169 44471 62532 94802 57756 72013 59374 2586 
911 8
73035 36383 36246 52119 63199 3481 41410 16087 
4909 9
98859 44004 60833 2691 20875 93393 19090 63444 11792 
6019 9
585 12241 46379 86531 86905 49051 5803 25609 69458 
5344 9
82977 81992 26457 23184 4742 28899 33025 92649 5863 
6888 7
63868 20774 73496 91215 72541 36680 49858 
512 9
5012 59827 37789 31113 35879 16898 9486 41583 24962 
6420 11
19104 68051 23110 24016 95520 1827 88951 36320 96593 13002 59189 
7524 8
44585 58151 38613 33339 20534 40249 57959 47148 
7353 9
48317 87764 60870 68597 54756 80818 19216 20521 9452 
6301 9
62963 6248 62429 30148 95389 24001 73460 33054 69204 
18 7
64126 18049 21251 50856 70140 80077 20434 
2207 8
79457 71982 15291 53142 53554 42216 90963 46256 
489 8
57079 1608 9872 70312 63660 74168 86474 4873 
4843 7
5112 10781 62670 2583 79127 73872 21912 
6914 9
60440 86893 43325 22007 10328 4279 7888 45763 11076 
718 8
83092 79660 88997 75192 73312 83253 58790 71667 
2214 8
97582 47828 26633 25194 17210 19713 65110 45936 
5729 9
83284 32399 59160 45457 11231 43168 36507 66271 17895 
2225 9
65639 86895 21911 64223 36279 77362 95982 58186 91932 
6123 9
31237 63560 51943 25054 32198 28677 79888 91903 87787 
5279 10
56780 14013 53403 86817 29771 53861 27859 58302 47767 39410 
4676 7
33015 3315 34351 69442 63532 62048 49211 
4586 8
48719 16174 97897 60617 32841 87105 42887 78772 
398 8
27934 35860 68964 80265 15004 25632 521 28211 
6011 10
12242 89694 88730 73287 89327 62842 75132 65778 49703 67989 
2411 9
73362 64643 22516 45166 28957 90069 4724 56056 2246 
3470 8
32127 2151 88611 65002 50091 23864 77969 60614 
6822 8
16451 98678 49031 86644 49135 34378 99169 18109 
6618 10
73203 99496 32668 85094 76984 24963 10990 28844 67293 94616 
5068 10
90049 50198 786 54829 77867 73854 23160 54684 31652 65685 
1486 7
39407 77315 11989 81765 75907 38848 49425 
6672 11
12619 10593 14548 29468 65376 95300 80485 82089 17090 70446 63780 
2457 7
31158 7042 82597 68373 80351 63717 75520 
1487 8
29707 86755 24095 62546 59811 67972 41700 66480 
5028 10
50850 80032 33318 60137 5247 38701 25508 99016 87211 67679 
7666 8
82463 14624 59248 81603 99987 1220 68702 66231 
2342 8
91742 67714 13282 64822 98750 99995 10898 86512 
7142 9
57594 41532 5626 91833 94035 85139 9023 1015 16105 
5294 9
74091 77052 29267 7716 96927 54618 77210 35042 23025 
5136 7
22640 5169 8190 8148 59298 45370 74953 
554 9
24833 3226 79463 99421 55028 4793 12022 31493 62212 
3575 8
79231 89420 35535 51893 90413 49968 26506 3579 
6636 9
27614 91245 23831 59526 36298 29445 34648 37389 49803 
533 9
12191 27284 78897 16633 76336 86674 70343 11409 25090 
2333 8
98027 56920 6343 30508 8510 64392 53380 38433 
4594 8
21082 61041 86715 32536 90411 64937 18682 99657 
1955 9
13895 67806 43580 56288 37424 67221 88373 7580 89203 
4926 9
31673 16871 98498 6889 43655 16129 42455 34834 66799 
1424 6
68192 5987 54518 70407 98079 21404 
1926 8
62359 5825 63752 47658 71734 24835 76008 47242 
1362 8
35779 84715 5695 57952 41437 96740 15332 48046 
1994 9
19376 11563 66807 79189 45980 11243 17416 38201 17687 
194 7
38954 80940 69306 71536 45152 1326 47517 
862 6
3765 99948 85780 20070 34530 46023 
2554 9
76177 97950 67411 89804 79741 89316 14770 11724 60627 
3278 9
39240 53677 67617 3468 36467 24730 74862 32491 33815 
515 7
18621 49953 39829 35486 57279 48712 48058 
77 8
99882 59161 53047 21471 53202 17946 93915 58213 
6204 8
4258 22267 70349 83745 58384 10398 12282 55188 
6305 8
33995 17671 78165 89301 97903 61635 12562 99184 
7438 9
36406 96750 83642 21187 40022 73446 84917 14059 43841 
7744 10
75203 58191 37223 59330 42895 91615 76334 78268 6687 59572 
7265 9
30875 38992 65923 79951 99652 3569 64774 62096 40017 
209 7
93461 72156 19654 5737 46262 78234 16660 
1510 8
37601 73989 826 70067 78513 4684 71951 91567 
2004 8
91849 22137 51124 66836 96793 33594 98834 28356 
2485 8
29002 87507 2243 49673 53892 11640 67420 9306 
6147 7
78595 78817 30507 11219 80721 45662 27609 
6014 8
28210 39999 77427 68365 3238 70357 17950 9899 
5144 9
80378 27306 92568 80330 36324 73717 68858 30149 1244 
