230
7889 1
38440 
280 1
90738 
10448 2
50153 72884 
3535 1
68153 
1681 2
54921 65679 
257 1
17123 
7698 2
78980 34608 
73 1
76024 
863 1
15056 
6977 2
11802 24192 
6184 2
2316 19561 
2473 1
64165 
7687 2
20456 37395 
8224 3
60208 55742 13404 
9191 1
12016 
3595 1
10424 
1153 1
29633 
2659 1
25262 
5868 1
79257 
11210 2
44707 38862 
8161 1
72056 
5999 2
20007 22599 
1182 1
77706 
345 1
93174 
2963 1
37438 
3557 1
57730 
1393 1
32894 
11300 1
27415 
5308 1
52854 
9482 1
49744 
5435 1
45832 
2237 1
76720 
3118 2
4596 13439 
11333 2
42648 98923 
9104 4
41114 57390 28258 87372 
10907 1
66810 
1529 1
69554 
8326 1
30738 
4641 1
1273 
125 1
99592 
7314 1
80335 
11755 1
81244 
2933 1
71570 
11157 2
46257 98002 
7193 2
78788 42908 
447 1
70884 
6942 1
53429 
6739 1
12900 
7214 1
32976 
1280 1
42525 
6688 1
55587 
2484 1
38306 
2813 1
40312 
6609 1
57863 
4817 1
74466 
4357 1
57191 
1312 1
80332 
2856 1
70301 
9319 1
11141 
191 1
35660 
10075 2
57667 99375 
5720 1
80431 
6261 1
32439 
3977 1
92273 
6351 1
7193 
10689 1
2404 
4998 1
85855 
9342 1
15491 
1284 1
67885 
8285 2
95375 67315 
3426 1
21081 
2992 1
57554 
9092 4
34076 61290 27173 60753 
1755 2
38841 5946 
9088 2
40220 12707 
7457 1
65455 
386 1
66292 
2785 1
59578 
5248 1
2879 
3176 1
88173 
782 1
35262 
3654 1
9464 
7931 1
78986 
10122 1
87973 
875 1
59741 
4706 2
70828 56218 
10342 2
81692 42751 
3227 1
34140 
2318 1
3597 
10022 1
81344 
4704 1
18190 
3679 1
2623 
3984 1
40386 
6088 2
73532 99856 
6108 1
93069 
2016 1
70976 
5562 1
65280 
5326 2
65356 34479 
4700 3
93598 10808 97064 
1055 1
28425 
6713 2
94127 89432 
5042 1
94614 
5199 2
4101 53646 
9314 1
12476 
2632 1
48466 
7381 1
34661 
6617 2
9471 59729 
4056 1
50452 
1567 1
9785 
2971 1
92635 
2427 2
7547 93978 
3801 1
84716 
2411 1
15123 
4577 1
7360 
10289 1
2434 
5072 1
95567 
458 1
53699 
1927 1
83180 
1168 1
67389 
836 1
50793 
7522 2
64529 31026 
5624 1
87535 
11204 3
72875 21559 83612 
5050 1
62108 
6761 2
24319 92986 
1149 1
50262 
7636 1
88674 
10406 2
96081 85424 
9132 3
47172 67108 88576 
9101 1
62060 
2087 1
43570 
2970 1
13341 
8838 1
8451 
930 1
49857 
1461 1
27638 
3713 1
85185 
2492 2
46094 28481 
387 1
27640 
5158 1
40140 
1865 1
75766 
11360 2
66128 8380 
7582 3
86967 71284 47123 
9884 1
13268 
4965 2
42294 2711 
676 1
99330 
6414 1
25363 
4586 1
28667 
2417 1
61826 
5699 1
14973 
293 1
42791 
483 2
75231 43973 
2934 2
17817 69981 
834 1
56676 
2300 1
46591 
8136 2
5750 73632 
3820 1
66470 
11353 2
3996 81179 
7659 1
8919 
592 1
77618 
5328 2
49299 76815 
10373 1
53765 
10490 2
48992 65554 
11470 3
74715 84224 19925 
10581 2
84000 34537 
1641 1
7083 
11739 1
89754 
6569 1
83712 
10715 2
77676 86652 
3673 2
40671 63875 
2277 1
75462 
5166 1
58583 
7453 1
44153 
4589 1
83292 
7305 1
39273 
2624 1
37364 
9353 2
76842 13422 
7999 1
41754 
9027 2
59437 57412 
7164 1
37276 
7385 1
90123 
1150 1
25700 
10786 2
24847 52136 
521 1
62460 
7932 1
73411 
1674 1
48411 
243 1
2523 
4482 1
84284 
3048 2
69499 73146 
10690 1
73699 
1262 1
28108 
8660 3
71044 78979 8734 
9861 2
13918 88715 
2306 1
28827 
7895 2
6888 54754 
2791 1
83310 
2036 1
24381 
583 1
45327 
5807 1
54376 
8394 2
39884 67096 
11096 2
97124 30672 
6512 2
21993 12167 
5400 2
94264 10318 
5391 3
3824 15535 54354 
11074 1
71512 
263 1
63445 
10811 1
15892 
7948 1
77735 
6174 2
67637 7155 
11506 2
11191 85234 
11412 1
25212 
2864 1
11041 
333 1
27513 
10608 2
92789 28926 
4477 1
78523 
10081 1
2013 
3859 1
99040 
8042 1
56807 
9160 1
78052 
10319 1
26593 
1878 1
99688 
7097 1
1621 
5579 1
4371 
3749 1
52181 
2247 1
63591 
7430 2
66143 53720 
3737 1
92008 
9999 1
52469 
116 2
65458 61571 
8584 1
31190 
3503 1
13680 
