81
4766 10
67069 1974 16164 44614 16437 20245 26939 17629 18640 25780 
5369 12
75767 87434 78529 76553 71783 38842 72813 90217 66859 30788 34610 17569 
1646 9
97896 47905 73747 35022 13679 81989 72155 77442 84803 
2930 13
46362 54939 97440 95748 85749 55608 54883 15382 104 15465 43486 50076 29412 
2997 8
14486 21629 60932 87357 91109 77970 45053 83290 
5041 9
62048 31527 65534 83845 15260 93919 8910 16449 86288 
1596 8
54795 16214 83788 85211 9294 53579 63898 58282 
5051 11
49441 10625 18818 27583 27731 96499 73621 7996 9325 53703 39920 
3777 12
7640 50903 60193 99381 38841 49904 81727 82850 67893 58195 94230 38451 
4112 11
45156 76654 38164 31571 54470 95175 85897 39126 31232 72187 42276 
4124 16
33063 64218 40358 14988 53264 60629 74640 63187 46972 78302 98342 61216 35511 54087 7148 97451 
3446 9
83878 31285 8346 7039 61536 79528 8992 34076 51861 
792 11
36256 63098 49421 79298 73271 7044 25786 56950 59422 52680 18996 
892 8
55387 78373 43667 60297 79808 6494 15793 5533 
4207 9
38643 72587 19078 10919 37596 43936 39563 1896 74606 
1874 11
96867 28992 9032 47598 86006 58329 14747 68830 59519 69929 91889 
4607 11
81398 74418 96384 72216 46660 79639 68691 69150 85107 43847 49377 
741 10
18451 63816 83271 37742 84230 31171 94123 86046 69810 87499 
1074 11
51904 845 41488 60951 85093 48682 98501 84672 78190 5022 40560 
3763 12
91205 95068 86984 96454 56319 94430 32375 37269 66620 5646 63047 3016 
4878 10
38188 40173 84555 8634 52579 39949 61576 19174 74348 89700 
4597 12
73887 94840 3595 95071 20358 46561 35859 59703 32423 47314 39414 98486 
1600 9
43790 85864 41382 7413 46620 54942 89147 39811 60470 
1632 10
61589 90326 87902 62457 37608 93491 56226 92209 87190 22460 
3172 8
34868 26966 28712 24449 57869 89044 95119 40593 
357 11
46259 49886 8430 72065 97406 17794 83805 18472 90986 88007 16861 
2883 10
4009 68733 16206 3234 33416 7663 42253 97693 34714 50060 
1740 9
29170 74197 14997 62812 94910 45910 68739 1977 1184 
3271 8
89948 37819 30257 70619 80942 48731 41364 86993 
4495 15
96951 1419 84349 75778 85011 63119 70491 4495 27798 65775 89433 25290 31716 725 60311 
2402 13
1928 64701 59698 51199 60727 58685 14880 72705 16939 61648 33355 99445 37531 
1218 11
23137 62540 40031 35185 3104 99122 37617 60088 4367 18436 7198 
825 10
6392 19008 69700 2856 77428 99468 98459 57795 69781 30820 
4468 9
60835 84128 72021 19365 68367 84400 3201 93729 32089 
3296 8
51023 51657 90517 94120 40063 77578 47157 73795 
81 11
33866 25730 12307 60282 2248 30896 77905 69363 45737 93080 31952 
3582 9
75580 6808 86417 93347 91343 7001 65357 67333 20438 
2927 9
53575 86782 61596 57935 23046 33009 31252 31871 89649 
2306 9
10148 8832 9610 79582 65244 496 68903 31554 5728 
957 10
24091 35886 58380 46519 76900 28867 42321 71901 2667 89187 
4916 8
43879 13711 1594 98705 67674 9484 46747 53866 
4153 11
41527 79075 21833 42477 2067 54511 23842 84592 88226 77805 14699 
1816 9
48503 60318 83505 31499 78463 52676 67109 4248 67798 
1936 14
78903 16075 85148 4539 64774 16005 87316 78842 83953 91242 96641 30476 93939 5810 
2213 13
19685 42091 80882 23539 52795 33573 76019 10885 99562 34738 18626 74380 33668 
4701 9
53658 89574 88558 54614 64681 18194 73253 66101 61209 
3198 13
91245 85999 14304 48657 8608 1053 66235 62466 62001 36194 17182 89818 34847 
3540 11
82084 42183 21114 17691 98853 88374 66377 53327 28724 63774 23624 
3652 10
35879 40066 7395 79360 1636 24945 56113 42146 75857 17341 
1960 9
54207 4726 28557 36122 6255 4427 89932 77693 70574 
2836 12
69665 73679 13354 15561 18703 21289 93358 3316 90878 8921 41918 39111 
5130 11
18170 19422 82096 62237 25671 79489 27541 39555 85780 32717 12874 
4617 11
10611 57763 93138 22284 62715 90436 13081 5408 97606 73990 89315 
606 11
58371 19407 78353 9349 8198 49241 18105 30437 48844 69832 25968 
4313 8
15248 10199 98646 67235 48416 72991 71440 35528 
3579 12
15399 70987 97041 12975 40569 31642 57312 81590 19730 61893 48979 50139 
934 10
66756 43798 59537 16611 80196 43980 74282 57673 77279 89191 
4247 8
65117 23796 53213 57111 62062 17712 7388 14581 
2401 8
34676 64264 76057 95398 50091 48276 40080 84253 
2869 13
66053 95675 66267 3529 74326 12863 56594 13914 9001 63379 63585 5325 65527 
3650 12
70881 94391 3113 81126 12318 69693 15704 58619 70833 42960 34562 6635 
5139 9
78715 52213 57612 90349 60974 31201 80967 48593 62852 
4430 10
52821 85598 99133 88126 79868 93015 46166 41960 63449 24434 
1709 9
91693 90703 88640 84695 89361 29471 24368 22474 89847 
3116 11
86309 24388 89386 24509 12405 45599 66414 14373 59523 58970 67901 
2302 8
22515 14698 24685 80277 46860 54140 89900 58907 
1735 11
24620 18771 89335 31870 58357 38346 64680 24742 54053 92672 50098 
506 9
24088 84023 22098 73798 18412 62900 17326 86021 66726 
4224 9
19185 85281 62381 88120 87765 3665 15824 27513 64031 
4913 9
22064 58817 7714 40005 6004 58524 53574 6342 51658 
2564 14
92117 34188 36915 16638 33058 6492 67404 63398 63605 23063 78581 53912 48630 41278 
1418 8
78486 96157 97388 60185 72988 7008 81034 67015 
2646 12
22231 33667 95264 28339 35192 89442 29737 15720 49327 8932 9631 43434 
2394 10
16579 53225 99129 64422 71732 32906 22533 74281 42959 302 
2878 15
20986 76489 62847 81480 99201 36449 16279 99937 13764 53583 83784 20532 44394 27198 71653 
3048 12
39224 32298 97812 40491 34039 81699 91491 23868 73797 63824 10870 79152 
1682 11
63368 86124 31635 23261 95557 53727 42226 84255 67380 36452 26729 
5411 11
77893 38507 26190 6511 63105 5703 62748 12406 31744 24827 55894 
5201 9
76260 5139 91449 956 59747 33533 19793 26070 85358 
2279 10
60823 78890 18846 87311 43632 87989 98073 40055 35206 77240 
3322 10
60976 74879 28293 61057 31042 58151 99035 64792 51705 82693 
