81
1 9
74365 77103 5555 18541 42154 65204 10578 59081 22381 
971 9
29358 75048 43380 58559 98861 29301 45634 80910 24893 
3506 11
69094 60486 19532 98960 88295 12709 20716 95812 40742 52045 53023 
3228 13
72894 25022 5105 34580 62052 35341 43234 24974 50541 41543 42889 70369 43474 
4305 11
54292 37299 43624 12227 75208 96355 15018 80299 62240 42424 40370 
1388 12
34898 84847 61460 99167 64334 42512 14277 63075 19500 20890 71146 81678 
2881 10
82057 9983 76538 4418 1470 94440 21500 39278 52278 25289 
2462 11
34027 76875 8405 5170 23433 89850 30902 12012 24064 73516 26800 
2244 9
28098 16213 54602 91016 76936 23768 88628 95759 76629 
6134 11
20346 34011 12453 94913 23327 89826 9724 93459 68543 58563 82212 
4102 11
66972 7599 68630 79710 65235 74182 18360 48661 92527 72503 18102 
1678 12
98365 96251 40190 20181 62055 78056 4659 32993 31816 7288 5159 22743 
5712 13
54181 72304 67439 9710 11929 36007 24 84616 3713 51299 47168 22818 45820 
1078 10
44512 14356 26371 79420 95163 25571 21382 17610 66455 12138 
4730 16
34691 27518 92252 50267 77179 13426 90965 2525 15784 71098 68925 66290 94809 24846 69344 78676 
4496 11
69808 49572 16521 79196 18421 83421 9500 95314 80347 24811 69523 
915 10
18762 94338 90470 71296 31896 49936 54482 45400 22119 40367 
1842 10
82498 98562 1660 68460 69807 96276 1992 85700 11999 11654 
3655 9
78106 79770 93263 21244 50306 59857 39274 55509 83260 
2117 12
57605 70869 14801 67313 98230 19648 87536 74045 6807 10899 68949 9505 
2777 11
19903 84584 32573 35710 12075 10010 44137 88226 66891 83360 88262 
1681 13
12235 10308 53768 52148 8234 42504 55861 33905 99507 42649 71649 92566 48112 
5473 12
95424 49961 2879 92260 75532 22165 36511 42287 1594 40165 20430 24425 
589 9
28129 27984 86385 68063 7486 12402 28550 601 62456 
6081 10
91264 77853 7778 91690 21219 94620 28401 7413 49184 4486 
3273 12
22643 79953 88489 44006 38910 97816 9457 36510 23737 72728 52955 35786 
3712 11
34432 54780 92811 53766 42733 67486 12301 3446 92825 20855 20679 
2964 9
97328 29118 27361 62613 13006 24619 96557 82797 84582 
754 9
16293 64043 23891 87130 80272 27775 29685 44743 19896 
1902 14
35955 34033 14946 18398 14542 75664 17079 85559 95406 475 62192 38803 93359 50456 
5177 12
42674 73094 16327 92459 41326 23868 34662 3503 68381 16084 39497 58235 
21 15
66848 72313 15874 53951 33248 78439 40465 59074 9041 3499 18280 27085 92769 68242 8465 
2657 13
37820 31592 96478 35827 36191 15141 6930 2309 87742 31617 78797 91037 21307 
153 10
90210 11925 16373 1875 96267 42799 76192 34998 38677 93584 
4100 9
12418 93885 48611 83548 76203 90161 39270 66197 60969 
397 10
75586 2965 98153 59339 8028 22345 28061 44867 7290 47196 
19 10
63692 68546 13156 7681 72238 24486 72521 52163 44802 76851 
296 10
99299 81118 32972 98417 89017 69183 11226 23342 80762 44059 
3470 19
96989 82679 13762 85423 28479 90449 98629 31728 44471 23659 68711 76150 69934 80246 10377 52009 90188 38261 86856 
4078 10
92351 9476 2843 8669 95025 90345 43440 94168 82163 45668 
2245 12
49578 36556 62928 33504 70416 65986 14294 76276 21101 15390 82408 64256 
935 11
41035 7530 37108 61068 2389 28621 74981 55692 93649 12059 65459 
2086 13
93284 98407 8638 48925 38026 17175 6333 94404 303 53214 37211 43679 20909 
6005 10
88680 43664 22418 74909 21507 58647 41427 36891 65548 6606 
3517 12
90272 3896 20107 75342 16651 40419 70168 36221 37063 28922 77721 1905 
2634 12
83788 80051 71404 96097 75565 85383 43777 7459 73989 33915 24260 11881 
2607 10
64164 65586 43287 89193 9677 9623 65329 11457 97592 74470 
2053 10
74878 70805 65147 62617 96492 13663 77711 26309 32001 19507 
561 10
82463 54041 59011 78711 82177 6074 30358 86279 13009 46484 
1951 11
10986 78719 5529 25649 85729 63976 29535 65402 20322 21040 48007 
3183 12
71509 58096 34485 44988 7546 38912 20795 76825 60590 63622 40909 54351 
3906 11
68729 5955 15208 67174 91776 63555 17645 30392 28011 60001 37606 
1936 11
3828 86065 73199 38786 61213 95723 44933 63081 28587 39588 4275 
2370 11
86177 82114 56870 70199 34484 99902 21036 66085 15434 86352 49164 
2074 13
71816 63419 10851 18012 37175 42907 16591 71494 88677 12942 43125 17750 15223 
985 11
76030 63199 32471 89543 92555 29766 22085 49984 35821 14732 83027 
533 9
92235 67984 65563 40460 97936 75249 85301 64069 22077 
1623 11
87696 91896 31265 59897 29900 31419 29165 80532 68098 68246 85029 
1614 14
17261 56009 76114 65388 65083 60485 84402 50073 29651 4807 37101 68111 61670 37184 
5451 11
8907 14012 24352 85071 31017 82052 64073 98390 61269 91345 94845 
3231 10
21620 533 37468 53088 45572 24267 83533 32721 9650 12695 
2950 14
68383 1141 87023 63063 9226 88760 10371 45687 70497 28208 27762 15466 41904 3884 
4251 9
86204 91120 44360 72625 23146 3564 56680 17830 61252 
3617 12
62683 96640 71892 47096 40737 7181 99862 85842 31226 49604 25255 9765 
4092 13
95464 42573 91140 63357 22913 21173 50670 59545 82999 91254 65923 5621 28449 
2680 14
84658 92816 90318 39687 32601 29 45582 90862 7368 53135 45660 76397 67835 77008 
779 11
81179 64662 22023 19535 4448 7632 89162 58362 14407 81358 99934 
5142 11
48568 46639 55330 45614 12834 10356 65974 59337 78443 59585 311 
751 9
18335 83911 56954 66761 8461 50270 43914 13064 13440 
2341 13
11060 3082 95779 28158 36864 37463 7909 45896 71938 2795 72127 29879 67303 
1167 15
33600 23212 52651 67980 26726 87663 40706 64244 14130 85361 35702 52094 18909 31800 73874 
3844 10
6697 17402 20374 50121 86700 69290 54464 42877 52920 57450 
2849 15
62431 43691 70184 36267 54853 46023 531 89795 22923 99722 39559 49589 9140 94306 3199 
4874 10
53379 88340 87455 71661 59328 18801 34584 31946 74911 60922 
3941 10
12705 34492 92635 14555 43501 67442 59052 67300 25522 53726 
2512 12
72469 58493 35852 73711 27472 6173 51978 29554 78628 6583 70909 67571 
1835 10
32998 14953 86492 98817 73932 2601 73174 76556 6967 66811 
1645 12
61877 74188 98758 43936 38880 90880 18113 18083 95463 95369 56750 76516 
1694 10
25694 71951 26238 43369 69289 46663 5400 34727 37144 12371 
3495 12
14070 36540 56118 80439 63633 73178 81550 69018 7574 73037 60464 61402 
4256 14
95153 35690 83977 93731 57241 81044 46751 51244 9798 39074 70178 92038 1102 9803 
