94
2586 7
36615 43331 55791 14612 64517 9534 82343 
451 4
1732 23795 31327 74305 
193 9
17776 1890 7424 44969 71368 93284 91421 56602 97997 
2684 10
91527 10631 57901 50134 44842 84821 41371 5804 70567 65340 
115 7
72521 5248 91436 732 75047 80319 66853 
784 10
17984 20206 86092 1884 82216 20281 44319 93038 32950 99160 
479 7
58166 28544 66845 83709 67233 48242 66609 
1146 6
44960 68162 19328 52838 44495 17838 
1232 7
14005 71433 31088 88063 15176 1332 78347 
2365 9
53617 4184 71822 41204 20543 85307 38068 76942 77046 
2302 7
2811 65970 56778 69817 7110 54645 39722 
2385 6
20216 59238 27791 42562 84883 2231 
72 7
95917 83692 94749 66165 47123 84320 58719 
855 5
80318 5346 39438 2103 48478 
1752 7
1363 58658 15322 22812 7768 18298 2470 
802 8
28486 58655 33748 68898 12779 46393 2975 34480 
1103 10
94007 97547 17899 91351 51572 73533 59725 32240 36655 66917 
1761 5
77069 57710 54242 10155 35353 
2352 8
73364 77382 77437 57451 36260 30426 51975 71150 
967 8
13169 10890 63979 20548 67081 89633 81420 89442 
2000 13
88564 41066 79170 81301 17115 60420 25204 52725 94832 63890 48655 76899 64926 
1132 7
63142 62898 4682 72893 60119 44358 66902 
3046 12
55088 95609 58391 83993 41422 38230 13736 43797 35966 45238 82746 28591 
677 7
40973 72684 33218 58951 38005 98675 18126 
705 7
89552 57706 89262 66383 97963 45650 49813 
1196 5
5433 399 94482 42719 22583 
618 7
59754 18054 67295 74822 59175 87719 21391 
1906 6
8193 94871 40336 46344 40814 99643 
1362 11
61766 56412 62393 78944 10409 33640 2097 80788 29497 31616 26838 
1601 9
49729 63629 532 17827 61849 85578 90827 84586 96000 
2140 8
47058 39603 83427 90212 78622 8780 57428 1670 
2107 7
43376 82883 86839 49281 50464 10966 63442 
278 7
73187 93529 26214 98334 4581 40652 16548 
744 5
63828 98801 10780 31454 56250 
2222 8
25076 29835 9611 11805 27943 60386 32167 26469 
911 7
29031 63323 56955 79340 72116 69437 89186 
1633 6
32732 29430 27346 77012 27757 89300 
2511 11
29142 68740 14924 9397 14858 69082 84521 22050 15667 83143 92831 
1454 11
43699 41806 88886 36847 94455 84738 91969 52761 87814 20169 10836 
889 9
39653 56009 3007 80967 67451 40826 50379 79991 8495 
2226 9
68173 37624 41535 49407 82810 48600 47937 83931 21424 
3263 12
80099 14692 33076 90761 22467 20338 74081 23363 22882 10257 87282 76073 
2250 9
64201 63871 42954 49047 55747 42211 74985 44537 13470 
585 8
28613 35486 35595 12231 26016 16744 52772 53418 
425 5
19055 50021 44335 76792 29963 
2294 6
84278 47120 74165 42472 40109 23104 
3231 8
27367 57322 90449 10935 50483 99829 88475 62653 
680 10
45104 38574 62065 62004 20387 8461 2977 66970 70885 64872 
734 10
15542 95585 42163 52890 8585 36207 35104 9968 52684 79222 
862 11
6274 17469 419 9545 7845 6139 40804 81461 83328 64351 84638 
2526 11
71531 13828 10474 82877 59523 72193 24410 49668 44651 21267 31915 
293 9
78381 53472 29283 8332 75366 15627 47368 88441 28482 
1980 10
82489 18499 26177 70383 67947 59562 13964 16663 45395 73816 
177 12
32975 63593 20466 99471 45685 47492 17654 7903 55264 9926 23918 45541 
412 6
63757 8827 64781 32516 41366 59043 
2141 7
1847 51700 10147 712 24138 10686 50748 
3076 7
9940 97864 21693 97503 48744 83321 7883 
1312 7
81033 96560 41836 902 34408 98961 56358 
428 6
2241 45590 999 23799 45457 63531 
1066 8
25022 73493 56150 17287 47184 5425 77754 27923 
942 13
38722 6366 28855 38876 94824 97327 83168 40382 18939 18237 6311 16032 70690 
3109 9
89540 52040 74767 53337 2291 30322 61744 30196 26730 
3035 7
43615 1825 95380 12069 61013 41923 18083 
3030 9
75801 11935 78151 67853 42151 98745 50252 38893 25604 
2610 9
45611 92943 13204 19405 3361 36740 98864 4030 50978 
797 7
47450 61496 81757 22012 14769 74234 73251 
2056 11
45176 64148 43718 55433 97245 21851 55080 41088 76598 44816 22157 
2947 7
24728 66623 29452 14845 10126 8199 23719 
2949 8
44770 58687 36570 80307 42435 59756 16096 64178 
845 5
20516 71620 66648 93669 22309 
665 5
91669 8534 31946 20102 20274 
863 5
95837 28568 90011 77967 86553 
1221 5
70526 14192 78185 15934 55843 
2372 6
34252 93971 70367 15358 90711 52680 
220 5
90435 10714 83621 33401 19216 
2490 7
41049 90921 86992 4154 29435 73476 62175 
328 8
22440 542 24862 37443 9109 86075 3021 5711 
2840 11
66996 60511 19895 31176 66979 19082 90077 62907 81293 29272 38684 
872 5
42767 62703 85407 91953 71633 
530 5
32771 29193 86637 40806 41 
3019 8
62344 13532 89533 55046 53078 3319 42889 75971 
1374 5
69856 21027 38268 33553 63332 
224 7
1303 34198 54523 20726 23916 48305 73698 
3291 6
3966 48746 76247 90121 92787 23148 
609 6
53340 49665 11869 2323 47032 52613 
2443 6
10020 27442 44425 91012 54312 88968 
1639 9
96547 75954 47440 10209 31742 69901 67101 8081 57864 
2162 8
7980 39588 80149 85204 98159 19921 55543 60183 
1535 6
36117 99944 43616 28847 97764 3106 
2951 10
35194 87765 65319 41672 39114 77020 42816 2286 77188 95631 
1944 9
80692 18209 98766 41109 4390 62018 21885 85188 98269 
2407 8
38931 89273 61450 80529 84149 52690 69865 60145 
584 5
60187 39172 68940 8132 70849 
1878 15
97923 43192 75929 98289 46417 67881 1649 69179 82790 59015 7404 96695 82334 76944 99523 
