131
3862 1
17115 
2620 1
9751 
3896 2
16390 74519 
3774 1
78301 
3206 1
19524 
739 1
78836 
4198 2
17314 32331 
3578 1
41226 
3731 1
34136 
3808 3
45622 54434 19268 
2422 2
49108 66497 
3745 1
96434 
4641 1
37686 
2652 1
27854 
970 3
21598 85466 59710 
4646 5
21480 80595 98630 39312 62934 
4043 2
74058 12467 
1295 2
28573 7474 
1705 1
63456 
3279 1
86228 
3669 2
12272 53002 
812 1
31549 
4019 3
15371 72948 96846 
1092 4
78797 46330 63946 18371 
3847 2
16058 87778 
1822 1
76238 
4407 3
54790 33537 19287 
4157 1
441 
1863 2
66501 93062 
1907 1
51881 
3427 3
73640 60218 87996 
1575 1
35142 
2185 1
63621 
515 1
124 
4085 2
55348 14553 
3070 1
8178 
4060 2
25253 49634 
2014 1
97344 
2621 1
55293 
2880 1
38182 
2677 3
3205 81144 95127 
1860 3
71834 36220 83558 
3409 3
12202 27662 88192 
216 1
39947 
419 2
96117 65380 
3672 2
35233 56318 
3370 1
65183 
1241 1
74534 
248 2
3697 28106 
4490 3
85432 98625 22962 
4512 3
77409 94286 44850 
525 1
96852 
1175 1
60878 
3007 1
47242 
3642 1
86034 
2381 1
43401 
4041 2
80364 97189 
977 4
82760 40519 33796 45171 
4600 2
25592 75007 
2005 1
50898 
4436 2
82226 25822 
200 3
40956 63516 28900 
2850 4
43412 16304 97923 66189 
4262 2
48652 80131 
370 1
31396 
3153 1
515 
4184 1
33785 
3236 3
59160 91022 91136 
1480 2
73401 62828 
3519 1
68864 
4577 7
31601 88005 79109 27651 36195 52523 84428 
870 1
75177 
1229 1
6917 
2558 4
67529 37139 98224 44602 
2115 1
85176 
3790 2
2001 59832 
3461 3
60201 15805 28703 
683 2
4667 49854 
2227 2
91525 88047 
4195 1
1826 
3999 5
92914 59532 89983 54319 14628 
2861 1
64439 
1623 2
96342 1351 
1488 1
94099 
1273 1
25255 
3156 1
27343 
612 4
73099 44315 91961 34101 
3244 1
58239 
4189 6
16798 81281 38102 40143 94020 108 
1687 1
80967 
1036 1
26883 
4327 2
66172 80110 
3645 4
85993 92305 35962 35336 
1537 1
14940 
3806 2
77957 93750 
4593 4
65855 93525 16588 11599 
2947 3
46342 75707 26080 
2586 1
71142 
2939 2
46946 72682 
3472 1
48511 
297 1
24770 
1021 2
49514 3473 
83 1
40668 
4455 2
3932 72798 
2126 3
48408 83220 36247 
3047 1
96225 
4251 2
24839 11014 
4612 1
66632 
3523 1
80767 
398 1
75969 
4571 3
14540 29054 61589 
3113 2
56119 62020 
1963 1
14263 
1507 1
86702 
4353 4
70939 1601 9936 41675 
2417 1
44765 
585 1
44673 
2093 1
24024 
4328 1
20173 
4447 4
43162 75535 57810 14359 
4718 1
22407 
3539 3
21969 74495 26382 
569 1
83778 
308 2
6811 41471 
1170 4
5295 65757 99324 10742 
1301 1
44158 
1632 1
50453 
311 2
62200 17754 
1661 2
86407 85720 
4174 3
4147 81583 35765 
2825 1
8585 
