13
959 43
66993 63396 68874 68765 55060 50878 52154 59880 59063 92801 89527 95038 94988 93744 96361 80999 84661 87130 82849 83084 15918 18030 14801 24694 24140 5866 4927 990 1289 4 11632 6374 7849 41149 38161 39703 47144 48468 49036 29212 25853 36308 33970 
267 32
65916 64581 73077 73064 69155 56664 92660 88959 97005 78143 75339 76869 85056 84528 81653 16961 17779 14379 24204 21118 5808 5796 5627 583 11265 7507 42062 45197 45134 45539 36962 32646 
3376 25
68088 65415 71927 70559 53981 54831 54612 50718 90344 75759 75995 77343 86529 16959 18321 5216 1342 7298 41238 40978 47911 45425 26092 25868 35891 
1098 17
65083 64276 74003 97180 93825 84017 16950 17194 5692 463 2475 1686 10316 10787 30874 25827 33322 
445 10
68125 89469 76849 14795 11662 6834 49299 44591 33713 32749 
1024 11
83320 20679 11582 8200 37608 49835 45201 25807 27257 35233 35741 
2793 10
69855 60228 61688 96103 85879 81327 17535 17728 3673 43925 
3223 9
64184 56807 89295 97585 96896 12275 26908 37081 33874 
3058 1
7736 
485 1
1640 
1325 1
4920 
1426 1
17884 
235 1
23981 
