136
847 2
18119 20115 
2915 2
46194 74188 
6890 4
50020 22399 37064 11704 
739 3
46866 37194 59381 
1755 3
77317 34399 64826 
2491 3
3762 35226 58871 
2004 3
65204 58497 73159 
3004 3
27706 52928 59199 
1371 4
43986 31840 32937 18920 
5176 5
64193 15742 57262 2363 34470 
7517 3
16865 57306 36579 
4923 3
2472 49049 3480 
7611 4
75749 48494 71381 30406 
4632 4
8024 48025 47537 34472 
4912 3
35291 67557 23068 
7876 4
38399 28241 30221 33459 
4851 4
67521 56838 47119 44508 
442 2
69707 49170 
3257 4
64803 55923 51591 32968 
4806 6
58191 20072 75877 12987 39672 39051 
6214 5
14877 22966 27467 4124 12059 
1756 3
46735 54650 43456 
46 3
1619 67088 25864 
419 3
15309 23060 775 
2048 3
12553 77616 76763 
159 2
64565 44462 
6181 4
69140 17576 49128 76998 
1737 2
36214 35887 
6598 4
10887 48746 22714 8115 
5734 4
31441 69479 54767 53614 
4844 3
46761 43472 49291 
2424 3
10665 5875 71916 
7659 4
37268 51415 45859 43342 
3640 3
70328 16934 57812 
615 3
26421 29226 15095 
1927 3
44237 484 14126 
4277 4
76134 6290 18498 20230 
5210 4
47415 28356 73000 77907 
3668 4
25162 21565 71973 67170 
7416 4
71904 51208 1123 22262 
2585 3
23674 9988 31374 
2265 4
23915 58664 39876 61934 
6752 3
55780 14338 68668 
3815 4
8581 2126 26941 1114 
1126 4
39156 50636 28816 29461 
1788 4
73241 16148 12697 45385 
3172 4
58552 9792 53401 67741 
4074 3
32080 71605 20372 
353 2
32444 71358 
109 2
58833 62401 
2703 3
41830 324 63914 
4875 4
11584 53605 17050 63292 
450 2
3985 50702 
3388 3
36670 68256 20050 
7279 3
61751 46302 42276 
436 4
54398 46175 58719 2872 
243 2
13885 40664 
2969 3
5597 61108 34448 
670 3
16653 19320 24199 
1306 3
25102 76591 47108 
2776 4
1637 29886 65245 4535 
3549 4
63674 2712 25949 70356 
176 2
51527 67627 
2690 4
39510 36293 58713 48070 
6861 4
38282 33096 64053 16948 
2066 3
59327 49113 8663 
7857 4
56067 44327 20614 51503 
4229 4
73091 29491 27956 26690 
5196 3
13353 40479 58276 
3671 3
67604 64640 72066 
2445 3
27534 25123 78114 
4609 4
50428 48118 18059 54830 
1915 4
71648 36618 66922 16789 
1781 4
51333 63542 41588 28375 
4559 4
66126 62349 18978 26672 
6025 4
44572 62496 30424 30117 
5595 4
25913 30922 30799 31769 
7811 4
2268 61813 28381 1865 
4587 2
6226 45154 
3695 4
69226 3512 33200 20029 
4818 3
60347 9044 16225 
6 3
16170 1670 65811 
4146 3
66181 69890 44846 
6384 4
39528 34634 8346 35053 
5395 3
559 33906 28150 
3929 4
67139 56107 46602 5377 
6136 4
60801 60786 27279 49193 
1223 3
57168 78213 33582 
424 3
19030 14749 73163 
60 3
24521 10103 74874 
464 2
34758 57138 
3970 3
61316 71545 46863 
4655 2
13747 72858 
6205 4
3351 64067 14297 20268 
2530 4
9806 61693 7288 57964 
120 2
71249 19487 
562 2
8338 34632 
568 4
76814 59723 15774 65350 
265 5
16233 68418 66035 37843 32364 
106 2
58134 34676 
2981 3
64603 29388 53997 
16 2
51148 34154 
2297 3
63908 20723 26549 
2808 3
8008 44904 42535 
7301 4
73088 53718 37831 61153 
3225 4
43351 47411 43610 63937 
5934 4
75606 17145 43018 63767 
7105 3
15425 34421 40604 
251 3
35993 66634 48767 
304 2
49539 3357 
6530 4
65395 47733 63733 38809 
7456 4
12938 69077 45030 41489 
6935 3
59049 22472 45180 
5944 4
13169 42054 17983 59262 
852 3
35172 36636 76207 
1297 3
47281 6899 10793 
3550 6
52027 6801 53309 23558 771 74048 
1785 3
23169 73530 68549 
178 4
32657 36880 16555 65891 
5366 3
28418 22174 7571 
7693 5
1474 69691 67129 25557 22515 
454 3
54062 67949 17013 
3189 4
40023 36306 62831 726 
4945 3
9034 6425 3499 
3419 3
42001 53484 58421 
3341 3
53131 24304 26351 
5846 4
13481 57682 56302 38894 
7440 4
28806 18132 69762 69897 
6187 3
63577 13764 40952 
344 3
64426 17909 66193 
4081 3
25773 44440 56894 
7600 3
21124 3039 71210 
4268 5
14659 59274 60136 43150 39236 
6509 3
39483 10513 41786 
6947 3
49474 71649 52681 
3322 1
66477 
