74
1564 11
77043 10726 84278 34948 3404 62339 5633 1489 63530 89263 12870 
248 11
99248 83709 30400 89842 59115 53776 65225 10411 17377 966 2819 
571 9
63680 84828 41177 39651 26264 24370 71372 85404 31778 
256 8
60925 66830 35348 56753 83096 28071 28492 88566 
1276 14
22640 82027 88291 41119 3961 77296 56642 63349 58744 3386 96790 46800 38322 59317 
1531 16
67028 74234 79639 46341 4962 58499 83237 60143 81599 15182 46470 4967 14109 90906 11770 66132 
346 9
22534 56750 34930 63029 38146 72737 5524 35272 15341 
1591 13
41184 23395 69843 65400 53095 51281 20512 47523 20463 87634 46452 891 49354 
1704 13
15288 64298 12817 80371 62857 61375 64020 73753 4894 38241 42300 38181 67487 
329 11
12298 42930 91475 20290 66078 3209 87004 5743 80663 31213 66303 
1051 11
37593 95503 65733 11809 51309 34028 65727 73290 80310 9729 60393 
1207 9
36237 78782 7922 9865 9546 31073 11630 51823 66828 
264 14
17711 28487 91207 17200 62503 72729 9649 76267 77861 58729 84884 8438 36131 79922 
1857 13
28156 28015 95731 77383 353 33809 92685 49225 37005 52433 79361 55211 93688 
1896 11
29322 33963 93918 47299 35544 58252 71367 68470 23311 57367 7915 
311 9
71593 18916 82307 48100 87223 37404 90483 25266 59297 
23 9
53327 65266 79862 53863 90887 98621 94437 94008 97422 
787 17
68168 8368 64592 57101 91359 88810 10440 71484 32003 41712 36506 75749 39324 37512 84823 73543 14891 
492 11
51118 13666 36919 65626 89079 68635 86507 12218 507 63475 25786 
1703 13
21422 85530 98836 20826 94635 89342 53883 72347 16580 91643 95607 5537 23781 
515 11
85787 72770 59988 18435 39037 42603 49158 28610 32128 59533 51096 
914 15
15192 7715 96434 87069 21247 10606 22276 77828 82314 33517 15170 33153 10977 24213 50563 
417 12
73689 19886 20639 71017 62488 191 1829 13190 35265 33555 64200 50734 
1524 9
84501 96720 46517 70935 93831 73027 56127 9533 32837 
1189 13
90889 41805 83274 72814 1693 17692 90888 78301 23028 4696 88535 877 50638 
45 10
74196 97951 75976 82403 69709 46385 69531 58091 85990 89535 
873 10
64663 19552 6981 30110 41324 2942 3773 19054 48975 23871 
1011 9
87536 17210 46285 46207 3400 56929 4043 79242 71678 
1224 13
64777 4120 97282 40141 85 54286 82477 39598 29843 953 66125 38650 5329 
10 10
20291 64296 26763 32607 64415 88182 37529 39389 26385 32895 
208 10
96597 50677 10683 76529 41474 28187 96131 37890 33566 48863 
154 8
28947 70882 2161 22658 77065 52382 70776 57329 
1037 12
77030 12034 10066 56979 64421 32472 65242 27516 68672 84385 17186 81799 
2002 9
80778 61961 21695 76862 78842 65166 36939 78093 21587 
1818 13
93862 94975 45627 35506 51462 51301 88974 96078 28188 57452 53614 42804 90043 
921 12
8264 64165 51030 50332 34504 90116 49575 61790 99763 66861 12723 61770 
265 9
40515 43660 70410 34580 92062 35613 15866 19367 36617 
1178 11
24480 21066 17208 91870 73498 28382 62401 84034 9186 84306 20621 
984 10
63915 36397 70927 20536 50201 61977 42601 67881 61234 13980 
759 12
51275 3340 2969 81359 62616 76979 48104 1068 83122 64737 53716 39516 
53 10
24798 71611 59211 30215 44905 29908 66219 11040 58612 17940 
357 9
59287 57580 1277 89688 68408 15877 70542 97974 85911 
305 8
30044 63922 78608 74431 99241 49772 47099 66108 
1464 12
50653 53264 15680 66757 24567 29421 28834 84657 82072 18318 21777 94940 
482 12
89527 67073 19231 57429 6504 78639 41318 44712 66533 98396 1509 20732 
1068 13
72815 82794 40787 56583 28940 41883 33250 3199 91286 87077 96036 46949 25006 
200 12
62298 68165 39419 57812 41279 68393 8200 15475 81012 7552 49844 93503 
889 11
83807 44259 29913 33534 58148 73119 25678 51465 10126 78567 66268 
465 9
32261 15158 50719 55446 3609 97670 26773 51656 20499 
1042 13
76481 26207 32951 31578 75559 32661 61437 50785 2650 54254 85259 44518 85176 
1691 13
30228 21393 3421 52493 89202 57187 52470 26792 61689 11945 53424 26701 48763 
1871 13
90805 702 39006 3999 91653 33205 70031 80727 65759 76168 47823 92989 16138 
943 9
23154 77163 43461 70331 71417 8187 98757 42011 40274 
125 8
53430 87226 39807 11627 58860 92755 60199 55372 
940 8
41153 67000 65361 74582 43982 31723 49317 3388 
839 9
62715 30660 56863 86775 90387 37903 27406 23700 83568 
211 8
38205 30233 38863 3702 4635 22531 17698 36297 
396 14
80193 81720 96929 36533 55618 2847 43037 10264 16501 47469 83757 83818 38333 12663 
181 8
79589 99170 99074 44505 15356 45751 10998 53592 
1837 9
58588 74794 48681 51070 51000 54149 20352 64568 57518 
1827 14
88900 58321 9526 35138 80446 91083 4475 69172 16277 49747 26368 43285 37937 25972 
1908 11
45889 18693 97887 22922 4360 16774 14274 1979 10435 22987 57412 
527 8
73281 79697 90126 4839 24319 93992 75756 57269 
1371 10
31206 50680 10309 95168 18295 40253 4217 96587 54698 21862 
98 8
39186 90496 60334 5513 80965 62542 7175 94178 
1599 9
31901 35153 6865 11060 24585 99261 85579 38111 36894 
860 9
95365 35590 1913 13596 60129 6547 63219 33278 16574 
789 12
42570 31269 49557 43947 63643 96513 55286 3056 43693 9969 67556 51890 
1799 11
77370 52558 87595 42452 56824 46884 18468 13620 80340 13019 63997 
775 11
12807 16853 41713 9457 27930 35611 21319 15639 16395 64859 40339 
2 9
4817 1137 56833 12077 74486 14645 75817 65497 65542 
314 9
95779 7823 13612 26364 47417 18532 24312 29446 26656 
945 15
61695 35444 87562 33561 65865 85752 57650 71424 90382 17066 57316 65249 7005 88618 83024 
671 11
26867 46169 51923 13717 23143 58887 31779 30766 8883 68616 94186 
