363
4049 1
63113 
9132 1
8303 
11121 2
32779 57522 
14047 3
37331 23168 38444 
6605 1
17581 
9805 1
6376 
11152 3
31896 50491 51812 
3035 1
748 
9991 1
52128 
6434 1
2870 
14490 1
71033 
9289 1
3846 
470 1
72317 
4214 1
21489 
6101 1
85145 
13382 2
38839 79751 
6119 1
92052 
7217 1
50407 
3514 1
25638 
4643 1
1812 
8841 2
54342 54142 
7558 2
34887 65583 
14665 1
82615 
3744 1
93119 
4592 1
44392 
8063 1
46789 
9192 1
19545 
9009 2
45601 3495 
3058 1
77770 
7874 1
31507 
9664 2
42056 22986 
4136 1
18243 
11882 2
57428 52456 
5022 2
57059 9779 
8526 1
70731 
7659 1
55509 
9881 1
80404 
2411 1
33952 
8808 1
30521 
13941 3
79262 88911 29880 
737 1
75586 
8089 1
66576 
10322 1
66869 
12955 2
41744 91206 
13828 3
24441 35010 8504 
17286 3
52200 11749 26362 
2967 1
43659 
8208 2
44086 74654 
7717 1
34712 
12001 2
52357 52078 
5291 1
76445 
2930 1
82242 
13388 2
32949 7205 
9008 2
3681 46662 
12075 1
15157 
5030 1
45776 
14564 2
16049 42503 
16313 2
14711 35662 
1401 1
22368 
3604 1
68065 
9701 1
2405 
4833 1
23132 
3288 2
30325 16467 
4208 2
80392 52623 
7157 2
89186 14943 
6440 1
58381 
10912 2
83213 56909 
12098 1
70502 
13328 2
51938 52970 
7266 1
23715 
6829 2
59172 82220 
8807 2
32852 29096 
14391 1
41991 
9638 1
79827 
14386 2
65481 29778 
8921 1
47765 
10238 2
25903 60542 
2585 1
7458 
2444 1
89087 
13897 2
80144 34223 
2961 2
53289 88428 
36 1
80018 
8849 1
28339 
8934 1
72251 
369 1
75112 
4422 1
89745 
2556 1
10587 
17498 2
44439 74156 
2829 2
30763 71075 
12044 2
66563 21660 
6292 2
12433 4984 
5885 1
76216 
13452 2
77937 79065 
12908 2
17139 31060 
8955 2
13675 67233 
7644 1
81952 
7066 1
48975 
10970 1
42754 
16374 2
28455 60953 
2278 1
87633 
4713 1
59055 
7029 1
64561 
7504 2
64473 71069 
14398 3
68543 11689 59407 
5466 1
36519 
1514 1
37850 
13465 2
33626 6857 
4494 1
80087 
13418 2
11713 11334 
5992 1
79401 
5210 2
77122 21639 
11878 2
76494 62876 
3341 1
70415 
394 1
68788 
10549 1
61955 
1194 1
84532 
5960 1
65406 
1692 1
26858 
3506 1
31501 
6059 1
57188 
10320 1
87592 
1962 1
76025 
3861 1
3045 
8326 1
6233 
8770 1
86052 
3080 1
38138 
15699 2
35066 81643 
7341 1
63594 
8232 2
5843 4398 
3593 1
17662 
9428 1
14274 
15081 2
24638 373 
5532 1
27932 
2971 1
78781 
9030 2
80373 77787 
17313 2
56788 38862 
10795 1
1442 
6690 1
57807 
10865 1
56069 
10959 2
25894 19285 
934 1
42397 
3955 1
24946 
5509 1
78950 
3045 1
57589 
9842 1
2172 
12790 1
20491 
14144 2
39085 80139 
12097 2
42497 18431 
4837 1
31995 
8441 2
39149 51892 
9438 1
79968 
13307 2
83386 78415 
3896 1
59122 
3865 1
14600 
104 1
12200 
245 1
57553 
12452 1
14009 
2898 1
67211 
11226 2
21574 83580 
10164 2
65214 28393 
5786 1
74116 
2656 1
2872 
1574 2
92009 84506 
12046 1
81383 
17010 2
91261 78660 
5286 1
72622 
2404 1
92995 
9164 1
85261 
9374 2
65863 2388 
1141 1
70684 
10400 1
84482 
4303 2
3533 36756 
8286 1
34832 
9513 1
12270 
4988 1
59875 
13628 2
49708 4419 
14958 3
82289 8357 22152 
7384 1
74189 
7038 1
67185 
10262 2
87997 64301 
1136 1
56895 
8907 1
74287 
6270 2
43370 45767 
7252 1
35113 
9179 1
21849 
4823 2
46237 51818 
7129 1
13848 
12604 2
64720 67294 
15506 2
70459 39471 
17405 1
51033 
13956 2
41196 25990 
10190 2
90804 85966 
5128 1
5118 
11823 2
47258 84648 
527 1
37657 
5310 3
26398 40321 45077 
8695 1
7539 
13703 3
44058 28725 45571 
6407 1
80700 
10595 2
51541 67689 
3414 2
3713 15952 
4345 1
31289 
9299 1
93175 
7345 1
37056 
9423 2
23486 8130 
5902 2
15119 33830 
14021 3
19274 90208 68514 
1436 1
65192 
7357 2
36481 2362 
2359 1
12821 
13755 2
79432 60863 
5086 1
1642 
8673 1
5919 
8452 1
13961 
11081 2
86455 44560 
3613 1
31409 
5056 1
25723 
12794 2
40552 11247 
9310 3
47153 39892 65303 
2521 1
18024 
6012 1
52336 
994 1
58986 
3113 1
32934 
7590 1
24873 
1351 1
58888 
5871 1
546 
12932 2
16050 25443 
3486 2
54773 67879 
8483 1
34532 
5675 2
70276 18713 
6853 1
59339 
962 1
67864 
17733 2
73971 21250 
12239 2
30458 61902 
15179 2
50632 22007 
7203 1
55463 
5398 1
49790 
12124 2
29941 73136 
4376 3
27209 14481 35946 
11576 1
37811 
576 1
56426 
6366 1
73058 
4511 1
70690 
13383 3
87261 44690 33749 
17160 1
23279 
3183 1
53001 
8072 1
74708 
12392 2
21768 42821 
5522 1
41654 
1954 2
35915 42677 
13898 2
60563 88410 
1895 1
51558 
11283 2
5149 74858 
1216 1
33993 
1163 1
84689 
10694 1
63210 
9322 1
28981 
6285 1
68195 
12926 2
8748 70523 
7524 1
85625 
10375 1
76757 
6512 1
68126 
10619 1
1234 
7561 1
64426 
2440 1
79041 
4135 2
65805 5705 
3433 1
17304 
9278 1
20528 
8191 1
73695 
10563 1
16364 
10129 2
77951 30542 
3131 1
20444 
4480 1
77515 
1713 2
49057 52929 
9134 1
46278 
17490 3
6529 18780 51182 
4029 1
69274 
10581 1
28436 
16516 1
90478 
6798 1
59375 
16070 2
87840 9679 
6422 1
34068 
4088 1
84158 
11176 2
2999 5879 
5038 1
57750 
15790 1
84805 
4360 1
34906 
6331 1
47536 
13493 2
64992 52826 
9311 1
36064 
7460 1
73394 
2407 1
26966 
12827 2
46166 20012 
10272 1
26889 
16839 2
47762 43939 
4768 2
92187 92249 
9890 2
48074 44060 
2463 2
86986 29201 
6386 2
33234 81185 
2246 1
70279 
11930 2
80716 62840 
11300 2
65705 11916 
6802 2
36713 73787 
100 1
71077 
276 1
41993 
4127 1
47885 
8587 1
54039 
2759 1
57981 
3842 2
50953 87327 
8013 1
8441 
12292 2
39855 64886 
383 2
89826 65905 
10853 2
48425 80440 
10281 1
11827 
5968 2
47661 18239 
13759 2
80437 27068 
160 1
14496 
8519 1
23853 
632 1
77797 
17049 2
69141 48578 
9459 1
15865 
1268 1
81778 
7668 1
89510 
6827 1
1155 
3019 1
26166 
7962 1
33237 
7268 2
29913 17708 
2227 1
70391 
5719 1
84228 
14148 3
54350 57303 65649 
7843 1
60881 
7868 1
92449 
4116 1
43286 
1897 2
68477 46345 
5602 1
17077 
2720 1
53493 
3746 1
73533 
5351 2
35492 80405 
10663 1
80651 
13846 2
90836 3032 
3435 1
22570 
1617 1
10130 
3104 2
42709 58394 
8430 2
20309 24173 
7880 1
78366 
6850 1
71950 
11181 3
38443 46293 9507 
12374 2
87441 67590 
11480 2
53334 69089 
5674 1
85389 
8242 1
78994 
8315 1
72893 
9389 1
46027 
7816 2
17436 5283 
1531 1
79173 
7188 1
86128 
8972 2
86353 76491 
14905 4
45273 81904 45901 25085 
7068 1
89331 
16620 1
29743 
4134 1
3423 
10483 1
13850 
12335 2
66228 85135 
