23
3877 9
38760 15916 41854 55023 16229 25538 173 43134 3252 
7057 9
16546 31988 1408 9148 26223 36337 20377 7457 52183 
1137 10
41839 9753 6535 50950 35727 4200 35620 55477 29336 21723 
2792 10
26832 6149 47194 32205 2249 25738 52463 45785 18007 29120 
1666 8
39445 55378 25940 55044 19882 46201 20145 56563 
1902 12
49686 48823 41331 39897 21660 44312 18979 5753 33053 30387 49981 44317 
2266 10
39588 8389 19375 1123 8570 12997 24989 47530 10150 55087 
582 8
1337 23885 6468 42159 31509 41865 41656 19174 
835 9
18219 2820 56327 56931 43817 22210 44461 16277 30111 
4007 11
17967 20825 33621 46205 24398 20047 14807 29946 45699 27146 25981 
699 10
18727 6623 39122 49097 20612 15179 26622 7427 29035 2557 
4748 10
14841 33212 19446 33675 43936 22276 32113 14810 27832 6645 
586 10
12234 50855 49623 822 42713 7351 20876 37205 1023 53850 
3876 11
29764 11106 26576 31120 14300 4582 48543 7977 21384 54546 25172 
42 8
49997 21739 31742 48962 49579 35176 13493 22595 
1926 10
24196 27242 52560 47871 34365 14819 5040 18858 21445 3250 
7594 9
43457 21659 4139 30126 13855 47205 19725 42985 55572 
2577 8
29095 38865 17588 49156 52962 11862 41510 5691 
4182 10
37721 47490 40774 52407 24812 41480 52680 12371 3793 14270 
2365 10
13764 35215 32434 47404 33583 39282 3304 43476 18333 36311 
1829 9
8262 42031 20679 55411 249 12512 17261 55716 45001 
3203 8
51945 29403 16580 55114 30139 40395 42658 41860 
7448 10
52693 19879 40322 11659 36320 43763 13137 11724 32250 51382 
