227
5769 1
36767 
7000 1
77915 
6201 2
90440 81849 
5494 4
13050 14764 13271 39035 
6204 2
26761 57843 
3038 3
38314 64552 82447 
6904 3
51387 84564 91500 
2373 1
86209 
418 3
83809 46733 78197 
309 3
37493 14197 78791 
6856 3
32089 8380 12223 
7849 5
14185 47589 49660 38651 42048 
7372 2
27934 73577 
6788 2
66909 80633 
2090 4
65255 63051 63241 61081 
4229 3
13308 3014 78185 
2346 1
20473 
20 2
67584 83092 
37 1
47188 
2732 2
84614 37191 
7192 1
45410 
283 3
14772 56130 71685 
1979 3
60701 84659 63013 
6713 2
25916 56898 
5337 1
9104 
416 1
63315 
2893 4
46056 72610 42387 63 
2480 2
99920 62054 
2831 2
74673 96021 
4170 1
36617 
5959 1
47006 
6866 7
43785 70617 96260 13038 46467 31950 36303 
739 1
4851 
2270 2
18583 72393 
1580 1
22434 
3721 2
82346 28763 
5165 1
40393 
4346 1
23322 
1465 4
94980 84324 90190 95430 
4044 2
82610 65870 
2725 1
78724 
1792 2
14838 55170 
2467 2
87138 86250 
4490 3
55766 14921 70667 
3663 2
25412 92504 
731 3
83385 48512 89587 
6992 5
82097 45013 74817 14864 47045 
2540 2
57108 7621 
5515 3
88650 95677 54391 
4997 1
874 
3043 2
97458 18607 
2159 1
95048 
3994 4
14874 88881 63995 83956 
6989 5
77553 96025 56677 66045 97471 
7686 4
3372 67146 79359 34470 
1130 3
95050 81475 96608 
574 1
97012 
2539 1
36147 
3949 1
33362 
5022 1
24764 
6342 1
43929 
6909 4
45785 4339 92325 13220 
2700 4
71073 34259 82639 65364 
2398 2
17084 13011 
4775 1
43514 
3025 5
29416 18882 24159 68618 58976 
6537 2
48914 9738 
909 1
9138 
5281 1
84194 
1335 2
70053 66620 
639 3
83362 96807 29918 
6822 2
72369 77873 
7646 3
63383 51392 38487 
2333 1
89574 
5072 2
45868 59756 
5929 4
19370 11166 20602 24614 
2774 1
38545 
2991 1
17155 
713 2
14754 21318 
5625 4
83706 58038 63287 39681 
2632 3
85999 46241 14349 
4071 3
14635 48787 40809 
2122 2
93471 97655 
3494 3
32965 46734 79221 
6242 1
84287 
1471 1
12654 
6606 1
68492 
3819 2
81749 61112 
3858 3
21527 7642 59463 
7739 2
93837 30555 
3432 3
88285 94315 409 
1648 2
22197 25100 
6715 1
38373 
6850 2
35160 27964 
4535 4
75115 12653 4289 8758 
2345 1
41897 
3517 2
84991 87216 
4683 5
26865 35228 46436 24949 94071 
5716 1
78507 
5336 1
59872 
4243 3
7372 42231 55246 
7672 1
22687 
6267 2
37969 34301 
6508 3
22118 48784 16099 
6642 7
52207 12590 95874 90860 31129 58576 32483 
7904 5
81123 95123 55021 65717 36693 
7545 4
1119 43699 63943 87290 
7186 5
68865 71103 16750 22973 39885 
5262 2
26893 49989 
4042 2
29173 71864 
524 3
57922 82406 68447 
6829 3
6254 96268 82026 
5948 1
8800 
2376 1
23031 
3130 1
23000 
5051 2
77920 26974 
3998 1
479 
430 5
34187 6134 49676 800 11761 
4214 3
13120 18414 46000 
643 3
88808 11989 73614 
6750 1
96084 
3252 4
10437 85650 23303 50063 
1063 6
88055 73636 44716 71484 36410 97055 
7362 1
7610 
4554 2
71786 59172 
1667 1
86997 
7419 1
76580 
2618 1
18261 
4590 1
5298 
7893 3
470 63815 24591 
5476 1
95591 
3174 2
54400 8291 
378 4
37516 57199 55285 61123 
6600 2
69827 38363 
4110 2
59722 82829 
6243 1
99721 
2179 2
94442 77952 
7729 3
34293 37938 52244 
2472 6
55788 68891 97121 59605 78351 17090 
1148 1
11950 
7386 3
88689 61973 33245 
824 2
28418 30426 
6768 4
13967 45085 41107 63451 
246 2
57750 71298 
267 2
43248 88714 
7451 3
67482 25926 6027 
6548 2
27579 73370 
2669 4
41936 89998 58832 23082 
6327 1
29750 
5003 1
56449 
2509 1
64558 
154 4
25414 94617 13136 35944 
6308 1
73040 
7743 3
86122 42828 81754 
4010 4
99074 33103 79652 84187 
3946 1
13072 
4393 2
57733 82746 
2442 3
98164 81953 63130 
1515 1
4617 
7932 3
39981 93913 3682 
7719 1
41768 
6380 3
98880 28889 99771 
7811 1
36337 
4275 1
68031 
3240 3
36010 71328 29311 
3301 3
61634 8592 40635 
23 2
6997 95426 
2246 1
86085 
3020 1
75946 
3763 1
28029 
3832 3
59049 71121 53651 
1495 2
17558 57022 
5153 1
77943 
1188 5
13080 59620 90906 39708 39171 
939 4
67913 60655 48641 85702 
742 2
80805 27926 
3437 1
915 
2487 5
52187 34640 86993 95299 18443 
2819 3
89073 39456 21180 
5977 1
92764 
7521 1
41072 
3660 1
63572 
983 1
35679 
196 5
62210 64968 15636 48115 64409 
2693 6
43875 50177 17497 85589 75704 12696 
5883 3
79017 51276 77984 
7732 2
37910 79194 
7022 3
62359 25283 17639 
4111 2
76411 23930 
2712 4
94259 52168 29454 74714 
962 2
39601 90174 
6389 4
34990 16535 56962 29189 
3899 3
19859 97348 79902 
5042 2
87414 3979 
6724 2
83805 78996 
6852 3
71933 80420 61142 
4585 1
24144 
7877 2
46723 37422 
4546 1
76500 
4608 2
19735 79417 
5908 3
26888 52057 7395 
1200 1
71264 
3246 5
73539 26820 4081 56305 36285 
7569 3
52297 42737 77093 
5254 1
29078 
6588 2
64871 35333 
5240 3
82259 59269 56163 
7282 1
15201 
285 1
40773 
4989 2
28560 79872 
2220 1
16915 
915 1
92517 
6595 3
69200 28842 84942 
4638 3
86403 45820 61802 
921 1
14732 
2810 4
56100 10465 20256 75417 
5225 1
13649 
5887 1
13637 
2781 2
52417 400 
4023 1
80103 
1903 1
39683 
1351 3
31868 88642 67930 
3571 2
55253 11374 
6084 2
55606 17512 
1870 1
82314 
2584 2
69099 72777 
4048 2
30122 76245 
