227
8815 3
78203 4806 80108 
5385 3
97590 98335 42111 
1646 3
40845 71530 38100 
2594 1
73523 
6374 1
55426 
6959 3
27459 78349 50875 
8472 2
99409 83034 
7389 3
88806 35913 58687 
4005 3
14718 52111 96018 
2259 4
1130 22416 68225 34231 
4128 1
35530 
3579 1
71318 
6256 4
65897 29078 73619 95040 
8221 1
35818 
6302 5
79580 6279 41211 36361 90073 
3504 3
18573 94545 86512 
6609 2
34067 49384 
2195 1
99940 
7563 1
74785 
2559 1
45909 
4463 2
61100 98729 
3239 10
34079 39795 2974 83191 47375 85761 17332 22984 17729 51570 
7034 1
18054 
3191 3
48653 41045 98222 
209 2
90786 48980 
8229 1
65349 
5690 2
74249 64949 
7831 3
19049 55820 5219 
1938 3
69256 56267 65773 
995 1
10860 
4755 2
90476 70239 
5259 2
66938 46581 
3475 1
70889 
3686 3
19502 60508 84278 
5942 1
32122 
3549 1
19161 
2629 1
58618 
2715 1
67986 
4606 2
57932 45232 
2515 2
67129 54437 
7445 4
72488 92763 65288 92302 
1522 1
93705 
5476 1
51187 
3328 5
5505 46554 38626 28970 76490 
3907 1
55810 
6780 2
97769 24561 
7248 2
93316 54605 
8544 1
40911 
6368 1
81408 
8315 1
27769 
5676 1
68050 
2161 1
87885 
3164 2
76817 87559 
8401 2
71814 55223 
7872 1
49030 
6737 5
3066 89570 47702 59397 92971 
7424 1
39517 
6676 2
71078 42318 
8520 1
60591 
6347 1
43333 
7126 1
37302 
1223 1
68305 
5540 1
50999 
4523 3
16007 8601 47579 
4702 1
11973 
7293 3
27291 53775 89184 
612 1
57487 
7995 1
62016 
8601 5
64022 7533 33227 72920 19985 
7284 2
90986 82855 
2661 1
88342 
6147 2
13288 7560 
5369 1
45787 
8462 2
89972 14795 
1648 1
6587 
5210 2
84020 84591 
4773 1
23541 
8550 3
43094 57765 2437 
4022 4
42813 49932 47789 63850 
1076 1
46120 
2316 2
7546 54449 
2666 1
78784 
1278 3
2688 98759 22402 
7728 2
89364 55355 
8757 1
25245 
7908 4
86613 61079 57839 97858 
3086 1
26257 
4887 1
40932 
4767 1
13231 
7478 4
5792 87902 80802 67879 
2306 2
55104 55471 
3175 1
42521 
3203 2
63929 99983 
1308 4
36054 10624 63897 48043 
2980 2
27077 21808 
2123 5
79393 12705 8743 13229 7216 
5645 4
36452 19925 94109 157 
1172 2
70116 23890 
1764 1
61440 
3598 2
19594 86918 
1966 1
99147 
8184 2
18974 60744 
7285 1
25485 
1154 1
60936 
1381 2
17188 60101 
6216 3
4006 67678 4580 
8492 2
89996 97359 
1367 1
10021 
5896 1
13653 
5973 3
32087 4493 79676 
8314 1
538 
6824 3
69402 8958 81119 
508 1
52769 
4166 5
2771 10830 16778 49998 35330 
1319 1
63342 
6730 1
99347 
3874 3
9066 74052 69673 
4454 3
22821 62209 15363 
2409 2
83480 22822 
8804 1
45610 
4179 3
53662 55477 93899 
8383 4
78283 37408 42498 78281 
5986 3
3 20738 41313 
5381 3
67680 85817 32444 
705 1
65796 
8532 5
66581 77126 23794 10952 96283 
4281 1
84817 
8545 2
52793 83050 
2823 7
73420 68074 92805 28574 57294 17037 53177 
1264 1
11475 
6078 3
62896 57116 76614 
2939 2
45234 38251 
4609 1
89525 
5834 4
74588 91050 96640 30391 
416 4
20115 24266 51485 52124 
7060 1
73321 
7696 1
99310 
507 1
30050 
7522 2
2284 15451 
908 1
93313 
5112 4
96724 75905 5214 50488 
7128 3
34500 6922 17600 
5814 4
12751 97837 55920 39485 
5037 2
38770 98273 
7653 1
60340 
4650 1
10023 
6451 1
14265 
6690 5
30409 91326 15605 30618 68507 
6740 2
39210 71465 
6933 1
76113 
2624 3
63094 76554 6994 
3221 3
11601 36623 71824 
2114 3
52132 18754 18903 
5532 3
94157 84114 17126 
8135 1
57990 
1280 1
74207 
4692 7
68539 57211 63181 97177 50989 66454 66597 
973 1
29337 
3808 3
29350 57023 52752 
802 2
49840 41287 
4329 2
88044 32789 
8063 2
10818 87311 
1878 1
32566 
7799 2
34848 74087 
8003 3
55669 29246 88614 
3169 2
79110 82267 
1250 1
58311 
1929 4
88238 7691 55079 78872 
5996 3
2442 37645 67200 
8672 1
97604 
7599 3
60154 87079 48533 
1493 1
60030 
8175 5
23256 58395 84608 38320 6156 
7972 4
5242 17283 88800 16269 
2930 2
17649 92339 
3176 2
39488 1870 
6979 4
95636 38416 55891 31148 
7007 2
86404 47603 
8054 4
60214 54120 67215 71743 
8655 2
48456 71320 
6330 5
55256 92160 80169 72401 33738 
1923 2
60265 96250 
3248 1
75627 
2732 7
73069 7867 55259 222 39723 62473 83956 
7826 2
32499 86121 
4746 2
49882 82273 
609 1
55462 
7194 1
94921 
8442 3
10740 8768 41218 
4021 1
37576 
6552 3
29438 82622 51106 
1238 1
59383 
5304 1
18496 
8193 4
63557 66908 10962 14248 
7242 1
90652 
6736 4
74131 52089 87905 24651 
4823 3
39017 2461 67800 
5988 1
69759 
4859 2
79251 43305 
4595 1
67784 
8448 1
82811 
4231 2
58626 67820 
3181 3
25221 30019 7731 
7761 2
73025 69009 
4499 1
9995 
7078 1
94148 
7089 5
52352 64926 80092 17870 64807 
6357 1
36684 
7309 1
93759 
7895 2
41605 68356 
4220 4
65580 24819 8267 9768 
863 2
20920 47010 
3384 4
99597 6031 20467 96084 
6704 2
9939 23817 
4498 2
46130 45871 
8136 1
25073 
5695 2
65690 4944 
8535 1
7127 
1990 1
62780 
6337 3
26698 70176 5477 
2288 3
69781 49386 79098 
4822 1
23261 
4804 1
36496 
4905 2
54219 1813 
5911 1
30889 
4183 1
30940 
4805 5
55340 86834 34479 67914 27372 
