247
1274 4
55899 26491 12352 81970 
8157 2
79353 4077 
3196 4
75984 79317 29343 19682 
812 5
66934 8999 65423 92459 17930 
6842 2
1688 82871 
4163 2
29080 91253 
8360 3
24032 69843 39926 
3422 4
60471 33742 93111 20920 
2546 1
95054 
3635 3
80595 15803 19795 
4905 2
90788 63210 
7370 2
89567 64683 
424 2
69809 28603 
8605 2
70469 30896 
2947 3
42122 34373 70086 
7484 1
19312 
563 3
81191 99775 50746 
3930 5
66055 91030 24969 50090 42029 
1780 1
36460 
7761 4
81129 56287 93099 58485 
9556 5
5558 25139 79965 78778 96242 
2390 2
25601 81472 
6066 1
50326 
4003 3
57000 76766 74349 
2337 3
76368 69702 94197 
427 3
89099 89517 52436 
7287 4
17939 14023 15852 45252 
7010 4
72071 4921 14343 25328 
9529 4
10050 59814 12680 63381 
4515 2
66545 93546 
1051 4
21086 11634 96941 26210 
4088 5
1951 24031 90511 36536 51996 
5293 3
73565 62487 50711 
3849 4
39351 84360 47717 54720 
5653 1
14806 
9668 4
47486 14787 76540 7374 
5677 1
95763 
400 5
71215 8549 71031 72785 40424 
6331 4
84358 36569 3255 31733 
473 2
1323 1877 
1572 1
98500 
1681 2
30635 84411 
5686 3
58953 81582 50952 
1535 2
22667 9889 
7268 4
17613 35708 23257 12054 
4980 5
72769 8569 26045 54648 64273 
2185 2
97762 646 
4733 1
84014 
5222 4
6692 67872 37799 33028 
538 3
88824 62796 51366 
960 2
61466 38430 
526 3
37767 96570 89411 
4081 1
19082 
5966 2
63913 49250 
219 3
76360 43800 74756 
3978 2
63255 57164 
293 4
40906 73890 37757 67011 
1883 4
87867 64902 84046 49586 
1277 3
6188 54464 25811 
511 1
16280 
1978 2
61446 89507 
4400 3
43248 44664 22240 
5514 4
76251 28326 78949 18307 
1908 3
58041 11938 53318 
7365 3
53731 10106 67454 
931 3
30584 68791 92703 
2184 1
10122 
1830 1
42719 
1923 2
3821 67323 
7828 4
93639 45262 78059 15153 
1253 1
52498 
364 3
83430 14212 80379 
679 4
45187 70720 90221 25962 
8282 2
69253 53479 
6285 3
95548 81460 80040 
3867 5
70991 2060 3533 18418 36896 
6347 2
97190 95611 
4282 4
75205 66247 21607 75578 
8503 5
41588 5871 20421 86082 67822 
3736 5
4351 32301 85693 11303 18839 
4633 2
15829 39874 
4373 3
8356 67236 15602 
7846 5
83683 12114 33630 93323 50401 
143 1
81767 
622 1
85790 
4300 5
3538 15039 77024 35675 53673 
7474 4
5988 78709 539 57204 
2373 4
24414 56999 15028 65591 
5700 3
34533 78019 14470 
99 1
5386 
8216 3
96223 98525 76643 
7780 4
27240 19052 4504 76105 
6040 2
94775 89281 
6185 4
76268 39065 80346 11382 
2432 3
67387 15024 10694 
7439 2
99545 99916 
7109 5
17100 87142 47492 59962 51866 
835 1
67436 
7344 2
42791 16595 
5046 2
27919 78219 
9737 7
64148 5148 39269 45933 13225 56405 63206 
5857 2
21802 19333 
2001 1
36150 
411 3
14648 66027 32325 
3296 4
41702 66411 64587 12990 
4467 2
41319 76008 
9621 3
2450 40238 69229 
4533 1
2220 
2040 5
37128 85992 90239 11526 12413 
7661 5
34397 92598 55744 13405 89721 
8673 2
51044 52834 
992 3
65537 43171 13975 
4867 2
65276 64789 
495 5
32974 59772 60690 14710 77058 
1949 5
58101 66198 48904 32905 87209 
7242 2
78358 84942 
5235 3
64690 58584 7199 
8138 5
70154 99098 88074 84459 86801 
213 2
40954 7650 
2577 3
95559 37735 90956 
3721 2
34774 19545 
1033 2
73666 4453 
1083 5
66017 72147 54261 3842 22378 
9335 4
95425 17294 11783 97873 
2229 1
20855 
4799 3
85014 61636 58821 
754 2
57905 32233 
8204 5
68493 30718 48217 7643 95349 
5454 6
29337 70114 54765 13386 80482 81677 
316 4
93251 27281 27267 67310 
9262 4
65003 93280 1456 83723 
3457 3
24122 95430 96972 
9701 3
18755 47456 55500 
6357 4
15936 60583 26401 99852 
5890 5
42008 98981 22893 31452 15671 
6273 4
23097 69289 72771 42002 
1982 4
93905 21583 69470 74574 
9173 2
39878 19050 
2280 5
97122 34804 77208 72965 61893 
9327 6
10316 96937 86029 46537 196 58679 
3148 4
52165 16244 17454 414 
3275 3
50856 14254 69582 
7279 4
77893 35848 49989 90494 
1840 1
88380 
7367 3
40162 78461 6870 
2158 2
46754 35520 
2570 2
91887 95602 
6498 5
2260 53725 1948 40627 20181 
7895 2
51925 31500 
9781 3
81498 14426 62098 
8208 5
96336 69304 2838 20416 70712 
3835 3
7338 74417 87562 
7610 5
67172 81025 89961 13695 32742 
5715 5
71045 63384 9486 75242 58830 
7946 5
4606 19936 8236 63935 9811 
8531 3
9131 49633 17778 
4854 3
97628 41751 80889 
6609 3
33238 27621 27737 
7068 2
58245 37897 
7795 7
30592 93166 50087 60626 40867 20670 48019 
8558 4
2623 2254 34667 62664 
5019 2
23467 26109 
1690 2
17666 41565 
6696 2
49325 2809 
6245 5
99698 73197 96503 41471 27504 
432 2
774 12096 
6405 2
50065 73437 
437 2
35907 66731 
9539 5
89075 34047 68571 89446 28077 
5336 2
13811 69556 
5479 6
717 98461 75889 20336 91195 28809 
7884 1
94644 
1721 2
64397 57688 
3514 3
21330 46389 82403 
837 4
99143 55337 73632 68419 
8951 11
95895 54344 88028 32067 81149 4155 65767 9849 60648 4713 89340 
5246 4
35382 37579 11582 9139 
8414 4
71162 25389 51028 89016 
297 1
81793 
1898 3
9967 96439 44038 
89 1
79699 
2459 3
99247 5496 59894 
2642 6
79924 90572 18278 53128 13656 69580 
1213 1
45763 
4292 3
67781 16034 62505 
6769 5
17363 10890 69140 49995 56558 
1543 1
94609 
5873 3
30240 78045 46327 
4220 6
80763 7142 3905 26896 9388 12022 
4178 5
27492 13969 16315 44613 31959 
1777 2
21074 85587 
8045 2
46911 71534 
2515 1
29863 
2671 5
91027 41292 3836 47102 49691 
2405 3
84675 46340 11880 
8276 2
25052 59083 
983 4
37924 58575 82394 83154 
7715 2
86525 63468 
1750 5
97052 9694 11458 70167 58472 
1215 1
13755 
3027 1
77973 
1776 1
74205 
1689 2
91550 9569 
8757 5
97375 49707 47173 43960 11089 
5094 7
4439 23060 92449 41663 82873 2210 36946 
6730 4
14064 46489 39290 72119 
9397 5
99985 82187 1232 33619 14645 
2182 2
66805 1185 
9542 6
83439 64210 45309 85055 78859 63487 
3748 6
3457 87870 66922 78367 84049 67529 
7738 2
31495 66171 
8096 4
35124 71026 4082 10613 
9186 6
64378 41598 96387 39917 84687 93198 
8162 3
52343 6667 86773 
3734 4
54110 45010 87690 16333 
955 3
93940 25859 13243 
474 3
87008 52749 26462 
1575 2
975 21757 
5452 3
56647 1427 88344 
7775 3
16157 10021 7923 
798 2
87911 27660 
3771 4
85017 53574 38687 22161 
3355 5
87526 83432 58425 31775 27780 
521 3
30471 78764 49945 
531 1
56337 
6144 8
68607 7742 88464 73444 72333 32594 3494 10618 
1256 3
94364 1606 89291 
1476 4
70503 15192 49005 91202 
5542 3
86351 50314 52222 
9037 2
36302 83722 
7589 6
2953 72097 1826 70839 98363 22217 
3786 4
61779 90760 97829 79194 
6621 2
78470 85423 
873 1
27969 
3610 2
57708 55799 
1775 5
36633 1670 99348 51388 19686 
1268 2
44452 57344 
7987 2
3941 54994 
9585 9
50704 47555 40944 30038 8502 19983 25552 73954 22337 
7850 4
84053 51225 36801 95477 
9633 3
39074 91802 74693 
3252 3
6337 59234 17608 
6600 2
66938 67275 
8211 2
16893 16497 
1160 2
91386 53424 
259 5
55922 19384 14847 41905 99695 
3187 5
63863 14727 30831 36697 41600 
