40
4205 13
16580 32062 42881 35542 67560 32831 55026 77069 15506 28793 86158 5423 59953 
14 13
23844 58648 62939 74478 98907 9377 95540 8706 25844 98930 64891 81080 54393 
5006 13
36941 13681 21190 17774 3266 24244 6339 97421 29499 48169 62027 95507 88996 
575 14
19850 62044 53393 18042 366 1943 9608 53941 47991 97982 28523 2202 66260 88513 
4495 13
32565 28029 42489 58978 57501 80163 80247 90743 54867 16719 75536 26613 28265 
7845 16
41529 87070 77270 83432 76536 78210 31427 72142 30827 14564 54539 53815 38693 38117 68172 1880 
4254 15
97611 91429 96399 7459 33216 99916 54697 43090 34952 96109 57997 90834 96042 54740 58828 
359 13
55903 73425 21136 59781 7292 65898 41200 59600 50309 1621 63653 4640 50254 
1333 14
66535 65891 51504 30130 88572 84890 18850 97773 28828 79984 50738 29771 84214 57727 
1590 16
49863 91865 18066 17260 19730 2150 59051 86501 27745 58784 51668 39554 45040 78813 61836 92332 
7018 14
81760 62366 73804 88098 78373 37432 69960 46050 78315 40713 78915 27715 85512 17294 
6624 15
73693 10881 5949 72154 19203 55879 36351 64200 39882 72830 8425 77146 17732 97958 10299 
2326 15
59350 21902 57124 17039 48195 46839 91398 17826 56810 46284 40200 77128 42412 79549 68383 
2364 14
53300 95478 71302 79291 31552 93676 50855 70775 74118 12513 25305 63281 82810 40870 
6995 14
86651 86627 11118 55126 69038 46863 63445 51990 46667 31497 19741 57942 3565 19587 
2366 14
89304 38180 89064 36539 84264 5769 20254 96506 55062 89538 48593 30442 27248 57717 
2930 13
9528 82167 91867 50547 33844 53008 40552 48658 26810 39964 95655 86232 57688 
4217 12
81073 50285 75753 1344 74726 55653 84916 94022 32539 4918 72579 41522 
1034 14
65383 9048 57333 54456 78153 13243 51080 10073 70111 71943 80775 48039 65274 61061 
907 14
98466 79296 17195 18887 51015 56600 60393 72933 84684 38027 89359 5427 98920 53324 
5095 14
28729 48004 82646 35042 65769 95368 10292 45034 14868 81971 59460 13127 66382 30782 
1151 13
17533 96390 325 45246 16987 93393 85679 33088 59542 85606 41276 52028 48583 
2350 14
67520 20287 83400 51109 34945 74721 14924 51190 40207 25444 59893 15953 39876 46809 
1373 14
38565 82401 40360 41250 35509 70362 35943 86912 80506 99636 4505 38209 20766 14274 
923 14
10589 45276 40932 84262 67598 56657 1924 58681 50723 10612 82665 31292 5099 30222 
2317 12
61874 54184 8640 71263 88965 79319 32629 68752 31893 82412 27330 95065 
2382 15
82215 8375 78560 68534 37167 46463 95291 31734 52596 44823 1378 67259 55335 68679 41034 
5795 14
58652 22141 29347 38852 51905 25930 66308 99179 65565 53273 77746 83344 7958 85590 
6684 15
23162 29220 8458 36989 32065 71583 66388 17610 26580 44790 43024 92318 65469 30161 30869 
931 15
51928 27799 81473 93795 79909 87501 33206 25993 69903 73934 91703 16505 25115 64993 12089 
213 12
82628 74979 3700 51468 84001 36653 49253 50746 37446 17838 92435 57019 
866 13
24412 55163 4809 58309 57453 88203 44133 73404 95347 92302 2352 6643 74527 
7610 15
15642 24136 79315 87244 43466 27755 44017 73791 22740 82230 74586 72318 74796 7986 84770 
2260 14
76537 13306 76456 12520 23087 88428 51536 67502 96659 90580 4714 50898 38722 96654 
6989 17
56591 6690 79083 56147 95619 86530 89438 11880 6135 54855 7041 69211 64346 18694 33739 12277 70378 
7413 16
61903 97035 49804 17725 51404 56627 89962 25168 2655 46745 86324 63198 68289 82391 38969 1071 
746 13
52979 64464 59141 1115 88360 47319 39581 49130 23461 45149 3786 54662 56375 
1387 14
69612 59194 92434 56167 32447 19802 68082 52986 58783 54448 36717 75597 83206 21105 
7813 15
38156 87537 71322 97032 85457 86499 31620 57760 43257 59633 22113 62634 31682 71473 13310 
7321 15
44360 2625 55983 5010 32490 29938 25472 1308 70309 96295 26167 9775 56789 46492 24915 
