237
8574 2
41249 27140 
4926 1
12768 
1475 1
40112 
6140 3
56817 4550 14776 
5057 1
60287 
8513 2
20873 16698 
5976 1
44367 
4527 1
18697 
6136 2
10756 36212 
9367 1
59040 
1238 1
2382 
4955 1
52472 
5800 1
9649 
2963 1
55230 
4725 1
22480 
1581 1
46297 
3200 1
32424 
7614 1
833 
8107 2
52128 9740 
1495 1
49112 
5646 1
49026 
4751 1
9484 
5557 1
61390 
5954 1
28996 
1772 1
57210 
893 1
41979 
4023 1
4192 
5573 1
9050 
3027 1
15790 
2498 1
32773 
2302 1
53362 
7510 1
3791 
5018 1
27759 
5155 3
14919 39226 2676 
4588 2
55377 51027 
9084 2
5577 17798 
5547 1
45371 
5491 1
17973 
6701 1
12364 
8973 2
40188 29051 
1271 1
30995 
5784 1
23662 
843 1
24613 
5240 1
12906 
5481 1
54313 
1729 1
22470 
5404 1
49991 
8469 1
43389 
5817 1
52400 
9014 2
62157 21419 
6035 1
45378 
9173 1
22711 
3374 1
28036 
5602 1
45631 
5905 1
30331 
6199 1
247 
3296 2
50728 56585 
5591 1
45416 
1487 1
52625 
2373 1
17873 
3823 2
28847 42094 
3794 1
8786 
3521 1
22985 
6032 1
14343 
5468 1
56082 
2209 1
27495 
5103 1
2997 
5464 1
27004 
696 1
3734 
5640 1
20452 
29 1
48898 
9207 1
21150 
1370 1
33712 
5821 1
33249 
9093 1
4626 
5641 1
44574 
4941 1
53552 
7458 1
32473 
3713 1
3105 
1847 1
59512 
2642 1
9678 
9833 2
6105 17143 
2151 1
1017 
7574 1
52174 
7433 2
20867 35138 
7561 1
59226 
1667 1
34061 
5287 1
35649 
6198 1
32016 
8819 2
1607 45453 
1889 1
11143 
340 1
38815 
5174 1
53209 
6129 1
4160 
9316 1
55351 
9446 2
61665 53521 
7294 1
20611 
2660 1
23750 
5193 1
52298 
4897 1
24068 
2821 1
17478 
5494 1
53001 
4366 1
13223 
4922 1
10577 
2983 1
12964 
4074 1
55743 
5215 1
60000 
713 1
23416 
6361 2
55425 25304 
8765 2
24953 23855 
3674 1
42646 
7548 1
28828 
1189 1
24636 
2230 1
26159 
5159 1
14260 
5422 1
38243 
4222 1
5588 
9684 1
27605 
8797 1
42662 
1208 1
40730 
3804 2
26034 10621 
5364 2
127 1785 
6150 1
55641 
7578 2
13578 7789 
8639 2
57481 50012 
3355 1
42923 
6460 1
42070 
5480 1
60729 
1840 1
20350 
4334 1
36395 
5198 1
15228 
7466 2
40652 20761 
5872 1
41232 
6081 1
13679 
6211 1
27548 
5968 1
44084 
50 1
25712 
308 1
30924 
1045 1
58448 
198 2
58353 57349 
3496 1
20828 
6117 1
60843 
5566 1
43173 
7342 2
12346 25028 
2172 1
21973 
3187 1
42695 
3676 1
7376 
6844 1
56476 
3398 1
37077 
6512 2
28815 48032 
632 2
554 1097 
4902 1
39502 
6219 1
34769 
3926 1
25806 
8208 1
43946 
2219 1
32785 
2114 1
52246 
3708 1
42370 
5597 1
9605 
7019 1
9276 
7697 3
5505 20337 55438 
7711 2
22669 25009 
8211 2
50010 26529 
3941 1
31003 
337 1
14072 
9101 1
49789 
1859 1
31944 
3215 2
3749 36825 
3430 1
6929 
2433 1
25714 
2847 2
45260 33054 
631 1
32510 
5058 2
24310 16214 
7237 1
37215 
2275 1
55887 
8912 3
61241 1738 34710 
5105 1
38749 
3499 1
17122 
4886 1
24397 
2495 1
13363 
7646 3
29668 27629 54472 
2331 1
49723 
524 1
61603 
1694 1
27537 
4436 1
39103 
3440 1
18648 
7309 2
12579 54080 
2168 1
28123 
5049 1
32258 
6774 2
42457 37560 
1023 1
58131 
4434 1
40140 
406 1
125 
7619 1
28612 
9749 1
27318 
4898 2
6644 38101 
3172 1
46321 
9158 1
60152 
1105 1
17934 
3222 1
60931 
938 1
51913 
999 1
23817 
1019 1
22663 
8682 2
34468 46552 
8481 3
28534 41108 47102 
5874 1
37960 
4096 1
15145 
1643 1
59983 
2079 1
33437 
5486 2
49464 4063 
4419 1
9397 
402 1
35111 
6089 1
61935 
9934 1
60538 
3608 1
46158 
118 1
59269 
799 1
45087 
3259 1
59017 
7825 1
58188 
8110 1
46651 
3637 1
53542 
4946 1
9459 
1735 1
17005 
643 1
55353 
299 1
26496 
2133 1
51589 
3541 1
40240 
6715 2
6483 40591 
4840 1
18006 
7631 1
30629 
670 1
45827 
5432 1
57537 
9858 3
34479 1907 11275 
401 1
60240 
4410 1
61232 
7307 1
58660 
4106 2
45498 7224 
