124
658 3
74409 92168 81607 
7092 3
21744 84633 15410 
4912 3
57253 75867 27873 
1148 3
97449 26795 48525 
2527 2
61605 40008 
10342 6
72381 17007 78947 17659 28913 35024 
1112 2
79896 6835 
4873 2
96350 16177 
6555 3
64416 18001 94571 
1926 3
54661 52208 57608 
1146 3
88455 77241 57157 
1350 3
25492 68351 61181 
7843 4
60659 15248 86586 2174 
10062 4
20778 29226 84496 97012 
6475 2
63590 60457 
2583 2
2436 8656 
2268 2
10382 14160 
8366 3
2629 13463 73169 
326 1
44327 
1262 2
64378 33932 
812 2
9652 53353 
2173 2
32464 44631 
2391 2
87972 60884 
481 2
26608 57926 
6994 4
99712 78484 59536 59444 
5392 3
16262 25959 61529 
2227 2
59392 83390 
1307 1
43695 
4953 3
88078 73975 61570 
10579 4
10286 36793 64501 61880 
3686 2
29232 54772 
4357 2
42421 64774 
5174 4
24285 17171 58753 38261 
4118 2
22041 59738 
5231 3
79777 55638 61459 
4554 3
67806 53083 65570 
8382 4
99176 26500 96703 89452 
1083 2
66549 57571 
8778 3
48684 97100 96711 
433 2
93357 1590 
1020 2
54902 86833 
1477 2
32895 52706 
10698 4
95172 83704 7243 67593 
524 2
91191 51624 
5602 3
94107 45213 58535 
1270 1
85018 
981 2
71716 85156 
5865 2
2531 719 
3106 2
39967 823 
9848 4
42089 55177 34369 90563 
3351 2
11631 80337 
51 2
22705 24111 
10630 4
5885 85661 60977 75835 
2483 2
44074 39667 
5492 2
12014 31308 
2668 3
29487 74942 61588 
5287 2
21111 64692 
7850 3
70640 50353 50026 
5251 4
7252 28903 98623 36224 
9226 4
73293 60836 99099 75497 
6160 2
79615 73869 
756 3
60291 29203 53050 
6788 4
81604 80540 34821 40688 
9699 4
6736 12062 20234 41634 
2296 2
39173 5138 
2012 2
45197 52076 
7121 4
66388 30778 61502 8217 
4659 3
84328 21627 71363 
5561 2
96525 79117 
4623 3
61677 69178 86970 
3879 2
36001 67005 
498 2
91653 83310 
1330 2
2704 28580 
8270 3
85341 70027 72499 
3041 2
63474 50684 
369 1
69683 
2624 2
75114 28868 
4292 3
33844 46560 83197 
2762 3
42959 66105 9854 
3008 2
91121 85893 
3433 2
11189 76237 
1243 2
44160 56182 
9179 2
98954 17884 
5418 3
74136 17300 77896 
1489 2
8389 90395 
4515 2
68841 70237 
1349 3
77046 16383 42225 
4451 2
67613 95126 
4700 2
91573 5155 
1744 2
18936 32995 
1780 2
14038 62674 
9545 3
32604 66317 34325 
4500 2
13374 56588 
1337 2
80440 51826 
6646 3
23417 58815 88648 
6202 3
19385 65266 22291 
651 2
54959 15834 
10099 5
296 5007 17038 32695 85541 
1750 2
84822 64455 
2116 2
60417 62665 
5835 3
85817 90216 65816 
4727 4
84138 26167 83503 77085 
705 2
22072 68199 
3653 2
42364 84173 
10119 4
58871 56330 84196 28725 
5813 4
50696 47567 48271 25755 
1310 2
91300 55369 
8087 3
37950 99211 43238 
5529 3
94774 11520 71943 
5263 3
46036 13065 20905 
783 2
81895 21076 
1011 3
75572 46760 19063 
3050 2
46744 98923 
250 3
28715 71598 24206 
104 2
21044 45674 
1871 2
92938 17310 
2629 3
52425 93911 70643 
4159 2
77465 37293 
11191 3
10202 19412 10026 
509 2
58637 28464 
3650 2
90664 90044 
8361 3
88390 21628 57959 
5753 2
35986 37915 
8186 3
89512 33751 64514 
