34
217 52
2839 53521 70202 50087 21297 32636 31990 11588 73035 16405 49135 65481 41316 70383 36829 82051 74761 58557 82472 51424 54245 16420 42090 45883 46875 61738 83421 11916 16496 7494 49185 50508 38726 54768 9783 79631 54784 54465 66431 72059 42870 23402 43791 22369 7675 20309 2234 55879 14423 49512 72440 20819 
881 52
54633 54963 54425 51652 11280 20725 33669 67609 79687 25988 31964 481 38985 81694 54109 31418 13438 31996 5753 19735 72550 18470 50902 24206 71910 79123 11844 46511 45992 71853 60321 5243 47932 44779 27182 68370 4684 67141 15477 14228 54310 33255 18526 17534 69387 4614 78487 7932 15014 40656 29223 2587 
717 52
41514 53368 21049 18275 39868 31068 83645 61278 34528 33300 64700 40052 22143 41800 44311 50578 64908 73030 26603 51150 28628 30473 54451 25393 52198 15221 52162 6529 893 70654 17552 39067 37024 6010 30347 69597 44074 24492 74984 65070 55862 64800 66023 68017 41161 30657 66343 54508 8396 62567 63487 2076 
2992 53
37019 72266 70893 46302 45937 74418 76299 27517 6055 60623 26866 76119 33336 53767 61478 47892 74101 57089 33047 40883 13732 61131 14425 41023 46492 67848 22806 31804 20534 7444 44811 40760 76093 51162 53964 30104 47420 32969 48085 68463 27985 34881 13687 50476 13425 44740 57946 65177 71803 62053 30940 21309 18817 
1603 52
2256 38255 9381 539 31883 59476 47302 63238 60954 12516 32473 64080 73371 64139 64856 5539 62431 37410 65714 13823 41335 14503 1644 76557 43198 44657 62898 84114 72636 77561 2064 35751 59938 65486 64662 54920 58893 50484 45478 71507 59495 16012 7955 64188 78773 52186 24500 72595 46611 53420 36471 59998 
3028 53
61653 30811 5930 46553 10252 67215 53978 83119 68638 31305 26658 16141 27369 66958 80106 20679 29149 1714 664 38095 53128 54191 55005 66955 36356 71129 18980 52696 71369 2 44277 74264 60 27442 2261 3006 38964 75033 952 61539 80415 30147 52838 17902 32311 31122 3757 73716 57808 44904 61857 42682 33841 
2506 52
34923 7921 48042 32081 30360 14921 73114 69238 25073 65960 65057 8674 76056 25416 44148 34696 52883 43874 31960 66830 22758 71935 18896 10397 81785 47785 38381 72995 49196 69928 58514 29876 39077 77038 53292 70439 52689 28103 2385 44591 8157 17575 5437 12403 78197 51406 80297 72317 9251 44390 11170 19668 
1077 52
2656 82004 5589 63878 50997 902 55864 53703 8684 6947 18273 69092 58129 70624 79345 47686 60304 14155 69322 5509 69194 72653 81042 56702 38744 42939 83084 81749 33461 66755 76669 9390 78906 67701 27932 18370 36815 58832 73394 82409 36944 7047 14867 43275 71716 36422 13516 56874 38298 71722 60569 48667 
529 52
57166 20957 24428 64880 28874 28529 55580 63500 26299 32723 55413 26292 57339 72516 50507 70585 61237 69392 63373 11961 27895 25719 799 32459 75650 18562 42591 21883 31999 4000 49667 7747 82464 39614 7050 68326 5906 15869 60833 54269 80779 69349 37212 78585 48142 54997 54050 57118 13656 33510 61233 63148 
1133 52
25020 32214 75399 53995 7959 25126 32503 48104 74948 27348 54628 41387 8740 2579 42785 39405 42601 29210 38400 80890 74438 3856 65565 32383 82797 437 78923 24636 60850 19556 39503 15674 79633 30312 29890 15626 47256 43237 77003 65503 23298 82806 16255 84235 55873 39897 32642 8302 40986 62603 67034 28358 
1801 52
82447 65702 8734 60633 1097 31310 34646 77969 50969 72858 820 17647 57961 41784 24335 73480 65638 16259 16398 78396 35145 55598 26130 24702 53545 74746 82113 65200 12369 76603 77999 69138 66573 81367 64693 10796 57915 74382 83739 33438 55726 46992 28095 7512 36470 53348 30192 34906 44595 11902 83957 1276 
165 52
65514 82872 70010 61079 52756 67871 80163 55505 15228 3605 79519 13024 71768 14951 18661 47763 17421 79731 65059 53217 52918 56551 7729 60871 37089 13971 77985 76089 7065 12946 3767 80073 17788 44609 64198 22630 16886 42722 5407 12539 37698 39017 19005 34894 43889 46907 10396 28990 5577 39512 82778 5911 
631 52
81444 17013 14332 23067 41645 67793 24892 47734 78999 11118 36080 37196 52386 50133 68319 28744 81483 48170 52338 71291 63175 12423 25651 419 67864 47591 34165 20717 35131 49847 54199 21448 41804 38485 29195 78209 50254 51638 35040 76668 26956 31116 53664 28251 46578 3358 5532 11958 17703 19807 44249 70573 
668 52
26578 9313 27165 69130 9246 65493 56469 62557 40143 22805 17104 26564 20088 20303 62289 74585 21831 62657 57468 36211 12518 69633 81581 15398 58722 33219 60328 50996 56869 61008 68824 77178 14897 79504 3397 12472 46423 43722 19756 75161 44170 74531 78946 70786 33697 21242 36186 37475 70246 21256 38958 9268 
1519 52
43281 23535 53647 36628 81649 24755 10180 69743 60167 81351 64008 51859 62084 15320 36452 29127 14527 52389 21859 222 72107 81021 71263 55085 7081 32594 25586 11487 24059 10194 68515 17896 46518 41329 7186 79760 48079 447 65994 78629 61062 45989 24425 75218 12583 63555 83513 19 74673 32217 12344 11440 
238 52
26392 51422 56437 61270 69333 76892 61558 75317 52073 18675 72391 58154 30829 58716 11561 47114 22651 21746 29659 24986 8482 53206 48539 26796 5565 41075 48184 25078 1675 76623 81024 10990 46193 7435 28677 41540 50333 24301 1493 79539 40993 52435 78440 13294 33831 44187 26172 10951 60460 57465 31253 10090 
1320 52
64873 1239 63552 45773 81420 52430 26295 82982 47478 28549 19130 67721 61185 36048 44889 47908 22773 10761 44177 1109 42336 81404 50080 67435 83908 63984 19180 74654 588 9663 74873 12528 75321 35663 61529 11025 5531 81507 73599 52010 24631 17543 49941 1286 2480 48875 83340 50709 73286 23018 23926 65886 
895 52
81907 58261 46886 68886 62649 15613 75943 75471 32769 34117 81283 28160 49675 74129 57207 24869 62503 32845 38368 72607 52494 64635 73674 61986 68746 33567 51920 14698 80970 39835 74753 11710 56559 9191 52164 2741 48291 77374 35167 69676 82623 34374 62235 61505 13640 37317 70781 24473 67117 21751 78013 72018 
1520 52
77421 70092 47297 22239 5293 77863 13412 6540 82833 15016 68606 43780 20718 43238 48867 50887 60156 35122 40677 11820 35727 24385 48087 10966 31362 2369 47206 28926 26308 24546 42757 50856 8680 44468 46879 47157 41826 49650 66642 30640 58988 14595 60709 53563 69760 80810 1697 16920 80427 32639 68659 7101 
1558 52
67303 8375 24934 18004 65822 40771 14829 42201 37354 32224 49491 22709 24388 82793 75732 34775 9529 4901 61610 69968 46274 39315 68001 43531 18709 76582 3224 33693 60942 70114 19986 32435 18630 51754 48945 14517 12667 51004 43384 83565 15672 29783 22840 63153 14384 65598 4301 82909 31425 28124 57844 24414 
462 52
82546 49823 66569 73008 70414 68978 38102 48593 53768 12298 12724 31595 981 4385 24008 16475 22468 28237 19930 27543 48322 12471 47094 34398 36088 46478 26454 63106 75720 64961 34821 18764 2432 43852 9180 43576 64102 9009 30914 39670 38409 24364 73640 15403 45051 25454 40442 59008 10361 47222 20648 37293 
1526 52
82926 47322 21213 22670 13625 69578 12678 83157 49606 29900 26398 55565 52253 12410 40379 18460 76252 6960 36092 35614 51947 78893 61174 48682 72172 75378 74503 35924 32514 21730 49927 70322 17114 83652 58926 61248 16391 81842 68545 74543 76011 66553 54312 82441 53775 25363 22123 33646 75783 40267 43280 13762 
3521 53
55311 32483 34519 26192 34819 36028 63448 54885 73811 72782 39100 4511 70948 48059 74484 67048 48144 42394 67439 78596 67630 36119 26004 64325 54943 52246 10600 55046 70027 72739 62776 11232 59054 50197 63115 3288 65897 53676 9929 74179 72314 11712 7312 10573 44065 10736 11835 22015 32061 62125 39065 49817 12522 
1097 52
44902 74211 37114 18473 33778 54797 77899 30159 59061 48836 74480 43190 73534 67332 65841 29898 5732 20405 67200 32118 4650 5885 23159 71160 3996 83587 22861 25046 36549 19836 41490 66024 60812 75025 33409 24013 4566 82154 83471 79262 54510 60827 73745 61110 59150 11573 35371 26432 18819 16747 13056 44382 
1318 52
63034 14510 45073 15051 30439 19850 19686 41983 57952 43765 79653 1642 74031 68893 26196 63570 49125 30349 44540 81609 43675 47855 27248 58724 2524 14125 32325 6877 16600 50317 22088 18351 60523 23492 59603 28195 629 29323 32149 80586 58864 35989 57 67674 77227 31597 61127 2168 58607 77677 80022 72351 
813 52
62973 63104 70613 79692 18304 44325 9101 6871 9499 18065 26143 14106 44867 78457 28953 62670 5503 61161 15759 535 78129 36849 83230 594 77706 83675 30604 56153 21149 18664 49349 4274 21276 51361 44349 69040 13962 9848 22484 58658 31166 33566 76808 52054 71662 67538 42450 30737 74229 62301 72189 79060 
745 52
7517 48353 13721 39733 36095 2541 2400 20850 20240 81106 54336 51742 21840 27765 32375 24880 49443 17748 9104 64487 73802 79929 56362 44276 32584 9821 81226 54139 40702 76826 57439 53101 18816 38155 2160 80550 27429 1145 77343 15501 68146 25064 43939 3919 12857 13521 64411 69284 76272 24063 60356 9707 
369 52
18487 48315 39417 57711 48066 39842 74993 11678 80855 62658 5318 19102 31403 63055 53041 44080 39910 62169 60084 64470 37580 61231 52144 28914 76096 4892 49412 20831 46238 75111 3448 57760 50854 51261 17970 24443 32296 47327 42339 1671 32588 62417 41648 13117 73022 33865 37986 25323 35483 69059 71975 697 
2866 52
45053 64732 24801 25089 45312 8401 7781 51991 22050 46037 37116 72369 80676 1821 59147 2195 15622 65368 14835 67177 10860 69836 20750 35083 28573 35424 55160 44118 23127 63262 4768 50343 4626 83740 26471 38593 61741 66931 14296 65403 75591 67174 39660 1437 67111 13708 27987 65592 80405 58744 19942 60486 
663 52
20224 56485 6709 21052 32913 39866 23478 25867 37712 61846 57396 31134 76512 49815 28876 43986 18436 81883 82817 10993 42248 19893 10199 16739 9550 48379 65715 66364 21715 69806 76524 73110 10980 60143 36132 31160 24779 12221 17894 51769 40717 36326 67198 30225 48861 82403 71251 41378 61568 5145 34233 46289 
1925 52
70090 59303 43893 42237 6886 72643 75800 68237 82960 40560 30483 55588 67858 70651 48953 57300 9669 43407 853 52707 58727 58943 9464 41145 6662 30131 75176 29714 76453 32541 28783 19852 68588 7883 74474 82522 57027 75171 49342 30467 74770 34529 84376 48173 14622 25357 2653 5651 69287 66577 68765 50908 
368 52
64024 18469 4167 42646 15013 47434 79889 30036 6509 36308 55853 73468 82243 83455 22039 3562 25877 23917 650 35392 2212 42424 38653 67985 18313 74538 37764 49614 22156 52526 70055 14234 2532 2570 61820 18023 37076 64287 76133 2016 46658 12990 57699 14299 59507 32009 77970 31011 47209 46005 80148 11496 
562 52
70074 47044 64883 15272 17326 66876 79567 68109 46402 73627 69918 61858 82866 50425 24642 58535 78350 17523 60675 27979 28193 23994 72570 29187 19217 74622 77645 10551 63775 39003 54608 47163 82512 1971 69482 17023 7833 44775 18344 47348 81038 5307 76673 60811 40789 80070 78349 28578 8275 17240 56356 78368 
1392 52
29959 68383 1956 49141 37395 59876 32712 75938 71096 40972 34555 46040 28922 69790 20586 27447 59505 21671 34865 36818 65421 66016 41422 31830 72033 53477 79222 15914 77638 16001 42798 74203 6437 64475 53608 80622 515 23021 59396 82718 4023 33524 28219 64081 83507 11793 71747 84294 11632 40646 3548 78973 
