44
4339 13
54978 64945 62462 41347 22646 44845 70789 85276 24116 88856 91095 5848 32177 
4560 12
83285 28584 51108 50511 8362 54975 84720 85716 27796 60778 39911 20070 
2459 13
87376 21880 47237 23204 29424 63896 20641 17044 79428 54956 24541 13419 96534 
3299 11
24671 56262 81420 55481 80691 94995 36817 99847 16679 3057 90334 
1201 11
88058 24821 5401 86992 72553 24137 67444 61506 3977 55172 88158 
2826 13
72601 95089 96964 92918 36410 47837 87544 25082 52514 79158 48983 8946 69115 
2324 10
88657 83565 63450 48537 28638 75716 39097 28285 90765 93541 
5705 13
72604 90629 26096 34349 90000 7947 76297 2491 22967 68997 30012 45190 67250 
464 11
6672 20889 42189 74480 98871 71504 45242 83570 50053 51358 11811 
1743 11
5412 93128 3500 5091 42349 55896 67260 4371 99165 46934 66444 
8189 15
46951 39399 68320 34976 23565 76767 72534 50114 83241 43474 99779 52333 41831 99171 68927 
1522 11
76409 99023 9399 3061 76043 56980 76636 43801 86844 29457 60813 
294 12
65526 12422 73527 40247 60847 33499 88870 48483 4271 65159 982 8967 
1234 12
67963 28666 26636 48022 46971 81603 6584 71561 41037 70946 10660 38747 
6820 12
1083 76610 53625 42858 84790 30614 79094 19536 95035 87651 66839 63683 
6353 14
52557 66031 32361 69290 70233 23003 24201 68763 17931 40270 81825 73403 33843 54398 
8836 12
66914 34398 48288 20696 21801 34370 83392 41959 90683 43569 15738 35154 
5801 12
576 84255 27817 79955 43194 41303 56472 61184 81905 19571 4207 49215 
1079 11
12627 55760 69400 39509 78494 61546 58986 76118 20416 47731 32633 
4790 12
78616 87547 96672 5375 17731 72219 87093 19355 39250 73032 88375 57252 
56 12
18581 7864 86884 69560 65609 90134 831 26260 56784 65855 3741 94598 
967 13
43958 50770 59688 42243 59373 88917 68733 50859 34691 53604 2227 56197 81602 
2343 11
34135 34662 45655 53829 37852 23670 87220 1517 48456 73781 82698 
7758 13
54752 83404 93538 94145 91562 1648 53149 64580 24811 57646 43456 77571 63628 
6905 12
57731 87278 849 11559 66405 81793 52165 58556 50131 95954 88282 66219 
8591 13
55540 97785 5650 12922 41883 26543 94082 21172 55122 31096 45813 67012 31741 
2505 12
38734 69632 8522 44254 74043 64195 63583 44243 17326 87822 58451 15331 
5484 13
41956 67742 48044 93259 65291 11874 24687 20385 91492 57886 95342 79038 98999 
2649 12
55972 44877 71014 64490 16976 60126 34563 39483 32234 69137 39286 47218 
2054 13
31064 70306 60648 2602 93871 1690 93486 33493 73159 4067 93012 92419 19278 
4187 12
9834 8277 1339 98400 40629 76175 72752 72998 71709 1590 10178 41684 
1826 11
25153 20098 87915 96878 70792 24248 37845 50860 93759 89164 43392 
2600 12
12180 12318 24934 97396 10343 40250 51405 46195 32248 15643 92259 28876 
6090 12
7648 53388 61558 58621 11088 77071 51024 56706 24506 71118 33312 2712 
5842 12
87618 54216 44404 82407 88597 45441 72685 75845 51040 76568 37727 32933 
8556 12
79296 43634 98306 12040 24451 80070 42004 423 44697 82551 60269 36533 
3279 12
79819 40037 19293 80330 5348 30619 27174 28743 44019 51605 89943 73861 
2580 12
35286 54062 91418 72611 87379 95671 65374 30493 13021 81489 41411 67746 
3935 14
13426 59462 75879 92101 31194 34895 92908 41511 58408 53250 4097 68912 32388 4860 
5342 12
31244 77991 50892 79227 52737 32982 26264 87235 17878 15892 9831 6340 
8247 12
24076 21250 42630 33551 77381 82259 83309 14494 49352 42345 85825 67282 
6014 13
3585 90355 79457 7222 75484 16632 25008 38574 55588 16182 17563 73511 88488 
2678 11
31418 31972 92989 97905 76716 45333 51878 26629 83142 61902 81499 
5572 13
63853 69951 76779 28038 61978 50341 19011 12798 76065 17938 68246 45796 41192 
