111
1325 2
18541 41943 
670 2
40520 18706 
12674 4
27526 47299 14988 23909 
590 1
32710 
7812 2
27514 11200 
2509 2
25918 47925 
12865 3
38128 9257 8605 
3646 2
15797 20198 
7778 2
27166 12070 
3600 3
27591 47818 37550 
4475 2
44195 24709 
620 2
17864 7826 
1227 1
35471 
4427 2
29225 36560 
1569 2
37479 8248 
1991 2
7484 9908 
776 1
24529 
10238 3
40689 29667 41332 
2177 2
20559 39589 
1860 2
5715 21263 
3418 3
3882 39749 16334 
10575 2
40933 20651 
1676 1
42741 
191 1
27590 
8649 2
22595 7810 
1774 1
33228 
10693 4
6381 16434 14212 52172 
756 2
10845 46640 
238 2
28214 42553 
7565 3
39403 24084 26669 
8018 2
34206 3833 
453 1
3254 
1045 2
7244 11908 
1326 2
10949 2282 
11915 3
6383 7069 3404 
1882 1
49234 
4781 2
2624 889 
6064 2
48613 51125 
3429 2
18543 37685 
2008 2
16161 3549 
1528 1
5947 
8324 3
31650 33842 38243 
694 2
42588 34683 
5725 2
12456 52180 
395 2
17584 13917 
81 1
47958 
10872 3
33992 48774 35139 
2024 2
20165 10635 
8600 2
47374 50812 
1802 1
49626 
10027 2
6229 10486 
6426 3
39761 27914 39007 
5869 4
6924 6858 12576 35358 
2158 2
803 599 
2109 2
27729 39398 
1183 1
23767 
12528 3
34366 48534 16381 
8091 2
32774 5881 
929 3
35550 29005 24974 
7214 3
14560 37023 40565 
4463 3
40371 50890 6021 
3139 3
30318 12120 9087 
868 1
16081 
10877 2
7696 7285 
783 2
44930 10144 
11349 3
12680 36701 50059 
1642 2
45548 11032 
1625 2
25152 29339 
11544 2
14354 8735 
3176 3
6 18312 29061 
9834 4
40698 9004 52182 48562 
2032 2
30542 11605 
375 1
29443 
408 1
40716 
5453 2
27279 13678 
2677 2
50678 14846 
3816 3
49550 19512 12438 
2044 1
10374 
3080 2
4792 5990 
1537 2
24683 42980 
1243 2
22332 17346 
13125 2
19075 1082 
2056 2
51268 19871 
2003 1
20360 
7499 2
42135 19223 
9025 2
34628 38564 
778 2
14878 43290 
7502 2
15305 6339 
6185 2
31344 41472 
7015 2
17718 40496 
5165 2
15654 13684 
12027 3
28099 25387 27146 
11144 3
41209 45827 16466 
9585 2
48196 17675 
5383 2
26548 21185 
1889 2
28447 47551 
12000 1
2448 
2478 1
32289 
571 2
4444 19392 
5053 2
36064 15326 
1917 2
14137 49092 
301 2
31280 49950 
644 1
16494 
2077 2
19009 31614 
603 2
47472 37427 
1865 2
3442 10015 
260 2
37032 3013 
1186 1
23407 
1208 1
39797 
3663 2
40527 20200 
194 2
18833 26533 
