109
9522 6
5745 7475 61860 20988 29633 60058 
1824 2
14671 55936 
4432 4
15366 72512 22537 20323 
3948 3
46383 27154 70040 
6566 3
71762 70000 68962 
1713 4
59416 13184 43938 69501 
7285 3
4365 53192 25526 
858 3
1872 70405 38071 
4685 2
44503 51042 
7783 3
16392 592 9705 
5441 3
28173 743 41348 
2010 2
3195 15812 
1022 3
33551 13951 1878 
2913 3
47458 16411 50418 
52 2
38724 57999 
764 2
37442 52947 
343 2
56452 35255 
4107 3
23887 54599 71202 
5696 3
62117 37032 29912 
22 2
53654 68364 
5051 3
38324 31345 67692 
1054 2
71373 28187 
3972 2
29063 34598 
1259 2
4909 60805 
6020 3
3873 57247 60144 
1532 2
47178 56297 
11345 3
39431 28614 39902 
4708 4
1861 18752 73758 35830 
323 2
18367 66928 
5237 4
11498 32986 37506 13545 
4821 2
49904 21215 
3053 2
31437 58122 
5266 3
41509 32212 23458 
8390 3
14662 4103 15629 
5097 3
55124 36015 73347 
5333 4
72034 66709 36673 72458 
744 3
72824 36511 16500 
6429 3
61877 13243 4294 
2701 2
2533 33213 
8292 4
56631 34021 26427 46278 
1632 4
1604 18300 26768 22667 
2878 2
68698 50650 
3229 3
22157 19363 16287 
2869 2
39003 40033 
3974 2
68354 11447 
6056 3
16184 50994 34650 
9902 4
60813 21356 70874 273 
1111 4
42221 35746 8272 45543 
3653 3
70115 40481 54574 
4454 4
33811 57246 2523 47954 
1844 3
51244 68647 63145 
7982 3
19553 32897 22153 
6878 4
35328 19641 55510 9200 
1030 2
62166 29242 
5143 3
14674 57909 5903 
10260 5
43802 46795 75049 24443 63462 
2309 2
33263 32746 
8497 3
26743 67006 9288 
3483 3
69097 38385 38728 
5690 2
51070 63368 
3026 2
52921 28493 
8589 3
10216 21663 41404 
6877 4
42190 23667 35600 65758 
2918 2
25396 69715 
6837 3
43353 20486 40500 
4969 2
72076 20682 
6268 3
74054 42401 23451 
5782 5
60509 6415 39320 63331 65440 
3985 3
15179 55025 10247 
3807 3
71627 21447 66252 
10443 5
40291 49780 5872 8479 66446 
1257 4
57583 28615 11407 5364 
4700 5
54280 51727 25867 67894 39675 
2636 2
4465 34962 
1434 4
17448 73306 3997 52494 
579 1
32699 
8 3
59643 12388 37747 
1285 3
64653 2993 46755 
6003 4
4643 19019 26117 29041 
6849 3
42836 56376 39203 
469 2
38354 24192 
6316 3
18928 31921 73555 
2922 2
11968 58492 
3866 3
67135 33117 4373 
4686 3
42222 60221 40338 
3484 3
38007 28139 58784 
3176 3
41711 71461 53967 
2639 3
23537 61250 74208 
4109 3
64608 68408 55484 
8101 5
53507 35959 66676 33991 57219 
3513 3
64626 16073 28338 
422 2
31111 50231 
3429 2
61820 61675 
53 3
46860 58318 5501 
5434 4
22627 46901 58310 33907 
7508 3
62604 6611 28197 
3773 3
21019 47096 17077 
1212 2
30781 20023 
2803 2
632 7832 
11250 3
62403 18960 65126 
5656 3
61243 55562 11094 
1024 2
33809 44117 
4455 3
61836 8913 49370 
3126 3
24876 69164 28336 
5921 3
17311 19936 62046 
1171 2
23581 35735 
6625 2
40250 50362 
3534 2
57203 60573 
5645 3
14692 51573 39430 
