26
795 27
61394 72328 7417 88576 90774 19082 47031 90147 66681 86779 48938 3127 72760 21226 9441 83365 75887 65706 83864 20772 27295 1247 98183 39747 27002 21932 9815 
251 28
17112 96606 63498 65905 58100 94121 44412 40629 22638 56584 20546 6086 69608 72161 22255 89098 83501 49683 2367 64492 91108 50912 6757 79450 82480 86787 27335 22755 
291 26
8068 12146 38932 83144 67772 37748 52345 76357 82779 90495 37212 53473 6929 42673 1152 3969 29932 77194 20138 45928 13807 75036 67155 75485 68192 53043 
1001 27
22271 67854 46101 48246 81325 90312 54913 58155 29499 50815 90472 26909 29308 5320 57234 7555 54366 43996 55925 39640 17962 37886 77065 80725 51482 31008 83530 
577 28
27176 6254 99122 73794 34905 10347 90467 52054 50410 23074 94764 50387 76219 82317 4244 93392 64442 16769 93209 20636 37423 53610 4176 27665 44081 45470 63747 90641 
671 27
62362 34376 65240 22938 10740 73393 78927 567 5380 89048 77764 92471 62281 52277 20417 33631 65246 56667 89933 53285 90416 38021 98575 88097 52032 38396 50790 
295 28
39372 76618 16217 26128 37054 1141 56435 98039 11809 63491 72130 35109 53624 55189 1406 22381 80898 58189 64620 69024 48202 21883 37520 31742 59514 34713 59529 56837 
611 28
47882 28220 37684 14850 30998 52740 25376 51221 22335 95452 88737 6325 18820 68439 46030 56828 64543 74003 41775 81522 58859 58144 6754 59083 33217 40904 33912 77639 
816 27
47979 2103 12594 12573 5189 86434 64599 39675 54609 73408 9864 90633 69053 44981 70649 51116 2839 63005 69025 15602 10046 31880 8787 10308 95217 54729 65182 
846 28
39291 75812 21804 82476 42227 23314 15022 76104 70552 95588 23060 35001 95617 70180 73214 3763 7231 37857 56996 50826 37425 88557 42564 95187 14665 51704 27582 58868 
24 27
5276 9283 77667 55661 52321 65127 6646 94180 73505 52052 77317 65337 96013 70441 61825 79574 18814 65821 48272 28507 10480 62593 74490 99171 12954 17556 36017 
529 26
2601 6690 42050 41688 96288 14088 66434 66644 59359 19729 90444 25618 17284 22716 52944 49688 18487 91856 16937 39091 82646 12431 95076 62367 45064 94897 
66 30
59709 73337 78645 1940 87350 47650 67361 98928 33737 37798 89864 22763 35601 59670 93338 7455 93357 40130 21873 85324 18164 1428 17578 71990 57772 59278 41458 84740 39302 59345 
1053 28
91610 79589 36271 80013 28455 45512 88458 44071 82140 5289 67063 69169 26174 88051 27026 78355 20819 73896 92142 90818 77232 89773 58501 56604 54356 53543 64531 54017 
236 28
11693 30077 20362 86647 26759 20412 15228 63983 8729 44079 90554 12549 38131 3505 77524 86512 56495 54510 26135 28248 88640 9425 47489 10300 23735 76615 52651 32344 
1144 28
77565 82573 63875 84041 66279 83496 97946 42688 93494 93891 28288 66768 98670 36348 98970 26017 98988 77513 15872 80038 68804 63086 84239 96111 96091 30335 72091 2147 
1114 28
46930 128 41535 308 26733 89869 33853 36676 12376 83934 36517 35492 32155 43142 89738 680 8292 75084 81571 38390 20912 32437 80433 15339 83180 8042 5206 30943 
1112 29
42480 75548 58056 31749 4666 53003 60747 79175 48806 74531 95966 81198 54569 66133 19824 65563 1159 20924 6222 48051 3038 54192 64054 20066 28498 14586 22916 82645 81190 
707 28
91430 46860 23702 11422 82613 60692 33985 95017 92311 37207 45805 67567 60769 42694 88796 27443 15969 29870 84282 39693 7057 20651 78896 90338 35246 42740 92219 90795 
1143 29
69068 40896 26522 20082 3560 77818 12297 38856 3776 85417 57441 71861 62475 27747 23053 30187 60553 33670 87095 22836 67256 61137 62728 45977 30107 90172 88981 63199 5662 
468 27
67875 82607 2187 3627 37947 19462 43021 13377 31368 96396 97567 35397 54036 27640 57757 93328 68777 99541 74195 19557 83684 40637 99013 43615 35862 62346 60713 
95 28
80219 56839 58762 60680 335 83812 45138 79129 74854 81556 3817 81532 26328 36279 86320 97392 68407 96401 24272 1699 26509 39232 62726 80176 6781 17574 97656 70492 
1188 30
24240 64982 73798 67119 61853 22560 10158 26587 18017 72209 42005 70363 50344 53756 76401 76088 88979 33539 48227 91971 18158 36746 1411 63673 66241 36669 20477 49351 38998 86911 
312 27
8759 34212 22802 7894 2842 66036 28484 36977 69760 6714 98974 27394 64805 62146 41761 74061 11837 78151 15717 10403 35095 75498 9433 9335 81624 33454 77555 
113 30
45753 27294 12635 37778 8913 62217 19138 15362 93322 63311 26614 86867 40148 57464 84320 80678 93600 21052 83915 87303 95358 91790 22144 60038 86038 60102 57581 69445 27499 55333 
357 29
34433 40649 36063 85835 17444 67154 26487 17769 49055 40761 12829 29557 14323 94490 76272 54976 57228 42730 97072 98803 58757 65589 69671 85118 49165 12485 26378 18825 95440 
