304
496 5
19152 5061 25218 15721 14435 
2577 5
24423 9680 2503 6106 5931 
2145 5
16405 18926 1293 11699 1958 
2479 5
16033 6155 5647 19290 4330 
3835 6
18500 23497 1004 10648 19910 11144 
2303 5
10572 13166 8170 23798 10152 
1681 5
6336 7377 20600 22478 14930 
2696 5
20956 17770 7046 25749 17525 
1212 5
4321 3956 19490 20882 1111 
1161 5
4905 17745 5035 7552 18874 
2383 5
21851 2168 18217 18484 24827 
533 5
19552 23590 23454 11800 4435 
4076 6
15330 11293 16262 25270 6220 2499 
3693 6
7165 9799 25762 180 12411 12044 
741 5
4009 167 14028 7958 7037 
408 5
21809 7891 6298 23723 10884 
1168 5
9792 6362 10759 12010 12299 
1734 5
18049 22860 8980 4272 16156 
28 5
16317 5814 17112 20599 19172 
666 5
1024 17241 11743 18599 12056 
3528 6
25384 1057 5568 17570 15028 25470 
3872 6
19536 15778 15017 6115 25734 5901 
3501 6
6668 23045 16682 13765 1387 5467 
2089 5
10217 8605 13430 3548 15377 
2468 5
4084 6472 5637 16275 10011 
817 5
24087 6778 11576 24120 24403 
3053 6
24820 19329 16889 16995 18760 10806 
574 5
25298 10429 18591 16503 12537 
266 5
16565 18741 13589 21601 16087 
2935 5
15013 25552 25710 248 13560 
2150 5
12451 10244 2434 4482 5625 
120 5
4918 4584 15497 6989 9146 
2486 5
7703 10734 959 1040 6140 
717 5
21756 23174 14370 15397 14767 
4118 6
2245 2330 23208 24343 8230 17613 
1619 5
15213 1466 10873 14072 22566 
1101 5
4196 16647 3770 5626 9158 
1398 5
18975 12954 198 24462 25832 
2551 5
8114 4237 23373 5463 11169 
2054 5
6482 4889 5213 13493 2353 
2200 5
11303 14446 9835 19046 14566 
368 5
18735 4931 21375 20154 5949 
1957 5
19600 21685 17911 17132 13130 
1918 5
7498 7924 8667 3705 11195 
3184 6
2077 12667 1052 23485 10954 842 
1564 5
18245 11508 13512 12246 16949 
3989 6
3968 25560 16803 5496 12838 22409 
250 5
19523 9425 11009 9683 6811 
911 5
9584 4143 14116 1518 12322 
2220 5
20383 8162 23524 5192 22222 
2439 5
4073 3238 18277 15079 3904 
1121 5
18075 25669 2982 9557 21356 
172 5
7982 19949 9038 24154 16821 
1512 5
9239 11242 12308 18957 1044 
2313 5
12558 15798 22741 20943 21267 
2857 5
12766 20135 11276 23447 737 
115 5
14556 18501 23521 14563 20153 
997 5
17462 23527 13110 18621 20337 
302 5
279 20933 21744 7558 6060 
2151 5
12248 9188 24639 24591 4633 
1965 5
14498 12646 14732 19774 25367 
1891 5
9000 15218 2483 22337 2484 
592 5
23738 21746 12430 21164 1494 
637 5
14783 3839 13696 4901 14256 
2569 5
22280 15605 16443 20198 6034 
1605 5
674 1413 4783 4643 23917 
2420 5
13170 9183 13704 25839 18870 
109 5
22134 16699 22876 11497 19180 
2453 5
25102 22829 12087 19098 18826 
2405 5
14533 12663 24321 12806 206 
3763 6
22921 25103 5117 5323 21881 17678 
520 5
23663 1425 12955 22281 6198 
1291 5
21657 807 17476 23171 24598 
1877 5
554 16604 9315 1568 2093 
1250 5
21684 3468 23169 17168 15041 
2481 5
5000 9637 9810 16368 2844 
1450 5
13141 15770 1589 22847 15444 
2445 5
13465 10216 3334 14353 3169 
2027 5
19430 8251 6969 6039 12092 
207 5
8781 22763 25601 23109 4136 
1993 5
6306 9463 25131 15479 14390 
419 5
12159 6105 669 19974 24013 
3908 6
982 12032 20273 12486 24400 7613 
3613 6
8651 10238 21091 6608 15637 6817 
22 5
2805 14698 8903 19981 13875 
540 5
20371 4049 10177 10882 14243 
2348 5
12957 22136 19692 4933 25292 
3316 6
18103 673 25650 8985 3092 22640 
2358 5
20789 1627 6606 4101 11482 
3131 6
11426 21480 1210 558 19675 21972 
410 5
3702 20096 5721 1232 9646 
643 5
18620 1611 16358 13114 3280 
3468 6
14591 17118 12898 10112 24222 24111 
794 5
22374 13795 21759 23009 25156 
97 5
1618 16390 382 17261 6736 
875 5
17956 24785 23304 12294 18855 
137 5
2379 25786 18496 19316 20815 
2809 5
11601 22851 1482 20484 3030 
1913 5
22998 25179 7470 275 3266 
1328 5
1860 19776 10008 19405 24516 
1400 5
24694 23468 11770 25158 7767 
3387 6
21538 11417 19680 5691 5331 15133 
1972 5
1664 6169 972 3256 3342 
4077 6
2478 18115 209 6320 5336 6352 
3594 6
21425 5020 16640 17301 21822 24954 
3814 6
14593 14811 2160 421 10659 21335 
2199 5
2128 22961 13479 6985 16935 
300 5
25716 9622 12045 15656 13711 
3551 6
21135 7081 11325 3225 8262 10070 
334 5
15141 21780 11995 23751 10454 
1747 5
1488 22256 19217 8845 8907 
1903 5
10076 20624 24556 18140 7888 
2247 5
5673 6941 18824 579 7596 
330 5
13908 13615 23453 20118 6671 
3321 6
25434 1794 21385 22609 5648 23066 
1845 5
10247 18614 407 18835 2144 
1801 5
22612 12137 15616 3055 9008 
663 5
620 2040 4390 8551 19235 
2376 5
529 19807 4396 16913 20334 
3020 5
17097 24022 16049 24146 5778 
650 5
7211 11147 2221 1005 3917 
1745 5
6765 12624 18961 6592 1723 
4079 6
23203 23984 1209 13550 25630 16444 
1590 5
6728 16950 24615 17270 18857 
1579 5
12200 5675 21470 602 2290 
1119 5
22873 18101 18005 12033 12233 
778 5
17230 13673 13812 1765 21248 
1478 5
13590 23788 23002 9508 713 
153 5
8372 2146 8169 22990 3388 
3269 6
25134 1374 22556 16347 11748 9253 
968 5
1066 24939 7932 12520 6285 
3742 6
20865 8055 6297 11331 1031 493 
3917 6
8527 11930 9991 13557 2741 445 
2126 5
4737 3020 4175 17534 19961 
2306 5
3254 24673 6587 14291 17326 
3898 6
2526 14455 15896 20241 9908 1960 
2078 5
836 19233 12378 4814 17191 
3346 6
6411 14355 14560 6366 8477 34 
2773 5
23747 9918 4496 9749 22525 
1379 5
24081 11607 3343 16362 5152 
396 5
15565 11902 7195 5479 19146 
2659 5
3727 5275 17318 14084 9497 
860 5
24035 1373 17808 13282 378 
1514 5
6949 11364 15177 19566 2142 
1465 5
14513 5431 9440 11616 23702 
3530 6
1240 6477 22480 23905 9059 22241 
2291 5
12017 2172 12241 20090 3047 
1310 5
6611 13225 11315 23463 6864 
880 5
12409 25551 21441 25858 6789 
40 5
16105 16901 22114 9666 23934 
2333 5
3836 4133 6681 5998 22322 
4112 6
15251 16421 22029 24723 18725 15245 
3604 6
19828 10758 15774 16804 8440 4850 
54 5
16774 20445 6670 5289 11384 
1854 5
17123 13461 19337 4624 22890 
1923 5
19280 15252 15626 13468 21341 
1902 5
2264 1579 10527 5897 10611 
206 5
3442 8792 11473 14 20026 
687 5
25462 17198 985 25604 4851 
664 5
12422 11896 7024 19342 24775 
2084 5
9496 16268 10376 18476 22342 
291 5
22973 5252 24054 5341 17637 
1091 5
8373 8783 18350 9396 6338 
3496 6
11766 1393 8181 2916 19437 12026 
1680 5
14757 9868 21340 5576 4521 
2953 5
12281 18843 13153 3109 7684 
352 5
21216 7946 22651 6653 4193 
1207 5
17997 19376 1800 16495 17246 
315 5
15756 17805 12184 14656 18706 
3562 6
18700 3161 8380 2648 8407 17384 
2954 5
20280 3028 9483 24506 3433 
1205 5
5371 23361 7928 21108 2415 
1876 5
1886 1834 14642 13209 4275 
2351 5
21125 6677 24783 19064 1744 
1183 5
18803 20274 24641 3760 20182 
672 5
2827 24758 20175 12230 9753 
4100 6
8677 22059 13175 10833 14481 18953 
3474 6
12441 11131 10263 15260 7991 16002 
3056 6
8621 23215 3046 21200 22646 17325 
2665 5
24922 18506 12922 10542 5833 
1222 5
885 23853 9909 7180 15435 
846 5
16481 19415 19170 15587 4673 
2747 5
20058 2475 25166 15553 23467 
502 5
14470 24929 15234 16170 4083 
3502 6
20082 2224 25522 10842 3812 24245 
2063 5
13120 14534 16056 20585 10980 
23 5
7801 8695 24635 14488 15811 
3684 6
7394 13828 21098 12597 24315 3480 
1314 5
13910 7812 16120 18854 14299 
2458 5
173 12231 2983 6020 17764 
3518 6
623 20695 9145 15529 917 24432 
37 5
10613 24957 24074 23526 17854 
2929 5
25535 14673 15951 11877 6010 
3012 5
6528 5162 17758 14487 7208 
3842 6
21902 2342 8793 25234 24573 16409 
3574 6
2824 18647 4738 3529 21028 21354 
2117 5
21401 15343 20965 20489 2883 
1248 5
25744 17103 11095 8082 3620 
3035 6
5819 13003 22684 1265 995 12182 
2419 5
9410 5448 15164 7483 23915 
2633 5
6422 20257 17711 13408 18932 
1303 5
14130 21364 2507 21730 24301 
792 5
9989 4588 5435 14761 7988 
2361 5
17115 13026 11773 3450 24892 
841 5
4387 4962 17490 9608 215 
8203 6
19508 19829 14416 15078 8172 25549 
2743 5
6059 4038 14583 9368 7943 
1856 5
18227 24895 18313 6465 7320 
561 5
23060 2180 2879 15996 23465 
4013 6
11060 12210 3531 12966 1608 22236 
225 5
18582 15677 9288 3056 25060 
4139 6
13291 2018 15926 8286 12654 18651 
1870 5
2042 14995 9849 3303 15363 
2224 5
23627 9073 8772 25231 1976 
3210 6
9534 1071 22659 25142 2921 5357 
2229 5
23482 14751 25344 11225 25685 
4029 6
863 23272 8509 9103 23721 21158 
3048 6
19271 4896 13604 19525 5161 22504 
2550 5
9512 17000 23583 13483 5233 
3694 6
16448 2079 12101 6491 15894 24118 
2186 5
22822 24280 18328 1486 6200 
3372 6
17569 23137 23550 2863 6077 16044 
2292 5
4013 5960 10435 1008 14106 
219 5
6929 15121 7789 13242 14400 
139 5
13133 18414 1605 24487 12155 
3117 6
9177 16032 24322 10303 311 2591 
2541 5
19754 15493 22826 12102 17310 
806 5
1544 10660 11459 1029 25745 
1464 5
19548 23654 25735 5316 1114 
796 5
16131 8007 11589 483 6688 
4042 6
8676 13693 22878 21434 23665 7380 
3152 6
7686 3105 8059 10096 23949 23785 
1540 5
17877 23691 24773 21161 11975 
1393 5
379 20148 9737 25619 17459 
467 5
14064 13015 25733 7230 17641 
144 5
896 24098 25251 19520 7978 
2910 5
21676 6535 21877 10640 6876 
1935 5
20667 10417 6895 10765 19347 
774 5
1530 8026 2962 14639 5910 
221 5
14244 12390 1689 19532 22683 
1797 5
20471 1715 3493 5383 3019 
679 5
24225 12295 23227 17753 13390 
2258 5
14844 5298 18744 12792 18865 
3493 6
1199 8959 4030 12931 14245 7494 
3286 6
11264 18858 1817 11809 1997 20375 
1154 5
15822 23475 22901 21469 2279 
4035 6
16543 7295 6712 20111 5832 8583 
1013 5
6058 22639 20980 21519 4618 
2837 5
5602 20304 14171 3519 5874 
4086 6
3008 18772 15499 9857 15333 15766 
1644 5
5299 2254 16990 12798 7262 
2617 5
8016 24596 15114 10371 3518 
1463 5
13703 13276 21823 15977 13720 
2460 5
3400 4177 5779 13573 5858 
2378 5
9313 3631 3746 22891 22700 
1280 5
7556 21733 7515 14303 12397 
2021 5
24796 1653 10756 19041 7272 
3466 6
24214 20857 23707 7844 8028 20041 
529 5
6965 18447 25645 15040 17259 
3820 6
10013 15263 9657 15074 15734 15899 
3892 6
17812 24930 1814 8700 10329 16770 
290 5
12820 498 3578 15613 23349 
861 5
13455 10455 22476 4748 14276 
2958 5
25576 22862 13520 7382 394 
3688 6
19368 9076 8622 20754 3317 9976 
1532 5
8422 20657 1230 25621 2737 
56 5
8947 8357 22249 13347 17798 
3019 5
22314 17093 12881 24005 23700 
958 5
1104 15071 15364 12292 7698 
1058 5
8612 18943 13202 8828 12780 
2231 5
21134 15930 20655 16377 196 
2719 5
16330 10132 13235 6427 18796 
3556 6
25025 23863 25085 8870 17645 12058 
1070 5
6006 22715 16502 1229 18066 
1435 5
13101 6920 4187 21842 1660 
2599 5
17505 22070 22109 11532 18891 
3004 5
7952 23902 5640 5905 25409 
3457 6
19656 5651 22941 1266 8671 466 
412 5
3633 21044 3224 20947 18093 
3075 6
13970 183 7245 3695 15410 12729 
4128 6
3166 13398 23292 12649 4218 23064 
2305 5
7454 5565 17884 7087 20911 
89 5
11097 21806 20483 25391 19284 
2212 5
23021 16638 24817 19266 1212 
3546 6
3193 15311 2453 2924 21352 20095 
1685 5
13731 7577 15794 23584 7612 
2116 5
24125 19259 19032 19000 19279 
2888 5
13598 1643 17009 9360 17784 
2046 5
2239 23774 21138 5856 18344 
1325 5
18266 19395 1756 24836 24220 
4080 6
12004 1631 22426 5103 6615 23918 
3595 6
5344 25082 141 5203 12103 13423 
1651 5
22112 3934 3318 5271 12434 
3961 6
18108 94 11487 25485 5608 10198 
610 5
5153 25477 16419 4642 8173 
3712 6
7830 4301 7327 5102 12099 8224 
1008 5
6188 6391 12116 682 3752 
2848 5
16637 370 14058 3065 25067 
2381 5
5591 7610 3932 16355 11029 
1186 5
21754 6543 4689 22454 22582 
494 5
16799 21722 6441 18841 5527 
2672 5
2939 19469 15506 8309 8292 
1179 5
17369 13972 7937 13689 15389 
3833 6
5707 5713 15475 21545 23192 5745 
