14
740 14
45991 68859 99328 20760 78398 3439 73122 73786 10864 52785 16787 19137 83746 912 
4619 16
62281 56251 13549 95929 49845 16200 79025 5312 3236 20769 71872 30822 41476 73692 9382 45654 
1399 15
46521 72569 81293 8878 8618 38878 70971 15918 17142 82976 6340 67991 29183 86383 86296 
450 15
46799 15057 66261 20315 39373 93074 67298 15228 84052 34361 55838 79949 16179 67201 79186 
223 14
54513 45162 30890 18450 48429 14634 64487 46437 33494 61792 61444 93798 58876 53911 
3138 15
83126 14333 75156 36983 87598 52671 33620 24257 85313 39579 37225 21933 92260 27395 51056 
336 14
29756 68309 32594 31695 92699 30939 93878 31527 18202 18351 73760 49120 83287 80201 
4026 16
21026 1788 7756 1036 69581 84133 36885 50807 22932 7499 56586 66393 5655 4556 41660 51102 
4306 15
59141 55852 33157 19362 79582 63318 64428 39625 41275 81408 31513 1530 49052 8203 95763 
469 14
34641 83503 1014 93633 92108 24005 62974 29398 9084 20026 41358 88872 67082 34330 
3639 16
31991 99603 35580 6266 20108 2012 61960 27202 42881 14364 47189 9551 60872 21792 93824 52197 
1950 15
90328 99024 52185 60895 85612 89321 9340 44919 24016 78673 16421 88573 57263 87665 95024 
25 14
10882 30190 75270 16618 56610 74603 92866 18042 26502 17612 5995 19880 52311 26005 
153 15
50879 36191 84755 1079 84950 38850 58573 44266 75836 99817 33358 83806 69898 1831 14379 
