228
1378 2
67714 52434 
5023 1
93190 
1615 2
12312 95139 
1676 1
95530 
4770 1
14865 
3677 6
67153 84018 79128 61648 26524 26989 
2153 1
85599 
4616 1
19244 
1104 1
33451 
3186 1
75184 
2380 1
77289 
3640 2
82933 69056 
3651 2
72659 78619 
4762 2
29334 18796 
3327 3
39579 14078 48398 
4364 1
43745 
963 1
87972 
4524 1
52052 
4115 2
76032 19971 
5011 4
8625 29717 56771 76337 
4495 4
76341 56068 74574 99210 
1951 1
33997 
4800 1
76660 
1320 1
81905 
2667 1
53960 
2187 1
84226 
3321 2
33282 32540 
3028 2
76008 40712 
4769 4
15418 97652 66832 4914 
3346 1
56054 
358 4
34934 96017 52319 88778 
1569 2
66941 20808 
1099 3
27610 31879 69207 
4062 2
56035 60991 
268 2
40917 19856 
1260 2
25921 37935 
3041 1
43335 
4749 3
43948 66767 91284 
4780 5
24549 58833 53165 22649 60382 
3361 1
99740 
3613 1
17232 
5039 2
73451 25116 
2720 1
47317 
2788 4
11887 10131 66290 82168 
4292 4
61320 58171 14465 95283 
104 1
45668 
914 2
8461 79692 
854 2
67449 87119 
5041 1
22462 
3625 3
16654 36725 56902 
4284 4
53906 38563 20840 27462 
4737 1
32831 
500 1
43618 
4880 1
437 
465 1
97418 
4276 2
22673 57035 
2301 1
78251 
3925 2
3874 96082 
1584 3
4355 50085 87477 
3093 4
83827 16696 22818 61783 
3226 3
88012 20333 4313 
3385 4
19221 50565 95148 63222 
1920 1
80444 
4414 3
27707 53736 29895 
1076 2
72024 12482 
952 2
79333 61201 
4291 1
29017 
2730 3
66990 70622 9755 
4635 1
81915 
1568 1
57808 
5017 1
19796 
2620 1
34416 
707 3
54671 12480 5638 
4816 1
68623 
2830 3
23790 29894 81879 
2940 5
43232 96883 14834 90068 94857 
1954 2
62744 26402 
3215 2
76537 90456 
1410 3
47974 72807 39762 
4460 3
46674 96095 39187 
4164 1
85479 
4828 1
27900 
2094 2
16990 34359 
3227 1
27083 
3119 2
61403 24181 
2804 1
93285 
4274 1
98387 
1355 1
14224 
4309 1
81087 
3030 2
25146 45712 
4079 4
43994 94971 99991 28037 
2207 1
38205 
4858 1
77214 
4171 1
70304 
1473 1
46553 
4424 3
7453 10024 69873 
1711 1
88654 
4686 1
3394 
4230 1
23171 
281 3
70044 29561 68959 
232 1
39721 
668 2
60654 20885 
4053 5
11198 39072 993 67847 71967 
26 2
80929 6534 
4534 2
2597 54416 
2790 1
72650 
1307 1
28789 
4375 1
68281 
1957 1
5408 
1 1
29651 
4621 4
53220 36751 16154 32822 
2679 3
19376 23835 47119 
2581 1
39348 
2992 5
14906 22543 59490 97616 18873 
610 1
34770 
4664 1
88347 
3498 6
6712 59421 47099 33584 78462 2224 
4825 1
6665 
856 3
39237 51386 10468 
4692 1
19775 
4132 8
76309 61914 87703 79382 63962 45959 53606 91748 
5070 3
19344 89695 90989 
1658 4
48075 52998 45909 87088 
1785 4
34407 77641 5616 46242 
4503 1
9190 
337 3
60457 9744 36038 
4475 1
8933 
3352 2
37423 97062 
3255 1
11475 
568 5
51620 86315 59495 90865 7715 
3261 1
28431 
4619 3
98936 3097 25699 
1308 4
31417 46828 94296 77053 
2217 1
69392 
2841 2
97024 40425 
786 4
45779 90243 18886 89716 
312 3
3835 41153 51242 
2593 3
27297 57524 11040 
493 1
31677 
2525 2
62156 64441 
1239 5
68645 98276 48644 63958 48595 
3759 2
29294 31823 
4601 1
74428 
1032 5
25283 42261 27073 72868 76366 
4915 5
4041 11842 74639 44272 4864 
4401 1
27155 
812 1
45518 
2814 2
95275 88483 
2037 1
52268 
4989 5
80317 67915 25906 54650 75633 
3381 1
63369 
2368 2
74479 65574 
5018 1
55937 
1899 2
77743 68821 
2735 1
79308 
2513 2
30902 20019 
1326 2
26281 29156 
1262 3
19604 43500 14231 
294 1
58146 
348 1
797 
994 4
32201 53285 81869 40011 
3689 1
57623 
1834 1
86340 
1531 2
22271 14534 
1286 3
68932 56379 57896 
4608 4
28523 46628 34530 68968 
4295 2
18074 98493 
877 3
97830 32931 13757 
406 1
535 
1600 1
48755 
4474 1
21753 
1196 1
56193 
4551 1
57746 
4938 5
70572 51063 9552 46497 28971 
1747 2
53766 49223 
4353 1
57416 
330 1
56874 
3505 1
35314 
2180 5
59465 11893 9403 75656 60442 
4249 2
7751 80604 
3416 1
34282 
4402 4
42372 58808 38893 13999 
4721 4
18496 54445 57782 60759 
2763 1
76385 
2193 1
75672 
96 2
23990 59745 
1189 4
23936 21186 87501 65220 
3565 2
32406 34011 
5027 1
31288 
4305 2
77526 17526 
2558 3
4593 10336 17326 
2610 1
13960 
819 1
67512 
4837 2
28511 12674 
252 1
74742 
2646 1
98831 
2568 1
26577 
1903 1
77561 
3828 1
7204 
1353 1
79427 
4102 1
3015 
2137 3
18509 53548 61453 
2178 2
8086 6266 
2628 1
56181 
4951 1
68975 
4612 1
79524 
990 1
28087 
4453 1
42663 
4125 3
94523 66211 49882 
3760 1
55823 
4657 3
75104 22210 50204 
4841 4
86238 72 98631 34970 
4782 2
66274 40446 
4745 6
59003 24482 39347 2571 89742 1717 
1900 1
41679 
849 6
40120 67586 56587 19335 56579 19454 
4718 1
81389 
2351 1
98160 
1839 3
25769 76284 71663 
3285 3
99726 65127 97673 
790 2
80680 82894 
1975 2
63364 77725 
3557 5
56994 98384 35137 63851 88595 
3684 1
83007 
4446 1
52965 
697 1
47694 
3088 3
22628 32069 88550 
2690 2
18940 91086 
