183
643 6
88666 20543 49943 52135 77922 87693 
5099 4
83235 60073 30232 79363 
4680 3
44485 71741 61231 
933 5
40914 33874 85160 57784 20110 
1500 3
9271 92249 57513 
1683 2
72183 70707 
4108 4
86218 59819 89833 19448 
2025 2
15399 51828 
3329 8
31340 51637 72649 63960 68782 46712 76797 75623 
1331 4
98443 9524 60238 9544 
6986 5
29460 74188 21155 4697 32158 
854 2
81294 56700 
5236 3
30857 33434 70767 
2636 6
13815 52646 41008 78552 94623 54006 
1871 3
853 74588 51735 
2596 2
4167 17343 
3942 7
25322 41882 94993 80916 36565 82860 47206 
3759 3
57021 30326 54964 
4136 5
74598 31359 97123 53258 72629 
956 4
66118 93164 28324 77906 
5220 2
82247 10135 
71 8
12040 35393 50187 51812 31354 73561 98153 87930 
2340 3
19206 52240 93313 
2975 4
80672 13008 29269 6052 
4640 3
36012 991 4622 
6385 7
38782 67494 43930 13128 91788 24647 61299 
743 4
93730 83092 65111 65996 
1779 7
26509 89888 56660 37413 16838 96477 29809 
2022 2
7987 57185 
4923 5
63414 42657 96466 90084 38714 
4921 4
15653 94544 45510 50018 
5289 4
2277 17010 57263 34021 
6018 4
33524 61186 94723 28446 
5036 6
87505 60385 63240 34640 48717 77744 
5087 3
68041 67496 96949 
129 4
11803 9060 17651 24232 
6123 3
29738 21254 11040 
5426 7
10267 93381 34152 97321 52623 85417 95717 
3669 5
2111 28537 47307 65712 74380 
3283 5
24572 5498 92709 61748 54781 
6611 7
71550 97921 13405 81670 26181 11599 45150 
1723 3
75498 56634 72962 
4967 5
68840 27371 85450 87317 47449 
6803 6
55876 40082 76525 99086 38384 72300 
1323 4
81316 46628 66105 31358 
297 3
79161 33605 18545 
6156 8
17549 37224 3602 26002 77535 43974 94654 15455 
1317 5
63654 6500 4202 26390 86537 
5166 7
11400 65752 78983 19793 56438 71265 35189 
3875 4
27290 15430 94258 55543 
1031 1
39658 
2779 2
47451 97001 
3416 4
60372 82813 90448 63307 
6355 7
38815 77889 77925 63083 53765 19329 35027 
3235 5
89062 98014 53127 55629 59448 
1035 3
86026 26069 23313 
2804 5
5335 67890 64967 97698 12565 
4815 4
58799 61815 32053 65069 
1260 7
28946 78150 80792 88535 70845 85241 58651 
1262 3
66226 58603 70747 
3996 3
19536 41422 76606 
179 3
15363 80417 72676 
52 2
16468 37609 
741 3
48556 74884 91734 
5918 7
18108 39038 72533 70839 11794 72010 65003 
1687 5
47653 62943 54577 51982 4414 
3254 2
12614 88125 
633 4
15251 59110 62293 91395 
3765 4
62287 54764 10654 67356 
2548 2
66764 35882 
4395 7
27639 46837 82657 66454 51517 16844 6454 
5253 4
14477 96483 11891 38763 
2268 7
86653 73250 77946 72733 57477 45040 17181 
1622 9
68870 22991 43641 10155 76912 76623 96862 8585 96570 
4620 2
45012 70269 
6285 4
30669 5558 96765 7265 
6219 3
16133 68705 64934 
3455 3
52879 74652 53661 
4819 3
78176 13698 92898 
4555 8
98097 93519 57560 57896 61233 23465 79567 24926 
5294 3
14025 33001 35052 
4925 4
98426 65151 53546 8076 
3309 3
92119 32266 46809 
548 4
61976 65026 57140 39710 
325 8
69927 90627 48375 91918 89669 99322 9368 60183 
5476 6
6863 88444 44236 94346 94086 75008 
2435 8
93717 93881 86367 74733 42469 85001 69246 9906 
4391 6
81109 57294 66977 97154 41372 8160 
887 2
23461 49098 
3885 3
25897 98127 58368 
2032 4
15075 41568 61902 52283 
4887 8
26191 22950 34142 53216 16990 7977 30313 40559 
4340 3
63393 57944 42055 
4440 3
54020 39748 48627 
1512 5
91545 44530 54596 67567 93038 
5141 6
72344 31222 69720 73584 73899 74198 
1013 4
62950 69625 49670 92740 
3945 5
45060 53072 77090 64835 59445 
2775 5
53233 24524 75695 6268 42896 
4846 7
70637 78874 2551 35248 54057 51929 19914 
2807 5
47061 22040 8855 83190 80116 
2261 2
82745 27131 
589 2
76444 68819 
2695 5
11027 95518 6265 11931 78504 
1973 3
19717 30091 15267 
1915 5
78045 77332 35931 68047 41625 
614 2
65219 9841 
1233 4
54768 39799 12493 69104 
5011 4
7445 12875 37073 79844 
4621 4
49023 29660 13461 31312 
6030 5
4237 73607 82965 68084 49746 
1170 6
43527 83056 66132 94664 24710 27607 
1963 5
84549 64651 30486 70210 26607 
2264 3
74541 4990 28353 
4828 5
37553 97892 64031 27853 29532 
362 4
99666 55416 67209 57414 
5133 7
89838 89840 33832 35067 15327 48254 84276 
1261 3
1466 50520 56447 
2967 3
20745 58775 40184 
531 3
94854 65814 69694 
6315 8
2581 15950 54717 93722 95835 79617 38894 54712 
1658 2
49534 33235 
1402 3
86562 1398 35425 
7000 5
31724 54833 59841 82993 1312 
1506 3
81634 90694 36913 
2035 2
92838 83179 
2021 2
78770 10387 
2196 5
75618 38020 93446 30931 50148 
125 3
56649 51855 89456 
620 2
38095 53060 
3740 2
81181 43902 
139 6
62770 13326 34675 71259 82827 41408 
2836 5
32097 44675 81787 921 13617 
4404 8
362 62796 1037 46442 19447 21941 38011 18359 
2750 2
32363 67056 
5218 8
23290 78500 62451 97761 71786 83197 42603 52192 
5674 8
60399 83750 70816 70096 43880 39364 58838 79818 
5540 3
89473 19238 93712 
4865 3
82853 17060 26414 
5272 7
97864 89997 1197 36653 17829 67295 11166 
3924 5
5601 63790 27539 46135 19319 
2489 3
96969 66957 26922 
4318 4
51515 22030 51628 75332 
4182 5
52062 7095 35066 70064 54894 
2642 6
69034 93515 87528 7444 99080 1559 
5317 3
34198 36458 92116 
3642 4
71383 60322 41337 5705 
6800 5
36600 33267 20071 41754 60529 
6053 9
29195 86532 77325 37895 54612 16847 16527 76642 84646 
4435 5
84067 24019 83158 13336 75940 
1303 7
33150 68285 60273 88308 3668 13055 92197 
4839 10
56938 70833 78522 71347 33790 4571 42736 61565 16014 33004 
4084 7
11197 9086 11854 16033 13014 4957 30550 
22 4
74645 54469 45398 2785 
1896 2
91493 80661 
3961 3
84062 48849 98945 
485 2
47798 77446 
777 3
55183 11473 65132 
5275 3
24097 97237 55362 
132 2
33697 40479 
2608 5
86932 73513 45237 86934 61030 
279 5
51968 12793 51705 29159 84213 
4132 5
31296 99904 65582 57228 64664 
3822 5
90125 95143 43251 38321 41285 
2950 7
64339 82774 81864 32368 4152 90613 61545 
5687 7
82594 23317 77542 43528 54482 4546 17677 
897 3
62715 64414 1260 
3761 3
52165 79500 47737 
2815 4
27939 88500 80845 99298 
6576 4
33241 15457 77583 76589 
839 4
97161 15307 45934 2886 
5150 4
63102 39894 21801 88028 
2560 3
2084 39444 1642 
3716 5
67582 90975 23713 29848 56692 
2725 2
60148 52177 
5511 4
33972 65513 36701 4133 
5453 6
83063 19351 70987 48845 93826 19582 
375 4
39193 85524 13954 59602 
165 3
601 63598 191 
4018 5
88648 33238 74638 40140 9719 
476 3
27031 78779 69743 
2381 6
88493 6688 78489 79155 78062 36293 
1290 4
81213 81430 36751 38232 
