296
6579 30
9921 30916 2137 14720 23693 3932 6284 1625 24896 9294 32723 36467 25289 15826 1226 8051 25299 14363 3704 6552 38548 18762 28848 17494 15890 18420 32872 19890 31844 17410 
5283 28
26275 10316 15225 28328 31223 3370 11149 6821 3015 16928 12362 27807 16838 7870 40795 34088 27052 25866 22079 26223 32800 25784 18955 37368 28369 39345 7313 26072 
2234 28
8294 36255 10363 4168 35962 40278 18822 2174 3672 23622 4382 34512 9264 11893 17245 29953 12696 38487 174 23402 31536 29176 38999 38325 2119 21810 21319 9254 
4759 28
4208 25447 41124 15586 19612 9564 17093 14241 850 3297 12003 14923 30130 10685 27024 37556 22096 2728 36294 1906 4761 9763 27719 10506 40152 33241 33223 12459 
5238 28
2761 12955 4309 18806 39694 17420 15671 37723 24381 9835 29428 12707 25884 5218 17742 19974 21053 24511 30 23048 40528 15945 17517 14740 10627 1895 10505 30935 
2688 28
8542 35836 4678 39224 39051 27414 15349 30452 36638 28931 38767 11319 33474 10914 27082 6170 40161 17347 15299 38462 28096 35507 14371 21218 226 29838 11519 5614 
5083 29
3760 11611 8593 20309 545 21502 19019 15652 8759 4897 1163 33388 30739 13598 25948 24522 35021 18876 32989 30524 2366 30954 1932 33192 1213 15034 4286 29430 18763 
4043 29
31074 19574 4093 25585 32740 13616 21646 19762 31821 37360 388 20880 22522 3264 3336 20612 15558 5536 12276 12622 1706 29689 24543 37503 7491 17430 13414 33709 15506 
1355 28
25540 20621 20137 23116 14976 5770 16915 4906 930 3534 10878 8521 30037 15096 28834 24083 19380 40157 34622 286 11720 24271 9975 24263 33782 16965 22769 41308 
3960 28
39751 10802 6260 3052 34037 5190 36187 23206 1455 838 17900 28432 25990 38703 22352 176 29040 14172 10105 2249 7396 10570 31314 35586 37486 21903 18385 26499 
2198 29
1199 1865 9943 21556 11304 10227 16030 32110 31838 35391 12594 10733 39044 10191 6633 39819 38495 9602 21956 30601 32274 1162 19314 22171 10503 7338 35526 39816 25122 
2416 28
17822 18662 23158 36390 22594 26680 30810 17802 19803 14888 37041 24492 3867 40389 21088 28422 39867 28963 29090 33114 21569 34670 3441 6433 32168 33706 31967 32404 
3745 28
18816 9615 40517 27120 16572 22180 22889 36338 39420 29582 23186 33170 10212 14496 25037 40692 19837 9631 1577 10174 14876 16729 10998 34163 34014 40721 31691 2155 
3407 28
13823 13366 9278 38447 1737 12200 38077 40069 13327 7013 11298 14435 26685 22478 38665 4699 28232 18167 9670 40373 23892 12727 726 8650 19360 22647 19101 5746 
3312 28
14452 1583 29334 19468 18127 34518 14685 16554 6205 24272 23694 33522 39071 26693 37524 40291 39681 31574 13747 959 31300 33393 23560 18261 11266 37119 30149 29402 
2068 29
24548 12047 35726 40543 8858 31628 21821 18761 26259 31909 25453 2196 14111 12825 32635 29405 9047 35670 1279 5813 31855 5658 3372 2646 35218 36592 3992 27718 7526 
5435 30
7871 3138 32248 1802 28991 2141 8573 4203 214 29231 32037 26897 21403 35 10258 4599 34895 2044 2360 28999 30416 34380 15591 17287 22225 33219 28417 41042 8769 38965 
5188 29
25881 27605 39205 9256 26942 18675 21474 18309 32822 33007 25026 13107 25371 6600 21212 2637 11856 7720 4402 5958 30003 9933 12706 27906 21629 6755 15739 23996 36010 
2483 28
896 25247 15453 26453 23313 37444 3834 31398 20902 15386 22737 570 17616 38785 15100 8485 9582 26858 36666 6721 19173 24948 14402 36500 29758 13199 10329 34558 
5123 29
9491 38561 6949 25360 32973 18621 32511 33705 11888 19277 7558 16622 11860 31371 18464 39637 7622 14750 29714 39740 29170 28792 396 19416 41050 27797 15065 34695 35472 
5704 28
13817 39536 41351 9569 17083 3324 13660 10446 23216 31497 13594 8283 2068 40734 34752 7199 33323 37182 10159 40526 15214 22551 13374 40472 21371 10346 18212 15233 
24 27
7244 5227 6490 15952 11866 32759 38010 18612 37077 26181 8772 22997 20657 16826 33182 36169 20039 24493 12417 9020 30209 25023 38883 5013 30911 23155 13983 
3035 28
34466 34517 8795 31846 19691 2180 33217 16988 25 15879 40789 5027 37907 40431 14485 39859 6336 12058 29579 24474 25623 160 12743 23367 4609 11845 5236 23527 
2657 28
2085 21501 26964 25547 39600 36991 9613 4457 14005 6586 37274 534 28810 1449 4799 34476 18793 11924 20406 35396 19228 39360 26170 5183 10192 14613 1101 5672 
3927 29
8911 34712 2655 4768 24795 23714 11256 38204 2887 7136 25716 8881 37803 26924 21578 26302 19746 25163 26965 14768 29198 41269 38639 10182 34327 6184 14543 771 35896 
986 28
6387 3471 36040 5652 34788 32109 6266 40270 25903 38408 21743 9586 6421 30319 7125 38278 10473 18290 30525 22607 12897 10631 16594 16737 26417 18577 31081 27886 
1055 28
38580 40175 7169 32779 11955 24189 13765 36463 31395 11207 28960 38390 36128 38508 28994 35906 37913 3240 19162 16744 22354 17451 13188 28806 19147 37944 12520 4688 
4939 29
9489 4837 29148 3701 30619 19184 8026 22809 27209 24380 28005 41350 22729 27716 2334 7562 19026 34738 20365 35509 30068 19588 20686 7191 7977 16245 14901 16103 25605 
2179 28
15999 36011 38835 11417 15511 13982 6993 29679 2923 5235 32732 31369 37122 32706 429 9085 15548 40039 35463 7310 24866 39881 17629 32205 21550 27262 30073 36518 
1223 29
33380 29309 41098 14865 15668 83 17318 33034 23139 5310 21289 21950 1571 1088 30321 18880 34902 20198 24792 10173 3863 25471 39312 5037 16059 20721 22645 40998 17633 
3387 28
39202 19882 14586 39515 7821 28095 17261 10325 15851 40684 39480 10273 35347 13120 2478 30569 13258 31491 1318 28179 16720 16266 30036 8933 12541 5262 27863 3646 
1978 28
25785 21720 30733 5557 11944 3480 1374 36349 16962 5174 23260 41072 7875 11647 25150 101 7872 30964 9355 16871 13440 26782 985 37162 17724 29299 3759 37868 
804 28
2301 4978 8353 20915 28248 35014 34209 17329 12895 40765 32193 3105 9070 16008 38240 540 25220 32155 34230 30838 5930 24346 15437 2916 20574 503 25858 39135 
2472 28
41344 2757 23744 39060 29174 16416 25379 17642 7450 30358 9638 27613 32542 7188 19946 5398 25043 12827 9794 6195 12053 28300 20538 6019 35291 37391 30878 15481 
1104 28
17513 39333 5413 20530 9224 6860 4188 9558 19225 29159 30513 6352 29161 29619 3393 30926 17904 31247 9956 14925 17336 16948 23897 33074 4814 36525 38650 5699 
404 28
17770 19962 24743 21449 3901 18084 27401 27027 21116 9348 11050 19821 37080 36414 12270 7124 25771 22715 5717 17103 6251 21771 38731 38775 20526 27800 29182 9379 
1984 29
17669 9646 3041 12389 10456 27118 16172 33047 17804 35908 40293 25106 3361 7216 14739 5732 40480 3167 28243 37560 37224 1080 23558 16178 32983 5244 28587 14010 2082 
331 27
2596 9151 20328 31836 9364 38652 3671 35178 31373 4954 9876 5197 22070 10618 31258 16061 2063 31069 35839 6713 3016 5175 16958 26326 35423 30648 2591 
2947 28
1389 5602 4508 24515 16655 40073 32228 17850 38673 37040 13351 28225 8540 39731 35999 29519 25473 30703 40165 23646 34196 17161 3465 35404 33645 38710 38642 21412 
1499 30
14619 21270 18544 20292 6083 26890 29411 30392 13686 6123 17059 7712 25298 35892 5697 18620 35680 12842 38249 21384 12023 4222 15798 6455 24278 36951 32331 24898 38384 15705 
1220 29
31356 29463 15331 23615 11136 39508 28697 11730 26517 21519 2683 9064 32653 17295 16932 15724 10264 35560 16248 20265 9441 15580 2054 3002 11155 4191 11559 33123 3690 
1317 28
17069 38853 34564 21024 1945 682 18377 14520 33876 9756 19708 19894 8387 38644 13675 40256 2158 31717 40080 38793 15232 27073 10839 34971 21769 3923 2960 39675 
2682 28
13192 31945 12967 17190 25337 31469 41007 14537 16143 11002 29343 99 4873 35730 30568 32736 23122 19378 27675 38701 23234 23842 8854 12483 36848 4905 6545 15333 
5230 29
4982 22981 4439 36152 5073 3409 21425 22224 23005 27539 31949 16990 14554 38012 9028 8646 33603 17423 18088 26357 40223 34497 24533 8968 17237 37394 15067 9015 19281 
4448 29
24574 28007 15730 14331 40787 26235 1904 35576 36597 16955 4140 40211 34713 1573 31775 2621 23795 8058 18433 30057 6680 33138 24143 12658 17883 16036 5095 40561 2800 
5038 28
31663 11110 19299 29071 22174 27255 7772 13961 24808 3047 702 8307 35149 19670 30683 34491 27300 33726 24965 28439 23096 29825 14036 39124 39113 8533 24923 26583 
4666 28
3421 17628 24551 16291 23765 13402 40488 24699 29357 35294 31906 11566 22085 372 17357 30710 19069 2787 5942 21444 5852 30505 12360 40706 26519 8990 37657 31498 
6792 29
9891 23346 21118 3591 25656 23809 30470 5316 19498 32018 1598 33537 12269 7196 40903 37916 2806 18995 37452 9365 22 3428 30199 10451 35813 2348 36076 2361 2790 
1936 28
531 33372 26187 11847 18820 37270 33947 37431 20740 29017 3970 28370 20188 21328 20396 23455 22476 9680 10847 17120 28071 34652 29121 30886 12447 35302 11838 36296 
3502 28
14999 10083 34045 14442 36984 37291 37775 26833 7752 8958 21273 4813 5225 38509 21898 11952 38504 10287 12139 38329 2500 5967 23449 37748 37740 12702 37260 41279 
122 28
14085 37124 28292 34864 16996 14488 22485 23761 34838 24798 2888 16180 26114 20022 34785 29015 6527 7643 25763 12227 11961 15687 26528 27273 314 16375 13903 27321 
1699 28
25845 20007 40785 15002 25390 30867 7369 21022 36868 38714 38808 4973 20280 21552 11166 28743 38363 39486 40836 39161 5963 9803 36923 29171 40918 25919 8765 3285 
2853 28
22127 25696 13281 19114 19949 40623 12838 13555 26900 2121 20512 28619 15461 19765 395 38577 36563 20763 34640 26535 17029 15728 15659 27915 14173 10728 18414 33392 
4927 29
8272 18350 26754 12532 28008 28343 2108 11345 26688 34068 27548 37679 8611 9275 32907 23561 17413 19334 29331 17857 11164 6854 41371 40184 39623 40772 2778 39602 30285 
3067 28
36827 12968 13086 17790 7231 35599 15627 5724 37869 29210 39785 5647 17356 29551 17698 32767 10798 25225 6390 23360 25735 22060 25691 22098 1358 4669 16290 38101 
3862 28
39959 39711 21213 14491 17098 7129 25205 20194 35997 20914 15203 39035 2289 8830 14551 803 38158 7327 12372 34594 8868 10661 34628 3218 31660 25607 23820 19758 
1821 29
19698 36655 36847 26778 30991 31857 25367 24202 41100 20130 19061 2654 5704 14188 39549 33987 39989 5510 25574 3930 15368 8446 19508 18705 15030 18741 24358 38323 19692 
5379 29
16506 10957 12678 22111 27244 37959 16849 34363 31038 35366 12659 20680 11108 18644 36093 14160 40164 17368 9900 11934 38753 27359 29980 10050 27438 4725 28882 26264 24484 
3908 28
28880 28133 25013 33775 36947 27332 29819 12110 16601 28281 28301 4302 12028 37826 19455 37128 32598 8476 27308 34629 3018 22178 9042 19064 32482 3541 30203 6968 
4809 29
37168 28132 12921 357 1276 14492 5312 41110 36425 1255 13362 34074 1048 23501 33297 8616 22879 34075 34297 8409 10527 24077 17877 19983 4605 32720 29881 34005 17678 
5027 28
29591 29972 26543 18497 29646 39716 33012 21937 25840 27441 5705 23943 8557 25976 34576 29635 14234 26835 13481 38945 1828 2195 17086 26959 17892 28517 19099 20839 
3292 28
5049 16235 22238 13318 35358 19561 36114 34281 7556 3476 26257 40923 9090 18393 25711 26443 28736 27212 13245 19925 4591 16794 61 8971 39825 31372 15693 35727 
1408 28
33822 35971 29803 38343 34623 16970 25686 8253 16482 29122 29319 29115 19862 4617 9926 17796 34271 25060 13036 4874 29295 383 2485 15136 33070 36207 30176 35771 
55 27
17264 33163 40357 9869 10562 9207 13260 18459 19123 17954 3102 21059 26556 9175 24560 4888 33434 19677 30479 397 4224 13346 3681 40122 18277 27204 7521 
1489 28
17825 13536 3460 21515 25373 40953 21805 25921 36061 33937 5563 11797 17598 41041 3436 727 29126 18466 8473 15750 32307 33622 33149 4644 1559 40128 16189 29983 
5402 29
733 33872 39796 34962 35351 34889 11892 40297 40862 22122 25036 25879 32977 7506 29077 16485 3463 9596 24314 26935 9827 21897 4128 9255 14265 18446 29086 28164 11512 
5244 28
13923 18988 3654 8437 29682 38926 25410 20973 5399 21876 6783 23283 6269 38545 30195 29880 9447 7010 13002 16703 15024 29992 22636 21512 25485 25523 39285 32100 
3808 28
15422 12643 20241 25027 18901 26853 3380 17375 38704 15051 37972 37584 5327 27165 4615 31276 33059 17479 20571 33311 28143 19262 17675 4616 28696 32251 37943 34832 
2787 28
16165 28158 5516 23815 21891 27526 35281 16762 24778 24097 39726 31155 29386 11384 27040 5172 9134 18034 15000 30323 118 19185 10830 8375 25045 32836 3826 11313 
6016 29
23521 3399 27216 20699 8034 38018 2762 13975 28633 212 18967 5333 25119 25208 8060 7765 2460 35693 11551 30815 22911 4792 7121 30012 4683 4391 11416 20234 32613 
3280 28
5541 35055 36886 36004 11016 6513 35266 17821 11147 13772 27521 32727 26625 9439 7814 3159 7320 5217 8382 11424 19426 9072 195 18950 24060 22157 5597 694 
904 28
23239 22520 22942 35261 6109 2291 19697 30274 4636 15903 16639 12220 8122 11305 9707 12257 36671 26234 23291 7954 32700 32223 7172 31609 6060 33606 12411 1177 
3722 28
35772 9912 38011 15523 1576 40986 16269 10094 38601 39896 26840 2354 4787 28830 19343 21281 25657 18665 10415 38908 39879 12009 15335 26791 31452 37029 21514 17253 
1047 28
2415 25997 15617 20337 401 4037 4939 5054 34484 29057 21264 5676 18716 14268 38556 32569 3329 9183 23605 3504 13462 33551 2633 9777 27312 35966 24840 17934 
6336 29
11708 23896 4303 38401 33773 439 11581 36851 33545 4108 2059 34221 11330 34705 12400 22319 9453 27649 37021 4853 30387 17843 38130 39112 26184 18771 15179 3887 4034 
4948 29
40267 21548 10019 5070 7145 17170 27578 21799 30766 38963 37108 33626 15491 2943 25958 29330 22686 14972 32695 33761 3493 29597 6660 40754 14977 28763 16567 30242 32312 
3881 28
11901 37397 20649 34502 20779 13328 15098 30694 10401 10556 24490 29754 14082 1606 10811 15850 31488 7478 22014 23320 26638 10755 11694 4298 45 4596 29004 17175 
505 29
29163 21179 21517 27517 30483 28161 40063 23162 30626 33268 16861 5137 20291 39883 32948 5616 28886 20689 10323 10569 1722 34789 19774 2942 9846 2998 10615 18031 37999 
3867 29
25560 35715 11850 37918 7723 38796 23783 28626 2852 33358 35905 3123 28174 29028 19483 2437 29866 18687 25586 37741 9706 19385 15539 16279 7933 34485 16253 26941 32086 
5545 29
21435 13480 23114 28596 28483 6685 24326 22220 28934 27888 28341 7495 36963 36883 23740 25353 28030 34617 25124 26730 37492 23961 31856 16851 5303 38809 38420 3608 7980 
4719 29
24022 23656 33742 13302 5863 26139 11855 18744 28538 21802 9836 23073 27434 1668 19827 31590 2688 18133 4606 6033 11495 39037 6456 12936 26296 33173 12837 2025 9788 
2469 28
23874 1143 369 40167 22035 10548 38563 31334 23606 1814 34859 28184 13345 11309 25693 40792 25842 17500 16019 13737 39956 13400 728 14497 20085 21627 26515 35615 
5506 30
17682 30962 22077 30106 38667 20364 10532 29344 19420 3310 4670 5292 30862 19059 16255 14159 17881 4419 11628 4250 26812 24860 34958 26313 34516 23069 28593 1052 18149 33464 
6221 29
6008 15256 16585 26032 14595 19161 38962 21453 12858 7793 18083 14851 10551 25751 18872 1131 24754 9749 38062 16339 32906 33424 28713 18398 6933 12173 17636 4349 16614 
994 28
11794 17294 25618 7528 30324 14746 17180 5092 19812 38688 34607 21197 10288 36068 3935 39552 27439 24031 15231 16519 248 30738 18504 10269 14874 32596 12494 13472 
1956 28
28824 9077 4260 10137 24316 36945 14012 19030 31854 630 34551 40900 4019 868 7345 10620 19512 14329 25606 6747 34472 33601 13063 28543 26548 12076 8020 2769 
812 28
2560 28714 5903 40961 30941 4811 10831 15263 31047 684 747 24262 12975 37517 18485 14061 13082 17319 16035 9362 27523 2318 21542 816 175 37047 40763 8631 
5835 29
12691 32416 20718 17445 32028 9467 33187 31012 8561 9324 672 16146 6635 33282 26594 2140 23311 24193 11895 4940 437 7689 28823 20933 8285 4986 26811 6815 23378 
399 29
1117 27773 20563 33240 19074 3024 32036 19439 40233 12500 31459 33233 31114 19172 36167 18651 39379 9129 39190 2937 1033 5753 34697 28507 36257 36872 23086 23340 32283 
3481 28
25382 30474 12757 6733 40156 27304 27479 13438 32945 33933 3317 9516 17582 28046 32844 193 41061 22815 14682 31977 13235 40183 27942 32972 19199 3689 31142 35378 
834 28
9572 32657 5836 9147 29506 30969 12335 33256 2398 21031 17350 4777 22283 8 28191 20032 8571 28335 17759 13792 40248 2149 37242 25480 41136 28069 9809 40143 
4433 28
16643 34383 15345 3420 14149 34765 21385 8675 5891 17379 22183 4211 9468 1176 14886 21086 11925 39281 31381 12900 35792 8726 32964 7189 28206 19458 32211 33319 
631 27
18909 10958 5886 28518 19778 13543 4613 24218 27845 31115 22104 33169 20336 19811 25981 36356 25568 29460 26878 34953 11544 7630 39949 32408 16327 33204 20410 
2487 31
38391 15862 26988 30414 33305 15173 30870 30116 18408 39705 39657 23785 18878 39866 3384 18969 2371 21800 14232 10700 41348 25805 21138 33602 10859 36529 39564 21107 11360 22966 36494 
3785 28
5776 23683 4806 9502 9709 24957 27384 5336 5883 24450 7952 27378 31822 15710 20700 7339 7421 30646 7351 21377 8201 11088 8874 33981 25206 22840 31241 26464 
1172 29
37593 3874 36298 10029 25304 5453 11061 35335 17826 32362 41062 18390 4541 10909 37939 35480 12939 14708 24229 22280 24744 23731 13451 34443 10158 15509 143 33818 19110 
2562 29
38200 16456 1183 27833 2682 15887 31666 30257 33527 21831 33607 28317 12296 12874 34725 32318 15948 16317 27131 11890 27843 10384 35098 6202 36651 18298 13694 16984 26458 
4309 28
375 14015 10976 12760 32354 28646 36084 6323 14248 15947 24256 2370 6416 41039 26188 21587 33135 22965 8000 15578 28454 2145 29492 29738 27409 8432 8747 2954 
31 28
2938 4828 29380 34463 38266 30211 37432 11075 35025 12761 11747 36714 21204 16310 36622 33627 25012 7867 3808 3772 31419 27464 25210 39547 5266 28226 41143 18174 
4405 29
17401 33121 16853 10419 21803 13845 4928 7493 6971 13693 731 16714 39394 25427 39374 18859 2679 6752 29799 10364 1660 14580 14299 9513 7729 21718 19176 14286 6372 
1703 29
4706 31043 29956 1 12974 28145 17984 40842 20717 26590 12017 10047 37991 18131 10875 38836 30126 38882 1912 41133 16138 39314 32676 32990 21990 19002 11432 7052 39983 
5145 28
12496 1160 28657 32096 30071 21922 32128 14506 31799 31624 31341 8620 9333 36679 28308 36858 14734 9376 27235 40420 38931 12478 24996 31065 21995 3234 22044 6532 
6096 29
29043 31306 30518 39491 4528 16925 13816 8158 17755 35298 18287 1447 35890 33384 6095 26261 24476 18238 24986 5240 14190 5067 22888 17014 9034 15867 4082 29882 25073 
3158 29
10314 31112 30162 11729 4416 11307 18907 2277 40351 33327 41227 11884 7893 20321 31651 9685 28437 3732 21828 39192 33052 6469 6159 7845 39139 32866 14504 9430 21760 
2067 28
1847 16732 32001 41131 20073 38297 8946 10248 38912 3133 8430 18428 29154 37539 6319 10011 12638 10219 16433 23599 6217 40398 23831 482 4383 31515 12946 10529 
648 28
2977 5475 4174 27487 41255 39993 9032 27163 10239 20468 5441 6475 6514 5224 17291 11062 30320 23196 21205 14547 30315 35942 10073 28958 25472 713 38386 33036 
3322 28
31578 24974 23914 3091 34630 1054 19880 27469 6362 22662 780 28583 6178 39689 13986 33064 7993 13218 404 8275 19271 16083 18641 24020 22807 3908 18525 37929 
6693 28
18213 27291 34070 11356 35059 14612 31011 12591 4949 34487 6428 26540 23853 12726 8061 29761 81 7087 2634 17276 926 11362 34471 19230 32887 8192 24106 30223 
2204 29
13653 2844 34698 32501 23253 14808 31527 27506 28683 893 30617 8757 36075 35438 17839 35422 23989 23171 9624 19327 37044 9512 10127 10234 25435 38925 16493 40427 40524 
4840 29
22944 36107 26624 31866 36600 29448 21164 33662 37410 5590 31642 31444 24528 26000 15407 27377 40424 21316 21691 21416 9970 26873 14179 25423 14987 32050 7809 36146 22337 
932 28
34146 14599 34835 21813 37835 16289 24863 40322 11006 11069 7194 33936 37984 30386 14757 4087 33774 39513 34241 9822 3265 981 30722 15142 11557 21621 3276 41001 
5472 30
34242 8869 9273 2540 29823 15692 18478 19693 20165 17553 11131 20965 5622 27859 9563 32085 32672 37454 20618 27393 12424 19466 20458 41082 2242 998 21430 34439 15791 762 
1237 28
28324 1790 41027 34322 36291 40218 41340 11288 20918 12861 20720 3411 31133 5725 12599 17644 19216 34758 39516 3998 21521 35834 5033 19246 36512 19089 13413 41028 
1334 28
16219 38465 228 31973 26936 20142 35049 4995 20082 40394 33265 34984 19614 23231 28501 15354 19641 36181 26102 38692 7895 1198 20932 24631 4506 31915 14422 16781 
3909 28
29105 25326 9841 17465 2144 323 31377 17028 16062 22223 6897 15615 40890 28489 16708 11415 6409 28797 13329 33422 21740 5946 27808 23909 25519 23301 39181 23911 
5096 28
7651 20853 21613 14486 26637 11666 14646 549 13058 36801 219 28480 30284 25098 27668 14129 36707 3498 24888 21426 9247 22032 26162 21404 9694 306 16864 36182 
2348 28
29602 40729 6165 35057 14251 27880 39664 32112 22017 4773 2508 17718 37123 37268 21834 1951 10199 19374 29301 37804 8693 17333 37105 14928 18902 25339 40040 3484 
5505 29
24400 27991 37405 34353 9412 1241 23170 11234 13428 17531 28390 9955 4893 16079 4381 20379 8617 38674 28484 36658 35808 4798 40074 8205 29757 27197 23602 8434 8849 
821 28
30283 9748 8754 40014 36876 11875 1521 18647 27251 12472 153 12684 34101 1654 15987 25325 37138 19447 20017 30473 38272 30215 18124 37364 18450 11052 145 40590 
361 28
6537 19258 31101 32157 24830 31505 8164 3638 1193 13762 2635 28807 28482 17923 36999 35959 4 38829 4824 19857 16522 26797 21801 18059 20590 19344 18623 25601 
892 28
21535 28033 7674 9671 3427 18555 11571 25401 8090 8695 34764 39101 21049 33770 31823 19204 38025 26617 40972 15068 29038 28207 4147 23276 33581 24855 33517 24599 
5739 28
4106 7198 16411 40592 17535 33322 34200 3788 40097 31773 14814 10334 32743 31048 13207 16975 6730 133 38007 12650 32982 33924 9757 36513 4590 20266 12574 18371 
5423 29
3508 13344 26834 30087 12378 27039 25670 18659 39517 34992 10153 16805 26450 34176 13461 36426 23056 22191 39619 886 39661 1116 33324 2311 39652 14766 11624 34364 7480 
1463 28
33815 237 39511 1232 15377 7193 38795 40402 11510 39909 24181 27789 37413 19384 11192 40501 34253 36029 37062 2952 29712 18175 6036 27538 16806 10731 38768 20962 
6053 28
3344 31582 27041 28720 25211 22654 40255 17030 34314 39832 13535 33122 11498 25452 34635 11598 21071 15244 373 14809 38089 35028 12037 37437 17005 32124 10394 14327 
6121 29
9883 8529 19856 18106 819 25242 8863 31348 33004 9690 6650 40653 34540 7509 39764 18598 33568 7290 28471 33145 18461 6287 15041 11494 16609 7486 27882 37467 764 
114 28
8110 28798 40625 3308 39094 3973 5685 5003 8266 15962 37381 14007 14957 24451 2234 39476 38896 34796 8054 29810 3003 25923 25676 27883 4216 12894 9543 8018 
3833 29
17047 2459 884 40484 40575 31611 22346 40462 31196 9331 5115 830 31100 22868 29798 33575 25261 23563 894 17966 14627 29093 26779 35904 3153 10087 40977 32502 17575 
5351 29
14753 37987 3145 26907 9592 15676 22592 5947 5583 198 24200 27249 32184 2700 29788 34604 6756 35838 21786 27699 32599 13942 38392 14258 11008 12869 21557 37541 34124 
350 28
16736 38654 12481 16098 9730 20786 32393 22568 2985 31015 5464 15411 5347 3684 28758 36961 18025 19786 19654 36747 17043 33496 2592 21200 33647 26331 37536 6332 
5529 28
4437 2746 20059 11585 25413 13711 9887 30780 40355 1613 5960 1539 6009 35949 10274 26763 29407 38264 38845 25267 33891 34256 9043 27091 19885 26801 12398 35646 
2121 28
18479 33243 18845 38326 9460 17652 6927 3450 32144 23235 12746 18522 14560 8007 9160 21097 35668 39587 32663 14873 15336 7668 19168 12327 12928 4594 15026 28746 
909 28
6964 29684 7012 9390 18875 35354 11667 23275 35607 39393 11237 3360 17516 31499 15507 15498 29153 33623 40234 7812 17435 5815 28113 19950 39025 2524 22140 19306 
4976 28
24772 29217 36381 20148 35365 36720 8570 36972 12138 23722 30834 15159 4326 27372 36820 1142 38152 21871 10001 24350 273 24642 4248 3878 22634 37239 19887 25344 
421 28
11449 37844 33308 27445 12367 7811 7876 12114 28508 2347 35479 35180 13431 39670 40580 18190 29061 7733 39040 28148 27770 24637 21858 3063 9825 35522 11037 25132 
5645 29
41093 29445 13870 11341 11458 33979 39903 3400 19238 25275 26895 12265 31787 39781 13019 5500 29056 4397 24518 26048 2786 28835 19335 35091 3352 33252 17950 18683 4435 
571 29
1520 41331 28060 27239 20725 40909 19015 39370 19372 16283 37035 20969 10422 2367 26213 13479 1854 1717 10156 12758 37032 35184 40894 33105 1072 40835 6910 21361 31318 
4035 28
11344 24391 562 5577 28523 21701 9044 334 8837 21862 21699 6405 3765 6395 1106 22059 6969 22956 6329 35267 21477 18352 26492 32793 10108 14271 24776 34927 
5736 28
35689 27339 29964 10023 7889 27067 6335 26655 9167 35269 785 2134 6849 20212 7593 29370 2817 16997 36896 5437 14328 353 13736 33423 33550 37690 34909 1140 
4817 29
15853 14512 23295 7604 3623 34143 20055 38118 28409 14893 30034 39709 36174 17152 7178 31188 849 5056 9466 38971 35806 39582 15708 3333 40587 27730 30032 39501 22811 
479 28
11762 30482 39384 23344 29554 38119 34929 9901 38555 15426 35657 17063 18886 36910 10124 2608 40507 6414 29843 23817 20109 19524 11979 19345 2931 19493 20232 15138 
3459 29
4519 16395 37175 35448 29267 36359 8465 31644 4002 40289 7311 17635 2215 7680 18437 17638 36598 20520 7555 8102 23531 12176 6345 6612 39129 23065 25789 3924 5314 
2047 30
27536 37479 38030 24914 19255 8991 36691 27674 7181 1550 33382 40244 22883 19305 28922 10170 4766 11745 8624 2343 35585 28042 20881 35221 39241 1128 40258 39 16198 15746 
5700 29
9166 20356 30329 26661 7040 7841 33112 14106 23441 23802 6097 4507 19639 15255 21052 41311 1599 9150 1280 14280 38825 4719 10400 19874 17967 39474 21575 36361 4876 
3652 28
38584 39797 5509 24430 8235 1220 16204 16366 6997 3165 38683 8074 35278 898 34482 19789 34795 6534 19187 37137 10727 27484 23543 25986 33571 21398 38602 24232 
1310 28
22881 14731 16746 33966 11381 16153 12729 37774 17649 39298 19165 35992 5741 11399 24937 32341 31193 22374 19824 23545 21251 12730 18722 5282 3884 36205 3789 16749 
5526 29
10436 18980 9595 11691 2793 31518 39696 5026 39715 30254 18739 22410 34408 34860 23237 34182 38074 31547 24324 34415 35953 36275 25947 14597 5267 18207 16600 26041 28892 
4475 29
15972 28342 29118 8697 13815 13407 10649 38225 1248 8388 8864 34587 28925 5841 26601 8072 39936 17017 32929 17528 13609 3590 30628 12787 17390 21256 37439 5969 14348 
4892 29
31815 28478 37275 28274 41040 13822 14365 31379 28817 14493 8547 2067 20037 17921 25303 14583 15158 28947 7749 14477 10096 7667 38905 4581 6842 39527 7192 29584 8238 
1212 28
10745 20462 16721 35980 19936 28775 12064 7579 4775 32854 23963 41347 13155 29585 37676 12444 26611 19870 202 21968 20558 23980 3574 7585 41150 27541 3630 24444 
950 28
29060 28261 3277 31326 35064 10280 2981 40753 1365 32053 27390 19500 17452 20094 38783 2445 17443 37453 26078 5745 3239 7432 19537 632 28430 5057 2250 7761 
6542 28
12174 22669 12537 40166 30374 9124 27609 38209 8279 29561 32455 2567 5351 7426 11590 39640 10695 16862 11649 39267 13066 15935 9532 12030 5708 28876 20222 25426 
1173 30
33334 6950 28556 14235 13038 39996 38393 7312 28901 4139 38423 23834 2747 9318 931 2840 14908 12033 15799 33510 4902 27074 23215 37891 14193 27483 69 38446 13143 15871 
1695 28
34160 1303 34262 29592 39452 2963 27270 35723 17963 977 36410 11500 1878 21545 25944 35521 1949 21199 11835 36310 6955 27022 35790 29219 24030 4720 7075 22976 
454 27
21852 13854 12575 28178 34614 15062 7236 27920 1663 38129 37733 14880 11819 6308 2112 82 9993 8543 17529 44 7055 6420 28412 18451 4559 17866 17789 
2423 28
7532 26844 12131 31407 37404 25526 16377 14917 3613 11941 460 18734 8689 2382 19884 12770 38871 15436 25495 33146 5892 17663 38435 39018 22583 36492 3253 21951 
3499 29
21732 24132 10053 1304 7217 29302 27662 31024 13141 6164 9997 18792 30982 199 703 20852 7341 23895 18054 19941 37872 37306 10545 35611 18821 22061 32855 24506 22817 
4989 29
31592 5094 35148 30996 5458 28753 21710 2201 36737 35248 39270 24246 30128 12935 33521 38177 39942 5340 10823 5343 3113 21925 24920 38203 13994 17453 33555 867 23991 
2955 28
18395 2566 5609 6656 29507 19736 5939 7541 430 10198 37354 20310 23657 14821 21386 37184 7163 7709 8626 12686 606 15570 24583 39395 3955 13305 37277 757 
3415 29
8037 5763 14577 32102 3269 3958 24677 7053 38136 33342 39466 17596 21693 18773 18271 6206 27330 5722 5803 6259 26727 25505 8494 33028 13704 832 19932 30244 13430 
5744 29
12733 24045 26426 5780 40819 16985 30542 6795 12819 20696 39468 11615 41372 4458 39308 29842 23966 37877 40033 40004 10810 28874 15459 9454 34211 4266 2900 37474 27818 
4732 29
6114 37635 30702 37561 7429 760 16033 14904 11389 41379 26615 27509 30159 40962 4376 16934 17944 22557 1881 7931 4173 4442 28103 5846 19995 13722 7714 1505 38102 
447 28
8452 22713 18556 31992 29577 13424 9976 4186 37345 10783 31335 7190 31236 5380 20078 35436 29100 6663 13450 25916 1219 40624 33890 11325 16181 3029 16957 4618 
3120 29
29721 5906 15694 13705 23934 520 27626 18006 19323 24226 26677 12330 5588 6859 37083 30517 36617 39367 6247 27186 15595 21018 31632 29374 2666 4135 3626 21661 5977 
4804 29
13114 33509 3775 2543 15579 34649 34411 21326 4665 28801 2228 29252 28449 14802 9744 18847 27142 25385 36087 13576 5600 32118 40841 40929 5249 7979 1453 18920 24032 
968 28
20288 26847 7784 11094 25255 1872 16777 35937 38518 23749 34583 18684 41004 18718 1731 13221 26228 39950 12307 2932 3521 39698 25567 11910 5806 5254 29497 8457 
2730 29
36803 30113 7721 39541 18732 25249 14742 36744 6386 28895 9234 40139 22765 25610 27171 25894 17867 125 34960 35794 5100 7783 4951 13645 11178 34880 11377 24034 1405 
81 28
8892 32651 40032 33126 32794 35348 24565 35825 27210 21938 15008 13250 29291 20361 31621 8879 33961 15679 27004 38375 6057 9153 23800 22690 16259 15683 1044 17594 
5456 29
10064 23993 1174 2130 9426 31756 8456 30118 40667 1422 4148 9959 7822 11385 30995 38366 33630 26956 13905 24477 9806 12550 17434 21533 13862 31202 25530 3513 36657 
4341 28
3066 26333 37154 21703 13825 39217 6077 34651 1630 2677 39260 15666 2902 3602 17907 27427 17297 12774 32909 9742 36573 26345 23738 22149 2042 804 7430 7540 
3357 28
41045 27134 32169 4952 431 20532 4560 14859 40363 30942 31013 38944 7634 11423 8976 12884 15778 36018 10872 33065 36741 9554 14747 19828 25864 35633 20813 13183 
759 28
36473 16541 19741 40448 25887 40444 14867 13249 37086 28405 32080 6788 33758 23583 34210 26981 26538 5477 3531 628 13367 27832 29994 14677 36086 18754 34881 3777 
4205 28
21971 6398 957 14581 40025 4490 33193 35317 792 20051 30178 24707 13396 38996 30029 15191 34755 21797 3728 18585 7472 33684 14930 22306 5346 8955 26185 29657 
6773 29
7517 19760 12630 4825 13095 19396 13713 41203 36227 30046 2839 2847 992 36979 20100 21711 18200 5973 3067 10186 15787 18825 12776 35499 22707 21383 23827 264 7267 
6378 29
28695 9663 24356 5709 2244 30140 38979 19850 33840 5479 32187 39256 36324 12891 32247 17996 36401 30188 6189 8831 33394 5951 12626 10107 38338 28210 1762 22990 1950 
4155 28
24563 24813 12466 558 27885 23627 23828 227 8318 22401 3811 25231 5072 26831 37866 40429 23218 5372 21278 3805 7294 6004 39290 39080 5554 39427 23251 32289 
3582 28
40323 23029 24003 26482 35115 37363 3069 16244 35850 8303 17279 25092 24876 949 10255 4942 36242 31694 7511 31325 19729 14022 19479 17918 33998 10916 23981 11127 
282 28
30657 27176 41356 18521 34417 18768 5610 6146 1800 31427 21840 7346 3482 16610 8023 38502 39634 27655 21318 22128 2740 38088 37261 32311 23515 21327 35799 9113 
734 28
16374 3703 33689 14866 24894 41241 38966 22852 32123 10123 36527 30493 36836 14386 17985 35960 37078 34086 18413 29257 467 21105 34225 27650 11114 1267 25593 24820 
2974 29
35117 41080 34490 1482 25675 4232 31454 15175 30677 1976 40868 22959 10045 26330 10426 39428 18439 10930 35138 2312 11314 31797 29653 27801 29531 36435 38891 14630 22348 
2217 28
34135 39203 31899 10918 18989 19906 833 34448 34920 34530 22830 7929 30974 24343 26198 27961 11347 35750 17486 8278 8144 8404 15360 37819 10428 16261 164 40704 
4422 28
10412 33682 23959 32704 37911 27455 2380 16440 2199 29961 33462 27542 3085 10775 41048 25432 17064 12627 15274 41151 21965 1886 26286 25791 37626 5331 18500 25404 
5075 29
37039 11750 40766 7678 2001 24387 23356 33027 34282 7880 9203 34890 13300 38847 12240 39088 26886 31405 19623 7739 20970 39671 32747 37150 33208 8239 17273 38457 3156 
1949 29
40374 39498 32787 27713 26551 21457 38791 34046 36216 22268 5198 16836 15094 34974 21037 17788 26157 3816 2110 6757 3166 20256 37034 3537 10034 9989 2372 36282 14563 
1916 28
30289 8567 34275 20655 12745 18221 12407 17092 9328 15305 22254 32255 24912 26645 29837 16654 26904 18912 37373 36355 1231 6760 40678 17862 18401 32702 3434 1616 
5424 29
10675 41387 16104 27549 577 30135 39144 12561 4284 38399 17855 14945 39646 4967 7128 1859 33084 37016 6024 40970 32259 578 12623 13234 36894 13447 5767 27208 36090 
1443 29
12069 16941 32976 9877 37719 15556 12311 14297 11359 30527 16604 12029 8334 10678 12187 1444 4467 11631 24609 21826 25912 25120 30200 25416 25826 1485 12914 20163 22655 
3460 28
40596 1994 16725 15433 19442 17634 17968 10420 6044 30273 41058 34285 11964 17409 32284 32512 1750 29957 33587 31796 7377 15450 24579 8761 9712 7385 35912 39682 
3819 28
3814 15788 15318 14124 37884 30424 8827 1619 6280 34347 36302 4710 3680 11092 2146 6498 27929 4377 19730 13990 440 7912 13117 21033 27442 41293 7064 34552 
123 28
36179 36870 2008 3899 7431 19079 13098 20931 2379 32886 35303 3307 12736 9281 3557 33303 23725 19383 38201 14947 18934 40490 20742 22371 29464 25677 11196 16428 
615 28
12219 8666 20923 4963 25280 9311 41321 27550 33497 37222 28279 24883 3652 35250 4685 22251 35930 39120 24929 10933 23267 7842 12404 3639 37499 20600 18558 41060 
4473 28
39083 11520 27088 18017 13020 19087 23434 37670 22793 40948 24851 3780 2128 24027 5534 2609 4074 28571 31145 8923 23953 31654 36903 33974 28873 30948 10708 2563 
2467 29
37001 5320 30405 37811 20922 12034 10945 13951 10854 34926 39406 5842 14829 10261 8010 24845 24665 32978 17312 24670 10606 1344 8469 17687 36717 13812 27164 25906 7401 
1704 30
1461 35126 13672 16942 6223 15513 4707 3738 21794 9443 7149 18943 3119 31595 31503 2975 25306 36019 29916 40916 23054 29220 21857 15257 32814 10195 7513 23428 19300 2322 
18 30
25191 31003 37320 6531 22874 26574 63 9445 17962 8156 27680 34997 6325 22880 30090 15610 18145 5931 15367 9114 15379 8433 3120 11578 11957 35427 31375 32692 20270 14078 
1639 29
39074 7328 22168 11881 41339 5375 1765 33416 16091 24907 32162 8354 19701 39922 28157 6474 36085 22735 27014 5829 384 10790 9075 23942 5514 40724 28722 18798 4635 
5931 29
30584 30931 41106 17437 36104 12880 712 14020 900 35695 25030 23649 9067 28104 25659 7409 9425 14430 2723 9658 31741 12346 34492 41000 17841 13427 1843 39609 8025 
1500 28
35618 40068 25747 11420 6073 37750 11786 29417 27631 11711 41059 23205 11704 4499 29934 21388 7454 25662 20377 11299 33902 30901 22313 6765 9205 34480 6234 23562 
4395 29
33577 16042 19308 8362 19553 22045 25743 39432 34058 4640 38608 16473 39584 37957 10885 5653 38582 7077 40902 19104 30598 20118 40717 24751 26025 37504 37698 26282 25087 
3959 29
28190 5710 29780 22007 25666 35720 11018 25412 13533 20608 27706 15743 8486 11277 29871 38133 9652 40062 30970 30475 12218 16303 35121 28766 37660 32851 6643 16426 40149 
1005 28
3976 36520 4645 13561 31324 14588 3633 35660 29732 7990 6559 7174 20413 7089 4955 12619 36822 1757 4185 5744 2930 2139 31271 7785 8364 35995 39063 24201 
2082 28
35127 36352 17702 376 6882 19407 33988 29905 20482 41130 40510 10744 4929 11896 26914 25895 4547 2749 28702 33717 17647 25643 39495 32825 10150 37817 18166 5511 
3685 28
9098 18448 3699 7953 32262 3696 39813 33117 28059 27433 24558 29936 17474 35070 39069 40199 9506 30055 30622 19375 10305 14525 26896 19115 8331 30364 35849 24449 
203 29
11827 13417 7371 38874 5574 29442 34358 27546 33098 27055 27805 19799 9833 441 23068 3272 8680 31659 37655 32965 34727 1641 18345 3235 8834 770 14080 4795 26390 
926 28
19796 4808 10747 29532 19680 30288 8216 14152 16873 36890 35932 8925 41332 11812 1171 22667 11211 35616 14686 34365 31782 26353 17732 22603 40059 38023 37359 19782 
4777 28
21668 8953 5165 26116 36567 41217 11255 24128 3432 19414 8545 1729 16933 40816 5108 39979 34582 24040 17135 36593 40086 7796 10443 1862 12277 8475 34963 12954 
1859 28
21948 34141 21888 4909 17574 20858 21522 27362 40967 28574 29277 5090 5783 40662 10134 16196 34451 36789 16379 40124 34903 35058 35238 13353 21978 32915 2716 6375 
1325 28
18229 19280 35079 21847 542 5215 11613 14678 23878 11726 18799 18891 27992 16646 22112 32920 6449 20098 12972 8429 31278 30263 5075 7280 9313 1314 34171 16226 
5607 30
34255 7588 33244 7243 7425 36321 10515 5837 8516 2433 41210 32241 13261 17255 39970 19739 36436 32185 25542 27741 35901 30777 10187 35206 18915 7444 41102 41301 29545 39871 
531 29
16895 24276 1363 20035 16889 25494 17011 22394 32790 4197 15304 9371 1204 14725 21190 27497 610 39712 14871 1653 410 17094 26491 4167 22838 17688 40416 27232 37673 
116 28
8274 19239 19244 28294 491 16086 17510 21972 33312 16117 18694 40715 20983 35252 24282 20331 32714 5261 24355 22365 41229 22759 21714 35516 15624 5986 5518 20505 
2398 29
3215 33532 15518 18579 24934 28889 30843 40782 34767 40265 8188 37935 9626 8440 31008 37089 39531 31801 25266 1285 573 22484 20389 32361 23498 41220 20868 24207 16603 
677 28
34589 7660 16484 3665 33362 34791 1047 37098 3345 17464 20861 14180 28440 4959 28764 7685 40239 19139 22530 6709 35650 36343 22969 37960 21647 28415 7173 37526 
5031 30
4062 31983 38097 22723 34934 23028 38208 25647 6079 27652 11781 12171 10629 35191 28410 7832 25665 37945 36663 25059 39326 30119 33471 40879 15733 27608 25613 10901 3305 38104 
5153 29
1341 21209 26587 26880 14558 28776 34378 31221 3771 9180 27002 26418 1295 16854 25728 13988 32125 28615 28866 11998 11177 25883 35800 24676 16699 33168 3403 19924 28558 
5129 28
28678 20809 41223 40690 37033 1087 4154 23129 29575 26526 8778 40915 39023 1395 258 23110 8904 12239 18093 30028 31780 10571 33716 18275 32236 18642 40065 40676 
2109 28
7655 29152 22314 8677 39189 23265 18933 19381 513 5313 29438 18368 8111 19562 17571 32631 1812 16960 29509 35530 26033 26777 8730 13343 33851 9078 14728 14158 
4151 29
5773 12841 24194 7861 7414 36539 36028 19659 3004 29903 30380 33014 35322 27988 20768 15092 5408 28767 20500 41134 14735 21317 6227 26962 16828 16211 10985 23847 12629 
1053 28
23228 25151 30776 1440 12 32574 17666 24190 3548 17939 28224 24564 10724 9012 2576 23887 22131 23811 18523 6924 36673 9487 29977 2714 638 12625 41250 6886 
5148 29
32232 39910 28163 34403 22442 13476 3794 35916 13215 38151 15120 37428 30138 40811 548 36830 34065 24790 34699 13357 10427 10938 1928 26628 4492 19340 1133 23334 17206 
4597 29
20984 10404 3776 23464 27062 10691 27038 27364 22406 7056 20911 34249 8509 36419 9268 4686 40805 18432 19585 32198 32797 24735 34706 18365 19259 10343 34438 20257 20014 
1671 28
36722 35787 35175 8785 29262 34478 26455 22333 10919 33445 8711 5058 38544 30729 6458 24956 21322 18562 27780 38100 17569 2641 12345 10555 12230 27660 17684 24373 
689 28
21930 2813 18725 29368 39162 16702 28627 13831 24684 10908 19975 16163 8350 4852 1376 11222 34885 168 3840 37974 31580 20395 37922 21480 36120 21846 35991 8983 
1843 28
39441 6708 27361 38512 22893 37600 24089 29388 8221 1911 35951 6840 1546 17913 2169 10075 21471 7166 24512 2552 20006 2788 37528 29351 14177 18029 2012 40572 
516 27
13766 20442 21399 36584 37791 1182 8326 31686 33499 18050 8889 40571 11801 12209 20000 37785 30343 31146 17674 19092 22574 33044 22670 35285 19714 26124 40344 
556 28
7801 695 40292 17727 36241 14075 37314 34473 25079 365 24624 36588 12505 34026 7266 27560 28930 5323 33271 30757 8137 1432 25232 23941 2542 2507 5964 657 
6524 29
38005 4440 33155 36235 4268 16656 31068 5383 36219 20654 25176 13243 23741 38733 27806 23084 20105 5673 32681 15289 3516 26919 9527 6046 30382 607 30769 1929 3956 
5643 31
22115 9688 9284 37069 6805 38066 40109 14219 34769 13257 1838 17032 31260 23882 4245 15260 10069 15370 16427 31832 27397 36105 8414 38898 28859 10531 11029 6654 27865 19645 31343 
2021 28
12748 20514 41277 14426 36687 21638 23631 4987 32291 5062 20941 34048 4663 10490 28546 40876 15713 39211 5992 10196 27080 2407 37161 32300 37831 6873 6238 8115 
4592 29
29316 40287 40412 4400 683 11757 15599 23634 7943 10409 13179 489 34263 10066 17382 28312 22181 37818 8039 13950 32171 21866 35296 9990 39510 29473 33870 34481 32750 
927 28
29668 675 7161 37931 22630 5311 38405 33251 14940 4413 32061 907 2304 21617 37903 3540 23261 13826 8700 35551 10077 3462 37620 15458 40605 6119 11188 12677 
3624 29
25130 20616 25017 28265 4468 6169 38344 27872 36091 17418 30986 34645 172 23624 38985 6670 32439 24304 26731 4790 36006 22589 23460 1622 28579 32587 12857 17986 25685 
6604 28
27771 28914 17722 7763 41316 26978 8029 33793 41381 13017 25329 4041 35219 355 36832 17739 34590 14523 12103 32821 10004 707 469 11558 5423 36867 28024 1560 
6759 29
37571 14919 12589 11076 8017 15275 34711 15698 13441 40460 1851 28706 17938 23816 2206 30197 20645 37625 26930 484 13637 10711 29234 10884 32433 9510 36983 23087 40428 
1923 28
22286 34522 4620 29200 10514 34258 27614 31634 27492 14384 1767 26336 16612 38333 26276 40983 3287 19182 7488 24566 30379 6300 18342 9177 20279 37700 1855 240 
5479 29
2529 8413 29564 19247 11073 19027 10807 17911 26989 27893 15216 13109 22154 5987 25626 9303 19286 13194 20144 39419 35364 22144 15372 26608 35671 12647 38656 20149 18809 
4306 29
688 15465 22938 32603 20872 9068 38679 38052 28682 12828 40026 35198 30245 15110 5125 18968 26823 24918 29433 27768 20075 18333 15017 4396 4996 25203 14568 35241 35854 
2125 28
12720 19231 295 15322 21208 6056 20205 22051 28254 1161 19395 33124 28407 22780 6642 21704 5223 1474 23994 4668 3290 18063 17764 13683 27263 40381 31125 35866 
293 27
154 25381 1481 1719 2124 13490 22535 41385 31774 22616 6035 11322 20034 23001 11562 27983 39448 19150 32079 8664 5118 37337 22277 28045 34032 36267 34912 
1427 28
22696 41389 24119 32004 19390 10041 20527 7790 22930 23964 38914 34489 20444 11355 27366 33314 36831 31397 2622 30503 20895 3977 14531 17272 6853 11589 22175 16425 
3681 28
17706 34321 4293 8431 34428 3407 34853 20005 32488 21106 36760 10730 24953 36164 991 26294 26076 33005 17683 22861 12666 14969 27898 40470 39844 22290 24179 15978 
1954 29
10395 2118 16987 6785 12558 23244 23810 16741 20295 25189 4112 10161 13169 16292 25006 35177 22747 5480 39346 12182 40778 33595 38353 35074 38463 13384 34179 9708 38669 
2297 28
28325 2284 19403 7755 27205 37632 18981 36113 23303 37302 33016 29111 10301 14342 27373 14530 36950 10973 35570 1153 30556 31288 40854 29050 38564 34722 29087 32348 
6268 29
16012 22429 9013 12646 13127 11230 14958 17761 33212 22427 28361 36184 26479 27870 10230 10413 25776 40308 3298 13794 21135 39968 6245 16107 26534 7787 39659 36536 25110 
3105 28
6000 21019 1283 11157 7180 8376 34316 38541 6478 23080 10758 40942 30541 16538 29221 97 28205 38451 30895 3800 12829 24833 21362 16081 17906 2327 24090 27333 
1411 28
5564 22259 7527 652 36301 17293 36078 19650 36415 18833 32533 10812 19745 3675 9648 41242 15802 17422 14783 2496 14572 35392 28371 3135 13175 28498 22714 33600 
5306 29
38603 34616 29462 25952 37312 40378 21806 33543 15058 37591 2357 13289 39375 26810 20964 29724 25875 12488 737 14839 37192 25457 19242 11718 37783 537 8207 39442 3453 
4617 29
23635 16171 34773 5096 12681 19770 4285 23929 26472 3957 2911 35016 31313 23780 38750 1903 980 33855 36755 33905 10457 1042 18308 24440 15303 38035 7020 25924 6460 
3872 29
29818 25874 38468 27470 29809 39509 11837 7818 2573 14910 13288 5995 2498 31426 39351 20203 14718 9704 696 32784 38354 22069 31778 21182 12491 10131 19626 15822 2245 
4321 29
39762 104 7950 5039 13205 10115 17216 29326 35764 29297 41107 14463 33804 33921 23530 33049 14191 878 37870 24185 37402 20373 5120 39630 38185 36869 15048 9916 34287 
1477 28
23948 38572 15781 33895 38373 22580 24625 12385 25768 35414 7662 26918 22342 14608 7878 2183 27590 33584 19521 9643 8870 41078 16371 34212 36322 38606 11970 33904 
2366 28
12337 24303 26851 40089 19482 37084 31451 31928 12951 19556 3357 11656 36259 39056 39911 11081 1795 5700 32741 1075 13665 22102 2495 942 33813 6065 38043 14238 
2841 29
940 22768 18306 33752 4691 17362 7591 26194 7782 1875 25256 29441 27085 13860 36191 27793 25710 38628 1074 14139 18870 18726 37834 25831 21127 10835 11358 31530 15795 
398 28
15444 17203 37295 35569 24793 15629 20416 5719 20522 32324 40946 40426 7097 9961 17177 38641 994 35488 4520 15636 39639 2320 9507 24117 24517 22455 34267 29661 
2486 29
21576 13738 30502 15249 27878 1409 26721 13454 31111 26452 563 41195 12163 29917 26424 22709 16264 3098 21931 7795 960 9974 8532 32896 19869 40820 3642 26129 7490 
912 28
40806 27642 15837 31226 7853 23034 3 16216 2414 23103 4444 39180 28570 1738 37210 32030 18861 39594 39882 7388 31179 8957 26054 22502 17623 15155 1274 24306 
2099 30
16475 5907 16093 23039 7101 6349 22891 16122 26719 20301 14870 18830 24370 23230 39985 10038 31477 6652 21841 25217 14153 13867 39237 31180 25896 12830 36860 22031 4163 26566 
836 30
14819 26984 2816 38123 6943 7735 22641 2095 14315 39103 23027 3795 14794 30153 31510 29793 25431 19272 9661 29938 7773 5364 32309 14920 10347 3603 6690 34248 37810 26867 
3537 28
5486 20714 36077 1658 35609 25433 21155 17166 21302 31209 34495 27990 22466 40694 6367 6243 32926 35752 26609 25552 1999 38786 41273 26404 4721 37695 17685 13976 
3539 29
21308 20679 20549 39650 41349 40273 35044 23794 21811 9879 20187 23734 5835 6865 14771 26034 14195 13666 4199 14276 20999 32799 41208 37052 13048 217 1007 19052 18455 
2729 28
1015 17491 41076 28006 40190 27501 26106 37384 33452 21708 23663 5569 4332 35076 19346 35283 35129 6171 35587 1394 37189 38663 23264 6561 37580 1460 37759 37608 
570 28
37601 10208 15147 21050 21670 24419 25953 32239 25830 25855 27908 13060 6220 16458 1018 24561 16634 21354 12573 1412 10430 7625 36033 41075 7420 33214 23197 16756 
2981 28
34223 26122 5445 35442 19287 9745 10294 21927 40436 644 23902 37799 18155 24265 11560 7704 25714 16074 27234 22836 36364 27156 4601 3883 16994 31930 33589 25909 
4889 28
7571 3469 32216 26375 38081 17987 19267 39456 18804 27477 36625 22152 31891 25234 10171 12104 3406 18254 16903 31464 11555 1229 18087 22213 8836 38409 34467 7781 
1134 28
27293 19321 19793 20182 6505 11831 38042 113 21900 23952 18714 3076 30391 32815 30656 18255 26826 34452 21297 15886 11683 26248 39556 19014 24365 41247 32359 25250 
4454 28
32711 25781 12158 7504 32625 29390 13641 1294 28250 9755 7027 6173 31830 24076 25334 4348 14046 335 35664 1466 27907 28506 25477 9212 12049 25914 21367 22822 
2781 28
37836 38992 33756 31170 34667 12197 37703 4362 33536 828 30939 31187 26019 7271 15243 40301 23118 9726 27707 5147 32196 16517 40803 15716 13601 24687 2065 15 
4020 28
20844 28263 2340 1189 24397 18027 34044 1495 19386 6354 22107 2934 38514 17590 27984 8994 14623 2239 1888 15217 7387 25343 38217 2626 14702 32014 4702 17053 
5141 29
36855 32864 10628 39003 24458 21730 13966 8917 10809 26419 9541 35514 31116 31448 15247 890 2897 35735 33707 38160 3390 5757 36360 8774 7282 18441 2836 2083 29537 
5669 28
27611 30498 15348 40665 30084 39341 9699 9838 14103 19631 35878 20738 34060 10862 945 3195 11281 36881 9121 40243 2333 6511 18425 26387 36031 18495 14989 24761 
4574 29
12606 35564 19984 21853 10111 24295 21128 14298 16810 16684 18767 328 36334 36701 33516 15350 18986 26469 23737 1392 38009 1223 29 36924 38260 9424 26588 3262 7587 
4515 29
27993 19843 3190 30144 8851 23388 16254 21039 971 20242 24501 20666 515 18364 17662 11352 1057 7748 13610 33280 25507 8788 27618 27902 8530 33336 23995 30868 32633 
5584 29
10599 36026 9230 20675 26042 40525 18509 17916 33594 5571 184 31613 13695 34723 3880 20031 5818 32618 28414 18442 16581 23000 3009 800 22335 420 23284 22253 7260 
1969 28
33437 35212 4193 28603 11093 12366 39054 28673 25031 16398 23349 24999 29606 33845 38928 27585 33681 32670 22577 15151 36089 33914 283 5113 40110 27792 27396 28547 
3046 28
19840 36978 12434 10851 12499 28116 5861 4918 32485 22241 19538 40673 3161 24213 38648 37966 33505 37552 14624 7691 2556 40554 41262 18267 15306 22492 10846 34608 
5039 28
20762 23885 5639 1882 5912 3889 13761 41222 622 28149 4156 39008 27815 13654 20133 35215 30809 12180 30271 31496 24500 9036 12236 15171 25444 28424 27734 15028 
931 28
15888 34309 4736 36743 20877 8335 7462 39184 13349 27752 13 19667 9188 34820 33942 19529 14476 37639 22843 40311 4943 26436 18927 33024 32269 32766 38520 26105 
2349 29
20408 25102 462 40546 3303 15914 15297 23232 35757 23474 30746 30117 9711 29701 11787 26392 30852 1723 34756 25702 34332 13067 8191 37671 31976 16818 34164 19737 6700 
4443 28
18511 6059 22857 34432 6017 2898 10031 30685 30114 17147 15909 31337 35900 11463 10723 22622 39487 39842 16252 25731 3587 12445 23093 18328 5760 17222 11168 26110 
1398 28
34905 12325 26925 1770 10780 35631 9045 15573 37988 9292 8924 7942 37542 13458 27124 14419 29146 29930 22425 9862 27471 32580 36141 24029 3459 32188 11607 9871 
1737 28
9511 10818 24695 4607 31435 28057 22135 10449 6020 39042 38304 14707 31506 23310 500 20431 402 8386 14151 37588 4426 27963 32244 21513 2510 23328 3716 29222 
311 28
15279 26912 13546 26334 35176 40870 3509 18195 8963 21054 40644 35420 13604 2948 18743 37429 24172 24578 35210 13735 31790 4623 28837 22494 21493 25288 12086 10843 
1732 28
1181 11059 6812 9559 21233 30612 3171 2039 15254 11529 2189 2873 19003 8893 16914 13395 2993 508 23143 2194 16668 36214 7234 3461 10896 5774 7984 35915 
3996 28
6124 32104 11975 37977 20631 39280 39533 16546 28051 36003 21901 37043 25099 29434 21201 7988 3494 21210 2480 25713 41142 31148 15023 5729 38193 15609 14639 12784 
6728 29
9562 2033 27937 21376 29138 455 18937 21571 15112 2859 37896 12024 24539 33263 5400 2393 1104 38788 3868 5231 12960 18827 2338 37149 37420 1319 22643 16373 16448 
4445 29
26242 26605 39557 32904 25838 18356 18005 11433 12524 38780 31253 909 6962 17627 665 37509 41225 30305 8170 6942 10573 34921 40388 29683 22770 9433 9849 30745 34841 
5553 29
13283 38773 15282 4881 5454 4103 906 39232 5749 36682 27451 12376 4388 5823 17142 22123 21123 10425 28152 37049 34687 25046 7854 8467 21173 15183 18619 7713 10674 
3767 29
35265 27640 39759 13643 2879 4568 526 39460 34016 7023 9565 9937 18559 39149 37346 26319 15209 9918 26545 26172 22844 20507 34162 14377 15664 5119 13930 29155 32597 
5072 29
3334 27172 13659 11537 37590 8685 9910 22777 19603 9126 30395 40514 33459 16463 4328 20311 15891 13385 26240 8934 17773 16524 40610 37372 25815 2632 8258 11744 40200 
124 27
4794 30938 17427 23333 3150 23177 27670 4198 9618 40768 39017 21510 33363 6312 31569 32163 16478 23183 25199 3806 33403 11603 41319 12241 40881 27077 38444 
4704 28
36819 16983 17870 11552 11602 20744 37103 19465 7565 9343 13269 40337 22552 35187 9419 34541 9656 40880 7330 27737 30110 12341 15259 27111 29116 23487 20233 9178 
851 28
7904 18219 37045 16824 21909 36618 35031 2674 20062 9590 29971 2358 8633 24757 13514 6502 25973 27057 10829 1428 2750 23775 23792 29230 19105 28337 32960 5424 
1889 28
4421 27745 2772 5088 17676 5482 4523 20836 37976 12380 15210 37776 10155 33405 15337 35289 24763 23102 1373 12127 10465 37130 38036 23579 5506 14194 41267 21459 
6103 30
23480 10447 7119 22206 16844 9644 11810 28929 28311 19704 1385 5337 9344 6082 26138 23318 19597 13947 21392 15415 2724 31004 12509 9394 2833 6368 17366 24191 28019 177 
96 29
3727 16200 5242 33800 39612 7273 25802 29696 21438 4469 22988 25283 1834 14285 26916 24124 4948 13138 6557 19619 16215 22041 16343 18375 32833 28575 3822 53 37547 
1755 26
37075 19570 3802 11193 15749 15266 41343 21583 17284 4650 24782 14650 9786 36583 1419 16229 15061 18386 3579 12785 23412 9283 16902 5010 17977 37905 
