466
13712 1
22595 
16019 1
46021 
15853 1
15763 
12617 1
56092 
6764 1
23304 
10190 1
51252 
16817 1
18822 
17775 1
6688 
16985 1
11760 
6803 1
60835 
11919 1
75705 
18308 1
48866 
17546 1
53660 
12547 1
82830 
12382 1
34779 
18518 1
45220 
15066 1
54949 
14776 1
2663 
1681 2
84856 39650 
13744 1
51391 
7797 1
24819 
4198 1
80337 
17911 1
62196 
10261 1
73002 
16667 1
763 
16374 1
27797 
17064 1
42590 
16898 1
5037 
17951 1
39568 
10132 1
42638 
10269 1
81333 
18127 1
23827 
7730 1
34539 
17813 1
67645 
6993 1
18176 
18158 1
23627 
15720 1
2969 
2373 1
45342 
15851 1
80982 
16089 1
18691 
18319 1
9222 
618 1
68908 
12870 1
78725 
5129 1
78555 
12735 1
1868 
9861 1
11211 
18365 1
35991 
16798 1
37650 
9690 1
48666 
5953 1
56861 
18632 1
52434 
17158 1
54407 
16122 2
73138 36231 
14906 1
25862 
14864 1
46373 
10130 1
79315 
11443 1
34541 
17328 1
57751 
15150 1
8569 
17121 1
16397 
11923 1
17877 
12513 1
67537 
12857 1
32340 
6185 1
46218 
15719 3
30551 25977 80191 
11849 2
72949 68981 
12897 1
24393 
11682 1
42543 
9713 1
56825 
16228 1
12274 
13140 1
2525 
13376 1
33379 
12401 1
4963 
11579 1
56556 
10972 1
43215 
17208 1
17075 
9482 1
5966 
6396 1
34632 
15355 1
6122 
3747 1
45030 
11439 1
60848 
18425 1
63276 
17552 1
74094 
10075 1
29318 
1546 1
25711 
9948 1
57473 
15918 1
68442 
17749 1
62398 
3960 1
52369 
13548 2
18514 26422 
16055 1
7323 
13807 1
41919 
14635 1
67877 
10413 1
9296 
5740 1
84621 
15904 1
26592 
16494 2
72523 73979 
16982 1
26850 
11406 1
27890 
18428 1
50171 
10384 1
9767 
18666 1
20760 
18120 1
61052 
17463 1
43617 
14620 1
3689 
7428 1
50438 
17566 1
40978 
9734 1
996 
8707 1
24245 
13098 1
60444 
11089 1
79283 
12118 1
84418 
12030 1
73639 
18171 1
36900 
1766 1
77722 
6616 2
56799 44520 
17331 1
28011 
17157 1
60993 
11395 1
59716 
13866 1
65676 
16373 1
77580 
16117 1
74654 
10916 1
42229 
12828 1
39369 
10797 1
78209 
17314 1
68137 
16262 1
50980 
11370 1
52994 
16693 1
9110 
12527 1
62270 
11963 1
31848 
15520 1
15549 
13683 1
68801 
17588 1
16051 
18180 1
63929 
9894 1
52202 
12314 1
8175 
6797 1
50863 
16966 1
81257 
2556 1
63341 
16733 2
38814 70690 
16197 1
29583 
8693 1
57475 
11751 2
67012 65490 
12077 1
46706 
504 1
52864 
15208 1
31041 
18644 1
57208 
5299 1
81489 
5532 1
1921 
14802 1
49896 
11334 1
25092 
13554 1
2715 
3754 2
32805 46454 
5768 1
28408 
6209 1
9555 
17640 1
26383 
10625 1
35137 
16555 1
76807 
15630 1
41868 
17242 1
78474 
3255 1
40331 
17538 1
79858 
12637 1
78330 
11184 1
16417 
17887 1
63289 
15760 2
51414 11067 
11490 1
84776 
17006 1
33024 
17924 1
53822 
14131 1
71546 
10488 1
65327 
17355 1
15361 
11828 1
69889 
11541 1
16695 
11715 1
61043 
13088 2
81238 8217 
11871 1
40501 
16171 1
21873 
4057 1
61849 
6221 1
54823 
8898 1
41137 
10007 1
8721 
6554 1
80943 
17345 1
2811 
15601 1
67714 
10627 1
39563 
14850 1
83833 
18489 1
11484 
17694 1
82764 
17777 1
62279 
17283 1
77426 
18181 1
48181 
11393 3
81173 53730 32024 
16247 1
46108 
11087 1
50063 
18122 1
42670 
12624 1
55843 
18232 1
56359 
17860 1
42940 
12650 2
75462 58510 
1014 2
27672 50683 
7969 1
10997 
16515 1
27980 
6276 1
48921 
18533 1
33113 
10613 1
73084 
17241 1
55458 
9982 1
22049 
12691 2
37526 25559 
6660 1
16550 
316 1
55160 
12254 1
39165 
11920 1
12718 
9153 1
29835 
15279 1
53065 
15001 1
57 
15112 1
10044 
6682 1
74646 
14601 1
71368 
8908 1
8810 
15340 1
55274 
16691 1
77357 
10414 1
73568 
14303 1
83756 
626 1
3059 
15901 1
13631 
16253 2
72264 21405 
11626 1
82532 
14715 1
24448 
17223 2
27886 20464 
15488 1
43890 
18000 1
19663 
7782 1
18462 
13077 1
8435 
16870 1
26617 
12151 1
67310 
18415 2
23101 57710 
1373 1
30917 
15612 1
29703 
8365 1
42911 
18421 1
77619 
4119 1
63125 
4509 1
6188 
3187 1
32004 
17405 1
82212 
18076 1
52343 
14410 1
67594 
18498 1
29524 
3622 1
37779 
12642 1
75540 
17096 1
61278 
5273 1
25315 
18325 1
4805 
11020 1
49587 
10171 1
52344 
12674 1
40301 
18513 1
29729 
13693 1
76969 
15680 1
7415 
7434 1
82768 
11769 1
80053 
15599 1
80266 
18228 1
55988 
16322 1
75639 
15179 1
29026 
15577 1
25341 
10026 2
44641 84184 
11763 1
74784 
13169 1
12892 
18537 1
57393 
18153 1
54417 
8741 1
52901 
8570 1
25552 
11119 1
10843 
13034 1
29554 
13418 1
69435 
9010 2
77388 55182 
11195 1
54841 
16639 1
83655 
18064 1
30323 
14331 1
2648 
12273 1
47577 
12827 2
69829 4174 
208 1
46916 
11088 1
19368 
15053 1
25366 
7962 1
854 
6476 1
47352 
18045 2
5158 11045 
17829 1
52502 
5736 1
35156 
10229 1
32928 
18043 1
31949 
17203 1
64405 
12079 1
40692 
14446 1
66380 
13323 1
20016 
10122 1
59297 
14767 1
70404 
18434 1
77319 
11544 1
48525 
11843 1
72185 
10881 1
50641 
17145 1
26638 
16805 1
1905 
10213 1
19833 
4839 1
68808 
18373 2
74967 81380 
15865 1
64184 
10616 2
76423 57562 
15541 1
22778 
195 1
81886 
9579 1
66923 
463 1
67024 
15008 1
26736 
18480 1
61304 
5672 1
25834 
15700 1
54894 
12572 1
74571 
17359 1
46473 
4989 1
830 
9448 1
21476 
15471 1
40163 
18570 1
75653 
13860 1
58572 
18634 1
18353 
13460 1
3664 
11830 1
38087 
8884 1
60713 
10758 1
57482 
2861 1
71225 
18213 1
52396 
11204 1
77022 
17563 1
80087 
13908 1
4408 
12728 1
25549 
17679 1
36745 
17374 1
28642 
15020 2
79335 43642 
18439 1
19243 
14622 1
80914 
2110 1
78805 
13988 1
8563 
8289 1
52959 
14944 1
40662 
10115 1
15050 
9044 1
790 
16503 1
601 
18387 1
43242 
11162 1
39907 
7821 1
82556 
4362 1
26382 
9261 1
71861 
9143 3
81443 32780 16999 
6429 1
36876 
18281 1
64973 
15383 1
59850 
18159 1
39886 
13604 1
38350 
7356 1
82325 
4329 1
52058 
15261 1
27811 
13216 1
74835 
16918 1
37999 
1152 1
16828 
11061 1
67280 
13301 1
53574 
9984 1
39938 
16843 1
36120 
17812 1
38115 
2331 1
625 
3347 1
58637 
10989 1
30292 
13723 1
37689 
17407 1
10201 
6703 1
58137 
4121 1
7800 
14402 2
37402 40603 
18371 1
30332 
13659 2
82674 31240 
1745 1
38023 
14044 1
56734 
13515 1
50071 
8537 1
33918 
15777 2
6378 366 
11571 1
38183 
17662 2
55796 83566 
5194 1
74523 
7519 1
79412 
17742 1
8881 
13873 1
5402 
18677 1
3246 
17381 1
48165 
14063 1
34614 
16723 1
53398 
15592 1
68197 
10501 2
40074 22664 
15669 1
15592 
6948 1
7764 
13557 1
75651 
12400 2
15985 81177 
14581 1
34190 
7461 1
35057 
13624 2
23533 82264 
14090 1
52646 
15560 1
65376 
4704 1
55965 
16383 2
59460 58689 
15313 1
20924 
18452 1
16592 
13185 2
24341 18334 
17927 1
61167 
15501 1
47675 
7432 1
427 
10712 1
25624 
13921 1
8232 
6088 1
50852 
18583 1
4270 
3459 1
84969 
12082 1
45366 
15994 1
26840 
16886 1
56487 
5019 1
7862 
18647 1
5907 
13285 2
1291 9713 
3026 1
7981 
10063 1
84346 
13539 1
65115 
716 1
30753 
10959 1
58132 
6564 1
37928 
8140 1
35630 
5184 1
46309 
18411 1
65161 
17575 1
53177 
16129 1
19849 
469 1
67892 
12398 1
50528 
8257 1
48276 
17286 1
38871 
17151 1
62164 
18058 1
68549 
10125 1
71438 
10480 1
41367 
17733 1
21138 
8807 1
61329 
17267 1
36454 
13508 1
77661 
4488 1
11540 
13905 1
56492 
18172 1
11206 
18133 1
27465 
18307 1
15921 
7069 1
67379 
10774 1
83207 
12134 1
55001 
3907 1
10282 
2212 1
64450 
6693 1
78247 
11124 1
71817 
5819 1
22770 
3801 1
77784 
16899 1
41084 
1933 1
24676 
17934 1
8482 
