335
6012 2
72572 31938 
20884 3
47873 57996 33628 
1681 1
48504 
5147 1
50007 
1200 1
26778 
15401 1
20849 
860 1
8278 
109 1
78952 
21090 2
46624 55599 
6863 2
10817 67965 
15584 3
63273 43865 43510 
21321 2
17918 4266 
21837 2
50210 44065 
5151 1
85692 
3956 2
73994 15487 
6337 1
86358 
18825 2
52259 79338 
12547 3
76950 58513 58349 
5449 4
10816 14519 6128 48055 
15530 1
52134 
6044 1
2414 
2787 2
64181 46262 
12531 1
16488 
19637 3
12221 30395 14979 
6305 1
57014 
4588 1
57106 
4130 2
17390 13434 
523 1
13469 
364 2
43537 79382 
20061 3
4001 38866 22810 
13549 3
48839 74402 86431 
11577 2
23255 70292 
8441 2
50380 94260 
874 1
91087 
5053 2
64315 41741 
16858 3
73061 72361 4154 
6182 2
22881 48810 
10688 1
25242 
22584 1
31988 
6042 1
51252 
11803 2
41096 85865 
11755 1
64582 
691 1
47101 
22302 2
69477 37329 
21821 4
48216 49221 5852 70740 
15 1
28179 
728 1
56890 
394 1
52423 
16899 2
14792 52287 
7317 1
5609 
23722 1
93383 
18153 2
23275 35593 
12798 2
83748 93685 
21363 2
41902 87884 
15842 2
68771 86001 
9330 3
60307 36963 7290 
9280 1
78819 
14974 1
5156 
7167 2
8529 82606 
23509 2
74777 55270 
13209 1
42428 
707 2
50816 12726 
2035 1
5851 
827 1
20803 
7826 2
46088 44016 
7266 2
28090 2068 
5319 2
39575 64437 
2932 2
45982 82625 
20945 3
92106 72550 11028 
19872 3
88566 75380 58575 
17018 3
2812 59647 28657 
11552 2
45776 68400 
21224 2
71835 40731 
5007 2
34987 655 
7344 2
65797 47878 
1632 3
71755 49467 30279 
17817 2
42335 94081 
19228 2
2512 20717 
12030 3
24291 92177 64913 
1710 2
11333 34158 
668 1
91301 
24612 2
32159 26293 
4459 2
36362 42543 
4814 2
24043 68511 
2458 2
40336 75853 
421 1
74502 
248 1
27421 
10921 1
60787 
4584 1
44502 
9154 1
48731 
11864 2
78030 6315 
8233 2
24737 60913 
7224 2
92957 62070 
3527 1
93411 
2130 2
87679 8581 
18880 3
91182 12464 18110 
22756 1
86470 
9342 1
80278 
24900 2
89712 90475 
5598 2
1495 53438 
326 2
63332 19587 
1021 1
44692 
17241 2
80955 53845 
3879 2
53125 10187 
10549 2
25 53346 
694 1
51708 
17010 2
94049 44602 
10053 2
44464 28295 
14078 2
70701 62978 
18371 2
89897 34996 
21218 2
19011 78177 
20529 3
30564 16751 27684 
12557 2
19149 36385 
10710 1
40959 
21500 2
36821 4503 
4309 2
78945 31791 
14773 2
49736 78018 
18628 2
4648 69764 
4716 1
88100 
2591 2
5668 83089 
857 2
25117 13226 
20909 2
73640 66458 
50 1
41555 
6490 1
49734 
5368 2
19277 30667 
835 1
38049 
22752 2
83869 30794 
5066 1
54045 
17911 2
21042 23092 
3177 2
34472 9340 
4053 1
61860 
16659 2
29827 80666 
20214 3
601 8432 339 
16489 2
59207 61608 
4720 1
18918 
1663 1
22214 
331 2
38465 19611 
1089 1
473 
21016 1
8613 
12087 2
28017 9585 
9460 2
39910 48998 
3076 1
21559 
9299 2
64924 70454 
20868 2
80333 2122 
21941 3
42632 17720 34431 
19085 1
86030 
1466 2
38818 77177 
4591 1
27923 
21313 2
42301 20266 
22740 2
93782 41573 
8097 2
37913 54442 
3634 1
59693 
12946 1
31244 
13978 2
92620 65052 
313 1
53004 
20130 2
66410 68962 
15290 2
59640 69487 
136 1
93448 
21124 1
86745 
5371 1
86989 
13083 3
43205 68977 14019 
16655 2
940 26904 
451 2
81251 95272 
5814 2
28905 34022 
13858 2
12678 57810 
13228 2
4761 85361 
7742 1
13101 
24857 2
14224 83756 
3653 1
63642 
492 1
53518 
23800 2
12345 47428 
14388 2
33838 15170 
21779 2
27579 81620 
9894 2
79759 36482 
9151 2
78078 72744 
15655 2
12823 23119 
2629 1
92319 
2950 2
62890 95221 
22532 3
29956 41257 91025 
4822 2
90009 44341 
13434 2
20357 37409 
273 1
8237 
12553 2
42015 21919 
7013 1
8497 
22597 3
26789 67739 52687 
10027 2
26982 19245 
293 1
40955 
13759 3
36420 63291 25939 
17679 3
54391 83909 66380 
13283 1
2799 
17819 3
42867 17270 52682 
143 1
8997 
902 2
27614 64307 
1287 2
44339 91533 
4499 3
13536 34754 95171 
19330 3
77071 37661 26163 
9085 2
78809 8182 
2672 1
64920 
16432 2
32443 75910 
5749 2
74423 44965 
22826 2
87161 28283 
14458 1
84048 
10863 2
11422 59817 
8081 2
83670 43089 
1219 1
73958 
14470 1
7564 
13630 2
75841 48515 
6588 3
84404 387 32782 
13019 2
87080 59762 
6059 2
3821 61479 
1540 3
50657 7634 69123 
7780 1
72768 
2508 2
26577 4845 
13135 3
26218 94062 4972 
667 2
4222 72848 
16903 2
56887 33933 
7852 3
57403 88401 92482 
15833 2
81250 17864 
1166 1
90488 
722 1
39444 
16525 1
18444 
1889 1
82385 
712 1
78476 
7471 2
53178 44697 
921 2
11036 71397 
5038 2
90744 81424 
4119 1
7989 
6995 2
79899 86248 
5283 2
19448 41193 
20034 1
89114 
4509 1
73079 
3911 1
91282 
2343 2
74923 95158 
4653 2
23139 80435 
15282 2
12153 44475 
3706 2
67276 89024 
17698 2
72320 53921 
3149 1
69697 
16269 2
37601 35284 
139 2
34911 58069 
6104 1
29621 
9220 2
26866 37938 
3715 2
57384 64261 
115 1
3007 
7475 1
74107 
7439 1
60112 
926 1
42040 
783 1
59230 
3052 1
50461 
23017 2
3366 14532 
6440 1
64425 
165 1
89414 
732 1
38405 
4187 1
71437 
11749 1
26452 
432 1
58382 
6512 1
62491 
11770 1
6695 
21081 2
92486 32137 
632 2
46243 75132 
20799 3
53813 73629 74208 
19367 3
81864 37268 43158 
1491 2
89262 47909 
10215 2
26257 66527 
280 1
92672 
18859 1
83936 
4501 2
31113 72118 
1034 1
57506 
9173 1
90439 
23819 2
7156 68291 
1813 1
36041 
321 2
32841 4897 
4052 1
25006 
19205 2
62374 59689 
6566 3
57993 20747 61867 
5530 1
6552 
101 1
37178 
5481 1
76456 
19667 1
88619 
2177 2
63200 15271 
440 2
45827 59780 
15782 2
6659 80743 
15343 1
44997 
3106 2
92600 46101 
711 1
42547 
4413 1
69909 
533 1
53043 
4601 2
7380 48152 
19836 2
5483 2611 
2724 1
46339 
8575 2
41737 17356 
3301 1
38295 
8519 3
71153 13048 80046 
7999 1
76732 
5037 3
53513 31500 43407 
2067 2
89507 636 
2451 2
37293 65823 
156 1
1386 
24718 2
89736 94002 
20566 1
57921 
5604 2
54610 68431 
19952 2
91536 49627 
20806 2
71300 35225 
19990 3
29653 71849 7790 
24668 2
36968 49097 
8182 1
88820 
10663 1
64447 
15303 2
33875 26912 
14015 1
4136 
447 1
93909 
4081 2
75813 10612 
103 1
61928 
13828 1
22235 
3771 1
4398 
10248 2
41171 31257 
3397 2
89894 40964 
18742 4
69308 26540 36017 57248 
23707 1
89759 
3369 2
65890 21408 
5719 3
13521 38731 42903 
4871 2
52492 73801 
14329 2
36634 53148 
20717 1
92460 
671 1
90969 
615 2
66819 21702 
776 1
18353 
20166 2
64763 22268 
16015 3
20750 90822 23494 
7282 2
90269 64903 
13291 3
23514 66433 92763 
734 2
21786 16141 
10275 2
21763 24780 
7647 1
51606 
13169 1
29625 
21761 2
71833 3381 
