141
2116 4
26503 61167 42468 61405 
7987 4
66214 52147 41076 25072 
2676 4
39253 43335 29006 17940 
5211 4
10597 29399 26709 87204 
3196 5
7697 70815 62191 78096 53886 
3325 3
29731 81513 70739 
19079 5
76896 72846 56665 20066 15417 
17306 4
19661 88930 8446 51853 
7458 3
65074 12538 65863 
21381 6
25199 13890 547 21621 39646 54247 
7760 5
91073 87688 60088 85488 18215 
6596 4
33333 41935 46628 50685 
9743 5
5536 29338 46027 16836 77820 
11763 5
4095 47636 79599 40307 52357 
5148 3
34132 72383 49184 
4849 4
65298 59696 64889 25885 
8542 5
64520 30818 78436 48909 41447 
3861 4
60813 24048 8833 47577 
7436 4
20556 33620 92133 78265 
20973 5
35851 66672 58385 65292 56049 
310 5
38486 17465 2596 71451 87771 
2062 6
38883 9470 38898 18548 24109 73803 
894 4
62102 66186 50822 61778 
8987 5
17493 80989 14831 71040 89647 
2476 4
21752 85805 18577 52583 
18031 5
51609 36547 44303 27380 52429 
3655 4
41407 25564 74540 70723 
21333 6
21345 53930 19008 69515 86000 16683 
216 4
84888 52342 50143 83788 
6746 5
17818 76244 22531 22281 75944 
1124 5
4397 57918 14923 50029 35239 
297 5
29757 43151 69574 50954 9876 
5100 4
15617 72837 72342 47868 
2592 3
6081 32284 92859 
860 4
8295 63612 48347 60912 
5890 7
14863 30984 81239 71210 2085 79144 58749 
8102 6
3334 34027 37575 88689 40468 15335 
326 4
90064 20317 74032 39181 
8161 4
63519 65402 14687 12111 
1797 4
21664 79552 36984 92634 
8134 5
34664 26670 84635 49088 58062 
8759 4
53308 67867 53329 14688 
4334 6
25922 34922 14615 70629 22262 10242 
8596 5
62944 80068 33656 59759 83354 
775 3
57676 9906 33485 
1204 5
13658 39460 62292 46368 45404 
9935 5
51065 92459 4153 18164 720 
7202 5
50944 9013 46065 37445 73297 
8120 5
70233 38937 61876 10396 41524 
3397 4
92109 49625 90810 42513 
8604 5
15767 80172 35154 59962 77805 
3336 4
93122 82757 54568 88192 
5056 5
25609 54775 91967 72294 72670 
13638 6
29685 32348 9280 42463 14408 17075 
9920 4
73802 12030 21013 34174 
1466 4
9594 19019 83476 45660 
21308 6
89342 75725 47307 43932 7819 44959 
7879 5
78372 16162 12924 11715 90428 
47 5
76074 65978 80765 54619 83851 
8465 4
88994 83600 28985 82506 
10573 4
28321 60228 22656 30272 
7256 5
11931 43582 41027 38189 29831 
5478 6
32040 70575 37642 69099 68335 19114 
8067 4
23133 40633 93060 93001 
6918 4
89235 57842 21347 31368 
7636 5
5575 31635 33873 82428 25034 
16845 4
76697 73117 77807 88582 
14979 4
50779 9224 82968 43000 
1237 5
2606 9825 27375 70419 76512 
5342 5
14482 84631 78084 41964 25176 
5841 5
53716 46483 76565 92865 4725 
635 4
4125 69990 22950 74642 
15308 5
6833 84675 6660 7192 52933 
7415 5
56310 50272 5491 49062 45249 
21082 5
90413 14832 44386 28566 7432 
1122 3
80497 31703 6315 
1963 4
4043 85903 67246 68558 
8018 6
44333 90804 47755 37194 31853 6076 
5414 4
46078 1692 40657 51898 
5832 4
70587 43131 57122 24799 
1549 4
55819 57084 62736 51299 
5166 4
91481 5847 9582 33749 
20030 5
85596 20707 84959 72810 66899 
9080 5
87187 33606 41375 74841 5193 
11317 5
27106 1927 5297 42737 49204 
3701 4
45339 53180 51793 87047 
6605 5
18671 12342 62352 81540 4769 
15215 5
74243 76987 37380 50828 91762 
4486 4
16080 50897 20800 23234 
6456 5
33918 93610 14948 45252 8121 
8301 4
77548 46468 16168 90464 
5231 4
59440 5393 49742 19288 
7079 4
71657 5225 20477 68918 
7271 5
87797 92658 38072 60671 82152 
8884 4
37462 737 73951 67678 
2614 4
13297 78467 70138 81423 
21984 5
26558 4805 47718 77880 83300 
14791 5
86837 80083 23624 16750 47523 
6224 5
61547 58187 40813 30050 71801 
6195 5
22855 14899 48614 49435 42797 
2085 6
83200 87723 26703 85169 76517 20455 
4909 4
44358 87570 74568 2201 
3025 4
48838 33725 79927 38839 
924 3
39144 83013 46735 
2352 4
69157 73315 81802 55603 
2375 3
91663 71026 75600 
4796 5
25872 30577 24554 70551 26825 
3722 4
47289 77156 83407 82929 
8236 6
27217 17486 16885 75304 59262 28873 
788 4
26541 3410 92189 86362 
6641 4
75327 19156 28679 66705 
8063 4
93396 34882 47668 10012 
13368 5
74191 47738 61141 58666 62934 
8143 4
28790 83512 17743 11292 
758 5
11619 24030 59246 85539 24594 
3223 4
10749 88663 36456 31332 
1596 4
31059 6288 93135 36976 
5689 5
76925 44051 34990 34112 82654 
2950 4
37641 72617 53314 40439 
20489 6
84477 36803 91715 86412 26018 81234 
5780 4
59122 34150 18354 70020 
3469 4
46577 15627 65953 70184 
2670 5
49495 78978 51081 62224 69948 
18232 5
57789 26437 70515 48520 32728 
5826 4
1765 53098 70777 27290 
3468 4
91257 12438 86966 52281 
18518 5
38713 69200 65908 13809 14818 
8707 5
19500 68691 53550 76982 87352 
12532 4
80894 7002 77987 12690 
4527 5
38886 24145 77171 76379 85873 
3198 4
89260 15591 16791 68754 
6087 4
55303 90640 6867 48511 
1754 5
11720 28930 15421 10923 4457 
4945 4
70939 81933 1312 72939 
12259 5
78547 26950 18161 9342 37710 
18236 4
92687 8721 71868 58965 
16816 4
4018 68263 76440 50202 
6713 5
73612 29510 53467 45141 91307 
4711 4
44498 19588 33593 88360 
10465 5
87987 24823 44446 43361 46265 
5622 5
562 43465 46623 43624 86193 
