145
2777 3
12132 54833 82046 
5754 2
83347 60447 
1055 2
12152 52285 
3391 3
906 16345 48419 
14413 3
14143 14531 47549 
2320 2
47229 39662 
1082 3
8449 47269 10889 
8312 3
66606 75652 29159 
333 3
43454 56873 74497 
11094 2
28129 49370 
14574 3
18889 31035 303 
5442 3
42274 34218 72609 
2529 3
58685 70181 20104 
3649 3
83549 79772 3330 
2937 2
44804 1184 
12335 4
41312 67745 51839 45167 
318 3
53107 35065 16391 
3566 3
71861 7541 14881 
2631 3
73858 82576 74944 
6628 2
8796 30194 
14683 3
23375 57011 11990 
1635 3
82743 24949 44956 
4589 3
3833 70337 43464 
3541 3
79012 8402 32644 
5794 2
64224 34483 
11195 4
85148 67573 33854 7487 
2899 2
44905 47887 
13428 3
32710 74762 28914 
4140 4
62766 68399 26825 71306 
3407 3
69691 13496 3309 
1854 3
61287 66150 6145 
8970 3
58603 1996 46855 
4306 2
42637 21311 
3434 2
34834 51303 
4527 3
42914 37731 34203 
3212 4
1932 43286 54158 83898 
512 3
79673 30390 78999 
8373 3
52927 34285 56909 
1676 2
29035 58657 
2409 2
47074 6218 
4514 3
39427 8259 63106 
8919 3
66129 75487 72709 
14048 3
62487 13002 60977 
14581 3
42287 13969 52517 
5725 4
11868 82301 69394 54688 
3013 2
37784 44176 
11558 3
72258 1271 78898 
363 2
44749 48039 
7971 3
41716 57209 19063 
11277 4
9078 35100 52011 46710 
3382 2
73239 53361 
4477 3
63493 32378 12966 
11788 3
5286 6099 16601 
9133 3
29144 35818 15149 
6558 3
76615 38408 68950 
1991 3
21994 15429 63065 
10588 3
33280 61172 66284 
2617 2
85076 17064 
6527 3
1699 7710 16762 
8528 4
70024 76053 12654 35554 
13372 3
47416 12147 42073 
13654 4
16082 73513 52486 13775 
13136 4
3589 1905 81687 41633 
2373 3
70303 28592 47568 
1688 3
10968 52133 39184 
1267 3
83696 8523 75427 
8730 3
35549 52525 209 
6199 3
62821 77344 34743 
6992 3
33030 43637 59869 
605 2
6880 48084 
5195 2
8812 30953 
9169 3
21675 20850 48542 
11264 4
71310 31589 68566 6143 
1050 3
7787 53111 56248 
11099 3
74543 31075 78555 
635 2
26600 15643 
3827 2
70523 71427 
5846 3
45115 75014 57837 
1151 2
73203 83710 
2465 3
3009 34193 18445 
4582 3
41695 58163 54969 
764 1
77726 
2537 3
28177 33203 81454 
4889 3
46067 65499 43411 
6402 3
26898 11734 37467 
6597 3
46891 25746 52820 
11741 3
24019 80396 81114 
341 4
84489 68463 66043 53727 
533 2
43282 23298 
9493 3
10360 30931 46624 
5644 3
5740 31152 77650 
3684 2
74990 3114 
176 2
5288 25051 
5103 3
48397 18295 42388 
8816 4
34273 17162 30046 58390 
12003 4
33275 79843 16815 75965 
4258 4
1728 24756 39081 73387 
10883 3
68353 57156 81005 
1125 3
31416 27744 65327 
1191 2
78272 80404 
5531 3
54607 76675 12763 
1898 2
5094 48773 
6155 3
14669 53993 11730 
7202 3
47259 79378 72795 
1737 2
34824 40298 
3060 3
35997 81102 3132 
11462 4
81317 33332 10415 16258 
8262 4
26341 69961 4376 38115 
2082 2
45652 37517 
9521 3
77550 58595 40866 
11729 3
77400 1919 39021 
4607 3
83582 61766 59690 
14884 3
32048 28538 58959 
375 3
24254 10200 15112 
13539 3
9233 16896 57446 
11697 3
52771 5705 10476 
5714 3
32061 72407 60754 
3693 2
76762 63409 
14722 3
77687 63667 21109 
1587 3
2192 21510 28543 
2199 2
61130 44215 
4163 2
22188 22677 
2442 3
76934 46621 47322 
13320 2
67282 55545 
6304 3
71185 19481 34404 
11332 3
84529 41982 59804 
4409 3
7325 22145 6867 
527 3
83345 20364 58819 
195 2
65715 33658 
5266 3
28605 84593 4824 
8181 3
75542 39909 14156 
665 3
81486 24664 77203 
1718 2
24896 59473 
12110 3
70420 25933 71771 
3306 3
7735 51752 43760 
1648 3
81426 46460 77216 
9674 3
81635 46999 21462 
7191 3
84012 41207 39942 
4657 4
78945 52831 79612 49724 
8958 4
15605 14443 71943 6176 
5707 3
26803 55045 48881 
2270 2
11092 72377 
2255 3
71988 25843 18947 
10198 4
60831 76923 38899 48987 
190 3
68820 73801 48945 
