98
1944 5
24637 84909 52851 43294 6548 
590 5
14981 82178 69450 43547 79744 
12270 5
69621 71159 25157 58226 45530 
1042 5
36512 69808 19804 61773 63519 
6116 5
55986 69495 23108 39975 26245 
8381 5
50238 8241 64207 81299 3447 
3341 5
88063 74625 13290 19921 27004 
2157 5
22200 24381 76940 11004 40089 
858 5
41795 24987 73628 44561 58205 
5781 5
92526 36900 40483 40026 76478 
14951 6
9867 33288 17720 56712 68645 79333 
2472 5
19597 49909 32882 60850 60067 
8130 5
33616 16743 59184 33133 9443 
13022 6
87189 90614 10817 41050 92318 36857 
2837 5
29031 40519 29976 73342 54956 
5068 6
76555 92029 12323 53404 5564 37871 
4817 4
89816 65708 29568 39593 
712 5
2500 22418 72103 81512 88935 
8289 6
78936 71153 32139 61533 22951 87444 
8728 6
21511 42327 81597 20886 5502 2666 
5911 5
80554 50420 66630 2757 90206 
746 7
72894 73946 40780 59317 42403 25867 93738 
12947 6
4827 84385 81646 29383 87726 41986 
3320 5
39966 53744 74115 49172 16999 
8907 6
73101 17788 23193 69357 87018 58399 
6100 7
711 13595 75356 22273 85001 33633 69827 
984 6
11657 38282 76102 27402 81888 66941 
5531 5
57165 5251 86171 54542 30332 
8814 5
30050 58077 16776 78601 56232 
4249 6
67477 74875 57085 6512 33277 89670 
6906 4
4906 83471 367 88791 
973 5
45660 78454 37948 27122 7871 
4916 6
34370 7172 44652 48964 63377 5545 
8733 6
46451 2781 8825 57516 33842 6817 
12328 5
3986 59188 68441 81186 67526 
12913 6
28710 32141 59591 50321 41250 92532 
7504 6
36440 59423 48797 75035 1359 28809 
6998 6
90421 62111 42532 45404 53211 727 
10275 7
73557 18344 8022 12955 79691 63264 34681 
10345 5
30131 87395 20411 94817 86460 
315 5
92842 672 42092 38104 30983 
2156 5
6904 58487 8230 40388 12291 
2687 5
84665 47127 89309 18039 2138 
7481 5
58607 3760 87931 74227 86430 
9915 7
78205 69786 19703 73813 6130 66744 46038 
1372 5
80256 3349 64547 16614 73018 
588 4
6935 50810 69444 58826 
3334 7
5297 66557 27348 12728 68011 83494 51717 
3185 5
74781 76353 65811 3774 31510 
2929 5
69342 25947 71272 83178 89027 
1777 5
39853 32903 7851 16053 33018 
3123 5
8085 27597 54595 63999 72167 
1991 6
60583 35918 51813 14265 29044 10757 
10770 7
43505 15607 45139 22245 55034 12313 28735 
7652 6
34349 59485 12750 92761 49106 27420 
4545 6
41030 67050 64567 53235 84211 4667 
13845 7
76352 65540 68908 44744 15382 80285 95669 
1961 6
4047 37634 94370 17313 73452 96065 
4857 5
70187 50869 88307 77258 36061 
5902 6
81913 52623 56699 66276 10434 63551 
565 4
80289 5283 19993 36368 
15287 6
12954 60964 345 29666 12386 47169 
167 5
76764 74652 30026 29485 60323 
1768 5
6068 17247 90026 76487 63588 
1744 5
19218 22180 69698 24166 70952 
10587 6
37955 82387 70640 21283 93222 6267 
1071 4
7282 31330 82124 37693 
9147 6
8059 35250 25649 6366 79816 92335 
4121 6
51155 5222 23483 37445 5387 25906 
6655 6
58322 23031 49787 94998 62801 92117 
12110 5
58115 75327 75455 1561 64662 
13006 6
16064 91657 96030 76839 86357 26587 
12158 6
5091 90888 43262 93821 73847 9874 
6747 5
66109 71386 5362 22281 23036 
2133 5
20986 4614 77246 72299 59618 
108 5
16741 9339 70351 13737 66004 
461 7
49261 75430 80453 5048 36244 45414 74530 
14162 5
26107 13579 78199 53469 30030 
2553 6
45723 24633 62843 10287 82486 33536 
6396 5
32737 71758 25860 31835 49425 
2257 6
47088 19394 15112 34175 8624 65949 
2651 6
55138 16608 16391 17608 1774 79255 
3350 5
20833 78680 85335 63052 7585 
426 5
86642 71352 63658 27139 55003 
4025 5
11407 36797 89417 31716 53653 
3863 5
84974 47616 93460 31595 77391 
11127 6
55528 81067 8526 83531 66580 13289 
4449 6
60018 7641 12437 25122 11950 21921 
8385 5
66131 53418 11826 65969 7491 
14724 5
65093 11122 23637 60690 81651 
497 5
35585 73191 14122 91725 24107 
7383 5
24403 42146 2113 34585 50024 
2189 5
89528 14536 17905 23145 54497 
6027 6
69352 8482 13150 34240 53651 5240 
8197 7
19816 66770 16431 46260 28057 15746 53246 
3080 6
10981 18632 51577 35471 77879 96094 
14468 7
78990 13334 57234 68063 19986 31129 51932 
3685 2
71236 55593 
