101
594 69
10493 2301 6560 20233 30851 28649 30118 30313 20746 16753 38728 31534 14392 35031 28672 5693 11693 42781 20053 44608 7984 12157 5848 14574 32964 23920 29976 787 26209 31392 6974 16503 10650 40695 39917 10249 28977 25797 7834 22122 32754 31550 27860 33558 8180 25795 33162 37878 22651 25800 18620 8983 34080 41616 20312 21837 28643 32209 40854 17300 21208 41793 30397 26273 31986 2356 3611 39402 39598 
1984 70
33446 42632 18613 8521 900 43832 7556 26828 21752 11057 11362 44549 13170 35538 16205 26804 10310 38841 28187 1075 19874 29337 29520 33336 39111 10305 29893 1709 21187 28391 44487 15021 27863 33728 18353 16507 5784 35442 44137 44295 30480 9933 7276 6171 14084 38872 36030 1101 11642 36703 19484 15429 24517 33594 25935 14732 21876 35468 352 8538 11531 25221 43371 31323 824 23092 11643 38059 29108 5040 
3824 70
6335 4940 13728 33034 25561 21592 37510 18603 43134 13017 42219 17660 35409 11350 37505 10111 31368 17070 32908 13905 15067 31433 22810 32867 21276 27946 37868 22948 26532 41748 21302 20883 21576 14307 14832 18017 29764 16110 38927 5351 5929 14167 24663 17724 33255 34572 35074 10653 2020 41600 30660 6807 42006 20798 26079 38792 22843 3570 13765 13530 36145 16423 38526 33929 22198 25318 8858 950 29800 43513 
4561 70
17434 11554 22299 12806 16995 31332 2025 6248 33742 38911 1073 26591 8593 30132 24878 26663 34701 44508 28733 44016 35782 24296 29570 22766 7242 14195 42783 34966 35407 19098 282 34411 29918 41475 8872 20530 40432 23104 17314 37483 34801 3953 13533 36900 36412 19733 11409 4475 22292 4819 4647 6037 13587 21065 14079 2251 25350 25998 34987 16980 43966 11560 34650 42897 31907 16792 11403 15460 39855 38186 
4644 70
30711 11408 580 10077 37440 1609 660 15496 18480 1783 2613 35854 37462 36755 17612 5999 16530 14779 27344 39049 14848 7278 30465 18330 44045 43251 2524 18336 23787 20350 35903 37852 32120 31547 36047 39976 43575 33802 24472 37901 20570 37235 31233 15375 36299 26266 8649 43161 22557 2938 25362 37596 134 35975 32661 37867 25729 14886 39145 33122 31610 42426 21637 8739 8099 13286 22005 7486 6305 79 
2032 70
4005 43218 42424 20651 31456 18506 44236 35431 772 5723 16397 23344 28425 23487 26438 13443 17261 10431 22185 32598 35921 31988 31450 37514 27166 12377 12788 18286 7810 44501 14803 28695 8913 43089 19160 25695 33824 30192 35123 37459 10185 4587 30266 14826 16376 6204 14280 16008 24505 19270 35623 16823 30848 29986 38120 17993 36966 913 35861 11658 6355 15912 40726 36585 32020 14314 17149 35321 15644 12516 
2321 70
18484 38954 957 19217 22221 37679 7285 218 13663 22531 40304 38751 31975 38071 7765 895 34237 8968 39587 39234 22723 32937 2661 43829 33258 43298 10582 24287 12079 11908 24554 14957 33787 21056 4209 18407 17483 38716 22570 11163 2350 12800 8869 25358 14423 5419 5764 44277 18215 23508 31887 21475 38347 2340 38477 32547 11344 22119 35602 17312 25840 34188 16661 609 31009 20141 33066 42723 40169 39902 
708 69
40264 1008 42212 904 9493 17713 21200 26407 36729 43755 28981 29855 2398 23680 5605 15116 12820 28387 17576 21914 10432 705 26388 10516 36150 24475 25125 14970 10024 19618 15713 41329 35277 41053 40426 41770 8626 916 27280 29381 923 25782 43576 44291 18138 19170 25485 18756 44157 30534 33387 41767 13812 9604 11001 14136 43608 29581 25435 28876 5752 34166 22499 5628 33653 38984 8817 39367 1471 
228 69
24792 40967 23381 16087 694 369 24072 32523 9861 20380 18493 13384 8335 34832 22097 20967 38857 34742 40090 39197 43631 1393 22041 25204 40468 33314 12650 32358 38451 41657 20937 17130 36346 13099 8430 36240 6373 14123 8270 24548 10008 3681 11354 43341 23246 44201 881 15744 33940 42293 30477 38637 32912 41707 3158 23660 23662 24810 34843 6310 21791 7097 25772 43754 18826 39315 21881 22819 23681 
4373 70
23919 22812 8312 40381 7935 10058 28352 37539 1461 2433 1165 39139 30389 5747 40853 33169 31470 30444 34324 27736 423 43279 22514 34382 38030 4388 40339 43984 24113 8763 24325 18233 33334 24201 29866 23982 5946 3763 1337 4412 38218 9221 40181 9133 16479 8510 36922 7148 36786 37225 19862 13079 28019 17082 36863 26708 7012 2149 24496 14938 43327 24523 26196 744 26801 22726 29985 3254 42779 5127 
3811 70
6051 37964 2423 27247 35954 9998 30108 22031 30022 39104 36268 43776 41702 28351 20998 34381 37666 26131 378 2009 524 20643 28176 4250 38949 4823 28430 11530 5774 38323 16476 12287 26189 4435 36550 3512 19866 44417 22429 8227 31093 12706 21378 31844 6862 30042 42396 5851 5734 34591 9012 22664 33152 35638 8129 27198 16217 24874 37275 39125 43644 39936 20261 21736 1973 2581 316 20228 10737 3809 
2602 70
13846 21332 2352 7848 36859 34303 21938 36058 24791 30958 42851 41752 15843 3024 18853 43199 20678 44657 25896 13974 4976 19773 11507 25575 22561 36396 5725 29401 24282 40846 24576 34025 28246 40694 6104 24299 27371 10297 37371 9090 9469 20500 11142 2579 19201 13063 2868 34894 4718 20859 21829 1733 26234 35092 2415 42150 29981 15510 17109 36540 19788 40472 23490 28928 6062 7696 17627 36845 16625 39766 
883 70
20038 44409 39153 8604 26996 19794 44370 41679 38411 43841 1564 35326 25068 28361 44168 42717 24345 28562 9941 21923 15110 2993 8125 17838 24671 6096 33355 6249 25549 1397 15913 20352 6827 2651 13517 35276 23735 25214 30355 4379 40704 2988 14400 16120 13049 13811 38088 34691 24372 40159 22565 29066 12875 43396 41431 25657 28188 22904 15698 24928 36476 34119 27296 38330 34228 3252 36183 36296 4862 30839 
3912 70
20175 40201 39389 16417 148 25710 3977 5868 10676 15031 30795 35553 16065 8353 1350 36157 11244 8475 29330 41229 17410 9411 39355 26271 19940 5751 40024 3308 26871 9994 17659 24053 2116 16317 15891 949 15695 28199 37540 9692 25923 24078 19045 9397 1792 35122 15385 38319 5569 28873 40313 784 38869 30909 11935 33133 38912 12140 42630 1454 12618 33670 35406 16593 33300 21170 34063 16579 17548 26776 
2254 70
13581 10970 25096 28498 7198 21787 21732 18588 31330 23190 32214 21747 22410 17976 27549 23329 44122 42938 23419 33062 6270 9683 28979 19346 37204 25152 26343 22184 9479 2046 11143 38295 44620 31980 2183 43551 22129 11728 12546 18993 39567 11995 34821 17067 1571 44255 41048 10840 22569 24656 12405 34332 32262 21541 44693 31349 8298 36517 6277 35011 7671 28455 40152 6855 18759 36356 3597 20375 10154 12148 
1670 71
6108 29513 30964 17237 28657 36395 32887 31309 40724 33370 6528 31043 34931 15193 18737 32152 2029 43947 39181 23614 43085 44502 12983 25003 35260 9217 7539 28406 36410 8199 2610 10816 10102 14734 19779 34266 28111 41930 21120 22970 41358 14806 21817 19037 21402 26274 36991 14681 4911 40478 21063 28267 42998 2068 14293 12354 18314 32176 30983 16657 10736 17856 13931 44257 2496 1526 12557 25121 41238 10076 16049 
2246 70
12367 38228 13141 27763 23858 37751 35550 29897 29911 544 38178 37903 36602 42889 11785 37208 17342 22029 5199 17910 38896 35535 44403 10277 6572 7250 28697 43261 10554 34276 2830 42488 37576 12502 23035 25367 24987 7318 11438 18238 6558 6412 24839 8349 36126 36552 6719 27104 34203 27884 34422 35665 36280 11100 10288 41408 18641 33893 42074 24210 3311 24917 22779 24305 29740 39859 13525 20549 42290 27264 
1003 69
41958 8602 10966 2853 29193 22658 16091 34327 271 30057 6461 890 37199 38769 41306 27607 42328 4655 8790 14727 4391 33496 34219 20230 33098 9672 22984 36625 21848 13795 2850 3724 2852 28183 38624 6513 1939 5475 42232 17164 1241 6784 373 29374 44537 3699 12831 28169 39243 23457 27660 16558 44111 42500 9585 38614 28834 11835 11720 3693 15077 9695 39982 10858 33373 9295 40366 2644 17511 
1908 70
16685 6982 2337 6027 5055 26448 8271 22887 6904 24949 7331 18951 30207 7079 12165 13848 33159 21436 27538 7725 20351 24069 1237 40324 28639 27671 11522 35932 3941 21709 2438 16731 40294 34635 2535 20748 42963 4762 33264 36543 34905 20078 5556 22534 41468 9400 28633 24743 42376 29654 33921 42683 3210 7302 13430 30488 19908 37150 20528 29295 36438 41733 18249 27956 37185 33886 1551 2914 7767 42246 
1356 69
13697 35891 33091 6675 29613 30847 35687 21714 4017 15356 3685 72 34903 43988 2799 20458 6466 43202 1400 42680 14861 3299 39933 27750 691 13255 32027 38280 3232 30050 36164 19469 17362 4570 4658 22091 10121 41007 4560 29659 991 12503 23133 35790 703 38548 11497 43126 20754 7745 39812 38661 6837 35880 18776 16475 24326 30862 33668 21955 2811 14808 39963 39413 6287 2992 18816 7716 21846 
2830 70
15686 21578 44162 38811 24722 40522 35796 1896 24079 3464 15991 26774 14577 7045 28734 17678 5504 12489 6901 19078 429 26396 39132 32330 39050 21117 10906 27419 28570 3581 34502 41809 35631 38424 41989 43972 39019 33862 29420 10057 36641 23325 8118 14051 20761 9103 40504 19447 19783 44440 23783 7373 25196 29260 29378 13901 8477 17848 24009 35562 4371 30582 19263 12863 29459 36023 6788 13526 29748 42028 
717 69
18185 20910 7547 19144 23437 27051 9946 39193 24702 1025 12013 3046 40811 16566 36129 31693 14648 44235 31546 20739 17807 32855 9646 41791 10073 23516 28248 20033 6442 42017 6944 32624 31814 43110 41353 20558 20616 39035 28495 29003 6842 24800 26275 39808 31403 33276 32727 43043 20475 26580 41331 34233 15019 38211 36688 33391 21894 29458 8566 12422 25344 16817 23388 11178 15028 39742 6918 8644 38438 
237 70
30041 32500 4289 11753 20693 37955 35793 1989 675 28468 32415 38592 43409 25861 20410 11153 37965 13452 31481 6397 25202 41099 15407 27977 41914 40879 43647 42225 977 23909 18032 43734 29205 21138 16680 24090 12129 43494 36376 1930 32274 26061 8628 23805 17331 33216 10371 16762 8111 9235 14075 34073 24190 12764 32998 41042 30939 15987 18184 17895 22696 37271 38167 29482 37209 21298 37410 1091 846 29780 
1451 70
24064 18267 39813 38697 37340 30036 23239 24400 32604 43241 10932 5825 38435 30407 22730 25574 22868 4303 37641 34330 13752 13528 8371 43273 32479 15374 12974 16385 4722 15846 560 35949 30804 834 5838 24223 25806 10812 2925 41796 25247 6338 17284 4021 21534 25268 22709 12595 13737 1970 10341 32371 29238 18470 32668 12388 5217 19884 28600 22315 709 22345 32742 39666 15671 15186 17994 28264 32996 4528 
497 69
6079 38756 20715 24088 24689 42846 31889 29270 36802 27794 28524 23090 22735 40146 42470 38394 30752 917 22264 22174 11276 35402 16992 41249 10265 38225 12822 5745 25718 29979 42624 12490 26830 8952 10012 3737 37769 40618 22936 11771 32822 25620 3058 6207 42413 7543 12761 2058 42850 3714 41087 7200 3755 23288 11991 25275 20613 4640 23078 22187 14833 33181 7609 31582 26999 30473 18625 1821 3625 
1598 70
19405 35719 35366 35278 16494 43485 14878 34236 9471 8892 35762 7559 43422 11041 44187 28018 39294 12213 23399 5428 40978 4959 3390 41663 14481 12797 29562 30288 11639 12462 15499 33188 4739 39165 10806 39866 15233 24691 41409 31509 9910 38958 28147 15914 29376 28804 21986 24189 37918 28268 25116 21231 16973 8584 41 35841 12308 20597 1013 8320 9798 30802 41640 6142 13671 38246 8975 8916 9916 7305 
1054 69
27529 40342 40400 1001 9961 25158 15148 18086 12386 29055 43862 30060 4637 10939 23283 5977 8887 36365 35913 40509 17326 18527 5680 35916 7130 38977 13702 20912 42371 38918 8838 10107 3853 35150 36892 34823 31659 22953 14352 42978 5658 42274 41840 25360 2927 15674 2751 2844 2563 10410 9205 9437 14238 31956 21051 2367 10826 35958 11469 11141 5488 10647 28186 11587 22490 17956 13593 33301 7327 
1862 70
33398 4561 6826 1262 41264 41800 33984 35217 31042 3273 42157 40973 3442 33437 20736 27869 22453 16658 29720 2598 4706 20836 20940 8244 11158 11491 24735 18313 17592 2702 26390 24972 24662 9608 1158 27560 13682 36151 12403 60 32959 12632 40709 23127 36222 39852 41060 6006 16967 17571 23740 28126 8003 4880 2284 14144 10373 1248 4381 37455 34238 16030 1404 13227 20296 30883 1754 12899 25593 17240 
1664 70
11594 19898 9082 3226 38895 4675 44047 35491 38474 1661 40228 32163 41051 14370 42645 11509 17944 42547 16561 7574 8478 22804 24686 2940 29689 30264 1203 24629 26078 28109 35948 43336 34309 1814 34520 16537 7117 7912 23520 13111 24417 8551 41492 35986 32459 10207 14148 44070 15344 28402 6141 41798 29774 1310 4322 13501 42075 21425 11990 21370 36562 41589 9436 5145 29926 25300 20857 1536 36672 22109 
1504 70
14243 8936 71 44647 20034 26688 36431 31540 7368 39280 43635 28879 27703 12748 3806 29833 13561 9225 24313 37682 8746 21988 10303 452 13350 15414 20515 1910 18219 28295 14652 20061 32447 35315 23878 19619 39616 8436 32684 4771 8178 35105 40543 42873 22422 39698 13251 19735 18960 35426 2761 19382 12854 125 22417 7979 29690 35317 44425 27747 32826 9173 43065 23220 33682 21563 35670 28891 18021 1778 
1726 70
14009 33163 37046 41682 26844 31347 11035 24450 38822 40106 31181 20050 16860 16152 30242 2840 36914 14174 5363 39074 21169 15764 11028 31365 33143 25654 2961 25767 5460 37579 31855 11123 37327 27455 20392 27580 32417 6849 36465 26367 25411 23980 29837 25822 27484 41626 4275 16831 11805 34760 4763 22823 4393 26811 23888 19429 17458 7135 1520 10785 35039 8431 7819 9313 43112 31471 26643 28377 35267 33912 
2029 70
18218 44177 41233 14770 36200 23990 7475 5161 26835 17025 23777 28794 35763 37680 2084 21342 31962 23183 12779 16344 29263 17229 5996 10846 24228 2652 12599 7246 10734 11603 10950 37819 29424 11052 10609 20330 28907 32749 15023 29532 42236 24322 42733 11746 5506 25830 32932 30094 25950 42956 3501 29934 28448 22669 32072 41555 18958 159 8220 17188 32975 3097 11320 15072 19530 28101 22065 20505 42762 25097 
1949 70
35646 37818 43129 33739 30039 29005 22009 10004 29291 36207 19147 642 22903 19247 39816 33298 34766 9641 39657 6019 9560 35705 20900 39156 5086 13694 4485 29162 34800 12862 16861 14157 27552 24110 25828 34289 13653 14437 268 41675 13457 17850 11067 2252 21240 12920 10683 38749 6390 22921 8272 354 29462 24834 4356 23011 36293 39034 32795 26582 30454 15100 29213 43424 441 30251 37401 29227 18795 6289 
751 69
21496 42271 25322 2667 24200 32660 7594 44161 15929 41403 13214 22446 21017 7178 20972 1569 23051 28747 33646 22762 6848 18804 24052 21639 35350 35417 34155 37738 10403 15748 24358 30464 43893 42658 23522 14526 11834 36247 3824 13154 15639 19276 35064 23606 5101 11743 18725 44340 21388 17616 39649 33926 39716 616 12594 713 4029 33836 21122 21683 25595 38913 9140 35295 27250 11406 8332 43656 20235 
586 69
39914 17938 13636 30617 20591 1109 6346 39272 34003 37874 4042 35579 2323 11852 31686 16688 27396 22666 21214 44114 28179 30655 38864 3557 40073 44553 22862 5297 18670 11744 26929 44017 42448 11015 41732 29483 30031 39970 43179 5491 3513 13423 35552 11461 26180 40500 16524 4197 37311 12870 40126 43909 15382 33731 43902 16403 20179 27305 26256 5487 14805 36981 1328 38180 39947 42036 20225 31840 25001 
1886 70
18681 30049 19936 39219 24599 855 24350 20936 25222 22861 11597 28296 44281 40834 6779 44408 11253 9468 35791 1915 39028 19562 39889 20056 30065 11538 18465 31304 33012 36696 35268 2167 20703 35093 34132 43281 9963 13003 5927 44325 29253 35919 13961 8239 34440 36309 31489 18272 16497 16987 39152 27970 21734 25355 2670 29120 18104 22239 11669 35844 43664 25148 14887 21156 3242 33780 2874 13880 19280 25823 
2580 70
26671 12198 6804 34116 11361 26215 341 39177 17256 43232 3119 35606 43945 37210 10678 17118 40001 25762 24147 28501 39013 2147 25076 43958 44595 35455 1831 7262 31950 18658 44725 15494 27022 18979 4244 17493 9605 12101 42996 1943 26612 11596 4281 22412 40647 41444 35136 41202 11527 22131 38408 30116 7112 501 11236 9619 20174 30109 9557 35142 18291 6750 15373 14011 14113 44218 32679 33830 17932 10414 
768 69
23549 6892 33515 43068 39473 23145 7895 7503 21286 22608 16687 30175 19766 33245 32446 32545 16311 35084 21220 43186 597 4069 15155 13184 2705 28997 33452 26490 32910 3746 18549 14689 42381 13516 43162 14109 8891 24048 1710 32825 6438 36829 31729 16705 34109 29885 14897 3326 5454 19158 15600 7614 19797 30613 23738 17556 10885 7809 2707 41251 26449 17074 24859 23428 6186 44697 13012 23591 31441 
75 69
10597 30379 16190 20980 30099 24830 28407 13329 22653 37456 8459 615 22349 24708 19956 9892 31214 22542 22312 38843 6924 3530 32586 37021 31867 9538 25689 7954 30064 32861 1882 4610 31719 7973 29128 20584 3437 19212 1738 9408 12424 40328 14881 42431 36909 17251 40296 9860 16062 16420 39351 24329 22650 8856 30621 19699 20860 17080 21630 6419 20906 42726 6787 5935 32946 16896 37352 28594 12199 
1252 70
35835 30532 16763 25383 42402 8645 10471 30821 28409 11937 43772 20441 7059 12082 13096 42808 25649 1343 22014 3378 27397 14468 578 7143 8689 11651 1620 40541 29784 24000 7763 24602 8990 24996 20797 39709 3110 15271 42790 26386 24829 8715 37465 15851 43171 24974 25000 37513 30070 19639 19821 11021 6576 36624 25985 3664 33499 5939 39777 38831 34322 35453 32513 9323 27927 16710 8624 26698 13947 8571 
1095 70
6745 13837 12124 4201 9255 3812 24235 7522 4077 35435 38684 27228 5622 12289 14651 16132 650 8379 41850 364 4947 20399 37661 9376 6449 36947 14066 6564 6398 8676 41831 44191 5744 39815 40531 28346 1438 29051 14466 25144 8304 2654 5733 7341 20606 39004 19781 40463 41440 6522 40471 41021 3292 34179 27957 17755 30811 2687 39379 43871 18988 34288 32277 37335 27413 32640 28983 6490 18288 26862 
803 69
26979 30637 15857 33990 12277 19802 6919 34489 16572 785 40640 28552 21669 36965 7124 31083 23455 12139 25190 7501 42438 33533 14430 12314 12522 19646 9817 34235 40585 32273 8116 29151 14525 44506 43674 18416 5846 29516 28474 2420 23676 15550 20461 19154 26856 12034 7742 12029 15094 27234 15687 17485 4308 1251 26328 10902 18734 19665 29770 41835 27222 40951 27587 26603 23578 14007 35251 6738 28469 
2610 70
22853 3885 11280 23012 39368 7254 24298 2690 8074 35152 41870 14175 3321 12174 19598 31144 17937 2246 27619 26785 26644 2039 39275 41319 25641 24598 17834 30393 21023 16846 24431 37665 36326 8236 7967 24196 4636 19550 2719 515 18282 31314 24247 10369 27504 6548 16194 29547 33427 2196 7987 22142 26573 28 33808 16844 13540 41285 1190 4710 25494 18609 11252 43525 5176 41649 2566 38853 15725 3138 
4918 70
39427 38513 41746 24793 15078 7947 41766 14788 42484 6677 12565 35049 42597 20192 24179 23135 16511 24698 15059 37154 38197 3543 22528 31103 1578 36386 8119 20698 42937 15103 5476 25236 32172 41201 9541 13680 42346 32647 35271 27647 43278 21344 20727 25955 15150 19179 11272 41220 8899 32473 41652 6496 32865 1173 42368 2647 30252 3472 39380 13230 37528 24998 2421 43182 37252 9001 27633 8064 3164 37551 
1488 70
13389 30831 32953 12999 19131 34599 22102 31353 4736 4936 18349 13249 9342 31714 36138 405 17804 34070 2498 43133 10016 20378 42344 21351 28563 22759 24538 27027 35757 42221 15754 43939 7527 9888 31312 26307 25543 4696 21893 37151 23117 10769 30545 2318 5662 34349 18992 15505 44481 13482 38125 252 40125 26276 9970 36953 42849 38934 31791 12986 3199 31476 16024 33360 1681 327 36350 19830 39792 10714 
1855 70
20696 27085 29577 3974 37402 10771 14979 9992 27593 3503 26570 20273 16916 5640 38921 2511 30911 34245 17618 34639 12534 34047 8637 36723 14932 14456 8801 1810 10005 24162 12235 1726 6254 3852 22523 28393 11009 10927 33436 29199 30638 24846 12330 9937 27420 17316 4677 7788 34737 1151 28777 18575 1539 10997 16856 41305 41799 10241 36297 30025 28441 6955 3180 34945 3887 41553 42004 26964 43715 20337 
3765 70
4489 37400 30949 38532 35170 34978 17605 22822 20947 28890 9782 35085 34853 8742 8748 18799 38996 12715 20403 14433 38732 18537 30187 41172 31699 29992 15853 16514 26620 22841 12357 33198 34943 35173 17962 2933 31447 25839 17583 8878 27979 43483 16608 35946 1239 24930 22236 2634 36065 19748 18203 25623 29257 22809 28070 17392 34076 32918 33017 29854 44192 25994 16319 42330 10097 19204 31320 9210 41138 11046 
846 70
1309 12758 13178 28756 9778 6471 1931 16360 40218 15144 30731 571 15816 4547 41615 26353 21507 17307 24546 21258 16620 38379 11553 14046 32713 35138 33305 18279 1961 32740 12824 24142 2402 12102 42580 21067 21044 20545 29549 27347 31741 37876 7037 13492 44024 16474 31674 17589 28457 35767 4950 9969 10850 18675 4839 6484 41507 15901 21947 39323 21476 1994 21114 23460 21216 31951 20776 27511 7506 8078 
1311 69
29533 42440 24158 3886 38234 26341 16883 25740 5146 20290 34500 42845 22098 42235 10243 7591 12956 20821 37126 21460 15275 7216 35671 7836 11846 17903 30782 26829 371 35419 22941 24568 31664 24994 24469 40830 16981 31178 29757 17669 3658 3388 43277 26412 1054 22322 11798 4815 6441 40748 4965 2013 31006 5536 5001 7956 1634 23371 1742 31015 30936 6494 21394 16446 7413 8750 21471 21651 41452 
2167 70
17970 24217 7304 27 14981 6817 44533 20664 35055 33690 26400 8780 12075 28497 41978 27274 16416 4939 6290 17184 35950 2662 2154 5493 36272 36342 7634 3315 28180 7843 14201 7932 19703 21180 10992 12312 16395 2784 21604 32341 27789 8515 23364 647 31371 39337 13136 7340 14615 41404 14048 27408 11969 24494 27352 40455 32087 15882 39340 43931 6599 41548 20780 24923 35113 40808 16312 7323 29548 34243 
3922 70
30437 39538 19579 30786 42747 32002 24710 172 36091 9774 24321 35863 4652 17129 2257 37164 3411 5473 4146 41014 15732 33092 43930 25153 9902 24014 1517 40734 30016 41891 44536 19480 44527 16284 15517 11998 38357 19849 8904 24938 12166 3560 43017 19422 17744 17440 9331 2695 13002 7684 41503 7800 8619 19255 7356 35433 16932 25324 31065 15607 28502 23494 4098 42238 25041 15545 43882 28360 37194 12513 
1538 70
40375 38164 26992 28811 26748 38570 27659 31647 13267 36173 36921 38939 5023 5796 20009 29983 4858 370 31942 36310 39588 24531 27191 19873 30229 24789 2515 42525 16188 24136 39347 9391 41163 1850 23198 13043 39554 25062 34195 10037 30164 14371 7666 21095 40932 376 6260 2229 32085 33549 21058 33087 34560 1227 26814 18752 11909 17244 17221 13647 39096 12934 37985 26746 6331 37952 19197 3785 37095 4743 
2531 70
24382 35232 40168 35298 20010 22781 6631 3055 24518 10313 27698 42461 44124 19985 234 26110 29998 31189 33554 2556 21567 4411 18916 27840 8424 43836 29240 24912 44460 28629 12033 1746 27791 8875 8651 32379 15361 20195 44366 41148 30604 18709 14840 39876 905 40061 8977 1311 36215 15147 4481 26540 2427 19332 16351 37668 17027 5366 19831 20916 29485 31987 36637 21411 16652 13046 34075 37300 17667 44015 
1465 70
0 35316 18210 34926 7949 22432 16708 39665 1769 16201 42198 34595 5507 23418 26902 39924 1884 43270 20243 15463 18153 20890 35799 31543 18155 8260 7739 746 37706 14978 41400 27188 23369 6731 14100 16066 22203 39236 22676 20223 27935 3319 2725 26784 28083 33148 33321 41578 41556 12710 31748 31702 19210 22770 30900 4605 39316 29722 31246 4786 16131 2162 442 7004 6930 4600 14350 10916 24558 13116 
3574 70
33679 3516 24825 18891 4678 10578 37413 30260 18117 6020 5213 20004 16252 11853 15979 28117 37002 9056 41646 15171 12519 40562 35544 8735 15154 32429 19058 24621 27266 20311 5196 30749 41714 4554 14680 3789 26267 42199 34998 9492 27265 32813 41063 12998 25860 44046 41852 27661 11769 42572 18637 12616 31463 6617 25539 4890 20650 40953 22967 19771 12889 19753 36400 30993 24902 39196 15449 30405 3128 19461 
172 69
10342 20251 2456 27431 32741 4524 16965 519 38648 22942 23952 27675 41951 13764 32654 39274 37558 39 3397 8266 27710 36214 23663 23684 26085 7194 35396 15079 34057 39952 39631 21408 24221 29121 15539 24680 31824 2994 31072 23610 8506 12541 30008 34992 6264 32798 22433 29535 11482 38635 44691 13352 14002 11466 43372 32509 41473 9100 3971 29980 34249 39310 2932 41194 5889 20276 15069 10309 42337 
3254 70
43522 32772 2375 38590 15441 13670 20507 35301 28852 30198 35944 27023 22915 18866 28850 23354 37214 17757 27283 21875 15691 18074 2410 14236 5165 17644 43697 19540 6052 41173 42341 42471 965 5027 15996 32656 14890 39747 28700 41873 43471 1015 4975 7105 7374 39015 44336 19028 20620 4957 31548 37660 32256 22600 31380 35297 2805 12525 33716 36001 25393 24166 4188 1250 20897 33395 3654 27467 44709 34103 
1360 70
759 36402 3368 37037 20601 10438 29223 27302 36575 37888 43964 36275 3545 43183 12833 13131 35528 34880 14721 7941 36123 12324 32160 4660 20831 18781 17797 11140 26141 24832 37887 12009 612 32210 23890 3890 21284 38365 4543 28720 25189 8693 10538 11370 15281 41996 31754 6927 1474 24430 33260 17472 34270 6477 1935 34885 23282 8415 13007 5692 11184 33157 34107 43973 43429 27934 19254 41565 4115 14359 
3397 70
24202 25220 23668 12961 15453 15189 3816 19790 19522 40627 43095 25071 5244 16023 28658 18466 19785 24526 9651 14672 35306 1886 21523 31121 16310 4174 37520 43849 38264 17127 21062 9899 27546 33857 39373 44163 13827 28610 6682 11310 29713 15383 39809 38591 17409 34153 41402 40407 19261 21531 43822 8876 26016 2462 4113 34049 1369 8374 30302 7647 793 27383 19071 44043 8390 31051 12910 1662 29224 12836 
1204 69
38375 14061 27059 13959 38704 37453 35564 11386 24379 3497 13990 18499 9682 17275 2197 35040 5570 20079 6411 26697 7238 34793 43544 6168 19608 18548 42644 19592 24019 811 6116 38229 21429 17941 40174 29772 12485 6185 22879 10142 5952 42318 26735 27621 42970 41822 11090 40672 94 38173 17990 8311 15507 7182 27916 119 16145 32991 16234 12725 31444 24805 6796 17966 44050 43105 37189 12477 24125 
2104 70
14440 2836 3948 22419 23584 4669 11441 18820 18972 25706 2347 30077 10408 15359 26472 10294 40671 34532 40529 22744 5026 3062 36392 2494 43566 26939 14483 37082 13867 18743 36779 25055 32840 21851 10988 26994 35733 20283 654 35158 28162 25632 35627 16636 32342 19678 30994 12369 39365 19968 36715 19853 16160 186 31213 27028 33079 12851 12234 25583 15167 30311 11427 32384 340 30864 7882 36512 44298 16025 
4426 70
30284 11477 16782 4758 7300 23119 2789 5503 38541 28567 37449 16723 13259 44207 4009 35511 33315 9176 39022 28381 21723 19679 16780 20423 6192 31502 3396 34246 44418 25404 3671 15867 13161 40824 32796 18825 18001 43056 7926 26815 13212 13177 33371 42071 37961 43561 31218 24976 30861 33385 22188 198 4300 15910 13743 9112 36804 32672 32487 28014 31164 27007 1123 37036 25753 16076 28208 21099 25949 34576 
967 69
3279 38504 43276 7517 27880 19096 41322 22893 23984 42340 6647 15377 43633 9713 17817 4933 25707 7515 35866 28871 5885 31049 42523 15729 25437 37357 6814 40866 1326 41890 1064 34202 21008 8682 26706 10602 13019 26651 32527 14331 41111 34896 40537 18384 21862 10541 5077 31118 19588 38309 37614 19950 34692 27168 5393 33527 16338 18652 43231 15071 26007 23511 2861 36520 26270 41617 29195 23608 19787 
4902 70
14943 19671 27537 29294 24222 28653 24478 39304 34890 3006 36717 11256 3865 27482 3176 39819 25893 26111 41171 5347 38803 35061 25486 35145 3103 11000 6912 24969 41789 31884 41716 18568 24581 22314 3035 3485 39655 37473 32308 16730 35307 37389 5496 38653 11606 18028 9606 31918 14720 17896 39529 33077 40063 18856 34455 8395 19896 42824 32517 3807 37667 3697 1832 10284 4622 34444 5230 9714 41437 26940 
635 69
34094 33568 39171 20155 39147 43914 4006 5411 4464 21451 7493 43786 32593 38249 27782 42203 27811 33526 10580 36593 31799 42837 39885 15089 6450 11928 10487 6026 42467 37113 1180 23776 25026 36086 28200 20946 22116 28454 22394 42170 36285 38243 34068 21526 37586 27893 6870 1580 41100 10479 31892 22076 16619 95 38655 36457 35164 17928 4639 13010 29486 14312 9423 2016 36319 21043 13566 9392 32187 
2972 70
33312 15757 40732 8603 24822 25878 1528 2450 42218 7664 32546 24644 22613 1888 6322 10151 34487 35403 1177 21361 29793 2040 30161 39232 26641 19396 20734 36527 17746 21582 43853 17338 34938 41106 21658 35843 25244 31773 4906 25288 15710 15469 3481 14233 14112 36298 37873 25616 18133 24600 17398 43502 14172 14231 23910 2004 10467 36210 15970 26374 37630 34682 11862 1071 34536 27851 18843 38511 42641 12425 
1487 70
12195 28731 30995 40234 41002 9384 11271 24108 43951 41036 10899 37034 22201 28689 24091 17871 38328 12733 34762 7485 25688 35532 13768 6483 22585 36322 35833 41671 32584 21064 30744 12690 9534 17219 5285 30056 21442 26381 29739 22257 16567 6716 42008 41719 42621 15055 34972 26084 14428 40681 37148 9698 39090 28581 8896 23951 41909 43035 18461 39438 10573 27394 26481 43421 38334 42430 42631 5708 2501 10696 
835 69
42077 14691 1260 12802 37844 7160 27254 9432 4631 6181 9371 11754 29605 1759 20166 30858 31999 6422 36061 19220 11976 7063 20011 11668 21223 42188 6048 8823 774 12142 9032 7027 8718 22606 10348 36592 41076 14883 2027 31904 40497 21958 32693 41362 34045 8142 14212 26863 5835 33707 8549 43983 42755 25348 18358 23551 21389 31850 12596 27497 8776 11775 2122 19103 20052 4569 35030 18649 9442 
1656 70
38487 1366 8986 4800 10020 35853 18931 5766 8197 28299 24466 9102 36546 22223 996 26654 11919 32454 8325 6763 18894 22878 30502 38241 14959 42023 38952 773 36013 7085 26865 24590 14298 12739 24127 4887 29031 29296 44430 20869 4490 21916 32252 43420 32549 31446 28078 26572 21323 36768 43200 16458 42772 9405 30868 39534 29525 8906 10535 5609 29556 122 20385 22742 1395 26618 9107 29405 2059 5936 
2556 70
22363 39923 41595 19863 38656 14237 28249 23056 43033 37772 43826 23114 29890 2920 18340 4893 25059 20344 44000 26302 40354 37142 9303 41375 15360 39583 37493 42060 32204 6683 28566 8485 3587 8659 43658 3376 2211 19260 13993 19043 26070 6527 29439 5239 16589 29919 32499 430 36529 38006 28906 32651 9318 29681 11518 22 22475 29643 5084 37415 19398 40555 10124 34114 40358 40552 39584 9324 8449 23232 
2145 70
10558 30979 15480 26997 38414 24542 26129 17448 583 32068 569 25928 31276 13919 34002 21921 35743 26157 37677 825 10570 23739 4661 33534 41055 14794 11750 15257 38465 29091 43280 33637 27281 22529 6679 25699 22968 23991 4299 42969 24339 31061 23195 2696 41927 7210 36572 5361 25352 13001 5771 27029 13382 27872 28143 35303 15628 29623 29805 23002 8341 23546 19188 28867 34364 3726 15652 42685 41314 3072 
386 70
32221 13558 10552 22451 7244 24637 1927 22253 44211 4705 28386 8664 28191 16109 6736 17276 11257 5381 42367 5670 2392 40737 38051 37460 17417 33560 15430 27286 19486 2851 16523 11514 36553 37278 8532 20263 20210 5858 22395 10271 28564 17829 38932 29880 8568 34511 41728 29200 39642 27354 42804 42544 41980 36773 27547 26392 43833 4447 14616 43049 28471 19304 9108 3954 13977 29529 1388 26005 31959 43061 
2654 70
31122 6659 19644 21189 14988 39595 14939 43240 10539 33108 38795 23689 10815 689 22216 18517 21184 36481 23362 33145 21632 14494 25541 6920 39300 33979 31650 5281 32971 6445 677 30169 34339 28354 30243 43911 33724 4205 44652 30149 42288 8963 40023 26480 21682 5187 37659 12527 26954 32427 16363 36500 40518 31665 29661 37337 21962 44283 25083 16518 44671 8147 1434 17851 37393 6507 31652 37820 5791 12693 
3451 70
34406 14393 10674 26457 7443 16068 13532 19525 11309 30512 40374 19490 30669 40592 15794 10222 27255 20289 35204 1078 22211 42514 15528 39214 34630 20253 20931 10722 6696 36261 33008 10959 20503 18337 35370 15265 36343 11025 1772 11274 4517 17177 1898 33797 5433 12892 8356 6533 22069 40275 41449 10488 29334 35187 9599 11334 6995 31385 18241 40587 38969 29142 18262 34307 36413 14736 1412 26462 35750 446 
439 69
7997 16724 31387 25535 11945 29348 3571 19815 36985 34670 9850 24513 34961 1633 24948 41078 10708 1403 40598 12912 14573 4178 15665 38341 12984 9024 2847 29935 14632 13610 12856 16335 43005 30987 29716 12895 38275 12492 1953 36990 39241 42679 2449 31496 10130 42282 26584 22729 21485 36340 1509 494 13823 39805 38840 2219 30746 2075 36515 41630 7893 18175 8186 15074 25454 28837 26324 13244 24327 
549 69
40514 20956 18149 5006 40778 17865 40713 11632 6847 16807 5525 15260 24565 29575 40855 22036 2056 697 17824 37417 18768 17026 20985 16765 43469 34197 22400 14894 13215 39261 16400 3353 32642 25232 13087 17677 11645 20147 28291 22813 30215 26292 37292 13778 42261 35603 36354 30068 6895 674 13553 3447 1193 2557 6292 20881 1835 31651 7387 40964 21594 3602 43863 24285 28603 38144 38973 35759 27173 
1472 70
3683 17341 11349 40928 26630 17758 25128 4344 7306 34740 9008 5097 10729 25149 12873 41308 11179 13549 13149 13280 18531 13294 19960 8825 17784 12634 4552 14931 41837 6612 26033 33599 4290 17131 24940 24462 22354 43453 44041 41735 43352 34842 8001 30764 24849 29141 18322 12520 35332 1598 25020 22488 27697 20490 27041 5579 13461 25088 16144 35459 34714 39613 33278 29900 25428 36475 37938 16812 28964 12053 
898 69
3834 30886 6820 43743 17288 8870 28553 32583 10825 21405 37480 7936 2155 37542 37726 33235 5627 41017 43397 29886 2728 32136 26351 3912 26703 41213 23798 6212 29958 27620 41105 18381 17277 41574 1909 30136 36808 42065 8439 1651 8112 21690 28787 31997 15240 7713 17563 4784 9185 27899 17643 26040 24205 7494 38297 15381 19183 17808 44312 13247 8195 39556 5991 37774 19660 21900 27967 42930 44625 
332 69
17280 12506 22212 36477 21877 38612 32036 28759 6131 8937 10232 34568 21313 42327 28048 22739 9145 16478 13711 21733 27987 3003 43053 42507 8520 35144 26046 22865 20071 1411 25552 35715 9113 18705 42711 1936 26201 38358 10866 39928 1949 7233 12574 39119 31386 23279 9019 13407 9632 10508 27631 24767 6544 18362 41601 32919 16220 15056 4318 27317 5559 42126 22465 12105 6238 43585 31020 23030 18094 
2310 70
31326 33775 41943 42663 30369 11069 3811 15579 2513 14335 16760 26305 40053 26655 4689 12627 39349 6628 21629 36039 43508 35054 2658 10490 29375 118 19265 31525 37281 22138 540 12068 831 17209 15299 8100 7508 9477 13110 9664 4774 24676 24638 34967 1511 43019 6516 15410 5856 21609 30874 15230 13654 33751 11266 8768 35505 22773 38345 8245 25333 20771 1824 32302 19881 33291 32734 3787 35337 15802 
3073 70
44525 1195 1701 6154 20145 43230 18764 161 178 40217 29335 20066 37108 43367 6068 24467 36432 18316 37911 5177 3096 42038 25442 19548 32543 17069 30626 41280 31853 7960 28682 27611 31574 20105 26711 37479 5928 15084 23938 30906 31932 28067 38160 32483 10435 27139 41550 42001 11580 34651 29029 17178 35108 355 21020 15345 4248 4993 27768 28641 10900 30597 4292 37812 28243 36864 1725 8866 5806 28084 
23 70
38555 30636 27817 6166 4420 38434 16034 227 33252 5011 18502 23633 17385 1095 36762 6309 37442 38727 2259 36695 22536 48 19353 6523 18807 8811 7422 16177 37695 14735 27614 25284 34507 42509 35619 27180 35367 26051 23978 28201 2348 38600 29589 38396 41635 34582 21606 1586 23904 25768 39851 2114 15925 26767 26601 3282 418 37288 10216 41047 6198 9896 2381 30268 18371 41817 24674 41887 20083 36753 
2774 70
7163 37884 41579 6946 23263 28548 10211 16314 39044 6318 3349 25854 11325 39555 3591 6732 39921 33111 25180 10889 34754 13469 16971 38364 13367 25674 124 43920 20861 42569 31176 22860 27830 31854 10255 21626 19235 35266 27810 32404 39824 22846 1365 11217 40862 32442 32939 30427 10716 36737 42226 40362 19245 44624 26914 5538 250 44439 35106 22353 4999 12087 13434 37226 1478 24655 8867 4875 38673 24257 
3761 70
33767 20454 31697 17332 8850 27898 29078 20150 39984 29411 16545 22348 11877 37936 22424 41182 18329 31943 35751 43083 14261 23569 38559 26537 41871 33158 8268 35099 41115 4733 1600 16944 8719 15336 1488 37347 35421 13760 27826 12266 31891 34632 22897 15075 33680 9215 12286 41642 40193 12396 28472 29550 1784 19557 32951 22165 4863 3823 32047 16722 41697 11114 9042 35698 15160 26719 25675 35985 15805 32565 
2275 70
36347 36574 11523 5111 8846 16093 31405 35255 16793 23810 34834 40300 38460 6111 6010 10586 6417 3575 27797 36615 30846 7337 18878 34348 30303 14439 12107 33786 33502 4946 336 33601 35647 42546 15837 39222 39938 4141 20474 3474 42272 16308 42439 8982 31871 23177 8773 16337 422 16072 21794 40046 17059 43178 15742 37602 37255 30657 11316 43641 34320 21905 39713 6267 20329 38885 6748 9723 9298 44333 
3347 70
21280 29333 2041 786 19751 527 8907 10334 10399 21792 41686 1028 43007 25009 40524 10661 35910 33290 17194 34549 33002 31641 28025 4973 14278 3341 24587 5350 14541 6840 28971 33529 19278 2981 12639 41217 13597 14203 29503 5967 44228 27079 32859 36617 1707 44682 42492 5282 12631 12008 16057 12187 32169 27854 26854 16116 32319 7951 23243 11382 10518 6580 20286 5025 24618 34528 23800 42089 39543 19705 
2097 70
28985 25186 37595 20710 3059 24023 24389 20741 27745 44564 8561 29377 7983 6694 9027 38293 30870 22316 11712 22901 21082 32718 2778 25518 33985 16525 31308 8405 27061 22416 18120 36631 14710 25112 32568 36776 32332 11500 27513 35613 42303 10607 37187 24281 2573 31613 36982 42452 24293 13083 24460 5104 1069 38082 15653 24848 8940 7726 1432 22050 29519 5064 6942 16546 6164 21277 29925 43451 34645 3529 
4624 70
35000 8618 18912 29049 664 27418 21330 33976 3541 17226 12535 5522 40968 31503 16841 31703 39678 33593 34432 29640 11467 12005 12292 12144 15790 31866 39547 3647 12538 15800 4840 42656 38833 15004 4132 17079 38216 19911 14499 32387 14853 20526 30835 30954 10036 15025 8422 29894 23403 2484 42163 35683 6877 26497 5090 41044 35753 8338 25787 30538 33039 12922 2261 8853 34541 41844 41052 39246 38038 15870 
3637 70
16046 40705 14290 27000 42756 4440 40720 44057 43011 43263 5614 19571 41925 39206 43370 34491 35331 24242 33658 34802 8329 23570 33823 22168 5592 42966 14497 22693 36908 10979 7687 29112 10971 3228 39901 42859 26807 27365 19730 11224 39958 9558 17591 9806 15977 11866 2972 3470 6584 34790 21047 38488 41318 5932 39612 13988 28913 43216 30901 10402 40245 6153 38389 32467 22288 42393 34081 41987 9192 29059 
2090 70
4483 38486 31431 21847 24447 20825 36545 8455 37838 19395 42285 10664 25610 28436 20802 14320 26535 27156 40923 7835 8 38315 3340 17479 6952 37050 7775 38764 22601 8592 41346 21754 3511 34949 36148 19137 32326 44529 39793 34181 2358 14493 24403 43447 37027 13144 43894 10132 328 40335 12042 23709 15446 27875 6741 29030 33607 2328 653 9121 22832 12230 11082 26177 29799 35825 23355 41573 39625 4910 
1929 70
22956 30286 16013 6761 36675 37266 38925 17006 1876 26004 14812 31846 2241 27470 41795 27205 5891 37052 28240 12724 41708 22366 37559 25478 27490 18968 7271 27685 24503 27067 15440 12032 20081 42780 42949 31909 10637 16386 16991 31507 40626 25679 42239 37711 14798 13630 24806 33501 298 11229 25730 24076 37560 42475 4849 37166 20278 17 40625 7456 24944 21004 410 18612 18694 1421 18745 5210 15677 4081 
953 69
20909 2082 40563 23575 22136 39354 8920 30172 21719 24436 18060 13225 2204 28228 16968 2227 16891 26888 38620 7090 25433 9751 19857 43649 5098 44555 6751 19567 44253 22590 44003 35391 31645 24729 36264 865 21819 32688 2883 42611 42501 30579 9748 20093 29103 28408 26479 27605 5465 3813 2276 37004 28146 23321 24005 32376 19602 17363 10691 7991 21739 12597 25253 22045 6132 40417 12500 18326 30098 
1135 69
3679 29817 18747 40487 23518 1244 16777 36427 29619 24030 10098 28175 12275 38209 41945 3249 31757 32824 43969 19294 42171 23221 37662 16089 37019 11875 4507 42879 2894 20430 7759 10973 21474 10071 39636 11556 5373 39801 11880 12799 31379 8956 4010 41895 28227 12845 18421 42192 12116 22864 7678 7849 16100 30339 31370 23652 8174 40944 2732 37729 26482 25343 5772 37707 6263 17596 19757 38666 38894 
599 69
21482 22583 30346 41225 22755 19425 40443 1279 15436 29148 14242 4190 26920 5883 8242 42429 269 31318 30461 6873 39895 16913 27100 7150 7126 21784 3547 40715 5688 33166 43259 3926 1891 39738 21326 33430 11018 18698 22077 20786 34086 10542 41950 601 9198 30270 42210 38692 20489 8759 33121 25327 35904 36473 13090 9966 42050 38308 13969 129 29280 37638 31488 20379 42882 25316 31567 12038 36352 
4311 70
24895 2945 4428 33035 9857 6692 22633 10839 5937 15364 6268 38820 6894 16881 31445 6337 9488 1903 16435 2604 35359 25982 33053 16666 11505 35247 4271 5203 35918 28727 22328 7396 17086 23099 40414 14797 4589 4340 34512 1230 21807 22101 27783 19470 5284 38044 36493 14018 36419 21287 4974 894 3916 23567 3385 26757 12345 5003 31724 2127 4972 18091 1431 33065 2291 14625 27018 36452 29747 30823 
1805 70
1606 6537 25117 12675 14050 2443 39324 19859 30676 34062 127 15540 27881 103 6943 26108 30450 39493 22959 34921 35577 6365 22983 22917 2762 20772 4203 35772 35167 21512 4270 11715 42864 10103 32876 5550 20790 10453 39352 11576 23965 33397 15735 2490 33194 4945 3124 12868 37471 34504 44086 16280 33488 42187 9705 33640 7722 7632 9505 41428 12341 36632 11149 32626 13841 10636 6940 32373 41258 25461 
2700 69
30399 44305 33165 33187 9043 24850 4363 19226 33818 242 12253 9388 41510 80 4159 19242 8942 27428 34889 19152 14760 450 10576 31961 29297 20327 10548 29131 18564 36112 4746 4979 35801 30628 22550 28151 36220 25264 27787 32104 34989 27798 43322 5030 4498 37474 2480 41821 12205 13509 27115 30531 7964 10167 8924 30546 457 7383 22982 18945 33514 18864 12483 22635 27834 10565 12434 6023 25646 
1552 70
21392 13620 39437 35901 34397 31331 7829 24057 20189 43307 34991 4590 27532 5954 31779 2854 16659 26510 41655 17926 42087 22943 14799 17090 1213 20275 18970 4008 34923 13833 26556 30117 18687 7710 12551 6159 24171 33237 43244 8151 7437 30970 27052 16533 21125 36830 31202 40641 41145 14180 25880 44734 40283 44688 37644 12708 43146 12420 32244 20310 10155 13175 3768 29590 35379 10045 44609 12112 17508 38111 
1215 69
2902 23372 8941 35499 17951 12052 13189 23016 11559 9890 4701 24882 12619 19458 6656 1574 18633 35270 38492 18504 25194 35960 3757 26737 31001 9999 17598 25804 36560 43547 16838 7795 29456 40086 29350 9880 10822 16206 41749 35450 838 4355 10879 41723 10283 24817 35488 12011 33657 7089 29960 2413 7988 28326 34328 34357 30697 32987 2330 16300 36578 18432 13318 27890 41310 22108 15708 4500 32614 
1574 70
9362 5384 28696 28160 41602 24261 23838 42175 42600 4982 21681 11058 32885 27116 37917 28252 4592 34898 438 17381 33475 36778 36301 20814 41577 1529 36307 16978 34007 17396 21046 17802 19428 31841 4533 42538 24556 15840 8261 4995 30542 26320 22180 21984 33689 33541 21912 44063 23272 14824 41883 22017 5691 17271 10323 3975 12155 29436 31361 5223 4385 17656 31796 21413 19010 13548 14641 34398 16769 23271 
4388 70
21354 41567 1100 6028 36317 21002 18182 8432 44521 11501 4068 19878 22629 11285 33262 31784 23159 2007 31112 9296 23617 30659 104 12030 14730 23295 40226 22708 10982 20125 42279 33179 3416 217 17073 16547 43450 9395 32432 11470 8476 25134 25025 43136 8816 12078 14098 4106 23500 39203 29099 38019 30586 26092 41137 2489 8999 19072 30433 21896 22571 2960 4137 5909 22593 36849 16079 86 14397 39505 
