241
502 1
54747 
3390 3
49046 451 77261 
216 1
49981 
2158 1
73496 
4676 1
12431 
1120 1
4834 
1528 2
56648 94940 
3063 1
54424 
5004 2
38667 94315 
1118 1
65251 
5133 2
59620 55209 
6623 1
87108 
435 1
84861 
1310 1
36740 
5848 2
44291 19611 
1242 1
83900 
680 1
91429 
6315 2
82639 53169 
851 1
72388 
1238 1
55100 
6711 2
42500 22647 
6473 2
74797 18635 
5811 3
92542 12047 16006 
5324 2
74626 15248 
3092 2
82522 67275 
2908 1
22761 
289 1
34208 
5765 1
82248 
4204 1
59422 
4821 2
80858 39859 
1179 1
60303 
1875 1
70491 
784 1
83217 
147 1
91304 
1204 1
26435 
4142 1
24249 
3444 1
63139 
1263 1
39847 
5769 2
25785 43828 
6007 1
52787 
6303 2
23175 1447 
288 1
67706 
6734 2
28773 77327 
6841 1
31403 
2391 1
50898 
6286 1
9870 
158 1
68456 
655 1
87942 
6396 1
27256 
1315 2
70809 70546 
252 1
68006 
1722 1
41349 
5783 1
86977 
1421 1
32491 
813 2
79697 74665 
6536 2
68031 48694 
3570 2
1122 55716 
356 1
79196 
5938 3
38104 42515 34492 
1474 1
49222 
3942 1
8042 
1241 1
62086 
3860 1
94916 
1087 1
28835 
2628 1
78576 
5904 2
65780 75602 
4689 2
4804 52196 
697 1
41805 
757 1
14302 
3210 1
8798 
3294 1
378 
1301 1
80471 
487 1
44767 
5304 1
32175 
5252 1
52634 
3165 2
60723 12820 
2527 1
4826 
1075 1
83351 
6463 1
9650 
4284 2
89637 67914 
1296 1
8658 
5876 2
58366 75215 
1423 1
55911 
1298 1
23125 
821 1
78173 
14 1
57980 
5319 2
18891 18057 
1149 1
26379 
341 1
76870 
5385 2
8453 14323 
850 1
51046 
4985 2
94985 25149 
557 1
32954 
3568 1
28805 
1306 2
50856 46667 
4923 1
3886 
1372 1
52960 
4705 1
90657 
3334 1
72611 
917 1
24840 
1317 1
65155 
2080 2
34939 76614 
4777 1
9542 
5456 1
80027 
698 1
35584 
4352 1
297 
1475 2
8776 9176 
3239 1
52238 
1053 1
76924 
1091 1
93483 
2719 1
64232 
1495 1
39521 
4836 1
13964 
1122 1
13368 
200 1
23199 
5962 1
83786 
6571 2
45787 26336 
5085 2
49659 15235 
6787 1
53436 
1166 1
69876 
1293 1
93331 
2180 2
3590 29331 
4716 1
93390 
371 1
83969 
550 1
9969 
100 1
38834 
4536 1
65302 
3093 1
35523 
1285 2
33777 1139 
3766 1
87685 
4525 2
5582 18189 
4040 1
42562 
4939 1
33681 
1270 1
51074 
4141 1
26707 
1361 1
24618 
6724 1
93265 
1411 1
8297 
6333 2
21319 78460 
3685 1
39735 
3683 1
21702 
1221 1
22334 
4089 2
70714 77221 
4255 1
91004 
3902 2
37752 49366 
6217 2
47465 21570 
1425 1
14297 
109 1
89433 
4696 1
82319 
3276 1
80067 
1070 1
54782 
788 1
10575 
350 1
74680 
245 1
86177 
1278 1
46191 
234 1
88638 
6460 1
67392 
3728 2
31281 38484 
1309 1
34947 
6034 1
41895 
4199 1
41416 
2952 1
71929 
4453 1
77156 
1066 1
33998 
5377 1
15566 
2626 1
53537 
906 1
25611 
4369 2
26182 19990 
512 1
4207 
5302 1
61247 
1207 1
35915 
5505 2
15211 57692 
4172 2
4684 60216 
1284 1
6617 
6101 2
25432 31680 
4971 2
69308 64926 
3304 1
2517 
5172 3
10741 18872 50472 
4182 1
65761 
2059 1
55703 
1780 1
95141 
2903 1
16753 
672 1
44672 
1198 1
72603 
979 1
39131 
372 1
16884 
1302 1
72720 
4505 2
35559 74585 
1031 1
80085 
1370 1
26549 
1305 2
38396 43754 
874 2
13113 63106 
5814 2
35405 21154 
1388 1
82977 
5189 2
29464 9716 
999 1
51068 
534 1
8372 
4270 1
6413 
3189 1
36465 
34 1
12679 
3653 1
62232 
6784 1
73485 
5534 1
23328 
947 1
24808 
1228 1
48448 
2838 2
24169 91465 
5279 1
38988 
4912 1
74302 
294 1
12570 
1197 1
55260 
2168 1
45507 
2813 1
93962 
3969 2
152 17774 
583 1
48496 
5493 1
45007 
2883 2
86424 89259 
6345 1
29035 
925 1
63648 
6442 2
15485 65798 
6742 1
93458 
5155 2
19514 45344 
1617 1
88396 
3019 2
33385 12848 
3825 2
39641 31128 
4913 1
60780 
1200 1
48123 
3145 1
62608 
902 1
22914 
1885 2
45739 5068 
1194 1
59595 
5466 2
78426 41247 
1328 1
24862 
1163 1
15507 
1085 1
81574 
5059 1
18336 
6642 1
46444 
1379 1
68053 
5282 2
19225 22431 
4194 1
58391 
2704 3
28084 11198 54490 
1097 1
14855 
