176
4060 2
46954 38880 
5289 1
1080 
4167 2
3498 21496 
2282 1
30386 
1977 2
44655 6016 
4581 1
61106 
4747 1
2200 
2196 1
6140 
1908 1
35768 
1858 1
29336 
3623 2
52141 36144 
2405 1
41733 
1980 1
583 
989 1
49577 
3098 1
27421 
2085 2
60340 53312 
1139 2
38242 18142 
144 1
21210 
1776 2
29988 5245 
2433 1
39219 
1837 3
25531 37284 57256 
4243 2
33831 55823 
5631 1
42081 
2593 1
28031 
5161 2
51924 30168 
5949 1
21850 
5823 2
33473 28692 
3507 1
19464 
896 1
42867 
3602 1
23463 
4353 1
44930 
5479 2
29284 48481 
4018 1
36779 
5636 2
49387 3481 
5624 3
45260 49832 44459 
3431 2
45575 32450 
1335 1
50375 
6400 3
47143 37407 55017 
5810 1
20480 
4583 1
55654 
1583 1
44225 
4695 2
1075 36177 
1340 1
17300 
2311 1
22544 
4302 1
47269 
3942 2
20844 15593 
4611 1
54750 
2762 2
20583 26674 
1264 1
15755 
4089 2
36167 52080 
1561 1
39715 
2163 2
3814 22987 
45 2
45368 55772 
1050 1
53591 
4691 2
48519 40271 
3807 1
59658 
132 1
44553 
3252 2
45090 13178 
3437 1
34877 
6148 2
25124 3631 
2522 2
14339 59468 
6169 2
53708 51414 
630 1
2297 
6545 2
9296 31515 
6006 1
12995 
745 2
10781 4737 
4600 1
28283 
6126 2
38489 58491 
3101 1
43803 
4369 2
1379 55943 
2763 1
52285 
617 1
51568 
4033 2
45578 33976 
3021 1
13570 
4619 1
11071 
1834 1
40855 
1869 1
22109 
2434 1
56324 
4773 2
12169 6533 
4341 2
5813 1859 
681 1
4822 
1619 1
19067 
605 1
51463 
3835 3
55480 13265 37269 
2967 1
42041 
691 1
16523 
3920 1
21933 
2169 2
26082 33958 
797 1
54945 
2782 2
49170 32749 
865 1
23544 
2314 2
50696 27523 
4476 3
10967 5426 25938 
2122 1
2739 
6576 4
49102 48741 23581 3212 
4899 2
38519 21195 
1955 1
36625 
5830 2
5692 36887 
5994 2
42450 22337 
5171 2
36989 28605 
1123 2
20704 14297 
1826 2
3462 2660 
4756 3
29440 9826 279 
2150 1
46411 
1814 1
22010 
2772 2
37378 2071 
3527 1
5033 
5551 2
25849 3178 
3027 1
14243 
4327 2
33194 41316 
5743 2
21436 36541 
1061 2
13965 30128 
2875 1
3518 
4872 3
27978 44741 1309 
739 2
28415 12119 
2755 1
36345 
5365 2
10990 19222 
4306 3
53056 50776 15875 
829 1
32689 
4621 2
49123 31039 
260 1
33918 
4328 1
35935 
5206 1
30924 
101 1
57906 
2728 2
55389 17138 
4180 2
6883 15510 
23 1
60858 
1514 1
25979 
1508 1
13937 
1976 2
42561 7431 
1562 1
29013 
3952 1
37663 
960 1
43015 
1959 3
22117 28375 36399 
5730 2
51700 46643 
1179 1
53802 
373 1
26296 
2811 2
2880 32478 
5056 2
23443 60596 
1451 3
41096 1318 41723 
4533 1
14955 
1398 1
6191 
3744 1
30159 
4685 1
7917 
3392 1
57272 
5829 2
6099 25067 
251 1
61192 
3442 2
11656 36737 
2181 1
20527 
1729 1
41952 
4300 2
57231 60289 
2338 1
39597 
6016 1
13142 
462 1
30317 
2080 1
4050 
645 1
5928 
2229 3
23127 25250 30684 
1269 1
55873 
5136 2
41954 15091 
5143 1
21167 
3661 3
202 25915 60752 
4254 1
37409 
1987 1
27849 
477 2
7532 59242 
6607 2
58863 2957 
4857 1
58486 
3761 1
37132 
5773 4
44206 22336 42620 43242 
5187 1
60102 
5393 2
37140 43992 
2376 1
59075 
3495 1
35669 
5404 1
9729 
4159 1
52802 
136 1
16391 
4624 2
45514 12809 
