274
1938 3
38030 9543 46242 
1307 2
19238 46751 
6731 4
8675 69612 16020 29406 
357 1
333 
2963 1
41146 
6069 4
36573 98181 66758 86874 
2850 2
42732 47032 
2555 1
47111 
5096 4
86975 16468 2508 49082 
54 2
27790 64199 
6558 2
49916 90300 
2303 2
94295 59514 
2072 4
25536 27254 4860 1127 
1726 2
40529 94636 
1391 1
75345 
3357 1
17601 
4324 3
90607 63515 76595 
5164 6
82931 223 66103 2475 48334 39978 
5837 1
1004 
3166 1
7789 
1977 1
7278 
3951 2
76899 94626 
4727 1
36368 
3902 4
67170 16425 8626 61335 
5133 3
38958 92467 71561 
4167 2
93728 48619 
1811 1
33014 
4483 1
69761 
4746 1
81884 
485 1
88577 
4637 4
98032 97774 33004 24308 
4578 3
9352 36708 75854 
6634 5
38974 39404 9447 8336 60911 
2499 3
18736 46211 68405 
2322 1
75656 
2874 2
65701 12460 
3115 1
886 
3467 4
43846 60195 81971 48617 
164 4
31549 71373 66601 86930 
66 1
69074 
5554 2
40538 81126 
1667 5
8853 65693 24079 24286 96433 
6407 3
78810 19041 18577 
6135 3
89503 45619 93565 
177 1
2861 
3853 2
46655 26264 
2430 1
4933 
1046 2
150 57606 
4509 1
89454 
1660 1
97728 
6321 1
1396 
1283 1
7218 
3072 2
20630 85065 
5727 2
77491 19690 
4690 3
43727 45253 57371 
5069 1
92925 
1066 2
47662 80139 
6426 9
99520 98046 9946 12157 46902 34314 55383 72801 98681 
4250 1
19794 
409 2
50206 16274 
4455 5
5546 87573 97358 44765 57715 
358 3
2801 45190 38413 
4508 2
2359 40355 
4791 2
97268 98185 
3956 4
27982 75165 41915 28424 
3573 1
49852 
4488 4
52534 86393 96768 41076 
5310 1
69433 
6823 2
16669 73258 
5976 3
57457 67855 94283 
2428 4
54905 70478 66734 76245 
5682 6
63104 70182 79969 62226 71425 5277 
5231 5
18524 92830 68334 60821 46827 
5784 5
80704 99094 31753 92244 92339 
4147 1
66732 
4446 1
53473 
5123 4
50589 98482 1451 9877 
3170 1
92216 
765 1
3122 
3348 1
24949 
2897 2
10064 80431 
4067 7
65008 34139 78348 11546 33185 4635 41909 
5512 2
56036 32884 
3000 6
98257 83179 3981 56568 81634 79606 
1303 2
17233 58644 
4015 2
61439 157 
2731 1
725 
4501 3
5109 10842 70450 
1381 2
91740 69071 
2866 5
88478 32844 11305 81469 63040 
727 1
14845 
2949 8
60534 98916 32874 89743 39113 24565 3614 28368 
2714 1
9856 
1471 5
48232 919 7687 49510 61354 
5138 6
34384 9661 30467 67515 56332 86916 
1747 1
86591 
472 1
72381 
1927 1
82437 
996 2
497 41917 
434 3
97435 81873 89975 
1541 3
1615 958 18148 
3686 1
34860 
184 1
89358 
2274 4
48 31604 76525 15489 
3143 2
83181 68258 
3418 1
51994 
555 2
86580 12633 
2912 2
35291 93635 
1759 1
79020 
5825 2
94779 40824 
5165 1
79891 
6662 2
70625 92705 
5637 5
89427 84515 26507 45071 80161 
921 5
1363 19315 15084 95428 19410 
1230 1
69854 
4282 3
39459 43216 53399 
5634 2
80281 21919 
5038 2
32751 38268 
6027 7
40794 3748 72102 95076 10053 50262 18107 
4982 1
43716 
6191 1
6696 
4709 5
19609 74787 39698 68681 65327 
2729 1
61121 
5840 4
66919 75262 85436 8511 
1799 2
5597 26123 
4998 1
78140 
5910 4
21572 60562 17413 77873 
6077 7
10716 10624 66190 38434 78533 83073 411 
5163 1
54437 
1674 4
36913 72445 81003 63360 
4078 2
94252 9055 
5700 2
11197 34531 
4504 2
15549 62039 
4258 3
42171 35375 33124 
5339 2
76387 7099 
5602 1
95578 
536 5
91125 98449 25084 1714 69973 
6795 4
34316 78594 11013 33333 
1044 2
70171 57931 
3785 2
12722 1258 
6220 9
28584 22039 83685 52397 57963 89812 50562 36042 20016 
4594 4
4639 43838 17265 85418 
2175 1
318 
3076 3
88499 21598 80955 
2409 1
97409 
4411 1
68292 
5853 1
77881 
2318 1
91927 
4863 1
10566 
5062 1
47001 
6672 3
30568 67331 35379 
1050 2
85222 65325 
3630 2
49119 15925 
1208 1
66278 
2053 5
93819 39900 17681 87712 16494 
910 2
4699 60765 
6174 1
35493 
3881 1
96593 
355 1
28858 
5740 2
7966 37209 
3376 1
92107 
4335 1
75490 
6275 2
82889 91699 
3538 2
47351 53890 
4893 2
97367 94168 
6764 5
64202 30616 95798 56572 73214 
4971 6
36782 81891 69450 75400 75541 25444 
5745 5
22258 29314 41334 42620 19335 
4706 3
5496 15294 72787 
4218 2
44731 35701 
6763 4
83853 80770 56211 22347 
420 1
47433 
6356 3
19737 95193 70006 
1930 1
40763 
2189 1
16367 
2218 3
89508 50663 52124 
6442 4
44529 54875 49634 18985 
4751 3
50404 6481 12323 
5444 3
43364 43851 45959 
5360 1
91815 
5764 4
22828 39146 96780 32785 
423 3
78129 48059 97825 
6430 4
24625 19981 30044 43183 
308 2
53572 67645 
1065 1
19349 
2720 4
13806 7658 99738 94235 
4320 3
50299 19033 26456 
2237 4
43070 86485 87063 47354 
1878 3
97244 17283 18074 
5040 5
4078 46774 12226 17572 44941 
5035 3
60318 21359 98024 
6284 1
16561 
5084 1
77301 
1835 1
12860 
3469 6
41485 35922 38110 26022 3796 42763 
4235 3
92408 58402 59488 
6183 1
48442 
148 2
53544 14808 
2488 4
41290 24772 22443 52873 
1928 2
87213 12436 
2800 5
75106 12919 35362 98200 92027 
1327 4
81723 28941 14963 77520 
3 1
76695 
557 1
64901 
5964 1
93394 
147 2
70152 32694 
2767 5
67341 29631 2120 87358 41820 
5162 1
76313 
4227 1
77716 
6091 5
57105 91846 29547 62549 39795 
5693 4
79733 83194 11213 65427 
5537 2
29457 33593 
4961 1
53960 
1590 3
21805 21006 18331 
595 4
34144 88039 51656 869 
592 2
20923 63063 
2991 3
34965 23471 6470 
5318 2
24362 52963 
4979 1
63892 
4229 3
1282 19635 85023 
1544 6
44927 49097 60876 46895 37283 24354 
2023 2
99623 82771 
6267 1
2525 
3857 7
95807 73833 77265 78519 1106 96042 85528 
6293 4
7786 64956 54196 7674 
798 2
92350 47450 
2052 10
40995 42754 21605 63060 90684 90697 25244 80683 65151 20438 
1742 2
38628 47256 
6142 2
26955 27780 
691 2
90827 17439 
2945 2
93126 64751 
18 2
82988 99470 
1268 2
66477 81681 
2872 1
12269 
3252 1
42921 
547 5
33204 52385 93396 60879 13522 
3155 2
36752 96748 
1446 3
64591 39327 21676 
867 2
64 59943 
5438 5
77414 26182 26434 59467 68111 
5264 5
75330 68309 71976 43816 85952 
4890 2
36476 7455 
3672 4
30034 51745 30936 95508 
4136 2
32936 72658 
4573 1
33638 
545 3
83817 18876 92254 
5093 3
31574 60600 86256 
1265 2
18773 83176 
2929 4
7397 13061 53936 28418 
6434 1
23505 
4656 1
72418 
2029 2
89452 63860 
6061 3
35368 14420 48417 
2557 2
94947 24194 
6517 4
40642 48392 38562 22961 
848 4
89715 96627 15313 33243 
6544 1
64457 
4031 3
15954 85920 48312 
3161 1
522 
2482 3
11088 66715 63494 
6189 2
91195 69929 
5491 2
40249 73481 
539 2
95520 51345 
688 1
32995 
2343 3
69475 99285 38938 
1273 1
57425 
2294 2
29592 77632 
3546 1
64828 
6383 1
4495 
6739 4
4347 79794 33241 40274 
777 2
39741 41703 
948 1
98190 
1396 1
1249 
6168 2
93377 42166 
