231
6142 4
25480 47481 44830 77876 
1646 3
19543 56111 52408 
4347 5
47903 18744 37739 82528 73916 
5917 3
8101 3430 85401 
4193 6
43515 16594 43834 94796 21509 98610 
999 2
84845 86385 
1726 3
63993 27329 99773 
15 1
71637 
3051 3
32765 14477 40927 
6124 6
85128 15673 40036 58403 27026 68986 
4564 2
73858 8753 
3477 3
6561 7939 53859 
2392 5
89144 14255 394 84102 99871 
2866 5
85637 16672 27892 68992 87285 
316 3
28937 30731 79028 
4266 3
85291 48409 31500 
4932 3
3395 54556 30628 
3570 6
51771 67638 56748 60766 29758 87486 
3087 5
69652 52531 73626 78821 41285 
5313 5
66969 22641 62606 62901 63092 
807 2
82351 20405 
5636 4
93360 16179 38231 79895 
2720 7
47803 2499 65424 26538 62269 56421 55233 
695 3
30341 15305 61135 
4960 10
99562 34689 97223 68621 24297 81339 19870 63617 25293 28899 
3907 5
56860 74501 9715 21041 12505 
2003 2
52706 64140 
190 2
73462 73839 
4155 7
88261 28274 98518 7514 84279 67408 49713 
3783 4
4466 13334 88541 17058 
4221 4
70241 51123 47654 63196 
1721 4
9451 33305 34060 20267 
4555 6
3628 19498 43869 49794 44230 48397 
2430 5
32867 4539 18010 14456 24197 
761 2
14754 9208 
3912 6
95377 3824 99640 30747 77863 71503 
1287 4
94871 20646 44311 66144 
1859 4
9108 83025 16829 16798 
5811 2
47926 64462 
4185 3
87947 78202 5360 
3612 3
53148 50546 77984 
323 3
23287 59602 43774 
2176 4
82415 8610 61813 78062 
389 2
70998 19672 
2211 3
22485 8066 88326 
613 5
27568 7983 61358 14963 19761 
4211 3
64588 78964 4493 
477 1
9558 
1809 2
36269 82129 
1024 4
5031 83793 29163 56439 
4395 4
47860 10275 13870 853 
5502 6
97162 39728 51628 13306 15565 20059 
4512 3
61767 45162 16784 
2670 6
34379 51209 72579 81468 90812 75807 
2639 5
3838 30640 94123 69005 76455 
1431 6
48004 83464 48406 62874 85020 86718 
4721 3
54207 14406 47260 
6429 4
79860 22946 34214 3290 
2809 4
58698 71279 66557 12127 
4508 8
12081 8831 23265 12014 65653 78068 35973 27376 
3653 4
89304 49311 9631 51327 
410 6
91659 96203 39114 40686 84595 19976 
2836 3
63837 3151 5465 
84 10
46200 37024 15460 30800 74821 33560 2129 14834 77533 86889 
1281 3
84572 58158 28550 
4454 5
52638 1023 82991 55552 10893 
2572 4
1311 39069 80993 95516 
3365 6
89142 33536 64507 46723 96106 33116 
1517 2
52186 25349 
3944 7
87015 36483 47148 53258 7064 18403 8537 
673 6
16602 34440 21197 2137 27129 88980 
5001 5
23294 50332 12998 78859 41200 
1290 2
95216 54439 
4811 2
88094 5898 
1143 9
21687 30571 9594 17075 43832 61948 99891 26984 24459 
403 2
85300 86511 
804 3
25966 66822 64357 
1391 1
90567 
4093 5
8135 43348 29270 29034 35852 
143 2
49545 91765 
801 8
27205 80250 41773 3779 72897 48311 87442 86750 
299 1
77040 
5674 3
57387 92546 44118 
1964 3
97583 99497 51500 
4481 5
99133 56574 58052 69493 60149 
3650 4
94874 17875 38843 62704 
3564 3
47580 37158 70084 
6314 14
71093 94687 14812 52361 86744 44110 15801 52468 74981 93024 48022 53153 92018 88245 
2274 8
20680 63583 18866 92691 21313 75160 65011 17453 
829 3
20876 66531 22397 
1988 4
88376 65106 46669 4833 
1568 3
54693 93316 21399 
2561 3
30680 24452 86296 
178 2
73699 15753 
2737 8
20366 85472 77405 24163 13059 94128 99313 11005 
6325 3
25186 29247 25004 
4091 2
7493 79672 
2730 6
94780 32759 9105 71517 91441 28342 
1892 2
11941 12248 
5437 4
54459 40803 20765 20157 
2038 6
40318 99888 58453 75606 31810 77487 
3070 7
89043 49145 84130 20452 75838 27069 65116 
2316 5
16955 46533 65910 62973 3219 
2757 4
12664 89635 52654 78112 
6537 6
82653 58962 88403 63987 80527 58049 
116 2
27470 39034 
1488 3
61201 98233 52378 
4141 3
84675 53958 43781 
3066 2
23522 62534 
6047 5
50902 40062 18422 25857 66377 
1476 2
33381 63596 
4956 3
27619 4199 6840 
5213 2
14191 2011 
4950 5
78767 28925 34116 86663 36486 
1336 2
54205 9793 
382 2
28100 95695 
3302 3
13814 6740 24081 
1566 3
70723 22721 98007 
6527 5
41495 76283 85067 72922 12977 
1615 2
87089 71325 
4598 6
1995 66537 55690 56154 64996 8196 
1140 5
38997 46832 41202 21212 91515 
6696 9
10341 25854 57929 52339 44715 71592 85879 217 49023 
5272 2
52583 90636 
3568 4
44985 30862 98135 4585 
398 1
87352 
513 7
64778 9046 10974 75954 82790 68497 34348 
4948 4
4102 41089 54206 76114 
5713 4
7589 96839 54943 36168 
3116 4
98204 64899 91295 95206 
3849 5
56517 69420 51050 49756 42802 
2985 2
2397 66886 
2206 2
35167 23261 
2506 4
64350 73629 71205 14048 
4378 7
6151 75438 95150 72528 36790 62256 4839 
2389 5
94864 60252 22620 47220 88811 
2464 7
54695 40757 51656 39466 94727 31077 92103 
129 5
70098 60941 53628 40250 17185 
579 4
18362 88497 87622 48805 
2232 5
83592 47142 66784 48095 36319 
3406 2
74838 80630 
6196 4
863 78856 96967 90883 
6282 3
42772 44789 84523 
3293 5
23548 58843 43634 50487 51658 
6100 3
26101 15738 92057 
4760 2
61440 98462 
5127 9
65398 9168 60588 16547 63666 4722 16359 81716 27926 
4799 4
78886 26832 49862 52935 
2928 5
44466 78163 92138 76835 86581 
4088 4
75026 16136 31706 6094 
409 1
75905 
2458 2
50006 65895 
2674 7
71829 56313 12378 13174 38896 87184 34826 
3330 4
29158 535 64873 64758 
2680 5
21047 5837 45909 95947 68338 
5319 7
63320 14875 6669 88729 50860 9729 2110 
2028 1
23226 
5229 6
79970 81148 9557 30637 42664 98181 
2842 4
5965 97894 34460 28401 
6705 2
8379 2731 
5869 3
13127 37150 60386 
3983 10
39163 53738 48137 77523 57301 35092 53090 33927 54955 89259 
2738 3
10118 59873 87983 
6313 2
68627 80098 
1516 4
50580 92797 38741 28131 
4624 2
64912 87778 
4958 4
75161 11874 92008 10243 
921 4
48178 2174 10215 98932 
1930 3
42564 32422 33181 
352 3
40375 45515 11854 
632 3
5188 45164 85068 
1974 7
81001 15145 47773 11992 21562 35308 61875 
242 3
99610 1001 3242 
4757 3
70523 88507 55157 
6107 3
79704 87308 9160 
5716 2
86636 87306 
2744 5
31391 32773 32299 36255 25128 
1535 7
98883 12823 94643 67948 35238 1823 44533 
2451 4
27911 91133 20149 44598 
5246 2
45270 88747 
2715 6
32509 76009 63128 88011 97640 8077 
2717 2
40941 22448 
12 5
63058 28689 28348 72420 7542 
1821 2
3441 26872 
4824 4
54796 90676 52763 96083 
558 4
82072 11621 23495 33707 
5552 5
38637 39516 33774 36653 56763 
1166 9
95069 10234 82984 10429 26279 33874 49754 65411 8284 
1379 4
81837 80420 64839 61502 
5659 2
22978 1790 
5410 2
39638 14029 
2448 5
76750 80792 42060 50947 62124 
4579 4
48580 76081 15998 20512 
145 3
23341 70926 11330 
4220 2
40501 38995 
2606 3
98878 70100 8173 
597 5
95984 71385 60032 88038 65638 
1569 2
59949 70135 
360 6
46237 49064 26457 52434 76856 33679 
394 3
5011 3381 96580 
94 2
17971 66833 
679 2
77951 78585 
121 1
90896 
2133 7
96873 76872 74162 88938 18342 81715 87049 
2440 4
5 90217 30013 23028 
6629 5
58571 87104 25331 13535 98933 
1582 4
44090 70471 63580 12430 
2609 3
46668 9872 93891 
3608 3
33878 82066 86492 
4703 4
42059 48133 12750 70077 
240 2
60482 59065 
493 5
34506 2496 77601 27285 84853 
2074 4
892 66219 1868 51648 
6044 2
37177 670 
2792 4
18185 8047 83230 8669 
2726 4
53256 83148 10398 75996 
5491 6
60259 30246 4911 87391 69680 24484 
616 2
2728 4309 
1701 3
72304 53131 15888 
615 2
36694 32076 
305 2
41915 20629 
399 3
89077 13882 421 
355 6
49973 23457 42423 99234 30462 76331 
5815 7
97904 16294 85101 92373 9896 21418 96665 
353 10
40207 29257 51195 71488 45199 83819 39963 36681 21341 13487 
2721 5
87866 87572 17340 18400 59674 
2012 3
17054 95350 38320 
1408 5
21461 20161 12701 40636 42845 
2180 5
9513 58704 34242 85410 63864 
5078 6
92157 20399 906 59701 75828 39232 
2798 4
81884 28188 18181 43704 
