238
4787 2
90739 39697 
1645 1
10731 
3419 3
54684 59762 5224 
1338 3
1841 42115 9117 
3562 6
6626 83843 77128 60513 84633 66253 
499 3
72965 13915 95660 
2376 1
35634 
4126 4
42759 21159 84252 20593 
1791 2
43985 71331 
4656 4
38550 61975 51268 50503 
3932 12
32865 80677 3838 37171 14487 95006 17029 31458 36982 52670 69676 27508 
1144 2
70277 58498 
1616 1
86512 
4013 5
56852 37783 91301 50316 72625 
1123 2
29146 45425 
3746 2
62280 16060 
3477 1
48685 
459 3
69919 84122 94391 
759 1
68507 
1112 1
89279 
3160 2
57695 40464 
2667 1
29550 
4239 1
85925 
186 5
11542 26154 17093 66700 46247 
1070 7
75437 42483 31987 29710 9656 34964 27194 
3945 5
21902 16621 72571 57916 71482 
1591 2
14915 72233 
3303 2
57313 69505 
3092 3
84132 2756 28914 
842 4
28155 48793 28185 66323 
2390 3
24150 85058 50543 
1283 2
26569 26267 
3416 8
52426 5095 71885 16837 8064 96810 19337 78597 
491 4
27664 89236 48351 9690 
1790 2
29407 26276 
2190 5
65979 6807 20419 69925 46010 
3609 4
97717 13220 13645 39710 
2609 4
89844 30574 82931 57767 
1419 2
59951 53752 
1992 2
58148 59872 
2115 3
41470 37266 85416 
2495 1
83039 
2028 5
8316 56064 29271 48023 49911 
836 1
6194 
2947 2
46020 72693 
3942 1
71256 
3557 2
10827 22148 
2088 2
60406 45336 
3606 3
46385 40677 27489 
1919 2
64558 24246 
783 4
58770 38031 57543 23802 
3623 5
28439 8991 90789 9702 95988 
1842 3
5275 16603 79780 
3064 1
74582 
1857 1
78169 
2761 1
51852 
389 1
6238 
3807 3
99065 91826 3521 
4464 5
79258 88042 53865 74579 80528 
3986 1
54620 
3164 1
42595 
3636 1
54756 
3296 1
11011 
1394 2
22950 59123 
3542 1
25068 
3342 2
14399 46962 
4437 4
60397 71188 61649 10264 
3195 6
15288 79852 54418 90838 73885 3663 
1302 5
73387 64486 18084 82824 13004 
75 1
41282 
958 1
35462 
4364 7
64508 11361 57440 68783 55262 49081 24968 
2762 3
51807 138 15715 
30 2
84504 50425 
1118 3
54802 86498 19421 
4062 2
36302 37356 
1800 1
68412 
1641 2
21137 64445 
656 10
74981 31333 81772 86612 54017 75517 10463 20588 21579 91474 
62 2
38588 74390 
1515 5
50956 29321 41318 39440 16345 
1429 2
12183 39874 
3826 1
11841 
1362 1
56360 
953 4
91004 8855 64481 8070 
813 5
36239 67766 25643 99707 36960 
2757 5
45249 29427 40616 19668 94809 
2445 1
39027 
3398 2
19383 77822 
334 1
35329 
1832 8
23449 37841 81335 86062 26094 27098 31290 12609 
3729 6
44011 4827 13389 82821 48631 32907 
1321 3
3026 60098 73659 
1931 5
95881 3952 94746 28414 91471 
3645 1
45373 
2191 1
231 
2100 2
39885 62522 
3861 2
58243 84599 
2921 3
10959 38320 78566 
4455 6
49665 5589 20362 16306 5486 25203 
1370 4
15791 11176 32189 72436 
4132 2
87576 76840 
4149 4
93727 4510 67696 17450 
236 2
24176 54028 
3766 3
82744 99332 87985 
2881 1
70726 
4409 2
1487 66035 
441 2
4959 94702 
4447 4
34683 19852 70194 94994 
4710 2
58250 20904 
3318 3
61469 53264 48700 
438 1
87709 
234 1
76027 
2061 1
71604 
1010 3
3981 34431 93295 
1638 1
87834 
3094 1
43830 
2194 1
11022 
1823 1
43744 
2819 4
99832 76262 18692 10854 
4287 4
62297 67889 93388 89158 
3031 2
8324 46865 
3067 2
53710 38439 
3405 9
49155 13513 29225 813 99150 91886 90990 70581 95484 
2043 3
83337 43465 66757 
286 2
53298 20409 
797 6
52277 38274 14669 24132 39357 66147 
1945 1
25056 
4270 2
35952 55133 
464 1
3802 
2512 2
10500 68386 
2075 2
72360 74930 
3987 4
93011 31113 74733 24061 
2197 8
49937 57438 29358 95717 99226 24759 62227 65776 
3073 2
81948 44239 
2087 1
30158 
2746 4
46777 41398 20344 60390 
1777 2
29643 7748 
3984 3
96127 23519 26969 
3854 2
86160 57320 
4120 3
85671 18471 57639 
2823 2
90616 10357 
4406 7
85944 81475 82184 68171 60212 84844 20491 
950 3
43529 20005 18073 
2288 4
55071 55256 62617 20698 
1487 1
89033 
4182 1
63140 
1941 5
10467 51534 95443 48394 75699 
1201 3
30716 91639 73734 
1274 1
3284 
2792 1
49521 
2801 1
35544 
1685 6
3118 49228 2631 27057 24273 93624 
2828 1
29322 
2773 2
75894 72206 
3403 2
39177 71518 
3832 2
62219 84388 
458 1
15007 
713 1
36623 
3972 1
24585 
996 3
36308 43043 95935 
504 6
3614 1306 92588 40984 57491 5108 
1271 1
12544 
4393 3
73095 28884 64961 
493 3
71026 49907 43512 
481 1
24367 
2177 6
28958 64625 61318 83874 97317 12440 
4714 2
91392 5815 
1049 5
41009 65668 16624 39237 91638 
1411 3
87214 25083 52932 
1915 2
70621 53533 
4770 6
8569 27423 52001 45672 85939 40546 
2348 1
27283 
2452 2
32689 31274 
92 3
22312 65875 74349 
1183 11
90249 75747 17789 37731 51373 91413 20276 46885 11423 26047 4887 
2863 1
67039 
1193 2
83764 9405 
875 1
76260 
1496 1
64844 
3137 7
26734 81786 54965 15298 31865 25236 51866 
489 2
33605 82056 
373 3
90713 17444 96531 
1019 7
42248 53456 15514 50080 14657 99465 40576 
2448 1
86949 
402 1
27270 
2616 4
18539 70294 23943 59549 
1860 1
48723 
4222 3
67247 72146 83778 
3106 3
98748 7552 57483 
3450 2
35953 56830 
3955 6
50506 25282 72166 26249 9096 13817 
4727 7
9552 62332 14471 70740 39418 47827 40727 
966 5
13782 60625 34834 86849 48058 
2096 5
31488 15455 56716 10696 2813 
2866 5
42224 97146 57208 27207 76070 
2941 4
73318 30165 40480 58580 
307 1
20900 
395 3
92376 32115 49696 
3357 3
26992 82438 67042 
1609 1
83455 
2693 7
69748 29583 18278 28852 47306 58434 27151 
1562 3
61074 19690 97469 
1289 3
69686 19489 91367 
3941 2
58111 11915 
3103 1
2953 
3634 2
44697 11295 
2527 1
74515 
2026 2
98212 55311 
2476 6
64058 34600 82996 39039 20435 50800 
4415 4
47098 96792 86931 59815 
2865 1
8185 
3279 1
85081 
2274 3
71294 88630 49661 
416 1
72467 
3552 2
94102 74666 
4427 6
76946 61413 83600 63734 83944 16745 
1720 1
13264 
2770 1
38758 
546 4
32683 54910 52271 51445 
678 2
25532 20515 
3253 1
30474 
2260 1
68022 
1773 7
45713 67399 77456 26813 35717 46052 16196 
2502 6
56476 92858 94680 29497 28250 72354 
3517 2
90110 79811 
4704 4
33380 53663 25745 31081 
4540 7
73236 53427 24236 20368 95505 20961 34232 
3912 7
80862 14467 63061 83167 47232 49337 63864 
1991 4
26743 35860 25828 82948 
526 8
93982 20220 80165 21024 92768 84427 20833 11412 
3074 6
41772 87904 89300 45454 55873 50151 
1555 2
2207 70184 
2715 5
82854 22729 72777 22066 34253 
1824 1
31698 
1005 1
93400 
437 8
65796 98438 44156 43971 27871 69472 33572 66565 
3859 11
39660 31500 79132 17349 22754 74418 70929 12687 65828 24714 29862 
