185
3028 6
56090 87274 72095 75646 44578 64940 
7251 4
15158 37087 95926 14546 
1756 5
59012 56962 76589 87853 65156 
3943 4
23663 17832 86825 81598 
1257 6
63586 95974 94795 77860 30055 27911 
5540 6
48583 85477 31897 56859 11115 26910 
6815 3
69793 28656 23812 
595 6
4943 27832 90312 93222 88785 80384 
2125 4
7837 71293 25189 38617 
6739 5
58108 62433 71435 47511 48683 
8969 4
47478 30037 85294 98964 
3529 6
39478 36545 8281 31032 85371 71054 
2658 6
45347 48575 50010 267 41790 66988 
3594 4
38179 66503 44116 57961 
4127 3
13261 89115 52914 
5390 3
13316 18264 2358 
5170 3
7 41936 13133 
7062 3
21641 38893 54306 
2298 5
66958 60214 11953 11577 21649 
520 3
47141 22707 34503 
8852 8
96388 85661 56618 95084 69994 5397 56680 49560 
383 5
22008 80923 66562 94370 61586 
4370 4
23033 86040 24543 25804 
4772 6
59328 24337 63829 77062 36463 52139 
2230 3
9803 1533 4431 
7395 4
74285 76861 33883 12824 
817 5
42723 34863 50094 60310 34619 
8552 7
87678 59970 99799 23631 48387 25619 7519 
3856 5
17005 48222 15277 17086 80879 
3676 5
21546 23443 44854 63461 46929 
4832 4
47437 56879 46987 15963 
9178 4
92209 29339 30915 70236 
7264 5
98530 52221 32684 504 67692 
4690 5
74715 49350 87254 92639 45623 
7937 5
19302 91533 14794 54453 7690 
1106 4
26183 41518 58359 33875 
6226 4
81546 57922 41990 76539 
2 3
54501 48133 52898 
3479 2
56142 33716 
5790 10
28691 74463 91478 75195 73708 25059 97712 65097 28968 98455 
6325 5
84697 57486 6868 1777 30836 
5811 3
56303 15570 29870 
610 5
30435 56492 78406 75316 95435 
9259 3
48549 54646 30057 
7920 5
55844 51984 15575 43299 13207 
1395 3
76940 80363 13963 
9046 5
85678 27981 85782 82377 23039 
6517 3
77981 14276 54038 
5461 9
26802 25007 47264 39500 1562 72960 99838 74535 63588 
7751 3
42651 87386 50637 
2293 6
65271 94597 73824 39104 94264 66521 
1947 5
40320 68813 75694 30292 97628 
3751 8
36242 31842 50141 71066 67839 38621 9001 14956 
6168 4
4800 48505 33851 65046 
1691 6
23300 75376 77277 99979 32452 58147 
3975 5
63044 81874 99555 81434 35997 
641 2
3428 51343 
1255 2
34414 88067 
4562 4
50280 46177 30796 57800 
1116 6
93983 26596 44271 70137 64867 58749 
1146 3
35398 96953 26364 
8979 3
95658 92981 4775 
6464 4
9623 14650 80265 72352 
8686 5
34825 13390 64290 44662 6102 
5914 3
7093 38329 70533 
3271 6
9565 6531 78252 31314 71310 56366 
3064 4
97311 57414 13792 75500 
1258 3
33995 52561 13140 
4766 8
63138 9754 49734 52963 45404 32072 92781 22470 
4008 5
75567 50894 26906 61805 10547 
3712 5
63289 39208 74949 50005 78646 
3121 5
18365 8628 41471 93705 43466 
9200 9
11281 30079 75972 12404 44366 18231 93891 97263 57518 
5644 8
42113 31016 30514 57669 68343 72269 33371 56271 
446 3
98205 58602 6479 
4779 4
38692 67742 40587 18016 
7825 6
65269 10641 8952 9675 31205 24281 
251 2
96029 68449 
3400 9
76211 18053 655 69421 64749 48317 23820 81720 24162 
8629 4
26449 98179 13030 57273 
4021 4
63301 50600 89676 2968 
6045 5
78876 51482 63821 36788 84826 
703 3
31096 33534 9998 
3277 3
15212 17835 5447 
1373 4
19119 34167 98906 65747 
5602 6
80180 81113 36804 70011 91241 34835 
226 2
81738 20535 
6140 5
47811 55067 48098 75982 48118 
2595 4
93704 40262 41920 49068 
7383 4
6084 11985 20285 490 
3025 4
87160 82073 47166 46705 
277 3
407 68153 54349 
3149 3
37457 50105 79848 
663 3
63308 75062 10696 
7153 5
29674 1748 68092 80789 97549 
4634 3
73365 46961 48078 
6827 4
31932 68369 71563 79978 
252 3
4139 65684 2852 
699 4
89833 40414 70280 57156 
428 4
78869 24095 40042 17010 
7438 4
86092 40212 63651 29438 
4290 7
76956 18687 65253 61287 80443 636 70944 
4971 2
60173 42183 
1557 4
63529 80072 35528 59891 
7955 7
76834 9914 88050 75185 48288 18996 2575 
6489 3
14005 20664 93678 
6965 9
9752 15861 11191 46327 84899 8502 98173 70571 63268 
1624 6
22018 71148 55228 62721 85303 5379 
338 4
65225 89982 53637 23011 
977 5
44896 25103 14071 88763 45022 
8344 9
14809 65001 22864 7260 91413 35607 45183 23984 72805 
6327 4
12880 93843 32677 51797 
1233 2
67031 32298 
8577 4
8733 31379 71400 3865 
340 3
22242 99991 63274 
3057 3
71815 72635 12025 
8711 10
35837 66732 91017 94970 27425 77804 363 24060 60809 87285 
547 2
6851 97663 
8983 3
74666 39139 3087 
360 4
9327 22215 81837 99588 
2361 4
30474 92332 96802 33954 
2574 3
41157 7750 91564 
581 2
76162 20112 
2143 3
98253 6325 93365 
1400 4
97881 43205 81109 82578 
349 2
41088 8991 
4681 4
55007 42260 88283 83909 
51 3
25144 36286 87229 
7367 7
1370 67022 47176 40555 989 64234 73397 
2829 4
27686 6062 89559 88820 
7073 4
85885 96276 42997 17435 
4266 4
25753 25531 8381 59821 
1041 3
86751 4179 82305 
7727 5
9434 11259 85865 15901 42895 
3336 5
92518 52319 64175 93827 49040 
3961 3
88483 73285 38585 
4635 5
40198 65576 19607 24947 8426 
6678 6
52086 520 32262 41565 34027 69886 
4698 4
31487 13982 82958 14920 
3873 4
36899 60045 53409 87103 
6744 4
61546 24251 5448 90078 
6722 4
67082 50810 69277 28786 
2661 3
66441 2952 5875 
5079 4
14490 98630 84183 98952 
4610 3
90735 36194 10290 
2824 4
46722 66979 77644 65093 
6877 4
63709 2704 14565 8499 
1881 3
70508 34471 17483 
400 4
93255 67851 36683 74635 
2876 5
78731 41184 373 30376 5500 
8068 4
72913 27088 11145 69731 
7382 4
16995 53319 76734 26867 
645 3
22175 39693 86286 
8295 5
46764 80441 60700 82210 75537 
8765 5
62346 98872 15753 4300 45552 
6657 3
55849 99999 82508 
6565 4
9122 91647 83407 46001 
4043 4
46452 12334 30744 66644 
8210 5
99521 43472 8282 34687 22800 
6787 4
6186 49988 75416 10988 
7532 4
78860 69775 90505 39546 
1455 6
4056 20437 60188 2723 44783 59387 
4989 5
88306 27589 78590 60886 5240 
8363 8
72196 42227 85078 96671 93276 87978 20911 56180 
7375 6
10921 63910 34521 68641 61875 23490 
563 5
9679 15612 12685 3623 39904 
5454 6
98500 94557 19065 87573 86454 6514 
5954 3
73627 94438 54404 
3152 4
78454 56057 32706 73546 
3177 5
14158 39296 94499 32009 83191 
1345 4
35341 22709 93865 44741 
9424 7
26814 96700 82316 66343 16914 78544 85930 
3066 3
67699 87825 37897 
9152 7
52445 77712 8746 87198 15233 57317 3236 
4047 3
39757 53440 29215 
3592 6
65297 38654 29213 65228 99036 20732 
2946 6
15331 33477 74778 8239 91123 50193 
7175 8
39873 685 96893 5023 71698 63944 45276 28420 
711 4
34400 14007 33676 92534 
8347 4
49316 37239 47661 86495 
497 3
48161 9739 34550 
38 2
89764 55179 
7875 4
49377 43686 29601 75467 
8129 5
74299 19132 31371 88601 24188 
341 3
29337 18626 42046 
