322
2909 1
5384 
2478 1
38850 
2641 3
18231 34368 32337 
1485 1
61584 
1316 3
44714 5477 70894 
2548 1
50464 
1713 2
30304 32121 
1453 2
6230 15405 
1358 2
85913 85478 
3162 1
68432 
848 1
83569 
3201 1
38574 
2473 8
60227 49519 10162 25167 9514 64785 40576 77318 
1428 3
24240 99903 11895 
1051 1
26585 
2506 2
1477 72337 
3122 2
61586 1492 
3337 2
56682 99853 
1894 1
22827 
2007 4
27869 78221 42574 39100 
2783 2
34649 88917 
1546 4
93142 95746 92001 39265 
1331 2
29611 78740 
330 6
93423 28510 54610 40902 14981 81073 
3202 2
31448 26490 
2758 1
38388 
3344 2
62045 32471 
3253 6
25716 291 37240 46259 23249 33058 
1621 1
86198 
1011 1
82900 
2550 2
56400 49520 
94 1
78608 
2774 2
98552 34173 
2270 1
95583 
1633 5
72115 82213 40725 14768 87283 
1510 2
50551 26188 
2202 2
26290 605 
2350 2
77899 58727 
2415 1
16092 
3332 1
5255 
2287 1
99030 
2920 1
48903 
2716 1
17083 
1127 1
65771 
1395 3
78735 68823 56722 
56 5
64250 17038 50681 15450 30128 
639 1
1097 
1829 2
21975 16798 
2798 2
23981 41297 
150 2
47967 48998 
2139 1
61068 
2476 1
37434 
566 2
16522 45918 
2614 2
49757 49668 
2400 2
82669 56169 
26 1
21476 
2897 1
39615 
1835 5
97831 27264 43917 66971 54930 
3106 4
24277 18729 10399 35382 
1350 1
87593 
3164 1
3424 
2383 3
23428 75431 38849 
782 1
87999 
2146 1
7931 
251 8
20013 74033 69933 81204 80720 88627 51120 99554 
1689 1
43640 
1220 1
63440 
1539 4
51577 87437 86030 69781 
1440 3
14350 51178 71197 
1102 1
55077 
510 1
85894 
1216 1
60235 
1649 3
70558 29300 55448 
616 5
54971 22088 79770 58451 30602 
2900 2
76970 26744 
825 1
24012 
2469 7
31738 12664 47641 96205 40565 32844 10348 
1384 1
97666 
2211 4
16788 82018 66643 83036 
2177 3
5146 55376 95821 
2542 1
32491 
2779 1
11501 
1405 3
93860 47992 6056 
2667 1
62504 
2577 1
15962 
482 1
96797 
447 2
86281 50515 
2166 8
22232 30215 80717 62583 13387 30379 73608 36698 
2635 1
17823 
2418 1
11548 
2208 1
13539 
2952 1
9325 
2850 1
43519 
1874 1
45525 
2947 1
86825 
2218 5
99507 48100 92763 95968 21711 
1243 4
60224 58111 62001 94729 
3277 1
17376 
1566 1
68799 
3002 1
85847 
2073 2
99466 20621 
1472 1
74550 
3015 1
16762 
1912 1
93043 
2645 3
71900 8861 5644 
1801 3
42425 76730 95551 
2714 1
41892 
1238 3
43953 43184 26581 
2682 2
92874 82347 
1492 1
93067 
3306 1
2104 
1748 2
62617 22791 
3322 1
78786 
657 4
71669 27082 57304 88689 
273 1
44145 
3231 2
60635 11720 
3349 1
87464 
2672 4
35370 85765 25962 46370 
3160 1
36388 
3157 7
22949 51012 46628 14778 23689 32988 32477 
1859 1
48082 
279 1
77882 
1656 1
96478 
1963 12
68834 13635 2437 25724 60178 70357 13261 21034 30103 61771 80278 75408 
2530 4
8476 42653 31700 6645 
713 3
99714 92538 71444 
2668 2
34423 978 
807 1
69405 
2617 1
45728 
156 3
18924 91914 54556 
767 1
7215 
2113 6
16737 44728 36340 87132 51517 84575 
2944 1
43612 
1691 1
41445 
2249 3
57969 20365 69110 
2829 1
84096 
2631 1
7781 
1208 1
59834 
2120 1
35482 
1252 1
51294 
367 1
59691 
522 5
767 14831 88736 67487 70440 
2582 4
44290 13904 23718 29146 
2080 1
98412 
2509 2
83321 28194 
3186 1
28182 
1702 3
9664 16653 98681 
173 5
10271 51854 4286 4477 41785 
1272 2
56728 7451 
2105 1
21562 
2064 2
90245 17494 
371 1
71725 
2971 2
16170 20444 
1497 3
4491 39076 48674 
2789 9
37835 84995 13294 4851 82667 32297 31035 97389 71405 
1788 1
53952 
2159 3
27863 10599 27105 
3069 2
11529 39567 
2276 9
19226 40310 88394 12679 54205 75545 77669 43939 45350 
3227 3
90794 73428 76605 
1798 2
40412 93412 
1073 5
97522 89563 2953 11816 14410 
2374 2
48186 67986 
1461 3
32673 26540 84541 
2206 2
79900 934 
3335 1
21788 
1852 1
8831 
2009 2
34575 49039 
3221 2
34323 84016 
429 3
48871 39471 37741 
1765 7
24514 26352 39425 17242 44885 37368 58575 
3125 1
22136 
3148 2
63229 59504 
2880 1
78557 
3235 2
73377 62426 
1289 4
64778 243 64622 94790 
2873 1
94001 
1268 1
9974 
1866 2
19865 74423 
1793 3
25478 30425 45738 
127 1
62820 
1482 1
77983 
1774 1
95006 
2299 1
54984 
785 6
12641 93063 93570 16561 61515 71400 
2230 5
83280 61906 65743 90791 53278 
260 1
51175 
2512 1
82520 
480 1
83288 
1830 2
78489 55511 
486 1
65877 
3347 1
69870 
2361 1
18418 
783 1
9683 
3012 1
1556 
2264 3
73858 13352 22831 
2460 1
7966 
1145 1
31808 
2084 8
24801 71230 14830 30820 71458 9171 47217 32056 
2416 3
9714 75140 97908 
2906 1
17273 
3095 1
88989 
339 1
5509 
3086 1
97120 
1068 1
24176 
1664 2
72523 80295 
1722 3
38614 72029 37901 
2566 3
73097 99425 668 
2459 4
18301 16253 38588 83841 
3047 1
83796 
2731 1
66313 
1113 1
62660 
3150 1
21573 
2800 8
65133 63992 88922 71766 32153 16195 88661 89369 
2351 1
89176 
3334 1
45362 
3130 1
50760 
629 1
70053 
174 2
25137 95492 
290 11
45076 20328 2349 90939 50831 72050 11951 48328 96618 6495 89533 
308 1
78444 
2498 6
14163 98062 45782 30499 45753 84516 
2768 3
8300 90580 4586 
1667 4
48679 52040 3044 38408 
1274 9
16494 93224 62388 85274 10189 40048 78573 41853 61431 
463 2
57131 90694 
1522 1
84693 
1552 2
25524 4 
1355 1
51655 
3036 1
62971 
1360 3
69763 57885 96898 
2045 1
87088 
2353 5
21394 49979 40781 28065 45199 
1114 1
92000 
792 4
87073 54037 16702 28597 
826 1
54661 
1915 3
64037 69752 26149 
24 1
91528 
941 1
72228 
1727 2
86323 37786 
2440 6
98004 33381 80095 7350 1283 17762 
3252 2
72711 26782 
2472 1
64638 
1674 1
12394 
2237 3
58181 50921 46269 
345 4
58452 53331 20894 73440 
1110 2
91521 67247 
2982 1
23632 
2706 3
56410 52952 22496 
1612 2
88744 12869 
512 1
77933 
3091 1
28119 
2335 1
18072 
2724 1
5995 
3100 1
13821 
1193 2
31273 8675 
2185 8
63964 12076 31776 13552 83016 9881 29871 83516 
2650 4
69706 52082 99860 77963 
533 1
83734 
2133 1
81110 
3104 4
84744 18600 65197 58983 
3220 1
5079 
693 1
3260 
83 4
97789 12656 65348 6389 
3270 1
72030 
946 3
23948 85582 30932 
351 2
52876 24516 
3245 1
36882 
2131 3
5653 70112 79400 
1780 2
33831 30016 
137 1
44232 
2816 4
65977 89433 71035 76776 
3288 4
14707 87225 26828 29595 
2902 2
67518 16908 
319 6
50143 94701 40349 78986 37449 30614 
2132 12
88399 93001 65895 9073 77 74923 49022 16254 95908 25674 75157 99184 
2114 2
47861 49116 
1567 3
5390 67575 82815 
1310 1
13812 
3032 2
84251 37258 
2479 1
43220 
556 1
99902 
152 2
5507 49019 
1956 1
48343 
2723 2
86452 31586 
3343 1
4215 
2164 4
29321 64508 740 99916 
2815 1
43986 
1348 3
52442 27646 16247 
1246 1
84917 
3336 7
96842 10395 3906 71091 96612 40444 56774 
1974 5
8223 80870 16230 41553 4341 
207 1
85883 
2180 2
383 83726 
1525 1
26991 
1891 4
55609 33679 12943 26319 
1288 3
12537 51236 81733 
3327 1
41657 
2363 10
61875 91214 98438 76120 85677 22484 65478 50893 70668 13175 
1715 2
22536 77738 
1989 3
76985 37829 40313 
421 3
89791 69236 50519 
440 8
77171 30466 96586 13103 88249 57243 43674 51499 
1841 5
82063 19334 31622 88211 67803 
1053 1
78423 
1017 1
27958 
2510 1
89567 
1660 4
63176 81158 17332 81785 
2912 3
45616 56991 92970 
3101 3
67231 29717 4988 
1322 4
96947 42379 66605 44795 
3161 7
55998 42180 87672 64589 84462 92684 49497 
1197 2
56011 77349 
3033 1
65886 
3279 5
9191 41668 75959 46171 15281 
2382 1
61452 
1499 4
48818 80839 76719 32887 
2455 2
91955 14371 
3351 1
62290 
2696 1
38928 
2029 1
17352 
2965 1
6846 
