205
1030 4
14768 50518 94618 87017 
4806 5
37267 47443 41343 73328 18543 
1011 4
14395 47202 11912 7777 
2489 4
27415 20783 62987 3372 
4570 5
80515 61627 95276 33664 47025 
6018 5
97030 32109 14482 58004 76375 
6861 5
80884 22229 47845 52290 39985 
1231 4
89941 77105 81187 9337 
6839 5
47983 94151 72928 26798 62128 
3223 5
29707 51413 18368 30701 6461 
4699 5
75260 51308 98929 20325 59152 
6350 5
10665 8108 50132 2387 80509 
1675 4
57371 57088 39391 63518 
5221 5
92246 13154 7510 65214 84918 
576 4
75293 86118 49975 37188 
1884 4
9825 39676 63654 63035 
4085 5
47304 56399 70818 49666 71977 
1650 4
70363 73866 89901 67641 
6640 5
79125 20542 7130 53803 9616 
1014 4
6195 28511 54320 75137 
4774 5
55063 91905 77842 33050 13135 
5157 5
49464 69907 37115 73373 77854 
3063 5
32132 19831 12396 83131 63449 
6442 5
24333 17628 66459 18015 37064 
1249 4
75685 64518 55403 87814 
5523 5
11558 26334 89450 23016 49350 
725 4
55602 32470 33412 42193 
2746 5
21585 24695 2177 54554 36519 
286 4
32407 33369 77246 519 
5739 5
64138 36857 82272 66795 4281 
3197 5
35236 92446 15434 73699 74125 
2185 4
45637 30342 84808 61716 
436 4
12948 21218 80617 60872 
2969 5
99216 69187 96495 79923 54484 
1691 4
778 12275 20892 3510 
5084 5
54973 53613 12217 13756 46188 
2092 4
13673 66469 54316 53553 
6223 5
61723 92852 25864 16604 82382 
327 4
28315 20779 26970 39742 
2682 5
38188 2009 25435 9165 99140 
1997 4
32033 26571 9393 2085 
2820 5
62565 94573 50407 64296 62779 
1144 4
37050 47332 23596 78170 
6937 5
33572 1168 12257 35911 70495 
4718 5
89297 44150 23377 88277 99128 
5435 5
64738 77185 15629 56978 54741 
332 4
77797 65938 50893 71612 
851 4
82726 5048 8632 57765 
3686 5
37978 68526 89847 13163 2004 
283 4
56145 29167 55928 51358 
552 4
32685 27352 91500 87276 
4330 5
78865 66548 63668 23288 14039 
2519 5
76241 86674 97097 89974 63775 
1430 4
81943 62530 20058 61300 
2257 4
23882 45732 79022 9177 
3589 5
13081 39376 54890 52525 3718 
5937 5
4118 20868 69733 72595 52868 
3243 5
76276 76809 5995 91749 70713 
490 4
79907 99757 8190 67118 
4003 5
70110 73458 61915 85785 52142 
6524 5
82592 48697 84458 38527 22382 
3976 5
27040 41403 14488 18054 565 
3334 5
26228 31493 67428 35150 43055 
6782 5
52506 81094 46981 55753 56970 
1111 4
60331 60511 16297 61445 
6597 5
72432 83768 81114 56266 32585 
1313 4
19759 23186 97792 61306 
5747 5
24004 647 94931 63848 1467 
3963 5
37194 43701 29317 53794 79671 
5740 5
81322 76313 76133 95381 86998 
1716 4
31460 68136 44744 99899 
6741 5
12088 64008 78186 81522 24049 
109 4
41607 99257 32648 91351 
3603 5
67350 22741 13860 26647 79467 
2718 5
60641 44205 39269 30997 62129 
2149 4
30723 32085 71311 47182 
4850 5
57267 74526 31907 94679 42250 
2437 4
46834 25996 75939 87197 
3005 5
95565 13592 51362 59256 57751 
6822 5
52362 83743 43141 28420 36423 
4897 5
78373 35488 18885 12595 60099 
4849 5
28143 24190 1513 96474 16932 
5633 5
2686 45287 12328 39217 22850 
449 4
70272 7354 86655 17796 
6154 5
77759 42777 50328 88324 24845 
595 4
34818 93834 71560 96059 
1083 4
86330 34795 52407 60936 
604 4
45750 98904 35527 58224 
6260 5
912 69157 32352 77676 30854 
1956 4
37162 53632 17921 26840 
3577 5
66128 73077 36057 30942 95766 
3574 5
17491 44050 42827 67387 95171 
1676 4
68533 90263 41979 4273 
4392 5
48450 66914 226 53846 41915 
969 4
83483 28621 21152 90182 
171 4
28179 58785 91720 17071 
3280 5
91913 55996 26989 82796 68709 
2201 4
69679 93727 38766 11657 
3450 5
44864 54321 42275 81807 79445 
1099 4
85564 47359 53085 3491 
2569 5
39001 29898 11162 89479 87316 
1265 4
98373 78351 78592 29660 
677 4
50610 88416 83360 18785 
106 4
38943 62154 85336 33373 
3591 5
23999 63392 67263 17026 53264 
3544 5
47533 36011 61609 60071 19500 
6869 5
47040 49925 47625 7062 60785 
6236 5
50651 68356 9990 32757 18896 
1455 4
29153 93418 19673 55921 
5725 5
47991 45173 63711 7365 15457 
4719 5
68887 47984 11443 3428 31198 
1748 4
33795 21570 31884 71983 
3677 5
23068 13472 94296 53860 84790 
3628 5
53073 44572 58570 31742 20421 
5981 5
65641 50615 76101 5741 87693 
6860 5
962 21824 98400 22914 41346 
2963 5
87510 6832 79645 58435 68372 
6288 5
41519 38856 37704 12816 33245 
511 4
86950 45563 56438 69676 
3297 5
20489 81126 25789 76859 78771 
2136 4
67844 61208 18153 74406 
5364 5
99471 25387 29584 8304 63563 
3851 5
29071 93177 92113 57671 74040 
6799 5
88610 28186 95595 95903 32397 
30 4
64963 2958 98368 70569 
388 4
52830 70955 95209 42269 
6915 5
9114 84106 50531 66782 12744 
4828 5
81020 25909 9436 76097 89330 
220 4
78414 64359 9508 4607 
2000 4
61010 99827 25264 78641 
2553 5
13259 16760 20338 54724 80495 
1659 4
93017 48094 99285 25693 
483 4
95673 28819 11421 55084 
2463 4
73736 51744 45874 8055 
5730 5
77982 3243 39115 79245 78398 
4272 5
98783 34257 32229 19807 40036 
3267 5
95319 95397 19555 1636 88701 
3231 5
6908 20381 72622 82439 82074 
2028 4
6549 20244 95689 20438 
2580 5
83475 73991 48118 13851 74776 
3173 5
68597 36573 36790 96813 56554 
5910 5
88854 30352 28040 38929 83550 
1640 4
90359 74874 55441 53412 
1164 4
7456 71510 98997 50498 
4008 5
67689 88257 35342 84825 12294 
1054 4
70858 92532 36037 55 
6777 5
11008 48952 7540 87905 13426 
4595 5
67590 61763 55678 520 6248 
6687 5
97484 21597 19162 15501 93782 
6229 5
98982 58313 83 20105 57214 
1996 4
11990 64766 80287 77546 
3016 5
73173 23072 36113 25223 63288 
3285 5
13853 98517 43964 70036 55357 
818 4
62972 14607 70112 93818 
3799 5
26749 35800 92617 69062 46639 
3400 5
43282 37186 2955 4182 28180 
1584 4
57477 31507 11007 76444 
4861 5
25834 31995 25247 21270 56077 
3224 5
14629 90345 86758 62356 19683 
5262 5
31855 56769 84375 15866 77629 
5426 5
19486 51319 19462 63229 67055 
76 4
97536 20828 14431 28858 
629 4
15903 33186 58024 59501 
533 4
11881 81989 33185 85148 
4681 5
12552 33538 48741 48080 11339 
7161 5
3178 10249 47561 27731 48761 
2481 4
7650 84468 48762 80163 
5307 5
50210 93363 2725 25559 45014 
5003 5
39994 67892 30286 44672 87062 
5702 5
83897 76323 52510 20451 9969 
558 4
3057 24996 16945 9462 
2581 5
15971 79310 92350 11763 99023 
1168 4
27732 51820 29725 26925 
1955 4
82757 13895 950 96674 
5939 5
23108 97374 98851 39053 24054 
770 4
29527 85486 49283 7134 
5898 5
32839 69004 57512 1415 85188 
4378 5
37053 36462 23961 31807 45321 
1141 4
89044 20812 21485 18047 
2856 5
5526 70235 15918 60468 64467 
6474 5
37681 10844 18515 18070 43926 
5400 5
3723 94050 32006 46282 9049 
4904 5
43158 71136 60553 60002 67147 
7391 5
77536 82072 62920 91904 18293 
4606 5
23378 91173 68397 51703 70861 
5341 5
48413 42781 63015 97467 12403 
5065 5
83072 45247 80421 49233 33711 
834 4
52796 84234 74580 15574 
1026 4
53791 45938 78221 88742 
1890 4
26747 49865 13877 89302 
2273 4
89133 96038 40421 54737 
963 4
62189 53882 41152 74309 
3660 5
19682 42361 71505 12468 50914 
849 4
43216 78277 35806 18883 
746 4
24443 17943 17050 24309 
3597 5
74160 70946 33090 9431 15068 
2229 4
81221 40676 63192 11896 
4117 5
6218 65021 29181 42325 20873 
3575 5
58449 73802 47009 24345 23840 
6392 5
59187 72495 70501 84100 49490 
5250 5
958 70844 47444 65975 13431 
498 4
90893 88713 68589 50340 
5516 5
19143 54962 56720 64191 69333 
5252 5
35363 55717 95750 50856 95761 
1312 4
1207 87013 69419 14886 
