82
1370 1
67267 
1814 1
68198 
2453 2
7373 37511 
549 1
67310 
2020 1
9968 
107 2
33355 72110 
3941 1
63987 
6987 3
18899 6643 77240 
3734 2
55196 65961 
3496 3
43730 478 26543 
575 2
10466 87522 
2839 2
69814 89073 
3880 4
75065 25568 6409 75392 
3683 7
9494 25045 97908 51358 33671 48332 60328 
3837 1
15245 
3928 1
79955 
2668 1
72853 
1555 2
73368 3912 
1404 1
25771 
4745 2
93140 33400 
4509 2
95414 4708 
4911 1
98046 
4064 2
87725 28276 
4586 2
32850 89622 
5719 2
55556 82426 
3232 2
59104 56551 
3718 1
79773 
3845 2
37328 75084 
8814 4
78489 70404 84855 79823 
1689 2
87311 1598 
1908 4
84435 87872 39053 7689 
849 1
13837 
2043 2
80417 63595 
6231 1
12765 
5232 2
99435 55703 
2822 3
24357 56753 70084 
6679 2
47792 27293 
7203 3
65597 30895 7745 
1243 1
51403 
5880 3
12960 57834 28675 
2205 1
1034 
3411 2
33822 23080 
4181 2
92491 18164 
3947 1
14134 
908 1
28964 
1429 2
69556 44920 
2403 3
42245 56829 7868 
4900 1
69322 
5168 3
99370 26951 13136 
6844 2
39666 40951 
3225 3
8445 73092 76121 
2938 2
34645 86549 
5919 4
31941 32557 72885 16359 
1768 1
45537 
1701 1
21053 
813 1
30686 
901 2
4259 28393 
1845 2
57510 26028 
227 1
78545 
271 2
70579 98741 
5332 2
57839 49006 
2281 1
76824 
2871 3
85948 40798 89918 
8792 3
52976 24729 75847 
654 1
62862 
5338 2
24051 2705 
2687 6
15340 74897 28983 33769 29585 30822 
8430 3
9194 87573 31521 
4786 3
75562 48621 11023 
5657 3
86196 67808 88024 
6529 2
60766 42405 
6339 3
53630 44109 38569 
2142 2
29381 65747 
5959 1
6286 
1914 2
86420 4074 
1227 2
93315 64179 
5159 1
28975 
4423 3
25124 61953 73456 
6319 1
79439 
6042 2
74167 91913 
819 3
45269 96954 21173 
3861 1
93154 
