327
3342 2
79589 28997 
475 1
62981 
591 1
19185 
1262 1
53274 
3933 1
14422 
3718 3
1779 84480 3844 
1883 1
50859 
3091 1
4204 
1761 2
53515 41854 
3361 2
21067 19868 
518 3
87838 39245 49569 
2743 1
85726 
3703 1
80462 
700 1
45764 
3729 1
26341 
3881 2
42721 44132 
2741 2
31908 85880 
1508 4
74829 72486 37742 16535 
2689 1
91254 
1092 1
66336 
2835 1
32304 
1097 4
61913 51855 54932 86691 
576 1
14506 
2766 1
61108 
918 1
62057 
2102 3
810 70679 45365 
2366 6
44078 80603 11819 42497 33277 72443 
3700 2
59255 15014 
260 1
92969 
1338 3
54142 4838 49840 
3685 1
42198 
67 1
73813 
3768 1
30901 
2798 1
23869 
3127 3
65065 1423 69058 
3288 1
98927 
1293 1
37045 
3485 1
51309 
3946 1
68756 
3166 1
74577 
816 4
95947 87907 50411 30821 
349 1
24797 
2169 1
68068 
2202 1
45131 
1593 4
8436 46775 12325 20617 
2709 2
76170 10026 
353 2
69019 99257 
2972 2
64848 24179 
1767 1
16612 
2525 1
86875 
769 2
96319 36473 
3378 1
27066 
3172 1
95106 
4059 3
40454 29275 65199 
1548 1
26680 
2229 2
77940 31267 
3793 1
86460 
3234 1
33453 
1347 1
57862 
3709 2
11261 12489 
2984 1
68377 
1124 3
33278 52191 26398 
2993 3
10639 13202 99670 
3737 2
95040 70218 
3353 4
71725 10773 39670 70249 
2636 1
9141 
3865 2
91457 49815 
3119 1
32209 
413 3
54458 24940 51431 
1751 1
93694 
3124 1
94573 
2683 2
84876 54568 
2264 1
42586 
3993 1
74694 
653 1
67995 
1998 1
52567 
945 1
88213 
3107 2
59661 54222 
2922 1
3939 
3522 8
59526 1842 42352 52456 59539 48296 22944 10396 
1624 1
59800 
1428 1
64689 
3568 1
47076 
3070 2
11480 16550 
446 2
82654 24474 
4010 1
78642 
2687 3
33099 23340 27238 
1533 1
46407 
2268 1
27230 
3972 1
12457 
3871 2
87781 81587 
1771 1
21655 
495 1
7451 
3659 2
69394 30838 
2414 1
38727 
1555 3
83740 88096 34152 
4001 1
76711 
3981 1
40434 
1957 1
15515 
1357 2
2577 590 
454 2
83387 13465 
4083 1
62762 
219 1
52534 
3001 2
10427 13396 
2439 1
99628 
3630 1
8695 
2616 2
86757 59480 
2751 5
85227 39354 60610 49453 83945 
4073 2
66501 83512 
2451 1
87113 
2108 1
87751 
2298 5
14936 44478 29187 32795 51075 
3057 2
92260 13662 
2029 1
54646 
3962 1
14599 
2096 3
83788 49780 21798 
3918 1
43559 
3506 3
51240 49662 42714 
3171 1
5657 
320 3
60224 23141 90156 
1980 1
97358 
1702 3
91220 8447 66381 
1035 1
12861 
179 2
63765 38167 
3370 2
709 9002 
3068 3
87248 46988 3836 
1727 3
26243 88061 72290 
3436 3
29948 49214 14663 
1920 1
64008 
3914 2
63495 58637 
2977 1
95791 
2676 2
51392 92774 
3244 1
16259 
3927 1
81453 
4078 2
57245 17811 
1935 2
66905 97868 
731 2
29293 85519 
949 1
87098 
536 5
13291 22365 86324 26808 80765 
3467 7
71079 54579 24094 5534 31550 93776 49297 
588 1
93983 
2661 3
8170 37474 65193 
1814 5
59978 92654 85994 52020 83316 
3773 1
17986 
2584 1
91395 
2352 1
6184 
1226 1
49265 
2220 1
11532 
3823 5
66498 21423 78557 52487 61348 
1726 2
7924 73079 
3305 1
73236 
1622 1
33605 
3776 1
41118 
2901 2
97831 47002 
4046 2
51873 40476 
473 2
38945 28927 
1869 1
44557 
1747 1
31875 
4063 1
17009 
558 1
74371 
3427 1
59711 
1722 1
73565 
1054 2
50375 76745 
2693 5
13844 58324 90526 69986 40857 
487 1
18293 
2583 1
7126 
1843 1
32191 
2611 1
4633 
880 4
33381 56417 8579 5880 
2887 1
87185 
2524 2
93997 71024 
3585 5
60503 54667 43330 12666 74464 
1541 2
86540 81829 
2669 3
92749 46467 944 
4055 2
1192 30577 
2380 1
12891 
645 1
80249 
3363 1
45064 
3257 1
75549 
3373 1
42327 
1811 1
47861 
2948 1
22323 
875 1
55239 
3496 4
78244 70052 10798 59634 
526 1
96633 
3910 4
45364 69910 25941 88003 
3058 2
83543 48979 
2974 2
756 16290 
3062 2
27764 80026 
2940 2
53604 5647 
2601 1
21916 
2297 1
50152 
919 5
16371 46496 64599 59494 2669 
549 3
56847 17712 71202 
3969 1
16939 
3036 1
72120 
2581 1
4100 
2062 1
25584 
1932 4
32880 57530 70138 46550 
1577 1
32936 
2789 3
22658 47838 43866 
2353 2
40190 98605 
2403 1
3807 
1321 1
75826 
3442 1
94824 
2175 2
52081 1130 
1135 1
2970 
2578 1
74385 
1401 1
82447 
3108 2
4643 57270 
377 4
77659 96499 26621 8884 
1784 1
24823 
132 2
42846 92411 
1684 3
68229 24799 78259 
4034 1
84119 
625 3
49666 22598 94727 
3909 5
31837 66973 18082 42273 91577 
2885 2
11758 74761 
3336 1
10743 
2127 1
650 
1813 4
83239 71535 15035 39403 
1543 5
97352 28655 97968 65920 15703 
3452 4
6473 54410 62043 72457 
2599 1
92385 
256 2
27786 33772 
1208 2
85674 41 
2813 1
58054 
2771 1
93702 
2215 1
97046 
3610 1
31443 
1602 3
72258 34894 83092 
3531 1
48178 
2467 1
21396 
1292 1
69412 
1735 3
91923 10970 33818 
404 1
7789 
1670 1
38919 
1598 1
43123 
501 1
33425 
193 1
71778 
2135 1
47877 
3880 3
1197 39602 32226 
3583 1
18163 
1171 1
60646 
3578 1
96809 
2420 2
85657 31211 
1560 1
128 
3232 1
8963 
3652 2
21789 25715 
197 1
77515 
2612 1
6967 
1845 2
54040 19839 
629 2
10329 98878 
1859 2
98207 75165 
3256 1
67045 
1016 1
37108 
607 2
75836 54526 
3651 2
87051 44875 
3801 1
63060 
891 5
13879 19670 48354 73973 69088 
3297 1
73132 
1431 5
30072 27734 94941 58370 84868 
3138 6
89359 2894 56517 44392 92520 97024 
3671 1
3796 
3717 1
24914 
1626 1
33114 
1013 1
71097 
1391 5
36393 21848 29633 39722 90858 
3736 1
3657 
1989 4
21606 88377 60244 5904 
3934 7
36663 75915 35584 74421 70252 69330 18900 
2585 4
32222 87687 97327 63696 
2318 1
82714 
1078 2
31486 17693 
1474 3
56404 61832 72964 
63 1
94140 
3658 1
42109 
1073 2
27046 2155 
770 1
3911 
3403 6
15676 11917 55126 85520 17856 22931 
1787 1
28654 
2210 1
8778 
869 2
1604 40743 
2918 1
75674 
3824 1
57520 
137 3
86660 2762 77750 
3922 1
11511 
3642 4
3543 2335 5074 16768 
1982 1
54379 
2183 1
18517 
2758 1
69679 
3227 1
49377 
1701 3
60821 39461 28324 
94 2
23279 38323 
1382 1
45909 
1902 2
13473 17018 
1119 2
56975 6051 
3109 1
1486 
4014 3
21864 21377 93709 
4049 2
66319 74450 
2463 2
97989 72286 
37 1
9346 
1080 3
2600 52520 56663 
3844 1
78662 
3852 6
33826 2581 56699 34773 14362 55349 
2906 1
40796 
3367 1
40692 
2186 3
1142 21378 93008 
627 1
52465 
4012 1
91934 
4041 1
63787 
3035 2
32645 93724 
3386 1
59422 
2430 2
46860 70892 
2648 4
43303 97959 80430 97855 
4087 1
76386 
3858 3
13472 535 1931 
3185 2
93649 97442 
3889 1
88035 
689 2
15850 66247 
504 6
28845 6946 62481 25981 64452 57089 
3961 4
49134 37014 40617 95125 
2327 1
30947 
1944 1
1032 
69 1
52756 
1753 1
79793 
2944 1
88090 
