208
1059 4
82831 9133 1579 66105 
968 4
47399 28697 12936 34414 
1177 2
43755 416 
848 1
52326 
921 3
19573 87866 50691 
521 3
73488 82072 28024 
657 7
11376 5939 65847 92936 84107 23662 89161 
79 3
65784 41008 54639 
440 3
66485 82186 92471 
1325 3
39393 69508 63890 
1307 3
67443 8429 97109 
248 3
90310 48325 89506 
406 2
78425 24385 
709 3
13285 94095 76333 
598 5
25707 63057 44687 17053 48527 
244 1
19682 
843 1
56429 
294 2
27778 36551 
482 9
56151 31365 77127 70692 23928 55181 10396 70609 29375 
142 2
71050 36425 
1265 5
89687 1152 47235 7573 50709 
96 2
56732 12831 
834 12
31876 62408 86463 79920 22277 15165 82526 55952 43611 46494 71153 3784 
1331 5
31057 70740 82686 62940 11448 
1274 2
56766 16917 
860 1
3692 
1200 3
69041 22815 72810 
313 5
50413 70307 45215 75037 30953 
546 4
66336 28964 5800 68983 
187 4
50848 11035 91448 18656 
1157 4
42011 6148 9628 51263 
600 3
39305 76468 8449 
884 1
24164 
593 1
59667 
681 2
35354 1876 
673 1
71209 
1209 2
60454 67423 
725 5
6905 38189 11226 99433 42728 
154 1
76517 
628 5
53 54187 69639 92851 58886 
107 2
66338 17361 
1069 7
54992 1054 68471 81096 5753 5442 60027 
819 2
11740 91722 
626 5
50564 78278 95934 66794 99420 
649 3
92260 40638 35263 
1397 5
18831 560 77390 66942 57404 
606 1
34575 
1358 2
38768 87562 
881 2
69848 94861 
348 1
79440 
774 4
96294 21574 91323 33736 
1255 6
58292 64708 2510 46091 3973 33478 
771 3
51084 43914 68828 
1266 1
73970 
88 3
51050 19231 367 
1318 1
18507 
916 2
5968 87095 
171 2
95283 89131 
1248 3
6558 97258 87656 
1094 2
48230 32044 
865 2
29685 86128 
175 2
55626 53137 
533 1
21472 
511 5
25704 84663 60112 71721 12510 
12 1
27531 
698 2
9251 55081 
963 6
28253 81779 94745 67679 51286 30666 
505 8
15071 11905 10942 85093 14791 8918 21353 15058 
57 3
94 15821 75034 
15 2
13369 39091 
364 1
3216 
1368 4
57359 88424 24352 42696 
1044 2
94377 32249 
1380 3
15653 37016 96991 
41 3
33908 53190 73196 
805 3
35619 40319 69976 
65 1
29745 
653 1
92683 
800 3
98858 62999 6008 
326 2
47562 5838 
149 3
36070 25759 27203 
964 2
496 82715 
1302 8
71658 64589 12232 25000 45585 45754 93023 86778 
403 3
88340 47852 90243 
409 4
71185 3462 6260 72849 
1317 1
72154 
70 1
94510 
20 2
72135 6707 
1011 3
27883 42412 43932 
554 2
22743 13349 
304 2
62115 62432 
1030 5
62810 52404 549 75673 47021 
934 6
6454 31203 71779 87232 34681 91948 
953 2
39224 65046 
195 1
53656 
717 6
34788 43466 16438 43701 44384 74768 
370 2
90512 78154 
219 3
55501 17101 80701 
1323 2
50464 83456 
1344 6
55304 81475 31753 67832 42822 67692 
781 1
19049 
772 4
7484 48700 4263 49845 
836 5
74468 9946 37946 58520 86166 
66 1
56945 
236 2
31168 1194 
862 3
57529 22905 56116 
355 2
42873 35684 
48 1
57274 
1192 2
27525 81993 
1251 3
22391 70766 75015 
1300 1
78697 
631 2
75328 58145 
821 6
48465 97776 21714 25543 10668 96429 
151 2
20680 8409 
237 3
15461 26399 71838 
312 2
59529 58102 
806 2
66957 9420 
1042 3
47756 20632 90065 
448 5
8134 30650 2996 87282 43934 
1088 3
15973 5551 6690 
925 10
99432 98701 97202 73432 38576 94302 19154 91761 39380 68198 
279 3
65191 87861 52681 
838 5
95909 11962 64229 13356 42814 
78 8
40537 83842 83950 73355 61799 73770 74481 68096 
350 2
37639 242 
545 3
99695 61834 92348 
1165 2
29551 46865 
157 3
1544 42146 60552 
854 7
60743 8566 18340 42595 30806 84012 15883 
680 2
71245 53973 
904 5
294 45262 10952 47906 38511 
597 2
42059 32418 
172 2
28769 79820 
615 3
30556 98549 56399 
1235 3
5980 29600 14964 
524 6
95512 17687 56533 77185 40809 33833 
19 7
19552 56031 74307 67871 48241 34256 11135 
463 2
70146 45035 
1238 4
70033 96730 34502 39310 
1327 3
26819 14800 4256 
1190 5
59520 27022 39156 1320 68529 
395 2
75985 45321 
1241 3
58726 97851 89608 
55 1
83910 
889 5
62202 3984 97917 25136 7549 
970 7
86416 94884 87102 53775 16217 6409 78257 
632 2
21193 34886 
980 4
92691 79844 53389 32568 
856 2
7579 58914 
1282 1
24282 
238 1
30080 
585 3
9332 40397 8167 
810 3
42483 93677 70455 
802 2
4079 48641 
1036 7
71001 54146 61565 82175 87806 4038 23653 
826 3
17253 18977 20737 
186 1
79826 
634 2
18849 68723 
703 1
60983 
1210 2
16228 19834 
833 2
83999 77692 
520 2
30265 41574 
200 5
110 81323 113 70364 5582 
98 3
57328 37125 35027 
1328 10
36978 68946 98698 87145 18991 46478 58331 74728 89719 30345 
1053 6
90323 30119 61598 54127 54864 80696 
1056 6
51117 66305 79670 2022 93678 22439 
785 2
50087 20978 
986 4
98933 66946 5780 92836 
428 5
44635 78407 910 50854 64311 
1003 11
50720 33031 3057 21780 15091 18440 32104 21927 6377 26126 21678 
503 3
88764 16897 93353 
608 2
66328 97832 
1095 4
53330 54000 58541 37044 
199 9
16746 37493 71294 38851 88434 73625 94509 7013 99650 
981 10
37908 51100 92987 87713 67391 53697 16845 26843 80254 15600 
583 3
29316 10497 20018 
1308 1
43006 
385 7
97809 95402 87402 54278 50088 99788 6799 
783 1
48221 
1287 1
93983 
1081 4
98735 78900 25835 69497 
592 2
36134 45726 
828 1
53583 
437 4
24904 14735 63442 16677 
280 1
64391 
391 4
39038 10464 96564 50071 
68 1
46431 
208 2
57814 81709 
739 3
23407 53779 29862 
138 1
24956 
283 3
44069 1877 52068 
761 7
29956 87891 83740 2393 47323 66117 40175 
857 4
21425 39308 42884 10691 
957 1
54608 
532 1
17697 
371 4
4220 9309 20104 3878 
1259 4
33030 39718 87132 47552 
1049 3
3076 7497 66391 
996 3
54843 51954 10339 
564 2
38130 75687 
1339 6
41877 14458 96609 2150 74888 73337 
871 6
6613 35008 86471 69387 11250 51919 
909 3
74653 50546 10212 
333 1
83068 
691 2
59661 19121 
754 4
19296 69257 8012 60219 
1377 3
77796 25599 42289 
