85
359 7
35728 28468 52067 91910 43265 97698 62938 
5120 10
25360 92157 98020 15236 94423 42292 58399 41067 39268 87053 
4836 11
3116 19362 87725 85639 26435 20823 74219 72401 33029 87327 47250 
2785 6
69055 49194 93827 10231 97654 16970 
2921 6
24886 84605 48658 99995 78715 76184 
3632 5
61837 76357 93193 94956 56332 
1914 10
82132 29328 77676 58538 58119 41441 65678 38457 61531 11814 
2119 5
37479 37081 18152 60843 4962 
4284 8
35797 45322 18794 23811 24315 22506 4087 5021 
3141 5
41300 21855 64127 63191 83852 
3686 8
12344 15335 15768 24856 19115 8287 75377 31126 
463 11
81260 7557 14897 81179 32841 36358 83916 77978 85888 92067 28746 
2600 9
14735 37813 5004 7035 29427 98060 90960 35137 34558 
214 5
65436 56475 27064 33655 8487 
2923 8
37405 41831 46649 13237 31550 2440 76738 74706 
1456 5
65992 13154 49224 27786 35189 
2709 11
29037 44675 36942 20487 43961 72707 64224 75582 26629 564 18389 
4193 6
97620 42878 54186 89346 75661 16946 
2127 9
38285 26954 614 38304 61917 85721 95327 19661 75163 
4018 7
70155 50069 68286 91353 30973 73127 85239 
3532 7
68256 25443 4863 79287 33002 20718 86649 
3758 8
77982 96162 32325 58930 38850 96107 46661 55622 
2303 6
7139 71784 23319 35877 53031 41809 
3700 5
51037 68618 68008 5727 43135 
1507 12
65085 25337 86301 99198 95766 65689 2194 39415 35408 63331 30736 50141 
2826 8
32772 26865 67952 31648 91908 17510 50337 92479 
3828 6
31305 55574 68902 94841 49901 79456 
3247 7
35695 31939 22070 58783 6293 82340 47611 
3162 7
40866 59881 65146 32025 96695 88849 55057 
3099 8
45795 73213 5916 25211 68683 41186 13804 94153 
517 5
99984 76786 17949 45502 35 
646 7
70412 86698 65268 3954 41226 39666 60100 
2512 7
29653 99026 16272 37668 67965 24277 17065 
692 8
13292 65030 95681 36964 78896 1283 88591 90584 
828 9
6520 86326 93526 27363 35987 63096 52886 75466 57958 
1646 15
85607 40184 17428 27870 54771 9794 11970 65720 97405 52093 4566 20357 94481 28577 62778 
709 5
16091 56394 9984 98613 56240 
2168 5
14107 63562 74365 35991 98019 
312 7
81968 88082 71598 27439 53171 47732 42577 
393 10
30287 95105 81272 32539 95116 92862 71568 28558 52347 49735 
2589 5
92568 8806 76213 97607 31497 
3472 7
59742 98890 28489 5799 48644 91563 35132 
3483 7
80027 33257 34506 5973 4819 30002 77315 
274 6
11965 80288 63068 88253 72557 63606 
2442 10
64037 63294 46980 79947 81434 71480 60382 26395 37043 46024 
36 7
35171 38503 13305 84923 68769 72420 60804 
1197 7
87147 77622 551 51369 41329 99956 97616 
4828 16
31077 21610 40859 88156 5469 85951 2173 40677 85666 61323 48715 22899 52354 40480 89685 55967 
3715 7
44216 43659 17587 36747 38731 54492 97029 
3879 8
9699 91051 77876 27010 75504 93166 45849 16343 
5196 9
71599 95037 427 93681 54971 20181 30691 53735 81733 
3380 6
32538 35805 87900 99758 99849 277 
4194 7
18434 70374 92405 26833 79984 97479 22169 
1961 8
37974 37899 66806 65043 72442 32314 67334 53317 
2488 9
33276 90481 71693 21884 43146 15874 50132 37461 19530 
4003 5
95172 6829 22730 15913 13161 
88 9
88496 9624 46035 35114 89445 131 21234 96805 47132 
4070 10
10159 8595 4936 74094 48907 34230 18406 54384 69999 78502 
4582 9
49205 11488 27238 8989 84320 88507 19759 41426 34361 
621 9
9378 62624 46222 90344 35914 55395 87107 65738 62647 
1295 7
63600 29973 62579 49843 25532 61940 61981 
3859 5
25014 10568 92859 67805 66239 
4456 7
55120 72659 10480 31229 82034 95330 71912 
2887 7
97399 63909 7293 64684 44390 9322 86955 
1937 5
37648 44925 86827 39854 85490 
2803 6
1085 40313 25914 45113 32655 9803 
3307 5
38539 94477 87610 6061 16017 
705 8
20062 90748 59030 15855 8156 52375 30026 42438 
1372 7
76740 51256 12902 43594 61121 34748 53710 
1608 7
58325 75625 95251 91722 26610 85960 22584 
2305 8
24205 93016 32493 37951 45591 23219 55192 2551 
3419 5
9193 7418 74563 87943 53903 
1533 8
58410 26463 7995 61786 23150 83155 31877 40877 
1235 7
56198 51832 36730 11763 79656 33316 36003 
1665 5
57835 31192 68729 99922 50003 
971 7
34792 84495 98663 34734 84236 1812 69386 
1532 6
76667 89658 75036 80893 28923 44877 
3070 6
16461 21535 95389 16695 77878 69724 
248 5
34971 82669 87080 84895 93447 
95 5
91811 13520 7591 24243 36024 
3678 9
6343 16093 84730 38077 76618 68377 76803 24567 32699 
904 5
56124 11389 14530 77914 57771 
249 7
27367 49314 92888 81160 8737 87358 12643 
1515 5
52942 48410 326 12725 30582 
389 8
73153 15309 34045 88919 63235 91126 32846 34810 
