89
1400 2
44725 75086 
7039 2
83624 28699 
4711 1
82272 
6697 2
60030 74928 
527 1
17617 
2407 1
12073 
876 1
84401 
4670 1
76759 
4446 1
75597 
5848 1
80986 
3896 1
20489 
5590 1
30485 
2964 1
35130 
2216 1
6847 
715 1
54669 
1145 3
17316 59855 18446 
640 1
6053 
6500 1
28042 
5652 1
12988 
6464 2
46640 15217 
6867 2
59758 6809 
7062 2
30517 25593 
3310 2
57306 34310 
5212 1
48480 
5655 1
69091 
6602 1
11596 
1466 3
41056 33964 4257 
7315 1
16366 
5001 2
40920 17637 
4152 2
3566 56616 
7701 2
32708 12635 
4991 1
46184 
3973 1
28793 
6678 1
19919 
2726 3
63834 25875 21606 
8393 4
29054 30443 33467 11841 
5535 2
51383 20698 
6301 1
83871 
6457 1
73787 
1248 1
17796 
1768 1
37653 
4980 1
24898 
2858 1
81870 
2231 2
12729 33335 
3530 2
29625 76103 
5674 3
81951 67980 53952 
6196 2
29168 11056 
4497 1
84005 
4677 1
58772 
499 1
59684 
3171 1
46492 
4193 1
48680 
5189 2
13197 30342 
6992 1
50954 
7731 2
32311 75675 
7012 2
78665 62536 
433 1
63904 
3682 2
66325 34726 
7014 2
80599 26147 
7845 1
16252 
150 1
54792 
5522 1
6956 
3435 1
82113 
3534 1
5887 
1584 1
39879 
5417 2
21688 5867 
526 1
5318 
6856 1
67965 
3907 1
30061 
5555 1
68230 
2965 1
9572 
3336 1
1792 
2249 1
55771 
6791 2
25187 32018 
5944 1
65313 
5999 2
47486 27261 
5864 3
18377 48572 2046 
6590 1
80543 
2445 2
8248 11545 
4938 1
86701 
3592 1
83549 
7107 2
26602 86972 
1946 3
58101 25117 30326 
3552 1
28217 
582 1
71265 
3600 1
56300 
3063 1
43943 
2046 1
65173 
6059 1
42153 
