50
170 1
25051 
121 1
22980 
89 2
11202 17786 
91 1
32693 
203 3
33460 41615 16613 
110 1
41739 
176 3
32502 10569 9592 
44 1
33277 
53 2
36207 4690 
94 2
19368 26927 
60 2
12084 20303 
100 2
41971 293 
99 1
10842 
125 3
10269 5626 26504 
188 3
8491 16699 30799 
134 1
113 
237 1
20735 
156 1
23905 
231 2
10698 23220 
38 2
34610 35945 
165 1
23213 
71 1
32854 
169 1
3169 
163 2
38077 389 
111 1
33509 
127 1
20580 
157 3
17482 26441 36217 
51 3
30471 10701 24288 
90 2
2959 10594 
171 1
34690 
202 1
31000 
211 2
38884 1810 
62 1
27938 
218 1
530 
227 1
22388 
228 1
36198 
209 2
8441 10602 
198 3
8406 10943 23750 
142 1
10900 
63 1
27000 
81 2
13495 30450 
129 2
20006 38906 
70 2
10767 17612 
107 1
31374 
122 1
4474 
154 2
22855 853 
12 2
40261 15264 
58 1
9333 
192 1
12604 
150 3
5970 28567 17016 
